
Clover Version    1.000
       MPI Version
   Task Count    384


Clover Version    1.000
       MPI Version
   Task Count    384

 Output file clover.out opened. All output will go there.
 Step       1 time   0.0000000 control    sound    timestep   1.93E-04       1,       1 x  1.63E-04 y  1.63E-04
 Wall clock    1.4719040393829346     
 Average time per cell    1.5596856428601313E-009
 Step time per cell       1.5596856428601313E-009
 Step       2 time   0.0001926 control    sound    timestep   1.18E-04       1,       1 x  1.63E-04 y  1.63E-04
 Wall clock    3.0415320396423340     
 Average time per cell    1.6114616604075613E-009
 Step time per cell       1.6631159067199203E-009
 Step       3 time   0.0003101 control    sound    timestep   1.49E-04       1,       1 x  1.63E-04 y  1.63E-04
 Wall clock    4.3655869960784912     
 Average time per cell    1.5419808126656182E-009
 Step time per cell       1.4028910300112328E-009
 Step       4 time   0.0004595 control    sound    timestep   1.57E-04       1,       1 x  1.63E-04 y  1.63E-04
 Wall clock    5.7762448787689209     
 Average time per cell    1.5301823294875147E-009
 Step time per cell       1.4946481820111835E-009
 Step       5 time   0.0006169 control    sound    timestep   1.73E-04       1,       1 x  1.63E-04 y  1.63E-04
 Wall clock    7.2074539661407471     
 Average time per cell    1.5274586075975094E-009
 Step time per cell       1.5164333591302340E-009
 Step       6 time   0.0007900 control    sound    timestep   1.73E-04       1,       1 x  1.63E-04 y  1.63E-04
 Wall clock    8.6134750843048096     
 Average time per cell    1.5211944375753067E-009
 Step time per cell       1.4897571216149825E-009
 Step       7 time   0.0009628 control    sound    timestep   1.76E-04       1,       1 x  1.63E-04 y  1.63E-04
 Wall clock    9.9481759071350098     
 Average time per cell    1.5059237869406519E-009
 Step time per cell       1.4142195444340662E-009
 Step       8 time   0.0011389 control    sound    timestep   1.85E-04       1,       1 x  1.63E-04 y  1.63E-04
 Wall clock    11.350122928619385     
 Average time per cell    1.5033778784830551E-009
 Step time per cell       1.4854165581507712E-009
 Step       9 time   0.0013241 control    sound    timestep   1.83E-04       1,       1 x  1.63E-04 y  1.63E-04
 Wall clock    12.737684011459351     
 Average time per cell    1.4997039620033725E-009
 Step time per cell       1.4701971748662698E-009
 Step      10 time   0.0015073 control    sound    timestep   1.82E-04       1,       1 x  1.63E-04 y  1.63E-04
 Wall clock    14.237109899520874     
 Average time per cell    1.5086184501140248E-009
 Step time per cell       1.5887343983599243E-009
 Step      11 time   0.0016892 control    sound    timestep   1.81E-04       1,       1 x  1.63E-04 y  1.63E-04
 Wall clock    15.575499057769775     
 Average time per cell    1.5003993350105839E-009
 Step time per cell       1.4181836781467103E-009
 Step      12 time   0.0018698 control    sound    timestep   1.80E-04       1,       1 x  1.63E-04 y  1.63E-04
 Wall clock    16.988125085830688     
 Average time per cell    1.5001054239123564E-009
 Step time per cell       1.4967612413683026E-009
 Step      13 time   0.0020497 control    sound    timestep   1.80E-04       1,       1 x  1.63E-04 y  1.63E-04
 Wall clock    18.335036993026733     
 Average time per cell    1.4945003308212030E-009
 Step time per cell       1.4271237584277211E-009
 Step      14 time   0.0022300 control    sound    timestep   1.81E-04       1,       1 x  1.63E-04 y  1.63E-04
 Wall clock    19.787733078002930     
 Average time per cell    1.4977026044756972E-009
 Step time per cell       1.5392124118483883E-009
 Step      15 time   0.0024111 control    sound    timestep   1.81E-04       1,       1 x  1.63E-04 y  1.63E-04
 Wall clock    21.126628875732422     
 Average time per cell    1.4924387667431599E-009
 Step time per cell       1.4186083616449550E-009
 Step      16 time   0.0025924 control    sound    timestep   1.81E-04       1,       1 x  1.63E-04 y  1.63E-04
 Wall clock    22.601330041885376     
 Average time per cell    1.4968269428866026E-009
 Step time per cell       1.5625318560018463E-009
 Step      17 time   0.0027738 control    sound    timestep   1.81E-04       1,       1 x  1.63E-04 y  1.63E-04
 Wall clock    23.973339080810547     
 Average time per cell    1.4942978928017801E-009
 Step time per cell       1.4537547738453011E-009
 Step      18 time   0.0029553 control    sound    timestep   1.82E-04       1,       1 x  1.63E-04 y  1.63E-04
 Wall clock    25.370967864990234     
 Average time per cell    1.4935580515561418E-009
 Step time per cell       1.4808622634316433E-009
 Step      19 time   0.0031369 control    sound    timestep   1.82E-04       1,       1 x  1.63E-04 y  1.63E-04
 Wall clock    26.755825996398926     
 Average time per cell    1.4921838635672701E-009
 Step time per cell       1.4673317612808508E-009
 Step      20 time   0.0033184 control    sound    timestep   1.82E-04       1,       1 x  1.63E-04 y  1.63E-04
 Wall clock    28.236605882644653     
 Average time per cell    1.4960292118202133E-009
 Step time per cell       1.5689607203562951E-009
 Step      21 time   0.0035000 control    sound    timestep   1.82E-04       1,       1 x  1.63E-04 y  1.63E-04
 Wall clock    29.590801954269409     
 Average time per cell    1.4931210489762226E-009
 Step time per cell       1.4349302546179388E-009
 Step      22 time   0.0036817 control    sound    timestep   1.82E-04       1,       1 x  1.63E-04 y  1.63E-04
 Wall clock    30.979304075241089     
 Average time per cell    1.4921296281160051E-009
 Step time per cell       1.4711973664008029E-009
 Step      23 time   0.0038634 control    sound    timestep   1.82E-04       1,       1 x  1.63E-04 y  1.63E-04
 Wall clock    32.411190032958984     
 Average time per cell    1.4932231641833441E-009
 Step time per cell       1.5171644918154926E-009
 Step      24 time   0.0040452 control    sound    timestep   1.82E-04       1,       1 x  1.63E-04 y  1.63E-04
 Wall clock    33.755820035934448     
 Average time per cell    1.4903730832176937E-009
 Step time per cell       1.4246994497726619E-009
 Step      25 time   0.0042270 control    sound    timestep   1.82E-04       1,       1 x  1.63E-04 y  1.63E-04
 Wall clock    35.153542041778564     
 Average time per cell    1.4900013411534018E-009
 Step time per cell       1.4809514444399004E-009
 Step      26 time   0.0044089 control    sound    timestep   1.82E-04       1,       1 x  1.63E-04 y  1.63E-04
 Wall clock    36.527877092361450     
 Average time per cell    1.4887050519585182E-009
 Step time per cell       1.4561697349159255E-009
 Step      27 time   0.0045908 control    sound    timestep   1.82E-04       1,       1 x  1.63E-04 y  1.63E-04
 Wall clock    37.956192970275879     
 Average time per cell    1.4896233079963604E-009
 Step time per cell       1.5133731620961852E-009
 Step      28 time   0.0047727 control    sound    timestep   1.82E-04       1,       1 x  1.63E-04 y  1.63E-04
 Wall clock    39.370521068572998     
 Average time per cell    1.4899466177233817E-009
 Step time per cell       1.4985625461526473E-009
 Step      29 time   0.0049547 control    sound    timestep   1.82E-04       1,       1 x  1.63E-04 y  1.63E-04
 Wall clock    40.713150978088379     
 Average time per cell    1.4876278324817197E-009
 Step time per cell       1.4226043276721612E-009
 Step      30 time   0.0051367 control    sound    timestep   1.82E-04       1,       1 x  1.63E-04 y  1.63E-04
 Wall clock    42.223846912384033     
 Average time per cell    1.4913999385262960E-009
 Step time per cell       1.6006722742329454E-009
 Step      31 time   0.0053187 control    sound    timestep   1.82E-04       1,       1 x  1.63E-04 y  1.63E-04
 Wall clock    43.557084083557129     
 Average time per cell    1.4888628096070215E-009
 Step time per cell       1.4127254467489870E-009
 Step      32 time   0.0055007 control    sound    timestep   1.82E-04       1,       1 x  1.63E-04 y  1.63E-04
 Wall clock    44.987429857254028     
 Average time per cell    1.4896998755552381E-009
 Step time per cell       1.5155397805857421E-009
 Step      33 time   0.0056827 control    sound    timestep   1.82E-04       1,       1 x  1.63E-04 y  1.63E-04
 Wall clock    46.345845937728882     
 Average time per cell    1.4881765300650832E-009
 Step time per cell       1.4393423144712062E-009
 Step      34 time   0.0058648 control    sound    timestep   1.82E-04       1,       1 x  1.63E-04 y  1.63E-04
 Wall clock    47.730501890182495     
 Average time per cell    1.4875605804525169E-009
 Step time per cell       1.4671084298040822E-009
 Step      35 time   0.0060468 control    sound    timestep   1.82E-04       1,       1 x  1.63E-04 y  1.63E-04
 Wall clock    49.159652948379517     
 Average time per cell    1.4883269339782327E-009
 Step time per cell       1.5142725513012717E-009
 Step      36 time   0.0062289 control    sound    timestep   1.82E-04       1,       1 x  1.63E-04 y  1.63E-04
 Wall clock    50.504009008407593     
 Average time per cell    1.4865548230514876E-009
 Step time per cell       1.4244407490574911E-009
 Step      37 time   0.0064110 control    sound    timestep   1.82E-04       1,       1 x  1.63E-04 y  1.63E-04
 Wall clock    51.926666975021362     
 Average time per cell    1.4871209798996545E-009
 Step time per cell       1.5073904554204395E-009
 Step      38 time   0.0065932 control    sound    timestep   1.82E-04       1,       1 x  1.63E-04 y  1.63E-04
 Wall clock    53.338459968566895     
 Average time per cell    1.4873543669206188E-009
 Step time per cell       1.4958699365605651E-009
 Step      39 time   0.0067754 control    sound    timestep   1.82E-04       1,       1 x  1.63E-04 y  1.63E-04
 Wall clock    54.734452009201050     
 Average time per cell    1.4871464701921797E-009
 Step time per cell       1.4791392762466179E-009
 Step      40 time   0.0069576 control    sound    timestep   1.82E-04       1,       1 x  1.63E-04 y  1.63E-04
 Wall clock    56.275089979171753     
 Average time per cell    1.4907807768496341E-009
 Step time per cell       1.6323936809688651E-009
 Step      41 time   0.0071398 control    sound    timestep   1.82E-04       1,       1 x  1.63E-04 y  1.63E-04
 Wall clock    57.570044994354248     
 Average time per cell    1.4878881654598331E-009
 Step time per cell       1.3721528881028967E-009
 Step      42 time   0.0073220 control    sound    timestep   1.82E-04       1,       1 x  1.63E-04 y  1.63E-04
 Wall clock    59.026978015899658     
 Average time per cell    1.4892199182232766E-009
 Step time per cell       1.5437106210609070E-009
 Step      43 time   0.0075043 control    sound    timestep   1.82E-04       1,       1 x  1.63E-04 y  1.63E-04
 Wall clock    60.388025999069214     
 Average time per cell    1.4881268582373432E-009
 Step time per cell       1.4421145048496934E-009
 Step      44 time   0.0076865 control    sound    timestep   1.82E-04       1,       1 x  1.63E-04 y  1.63E-04
 Wall clock    61.778786897659302     
 Average time per cell    1.4877990495715311E-009
 Step time per cell       1.4735817583439509E-009
 Step      45 time   0.0078687 control    sound    timestep   1.82E-04       1,       1 x  1.63E-04 y  1.63E-04
 Wall clock    63.158684015274048     
 Average time per cell    1.4872299951453043E-009
 Step time per cell       1.4620695765188430E-009
 Step      46 time   0.0080510 control    sound    timestep   1.82E-04       1,       1 x  1.63E-04 y  1.63E-04
 Wall clock    64.557307958602905     
 Average time per cell    1.4871170660977872E-009
 Step time per cell       1.4819124771747739E-009
 Step      47 time   0.0082333 control    sound    timestep   1.82E-04       1,       1 x  1.63E-04 y  1.63E-04
 Wall clock    65.952966928482056     
 Average time per cell    1.4869420957561262E-009
 Step time per cell       1.4787853312251778E-009
 Step      48 time   0.0084156 control    sound    timestep   1.82E-04       1,       1 x  1.63E-04 y  1.63E-04
 Wall clock    67.336432933807373     
 Average time per cell    1.4865052464672233E-009
 Step time per cell       1.4658694959103337E-009
 Step      49 time   0.0085979 control    sound    timestep   1.82E-04       1,       1 x  1.63E-04 y  1.63E-04
 Wall clock    68.713432073593140     
 Average time per cell    1.4859463800614792E-009
 Step time per cell       1.4590073583854569E-009
 Step      50 time   0.0087802 control    sound    timestep   1.82E-04       1,       1 x  1.63E-04 y  1.63E-04
 Wall clock    70.182262897491455     
 Average time per cell    1.4873560353913085E-009
 Step time per cell       1.5563093964172165E-009
 Step      51 time   0.0089626 control    sound    timestep   1.82E-04       1,       1 x  1.63E-04 y  1.63E-04
 Wall clock    71.531924962997437     
 Average time per cell    1.4862344148215631E-009
 Step time per cell       1.4301255962184060E-009
 Step      52 time   0.0091450 control    sound    timestep   1.82E-04       1,       1 x  1.63E-04 y  1.63E-04
 Wall clock    72.911726951599121     
 Average time per cell    1.4857701144992616E-009
 Step time per cell       1.4619710479261509E-009
 Step      53 time   0.0093274 control    sound    timestep   1.82E-04       1,       1 x  1.63E-04 y  1.63E-04
 Wall clock    74.283722877502441     
 Average time per cell    1.4851672669877035E-009
 Step time per cell       1.4536931303155142E-009
 Step      54 time   0.0095098 control    sound    timestep   1.82E-04       1,       1 x  1.63E-04 y  1.63E-04
 Wall clock    75.683467864990234     
 Average time per cell    1.4851312650082089E-009
 Step time per cell       1.4831140207307826E-009
 Step      55 time   0.0096922 control    sound    timestep   1.82E-04       1,       1 x  1.63E-04 y  1.63E-04
 Wall clock    77.101990938186646     
 Average time per cell    1.4854583535663845E-009
 Step time per cell       1.5030034066714709E-009
 Step      56 time   0.0098746 control    sound    timestep   1.82E-04       1,       1 x  1.63E-04 y  1.63E-04
 Wall clock    78.483675956726074     
 Average time per cell    1.4850767066881027E-009
 Step time per cell       1.4640088213329566E-009
 Step      57 time   0.0100570 control    sound    timestep   1.82E-04       1,       1 x  1.63E-04 y  1.63E-04
 Wall clock    79.881531953811646     
 Average time per cell    1.4850090717258350E-009
 Step time per cell       1.4811346065673408E-009
 Step      58 time   0.0102395 control    sound    timestep   1.82E-04       1,       1 x  1.63E-04 y  1.63E-04
 Wall clock    81.258284091949463     
 Average time per cell    1.4845582094585203E-009
 Step time per cell       1.4587286993143303E-009
 Step      59 time   0.0104219 control    sound    timestep   1.82E-04       1,       1 x  1.63E-04 y  1.63E-04
 Wall clock    82.621212959289551     
 Average time per cell    1.4838743651526490E-009
 Step time per cell       1.4440929084634668E-009
 Step      60 time   0.0106044 control    sound    timestep   1.82E-04       1,       1 x  1.63E-04 y  1.63E-04
 Wall clock    84.120511054992676     
 Average time per cell    1.4856216828910100E-009
 Step time per cell       1.5885989847043270E-009
 Step      61 time   0.0107868 control    sound    timestep   1.82E-04       1,       1 x  1.63E-04 y  1.63E-04
 Wall clock    85.481889009475708     
 Average time per cell    1.4849158846307228E-009
 Step time per cell       1.4425437358214469E-009
 Step      62 time   0.0109693 control    sound    timestep   1.82E-04       1,       1 x  1.63E-04 y  1.63E-04
 Wall clock    86.865042924880981     
 Average time per cell    1.4846050256449002E-009
 Step time per cell       1.4655314670461748E-009
 Step      63 time   0.0111518 control    sound    timestep   1.83E-04       1,       1 x  1.63E-04 y  1.63E-04
 Wall clock    88.215667009353638     
 Average time per cell    1.4837568947348625E-009
 Step time per cell       1.4310444385046140E-009
 Step      64 time   0.0113343 control    sound    timestep   1.83E-04       1,       1 x  1.63E-04 y  1.63E-04
 Wall clock    89.595562934875488     
 Average time per cell    1.4834199172734467E-009
 Step time per cell       1.4620642711330826E-009
 Step      65 time   0.0115168 control    sound    timestep   1.83E-04       1,       1 x  1.63E-04 y  1.63E-04
 Wall clock    91.090003967285156     
 Average time per cell    1.4849606370075773E-009
 Step time per cell       1.5834499815052066E-009
 Step      66 time   0.0116994 control    sound    timestep   1.83E-04       1,       1 x  1.63E-04 y  1.63E-04
 Wall clock    92.712374925613403     
 Average time per cell    1.4885085989829010E-009
 Step time per cell       1.7190063772432041E-009
 Step      67 time   0.0118819 control    sound    timestep   1.83E-04       1,       1 x  1.63E-04 y  1.63E-04
 Wall clock    94.120923042297363     
 Average time per cell    1.4885689376764213E-009
 Step time per cell       1.4924262359272689E-009
 Step      68 time   0.0120645 control    sound    timestep   1.83E-04       1,       1 x  1.63E-04 y  1.63E-04
 Wall clock    95.463739871978760     
 Average time per cell    1.4876032167319186E-009
 Step time per cell       1.4227877424370187E-009
 Step      69 time   0.0122471 control    sound    timestep   1.83E-04       1,       1 x  1.63E-04 y  1.63E-04
 Wall clock    96.891915082931519     
 Average time per cell    1.4879763427054289E-009
 Step time per cell       1.5132395169025080E-009
 Step      70 time   0.0124297 control    sound    timestep   1.83E-04       1,       1 x  1.63E-04 y  1.63E-04
 Wall clock    98.350657939910889     
 Average time per cell    1.4888015314118958E-009
 Step time per cell       1.5456294022442307E-009
 Step      71 time   0.0126123 control    sound    timestep   1.83E-04       1,       1 x  1.63E-04 y  1.63E-04
 Wall clock    99.696835994720459     
 Average time per cell    1.4879235041491558E-009
 Step time per cell       1.4264350688285452E-009
 Step      72 time   0.0127949 control    sound    timestep   1.83E-04       1,       1 x  1.63E-04 y  1.63E-04
 Wall clock    101.10409593582153     
 Average time per cell    1.4879688206399155E-009
 Step time per cell       1.4910486040915001E-009
 Step      73 time   0.0129775 control    sound    timestep   1.83E-04       1,       1 x  1.63E-04 y  1.63E-04
 Wall clock    102.51741695404053     
 Average time per cell    1.4881008756983120E-009
 Step time per cell       1.4974805000949548E-009
 Step      74 time   0.0131601 control    sound    timestep   1.83E-04       1,       1 x  1.63E-04 y  1.63E-04
 Wall clock    103.93048286437988     
 Average time per cell    1.4882257087005851E-009
 Step time per cell       1.4972473157589168E-009
 Step      75 time   0.0133427 control    sound    timestep   1.83E-04       1,       1 x  1.63E-04 y  1.63E-04
 Wall clock    105.26819086074829     
 Average time per cell    1.4872825179029153E-009
 Step time per cell       1.4174280396319874E-009
 Step      76 time   0.0135254 control    sound    timestep   1.83E-04       1,       1 x  1.63E-04 y  1.63E-04
 Wall clock    106.69526791572571     
 Average time per cell    1.4876101855747283E-009
 Step time per cell       1.5120642476378836E-009
 Step      77 time   0.0137080 control    sound    timestep   1.83E-04       1,       1 x  1.63E-04 y  1.63E-04
 Wall clock    108.09315800666809     
 Average time per cell    1.4875276849956993E-009
 Step time per cell       1.4811431962395241E-009
 Step      78 time   0.0138907 control    sound    timestep   1.83E-04       1,       1 x  1.63E-04 y  1.63E-04
 Wall clock    109.47078800201416     
 Average time per cell    1.4871720643059028E-009
 Step time per cell       1.4596717947925855E-009
 Step      79 time   0.0140733 control    sound    timestep   1.83E-04       1,       1 x  1.63E-04 y  1.63E-04
 Wall clock    110.89851498603821     
 Average time per cell    1.4874974046382315E-009
 Step time per cell       1.5127605163595743E-009
 Step      80 time   0.0142560 control    sound    timestep   1.83E-04       1,       1 x  1.63E-04 y  1.63E-04
 Wall clock    112.35220503807068     
 Average time per cell    1.4881585046724568E-009
 Step time per cell       1.5402974895550870E-009
 Step      81 time   0.0144387 control    sound    timestep   1.83E-04       1,       1 x  1.63E-04 y  1.63E-04
 Wall clock    113.68514704704285     
 Average time per cell    1.4872236611197886E-009
 Step time per cell       1.4124043445917777E-009
 Step      82 time   0.0146215 control    sound    timestep   1.83E-04       1,       1 x  1.63E-04 y  1.63E-04
 Wall clock    115.18875408172607     
 Average time per cell    1.4885170231243597E-009
 Step time per cell       1.5931565637098780E-009
 Step      83 time   0.0148042 control    sound    timestep   1.83E-04       1,       1 x  1.63E-04 y  1.63E-04
 Wall clock    116.55419707298279     
 Average time per cell    1.4880153175081151E-009
 Step time per cell       1.4468120449843506E-009
 Step      84 time   0.0149869 control    sound    timestep   1.83E-04       1,       1 x  1.63E-04 y  1.63E-04
 Wall clock    117.96965599060059     
 Average time per cell    1.4881564951523346E-009
 Step time per cell       1.4997651002583250E-009
 Step      85 time   0.0151697 control    sound    timestep   1.83E-04       1,       1 x  1.63E-04 y  1.63E-04
 Wall clock    119.36042308807373     
 Average time per cell    1.4879865345683595E-009
 Step time per cell       1.4736070220856668E-009
 Step      86 time   0.0153524 control    sound    timestep   1.83E-04       1,       1 x  1.63E-04 y  1.63E-04
 Wall clock    120.73215103149414     
 Average time per cell    1.4875859380260504E-009
 Step time per cell       1.4534240714662397E-009
 Step      87 time   0.0155351 control    sound    timestep   1.83E-04       1,       1 x  1.63E-04 y  1.63E-04
 Wall clock    122.22160696983337     
 First step overhead  -9.7608089447021484E-002
real 123.67
user 2922.19
sys 36.61
