
Clover Version    1.000
       MPI Version
   Task Count    192


Clover Version    1.000
       MPI Version
   Task Count    192

 Output file clover.out opened. All output will go there.
 Step       1 time   0.0000000 control    sound    timestep   1.93E-04       1,       1 x  1.63E-04 y  3.26E-04
 Wall clock    1.4013679027557373     
 Average time per cell    2.9698857259871957E-009
 Step time per cell       2.9698857259871957E-009
 Step       2 time   0.0001926 control    sound    timestep   1.62E-04       1,       1 x  1.63E-04 y  3.26E-04
 Wall clock    3.0346000194549561     
 Average time per cell    3.2155778879112201E-009
 Step time per cell       3.4610093280207366E-009
 Step       3 time   0.0003548 control    sound    timestep   1.48E-04       1,       1 x  1.63E-04 y  3.26E-04
 Wall clock    4.5100920200347900     
 Average time per cell    3.1860436475081199E-009
 Step time per cell       3.1266932233443689E-009
 Step       4 time   0.0005028 control    sound    timestep   1.54E-04       1,       1 x  1.63E-04 y  3.26E-04
 Wall clock    5.9290239810943604     
 Average time per cell    3.1413099400702371E-009
 Step time per cell       3.0067995895579870E-009
 Step       5 time   0.0006573 control    sound    timestep   1.68E-04       1,       1 x  1.63E-04 y  3.26E-04
 Wall clock    7.3115959167480469     
 Average time per cell    3.0990583278859655E-009
 Step time per cell       2.9297825676621869E-009
 Step       6 time   0.0008248 control    sound    timestep   1.74E-04       1,       1 x  1.63E-04 y  3.26E-04
 Wall clock    8.7000160217285156     
 Average time per cell    3.0729562341649500E-009
 Step time per cell       2.9421340109870977E-009
 Step       7 time   0.0009990 control    sound    timestep   1.77E-04       1,       1 x  1.63E-04 y  3.26E-04
 Wall clock    10.154310941696167     
 Average time per cell    3.0742557288566973E-009
 Step time per cell       3.0817773222224785E-009
 Step       8 time   0.0011761 control    sound    timestep   1.83E-04       1,       1 x  1.63E-04 y  3.26E-04
 Wall clock    11.598079919815063     
 Average time per cell    3.0724419275429683E-009
 Step time per cell       3.0594805543336812E-009
 Step       9 time   0.0013593 control    sound    timestep   1.82E-04       1,       1 x  1.63E-04 y  3.26E-04
 Wall clock    12.949668884277344     
 Average time per cell    3.0493250915803659E-009
 Step time per cell       2.8640806704061107E-009
 Step      10 time   0.0015413 control    sound    timestep   1.82E-04       1,       1 x  1.63E-04 y  3.26E-04
 Wall clock    14.480561971664429     
 Average time per cell    3.0688311198900918E-009
 Step time per cell       3.2441413269326504E-009
 Step      11 time   0.0017234 control    sound    timestep   1.82E-04       1,       1 x  1.63E-04 y  3.26E-04
 Wall clock    15.772851943969727     
 Average time per cell    3.0388209687762264E-009
 Step time per cell       2.7386472033362628E-009
 Step      12 time   0.0019050 control    sound    timestep   1.81E-04       1,       1 x  1.63E-04 y  3.26E-04
 Wall clock    17.129580974578857     
 Average time per cell    3.0251928567142590E-009
 Step time per cell       2.8750208811187701E-009
 Step      13 time   0.0020863 control    sound    timestep   1.81E-04       1,       1 x  1.63E-04 y  3.26E-04
 Wall clock    18.607331991195679     
 Average time per cell    3.0333905327944764E-009
 Step time per cell       3.1314913131710558E-009
 Step      14 time   0.0022674 control    sound    timestep   1.81E-04       1,       1 x  1.63E-04 y  3.26E-04
 Wall clock    19.950186967849731     
 Average time per cell    3.0199969712287254E-009
 Step time per cell       2.8455502211323214E-009
 Step      15 time   0.0024489 control    sound    timestep   1.82E-04       1,       1 x  1.63E-04 y  3.26E-04
 Wall clock    21.369111061096191     
 Average time per cell    3.0191366493926142E-009
 Step time per cell       3.0068081792301703E-009
 Step      16 time   0.0026306 control    sound    timestep   1.82E-04       1,       1 x  1.63E-04 y  3.26E-04
 Wall clock    22.715112924575806     
 Average time per cell    3.0087249708938339E-009
 Step time per cell       2.8522723975280920E-009
 Step      17 time   0.0028124 control    sound    timestep   1.82E-04       1,       1 x  1.63E-04 y  3.26E-04
 Wall clock    24.131624937057495     
 Average time per cell    3.0083282242640946E-009
 Step time per cell       3.0017043981287212E-009
 Step      18 time   0.0029942 control    sound    timestep   1.82E-04       1,       1 x  1.63E-04 y  3.26E-04
 Wall clock    25.492871999740601     
 Average time per cell    3.0014687997018084E-009
 Step time per cell       2.8845872495569184E-009
 Step      19 time   0.0031760 control    sound    timestep   1.82E-04       1,       1 x  1.63E-04 y  3.26E-04
 Wall clock    26.906364917755127     
 Average time per cell    3.0011589672417809E-009
 Step time per cell       2.9953212611467786E-009
 Step      20 time   0.0033579 control    sound    timestep   1.82E-04       1,       1 x  1.63E-04 y  3.26E-04
 Wall clock    28.413635969161987     
 Average time per cell    3.0108172066118437E-009
 Step time per cell       3.1940544431563468E-009
 Step      21 time   0.0035397 control    sound    timestep   1.82E-04       1,       1 x  1.63E-04 y  3.26E-04
 Wall clock    29.784290075302124     
 Average time per cell    3.0057685161067947E-009
 Step time per cell       2.9046906193899403E-009
 Step      22 time   0.0037216 control    sound    timestep   1.82E-04       1,       1 x  1.63E-04 y  3.26E-04
 Wall clock    31.145528078079224     
 Average time per cell    3.0002717372700876E-009
 Step time per cell       2.8845640069145399E-009
 Step      23 time   0.0039035 control    sound    timestep   1.82E-04       1,       1 x  1.63E-04 y  3.26E-04
 Wall clock    32.555295944213867     
 Average time per cell    2.9997245995170360E-009
 Step time per cell       2.9873465084367329E-009
 Step      24 time   0.0040854 control    sound    timestep   1.82E-04       1,       1 x  1.63E-04 y  3.26E-04
 Wall clock    33.944872856140137     
 Average time per cell    2.9974401311644924E-009
 Step time per cell       2.9446113734997602E-009
 Step      25 time   0.0042673 control    sound    timestep   1.82E-04       1,       1 x  1.63E-04 y  3.26E-04
 Wall clock    35.369984865188599     
 Average time per cell    2.9983507677873907E-009
 Step time per cell       3.0199453249224463E-009
 Step      26 time   0.0044492 control    sound    timestep   1.82E-04       1,       1 x  1.63E-04 y  3.26E-04
 Wall clock    36.720289945602417     
 Average time per cell    2.9930937959069813E-009
 Step time per cell       2.8613961452113775E-009
 Step      27 time   0.0046311 control    sound    timestep   1.82E-04       1,       1 x  1.63E-04 y  3.26E-04
 Wall clock    38.122931957244873     
 Average time per cell    2.9923342447512336E-009
 Step time per cell       2.9723019502449058E-009
 Step      28 time   0.0048130 control    sound    timestep   1.82E-04       1,       1 x  1.63E-04 y  3.26E-04
 Wall clock    39.499763011932373     
 Average time per cell    2.9896753562391654E-009
 Step time per cell       2.9175973597577669E-009
 Step      29 time   0.0049950 control    sound    timestep   1.82E-04       1,       1 x  1.63E-04 y  3.26E-04
 Wall clock    40.899230003356934     
 Average time per cell    2.9888540394630968E-009
 Step time per cell       2.9655711841769515E-009
 Step      30 time   0.0051769 control    sound    timestep   1.82E-04       1,       1 x  1.63E-04 y  3.26E-04
 Wall clock    42.393200874328613     
 Average time per cell    2.9947634714146799E-009
 Step time per cell       3.1658914344411138E-009
 Step      31 time   0.0053588 control    sound    timestep   1.82E-04       1,       1 x  1.63E-04 y  3.26E-04
 Wall clock    43.684283971786499     
 Average time per cell    2.9864214806086015E-009
 Step time per cell       2.7360384693666774E-009
 Step      32 time   0.0055408 control    sound    timestep   1.82E-04       1,       1 x  1.63E-04 y  3.26E-04
 Wall clock    45.112165927886963     
 Average time per cell    2.9876606946446472E-009
 Step time per cell       3.0257857967323314E-009
 Step      33 time   0.0057227 control    sound    timestep   1.82E-04       1,       1 x  1.63E-04 y  3.26E-04
 Wall clock    46.505959033966064     
 Average time per cell    2.9866356020562058E-009
 Step time per cell       2.9535911178552650E-009
 Step      34 time   0.0059047 control    sound    timestep   1.82E-04       1,       1 x  1.63E-04 y  3.26E-04
 Wall clock    47.921036005020142     
 Average time per cell    2.9869974675533906E-009
 Step time per cell       2.9986848757188354E-009
 Step      35 time   0.0060866 control    sound    timestep   1.82E-04       1,       1 x  1.63E-04 y  3.26E-04
 Wall clock    49.315793037414551     
 Average time per cell    2.9861082674913284E-009
 Step time per cell       2.9556086802686978E-009
 Step      36 time   0.0062686 control    sound    timestep   1.82E-04       1,       1 x  1.63E-04 y  3.26E-04
 Wall clock    50.685096979141235     
 Average time per cell    2.9837700749115433E-009
 Step time per cell       2.9016493701621788E-009
 Step      37 time   0.0064506 control    sound    timestep   1.82E-04       1,       1 x  1.63E-04 y  3.26E-04
 Wall clock    52.076194047927856     
 Average time per cell    2.9828065321139233E-009
 Step time per cell       2.9478476588135689E-009
 Step      38 time   0.0066325 control    sound    timestep   1.82E-04       1,       1 x  1.63E-04 y  3.26E-04
 Wall clock    53.521357059478760     
 Average time per cell    2.9849089828557445E-009
 Step time per cell       3.0624010428760406E-009
 Step      39 time   0.0068145 control    sound    timestep   1.82E-04       1,       1 x  1.63E-04 y  3.26E-04
 Wall clock    54.858666896820068     
 Average time per cell    2.9810428291614277E-009
 Step time per cell       2.8338940359794326E-009
 Step      40 time   0.0069965 control    sound    timestep   1.82E-04       1,       1 x  1.63E-04 y  3.26E-04
 Wall clock    56.368618965148926     
 Average time per cell    2.9865168976862658E-009
 Step time per cell       3.1997595013106346E-009
 Step      41 time   0.0071785 control    sound    timestep   1.82E-04       1,       1 x  1.63E-04 y  3.26E-04
 Wall clock    57.673415899276733     
 Average time per cell    2.9811195383499233E-009
 Step time per cell       2.7651660477406243E-009
 Step      42 time   0.0073605 control    sound    timestep   1.82E-04       1,       1 x  1.63E-04 y  3.26E-04
 Wall clock    59.115795850753784     
 Average time per cell    2.9829214918930712E-009
 Step time per cell       3.0565322756754338E-009
 Step      43 time   0.0075424 control    sound    timestep   1.82E-04       1,       1 x  1.63E-04 y  3.26E-04
 Wall clock    60.503774881362915     
 Average time per cell    2.9819584573633809E-009
 Step time per cell       2.9412608960733957E-009
 Step      44 time   0.0077244 control    sound    timestep   1.82E-04       1,       1 x  1.63E-04 y  3.26E-04
 Wall clock    61.895401000976562     
 Average time per cell    2.9812148605200526E-009
 Step time per cell       2.9489451157537080E-009
 Step      45 time   0.0079064 control    sound    timestep   1.82E-04       1,       1 x  1.63E-04 y  3.26E-04
 Wall clock    63.287147045135498     
 Average time per cell    2.9805099602751318E-009
 Step time per cell       2.9492528281278081E-009
 Step      46 time   0.0080884 control    sound    timestep   1.82E-04       1,       1 x  1.63E-04 y  3.26E-04
 Wall clock    64.683177947998047     
 Average time per cell    2.9800331165478675E-009
 Step time per cell       2.9583058373342888E-009
 Step      47 time   0.0082705 control    sound    timestep   1.82E-04       1,       1 x  1.63E-04 y  3.26E-04
 Wall clock    66.070282936096191     
 Average time per cell    2.9791740857611849E-009
 Step time per cell       2.9393873369877435E-009
 Step      48 time   0.0084525 control    sound    timestep   1.82E-04       1,       1 x  1.63E-04 y  3.26E-04
 Wall clock    67.447171926498413     
 Average time per cell    2.9778997953952867E-009
 Step time per cell       2.9177135729696601E-009
 Step      49 time   0.0086345 control    sound    timestep   1.82E-04       1,       1 x  1.63E-04 y  3.26E-04
 Wall clock    68.828736066818237     
 Average time per cell    2.9768797196203669E-009
 Step time per cell       2.9276407076395116E-009
 Step      50 time   0.0088165 control    sound    timestep   1.82E-04       1,       1 x  1.63E-04 y  3.26E-04
 Wall clock    70.381862878799438     
 Average time per cell    2.9831722208149988E-009
 Step time per cell       3.2912405206136300E-009
 Step      51 time   0.0089986 control    sound    timestep   1.82E-04       1,       1 x  1.63E-04 y  3.26E-04
 Wall clock    71.730679988861084     
 Average time per cell    2.9807279827334452E-009
 Step time per cell       2.8583695489538111E-009
 Step      52 time   0.0091806 control    sound    timestep   1.82E-04       1,       1 x  1.63E-04 y  3.26E-04
 Wall clock    73.103438854217529     
 Average time per cell    2.9793535075317094E-009
 Step time per cell       2.9089930346041609E-009
 Step      53 time   0.0093626 control    sound    timestep   1.82E-04       1,       1 x  1.63E-04 y  3.26E-04
 Wall clock    74.477462053298950     
 Average time per cell    2.9780814554026121E-009
 Step time per cell       2.9116714965008819E-009
 Step      54 time   0.0095447 control    sound    timestep   1.82E-04       1,       1 x  1.63E-04 y  3.26E-04
 Wall clock    75.905365943908691     
 Average time per cell    2.9789711102108383E-009
 Step time per cell       3.0258262187190767E-009
 Step      55 time   0.0097267 control    sound    timestep   1.82E-04       1,       1 x  1.63E-04 y  3.26E-04
 Wall clock    77.290770053863525     
 Average time per cell    2.9781907998234729E-009
 Step time per cell       2.9358125175349415E-009
 Step      56 time   0.0099087 control    sound    timestep   1.82E-04       1,       1 x  1.63E-04 y  3.26E-04
 Wall clock    78.664859056472778     
 Average time per cell    2.9770101462649080E-009
 Step time per cell       2.9118074154313137E-009
 Step      57 time   0.0100908 control    sound    timestep   1.82E-04       1,       1 x  1.63E-04 y  3.26E-04
 Wall clock    80.055562019348145     
 Average time per cell    2.9764886309286548E-009
 Step time per cell       2.9470083973137662E-009
 Step      58 time   0.0102728 control    sound    timestep   1.82E-04       1,       1 x  1.63E-04 y  3.26E-04
 Wall clock    81.469296932220459     
 Average time per cell    2.9768266689629556E-009
 Step time per cell       2.9958068302625583E-009
 Step      59 time   0.0104549 control    sound    timestep   1.82E-04       1,       1 x  1.63E-04 y  3.26E-04
 Wall clock    82.815137863159180     
 Average time per cell    2.9747145005550917E-009
 Step time per cell       2.8519586218559805E-009
 Step      60 time   0.0106370 control    sound    timestep   1.82E-04       1,       1 x  1.63E-04 y  3.26E-04
 Wall clock    84.353381872177124     
 Average time per cell    2.9794686590186624E-009
 Step time per cell       3.2596800439124409E-009
 Step      61 time   0.0108190 control    sound    timestep   1.82E-04       1,       1 x  1.63E-04 y  3.26E-04
 Wall clock    85.706328868865967     
 Average time per cell    2.9776293113189434E-009
 Step time per cell       2.8671946792100140E-009
 Step      62 time   0.0110011 control    sound    timestep   1.82E-04       1,       1 x  1.63E-04 y  3.26E-04
 Wall clock    87.105723857879639     
 Average time per cell    2.9774369768901415E-009
 Step time per cell       2.9654206122763249E-009
 Step      63 time   0.0111832 control    sound    timestep   1.82E-04       1,       1 x  1.63E-04 y  3.26E-04
 Wall clock    88.513098001480103     
 Average time per cell    2.9775191615365416E-009
 Step time per cell       2.9823771304412124E-009
 Step      64 time   0.0113653 control    sound    timestep   1.82E-04       1,       1 x  1.63E-04 y  3.26E-04
 Wall clock    89.944534063339233     
 Average time per cell    2.9783955568518648E-009
 Step time per cell       3.0332820541742775E-009
 Step      65 time   0.0115474 control    sound    timestep   1.82E-04       1,       1 x  1.63E-04 y  3.26E-04
 Wall clock    91.304573059082031     
 Average time per cell    2.9769171383550279E-009
 Step time per cell       2.8821012973720726E-009
 Step      66 time   0.0117295 control    sound    timestep   1.82E-04       1,       1 x  1.63E-04 y  3.26E-04
 Wall clock    92.672662019729614     
 Average time per cell    2.9757420067748513E-009
 Step time per cell       2.8990936900501969E-009
 Step      67 time   0.0119116 control    sound    timestep   1.82E-04       1,       1 x  1.63E-04 y  3.26E-04
 Wall clock    94.089987039566040     
 Average time per cell    2.9761593389927386E-009
 Step time per cell       3.0034425435587765E-009
 Step      68 time   0.0120937 control    sound    timestep   1.82E-04       1,       1 x  1.63E-04 y  3.26E-04
 Wall clock    95.464293003082275     
 Average time per cell    2.9752236722523020E-009
 Step time per cell       2.9122586258583600E-009
 Step      69 time   0.0122759 control    sound    timestep   1.82E-04       1,       1 x  1.63E-04 y  3.26E-04
 Wall clock    96.875156879425049     
 Average time per cell    2.9754379714568086E-009
 Step time per cell       2.9897283740057091E-009
 Step      70 time   0.0124580 control    sound    timestep   1.82E-04       1,       1 x  1.63E-04 y  3.26E-04
 Wall clock    98.387686014175415     
 Average time per cell    2.9787241016622698E-009
 Step time per cell       3.2052124273225977E-009
 Step      71 time   0.0126401 control    sound    timestep   1.82E-04       1,       1 x  1.63E-04 y  3.26E-04
 Wall clock    99.745944976806641     
 Average time per cell    2.9773128604084976E-009
 Step time per cell       2.8784668554888212E-009
 Step      72 time   0.0128222 control    sound    timestep   1.82E-04       1,       1 x  1.63E-04 y  3.26E-04
 Wall clock    101.12043595314026     
 Average time per cell    2.9764185997627476E-009
 Step time per cell       2.9126780039708442E-009
 Step      73 time   0.0130043 control    sound    timestep   1.82E-04       1,       1 x  1.63E-04 y  3.26E-04
 Wall clock    102.50986695289612     
 Average time per cell    2.9759825659421261E-009
 Step time per cell       2.9443127560726780E-009
 Step      74 time   0.0131865 control    sound    timestep   1.82E-04       1,       1 x  1.63E-04 y  3.26E-04
 Wall clock    103.92013788223267     
 Average time per cell    2.9761551488192637E-009
 Step time per cell       2.9884823662642803E-009
 Step      75 time   0.0133686 control    sound    timestep   1.82E-04       1,       1 x  1.63E-04 y  3.26E-04
 Wall clock    105.28100991249084     
 Average time per cell    2.9749272639660543E-009
 Step time per cell       2.8837879047690269E-009
 Step      76 time   0.0135508 control    sound    timestep   1.82E-04       1,       1 x  1.63E-04 y  3.26E-04
 Wall clock    106.68198800086975     
 Average time per cell    2.9748500578827259E-009
 Step time per cell       2.9687923112457309E-009
 Step      77 time   0.0137329 control    sound    timestep   1.82E-04       1,       1 x  1.63E-04 y  3.26E-04
 Wall clock    108.05583000183105     
 Average time per cell    2.9740279887649696E-009
 Step time per cell       2.9113132566433503E-009
 Step      78 time   0.0139151 control    sound    timestep   1.82E-04       1,       1 x  1.63E-04 y  3.26E-04
 Wall clock    109.41157007217407     
 Average time per cell    2.9727351651143913E-009
 Step time per cell       2.8729209589073434E-009
 Step      79 time   0.0140973 control    sound    timestep   1.82E-04       1,       1 x  1.63E-04 y  3.26E-04
 Wall clock    110.79004001617432     
 Average time per cell    2.9720848291714803E-009
 Step time per cell       2.9210958827105869E-009
 Step      80 time   0.0142795 control    sound    timestep   1.82E-04       1,       1 x  1.63E-04 y  3.26E-04
 Wall clock    112.30349206924438     
 Average time per cell    2.9750265563658711E-009
 Step time per cell       3.2071688514810779E-009
 Step      81 time   0.0144617 control    sound    timestep   1.82E-04       1,       1 x  1.63E-04 y  3.26E-04
 Wall clock    113.66751003265381     
 Average time per cell    2.9739858690807045E-009
 Step time per cell       2.8906187152541759E-009
 Step      82 time   0.0146438 control    sound    timestep   1.82E-04       1,       1 x  1.63E-04 y  3.26E-04
 Wall clock    115.02945184707642     
 Average time per cell    2.9729169066896002E-009
 Step time per cell       2.8860555782254474E-009
 Step      83 time   0.0148260 control    sound    timestep   1.82E-04       1,       1 x  1.63E-04 y  3.26E-04
 Wall clock    116.43536996841431     
 Average time per cell    2.9729965692138238E-009
 Step time per cell       2.9792509950412850E-009
 Step      84 time   0.0150082 control    sound    timestep   1.82E-04       1,       1 x  1.63E-04 y  3.26E-04
 Wall clock    117.81551599502563     
 Average time per cell    2.9724241184816319E-009
 Step time per cell       2.9246307854514774E-009
 Step      85 time   0.0151904 control    sound    timestep   1.82E-04       1,       1 x  1.63E-04 y  3.26E-04
 Wall clock    119.22378396987915     
 Average time per cell    2.9725662922049914E-009
 Step time per cell       2.9842441209540186E-009
 Step      86 time   0.0153726 control    sound    timestep   1.82E-04       1,       1 x  1.63E-04 y  3.26E-04
 Wall clock    120.60042095184326     
 Average time per cell    2.9719256850014242E-009
 Step time per cell       2.9171860660426319E-009
 Step      87 time   0.0155548 control    sound    timestep   1.82E-04       1,       1 x  1.63E-04 y  3.26E-04
 Wall clock    122.06675386428833     
 First step overhead -0.23174023628234863     
real 123.12
user 2911.05
sys 39.41
