
Clover Version    1.000
       MPI Version
   Task Count     96


Clover Version    1.000
       MPI Version
   Task Count     96

 Output file clover.out opened. All output will go there.
 Step       1 time   0.0000000 control    sound    timestep   3.85E-04       1,       1 x  3.26E-04 y  3.26E-04
 Wall clock    1.3575310707092285     
 Average time per cell    5.7539667371505250E-009
 Step time per cell       5.7539667371505250E-009
 Step       2 time   0.0003852 control    sound    timestep   2.35E-04       1,       1 x  3.26E-04 y  3.26E-04
 Wall clock    2.7995760440826416     
 Average time per cell    5.9330750445951705E-009
 Step time per cell       6.1114496929803860E-009
 Step       3 time   0.0006203 control    sound    timestep   2.99E-04       1,       1 x  3.26E-04 y  3.26E-04
 Wall clock    4.1579530239105225     
 Average time per cell    5.8745674188550633E-009
 Step time per cell       5.7566073034346727E-009
 Step       4 time   0.0009190 control    sound    timestep   3.15E-04       1,       1 x  3.26E-04 y  3.26E-04
 Wall clock    5.5454449653625488     
 Average time per cell    5.8761649294562329E-009
 Step time per cell       5.8804653235711160E-009
 Step       5 time   0.0012337 control    sound    timestep   3.46E-04       1,       1 x  3.26E-04 y  3.26E-04
 Wall clock    6.9832320213317871     
 Average time per cell    5.9197591326665134E-009
 Step time per cell       6.0936225862759680E-009
 Step       6 time   0.0015801 control    sound    timestep   3.46E-04       1,       1 x  3.26E-04 y  3.26E-04
 Wall clock    8.3787391185760498     
 Average time per cell    5.9189542972254222E-009
 Step time per cell       5.9143530961591747E-009
 Step       7 time   0.0019257 control    sound    timestep   3.52E-04       1,       1 x  3.26E-04 y  3.26E-04
 Wall clock    9.7439520359039307     
 Average time per cell    5.9000360615466471E-009
 Step time per cell       5.7860607840767542E-009
 Step       8 time   0.0022778 control    sound    timestep   3.70E-04       1,       1 x  3.26E-04 y  3.26E-04
 Wall clock    11.153440952301025     
 Average time per cell    5.9093056532017523E-009
 Step time per cell       5.9737572478803081E-009
 Step       9 time   0.0026482 control    sound    timestep   3.66E-04       1,       1 x  3.26E-04 y  3.26E-04
 Wall clock    12.562838077545166     
 Average time per cell    5.9164721065310093E-009
 Step time per cell       5.9732398464499661E-009
 Step      10 time   0.0030146 control    sound    timestep   3.64E-04       1,       1 x  3.26E-04 y  3.26E-04
 Wall clock    14.082358121871948     
 Average time per cell    5.9688814467841036E-009
 Step time per cell       6.4400945929163657E-009
 Step      11 time   0.0033784 control    sound    timestep   3.61E-04       1,       1 x  3.26E-04 y  3.26E-04
 Wall clock    15.353995084762573     
 Average time per cell    5.9162467743700485E-009
 Step time per cell       5.3897090563421241E-009
 Step      12 time   0.0037396 control    sound    timestep   3.60E-04       1,       1 x  3.26E-04 y  3.26E-04
 Wall clock    17.095803976058960     
 Average time per cell    6.0384552482530661E-009
 Step time per cell       7.3821724476551430E-009
 Step      13 time   0.0040994 control    sound    timestep   3.61E-04       1,       1 x  3.26E-04 y  3.26E-04
 Wall clock    18.820885181427002     
 Average time per cell    6.1364084819001424E-009
 Step time per cell       7.3114147704068782E-009
 Step      14 time   0.0044601 control    sound    timestep   3.62E-04       1,       1 x  3.26E-04 y  3.26E-04
 Wall clock    20.483057022094727     
 Average time per cell    6.2013223503036280E-009
 Step time per cell       7.0446185418404642E-009
 Step      15 time   0.0048222 control    sound    timestep   3.63E-04       1,       1 x  3.26E-04 y  3.26E-04
 Wall clock    21.926742076873779     
 Average time per cell    6.1958431884974102E-009
 Step time per cell       6.1186599648661082E-009
 Step      16 time   0.0051849 control    sound    timestep   3.63E-04       1,       1 x  3.26E-04 y  3.26E-04
 Wall clock    23.272753000259399     
 Average time per cell    6.1651741134483018E-009
 Step time per cell       5.7046509027713909E-009
 Step      17 time   0.0055477 control    sound    timestep   3.63E-04       1,       1 x  3.26E-04 y  3.26E-04
 Wall clock    24.743710994720459     
 Average time per cell    6.1692657956193061E-009
 Step time per cell       6.2342577520111160E-009
 Step      18 time   0.0059107 control    sound    timestep   3.63E-04       1,       1 x  3.26E-04 y  3.26E-04
 Wall clock    26.079143047332764     
 Average time per cell    6.1409898563273777E-009
 Step time per cell       5.6598158456229919E-009
 Step      19 time   0.0062737 control    sound    timestep   3.63E-04       1,       1 x  3.26E-04 y  3.26E-04
 Wall clock    27.502283096313477     
 Average time per cell    6.1352563816346009E-009
 Step time per cell       6.0316041425620724E-009
 Step      20 time   0.0066369 control    sound    timestep   3.63E-04       1,       1 x  3.26E-04 y  3.26E-04
 Wall clock    28.993046998977661     
 Average time per cell    6.1444276171742888E-009
 Step time per cell       6.3182485771701771E-009
 Step      21 time   0.0070000 control    sound    timestep   3.63E-04       1,       1 x  3.26E-04 y  3.26E-04
 Wall clock    30.394014120101929     
 Average time per cell    6.1346011934031993E-009
 Step time per cell       5.9378898084913899E-009
 Step      22 time   0.0073634 control    sound    timestep   3.63E-04       1,       1 x  3.26E-04 y  3.26E-04
 Wall clock    31.727599143981934     
 Average time per cell    6.1126861464340392E-009
 Step time per cell       5.6519952017374127E-009
 Step      23 time   0.0077269 control    sound    timestep   3.64E-04       1,       1 x  3.26E-04 y  3.26E-04
 Wall clock    33.120535135269165     
 Average time per cell    6.1036142423453152E-009
 Step time per cell       5.9034947399696746E-009
 Step      24 time   0.0080904 control    sound    timestep   3.64E-04       1,       1 x  3.26E-04 y  3.26E-04
 Wall clock    34.506746053695679     
 Average time per cell    6.0941106396596835E-009
 Step time per cell       5.8750235136055078E-009
 Step      25 time   0.0084540 control    sound    timestep   3.64E-04       1,       1 x  3.26E-04 y  3.26E-04
 Wall clock    35.923774003982544     
 Average time per cell    6.0905921095076739E-009
 Step time per cell       6.0056512059721479E-009
 Step      26 time   0.0088177 control    sound    timestep   3.64E-04       1,       1 x  3.26E-04 y  3.26E-04
 Wall clock    37.311145067214966     
 Average time per cell    6.0825095327026771E-009
 Step time per cell       5.8799610592864659E-009
 Step      27 time   0.0091816 control    sound    timestep   3.64E-04       1,       1 x  3.26E-04 y  3.26E-04
 Wall clock    38.733436107635498     
 Average time per cell    6.0805075229653406E-009
 Step time per cell       6.0279894063973596E-009
 Step      28 time   0.0095455 control    sound    timestep   3.64E-04       1,       1 x  3.26E-04 y  3.26E-04
 Wall clock    40.138818025588989     
 Average time per cell    6.0760888637949915E-009
 Step time per cell       5.9563272871956641E-009
 Step      29 time   0.0099094 control    sound    timestep   3.64E-04       1,       1 x  3.26E-04 y  3.26E-04
 Wall clock    41.531172037124634     
 Average time per cell    6.0700708202383445E-009
 Step time per cell       5.9010734629636213E-009
 Step      30 time   0.0102734 control    sound    timestep   3.64E-04       1,       1 x  3.26E-04 y  3.26E-04
 Wall clock    43.034752130508423     
 Average time per cell    6.0801685658925968E-009
 Step time per cell       6.3724736618395481E-009
 Step      31 time   0.0106374 control    sound    timestep   3.64E-04       1,       1 x  3.26E-04 y  3.26E-04
 Wall clock    44.367284059524536     
 Average time per cell    6.0662278560959102E-009
 Step time per cell       5.6478539691953400E-009
 Step      32 time   0.0110014 control    sound    timestep   3.64E-04       1,       1 x  3.26E-04 y  3.26E-04
 Wall clock    45.762827157974243     
 Average time per cell    6.0615045703747861E-009
 Step time per cell       5.9146037124769969E-009
 Step      33 time   0.0113654 control    sound    timestep   3.64E-04       1,       1 x  3.26E-04 y  3.26E-04
 Wall clock    47.157986164093018     
 Average time per cell    6.0570182111968757E-009
 Step time per cell       5.9129544954177818E-009
 Step      34 time   0.0117295 control    sound    timestep   3.64E-04       1,       1 x  3.26E-04 y  3.26E-04
 Wall clock    48.524868011474609     
 Average time per cell    6.0492706313132756E-009
 Step time per cell       5.7931305895585360E-009
 Step      35 time   0.0120936 control    sound    timestep   3.64E-04       1,       1 x  3.26E-04 y  3.26E-04
 Wall clock    49.936962127685547     
 Average time per cell    6.0474410438762300E-009
 Step time per cell       5.9847894186128138E-009
 Step      36 time   0.0124578 control    sound    timestep   3.64E-04       1,       1 x  3.26E-04 y  3.26E-04
 Wall clock    51.411539077758789     
 Average time per cell    6.0530696772067681E-009
 Step time per cell       6.2496221491730668E-009
 Step      37 time   0.0128221 control    sound    timestep   3.64E-04       1,       1 x  3.26E-04 y  3.26E-04
 Wall clock    52.760236024856567     
 Average time per cell    6.0439738167492487E-009
 Step time per cell       5.7160691034773161E-009
 Step      38 time   0.0131864 control    sound    timestep   3.64E-04       1,       1 x  3.26E-04 y  3.26E-04
 Wall clock    54.146968126296997     
 Average time per cell    6.0395991594523155E-009
 Step time per cell       5.8771689105520233E-009
 Step      39 time   0.0135508 control    sound    timestep   3.64E-04       1,       1 x  3.26E-04 y  3.26E-04
 Wall clock    55.550286054611206     
 Average time per cell    6.0372514050487734E-009
 Step time per cell       5.9476001802573185E-009
 Step      40 time   0.0139152 control    sound    timestep   3.64E-04       1,       1 x  3.26E-04 y  3.26E-04
 Wall clock    57.052992105484009     
 Average time per cell    6.0455525827920712E-009
 Step time per cell       6.3688447779794743E-009
 Step      41 time   0.0142797 control    sound    timestep   3.64E-04       1,       1 x  3.26E-04 y  3.26E-04
 Wall clock    58.404747009277344     
 Average time per cell    6.0378435966344219E-009
 Step time per cell       5.7292638505007033E-009
 Step      42 time   0.0146441 control    sound    timestep   3.64E-04       1,       1 x  3.26E-04 y  3.26E-04
 Wall clock    59.757370948791504     
 Average time per cell    6.0305894063305226E-009
 Step time per cell       5.7326673817846721E-009
 Step      43 time   0.0150085 control    sound    timestep   3.64E-04       1,       1 x  3.26E-04 y  3.26E-04
 Wall clock    61.214796066284180     
 Average time per cell    6.0340029759650197E-009
 Step time per cell       6.1768251826934933E-009
 Step      44 time   0.0153730 control    sound    timestep   3.64E-04       1,       1 x  3.26E-04 y  3.26E-04
 Wall clock    62.626017093658447     
 Average time per cell    6.0328105091960449E-009
 Step time per cell       5.9810463426401835E-009
 Step      45 time   0.0157375 control    sound    timestep   3.65E-04       1,       1 x  3.26E-04 y  3.26E-04
 Wall clock    64.033688068389893     
 Average time per cell    6.0313366612931141E-009
 Step time per cell       5.9660295745642439E-009
 Step      46 time   0.0161020 control    sound    timestep   3.65E-04       1,       1 x  3.26E-04 y  3.26E-04
 Wall clock    65.456804037094116     
 Average time per cell    6.0313500332573527E-009
 Step time per cell       6.0314899504495166E-009
 Step      47 time   0.0164666 control    sound    timestep   3.65E-04       1,       1 x  3.26E-04 y  3.26E-04
 Wall clock    66.859052181243896     
 Average time per cell    6.0294809347061535E-009
 Step time per cell       5.9430405801524302E-009
 Step      48 time   0.0168311 control    sound    timestep   3.65E-04       1,       1 x  3.26E-04 y  3.26E-04
 Wall clock    68.251238107681274     
 Average time per cell    6.0268011894651058E-009
 Step time per cell       5.9003367722551857E-009
 Step      49 time   0.0171958 control    sound    timestep   3.65E-04       1,       1 x  3.26E-04 y  3.26E-04
 Wall clock    69.638952016830444     
 Average time per cell    6.0238439872923739E-009
 Step time per cell       5.8814152402596338E-009
 Step      50 time   0.0175604 control    sound    timestep   3.65E-04       1,       1 x  3.26E-04 y  3.26E-04
 Wall clock    71.116122007369995     
 Average time per cell    6.0285883591859599E-009
 Step time per cell       6.2605785286804250E-009
 Step      51 time   0.0179251 control    sound    timestep   3.65E-04       1,       1 x  3.26E-04 y  3.26E-04
 Wall clock    72.445896148681641     
 Average time per cell    6.0208967743818864E-009
 Step time per cell       5.6360628756616888E-009
 Step      52 time   0.0182899 control    sound    timestep   3.65E-04       1,       1 x  3.26E-04 y  3.26E-04
 Wall clock    73.851590156555176     
 Average time per cell    6.0196892955613072E-009
 Step time per cell       5.9576500967119095E-009
 Step      53 time   0.0186547 control    sound    timestep   3.65E-04       1,       1 x  3.26E-04 y  3.26E-04
 Wall clock    75.213417053222656     
 Average time per cell    6.0150192111371324E-009
 Step time per cell       5.7716533774510026E-009
 Step      54 time   0.0190195 control    sound    timestep   3.65E-04       1,       1 x  3.26E-04 y  3.26E-04
 Wall clock    76.674554109573364     
 Average time per cell    6.0183171173828315E-009
 Step time per cell       6.1926655487493713E-009
 Step      55 time   0.0193844 control    sound    timestep   3.65E-04       1,       1 x  3.26E-04 y  3.26E-04
 Wall clock    78.106271982192993     
 Average time per cell    6.0192279223966495E-009
 Step time per cell       6.0679667512886228E-009
 Step      56 time   0.0197492 control    sound    timestep   3.65E-04       1,       1 x  3.26E-04 y  3.26E-04
 Wall clock    79.529488086700439     
 Average time per cell    6.0194627131129405E-009
 Step time per cell       6.0319224657076932E-009
 Step      57 time   0.0201141 control    sound    timestep   3.65E-04       1,       1 x  3.26E-04 y  3.26E-04
 Wall clock    80.915909051895142     
 Average time per cell    6.0169531580082963E-009
 Step time per cell       5.8759057234662278E-009
 Step      58 time   0.0204789 control    sound    timestep   3.65E-04       1,       1 x  3.26E-04 y  3.26E-04
 Wall clock    82.298408031463623     
 Average time per cell    6.0142435264926214E-009
 Step time per cell       5.8592902658145051E-009
 Step      59 time   0.0208438 control    sound    timestep   3.65E-04       1,       1 x  3.26E-04 y  3.26E-04
 Wall clock    83.698045969009399     
 Average time per cell    6.0128570074601828E-009
 Step time per cell       5.9319477764398064E-009
 Step      60 time   0.0212087 control    sound    timestep   3.65E-04       1,       1 x  3.26E-04 y  3.26E-04
 Wall clock    85.182458162307739     
 Average time per cell    6.0175053746476165E-009
 Step time per cell       6.2913053019049891E-009
 Step      61 time   0.0215736 control    sound    timestep   3.65E-04       1,       1 x  3.26E-04 y  3.26E-04
 Wall clock    86.519093036651611     
 Average time per cell    6.0117331080377029E-009
 Step time per cell       5.6651343685290256E-009
 Step      62 time   0.0219386 control    sound    timestep   3.65E-04       1,       1 x  3.26E-04 y  3.26E-04
 Wall clock    87.901450157165527     
 Average time per cell    6.0092727877959058E-009
 Step time per cell       5.8587435584437727E-009
 Step      63 time   0.0223036 control    sound    timestep   3.65E-04       1,       1 x  3.26E-04 y  3.26E-04
 Wall clock    89.356052160263062     
 Average time per cell    6.0117511083386311E-009
 Step time per cell       6.1649239392459595E-009
 Step      64 time   0.0226686 control    sound    timestep   3.65E-04       1,       1 x  3.26E-04 y  3.26E-04
 Wall clock    90.721526145935059     
 Average time per cell    6.0082492660108575E-009
 Step time per cell       5.7870228273612965E-009
 Step      65 time   0.0230337 control    sound    timestep   3.65E-04       1,       1 x  3.26E-04 y  3.26E-04
 Wall clock    92.121050119400024     
 Average time per cell    6.0070755213158775E-009
 Step time per cell       5.9314435121551571E-009
 Step      66 time   0.0233988 control    sound    timestep   3.65E-04       1,       1 x  3.26E-04 y  3.26E-04
 Wall clock    93.474141120910645     
 Average time per cell    6.0029553963061149E-009
 Step time per cell       5.7346975760689627E-009
 Step      67 time   0.0237639 control    sound    timestep   3.65E-04       1,       1 x  3.26E-04 y  3.26E-04
 Wall clock    94.881267070770264     
 Average time per cell    6.0023766178093316E-009
 Step time per cell       5.9636598355912917E-009
 Step      68 time   0.0241291 control    sound    timestep   3.65E-04       1,       1 x  3.26E-04 y  3.26E-04
 Wall clock    96.282482147216797     
 Average time per cell    6.0014464276891467E-009
 Step time per cell       5.9386527734912102E-009
 Step      69 time   0.0244942 control    sound    timestep   3.65E-04       1,       1 x  3.26E-04 y  3.26E-04
 Wall clock    97.684827089309692     
 Average time per cell    6.0006126053243251E-009
 Step time per cell       5.9434599582649149E-009
 Step      70 time   0.0248594 control    sound    timestep   3.65E-04       1,       1 x  3.26E-04 y  3.26E-04
 Wall clock    99.189864158630371     
 Average time per cell    6.0060206918038488E-009
 Step time per cell       6.3786824790036515E-009
 Step      71 time   0.0252246 control    sound    timestep   3.65E-04       1,       1 x  3.26E-04 y  3.26E-04
 Wall clock    100.52209496498108     
 Average time per cell    6.0009602628765246E-009
 Step time per cell       5.6465099381360539E-009
 Step      72 time   0.0255898 control    sound    timestep   3.65E-04       1,       1 x  3.26E-04 y  3.26E-04
 Wall clock    101.92805314064026     
 Average time per cell    6.0003806420691376E-009
 Step time per cell       5.9587606907977410E-009
 Step      73 time   0.0259550 control    sound    timestep   3.65E-04       1,       1 x  3.26E-04 y  3.26E-04
 Wall clock    103.33816194534302     
 Average time per cell    6.0000578966151209E-009
 Step time per cell       5.9763290967869880E-009
 Step      74 time   0.0263202 control    sound    timestep   3.65E-04       1,       1 x  3.26E-04 y  3.26E-04
 Wall clock    104.73277616500854     
 Average time per cell    5.9988563792488477E-009
 Step time per cell       5.9106494316236217E-009
 Step      75 time   0.0266854 control    sound    timestep   3.65E-04       1,       1 x  3.26E-04 y  3.26E-04
 Wall clock    106.13190317153931     
 Average time per cell    5.9979419381340485E-009
 Step time per cell       5.9297569047582029E-009
 Step      76 time   0.0270507 control    sound    timestep   3.65E-04       1,       1 x  3.26E-04 y  3.26E-04
 Wall clock    107.51976609230042     
 Average time per cell    5.9964233583762862E-009
 Step time per cell       5.8820640131468992E-009
 Step      77 time   0.0274160 control    sound    timestep   3.65E-04       1,       1 x  3.26E-04 y  3.26E-04
 Wall clock    108.92279195785522     
 Average time per cell    5.9957788837788031E-009
 Step time per cell       5.9463289087741741E-009
 Step      78 time   0.0277813 control    sound    timestep   3.65E-04       1,       1 x  3.26E-04 y  3.26E-04
 Wall clock    110.31662702560425     
 Average time per cell    5.9946515023866880E-009
 Step time per cell       5.9073722190482332E-009
 Step      79 time   0.0281467 control    sound    timestep   3.65E-04       1,       1 x  3.26E-04 y  3.26E-04
 Wall clock    111.72700309753418     
 Average time per cell    5.9944401295729893E-009
 Step time per cell       5.9774487858198375E-009
 Step      80 time   0.0285121 control    sound    timestep   3.65E-04       1,       1 x  3.26E-04 y  3.26E-04
 Wall clock    113.25093007087708     
 Average time per cell    6.0002501843175401E-009
 Step time per cell       6.4587402448523790E-009
 Step      81 time   0.0288775 control    sound    timestep   3.65E-04       1,       1 x  3.26E-04 y  3.26E-04
 Wall clock    114.64054298400879     
 Average time per cell    5.9988884204508037E-009
 Step time per cell       5.8898028025093179E-009
 Step      82 time   0.0292429 control    sound    timestep   3.65E-04       1,       1 x  3.26E-04 y  3.26E-04
 Wall clock    115.96246314048767     
 Average time per cell    5.9940608544330372E-009
 Step time per cell       5.6026247976761727E-009
 Step      83 time   0.0296084 control    sound    timestep   3.65E-04       1,       1 x  3.26E-04 y  3.26E-04
 Wall clock    117.35361909866333     
 Average time per cell    5.9928852729165832E-009
 Step time per cell       5.8959873664813740E-009
 Step      84 time   0.0299738 control    sound    timestep   3.65E-04       1,       1 x  3.26E-04 y  3.26E-04
 Wall clock    118.82559704780579     
 Average time per cell    5.9958158749275506E-009
 Step time per cell       6.2385647146988455E-009
 Step      85 time   0.0303393 control    sound    timestep   3.65E-04       1,       1 x  3.26E-04 y  3.26E-04
 Wall clock    120.20523905754089     
 Average time per cell    5.9940731600862838E-009
 Step time per cell       5.8471555853935167E-009
 Step      86 time   0.0307048 control    sound    timestep   3.65E-04       1,       1 x  3.26E-04 y  3.26E-04
 Wall clock    121.56411409378052     
 Average time per cell    5.9913474629414735E-009
 Step time per cell       5.7591973422353876E-009
 Step      87 time   0.0310703 control    sound    timestep   3.66E-04       1,       1 x  3.26E-04 y  3.26E-04
 Wall clock    123.04992794990540     
 First step overhead  -8.4340810775756836E-002
real 124.02
user 2935.32
sys 37.10
