Tue Dec 15 06:43:07 2015: Starting Initialization


Mini-Application Name    : CoMD-mpi
Mini-Application Version : 1.1
Platform:
  hostname: backup-data.novalocal
  kernel name: 'Linux'
  kernel release: '3.10.0-229.4.2.el7.x86_64'
  processor: 'x86_64'
Build:
  CC: '/usr/lib64/mpich/bin/mpicc'
  compiler version: 'cc (GCC) 4.8.3 20140911 (Red Hat 4.8.3-9)'
  CFLAGS: '-std=c99 -DDOUBLE -DDO_MPI -g -O5   '
  LDFLAGS: ' -lm '
  using MPI: true
  Threading: none
  Double Precision: true
Run Date/Time: 2015-12-15, 06:43:07

Command Line Parameters:
  doeam: 0
  potDir: pots
  potName: Cu_u6.eam
  potType: funcfl
  nx: 576
  ny: 288
  nz: 288
  xproc: 8
  yproc: 8
  zproc: 6
  Lattice constant: -1 Angstroms
  nSteps: 100
  printRate: 10
  Time step: 1 fs
  Initial Temperature: 600 K
  Initial Delta: 0 Angstroms

Simulation data: 
  Total atoms        : 191102976
  Min global bounds  : [   0.0000000000,   0.0000000000,   0.0000000000 ]
  Max global bounds  : [ 2082.2400000000, 1041.1200000000, 1041.1200000000 ]

Decomposition data: 
  Processors         :      8,     8,     6
  Local boxes        :     44,    22,    29 =    28072
  Box size           : [   5.9154545455,   5.9154545455,   5.9834482759 ]
  Box factor         : [   1.0221087768,   1.0221087768,   1.0338571535 ] 
  Max Link Cell Occupancy: 32 of 64

Potential data: 
  Potential type   : Lennard-Jones
  Species name     : Cu
  Atomic number    : 29
  Mass             : 63.55 amu
  Lattice Type     : FCC
  Lattice spacing  : 3.615 Angstroms
  Cutoff           : 5.7875 Angstroms
  Epsilon          : 0.167 eV
  Sigma            : 2.315 Angstroms

Memory data: 
  Intrinsic atom footprint =   88 B/atom 
  Total atom footprint     = -346.000 MB ( 41.77 MB/node)
  Link cell atom footprint = 150.777 MB/node
  Link cell atom footprint = 183.820 MB/node (including halo cell data


Initial energy : -1.166063303635, atom count : 191102976 

Tue Dec 15 06:43:09 2015: Initialization Finished

Tue Dec 15 06:43:09 2015: Starting simulation

#                                                                                         Performance
#  Loop   Time(fs)       Total Energy   Potential Energy     Kinetic Energy  Temperature   (us/atom)     # Atoms
      0       0.00    -1.166063303635    -1.243619295235     0.077555991600     600.0000     0.0000    191102976
     10      10.00    -1.166059650602    -1.233154651512     0.067095000910     519.0702     3.4371    191102976
     20      20.00    -1.166048429207    -1.208173529549     0.042125100342     325.8944     3.5543    191102976
     30      30.00    -1.166037579478    -1.186579219108     0.020541639630     158.9172     3.5527    191102976
     40      40.00    -1.166042096597    -1.183632459803     0.017590363206     136.0851     3.5447    191102976
     50      50.00    -1.166051690423    -1.193726530690     0.027674840267     214.1021     3.4432    191102976
     60      60.00    -1.166054644204    -1.202665951990     0.036611307786     283.2378     3.4218    191102976
     70      70.00    -1.166052132921    -1.204903766985     0.038851634064     300.5697     3.3687    191102976
     80      80.00    -1.166048794316    -1.203624406040     0.037575611724     290.6979     3.4711    191102976
     90      90.00    -1.166048004903    -1.203815558312     0.037767553409     292.1829     3.4997    191102976
    100     100.00    -1.166049792314    -1.206862591607     0.040812799293     315.7419     3.3783    191102976
Tue Dec 15 06:46:01 2015: Ending simulation



Simulation Validation:
  Initial energy  : -1.166063303635
  Final energy    : -1.166049792314
  eFinal/eInitial : 0.999988
  Final atom count : 191102976, no atoms lost


Timings for Rank 0
        Timer        # Calls    Avg/Call (s)   Total (s)    % Loop
___________________________________________________________________
total                      1     174.9204      174.9204      101.37
loop                       1     172.5640      172.5640      100.00
timestep                  10      17.2548      172.5481       99.99
  position               100       0.0116        1.1638        0.67
  velocity               200       0.0097        1.9335        1.12
  redistribute           101       0.3990       40.3036       23.36
    atomHalo             101       0.3629       36.6570       21.24
  force                  101       1.2434      125.5874       72.78
commHalo                 303       0.1162       35.2072       20.40
commReduce                39       0.1381        5.3877        3.12

Timing Statistics Across 384 Ranks:
        Timer        Rank: Min(s)       Rank: Max(s)      Avg(s)    Stdev(s)
_____________________________________________________________________________
total              168:  174.8612     256:  174.9204    174.9132      0.0120
loop                 4:  172.5639     247:  172.5643    172.5641      0.0001
timestep           294:  172.5371     345:  172.5569    172.5486      0.0011
  position         329:    0.9135     296:    1.3187      1.1140      0.0779
  velocity         329:    1.4796     173:    2.2504      1.9013      0.1475
  redistribute     263:   35.7998      20:   42.1158     40.0138      0.8579
    atomHalo       114:   31.9665      20:   38.5140     36.3009      0.9284
  force            256:  125.2993      66:  130.3826    126.0085      0.6849
commHalo           114:   30.2376      20:   37.0918     34.7970      1.0012
commReduce         276:    3.6317     254:    6.3606      5.3372      0.5173

---------------------------------------------------
 Average atom update rate:       3.47 us/atom/task
---------------------------------------------------


---------------------------------------------------
 Average all atom update rate:   0.01 us/atom
---------------------------------------------------


---------------------------------------------------
 Average atom rate:            110.75 atoms/us
---------------------------------------------------

Tue Dec 15 06:46:01 2015: CoMD Ending

real 175.15
user 4067.94
sys 130.14
