Tue Dec 15 06:18:40 2015: Starting Initialization


Mini-Application Name    : CoMD-mpi
Mini-Application Version : 1.1
Platform:
  hostname: backup-data.novalocal
  kernel name: 'Linux'
  kernel release: '3.10.0-229.4.2.el7.x86_64'
  processor: 'x86_64'
Build:
  CC: '/usr/lib64/mpich/bin/mpicc'
  compiler version: 'cc (GCC) 4.8.3 20140911 (Red Hat 4.8.3-9)'
  CFLAGS: '-std=c99 -DDOUBLE -DDO_MPI -g -O5   '
  LDFLAGS: ' -lm '
  using MPI: true
  Threading: none
  Double Precision: true
Run Date/Time: 2015-12-15, 06:18:40

Command Line Parameters:
  doeam: 0
  potDir: pots
  potName: Cu_u6.eam
  potType: funcfl
  nx: 288
  ny: 288
  nz: 144
  xproc: 4
  yproc: 8
  zproc: 3
  Lattice constant: -1 Angstroms
  nSteps: 100
  printRate: 10
  Time step: 1 fs
  Initial Temperature: 600 K
  Initial Delta: 0 Angstroms

Simulation data: 
  Total atoms        : 47775744
  Min global bounds  : [   0.0000000000,   0.0000000000,   0.0000000000 ]
  Max global bounds  : [ 1041.1200000000, 1041.1200000000, 520.5600000000 ]

Decomposition data: 
  Processors         :      4,     8,     3
  Local boxes        :     44,    22,    29 =    28072
  Box size           : [   5.9154545455,   5.9154545455,   5.9834482759 ]
  Box factor         : [   1.0221087768,   1.0221087768,   1.0338571535 ] 
  Max Link Cell Occupancy: 32 of 64

Potential data: 
  Potential type   : Lennard-Jones
  Species name     : Cu
  Atomic number    : 29
  Mass             : 63.55 amu
  Lattice Type     : FCC
  Lattice spacing  : 3.615 Angstroms
  Cutoff           : 5.7875 Angstroms
  Epsilon          : 0.167 eV
  Sigma            : 2.315 Angstroms

Memory data: 
  Intrinsic atom footprint =   88 B/atom 
  Total atom footprint     = -86.500 MB ( 41.77 MB/node)
  Link cell atom footprint = 150.777 MB/node
  Link cell atom footprint = 183.820 MB/node (including halo cell data


Initial energy : -1.166063303635, atom count : 47775744 

Tue Dec 15 06:18:42 2015: Initialization Finished

Tue Dec 15 06:18:42 2015: Starting simulation

#                                                                                         Performance
#  Loop   Time(fs)       Total Energy   Potential Energy     Kinetic Energy  Temperature   (us/atom)     # Atoms
      0       0.00    -1.166063303635    -1.243619295235     0.077555991600     600.0000     0.0000     47775744
     10      10.00    -1.166059648385    -1.233154418541     0.067094770156     519.0684     3.2123     47775744
     20      20.00    -1.166048429555    -1.208172856271     0.042124426716     325.8891     3.3631     47775744
     30      30.00    -1.166037579552    -1.186574421118     0.020536841566     158.8801     3.0560     47775744
     40      40.00    -1.166042088391    -1.183621357039     0.017579268648     135.9993     2.9587     47775744
     50      50.00    -1.166051681932    -1.193717450331     0.027665768399     214.0320     3.1544     47775744
     60      60.00    -1.166054640360    -1.202668818304     0.036614177944     283.2600     3.0996     47775744
     70      70.00    -1.166052133769    -1.204922091127     0.038869957358     300.7114     3.1064     47775744
     80      80.00    -1.166048799604    -1.203654382409     0.037605582805     290.9298     3.1796     47775744
     90      90.00    -1.166048012593    -1.203846535070     0.037798522478     292.4225     3.0517     47775744
    100     100.00    -1.166049797799    -1.206881718934     0.040831921134     315.8899     3.1738     47775744
Tue Dec 15 06:21:18 2015: Ending simulation



Simulation Validation:
  Initial energy  : -1.166063303635
  Final energy    : -1.166049797799
  eFinal/eInitial : 0.999988
  Final atom count : 47775744, no atoms lost


Timings for Rank 0
        Timer        # Calls    Avg/Call (s)   Total (s)    % Loop
___________________________________________________________________
total                      1     157.9299      157.9299      101.21
loop                       1     156.0474      156.0474      100.00
timestep                  10      15.6046      156.0457      100.00
  position               100       0.0138        1.3826        0.89
  velocity               200       0.0111        2.2241        1.43
  redistribute           101       0.2554       25.7944       16.53
    atomHalo             101       0.2165       21.8703       14.02
  force                  101       1.2495      126.2013       80.87
commHalo                 303       0.0675       20.4387       13.10
commReduce                39       0.0467        1.8226        1.17

Timing Statistics Across 96 Ranks:
        Timer        Rank: Min(s)       Rank: Max(s)      Avg(s)    Stdev(s)
_____________________________________________________________________________
total               53:  157.9265      87:  157.9514    157.9384      0.0105
loop                34:  156.0474      29:  156.0475    156.0474      0.0000
timestep             0:  156.0457      92:  156.0462    156.0460      0.0001
  position          22:    1.0898       1:    1.5285      1.3082      0.0848
  velocity          26:    1.8619      69:    2.7695      2.2737      0.1842
  redistribute      30:   18.2214      32:   26.4302     25.2621      1.1310
    atomHalo        30:   14.1866      32:   22.6024     21.3434      1.1562
  force             76:  125.8516      30:  134.2857    126.5378      1.2397
commHalo            30:   12.7357      32:   21.1545     19.8710      1.1670
commReduce          38:    1.0709      24:    2.4095      2.0417      0.2441

---------------------------------------------------
 Average atom update rate:       3.14 us/atom/task
---------------------------------------------------


---------------------------------------------------
 Average all atom update rate:   0.03 us/atom
---------------------------------------------------


---------------------------------------------------
 Average atom rate:             30.62 atoms/us
---------------------------------------------------

Tue Dec 15 06:21:18 2015: CoMD Ending

real 158.16
user 3725.53
sys 64.96
