Tue Dec 15 06:54:41 2015: Starting Initialization


Mini-Application Name    : CoMD-mpi
Mini-Application Version : 1.1
Platform:
  hostname: backup-data.novalocal
  kernel name: 'Linux'
  kernel release: '3.10.0-229.4.2.el7.x86_64'
  processor: 'x86_64'
Build:
  CC: '/usr/lib64/mpich/bin/mpicc'
  compiler version: 'cc (GCC) 4.8.3 20140911 (Red Hat 4.8.3-9)'
  CFLAGS: '-std=c99 -DDOUBLE -DDO_MPI -g -O5   '
  LDFLAGS: ' -lm '
  using MPI: true
  Threading: none
  Double Precision: true
Run Date/Time: 2015-12-15, 06:54:41

Command Line Parameters:
  doeam: 0
  potDir: pots
  potName: Cu_u6.eam
  potType: funcfl
  nx: 576
  ny: 288
  nz: 288
  xproc: 8
  yproc: 8
  zproc: 6
  Lattice constant: -1 Angstroms
  nSteps: 100
  printRate: 10
  Time step: 1 fs
  Initial Temperature: 600 K
  Initial Delta: 0 Angstroms

Simulation data: 
  Total atoms        : 191102976
  Min global bounds  : [   0.0000000000,   0.0000000000,   0.0000000000 ]
  Max global bounds  : [ 2082.2400000000, 1041.1200000000, 1041.1200000000 ]

Decomposition data: 
  Processors         :      8,     8,     6
  Local boxes        :     44,    22,    29 =    28072
  Box size           : [   5.9154545455,   5.9154545455,   5.9834482759 ]
  Box factor         : [   1.0221087768,   1.0221087768,   1.0338571535 ] 
  Max Link Cell Occupancy: 32 of 64

Potential data: 
  Potential type   : Lennard-Jones
  Species name     : Cu
  Atomic number    : 29
  Mass             : 63.55 amu
  Lattice Type     : FCC
  Lattice spacing  : 3.615 Angstroms
  Cutoff           : 5.7875 Angstroms
  Epsilon          : 0.167 eV
  Sigma            : 2.315 Angstroms

Memory data: 
  Intrinsic atom footprint =   88 B/atom 
  Total atom footprint     = -346.000 MB ( 41.77 MB/node)
  Link cell atom footprint = 150.777 MB/node
  Link cell atom footprint = 183.820 MB/node (including halo cell data


Initial energy : -1.166063303635, atom count : 191102976 

Tue Dec 15 06:54:43 2015: Initialization Finished

Tue Dec 15 06:54:43 2015: Starting simulation

#                                                                                         Performance
#  Loop   Time(fs)       Total Energy   Potential Energy     Kinetic Energy  Temperature   (us/atom)     # Atoms
      0       0.00    -1.166063303635    -1.243619295235     0.077555991600     600.0000     0.0000    191102976
     10      10.00    -1.166059650602    -1.233154651512     0.067095000910     519.0702     3.3324    191102976
     20      20.00    -1.166048429207    -1.208173529549     0.042125100342     325.8944     3.7085    191102976
     30      30.00    -1.166037579478    -1.186579219108     0.020541639630     158.9172     3.4654    191102976
     40      40.00    -1.166042096597    -1.183632459803     0.017590363206     136.0851     3.3064    191102976
     50      50.00    -1.166051690423    -1.193726530690     0.027674840267     214.1021     3.3856    191102976
     60      60.00    -1.166054644204    -1.202665951990     0.036611307786     283.2378     3.4886    191102976
     70      70.00    -1.166052132921    -1.204903766985     0.038851634064     300.5697     3.3593    191102976
     80      80.00    -1.166048794316    -1.203624406040     0.037575611724     290.6979     3.6100    191102976
     90      90.00    -1.166048004903    -1.203815558312     0.037767553409     292.1829     3.4417    191102976
    100     100.00    -1.166049792314    -1.206862591607     0.040812799293     315.7419     3.3481    191102976
Tue Dec 15 06:57:35 2015: Ending simulation



Simulation Validation:
  Initial energy  : -1.166063303635
  Final energy    : -1.166049792314
  eFinal/eInitial : 0.999988
  Final atom count : 191102976, no atoms lost


Timings for Rank 0
        Timer        # Calls    Avg/Call (s)   Total (s)    % Loop
___________________________________________________________________
total                      1     173.8438      173.8438      101.40
loop                       1     171.4389      171.4389      100.00
timestep                  10      17.1425      171.4248       99.99
  position               100       0.0105        1.0460        0.61
  velocity               200       0.0088        1.7606        1.03
  redistribute           101       0.4013       40.5318       23.64
    atomHalo             101       0.3664       37.0065       21.59
  force                  101       1.2454      125.7846       73.37
commHalo                 303       0.1171       35.4894       20.70
commReduce                39       0.1068        4.1645        2.43

Timing Statistics Across 384 Ranks:
        Timer        Rank: Min(s)       Rank: Max(s)      Avg(s)    Stdev(s)
_____________________________________________________________________________
total              226:  173.7768      17:  173.8808    173.8631      0.0230
loop                13:  171.4387     209:  171.4390    171.4389      0.0001
timestep            82:  171.4141     242:  171.4370    171.4254      0.0018
  position         137:    0.9354     165:    1.3114      1.1249      0.0876
  velocity         233:    1.5264     146:    2.3740      1.9224      0.1801
  redistribute      23:   34.0506     233:   41.5637     39.7951      0.9040
    atomHalo        23:   30.1834     233:   38.1213     36.0894      1.0319
  force              9:  125.1910      23:  133.4299    125.9635      0.8073
commHalo            23:   28.5982     233:   36.6635     34.5927      1.0954
commReduce          23:    2.8504     317:    5.3311      4.4812      0.3761

---------------------------------------------------
 Average atom update rate:       3.44 us/atom/task
---------------------------------------------------


---------------------------------------------------
 Average all atom update rate:   0.01 us/atom
---------------------------------------------------


---------------------------------------------------
 Average atom rate:            111.48 atoms/us
---------------------------------------------------

Tue Dec 15 06:57:35 2015: CoMD Ending

real 174.15
user 4045.07
sys 127.60
