Tue Dec 15 06:46:02 2015: Starting Initialization


Mini-Application Name    : CoMD-mpi
Mini-Application Version : 1.1
Platform:
  hostname: backup-data.novalocal
  kernel name: 'Linux'
  kernel release: '3.10.0-229.4.2.el7.x86_64'
  processor: 'x86_64'
Build:
  CC: '/usr/lib64/mpich/bin/mpicc'
  compiler version: 'cc (GCC) 4.8.3 20140911 (Red Hat 4.8.3-9)'
  CFLAGS: '-std=c99 -DDOUBLE -DDO_MPI -g -O5   '
  LDFLAGS: ' -lm '
  using MPI: true
  Threading: none
  Double Precision: true
Run Date/Time: 2015-12-15, 06:46:02

Command Line Parameters:
  doeam: 0
  potDir: pots
  potName: Cu_u6.eam
  potType: funcfl
  nx: 576
  ny: 288
  nz: 288
  xproc: 8
  yproc: 8
  zproc: 6
  Lattice constant: -1 Angstroms
  nSteps: 100
  printRate: 10
  Time step: 1 fs
  Initial Temperature: 600 K
  Initial Delta: 0 Angstroms

Simulation data: 
  Total atoms        : 191102976
  Min global bounds  : [   0.0000000000,   0.0000000000,   0.0000000000 ]
  Max global bounds  : [ 2082.2400000000, 1041.1200000000, 1041.1200000000 ]

Decomposition data: 
  Processors         :      8,     8,     6
  Local boxes        :     44,    22,    29 =    28072
  Box size           : [   5.9154545455,   5.9154545455,   5.9834482759 ]
  Box factor         : [   1.0221087768,   1.0221087768,   1.0338571535 ] 
  Max Link Cell Occupancy: 32 of 64

Potential data: 
  Potential type   : Lennard-Jones
  Species name     : Cu
  Atomic number    : 29
  Mass             : 63.55 amu
  Lattice Type     : FCC
  Lattice spacing  : 3.615 Angstroms
  Cutoff           : 5.7875 Angstroms
  Epsilon          : 0.167 eV
  Sigma            : 2.315 Angstroms

Memory data: 
  Intrinsic atom footprint =   88 B/atom 
  Total atom footprint     = -346.000 MB ( 41.77 MB/node)
  Link cell atom footprint = 150.777 MB/node
  Link cell atom footprint = 183.820 MB/node (including halo cell data


Initial energy : -1.166063303635, atom count : 191102976 

Tue Dec 15 06:46:04 2015: Initialization Finished

Tue Dec 15 06:46:04 2015: Starting simulation

#                                                                                         Performance
#  Loop   Time(fs)       Total Energy   Potential Energy     Kinetic Energy  Temperature   (us/atom)     # Atoms
      0       0.00    -1.166063303635    -1.243619295235     0.077555991600     600.0000     0.0000    191102976
     10      10.00    -1.166059650602    -1.233154651512     0.067095000910     519.0702     3.2444    191102976
     20      20.00    -1.166048429207    -1.208173529549     0.042125100342     325.8944     3.4076    191102976
     30      30.00    -1.166037579478    -1.186579219108     0.020541639630     158.9172     3.5845    191102976
     40      40.00    -1.166042096597    -1.183632459803     0.017590363206     136.0851     3.3382    191102976
     50      50.00    -1.166051690423    -1.193726530690     0.027674840267     214.1021     3.3409    191102976
     60      60.00    -1.166054644204    -1.202665951990     0.036611307786     283.2378     3.4069    191102976
     70      70.00    -1.166052132921    -1.204903766985     0.038851634064     300.5697     3.3819    191102976
     80      80.00    -1.166048794316    -1.203624406040     0.037575611724     290.6979     3.3559    191102976
     90      90.00    -1.166048004903    -1.203815558312     0.037767553409     292.1829     3.4821    191102976
    100     100.00    -1.166049792314    -1.206862591607     0.040812799293     315.7419     3.2874    191102976
Tue Dec 15 06:48:52 2015: Ending simulation



Simulation Validation:
  Initial energy  : -1.166063303635
  Final energy    : -1.166049792314
  eFinal/eInitial : 0.999988
  Final atom count : 191102976, no atoms lost


Timings for Rank 0
        Timer        # Calls    Avg/Call (s)   Total (s)    % Loop
___________________________________________________________________
total                      1     170.6239      170.6239      101.34
loop                       1     168.3682      168.3682      100.00
timestep                  10      16.8360      168.3595       99.99
  position               100       0.0110        1.1014        0.65
  velocity               200       0.0096        1.9139        1.14
  redistribute           101       0.3788       38.2568       22.72
    atomHalo             101       0.3434       34.6838       20.60
  force                  101       1.2435      125.5963       74.60
commHalo                 303       0.1094       33.1539       19.69
commReduce                39       0.0818        3.1911        1.90

Timing Statistics Across 384 Ranks:
        Timer        Rank: Min(s)       Rank: Max(s)      Avg(s)    Stdev(s)
_____________________________________________________________________________
total                2:  170.5712       0:  170.6239    170.6126      0.0149
loop                 8:  168.3680     247:  168.3683    168.3682      0.0001
timestep           281:  168.3509     280:  168.3644    168.3600      0.0006
  position         137:    0.8686       2:    1.3624      1.1087      0.0722
  velocity         217:    1.3914     324:    2.2519      1.8910      0.1426
  redistribute      39:   32.8516     217:   39.8553     37.9473      0.8131
    atomHalo        39:   29.0896     217:   36.5033     34.2468      0.9200
  force             89:  125.1962      39:  131.0796    125.9328      0.6526
commHalo            39:   27.6815     217:   35.1905     32.7419      0.9896
commReduce         290:    2.1227     253:    4.0091      3.1706      0.3892

---------------------------------------------------
 Average atom update rate:       3.38 us/atom/task
---------------------------------------------------


---------------------------------------------------
 Average all atom update rate:   0.01 us/atom
---------------------------------------------------


---------------------------------------------------
 Average atom rate:            113.51 atoms/us
---------------------------------------------------

Tue Dec 15 06:48:52 2015: CoMD Ending

real 170.86
user 3973.05
sys 120.66
