Tue Dec 15 06:31:57 2015: Starting Initialization


Mini-Application Name    : CoMD-mpi
Mini-Application Version : 1.1
Platform:
  hostname: backup-data.novalocal
  kernel name: 'Linux'
  kernel release: '3.10.0-229.4.2.el7.x86_64'
  processor: 'x86_64'
Build:
  CC: '/usr/lib64/mpich/bin/mpicc'
  compiler version: 'cc (GCC) 4.8.3 20140911 (Red Hat 4.8.3-9)'
  CFLAGS: '-std=c99 -DDOUBLE -DDO_MPI -g -O5   '
  LDFLAGS: ' -lm '
  using MPI: true
  Threading: none
  Double Precision: true
Run Date/Time: 2015-12-15, 06:31:57

Command Line Parameters:
  doeam: 0
  potDir: pots
  potName: Cu_u6.eam
  potType: funcfl
  nx: 288
  ny: 288
  nz: 288
  xproc: 4
  yproc: 8
  zproc: 6
  Lattice constant: -1 Angstroms
  nSteps: 100
  printRate: 10
  Time step: 1 fs
  Initial Temperature: 600 K
  Initial Delta: 0 Angstroms

Simulation data: 
  Total atoms        : 95551488
  Min global bounds  : [   0.0000000000,   0.0000000000,   0.0000000000 ]
  Max global bounds  : [ 1041.1200000000, 1041.1200000000, 1041.1200000000 ]

Decomposition data: 
  Processors         :      4,     8,     6
  Local boxes        :     44,    22,    29 =    28072
  Box size           : [   5.9154545455,   5.9154545455,   5.9834482759 ]
  Box factor         : [   1.0221087768,   1.0221087768,   1.0338571535 ] 
  Max Link Cell Occupancy: 32 of 64

Potential data: 
  Potential type   : Lennard-Jones
  Species name     : Cu
  Atomic number    : 29
  Mass             : 63.55 amu
  Lattice Type     : FCC
  Lattice spacing  : 3.615 Angstroms
  Cutoff           : 5.7875 Angstroms
  Epsilon          : 0.167 eV
  Sigma            : 2.315 Angstroms

Memory data: 
  Intrinsic atom footprint =   88 B/atom 
  Total atom footprint     = -173.000 MB ( 41.77 MB/node)
  Link cell atom footprint = 150.777 MB/node
  Link cell atom footprint = 183.820 MB/node (including halo cell data


Initial energy : -1.166063303635, atom count : 95551488 

Tue Dec 15 06:32:00 2015: Initialization Finished

Tue Dec 15 06:32:00 2015: Starting simulation

#                                                                                         Performance
#  Loop   Time(fs)       Total Energy   Potential Energy     Kinetic Energy  Temperature   (us/atom)     # Atoms
      0       0.00    -1.166063303635    -1.243619295235     0.077555991600     600.0000     0.0000     95551488
     10      10.00    -1.166059650944    -1.233155048472     0.067095397528     519.0732     3.1896     95551488
     20      20.00    -1.166048430775    -1.208174729585     0.042126298809     325.9036     3.3796     95551488
     30      30.00    -1.166037581189    -1.186579920198     0.020542339009     158.9226     3.3123     95551488
     40      40.00    -1.166042096032    -1.183631183934     0.017589087902     136.0753     3.3148     95551488
     50      50.00    -1.166051689718    -1.193724708926     0.027673019208     214.0881     3.5262     95551488
     60      60.00    -1.166054644990    -1.202665414756     0.036610769766     283.2336     3.4751     95551488
     70      70.00    -1.166052134677    -1.204904461803     0.038852327126     300.5751     3.2992     95551488
     80      80.00    -1.166048795413    -1.203624981534     0.037576186121     290.7024     3.3040     95551488
     90      90.00    -1.166048005239    -1.203815131967     0.037767126727     292.1796     3.4463     95551488
    100     100.00    -1.166049792301    -1.206861213530     0.040811421230     315.7313     3.3385     95551488
Tue Dec 15 06:34:47 2015: Ending simulation



Simulation Validation:
  Initial energy  : -1.166063303635
  Final energy    : -1.166049792301
  eFinal/eInitial : 0.999988
  Final atom count : 95551488, no atoms lost


Timings for Rank 0
        Timer        # Calls    Avg/Call (s)   Total (s)    % Loop
___________________________________________________________________
total                      1     169.5927      169.5927      101.46
loop                       1     167.1449      167.1449      100.00
timestep                  10      16.7143      167.1426      100.00
  position               100       0.0107        1.0685        0.64
  velocity               200       0.0092        1.8374        1.10
  redistribute           101       0.3495       35.2960       21.12
    atomHalo             101       0.3144       31.7534       19.00
  force                  101       1.2430      125.5399       75.11
commHalo                 303       0.1004       30.4312       18.21
commReduce                39       0.1369        5.3410        3.20

Timing Statistics Across 192 Ranks:
        Timer        Rank: Min(s)       Rank: Max(s)      Avg(s)    Stdev(s)
_____________________________________________________________________________
total               82:  169.5758     131:  169.6181    169.5983      0.0157
loop                 3:  167.1448     121:  167.1450    167.1449      0.0000
timestep            52:  167.1310      44:  167.1436    167.1429      0.0012
  position         175:    0.9124      18:    1.2631      1.0784      0.0533
  velocity          92:    1.5981      51:    2.1191      1.8341      0.1103
  redistribute      58:   32.2199      22:   37.3854     35.6966      0.8946
    atomHalo        34:   28.3945      55:   33.8113     32.0440      0.9672
  force             16:  125.2518     175:  129.4884    125.8831      0.7515
commHalo            74:   26.6552      22:   32.4589     30.5427      1.0371
commReduce         167:    3.1678      96:    5.7144      4.5869      0.5948

---------------------------------------------------
 Average atom update rate:       3.36 us/atom/task
---------------------------------------------------


---------------------------------------------------
 Average all atom update rate:   0.02 us/atom
---------------------------------------------------


---------------------------------------------------
 Average atom rate:             57.17 atoms/us
---------------------------------------------------

Tue Dec 15 06:34:47 2015: CoMD Ending

real 169.86
user 3954.11
sys 116.47
