Tue Dec 15 06:03:54 2015: Starting Initialization


Mini-Application Name    : CoMD-mpi
Mini-Application Version : 1.1
Platform:
  hostname: backup-data.novalocal
  kernel name: 'Linux'
  kernel release: '3.10.0-229.4.2.el7.x86_64'
  processor: 'x86_64'
Build:
  CC: '/usr/lib64/mpich/bin/mpicc'
  compiler version: 'cc (GCC) 4.8.3 20140911 (Red Hat 4.8.3-9)'
  CFLAGS: '-std=c99 -DDOUBLE -DDO_MPI -g -O5   '
  LDFLAGS: ' -lm '
  using MPI: true
  Threading: none
  Double Precision: true
Run Date/Time: 2015-12-15, 06:03:54

Command Line Parameters:
  doeam: 0
  potDir: pots
  potName: Cu_u6.eam
  potType: funcfl
  nx: 288
  ny: 144
  nz: 144
  xproc: 4
  yproc: 4
  zproc: 3
  Lattice constant: -1 Angstroms
  nSteps: 100
  printRate: 10
  Time step: 1 fs
  Initial Temperature: 600 K
  Initial Delta: 0 Angstroms

Simulation data: 
  Total atoms        : 23887872
  Min global bounds  : [   0.0000000000,   0.0000000000,   0.0000000000 ]
  Max global bounds  : [ 1041.1200000000, 520.5600000000, 520.5600000000 ]

Decomposition data: 
  Processors         :      4,     4,     3
  Local boxes        :     44,    22,    29 =    28072
  Box size           : [   5.9154545455,   5.9154545455,   5.9834482759 ]
  Box factor         : [   1.0221087768,   1.0221087768,   1.0338571535 ] 
  Max Link Cell Occupancy: 32 of 64

Potential data: 
  Potential type   : Lennard-Jones
  Species name     : Cu
  Atomic number    : 29
  Mass             : 63.55 amu
  Lattice Type     : FCC
  Lattice spacing  : 3.615 Angstroms
  Cutoff           : 5.7875 Angstroms
  Epsilon          : 0.167 eV
  Sigma            : 2.315 Angstroms

Memory data: 
  Intrinsic atom footprint =   88 B/atom 
  Total atom footprint     = 2004.750 MB ( 41.77 MB/node)
  Link cell atom footprint = 150.777 MB/node
  Link cell atom footprint = 183.820 MB/node (including halo cell data


Initial energy : -1.166063303635, atom count : 23887872 

Tue Dec 15 06:03:56 2015: Initialization Finished

Tue Dec 15 06:03:56 2015: Starting simulation

#                                                                                         Performance
#  Loop   Time(fs)       Total Energy   Potential Energy     Kinetic Energy  Temperature   (us/atom)     # Atoms
      0       0.00    -1.166063303635    -1.243619295235     0.077555991600     600.0000     0.0000     23887872
     10      10.00    -1.166059648926    -1.233156469342     0.067096820416     519.0842     2.8233     23887872
     20      20.00    -1.166048432327    -1.208180661376     0.042132229049     325.9495     2.8617     23887872
     30      30.00    -1.166037586321    -1.186587816413     0.020550230092     158.9837     2.8591     23887872
     40      40.00    -1.166042094457    -1.183634412875     0.017592318418     136.1003     2.9049     23887872
     50      50.00    -1.166051686250    -1.193724607851     0.027672921601     214.0873     2.8611     23887872
     60      60.00    -1.166054643092    -1.202667642611     0.036612999519     283.2508     2.8473     23887872
     70      70.00    -1.166052134605    -1.204912539995     0.038860405391     300.6375     2.8476     23887872
     80      80.00    -1.166048796113    -1.203639355020     0.037590558908     290.8136     2.8413     23887872
     90      90.00    -1.166048008331    -1.203833297592     0.037785289261     292.3201     2.8414     23887872
    100     100.00    -1.166049796301    -1.206878414776     0.040828618475     315.8643     2.8499     23887872
Tue Dec 15 06:06:18 2015: Ending simulation



Simulation Validation:
  Initial energy  : -1.166063303635
  Final energy    : -1.166049796301
  eFinal/eInitial : 0.999988
  Final atom count : 23887872, no atoms lost


Timings for Rank 0
        Timer        # Calls    Avg/Call (s)   Total (s)    % Loop
___________________________________________________________________
total                      1     143.9385      143.9385      101.35
loop                       1     142.0232      142.0232      100.00
timestep                  10      14.2022      142.0217      100.00
  position               100       0.0164        1.6406        1.16
  velocity               200       0.0142        2.8340        2.00
  redistribute           101       0.1244       12.5669        8.85
    atomHalo             101       0.0829        8.3753        5.90
  force                  101       1.2500      126.2466       88.89
commHalo                 303       0.0229        6.9246        4.88
commReduce                39       0.0027        0.1051        0.07

Timing Statistics Across 48 Ranks:
        Timer        Rank: Min(s)       Rank: Max(s)      Avg(s)    Stdev(s)
_____________________________________________________________________________
total               26:  143.9255       9:  143.9733    143.9551      0.0184
loop                 0:  142.0232      31:  142.0234    142.0233      0.0001
timestep             0:  142.0217      31:  142.0227    142.0224      0.0003
  position          44:    1.3255      42:    1.7386      1.5981      0.0689
  velocity          42:    2.6223      32:    3.0799      2.8777      0.0856
  redistribute      43:   11.8872       0:   12.5669     12.2709      0.1349
    atomHalo        23:    7.5842       0:    8.3753      8.0811      0.1548
  force              0:  126.2466      44:  127.0535    126.5465      0.1461
commHalo             9:    5.9248       0:    6.9246      6.5736      0.2041
commReduce          32:    0.0504      42:    0.1486      0.0979      0.0215

---------------------------------------------------
 Average atom update rate:       2.85 us/atom/task
---------------------------------------------------


---------------------------------------------------
 Average all atom update rate:   0.06 us/atom
---------------------------------------------------


---------------------------------------------------
 Average atom rate:             16.82 atoms/us
---------------------------------------------------

Tue Dec 15 06:06:18 2015: CoMD Ending

real 144.20
user 3422.49
sys 32.19
