Tue Dec 15 06:48:53 2015: Starting Initialization


Mini-Application Name    : CoMD-mpi
Mini-Application Version : 1.1
Platform:
  hostname: backup-data.novalocal
  kernel name: 'Linux'
  kernel release: '3.10.0-229.4.2.el7.x86_64'
  processor: 'x86_64'
Build:
  CC: '/usr/lib64/mpich/bin/mpicc'
  compiler version: 'cc (GCC) 4.8.3 20140911 (Red Hat 4.8.3-9)'
  CFLAGS: '-std=c99 -DDOUBLE -DDO_MPI -g -O5   '
  LDFLAGS: ' -lm '
  using MPI: true
  Threading: none
  Double Precision: true
Run Date/Time: 2015-12-15, 06:48:53

Command Line Parameters:
  doeam: 0
  potDir: pots
  potName: Cu_u6.eam
  potType: funcfl
  nx: 576
  ny: 288
  nz: 288
  xproc: 8
  yproc: 8
  zproc: 6
  Lattice constant: -1 Angstroms
  nSteps: 100
  printRate: 10
  Time step: 1 fs
  Initial Temperature: 600 K
  Initial Delta: 0 Angstroms

Simulation data: 
  Total atoms        : 191102976
  Min global bounds  : [   0.0000000000,   0.0000000000,   0.0000000000 ]
  Max global bounds  : [ 2082.2400000000, 1041.1200000000, 1041.1200000000 ]

Decomposition data: 
  Processors         :      8,     8,     6
  Local boxes        :     44,    22,    29 =    28072
  Box size           : [   5.9154545455,   5.9154545455,   5.9834482759 ]
  Box factor         : [   1.0221087768,   1.0221087768,   1.0338571535 ] 
  Max Link Cell Occupancy: 32 of 64

Potential data: 
  Potential type   : Lennard-Jones
  Species name     : Cu
  Atomic number    : 29
  Mass             : 63.55 amu
  Lattice Type     : FCC
  Lattice spacing  : 3.615 Angstroms
  Cutoff           : 5.7875 Angstroms
  Epsilon          : 0.167 eV
  Sigma            : 2.315 Angstroms

Memory data: 
  Intrinsic atom footprint =   88 B/atom 
  Total atom footprint     = -346.000 MB ( 41.77 MB/node)
  Link cell atom footprint = 150.777 MB/node
  Link cell atom footprint = 183.820 MB/node (including halo cell data


Initial energy : -1.166063303635, atom count : 191102976 

Tue Dec 15 06:48:55 2015: Initialization Finished

Tue Dec 15 06:48:55 2015: Starting simulation

#                                                                                         Performance
#  Loop   Time(fs)       Total Energy   Potential Energy     Kinetic Energy  Temperature   (us/atom)     # Atoms
      0       0.00    -1.166063303635    -1.243619295235     0.077555991600     600.0000     0.0000    191102976
     10      10.00    -1.166059650602    -1.233154651512     0.067095000910     519.0702     3.4755    191102976
     20      20.00    -1.166048429207    -1.208173529549     0.042125100342     325.8944     3.3226    191102976
     30      30.00    -1.166037579478    -1.186579219108     0.020541639630     158.9172     3.6187    191102976
     40      40.00    -1.166042096597    -1.183632459803     0.017590363206     136.0851     3.5465    191102976
     50      50.00    -1.166051690423    -1.193726530690     0.027674840267     214.1021     3.7028    191102976
     60      60.00    -1.166054644204    -1.202665951990     0.036611307786     283.2378     3.4331    191102976
     70      70.00    -1.166052132921    -1.204903766985     0.038851634064     300.5697     3.4843    191102976
     80      80.00    -1.166048794316    -1.203624406040     0.037575611724     290.6979     3.4096    191102976
     90      90.00    -1.166048004903    -1.203815558312     0.037767553409     292.1829     3.6406    191102976
    100     100.00    -1.166049792314    -1.206862591607     0.040812799293     315.7419     3.3548    191102976
Tue Dec 15 06:51:49 2015: Ending simulation



Simulation Validation:
  Initial energy  : -1.166063303635
  Final energy    : -1.166049792314
  eFinal/eInitial : 0.999988
  Final atom count : 191102976, no atoms lost


Timings for Rank 0
        Timer        # Calls    Avg/Call (s)   Total (s)    % Loop
___________________________________________________________________
total                      1     176.4108      176.4108      101.27
loop                       1     174.1969      174.1969      100.00
timestep                  10      17.4125      174.1248       99.96
  position               100       0.0121        1.2112        0.70
  velocity               200       0.0098        1.9564        1.12
  redistribute           101       0.4164       42.0586       24.14
    atomHalo             101       0.3794       38.3232       22.00
  force                  101       1.2448      125.7256       72.17
commHalo                 303       0.1215       36.8010       21.13
commReduce                39       0.1267        4.9400        2.84

Timing Statistics Across 384 Ranks:
        Timer        Rank: Min(s)       Rank: Max(s)      Avg(s)    Stdev(s)
_____________________________________________________________________________
total              175:  176.3589     115:  176.4204    176.4042      0.0173
loop                 8:  174.1967     369:  174.1970    174.1969      0.0001
timestep           290:  174.1139     338:  174.1408    174.1252      0.0019
  position         291:    0.9763     335:    1.2825      1.1430      0.0570
  velocity         346:    1.6291     159:    2.2950      1.9576      0.1249
  redistribute     295:   36.0161     240:   42.3835     40.8432      0.7949
    atomHalo       295:   32.1508     240:   38.7574     37.0920      0.8580
  force             75:  125.3839     295:  131.3399    126.0496      0.6790
commHalo           295:   30.6009     240:   37.3445     35.5851      0.9208
commReduce           4:    4.5699     279:    7.0388      5.8996      0.4562

---------------------------------------------------
 Average atom update rate:       3.50 us/atom/task
---------------------------------------------------


---------------------------------------------------
 Average all atom update rate:   0.01 us/atom
---------------------------------------------------


---------------------------------------------------
 Average atom rate:            109.75 atoms/us
---------------------------------------------------

Tue Dec 15 06:51:49 2015: CoMD Ending

real 176.69
user 4098.91
sys 133.76
