Tue Dec 15 06:06:18 2015: Starting Initialization


Mini-Application Name    : CoMD-mpi
Mini-Application Version : 1.1
Platform:
  hostname: backup-data.novalocal
  kernel name: 'Linux'
  kernel release: '3.10.0-229.4.2.el7.x86_64'
  processor: 'x86_64'
Build:
  CC: '/usr/lib64/mpich/bin/mpicc'
  compiler version: 'cc (GCC) 4.8.3 20140911 (Red Hat 4.8.3-9)'
  CFLAGS: '-std=c99 -DDOUBLE -DDO_MPI -g -O5   '
  LDFLAGS: ' -lm '
  using MPI: true
  Threading: none
  Double Precision: true
Run Date/Time: 2015-12-15, 06:06:18

Command Line Parameters:
  doeam: 0
  potDir: pots
  potName: Cu_u6.eam
  potType: funcfl
  nx: 288
  ny: 144
  nz: 144
  xproc: 4
  yproc: 4
  zproc: 3
  Lattice constant: -1 Angstroms
  nSteps: 100
  printRate: 10
  Time step: 1 fs
  Initial Temperature: 600 K
  Initial Delta: 0 Angstroms

Simulation data: 
  Total atoms        : 23887872
  Min global bounds  : [   0.0000000000,   0.0000000000,   0.0000000000 ]
  Max global bounds  : [ 1041.1200000000, 520.5600000000, 520.5600000000 ]

Decomposition data: 
  Processors         :      4,     4,     3
  Local boxes        :     44,    22,    29 =    28072
  Box size           : [   5.9154545455,   5.9154545455,   5.9834482759 ]
  Box factor         : [   1.0221087768,   1.0221087768,   1.0338571535 ] 
  Max Link Cell Occupancy: 32 of 64

Potential data: 
  Potential type   : Lennard-Jones
  Species name     : Cu
  Atomic number    : 29
  Mass             : 63.55 amu
  Lattice Type     : FCC
  Lattice spacing  : 3.615 Angstroms
  Cutoff           : 5.7875 Angstroms
  Epsilon          : 0.167 eV
  Sigma            : 2.315 Angstroms

Memory data: 
  Intrinsic atom footprint =   88 B/atom 
  Total atom footprint     = 2004.750 MB ( 41.77 MB/node)
  Link cell atom footprint = 150.777 MB/node
  Link cell atom footprint = 183.820 MB/node (including halo cell data


Initial energy : -1.166063303635, atom count : 23887872 

Tue Dec 15 06:06:20 2015: Initialization Finished

Tue Dec 15 06:06:20 2015: Starting simulation

#                                                                                         Performance
#  Loop   Time(fs)       Total Energy   Potential Energy     Kinetic Energy  Temperature   (us/atom)     # Atoms
      0       0.00    -1.166063303635    -1.243619295235     0.077555991600     600.0000     0.0000     23887872
     10      10.00    -1.166059648926    -1.233156469342     0.067096820416     519.0842     2.8204     23887872
     20      20.00    -1.166048432327    -1.208180661376     0.042132229049     325.9495     2.8490     23887872
     30      30.00    -1.166037586321    -1.186587816413     0.020550230092     158.9837     2.8617     23887872
     40      40.00    -1.166042094457    -1.183634412875     0.017592318418     136.1003     2.8415     23887872
     50      50.00    -1.166051686250    -1.193724607851     0.027672921601     214.0873     2.8419     23887872
     60      60.00    -1.166054643092    -1.202667642611     0.036612999519     283.2508     2.8427     23887872
     70      70.00    -1.166052134605    -1.204912539995     0.038860405391     300.6375     3.0751     23887872
     80      80.00    -1.166048796113    -1.203639355020     0.037590558908     290.8136     2.8394     23887872
     90      90.00    -1.166048008331    -1.203833297592     0.037785289261     292.3201     2.8413     23887872
    100     100.00    -1.166049796301    -1.206878414776     0.040828618475     315.8643     3.0197     23887872
Tue Dec 15 06:08:43 2015: Ending simulation



Simulation Validation:
  Initial energy  : -1.166063303635
  Final energy    : -1.166049796301
  eFinal/eInitial : 0.999988
  Final atom count : 23887872, no atoms lost


Timings for Rank 0
        Timer        # Calls    Avg/Call (s)   Total (s)    % Loop
___________________________________________________________________
total                      1     145.4223      145.4223      101.35
loop                       1     143.4908      143.4908      100.00
timestep                  10      14.3490      143.4896      100.00
  position               100       0.0169        1.6949        1.18
  velocity               200       0.0137        2.7387        1.91
  redistribute           101       0.1262       12.7478        8.88
    atomHalo             101       0.0840        8.4866        5.91
  force                  101       1.2519      126.4369       88.11
commHalo                 303       0.0234        7.1039        4.95
commReduce                39       0.0320        1.2465        0.87

Timing Statistics Across 48 Ranks:
        Timer        Rank: Min(s)       Rank: Max(s)      Avg(s)    Stdev(s)
_____________________________________________________________________________
total               34:  145.3984      23:  145.4575    145.4385      0.0195
loop                 0:  143.4908      31:  143.4909    143.4908      0.0001
timestep             0:  143.4896      30:  143.4901    143.4900      0.0001
  position           6:    1.4239      29:    1.7465      1.6007      0.0625
  velocity           1:    2.6285       6:    3.0864      2.8746      0.1101
  redistribute      43:   11.9002       1:   13.0900     12.6095      0.2003
    atomHalo        43:    7.7868       1:    8.8322      8.4237      0.2006
  force              1:  126.2277      33:  127.6054    126.5945      0.2682
commHalo            43:    6.2915       1:    7.3482      6.9143      0.2245
commReduce          33:    0.1495       8:    1.2996      1.1942      0.1866

---------------------------------------------------
 Average atom update rate:       2.88 us/atom/task
---------------------------------------------------


---------------------------------------------------
 Average all atom update rate:   0.06 us/atom
---------------------------------------------------


---------------------------------------------------
 Average atom rate:             16.65 atoms/us
---------------------------------------------------

Tue Dec 15 06:08:43 2015: CoMD Ending

real 145.67
user 3455.65
sys 34.69
