Tue Dec 15 05:54:40 2015: Starting Initialization


Mini-Application Name    : CoMD-mpi
Mini-Application Version : 1.1
Platform:
  hostname: backup-data.novalocal
  kernel name: 'Linux'
  kernel release: '3.10.0-229.4.2.el7.x86_64'
  processor: 'x86_64'
Build:
  CC: '/usr/lib64/mpich/bin/mpicc'
  compiler version: 'cc (GCC) 4.8.3 20140911 (Red Hat 4.8.3-9)'
  CFLAGS: '-std=c99 -DDOUBLE -DDO_MPI -g -O5   '
  LDFLAGS: ' -lm '
  using MPI: true
  Threading: none
  Double Precision: true
Run Date/Time: 2015-12-15, 05:54:40

Command Line Parameters:
  doeam: 0
  potDir: pots
  potName: Cu_u6.eam
  potType: funcfl
  nx: 144
  ny: 144
  nz: 144
  xproc: 2
  yproc: 4
  zproc: 3
  Lattice constant: -1 Angstroms
  nSteps: 100
  printRate: 10
  Time step: 1 fs
  Initial Temperature: 600 K
  Initial Delta: 0 Angstroms

Simulation data: 
  Total atoms        : 11943936
  Min global bounds  : [   0.0000000000,   0.0000000000,   0.0000000000 ]
  Max global bounds  : [ 520.5600000000, 520.5600000000, 520.5600000000 ]

Decomposition data: 
  Processors         :      2,     4,     3
  Local boxes        :     44,    22,    29 =    28072
  Box size           : [   5.9154545455,   5.9154545455,   5.9834482759 ]
  Box factor         : [   1.0221087768,   1.0221087768,   1.0338571535 ] 
  Max Link Cell Occupancy: 32 of 64

Potential data: 
  Potential type   : Lennard-Jones
  Species name     : Cu
  Atomic number    : 29
  Mass             : 63.55 amu
  Lattice Type     : FCC
  Lattice spacing  : 3.615 Angstroms
  Cutoff           : 5.7875 Angstroms
  Epsilon          : 0.167 eV
  Sigma            : 2.315 Angstroms

Memory data: 
  Intrinsic atom footprint =   88 B/atom 
  Total atom footprint     = 1002.375 MB ( 41.77 MB/node)
  Link cell atom footprint = 150.777 MB/node
  Link cell atom footprint = 183.820 MB/node (including halo cell data


Initial energy : -1.166063303635, atom count : 11943936 

Tue Dec 15 05:54:42 2015: Initialization Finished

Tue Dec 15 05:54:42 2015: Starting simulation

#                                                                                         Performance
#  Loop   Time(fs)       Total Energy   Potential Energy     Kinetic Energy  Temperature   (us/atom)     # Atoms
      0       0.00    -1.166063303635    -1.243619295235     0.077555991600     600.0000     0.0000     11943936
     10      10.00    -1.166059649406    -1.233156263032     0.067096613625     519.0826     2.7338     11943936
     20      20.00    -1.166048433442    -1.208179712497     0.042131279055     325.9422     2.7565     11943936
     30      30.00    -1.166037586894    -1.186585625849     0.020548038955     158.9667     2.7517     11943936
     40      40.00    -1.166042094066    -1.183631409992     0.017589315927     136.0770     2.7453     11943936
     50      50.00    -1.166051685471    -1.193722569562     0.027670884091     214.0715     2.7421     11943936
     60      60.00    -1.166054642785    -1.202668589764     0.036613946979     283.2582     2.7478     11943936
     70      70.00    -1.166052136306    -1.204917000628     0.038864864322     300.6720     2.7424     11943936
     80      80.00    -1.166048799577    -1.203645039062     0.037596239485     290.8575     2.7423     11943936
     90      90.00    -1.166048009737    -1.203836257034     0.037788247298     292.3430     2.7430     11943936
    100     100.00    -1.166049794039    -1.206876626326     0.040826832287     315.8505     2.7445     11943936
Tue Dec 15 05:56:58 2015: Ending simulation



Simulation Validation:
  Initial energy  : -1.166063303635
  Final energy    : -1.166049794039
  eFinal/eInitial : 0.999988
  Final atom count : 11943936, no atoms lost


Timings for Rank 0
        Timer        # Calls    Avg/Call (s)   Total (s)    % Loop
___________________________________________________________________
total                      1     138.6420      138.6420      101.49
loop                       1     136.6065      136.6065      100.00
timestep                  10      13.6606      136.6056      100.00
  position               100       0.0167        1.6746        1.23
  velocity               200       0.0148        2.9557        2.16
  redistribute           101       0.0671        6.7801        4.96
    atomHalo             101       0.0254        2.5629        1.88
  force                  101       1.2519      126.4373       92.56
commHalo                 303       0.0033        0.9977        0.73
commReduce                39       0.0053        0.2065        0.15

Timing Statistics Across 24 Ranks:
        Timer        Rank: Min(s)       Rank: Max(s)      Avg(s)    Stdev(s)
_____________________________________________________________________________
total                4:  138.6290       0:  138.6420    138.6390      0.0051
loop                 0:  136.6065      23:  136.6065    136.6065      0.0000
timestep             0:  136.6056      19:  136.6061    136.6061      0.0001
  position           5:    1.4965       2:    1.6965      1.6323      0.0464
  velocity           3:    2.8185      14:    3.0767      2.9540      0.0655
  redistribute      20:    6.7187       3:    7.0300      6.8383      0.0797
    atomHalo         9:    2.5610       3:    2.8536      2.6774      0.0777
  force              6:  126.2870       5:  126.5809    126.4054      0.0703
commHalo            23:    0.9798       3:    1.3263      1.1350      0.0983
commReduce           9:    0.1400      15:    0.3574      0.2505      0.0736

---------------------------------------------------
 Average atom update rate:       2.74 us/atom/task
---------------------------------------------------


---------------------------------------------------
 Average all atom update rate:   0.11 us/atom
---------------------------------------------------


---------------------------------------------------
 Average atom rate:              8.74 atoms/us
---------------------------------------------------

Tue Dec 15 05:56:58 2015: CoMD Ending

real 138.71
user 3307.74
sys 17.92
