      creating/filling mesh...0.0687289s, total time: 0.0687299
generating matrix structure...1.89137s, total time: 1.96009
         assembling FE data...3.32664s, total time: 5.28673
      imposing Dirichlet BC...0.509607s, total time: 5.79634
      imposing Dirichlet BC...0.0391729s, total time: 5.83551
making matrix indices local...1.5498s, total time: 7.38531
Starting CG solver ... 
Initial Residual = 464.73
Iteration = 20   Residual = 0.0662119
Iteration = 40   Residual = 0.0318145
Iteration = 60   Residual = 0.020377
Iteration = 80   Residual = 0.0146777
Iteration = 100   Residual = 0.011273
Iteration = 120   Residual = 0.00905943
Iteration = 140   Residual = 0.00854794
Iteration = 160   Residual = 0.0256261
Iteration = 180   Residual = 0.0539459
Iteration = 200   Residual = 0.016156
Final Resid Norm: 0.016156
real 60.38
user 1280.50
sys 164.20
