      creating/filling mesh...0.0970531s, total time: 0.0970531
generating matrix structure...1.65243s, total time: 1.74949
         assembling FE data...3.28865s, total time: 5.03814
      imposing Dirichlet BC...0.510144s, total time: 5.54828
      imposing Dirichlet BC...0.0390129s, total time: 5.58729
making matrix indices local...0.897832s, total time: 6.48512
Starting CG solver ... 
Initial Residual = 328.934
Iteration = 20   Residual = 0.530309
Iteration = 40   Residual = 0.0421271
Iteration = 60   Residual = 0.0260162
Iteration = 80   Residual = 0.0380579
Iteration = 100   Residual = 0.0147196
Iteration = 120   Residual = 0.0115025
Iteration = 140   Residual = 0.010997
Iteration = 160   Residual = 0.00779659
Iteration = 180   Residual = 0.00645927
Iteration = 200   Residual = 0.00546653
Final Resid Norm: 0.00546653
real 28.44
user 676.18
sys 4.16
