      creating/filling mesh...0.068145s, total time: 0.068145
generating matrix structure...1.93471s, total time: 2.00286
         assembling FE data...3.29143s, total time: 5.29429
      imposing Dirichlet BC...0.510615s, total time: 5.8049
      imposing Dirichlet BC...0.03899s, total time: 5.84389
making matrix indices local...0.933828s, total time: 6.77772
Starting CG solver ... 
Initial Residual = 656.836
Iteration = 20   Residual = 0.0884182
Iteration = 40   Residual = 0.046202
Iteration = 60   Residual = 0.0765588
Iteration = 80   Residual = 0.0232523
Iteration = 100   Residual = 0.0172792
Iteration = 120   Residual = 0.0140157
Iteration = 140   Residual = 0.0118412
Iteration = 160   Residual = 0.0120409
Iteration = 180   Residual = 0.00881928
Iteration = 200   Residual = 0.00776062
Final Resid Norm: 0.00776062
real 63.90
user 1305.44
sys 218.01
