      creating/filling mesh...0.073499s, total time: 0.0734999
generating matrix structure...1.69741s, total time: 1.77091
         assembling FE data...3.33484s, total time: 5.10575
      imposing Dirichlet BC...0.509816s, total time: 5.61557
      imposing Dirichlet BC...0.0391099s, total time: 5.65468
making matrix indices local...1.64635s, total time: 7.30103
Starting CG solver ... 
Initial Residual = 464.73
Iteration = 20   Residual = 0.0662119
Iteration = 40   Residual = 0.0318145
Iteration = 60   Residual = 0.020377
Iteration = 80   Residual = 0.0146777
Iteration = 100   Residual = 0.011273
Iteration = 120   Residual = 0.00905943
Iteration = 140   Residual = 0.00854794
Iteration = 160   Residual = 0.0256261
Iteration = 180   Residual = 0.0539459
Iteration = 200   Residual = 0.016156
Final Resid Norm: 0.016156
real 59.96
user 1270.85
sys 163.30
