      creating/filling mesh...0.0689511s, total time: 0.0689511
generating matrix structure...1.98605s, total time: 2.055
         assembling FE data...3.29216s, total time: 5.34716
      imposing Dirichlet BC...0.510911s, total time: 5.85807
      imposing Dirichlet BC...0.0389788s, total time: 5.89705
making matrix indices local...0.921325s, total time: 6.81837
Starting CG solver ... 
Initial Residual = 656.836
Iteration = 20   Residual = 0.0884182
Iteration = 40   Residual = 0.046202
Iteration = 60   Residual = 0.0765588
Iteration = 80   Residual = 0.0232523
Iteration = 100   Residual = 0.0172792
Iteration = 120   Residual = 0.0140157
Iteration = 140   Residual = 0.0118412
Iteration = 160   Residual = 0.0120409
Iteration = 180   Residual = 0.00881928
Iteration = 200   Residual = 0.00776062
Final Resid Norm: 0.00776062
real 60.65
user 1246.40
sys 203.29
