
Clover Version    1.000
       MPI Version
   Task Count    384

 Output file clover.out opened. All output will go there.

Clover Version    1.000
       MPI Version
   Task Count    384

 Step       1 time   0.0000000 control    sound    timestep   1.93E-04       1,       1 x  1.63E-04 y  1.63E-04
 Wall clock    3.2898452281951904     
 Average time per cell    3.4860454434237911E-009
 Step time per cell       3.4860454434237911E-009
 Step       2 time   0.0001926 control    sound    timestep   1.18E-04       1,       1 x  1.63E-04 y  1.63E-04
 Wall clock    6.6429672241210938     
 Average time per cell    3.5195706813182267E-009
 Step time per cell       3.5528852196067521E-009
 Step       3 time   0.0003101 control    sound    timestep   1.49E-04       1,       1 x  1.63E-04 y  1.63E-04
 Wall clock    9.9206371307373047     
 Average time per cell    3.5040951236927263E-009
 Step time per cell       3.4729522566421011E-009
 Step       4 time   0.0004595 control    sound    timestep   1.57E-04       1,       1 x  1.63E-04 y  1.63E-04
 Wall clock    13.187813043594360     
 Average time per cell    3.4935773859009106E-009
 Step time per cell       3.4618293890768352E-009
 Step       5 time   0.0006169 control    sound    timestep   1.73E-04       1,       1 x  1.63E-04 y  1.63E-04
 Wall clock    16.449160099029541     
 Average time per cell    3.4860314473108803E-009
 Step time per cell       3.4556705941213297E-009
 Step       6 time   0.0007900 control    sound    timestep   1.73E-04       1,       1 x  1.63E-04 y  1.63E-04
 Wall clock    19.718074083328247     
 Average time per cell    3.4823371893084926E-009
 Step time per cell       3.4637037060747390E-009
 Step       7 time   0.0009628 control    sound    timestep   1.76E-04       1,       1 x  1.63E-04 y  1.63E-04
 Wall clock    22.986968040466309     
 Average time per cell    3.4796954019434957E-009
 Step time per cell       3.4636920847535495E-009
 Step       8 time   0.0011389 control    sound    timestep   1.85E-04       1,       1 x  1.63E-04 y  1.63E-04
 Wall clock    26.246846199035645     
 Average time per cell    3.4765198759285138E-009
 Step time per cell       3.4541322848882476E-009
 Step       9 time   0.0013241 control    sound    timestep   1.83E-04       1,       1 x  1.63E-04 y  1.63E-04
 Wall clock    29.533396005630493     
 Average time per cell    3.4771902773857698E-009
 Step time per cell       3.4823948327458412E-009
 Step      10 time   0.0015073 control    sound    timestep   1.82E-04       1,       1 x  1.63E-04 y  1.63E-04
 Wall clock    32.943815231323242     
 Average time per cell    3.4908522745051112E-009
 Step time per cell       3.6136248127149882E-009
 Step      11 time   0.0016892 control    sound    timestep   1.81E-04       1,       1 x  1.63E-04 y  1.63E-04
 Wall clock    36.202831029891968     
 Average time per cell    3.4874454681215351E-009
 Step time per cell       3.4533213187791665E-009
 Step      12 time   0.0018698 control    sound    timestep   1.80E-04       1,       1 x  1.63E-04 y  1.63E-04
 Wall clock    39.467663049697876     
 Average time per cell    3.4851200536178548E-009
 Step time per cell       3.4593431842545719E-009
 Step      13 time   0.0020497 control    sound    timestep   1.80E-04       1,       1 x  1.63E-04 y  1.63E-04
 Wall clock    42.724248170852661     
 Average time per cell    3.4824801853255461E-009
 Step time per cell       3.4506426042450280E-009
 Step      14 time   0.0022300 control    sound    timestep   1.81E-04       1,       1 x  1.63E-04 y  1.63E-04
 Wall clock    45.997946023941040     
 Average time per cell    3.4815126770217108E-009
 Step time per cell       3.4687688336513628E-009
 Step      15 time   0.0024111 control    sound    timestep   1.81E-04       1,       1 x  1.63E-04 y  1.63E-04
 Wall clock    49.269369125366211     
 Average time per cell    3.4805134755852459E-009
 Step time per cell       3.4663349247744513E-009
 Step      16 time   0.0025924 control    sound    timestep   1.81E-04       1,       1 x  1.63E-04 y  1.63E-04
 Wall clock    52.534348011016846     
 Average time per cell    3.4792123907815646E-009
 Step time per cell       3.4595298833058528E-009
 Step      17 time   0.0027738 control    sound    timestep   1.81E-04       1,       1 x  1.63E-04 y  1.63E-04
 Wall clock    55.796236038208008     
 Average time per cell    3.4778717164561956E-009
 Step time per cell       3.4562056801708725E-009
 Step      18 time   0.0029553 control    sound    timestep   1.82E-04       1,       1 x  1.63E-04 y  1.63E-04
 Wall clock    59.061565160751343     
 Average time per cell    3.4768825790470822E-009
 Step time per cell       3.4598987339349051E-009
 Step      19 time   0.0031369 control    sound    timestep   1.82E-04       1,       1 x  1.63E-04 y  1.63E-04
 Wall clock    62.325421094894409     
 Average time per cell    3.4759154010178419E-009
 Step time per cell       3.4583230343640835E-009
 Step      20 time   0.0033184 control    sound    timestep   1.82E-04       1,       1 x  1.63E-04 y  1.63E-04
 Wall clock    65.730861186981201     
 Average time per cell    3.4825463394049113E-009
 Step time per cell       3.6083550488304657E-009
 Step      21 time   0.0035000 control    sound    timestep   1.82E-04       1,       1 x  1.63E-04 y  1.63E-04
 Wall clock    68.990063190460205     
 Average time per cell    3.4811667382003241E-009
 Step time per cell       3.4535090283801157E-009
 Step      22 time   0.0036817 control    sound    timestep   1.82E-04       1,       1 x  1.63E-04 y  1.63E-04
 Wall clock    72.241345167160034     
 Average time per cell    3.4795310842706716E-009
 Step time per cell       3.4450542645774680E-009
 Step      23 time   0.0038634 control    sound    timestep   1.82E-04       1,       1 x  1.63E-04 y  1.63E-04
 Wall clock    75.513996124267578     
 Average time per cell    3.4790221561794731E-009
 Step time per cell       3.4676605133022853E-009
 Step      24 time   0.0040452 control    sound    timestep   1.82E-04       1,       1 x  1.63E-04 y  1.63E-04
 Wall clock    78.792149066925049     
 Average time per cell    3.4787985601656990E-009
 Step time per cell       3.4734100356419932E-009
 Step      25 time   0.0042270 control    sound    timestep   1.82E-04       1,       1 x  1.63E-04 y  1.63E-04
 Wall clock    82.050410032272339     
 Average time per cell    3.4777497199279930E-009
 Step time per cell       3.4524004553936216E-009
 Step      26 time   0.0044089 control    sound    timestep   1.82E-04       1,       1 x  1.63E-04 y  1.63E-04
 Wall clock    85.329082012176514     
 Average time per cell    3.4776134169886873E-009
 Step time per cell       3.4740416291848910E-009
 Step      27 time   0.0045908 control    sound    timestep   1.82E-04       1,       1 x  1.63E-04 y  1.63E-04
 Wall clock    88.591764211654663     
 Average time per cell    3.4768596779330636E-009
 Step time per cell       3.4570800582716604E-009
 Step      28 time   0.0047727 control    sound    timestep   1.82E-04       1,       1 x  1.63E-04 y  1.63E-04
 Wall clock    91.858162164688110     
 Average time per cell    3.4763003971723569E-009
 Step time per cell       3.4610441919843047E-009
 Step      29 time   0.0049547 control    sound    timestep   1.82E-04       1,       1 x  1.63E-04 y  1.63E-04
 Wall clock    95.124960184097290     
 Average time per cell    3.4757943056222504E-009
 Step time per cell       3.4614711492193036E-009
 Step      30 time   0.0051367 control    sound    timestep   1.82E-04       1,       1 x  1.63E-04 y  1.63E-04
 Wall clock    98.537130117416382     
 Average time per cell    3.4804566742726212E-009
 Step time per cell       3.6154862452046168E-009
 Step      31 time   0.0053187 control    sound    timestep   1.82E-04       1,       1 x  1.63E-04 y  1.63E-04
 Wall clock    101.78771710395813     
 Average time per cell    3.4792950368340514E-009
 Step time per cell       3.4443686066272980E-009
 Step      32 time   0.0055007 control    sound    timestep   1.82E-04       1,       1 x  1.63E-04 y  1.63E-04
 Wall clock    105.05521917343140     
 Average time per cell    3.4787661225739913E-009
 Step time per cell       3.4621906605833729E-009
 Step      33 time   0.0056827 control    sound    timestep   1.82E-04       1,       1 x  1.63E-04 y  1.63E-04
 Wall clock    108.31691813468933     
 Average time per cell    3.4780829244892790E-009
 Step time per cell       3.4560308550781982E-009
 Step      34 time   0.0058648 control    sound    timestep   1.82E-04       1,       1 x  1.63E-04 y  1.63E-04
 Wall clock    111.58038401603699     
 Average time per cell    3.4774949820536256E-009
 Step time per cell       3.4579094669121939E-009
 Step      35 time   0.0060468 control    sound    timestep   1.82E-04       1,       1 x  1.63E-04 y  1.63E-04
 Wall clock    114.84018421173096     
 Average time per cell    3.4768296563203284E-009
 Step time per cell       3.4540484092657505E-009
 Step      36 time   0.0062289 control    sound    timestep   1.82E-04       1,       1 x  1.63E-04 y  1.63E-04
 Wall clock    118.10779809951782     
 Average time per cell    3.4764312844075633E-009
 Step time per cell       3.4623051053333457E-009
 Step      37 time   0.0064110 control    sound    timestep   1.82E-04       1,       1 x  1.63E-04 y  1.63E-04
 Wall clock    121.38009619712830     
 Average time per cell    3.4761885965802159E-009
 Step time per cell       3.4672813045391297E-009
 Step      38 time   0.0065932 control    sound    timestep   1.82E-04       1,       1 x  1.63E-04 y  1.63E-04
 Wall clock    124.64139914512634     
 Average time per cell    3.4756520796972782E-009
 Step time per cell       3.4555953081710159E-009
 Step      39 time   0.0067754 control    sound    timestep   1.82E-04       1,       1 x  1.63E-04 y  1.63E-04
 Wall clock    127.90723204612732     
 Average time per cell    3.4752661562679790E-009
 Step time per cell       3.4604497361417290E-009
 Step      40 time   0.0069576 control    sound    timestep   1.82E-04       1,       1 x  1.63E-04 y  1.63E-04
 Wall clock    131.32079505920410     
 Average time per cell    3.4788130405003258E-009
 Step time per cell       3.6169432051893737E-009
 Step      41 time   0.0071398 control    sound    timestep   1.82E-04       1,       1 x  1.63E-04 y  1.63E-04
 Wall clock    134.57275104522705     
 Average time per cell    3.4780101994570562E-009
 Step time per cell       3.4458053556186821E-009
 Step      42 time   0.0073220 control    sound    timestep   1.82E-04       1,       1 x  1.63E-04 y  1.63E-04
 Wall clock    137.83812808990479     
 Average time per cell    3.4775841952607692E-009
 Step time per cell       3.4599525457047598E-009
 Step      43 time   0.0075043 control    sound    timestep   1.82E-04       1,       1 x  1.63E-04 y  1.63E-04
 Wall clock    141.10411214828491     
 Average time per cell    3.4771929636983580E-009
 Step time per cell       3.4605937394695097E-009
 Step      44 time   0.0076865 control    sound    timestep   1.82E-04       1,       1 x  1.63E-04 y  1.63E-04
 Wall clock    144.36778903007507     
 Average time per cell    3.4767639523822871E-009
 Step time per cell       3.4581489671836608E-009
 Step      45 time   0.0078687 control    sound    timestep   1.82E-04       1,       1 x  1.63E-04 y  1.63E-04
 Wall clock    147.63177609443665     
 Average time per cell    3.4763613122642576E-009
 Step time per cell       3.4584849749484825E-009
 Step      46 time   0.0080510 control    sound    timestep   1.82E-04       1,       1 x  1.63E-04 y  1.63E-04
 Wall clock    150.91344618797302     
 Average time per cell    3.4763835176286609E-009
 Step time per cell       3.4772036390980551E-009
 Step      47 time   0.0082333 control    sound    timestep   1.82E-04       1,       1 x  1.63E-04 y  1.63E-04
 Wall clock    154.17373418807983     
 Average time per cell    3.4759227082651520E-009
 Step time per cell       3.4545061882656430E-009
 Step      48 time   0.0084156 control    sound    timestep   1.82E-04       1,       1 x  1.63E-04 y  1.63E-04
 Wall clock    157.43423700332642     
 Average time per cell    3.4754858415066405E-009
 Step time per cell       3.4547845946993523E-009
 Step      49 time   0.0085979 control    sound    timestep   1.82E-04       1,       1 x  1.63E-04 y  1.63E-04
 Wall clock    160.70086407661438     
 Average time per cell    3.4751992447655084E-009
 Step time per cell       3.4612771236829252E-009
 Step      50 time   0.0087802 control    sound    timestep   1.82E-04       1,       1 x  1.63E-04 y  1.63E-04
 Wall clock    164.10821700096130     
 Average time per cell    3.4779064814453402E-009
 Step time per cell       3.6103882747637624E-009
 Step      51 time   0.0089626 control    sound    timestep   1.82E-04       1,       1 x  1.63E-04 y  1.63E-04
 Wall clock    167.36731505393982     
 Average time per cell    3.4774272281659159E-009
 Step time per cell       3.4534082260506693E-009
 Step      52 time   0.0091450 control    sound    timestep   1.82E-04       1,       1 x  1.63E-04 y  1.63E-04
 Wall clock    170.63105416297913     
 Average time per cell    3.4770609815503621E-009
 Step time per cell       3.4581704413641194E-009
 Step      53 time   0.0093274 control    sound    timestep   1.82E-04       1,       1 x  1.63E-04 y  1.63E-04
 Wall clock    173.89084100723267     
 Average time per cell    3.4766295372511641E-009
 Step time per cell       3.4540365353071443E-009
 Step      54 time   0.0095098 control    sound    timestep   1.82E-04       1,       1 x  1.63E-04 y  1.63E-04
 Wall clock    177.16097021102905     
 Average time per cell    3.4764170197504353E-009
 Step time per cell       3.4649891252532444E-009
 Step      55 time   0.0096922 control    sound    timestep   1.82E-04       1,       1 x  1.63E-04 y  1.63E-04
 Wall clock    180.43142509460449     
 Average time per cell    3.4762185047535846E-009
 Step time per cell       3.4653483756604451E-009
 Step      56 time   0.0098746 control    sound    timestep   1.82E-04       1,       1 x  1.63E-04 y  1.63E-04
 Wall clock    183.68706202507019     
 Average time per cell    3.4757466926474458E-009
 Step time per cell       3.4495608108247528E-009
 Step      57 time   0.0100570 control    sound    timestep   1.82E-04       1,       1 x  1.63E-04 y  1.63E-04
 Wall clock    186.94962620735168     
 Average time per cell    3.4754202139512684E-009
 Step time per cell       3.4569699083577790E-009
 Step      58 time   0.0102395 control    sound    timestep   1.82E-04       1,       1 x  1.63E-04 y  1.63E-04
 Wall clock    190.21010518074036     
 Average time per cell    3.4750668971609862E-009
 Step time per cell       3.4545582315735778E-009
 Step      59 time   0.0104219 control    sound    timestep   1.82E-04       1,       1 x  1.63E-04 y  1.63E-04
 Wall clock    193.47800111770630     
 Average time per cell    3.4748587656417370E-009
 Step time per cell       3.4625996805617535E-009
 Step      60 time   0.0106044 control    sound    timestep   1.82E-04       1,       1 x  1.63E-04 y  1.63E-04
 Wall clock    196.88482213020325     
 Average time per cell    3.4771110769590314E-009
 Step time per cell       3.6098385357440244E-009
 Step      61 time   0.0107868 control    sound    timestep   1.82E-04       1,       1 x  1.63E-04 y  1.63E-04
 Wall clock    200.14144420623779     
 Average time per cell    3.4766804187239244E-009
 Step time per cell       3.4507413854751374E-009
 Step      62 time   0.0109693 control    sound    timestep   1.82E-04       1,       1 x  1.63E-04 y  1.63E-04
 Wall clock    203.40602612495422     
 Average time per cell    3.4763996938642931E-009
 Step time per cell       3.4591251581635637E-009
 Step      63 time   0.0111518 control    sound    timestep   1.83E-04       1,       1 x  1.63E-04 y  1.63E-04
 Wall clock    206.67580914497375     
 Average time per cell    3.4762153616233058E-009
 Step time per cell       3.4646099164900888E-009
 Step      64 time   0.0113343 control    sound    timestep   1.83E-04       1,       1 x  1.63E-04 y  1.63E-04
 Wall clock    209.94724011421204     
 Average time per cell    3.4760640746059028E-009
 Step time per cell       3.4663561463174929E-009
 Step      65 time   0.0115168 control    sound    timestep   1.83E-04       1,       1 x  1.63E-04 y  1.63E-04
 Wall clock    213.21972107887268     
 Average time per cell    3.4759345597303454E-009
 Step time per cell       3.4674485505092889E-009
 Step      66 time   0.0116994 control    sound    timestep   1.83E-04       1,       1 x  1.63E-04 y  1.63E-04
 Wall clock    216.48415422439575     
 Average time per cell    3.4756797608204684E-009
 Step time per cell       3.4589493225212211E-009
 Step      67 time   0.0118819 control    sound    timestep   1.83E-04       1,       1 x  1.63E-04 y  1.63E-04
 Wall clock    219.73728609085083     
 Average time per cell    3.4752538325316213E-009
 Step time per cell       3.4469816354329748E-009
 Step      68 time   0.0120645 control    sound    timestep   1.83E-04       1,       1 x  1.63E-04 y  1.63E-04
 Wall clock    223.01488614082336     
 Average time per cell    3.4752217171367223E-009
 Step time per cell       3.4728835392646337E-009
 Step      69 time   0.0122471 control    sound    timestep   1.83E-04       1,       1 x  1.63E-04 y  1.63E-04
 Wall clock    226.27439022064209     
 Average time per cell    3.4749126314639598E-009
 Step time per cell       3.4537401916168162E-009
 Step      70 time   0.0124297 control    sound    timestep   1.83E-04       1,       1 x  1.63E-04 y  1.63E-04
 Wall clock    229.68364214897156     
 Average time per cell    3.4768792129542570E-009
 Step time per cell       3.6123669310149529E-009
 Step      71 time   0.0126123 control    sound    timestep   1.83E-04       1,       1 x  1.63E-04 y  1.63E-04
 Wall clock    232.95397305488586     
 Average time per cell    3.4767170736657005E-009
 Step time per cell       3.4652857215809896E-009
 Step      72 time   0.0127949 control    sound    timestep   1.83E-04       1,       1 x  1.63E-04 y  1.63E-04
 Wall clock    236.19058418273926     
 Average time per cell    3.4760631776553505E-009
 Step time per cell       3.4294723465993431E-009
 Step      73 time   0.0129775 control    sound    timestep   1.83E-04       1,       1 x  1.63E-04 y  1.63E-04
 Wall clock    239.46223306655884     
 Average time per cell    3.4759357903327946E-009
 Step time per cell       3.4663273456519366E-009
 Step      74 time   0.0131601 control    sound    timestep   1.83E-04       1,       1 x  1.63E-04 y  1.63E-04
 Wall clock    242.72666716575623     
 Average time per cell    3.4757085342773262E-009
 Step time per cell       3.4589619543920788E-009
 Step      75 time   0.0133427 control    sound    timestep   1.83E-04       1,       1 x  1.63E-04 y  1.63E-04
 Wall clock    245.99402999877930     
 Average time per cell    3.4755287170237690E-009
 Step time per cell       3.4620039615320920E-009
 Step      76 time   0.0135254 control    sound    timestep   1.83E-04       1,       1 x  1.63E-04 y  1.63E-04
 Wall clock    249.25411200523376     
 Average time per cell    3.4752521180999735E-009
 Step time per cell       3.4543596585636908E-009
 Step      77 time   0.0137080 control    sound    timestep   1.83E-04       1,       1 x  1.63E-04 y  1.63E-04
 Wall clock    252.52194118499756     
 Average time per cell    3.4750893165538503E-009
 Step time per cell       3.4625382896693837E-009
 Step      78 time   0.0138907 control    sound    timestep   1.83E-04       1,       1 x  1.63E-04 y  1.63E-04
 Wall clock    255.78587007522583     
 Average time per cell    3.4748777035665083E-009
 Step time per cell       3.4584053941620773E-009
 Step      79 time   0.0140733 control    sound    timestep   1.83E-04       1,       1 x  1.63E-04 y  1.63E-04
 Wall clock    259.04797005653381     
 Average time per cell    3.4746469164569846E-009
 Step time per cell       3.4564939394638510E-009
 Step      80 time   0.0142560 control    sound    timestep   1.83E-04       1,       1 x  1.63E-04 y  1.63E-04
 Wall clock    262.56623721122742     
 Average time per cell    3.4778149553302583E-009
 Step time per cell       3.7279351595821532E-009
 Step      81 time   0.0144387 control    sound    timestep   1.83E-04       1,       1 x  1.63E-04 y  1.63E-04
 Wall clock    265.78012514114380     
 Average time per cell    3.4769228965479819E-009
 Step time per cell       3.4055170140668957E-009
 Step      82 time   0.0146215 control    sound    timestep   1.83E-04       1,       1 x  1.63E-04 y  1.63E-04
 Wall clock    269.00837922096252     
 Average time per cell    3.4762382406653754E-009
 Step time per cell       3.4206030047951371E-009
 Step      83 time   0.0148042 control    sound    timestep   1.83E-04       1,       1 x  1.63E-04 y  1.63E-04
 Wall clock    272.31183218955994     
 Average time per cell    3.4765301260068544E-009
 Step time per cell       3.5002805513310403E-009
 Step      84 time   0.0149869 control    sound    timestep   1.83E-04       1,       1 x  1.63E-04 y  1.63E-04
 Wall clock    275.56882500648499     
 Average time per cell    3.4762289789805964E-009
 Step time per cell       3.4510465714750655E-009
 Step      85 time   0.0151697 control    sound    timestep   1.83E-04       1,       1 x  1.63E-04 y  1.63E-04
 Wall clock    278.84260416030884     
 Average time per cell    3.4761441817976615E-009
 Step time per cell       3.4688026870652621E-009
 Step      86 time   0.0153524 control    sound    timestep   1.83E-04       1,       1 x  1.63E-04 y  1.63E-04
 Wall clock    282.10754108428955     
 Average time per cell    3.4759524082249084E-009
 Step time per cell       3.4590001026420701E-009
 Step      87 time   0.0155351 control    sound    timestep   1.83E-04       1,       1 x  1.63E-04 y  1.63E-04
 Wall clock    285.50789618492126     
 First step overhead  -6.3077926635742188E-002
real 287.60
user 6852.13
sys 41.19
