
Clover Version    1.000
       MPI Version
   Task Count    384

 Output file clover.out opened. All output will go there.

Clover Version    1.000
       MPI Version
   Task Count    384

 Step       1 time   0.0000000 control    sound    timestep   1.93E-04       1,       1 x  1.63E-04 y  1.63E-04
 Wall clock    3.0897059440612793     
 Average time per cell    3.2739702267766310E-009
 Step time per cell       3.2739702267766310E-009
 Step       2 time   0.0001926 control    sound    timestep   1.18E-04       1,       1 x  1.63E-04 y  1.63E-04
 Wall clock    6.5767860412597656     
 Average time per cell    3.4845066289158744E-009
 Step time per cell       3.6949349022405739E-009
 Step       3 time   0.0003101 control    sound    timestep   1.49E-04       1,       1 x  1.63E-04 y  1.63E-04
 Wall clock    9.8421049118041992     
 Average time per cell    3.4763565458383202E-009
 Step time per cell       3.4596114851915950E-009
 Step       4 time   0.0004595 control    sound    timestep   1.57E-04       1,       1 x  1.63E-04 y  1.63E-04
 Wall clock    13.100223064422607     
 Average time per cell    3.4703739654812831E-009
 Step time per cell       3.4523127902098672E-009
 Step       5 time   0.0006169 control    sound    timestep   1.73E-04       1,       1 x  1.63E-04 y  1.63E-04
 Wall clock    16.369718074798584     
 Average time per cell    3.4691954877214610E-009
 Step time per cell       3.4643744584172963E-009
 Step       6 time   0.0007900 control    sound    timestep   1.73E-04       1,       1 x  1.63E-04 y  1.63E-04
 Wall clock    19.647731065750122     
 Average time per cell    3.4699141653820535E-009
 Step time per cell       3.4734070039929875E-009
 Step       7 time   0.0009628 control    sound    timestep   1.76E-04       1,       1 x  1.63E-04 y  1.63E-04
 Wall clock    22.909425973892212     
 Average time per cell    3.4679573261763878E-009
 Step time per cell       3.4561081621278490E-009
 Step       8 time   0.0011389 control    sound    timestep   1.85E-04       1,       1 x  1.63E-04 y  1.63E-04
 Wall clock    26.169218063354492     
 Average time per cell    3.4662376593688452E-009
 Step time per cell       3.4540845364164043E-009
 Step       9 time   0.0013241 control    sound    timestep   1.83E-04       1,       1 x  1.63E-04 y  1.63E-04
 Wall clock    29.430903911590576     
 Average time per cell    3.4651231072968115E-009
 Step time per cell       3.4561286257586389E-009
 Step      10 time   0.0015073 control    sound    timestep   1.82E-04       1,       1 x  1.63E-04 y  1.63E-04
 Wall clock    32.930968999862671     
 Average time per cell    3.4894910388377159E-009
 Step time per cell       3.7087132416975997E-009
 Step      11 time   0.0016892 control    sound    timestep   1.81E-04       1,       1 x  1.63E-04 y  1.63E-04
 Wall clock    36.107915878295898     
 Average time per cell    3.4783022214230528E-009
 Step time per cell       3.3663832255115267E-009
 Step      12 time   0.0018698 control    sound    timestep   1.80E-04       1,       1 x  1.63E-04 y  1.63E-04
 Wall clock    39.376274108886719     
 Average time per cell    3.4770501197608946E-009
 Step time per cell       3.4631794834341336E-009
 Step      13 time   0.0020497 control    sound    timestep   1.80E-04       1,       1 x  1.63E-04 y  1.63E-04
 Wall clock    42.644686937332153     
 Average time per cell    3.4759950994289555E-009
 Step time per cell       3.4632469376245152E-009
 Step      14 time   0.0022300 control    sound    timestep   1.81E-04       1,       1 x  1.63E-04 y  1.63E-04
 Wall clock    45.912857055664062     
 Average time per cell    3.4750724259379600E-009
 Step time per cell       3.4629937949325218E-009
 Step      15 time   0.0024111 control    sound    timestep   1.81E-04       1,       1 x  1.63E-04 y  1.63E-04
 Wall clock    49.164755105972290     
 Average time per cell    3.4731232753310231E-009
 Step time per cell       3.4457197115342651E-009
 Step      16 time   0.0025924 control    sound    timestep   1.81E-04       1,       1 x  1.63E-04 y  1.63E-04
 Wall clock    52.428932905197144     
 Average time per cell    3.4722310241856271E-009
 Step time per cell       3.4587563075345113E-009
 Step      17 time   0.0027738 control    sound    timestep   1.81E-04       1,       1 x  1.63E-04 y  1.63E-04
 Wall clock    55.712778091430664     
 Average time per cell    3.4726696445384470E-009
 Step time per cell       3.4796026840113981E-009
 Step      18 time   0.0029553 control    sound    timestep   1.82E-04       1,       1 x  1.63E-04 y  1.63E-04
 Wall clock    58.979310035705566     
 Average time per cell    3.4720403197786288E-009
 Step time per cell       3.4612445334561116E-009
 Step      19 time   0.0031369 control    sound    timestep   1.82E-04       1,       1 x  1.63E-04 y  1.63E-04
 Wall clock    62.237432956695557     
 Average time per cell    3.4710082649038858E-009
 Step time per cell       3.4523115270227814E-009
 Step      20 time   0.0033184 control    sound    timestep   1.82E-04       1,       1 x  1.63E-04 y  1.63E-04
 Wall clock    65.735662937164307     
 Average time per cell    3.4828007452839909E-009
 Step time per cell       3.7067613650126281E-009
 Step      21 time   0.0035000 control    sound    timestep   1.82E-04       1,       1 x  1.63E-04 y  1.63E-04
 Wall clock    68.917701959609985     
 Average time per cell    3.4775154658529487E-009
 Step time per cell       3.3717505074390729E-009
 Step      22 time   0.0036817 control    sound    timestep   1.82E-04       1,       1 x  1.63E-04 y  1.63E-04
 Wall clock    72.178040027618408     
 Average time per cell    3.4764819688324208E-009
 Step time per cell       3.4546893503930832E-009
 Step      23 time   0.0038634 control    sound    timestep   1.82E-04       1,       1 x  1.63E-04 y  1.63E-04
 Wall clock    75.450628042221069     
 Average time per cell    3.4761027111394887E-009
 Step time per cell       3.4676678397873829E-009
 Step      24 time   0.0040452 control    sound    timestep   1.82E-04       1,       1 x  1.63E-04 y  1.63E-04
 Wall clock    78.717655897140503     
 Average time per cell    3.4755095683707355E-009
 Step time per cell       3.4617763352192317E-009
 Step      25 time   0.0042270 control    sound    timestep   1.82E-04       1,       1 x  1.63E-04 y  1.63E-04
 Wall clock    81.978375911712646     
 Average time per cell    3.4746965158976509E-009
 Step time per cell       3.4550751277290853E-009
 Step      26 time   0.0044089 control    sound    timestep   1.82E-04       1,       1 x  1.63E-04 y  1.63E-04
 Wall clock    85.242036104202271     
 Average time per cell    3.4740658337928196E-009
 Step time per cell       3.4581936840064980E-009
 Step      27 time   0.0045908 control    sound    timestep   1.82E-04       1,       1 x  1.63E-04 y  1.63E-04
 Wall clock    88.501480102539062     
 Average time per cell    3.4733164007296410E-009
 Step time per cell       3.4537348862310561E-009
 Step      28 time   0.0047727 control    sound    timestep   1.82E-04       1,       1 x  1.63E-04 y  1.63E-04
 Wall clock    91.769207954406738     
 Average time per cell    3.4729339945659461E-009
 Step time per cell       3.4625117627405820E-009
 Step      29 time   0.0049547 control    sound    timestep   1.82E-04       1,       1 x  1.63E-04 y  1.63E-04
 Wall clock    95.034373998641968     
 Average time per cell    3.4724843547222518E-009
 Step time per cell       3.4597607939051363E-009
 Step      30 time   0.0051367 control    sound    timestep   1.82E-04       1,       1 x  1.63E-04 y  1.63E-04
 Wall clock    98.518932104110718     
 Average time per cell    3.4798138973133908E-009
 Step time per cell       3.6922794303488143E-009
 Step      31 time   0.0053187 control    sound    timestep   1.82E-04       1,       1 x  1.63E-04 y  1.63E-04
 Wall clock    101.68794488906860     
 Average time per cell    3.4758846354422553E-009
 Step time per cell       3.3579751996310532E-009
 Step      32 time   0.0055007 control    sound    timestep   1.82E-04       1,       1 x  1.63E-04 y  1.63E-04
 Wall clock    104.96249604225159     
 Average time per cell    3.4756957174093057E-009
 Step time per cell       3.4697321401229904E-009
 Step      33 time   0.0056827 control    sound    timestep   1.82E-04       1,       1 x  1.63E-04 y  1.63E-04
 Wall clock    108.22505593299866     
 Average time per cell    3.4751332065633220E-009
 Step time per cell       3.4570353414488232E-009
 Step      34 time   0.0058648 control    sound    timestep   1.82E-04       1,       1 x  1.63E-04 y  1.63E-04
 Wall clock    111.48358607292175     
 Average time per cell    3.4744781940722546E-009
 Step time per cell       3.4527799167941943E-009
 Step      35 time   0.0060468 control    sound    timestep   1.82E-04       1,       1 x  1.63E-04 y  1.63E-04
 Wall clock    114.77558493614197     
 Average time per cell    3.4748738890191327E-009
 Step time per cell       3.4882395993918182E-009
 Step      36 time   0.0062289 control    sound    timestep   1.82E-04       1,       1 x  1.63E-04 y  1.63E-04
 Wall clock    118.04356098175049     
 Average time per cell    3.4745405038713083E-009
 Step time per cell       3.4627681897189985E-009
 Step      37 time   0.0064110 control    sound    timestep   1.82E-04       1,       1 x  1.63E-04 y  1.63E-04
 Wall clock    121.29980587959290     
 Average time per cell    3.4738891727456930E-009
 Step time per cell       3.4503545975894667E-009
 Step      38 time   0.0065932 control    sound    timestep   1.82E-04       1,       1 x  1.63E-04 y  1.63E-04
 Wall clock    124.56462788581848     
 Average time per cell    3.4735112967078025E-009
 Step time per cell       3.4594364074615036E-009
 Step      39 time   0.0067754 control    sound    timestep   1.82E-04       1,       1 x  1.63E-04 y  1.63E-04
 Wall clock    127.83346509933472     
 Average time per cell    3.4732618929473008E-009
 Step time per cell       3.4636986533263955E-009
 Step      40 time   0.0069576 control    sound    timestep   1.82E-04       1,       1 x  1.63E-04 y  1.63E-04
 Wall clock    131.32223200798035     
 Average time per cell    3.4788511066431559E-009
 Step time per cell       3.6967309016391583E-009
 Step      41 time   0.0071398 control    sound    timestep   1.82E-04       1,       1 x  1.63E-04 y  1.63E-04
 Wall clock    134.49628710746765     
 Average time per cell    3.4760340017992668E-009
 Step time per cell       3.3633212600155578E-009
 Step      42 time   0.0073220 control    sound    timestep   1.82E-04       1,       1 x  1.63E-04 y  1.63E-04
 Wall clock    137.75475597381592     
 Average time per cell    3.4754807601862084E-009
 Step time per cell       3.4526952832594464E-009
 Step      43 time   0.0075043 control    sound    timestep   1.82E-04       1,       1 x  1.63E-04 y  1.63E-04
 Wall clock    141.02049088478088     
 Average time per cell    3.4751323060417885E-009
 Step time per cell       3.4604029982195548E-009
 Step      44 time   0.0076865 control    sound    timestep   1.82E-04       1,       1 x  1.63E-04 y  1.63E-04
 Wall clock    144.27620410919189     
 Average time per cell    3.4745583416040952E-009
 Step time per cell       3.4497886897750301E-009
 Step      45 time   0.0078687 control    sound    timestep   1.82E-04       1,       1 x  1.63E-04 y  1.63E-04
 Wall clock    147.53859305381775     
 Average time per cell    3.4741670833120874E-009
 Step time per cell       3.4568531898710513E-009
 Step      46 time   0.0080510 control    sound    timestep   1.82E-04       1,       1 x  1.63E-04 y  1.63E-04
 Wall clock    150.80580592155457     
 Average time per cell    3.4739039582688926E-009
 Step time per cell       3.4619594973466719E-009
 Step      47 time   0.0082333 control    sound    timestep   1.82E-04       1,       1 x  1.63E-04 y  1.63E-04
 Wall clock    154.10243892669678     
 Average time per cell    3.4743153215119016E-009
 Step time per cell       3.4931288913260989E-009
 Step      48 time   0.0084156 control    sound    timestep   1.82E-04       1,       1 x  1.63E-04 y  1.63E-04
 Wall clock    157.36765003204346     
 Average time per cell    3.4740158812214590E-009
 Step time per cell       3.4598423957908785E-009
 Step      49 time   0.0085979 control    sound    timestep   1.82E-04       1,       1 x  1.63E-04 y  1.63E-04
 Wall clock    160.62126708030701     
 Average time per cell    3.4734779383926870E-009
 Step time per cell       3.4475750807258818E-009
 Step      50 time   0.0087802 control    sound    timestep   1.82E-04       1,       1 x  1.63E-04 y  1.63E-04
 Wall clock    164.10878300666809     
 Average time per cell    3.4779184766699067E-009
 Step time per cell       3.6953851021179514E-009
 Step      51 time   0.0089626 control    sound    timestep   1.82E-04       1,       1 x  1.63E-04 y  1.63E-04
 Wall clock    167.29000091552734     
 Average time per cell    3.4758208554404463E-009
 Step time per cell       3.3709102353896015E-009
 Step      52 time   0.0091450 control    sound    timestep   1.82E-04       1,       1 x  1.63E-04 y  1.63E-04
 Wall clock    170.55473303794861     
 Average time per cell    3.4755057358935063E-009
 Step time per cell       3.4593401526055662E-009
 Step      53 time   0.0093274 control    sound    timestep   1.82E-04       1,       1 x  1.63E-04 y  1.63E-04
 Wall clock    173.75881600379944     
 Average time per cell    3.4739899386159916E-009
 Step time per cell       3.3950815729137201E-009
 Step      54 time   0.0095098 control    sound    timestep   1.82E-04       1,       1 x  1.63E-04 y  1.63E-04
 Wall clock    177.08029103279114     
 Average time per cell    3.4748338580188659E-009
 Step time per cell       3.5194673526146088E-009
 Step      55 time   0.0096922 control    sound    timestep   1.82E-04       1,       1 x  1.63E-04 y  1.63E-04
 Wall clock    180.34084606170654     
 Average time per cell    3.4744733957176311E-009
 Step time per cell       3.4549162187936923E-009
 Step      56 time   0.0098746 control    sound    timestep   1.82E-04       1,       1 x  1.63E-04 y  1.63E-04
 Wall clock    183.61115097999573     
 Average time per cell    3.4743102955438927E-009
 Step time per cell       3.4652349414601406E-009
 Step      57 time   0.0100570 control    sound    timestep   1.82E-04       1,       1 x  1.63E-04 y  1.63E-04
 Wall clock    186.87755298614502     
 Average time per cell    3.4740803624899535E-009
 Step time per cell       3.4611235201332924E-009
 Step      58 time   0.0102395 control    sound    timestep   1.82E-04       1,       1 x  1.63E-04 y  1.63E-04
 Wall clock    190.13851594924927     
 Average time per cell    3.4737589888965357E-009
 Step time per cell       3.4553451971280287E-009
 Step      59 time   0.0104219 control    sound    timestep   1.82E-04       1,       1 x  1.63E-04 y  1.63E-04
 Wall clock    193.40133190155029     
 Average time per cell    3.4734817889504565E-009
 Step time per cell       3.4573059161226008E-009
 Step      60 time   0.0106044 control    sound    timestep   1.82E-04       1,       1 x  1.63E-04 y  1.63E-04
 Wall clock    196.89694094657898     
 Average time per cell    3.4773251029576014E-009
 Step time per cell       3.7039894272715579E-009
 Step      61 time   0.0107868 control    sound    timestep   1.82E-04       1,       1 x  1.63E-04 y  1.63E-04
 Wall clock    200.06822609901428     
 Average time per cell    3.4754085384260203E-009
 Step time per cell       3.3603838447662483E-009
 Step      62 time   0.0109693 control    sound    timestep   1.82E-04       1,       1 x  1.63E-04 y  1.63E-04
 Wall clock    203.33491396903992     
 Average time per cell    3.4751843204470930E-009
 Step time per cell       3.4614138005256083E-009
 Step      63 time   0.0111518 control    sound    timestep   1.83E-04       1,       1 x  1.63E-04 y  1.63E-04
 Wall clock    206.60631608963013     
 Average time per cell    3.4750465125571717E-009
 Step time per cell       3.4664145055608565E-009
 Step      64 time   0.0113343 control    sound    timestep   1.83E-04       1,       1 x  1.63E-04 y  1.63E-04
 Wall clock    209.87588310241699     
 Average time per cell    3.4748826275669370E-009
 Step time per cell       3.4644616183262162E-009
 Step      65 time   0.0115168 control    sound    timestep   1.83E-04       1,       1 x  1.63E-04 y  1.63E-04
 Wall clock    213.14380002021790     
 Average time per cell    3.4746968851369531E-009
 Step time per cell       3.4627227149839101E-009
 Step      66 time   0.0116994 control    sound    timestep   1.83E-04       1,       1 x  1.63E-04 y  1.63E-04
 Wall clock    216.40304207801819     
 Average time per cell    3.4743774953196456E-009
 Step time per cell       3.4535292393734885E-009
 Step      67 time   0.0118819 control    sound    timestep   1.83E-04       1,       1 x  1.63E-04 y  1.63E-04
 Wall clock    219.67651295661926     
 Average time per cell    3.4742926753633929E-009
 Step time per cell       3.4685970402076945E-009
 Step      68 time   0.0120645 control    sound    timestep   1.83E-04       1,       1 x  1.63E-04 y  1.63E-04
 Wall clock    222.92810702323914     
 Average time per cell    3.4738694456393288E-009
 Step time per cell       3.4454039147628162E-009
 Step      69 time   0.0122471 control    sound    timestep   1.83E-04       1,       1 x  1.63E-04 y  1.63E-04
 Wall clock    226.19342708587646     
 Average time per cell    3.4736692745847051E-009
 Step time per cell       3.4599581037279375E-009
 Step      70 time   0.0124297 control    sound    timestep   1.83E-04       1,       1 x  1.63E-04 y  1.63E-04
 Wall clock    229.67936205863953     
 Average time per cell    3.4768144222840735E-009
 Step time per cell       3.6937290638484733E-009
 Step      71 time   0.0126123 control    sound    timestep   1.83E-04       1,       1 x  1.63E-04 y  1.63E-04
 Wall clock    232.84504008293152     
 Average time per cell    3.4750913056287261E-009
 Step time per cell       3.3544425706269168E-009
 Step      72 time   0.0127949 control    sound    timestep   1.83E-04       1,       1 x  1.63E-04 y  1.63E-04
 Wall clock    236.13699102401733     
 Average time per cell    3.4752744366212733E-009
 Step time per cell       3.4881804822362029E-009
 Step      73 time   0.0129775 control    sound    timestep   1.83E-04       1,       1 x  1.63E-04 y  1.63E-04
 Wall clock    239.38497400283813     
 Average time per cell    3.4748143293772388E-009
 Step time per cell       3.4415966688862278E-009
 Step      74 time   0.0131601 control    sound    timestep   1.83E-04       1,       1 x  1.63E-04 y  1.63E-04
 Wall clock    242.66594099998474     
 Average time per cell    3.4748389699435413E-009
 Step time per cell       3.4765200022472226E-009
 Step      75 time   0.0133427 control    sound    timestep   1.83E-04       1,       1 x  1.63E-04 y  1.63E-04
 Wall clock    245.93012404441833     
 Average time per cell    3.4746258212113320E-009
 Step time per cell       3.4587606023706032E-009
 Step      76 time   0.0135254 control    sound    timestep   1.83E-04       1,       1 x  1.63E-04 y  1.63E-04
 Wall clock    249.19470191001892     
 Average time per cell    3.4744237864926394E-009
 Step time per cell       3.4591749277347440E-009
 Step      77 time   0.0137080 control    sound    timestep   1.83E-04       1,       1 x  1.63E-04 y  1.63E-04
 Wall clock    252.44986391067505     
 Average time per cell    3.4740974226820185E-009
 Step time per cell       3.4491856442602715E-009
 Step      78 time   0.0138907 control    sound    timestep   1.83E-04       1,       1 x  1.63E-04 y  1.63E-04
 Wall clock    255.71290206909180     
 Average time per cell    3.4738864255982832E-009
 Step time per cell       3.4575451637566505E-009
 Step      79 time   0.0140733 control    sound    timestep   1.83E-04       1,       1 x  1.63E-04 y  1.63E-04
 Wall clock    258.97056102752686     
 Average time per cell    3.4736086182457063E-009
 Step time per cell       3.4518401056023623E-009
 Step      80 time   0.0142560 control    sound    timestep   1.83E-04       1,       1 x  1.63E-04 y  1.63E-04
 Wall clock    262.46531891822815     
 Average time per cell    3.4764782444401339E-009
 Step time per cell       3.7030887748793854E-009
 Step      81 time   0.0144387 control    sound    timestep   1.83E-04       1,       1 x  1.63E-04 y  1.63E-04
 Wall clock    265.63935708999634     
 Average time per cell    3.4750813756296023E-009
 Step time per cell       3.3632990279228479E-009
 Step      82 time   0.0146215 control    sound    timestep   1.83E-04       1,       1 x  1.63E-04 y  1.63E-04
 Wall clock    268.90306210517883     
 Average time per cell    3.4748772890610272E-009
 Step time per cell       3.4582437062150953E-009
 Step      83 time   0.0148042 control    sound    timestep   1.83E-04       1,       1 x  1.63E-04 y  1.63E-04
 Wall clock    272.16790103912354     
 Average time per cell    3.4746925966694786E-009
 Step time per cell       3.4594558605426248E-009
 Step      84 time   0.0149869 control    sound    timestep   1.83E-04       1,       1 x  1.63E-04 y  1.63E-04
 Wall clock    275.43403005599976     
 Average time per cell    3.4745285757761121E-009
 Step time per cell       3.4608067128121748E-009
 Step      85 time   0.0151697 control    sound    timestep   1.83E-04       1,       1 x  1.63E-04 y  1.63E-04
 Wall clock    278.69644403457642     
 Average time per cell    3.4743221013010115E-009
 Step time per cell       3.4568807273495217E-009
 Step      86 time   0.0153524 control    sound    timestep   1.83E-04       1,       1 x  1.63E-04 y  1.63E-04
 Wall clock    281.95354890823364     
 Average time per cell    3.4740550130927119E-009
 Step time per cell       3.4512509551455473E-009
 Step      87 time   0.0155351 control    sound    timestep   1.83E-04       1,       1 x  1.63E-04 y  1.63E-04
 Wall clock    285.43348002433777     
 First step overhead -0.39727115631103516     
real 287.27
user 6843.24
sys 43.95
