Thu Dec 17 12:44:00 2015: Starting Initialization


Mini-Application Name    : CoMD-mpi
Mini-Application Version : 1.1
Platform:
  hostname: host-10-20-108-49
  kernel name: 'Linux'
  kernel release: '3.10.0-229.el7.x86_64'
  processor: 'x86_64'
Build:
  CC: '/usr/lib64/mpich/bin/mpicc'
  compiler version: 'cc (GCC) 4.8.5 20150623 (Red Hat 4.8.5-4)'
  CFLAGS: '-std=c99 -DDOUBLE -DDO_MPI -g -O5   '
  LDFLAGS: ' -lm '
  using MPI: true
  Threading: none
  Double Precision: true
Run Date/Time: 2015-12-17, 12:44:00

Command Line Parameters:
  doeam: 0
  potDir: pots
  potName: Cu_u6.eam
  potType: funcfl
  nx: 576
  ny: 288
  nz: 288
  xproc: 8
  yproc: 8
  zproc: 6
  Lattice constant: -1 Angstroms
  nSteps: 100
  printRate: 10
  Time step: 1 fs
  Initial Temperature: 600 K
  Initial Delta: 0 Angstroms

Simulation data: 
  Total atoms        : 191102976
  Min global bounds  : [   0.0000000000,   0.0000000000,   0.0000000000 ]
  Max global bounds  : [ 2082.2400000000, 1041.1200000000, 1041.1200000000 ]

Decomposition data: 
  Processors         :      8,     8,     6
  Local boxes        :     44,    22,    29 =    28072
  Box size           : [   5.9154545455,   5.9154545455,   5.9834482759 ]
  Box factor         : [   1.0221087768,   1.0221087768,   1.0338571535 ] 
  Max Link Cell Occupancy: 32 of 64

Potential data: 
  Potential type   : Lennard-Jones
  Species name     : Cu
  Atomic number    : 29
  Mass             : 63.55 amu
  Lattice Type     : FCC
  Lattice spacing  : 3.615 Angstroms
  Cutoff           : 5.7875 Angstroms
  Epsilon          : 0.167 eV
  Sigma            : 2.315 Angstroms

Memory data: 
  Intrinsic atom footprint =   88 B/atom 
  Total atom footprint     = -346.000 MB ( 41.77 MB/node)
  Link cell atom footprint = 150.777 MB/node
  Link cell atom footprint = 183.820 MB/node (including halo cell data


Initial energy : -1.166063303635, atom count : 191102976 

Thu Dec 17 12:44:03 2015: Initialization Finished

Thu Dec 17 12:44:03 2015: Starting simulation

#                                                                                         Performance
#  Loop   Time(fs)       Total Energy   Potential Energy     Kinetic Energy  Temperature   (us/atom)     # Atoms
      0       0.00    -1.166063303635    -1.243619295235     0.077555991600     600.0000     0.0000    191102976
     10      10.00    -1.166059650602    -1.233154651512     0.067095000910     519.0702     3.3142    191102976
     20      20.00    -1.166048429207    -1.208173529549     0.042125100342     325.8944     3.3560    191102976
     30      30.00    -1.166037579478    -1.186579219108     0.020541639630     158.9172     3.3547    191102976
     40      40.00    -1.166042096597    -1.183632459803     0.017590363206     136.0851     3.3484    191102976
     50      50.00    -1.166051690423    -1.193726530690     0.027674840267     214.1021     3.3460    191102976
     60      60.00    -1.166054644204    -1.202665951990     0.036611307786     283.2378     3.3428    191102976
     70      70.00    -1.166052132921    -1.204903766985     0.038851634064     300.5697     3.3443    191102976
     80      80.00    -1.166048794316    -1.203624406040     0.037575611724     290.6979     3.3427    191102976
     90      90.00    -1.166048004903    -1.203815558312     0.037767553409     292.1829     3.3433    191102976
    100     100.00    -1.166049792314    -1.206862591607     0.040812799293     315.7419     3.3447    191102976
Thu Dec 17 12:46:49 2015: Ending simulation



Simulation Validation:
  Initial energy  : -1.166063303635
  Final energy    : -1.166049792314
  eFinal/eInitial : 0.999988
  Final atom count : 191102976, no atoms lost


Timings for Rank 0
        Timer        # Calls    Avg/Call (s)   Total (s)    % Loop
___________________________________________________________________
total                      1     168.7513      168.7513      101.41
loop                       1     166.4070      166.4070      100.00
timestep                  10      16.6405      166.4046      100.00
  position               100       0.0465        4.6475        2.79
  velocity               200       0.0399        7.9733        4.79
  redistribute           101       0.2008       20.2810       12.19
    atomHalo             101       0.1048       10.5892        6.36
  force                  101       1.3329      134.6188       80.90
commHalo                 303       0.0264        8.0041        4.81
commReduce                39       0.0057        0.2220        0.13

Timing Statistics Across 384 Ranks:
        Timer        Rank: Min(s)       Rank: Max(s)      Avg(s)    Stdev(s)
_____________________________________________________________________________
total               54:  168.7268     120:  168.7765    168.7508      0.0084
loop               139:  166.4059     350:  166.4077    166.4070      0.0005
timestep            11:  166.4032     190:  166.4059    166.4049      0.0006
  position          39:    1.2428     194:    4.7838      3.3386      1.3718
  velocity         333:    2.2420     169:    8.5386      5.9563      2.4503
  redistribute     268:   19.1933     275:   33.6406     25.3034      6.0732
    atomHalo       201:    9.5174     333:   29.2717     17.8982      8.5465
  force            355:  128.1484     268:  135.5206    132.3119      2.9782
commHalo           201:    6.8538     269:   27.8513     15.7692      9.0343
commReduce         139:    0.0494      78:    2.3388      1.0289      0.8976

---------------------------------------------------
 Average atom update rate:       3.34 us/atom/task
---------------------------------------------------


---------------------------------------------------
 Average all atom update rate:   0.01 us/atom
---------------------------------------------------


---------------------------------------------------
 Average atom rate:            114.84 atoms/us
---------------------------------------------------

Thu Dec 17 12:46:49 2015: CoMD Ending

real 169.18
user 3989.86
sys 62.84
