Thu Dec 17 13:41:58 2015: Starting Initialization


Mini-Application Name    : CoMD-mpi
Mini-Application Version : 1.1
Platform:
  hostname: host-10-20-108-49
  kernel name: 'Linux'
  kernel release: '3.10.0-229.el7.x86_64'
  processor: 'x86_64'
Build:
  CC: '/usr/lib64/mpich/bin/mpicc'
  compiler version: 'cc (GCC) 4.8.5 20150623 (Red Hat 4.8.5-4)'
  CFLAGS: '-std=c99 -DDOUBLE -DDO_MPI -g -O5   '
  LDFLAGS: ' -lm '
  using MPI: true
  Threading: none
  Double Precision: true
Run Date/Time: 2015-12-17, 13:41:58

Command Line Parameters:
  doeam: 0
  potDir: pots
  potName: Cu_u6.eam
  potType: funcfl
  nx: 288
  ny: 288
  nz: 288
  xproc: 4
  yproc: 8
  zproc: 6
  Lattice constant: -1 Angstroms
  nSteps: 100
  printRate: 10
  Time step: 1 fs
  Initial Temperature: 600 K
  Initial Delta: 0 Angstroms

Simulation data: 
  Total atoms        : 95551488
  Min global bounds  : [   0.0000000000,   0.0000000000,   0.0000000000 ]
  Max global bounds  : [ 1041.1200000000, 1041.1200000000, 1041.1200000000 ]

Decomposition data: 
  Processors         :      4,     8,     6
  Local boxes        :     44,    22,    29 =    28072
  Box size           : [   5.9154545455,   5.9154545455,   5.9834482759 ]
  Box factor         : [   1.0221087768,   1.0221087768,   1.0338571535 ] 
  Max Link Cell Occupancy: 32 of 64

Potential data: 
  Potential type   : Lennard-Jones
  Species name     : Cu
  Atomic number    : 29
  Mass             : 63.55 amu
  Lattice Type     : FCC
  Lattice spacing  : 3.615 Angstroms
  Cutoff           : 5.7875 Angstroms
  Epsilon          : 0.167 eV
  Sigma            : 2.315 Angstroms

Memory data: 
  Intrinsic atom footprint =   88 B/atom 
  Total atom footprint     = -173.000 MB ( 41.77 MB/node)
  Link cell atom footprint = 150.777 MB/node
  Link cell atom footprint = 183.820 MB/node (including halo cell data


Initial energy : -1.166063303635, atom count : 95551488 

Thu Dec 17 13:42:01 2015: Initialization Finished

Thu Dec 17 13:42:01 2015: Starting simulation

#                                                                                         Performance
#  Loop   Time(fs)       Total Energy   Potential Energy     Kinetic Energy  Temperature   (us/atom)     # Atoms
      0       0.00    -1.166063303635    -1.243619295235     0.077555991600     600.0000     0.0000     95551488
     10      10.00    -1.166059650944    -1.233155048472     0.067095397528     519.0732     3.2988     95551488
     20      20.00    -1.166048430775    -1.208174729585     0.042126298809     325.9036     3.3359     95551488
     30      30.00    -1.166037581189    -1.186579920198     0.020542339009     158.9226     3.3338     95551488
     40      40.00    -1.166042096032    -1.183631183934     0.017589087902     136.0753     3.3266     95551488
     50      50.00    -1.166051689718    -1.193724708926     0.027673019208     214.0881     3.3274     95551488
     60      60.00    -1.166054644990    -1.202665414756     0.036610769766     283.2336     3.3241     95551488
     70      70.00    -1.166052134677    -1.204904461803     0.038852327126     300.5751     3.3247     95551488
     80      80.00    -1.166048795413    -1.203624981534     0.037576186121     290.7024     3.3245     95551488
     90      90.00    -1.166048005239    -1.203815131967     0.037767126727     292.1796     3.3264     95551488
    100     100.00    -1.166049792301    -1.206861213530     0.040811421230     315.7313     3.3255     95551488
Thu Dec 17 13:44:46 2015: Ending simulation



Simulation Validation:
  Initial energy  : -1.166063303635
  Final energy    : -1.166049792301
  eFinal/eInitial : 0.999988
  Final atom count : 95551488, no atoms lost


Timings for Rank 0
        Timer        # Calls    Avg/Call (s)   Total (s)    % Loop
___________________________________________________________________
total                      1     167.8903      167.8903      101.45
loop                       1     165.4897      165.4897      100.00
timestep                  10      16.5461      165.4610       99.98
  position               100       0.0437        4.3659        2.64
  velocity               200       0.0354        7.0791        4.28
  redistribute           101       0.2065       20.8568       12.60
    atomHalo             101       0.1165       11.7683        7.11
  force                  101       1.3280      134.1239       81.05
commHalo                 303       0.0314        9.5000        5.74
commReduce                39       0.0122        0.4760        0.29

Timing Statistics Across 192 Ranks:
        Timer        Rank: Min(s)       Rank: Max(s)      Avg(s)    Stdev(s)
_____________________________________________________________________________
total              106:  167.8323     103:  167.8908    167.8684      0.0182
loop                 1:  165.4892     127:  165.4902    165.4898      0.0004
timestep             1:  165.4608      94:  165.4886    165.4617      0.0028
  position         159:    1.2565     138:    4.7700      3.3134      1.3625
  velocity         161:    2.1003      18:    8.5380      5.9175      2.4587
  redistribute     106:   18.4088     129:   32.8767     24.6198      6.0929
    atomHalo       106:    8.8244     129:   28.5370     17.2272      8.5479
  force            113:  128.0634      12:  135.8255    132.2099      3.0248
commHalo           106:    6.1515     129:   27.0984     15.0741      9.0423
commReduce          52:    0.1133     129:    2.3269      1.0091      0.9064

---------------------------------------------------
 Average atom update rate:       3.32 us/atom/task
---------------------------------------------------


---------------------------------------------------
 Average all atom update rate:   0.02 us/atom
---------------------------------------------------


---------------------------------------------------
 Average atom rate:             57.75 atoms/us
---------------------------------------------------

Thu Dec 17 13:44:46 2015: CoMD Ending

real 168.27
user 3969.09
sys 61.74
