Thu Dec 17 12:52:28 2015: Starting Initialization


Mini-Application Name    : CoMD-mpi
Mini-Application Version : 1.1
Platform:
  hostname: host-10-20-108-49
  kernel name: 'Linux'
  kernel release: '3.10.0-229.el7.x86_64'
  processor: 'x86_64'
Build:
  CC: '/usr/lib64/mpich/bin/mpicc'
  compiler version: 'cc (GCC) 4.8.5 20150623 (Red Hat 4.8.5-4)'
  CFLAGS: '-std=c99 -DDOUBLE -DDO_MPI -g -O5   '
  LDFLAGS: ' -lm '
  using MPI: true
  Threading: none
  Double Precision: true
Run Date/Time: 2015-12-17, 12:52:28

Command Line Parameters:
  doeam: 0
  potDir: pots
  potName: Cu_u6.eam
  potType: funcfl
  nx: 144
  ny: 144
  nz: 144
  xproc: 2
  yproc: 4
  zproc: 3
  Lattice constant: -1 Angstroms
  nSteps: 100
  printRate: 10
  Time step: 1 fs
  Initial Temperature: 600 K
  Initial Delta: 0 Angstroms

Simulation data: 
  Total atoms        : 11943936
  Min global bounds  : [   0.0000000000,   0.0000000000,   0.0000000000 ]
  Max global bounds  : [ 520.5600000000, 520.5600000000, 520.5600000000 ]

Decomposition data: 
  Processors         :      2,     4,     3
  Local boxes        :     44,    22,    29 =    28072
  Box size           : [   5.9154545455,   5.9154545455,   5.9834482759 ]
  Box factor         : [   1.0221087768,   1.0221087768,   1.0338571535 ] 
  Max Link Cell Occupancy: 32 of 64

Potential data: 
  Potential type   : Lennard-Jones
  Species name     : Cu
  Atomic number    : 29
  Mass             : 63.55 amu
  Lattice Type     : FCC
  Lattice spacing  : 3.615 Angstroms
  Cutoff           : 5.7875 Angstroms
  Epsilon          : 0.167 eV
  Sigma            : 2.315 Angstroms

Memory data: 
  Intrinsic atom footprint =   88 B/atom 
  Total atom footprint     = 1002.375 MB ( 41.77 MB/node)
  Link cell atom footprint = 150.777 MB/node
  Link cell atom footprint = 183.820 MB/node (including halo cell data


Initial energy : -1.166063303635, atom count : 11943936 

Thu Dec 17 12:52:31 2015: Initialization Finished

Thu Dec 17 12:52:31 2015: Starting simulation

#                                                                                         Performance
#  Loop   Time(fs)       Total Energy   Potential Energy     Kinetic Energy  Temperature   (us/atom)     # Atoms
      0       0.00    -1.166063303635    -1.243619295235     0.077555991600     600.0000     0.0000     11943936
     10      10.00    -1.166059649406    -1.233156263032     0.067096613625     519.0826     3.2155     11943936
     20      20.00    -1.166048433442    -1.208179712497     0.042131279055     325.9422     3.2467     11943936
     30      30.00    -1.166037586894    -1.186585625849     0.020548038955     158.9667     3.2448     11943936
     40      40.00    -1.166042094066    -1.183631409992     0.017589315927     136.0770     3.2394     11943936
     50      50.00    -1.166051685471    -1.193722569562     0.027670884091     214.0715     3.2361     11943936
     60      60.00    -1.166054642785    -1.202668589764     0.036613946979     283.2582     3.2377     11943936
     70      70.00    -1.166052136306    -1.204917000628     0.038864864322     300.6720     3.2371     11943936
     80      80.00    -1.166048799577    -1.203645039062     0.037596239485     290.8575     3.2350     11943936
     90      90.00    -1.166048009737    -1.203836257034     0.037788247298     292.3430     3.2305     11943936
    100     100.00    -1.166049794039    -1.206876626326     0.040826832287     315.8505     3.2328     11943936
Thu Dec 17 12:55:12 2015: Ending simulation



Simulation Validation:
  Initial energy  : -1.166063303635
  Final energy    : -1.166049794039
  eFinal/eInitial : 0.999988
  Final atom count : 11943936, no atoms lost


Timings for Rank 0
        Timer        # Calls    Avg/Call (s)   Total (s)    % Loop
___________________________________________________________________
total                      1     163.3726      163.3726      101.46
loop                       1     161.0235      161.0235      100.00
timestep                  10      16.1022      161.0219      100.00
  position               100       0.0456        4.5620        2.83
  velocity               200       0.0427        8.5325        5.30
  redistribute           101       0.1428       14.4225        8.96
    atomHalo             101       0.0469        4.7391        2.94
  force                  101       1.3340      134.7369       83.68
commHalo                 303       0.0049        1.4994        0.93
commReduce                39       0.0057        0.2232        0.14

Timing Statistics Across 24 Ranks:
        Timer        Rank: Min(s)       Rank: Max(s)      Avg(s)    Stdev(s)
_____________________________________________________________________________
total               14:  163.3595       0:  163.3726    163.3712      0.0035
loop                 0:  161.0235      11:  161.0235    161.0235      0.0000
timestep             0:  161.0219      21:  161.0227    161.0227      0.0002
  position          13:    3.9700      20:    4.8193      4.4560      0.2513
  velocity           5:    6.8948       3:    8.5504      7.9686      0.5139
  redistribute      14:   14.3977      19:   16.9233     15.3409      0.8339
    atomHalo        14:    4.6449      19:    7.8351      5.9587      1.1637
  force             19:  133.4240      13:  135.0608    134.3578      0.3857
commHalo             3:    1.4448      19:    4.9795      3.0856      1.4326
commReduce          14:    0.0585      10:    0.4567      0.2917      0.0989

---------------------------------------------------
 Average atom update rate:       3.24 us/atom/task
---------------------------------------------------


---------------------------------------------------
 Average all atom update rate:   0.13 us/atom
---------------------------------------------------


---------------------------------------------------
 Average atom rate:              7.42 atoms/us
---------------------------------------------------

Thu Dec 17 12:55:12 2015: CoMD Ending

real 163.54
user 3891.36
sys 31.00
