Thu Dec 17 13:36:21 2015: Starting Initialization


Mini-Application Name    : CoMD-mpi
Mini-Application Version : 1.1
Platform:
  hostname: host-10-20-108-49
  kernel name: 'Linux'
  kernel release: '3.10.0-229.el7.x86_64'
  processor: 'x86_64'
Build:
  CC: '/usr/lib64/mpich/bin/mpicc'
  compiler version: 'cc (GCC) 4.8.5 20150623 (Red Hat 4.8.5-4)'
  CFLAGS: '-std=c99 -DDOUBLE -DDO_MPI -g -O5   '
  LDFLAGS: ' -lm '
  using MPI: true
  Threading: none
  Double Precision: true
Run Date/Time: 2015-12-17, 13:36:21

Command Line Parameters:
  doeam: 0
  potDir: pots
  potName: Cu_u6.eam
  potType: funcfl
  nx: 288
  ny: 288
  nz: 288
  xproc: 4
  yproc: 8
  zproc: 6
  Lattice constant: -1 Angstroms
  nSteps: 100
  printRate: 10
  Time step: 1 fs
  Initial Temperature: 600 K
  Initial Delta: 0 Angstroms

Simulation data: 
  Total atoms        : 95551488
  Min global bounds  : [   0.0000000000,   0.0000000000,   0.0000000000 ]
  Max global bounds  : [ 1041.1200000000, 1041.1200000000, 1041.1200000000 ]

Decomposition data: 
  Processors         :      4,     8,     6
  Local boxes        :     44,    22,    29 =    28072
  Box size           : [   5.9154545455,   5.9154545455,   5.9834482759 ]
  Box factor         : [   1.0221087768,   1.0221087768,   1.0338571535 ] 
  Max Link Cell Occupancy: 32 of 64

Potential data: 
  Potential type   : Lennard-Jones
  Species name     : Cu
  Atomic number    : 29
  Mass             : 63.55 amu
  Lattice Type     : FCC
  Lattice spacing  : 3.615 Angstroms
  Cutoff           : 5.7875 Angstroms
  Epsilon          : 0.167 eV
  Sigma            : 2.315 Angstroms

Memory data: 
  Intrinsic atom footprint =   88 B/atom 
  Total atom footprint     = -173.000 MB ( 41.77 MB/node)
  Link cell atom footprint = 150.777 MB/node
  Link cell atom footprint = 183.820 MB/node (including halo cell data


Initial energy : -1.166063303635, atom count : 95551488 

Thu Dec 17 13:36:24 2015: Initialization Finished

Thu Dec 17 13:36:24 2015: Starting simulation

#                                                                                         Performance
#  Loop   Time(fs)       Total Energy   Potential Energy     Kinetic Energy  Temperature   (us/atom)     # Atoms
      0       0.00    -1.166063303635    -1.243619295235     0.077555991600     600.0000     0.0000     95551488
     10      10.00    -1.166059650944    -1.233155048472     0.067095397528     519.0732     3.3023     95551488
     20      20.00    -1.166048430775    -1.208174729585     0.042126298809     325.9036     3.3393     95551488
     30      30.00    -1.166037581189    -1.186579920198     0.020542339009     158.9226     3.3374     95551488
     40      40.00    -1.166042096032    -1.183631183934     0.017589087902     136.0753     3.3298     95551488
     50      50.00    -1.166051689718    -1.193724708926     0.027673019208     214.0881     3.3287     95551488
     60      60.00    -1.166054644990    -1.202665414756     0.036610769766     283.2336     3.3283     95551488
     70      70.00    -1.166052134677    -1.204904461803     0.038852327126     300.5751     3.3269     95551488
     80      80.00    -1.166048795413    -1.203624981534     0.037576186121     290.7024     3.3270     95551488
     90      90.00    -1.166048005239    -1.203815131967     0.037767126727     292.1796     3.3284     95551488
    100     100.00    -1.166049792301    -1.206861213530     0.040811421230     315.7313     3.3297     95551488
Thu Dec 17 13:39:10 2015: Ending simulation



Simulation Validation:
  Initial energy  : -1.166063303635
  Final energy    : -1.166049792301
  eFinal/eInitial : 0.999988
  Final atom count : 95551488, no atoms lost


Timings for Rank 0
        Timer        # Calls    Avg/Call (s)   Total (s)    % Loop
___________________________________________________________________
total                      1     168.1936      168.1936      101.56
loop                       1     165.6140      165.6140      100.00
timestep                  10      16.5612      165.6116      100.00
  position               100       0.0462        4.6180        2.79
  velocity               200       0.0424        8.4787        5.12
  redistribute           101       0.1890       19.0919       11.53
    atomHalo             101       0.0926        9.3511        5.65
  force                  101       1.3334      134.6722       81.32
commHalo                 303       0.0223        6.7576        4.08
commReduce                39       0.0079        0.3074        0.19

Timing Statistics Across 192 Ranks:
        Timer        Rank: Min(s)       Rank: Max(s)      Avg(s)    Stdev(s)
_____________________________________________________________________________
total               25:  168.1387      24:  168.1936    168.1674      0.0120
loop                 1:  165.6135     159:  165.6145    165.6141      0.0004
timestep             0:  165.6116     186:  165.6129    165.6124      0.0003
  position         119:    1.1883     117:    4.7681      3.3440      1.3663
  velocity         185:    2.1580      42:    8.5281      5.9661      2.4404
  redistribute      42:   18.6839     185:   33.0665     24.6835      6.0426
    atomHalo       106:    9.2084     185:   28.6094     17.2662      8.5197
  force             35:  128.0986      94:  135.4734    132.2291      2.9730
commHalo           172:    6.3449     185:   27.2403     15.1262      9.0087
commReduce          94:    0.2616     139:    2.3542      1.1252      0.9048

---------------------------------------------------
 Average atom update rate:       3.33 us/atom/task
---------------------------------------------------


---------------------------------------------------
 Average all atom update rate:   0.02 us/atom
---------------------------------------------------


---------------------------------------------------
 Average atom rate:             57.70 atoms/us
---------------------------------------------------

Thu Dec 17 13:39:10 2015: CoMD Ending

real 168.60
user 3973.66
sys 64.08
