Thu Dec 17 13:30:48 2015: Starting Initialization


Mini-Application Name    : CoMD-mpi
Mini-Application Version : 1.1
Platform:
  hostname: host-10-20-108-49
  kernel name: 'Linux'
  kernel release: '3.10.0-229.el7.x86_64'
  processor: 'x86_64'
Build:
  CC: '/usr/lib64/mpich/bin/mpicc'
  compiler version: 'cc (GCC) 4.8.5 20150623 (Red Hat 4.8.5-4)'
  CFLAGS: '-std=c99 -DDOUBLE -DDO_MPI -g -O5   '
  LDFLAGS: ' -lm '
  using MPI: true
  Threading: none
  Double Precision: true
Run Date/Time: 2015-12-17, 13:30:48

Command Line Parameters:
  doeam: 0
  potDir: pots
  potName: Cu_u6.eam
  potType: funcfl
  nx: 288
  ny: 288
  nz: 144
  xproc: 4
  yproc: 8
  zproc: 3
  Lattice constant: -1 Angstroms
  nSteps: 100
  printRate: 10
  Time step: 1 fs
  Initial Temperature: 600 K
  Initial Delta: 0 Angstroms

Simulation data: 
  Total atoms        : 47775744
  Min global bounds  : [   0.0000000000,   0.0000000000,   0.0000000000 ]
  Max global bounds  : [ 1041.1200000000, 1041.1200000000, 520.5600000000 ]

Decomposition data: 
  Processors         :      4,     8,     3
  Local boxes        :     44,    22,    29 =    28072
  Box size           : [   5.9154545455,   5.9154545455,   5.9834482759 ]
  Box factor         : [   1.0221087768,   1.0221087768,   1.0338571535 ] 
  Max Link Cell Occupancy: 32 of 64

Potential data: 
  Potential type   : Lennard-Jones
  Species name     : Cu
  Atomic number    : 29
  Mass             : 63.55 amu
  Lattice Type     : FCC
  Lattice spacing  : 3.615 Angstroms
  Cutoff           : 5.7875 Angstroms
  Epsilon          : 0.167 eV
  Sigma            : 2.315 Angstroms

Memory data: 
  Intrinsic atom footprint =   88 B/atom 
  Total atom footprint     = -86.500 MB ( 41.77 MB/node)
  Link cell atom footprint = 150.777 MB/node
  Link cell atom footprint = 183.820 MB/node (including halo cell data


Initial energy : -1.166063303635, atom count : 47775744 

Thu Dec 17 13:30:51 2015: Initialization Finished

Thu Dec 17 13:30:51 2015: Starting simulation

#                                                                                         Performance
#  Loop   Time(fs)       Total Energy   Potential Energy     Kinetic Energy  Temperature   (us/atom)     # Atoms
      0       0.00    -1.166063303635    -1.243619295235     0.077555991600     600.0000     0.0000     47775744
     10      10.00    -1.166059648385    -1.233154418541     0.067094770156     519.0684     3.2320     47775744
     20      20.00    -1.166048429555    -1.208172856271     0.042124426716     325.8891     3.2646     47775744
     30      30.00    -1.166037579552    -1.186574421118     0.020536841566     158.8801     3.2650     47775744
     40      40.00    -1.166042088391    -1.183621357039     0.017579268648     135.9993     3.2594     47775744
     50      50.00    -1.166051681932    -1.193717450331     0.027665768399     214.0320     3.2565     47775744
     60      60.00    -1.166054640360    -1.202668818304     0.036614177944     283.2600     3.2570     47775744
     70      70.00    -1.166052133769    -1.204922091127     0.038869957358     300.7114     3.2562     47775744
     80      80.00    -1.166048799604    -1.203654382409     0.037605582805     290.9298     3.2573     47775744
     90      90.00    -1.166048012593    -1.203846535070     0.037798522478     292.4225     3.2581     47775744
    100     100.00    -1.166049797799    -1.206881718934     0.040831921134     315.8899     3.2588     47775744
Thu Dec 17 13:33:33 2015: Ending simulation



Simulation Validation:
  Initial energy  : -1.166063303635
  Final energy    : -1.166049797799
  eFinal/eInitial : 0.999988
  Final atom count : 47775744, no atoms lost


Timings for Rank 0
        Timer        # Calls    Avg/Call (s)   Total (s)    % Loop
___________________________________________________________________
total                      1     164.3561      164.3561      101.41
loop                       1     162.0663      162.0663      100.00
timestep                  10      16.2064      162.0642      100.00
  position               100       0.0473        4.7261        2.92
  velocity               200       0.0377        7.5441        4.65
  redistribute           101       0.1596       16.1212        9.95
    atomHalo             101       0.0605        6.1074        3.77
  force                  101       1.3344      134.7695       83.16
commHalo                 303       0.0117        3.5318        2.18
commReduce                39       0.0038        0.1486        0.09

Timing Statistics Across 96 Ranks:
        Timer        Rank: Min(s)       Rank: Max(s)      Avg(s)    Stdev(s)
_____________________________________________________________________________
total               22:  164.3429      57:  164.3624    164.3546      0.0060
loop                 1:  162.0658      62:  162.0667    162.0663      0.0004
timestep             0:  162.0642      62:  162.0655    162.0650      0.0004
  position          45:    1.3228      26:    4.7613      3.0172      1.4144
  velocity          63:    2.5419      94:    8.5989      5.3703      2.5077
  redistribute      68:   14.9477       3:   28.9517     22.2514      6.1754
    atomHalo        36:    5.1111       3:   24.5476     15.4397      8.7686
  force              3:  128.3218      68:  135.3423    131.7884      3.0391
commHalo            78:    2.0361       3:   23.0880     13.3372      9.3687
commReduce          82:    0.0288       3:    2.1824      1.1659      0.9653

---------------------------------------------------
 Average atom update rate:       3.26 us/atom/task
---------------------------------------------------


---------------------------------------------------
 Average all atom update rate:   0.03 us/atom
---------------------------------------------------


---------------------------------------------------
 Average atom rate:             29.48 atoms/us
---------------------------------------------------

Thu Dec 17 13:33:33 2015: CoMD Ending

real 164.71
user 3907.24
sys 39.64
