Thu Dec 17 13:06:05 2015: Starting Initialization


Mini-Application Name    : CoMD-mpi
Mini-Application Version : 1.1
Platform:
  hostname: host-10-20-108-49
  kernel name: 'Linux'
  kernel release: '3.10.0-229.el7.x86_64'
  processor: 'x86_64'
Build:
  CC: '/usr/lib64/mpich/bin/mpicc'
  compiler version: 'cc (GCC) 4.8.5 20150623 (Red Hat 4.8.5-4)'
  CFLAGS: '-std=c99 -DDOUBLE -DDO_MPI -g -O5   '
  LDFLAGS: ' -lm '
  using MPI: true
  Threading: none
  Double Precision: true
Run Date/Time: 2015-12-17, 13:06:05

Command Line Parameters:
  doeam: 0
  potDir: pots
  potName: Cu_u6.eam
  potType: funcfl
  nx: 288
  ny: 144
  nz: 144
  xproc: 4
  yproc: 4
  zproc: 3
  Lattice constant: -1 Angstroms
  nSteps: 100
  printRate: 10
  Time step: 1 fs
  Initial Temperature: 600 K
  Initial Delta: 0 Angstroms

Simulation data: 
  Total atoms        : 23887872
  Min global bounds  : [   0.0000000000,   0.0000000000,   0.0000000000 ]
  Max global bounds  : [ 1041.1200000000, 520.5600000000, 520.5600000000 ]

Decomposition data: 
  Processors         :      4,     4,     3
  Local boxes        :     44,    22,    29 =    28072
  Box size           : [   5.9154545455,   5.9154545455,   5.9834482759 ]
  Box factor         : [   1.0221087768,   1.0221087768,   1.0338571535 ] 
  Max Link Cell Occupancy: 32 of 64

Potential data: 
  Potential type   : Lennard-Jones
  Species name     : Cu
  Atomic number    : 29
  Mass             : 63.55 amu
  Lattice Type     : FCC
  Lattice spacing  : 3.615 Angstroms
  Cutoff           : 5.7875 Angstroms
  Epsilon          : 0.167 eV
  Sigma            : 2.315 Angstroms

Memory data: 
  Intrinsic atom footprint =   88 B/atom 
  Total atom footprint     = 2004.750 MB ( 41.77 MB/node)
  Link cell atom footprint = 150.777 MB/node
  Link cell atom footprint = 183.820 MB/node (including halo cell data


Initial energy : -1.166063303635, atom count : 23887872 

Thu Dec 17 13:06:07 2015: Initialization Finished

Thu Dec 17 13:06:07 2015: Starting simulation

#                                                                                         Performance
#  Loop   Time(fs)       Total Energy   Potential Energy     Kinetic Energy  Temperature   (us/atom)     # Atoms
      0       0.00    -1.166063303635    -1.243619295235     0.077555991600     600.0000     0.0000     23887872
     10      10.00    -1.166059648926    -1.233156469342     0.067096820416     519.0842     3.2319     23887872
     20      20.00    -1.166048432327    -1.208180661376     0.042132229049     325.9495     3.2688     23887872
     30      30.00    -1.166037586321    -1.186587816413     0.020550230092     158.9837     3.2655     23887872
     40      40.00    -1.166042094457    -1.183634412875     0.017592318418     136.1003     3.2582     23887872
     50      50.00    -1.166051686250    -1.193724607851     0.027672921601     214.0873     3.2565     23887872
     60      60.00    -1.166054643092    -1.202667642611     0.036612999519     283.2508     3.2579     23887872
     70      70.00    -1.166052134605    -1.204912539995     0.038860405391     300.6375     3.2574     23887872
     80      80.00    -1.166048796113    -1.203639355020     0.037590558908     290.8136     3.2567     23887872
     90      90.00    -1.166048008331    -1.203833297592     0.037785289261     292.3201     3.2567     23887872
    100     100.00    -1.166049796301    -1.206878414776     0.040828618475     315.8643     3.2583     23887872
Thu Dec 17 13:08:49 2015: Ending simulation



Simulation Validation:
  Initial energy  : -1.166063303635
  Final energy    : -1.166049796301
  eFinal/eInitial : 0.999988
  Final atom count : 23887872, no atoms lost


Timings for Rank 0
        Timer        # Calls    Avg/Call (s)   Total (s)    % Loop
___________________________________________________________________
total                      1     164.3326      164.3326      101.39
loop                       1     162.0796      162.0796      100.00
timestep                  10      16.2078      162.0778      100.00
  position               100       0.0465        4.6505        2.87
  velocity               200       0.0405        8.0905        4.99
  redistribute           101       0.1585       16.0131        9.88
    atomHalo             101       0.0622        6.2828        3.88
  force                  101       1.3318      134.5140       82.99
commHalo                 303       0.0106        3.2239        1.99
commReduce                39       0.0016        0.0623        0.04

Timing Statistics Across 48 Ranks:
        Timer        Rank: Min(s)       Rank: Max(s)      Avg(s)    Stdev(s)
_____________________________________________________________________________
total               20:  164.3196      31:  164.3571    164.3445      0.0127
loop                 1:  162.0791      10:  162.0796    162.0794      0.0003
timestep             0:  162.0778      30:  162.0786    162.0783      0.0003
  position          43:    1.2536      14:    4.7824      3.0406      1.4148
  velocity          29:    2.7086      32:    8.4975      5.4748      2.5515
  redistribute       6:   15.3570      27:   28.7305     22.2792      6.2049
    atomHalo         4:    5.5490      27:   24.4404     15.5016      8.7588
  force             47:  128.4027      46:  135.2533    131.6588      3.0349
commHalo             4:    2.3661      27:   23.0327     13.3285      9.4241
commReduce           6:    0.0172      31:    2.1331      1.1200      0.9836

---------------------------------------------------
 Average atom update rate:       3.26 us/atom/task
---------------------------------------------------


---------------------------------------------------
 Average all atom update rate:   0.07 us/atom
---------------------------------------------------


---------------------------------------------------
 Average atom rate:             14.74 atoms/us
---------------------------------------------------

Thu Dec 17 13:08:49 2015: CoMD Ending

real 164.66
user 3903.52
sys 42.24
