      creating/filling mesh...0.114618s, total time: 0.114618
generating matrix structure...1.76493s, total time: 1.87955
         assembling FE data...3.78433s, total time: 5.66388
      imposing Dirichlet BC...0.568059s, total time: 6.23194
      imposing Dirichlet BC...0.045234s, total time: 6.27717
making matrix indices local...0.971567s, total time: 7.24874
Starting CG solver ... 
Initial Residual = 328.937
Iteration = 20   Residual = 0.0935226
Iteration = 40   Residual = 0.0434758
Iteration = 60   Residual = 0.028646
Iteration = 80   Residual = 0.020005
Iteration = 100   Residual = 0.0153602
Iteration = 120   Residual = 0.0122445
Iteration = 140   Residual = 0.00998511
Iteration = 160   Residual = 0.00891977
Iteration = 180   Residual = 0.00708324
Iteration = 200   Residual = 0.0329312
Final Resid Norm: 0.0329312
real 74.93
user 1761.48
sys 28.81
