      creating/filling mesh...0.149945s, total time: 0.149945
generating matrix structure...2.04964s, total time: 2.19958
         assembling FE data...3.73317s, total time: 5.93276
      imposing Dirichlet BC...0.56507s, total time: 6.49783
      imposing Dirichlet BC...0.045418s, total time: 6.54324
making matrix indices local...0.9774s, total time: 7.52064
Starting CG solver ... 
Initial Residual = 656.836
Iteration = 20   Residual = 0.0884182
Iteration = 40   Residual = 0.046202
Iteration = 60   Residual = 0.0765588
Iteration = 80   Residual = 0.0232523
Iteration = 100   Residual = 0.0172792
Iteration = 120   Residual = 0.0140157
Iteration = 140   Residual = 0.0118412
Iteration = 160   Residual = 0.0120409
Iteration = 180   Residual = 0.00881928
Iteration = 200   Residual = 0.00776062
Final Resid Norm: 0.00776062
real 76.40
user 1776.77
sys 48.34
