      creating/filling mesh...0.157565s, total time: 0.157566
generating matrix structure...2.65331s, total time: 2.81088
         assembling FE data...3.75393s, total time: 6.56481
      imposing Dirichlet BC...0.569716s, total time: 7.13453
      imposing Dirichlet BC...0.045315s, total time: 7.17984
making matrix indices local...0.952258s, total time: 8.1321
Starting CG solver ... 
Initial Residual = 656.837
Iteration = 20   Residual = 0.0955272
Iteration = 40   Residual = 0.0468263
Iteration = 60   Residual = 0.0306024
Iteration = 80   Residual = 0.0224984
Iteration = 100   Residual = 0.0176423
Iteration = 120   Residual = 0.0144097
Iteration = 140   Residual = 0.0121047
Iteration = 160   Residual = 0.0103792
Iteration = 180   Residual = 0.00903973
Iteration = 200   Residual = 0.00797034
Final Resid Norm: 0.00797034
real 77.87
user 1801.96
sys 58.30
