      creating/filling mesh...0.106714s, total time: 0.106715
generating matrix structure...1.74396s, total time: 1.85068
         assembling FE data...3.77073s, total time: 5.6214
      imposing Dirichlet BC...0.568663s, total time: 6.19007
      imposing Dirichlet BC...0.045393s, total time: 6.23546
making matrix indices local...0.902271s, total time: 7.13773
Starting CG solver ... 
Initial Residual = 328.937
Iteration = 20   Residual = 0.0935226
Iteration = 40   Residual = 0.0434758
Iteration = 60   Residual = 0.028646
Iteration = 80   Residual = 0.020005
Iteration = 100   Residual = 0.0153602
Iteration = 120   Residual = 0.0122445
Iteration = 140   Residual = 0.00998511
Iteration = 160   Residual = 0.00891977
Iteration = 180   Residual = 0.00708324
Iteration = 200   Residual = 0.0329312
Final Resid Norm: 0.0329312
real 75.08
user 1767.79
sys 27.04
