      creating/filling mesh...0.120121s, total time: 0.120122
generating matrix structure...2.09233s, total time: 2.21245
         assembling FE data...3.70547s, total time: 5.91792
      imposing Dirichlet BC...0.564443s, total time: 6.48237
      imposing Dirichlet BC...0.0454729s, total time: 6.52784
making matrix indices local...0.998356s, total time: 7.52619
Starting CG solver ... 
Initial Residual = 656.836
Iteration = 20   Residual = 0.0884182
Iteration = 40   Residual = 0.046202
Iteration = 60   Residual = 0.0765588
Iteration = 80   Residual = 0.0232523
Iteration = 100   Residual = 0.0172792
Iteration = 120   Residual = 0.0140157
Iteration = 140   Residual = 0.0118412
Iteration = 160   Residual = 0.0120409
Iteration = 180   Residual = 0.00881928
Iteration = 200   Residual = 0.00776062
Final Resid Norm: 0.00776062
real 76.42
user 1778.94
sys 45.82
