      creating/filling mesh...0.122032s, total time: 0.122033
generating matrix structure...2.67443s, total time: 2.79646
         assembling FE data...3.77606s, total time: 6.57252
      imposing Dirichlet BC...0.551745s, total time: 7.12426
      imposing Dirichlet BC...0.0453491s, total time: 7.16961
making matrix indices local...1.88088s, total time: 9.0505
Starting CG solver ... 
Initial Residual = 464.73
Iteration = 20   Residual = 0.0662119
Iteration = 40   Residual = 0.0318145
Iteration = 60   Residual = 0.020377
Iteration = 80   Residual = 0.0146777
Iteration = 100   Residual = 0.011273
Iteration = 120   Residual = 0.00905943
Iteration = 140   Residual = 0.00854794
Iteration = 160   Residual = 0.0256261
Iteration = 180   Residual = 0.0539459
Iteration = 200   Residual = 0.016156
Final Resid Norm: 0.016156
real 77.73
user 1813.17
sys 44.28
