      creating/filling mesh...0.149433s, total time: 0.149435
generating matrix structure...2.0581s, total time: 2.20754
         assembling FE data...3.76957s, total time: 5.97711
      imposing Dirichlet BC...0.570279s, total time: 6.54739
      imposing Dirichlet BC...0.0452838s, total time: 6.59267
making matrix indices local...0.950214s, total time: 7.54289
Starting CG solver ... 
Initial Residual = 656.837
Iteration = 20   Residual = 0.0955272
Iteration = 40   Residual = 0.0468263
Iteration = 60   Residual = 0.0306024
Iteration = 80   Residual = 0.0224984
Iteration = 100   Residual = 0.0176423
Iteration = 120   Residual = 0.0144097
Iteration = 140   Residual = 0.0121047
Iteration = 160   Residual = 0.0103792
Iteration = 180   Residual = 0.00903973
Iteration = 200   Residual = 0.00797034
Final Resid Norm: 0.00797034
real 77.18
user 1786.32
sys 57.01
