
Clover Version    1.000
       MPI Version
   Task Count    384


Clover Version    1.000
       MPI Version
   Task Count    384

 Output file clover.out opened. All output will go there.
 Step       1 time   0.0000000 control    sound    timestep   1.93E-04       1,       1 x  1.63E-04 y  1.63E-04
 Wall clock    1.7145841121673584     
 Average time per cell    1.8168387012135806E-009
 Step time per cell       1.8168374380264948E-009
 Step       2 time   0.0001926 control    sound    timestep   1.18E-04       1,       1 x  1.63E-04 y  1.63E-04
 Wall clock    3.7018051147460938     
 Average time per cell    1.9612869234859115E-009
 Step time per cell       2.1055158564801481E-009
 Step       3 time   0.0003101 control    sound    timestep   1.49E-04       1,       1 x  1.63E-04 y  1.63E-04
 Wall clock    5.1235530376434326     
 Average time per cell    1.8097040521280616E-009
 Step time per cell       1.5064301805978176E-009
 Step       4 time   0.0004595 control    sound    timestep   1.57E-04       1,       1 x  1.63E-04 y  1.63E-04
 Wall clock    6.5823521614074707     
 Average time per cell    1.7437278327431867E-009
 Step time per cell       1.5456728558799821E-009
 Step       5 time   0.0006169 control    sound    timestep   1.73E-04       1,       1 x  1.63E-04 y  1.63E-04
 Wall clock    7.9888701438903809     
 Average time per cell    1.6930622829628799E-009
 Step time per cell       1.4903005446992919E-009
 Step       6 time   0.0007900 control    sound    timestep   1.73E-04       1,       1 x  1.63E-04 y  1.63E-04
 Wall clock    9.3951702117919922     
 Average time per cell    1.6592467646761280E-009
 Step time per cell       1.4900463914576296E-009
 Step       7 time   0.0009628 control    sound    timestep   1.76E-04       1,       1 x  1.63E-04 y  1.63E-04
 Wall clock    10.848893165588379     
 Average time per cell    1.6422715513423707E-009
 Step time per cell       1.5402962263680012E-009
 Step       8 time   0.0011389 control    sound    timestep   1.85E-04       1,       1 x  1.63E-04 y  1.63E-04
 Wall clock    12.276726007461548     
 Average time per cell    1.6261108726212115E-009
 Step time per cell       1.5128272126377042E-009
 Step       9 time   0.0013241 control    sound    timestep   1.83E-04       1,       1 x  1.63E-04 y  1.63E-04
 Wall clock    13.697232007980347     
 Average time per cell    1.6126788113417857E-009
 Step time per cell       1.5051025709706462E-009
 Step      10 time   0.0015073 control    sound    timestep   1.82E-04       1,       1 x  1.63E-04 y  1.63E-04
 Wall clock    15.188017129898071     
 Average time per cell    1.6093802059913287E-009
 Step time per cell       1.5796121665011419E-009
 Step      11 time   0.0016892 control    sound    timestep   1.81E-04       1,       1 x  1.63E-04 y  1.63E-04
 Wall clock    16.594694137573242     
 Average time per cell    1.5985791502647441E-009
 Step time per cell       1.4905390344210900E-009
 Step      12 time   0.0018698 control    sound    timestep   1.80E-04       1,       1 x  1.63E-04 y  1.63E-04
 Wall clock    18.020362138748169     
 Average time per cell    1.5912552355614564E-009
 Step time per cell       1.5105544864329406E-009
 Step      13 time   0.0020497 control    sound    timestep   1.80E-04       1,       1 x  1.63E-04 y  1.63E-04
 Wall clock    19.410732030868530     
 Average time per cell    1.5821809060242262E-009
 Step time per cell       1.4732030548556294E-009
 Step      14 time   0.0022300 control    sound    timestep   1.81E-04       1,       1 x  1.63E-04 y  1.63E-04
 Wall clock    20.805681228637695     
 Average time per cell    1.5747495097688413E-009
 Step time per cell       1.4780309558975407E-009
 Step      15 time   0.0024111 control    sound    timestep   1.81E-04       1,       1 x  1.63E-04 y  1.63E-04
 Wall clock    22.221433162689209     
 Average time per cell    1.5697785245181337E-009
 Step time per cell       1.5000533595513034E-009
 Step      16 time   0.0025924 control    sound    timestep   1.81E-04       1,       1 x  1.63E-04 y  1.63E-04
 Wall clock    23.607028007507324     
 Average time per cell    1.5634316873224130E-009
 Step time per cell       1.4681288323319879E-009
 Step      17 time   0.0027738 control    sound    timestep   1.81E-04       1,       1 x  1.63E-04 y  1.63E-04
 Wall clock    24.983330011367798     
 Average time per cell    1.5572522987021527E-009
 Step time per cell       1.4582451512978879E-009
 Step      18 time   0.0029553 control    sound    timestep   1.82E-04       1,       1 x  1.63E-04 y  1.63E-04
 Wall clock    26.487891197204590     
 Average time per cell    1.5593099710208157E-009
 Step time per cell       1.5941600395308341E-009
 Step      19 time   0.0031369 control    sound    timestep   1.82E-04       1,       1 x  1.63E-04 y  1.63E-04
 Wall clock    27.868559122085571     
 Average time per cell    1.5542414660808256E-009
 Step time per cell       1.4629194487901662E-009
 Step      20 time   0.0033184 control    sound    timestep   1.82E-04       1,       1 x  1.63E-04 y  1.63E-04
 Wall clock    29.373888015747070     
 Average time per cell    1.5562845874228515E-009
 Step time per cell       1.5949727741018351E-009
 Step      21 time   0.0035000 control    sound    timestep   1.82E-04       1,       1 x  1.63E-04 y  1.63E-04
 Wall clock    30.685116052627563     
 Average time per cell    1.5483389986950286E-009
 Step time per cell       1.3893974129233458E-009
 Step      22 time   0.0036817 control    sound    timestep   1.82E-04       1,       1 x  1.63E-04 y  1.63E-04
 Wall clock    32.162464141845703     
 Average time per cell    1.5491169699199610E-009
 Step time per cell       1.5652974778074874E-009
 Step      23 time   0.0038634 control    sound    timestep   1.82E-04       1,       1 x  1.63E-04 y  1.63E-04
 Wall clock    33.539721012115479     
 Average time per cell    1.5452159666031675E-009
 Step time per cell       1.4592584799781130E-009
 Step      24 time   0.0040452 control    sound    timestep   1.82E-04       1,       1 x  1.63E-04 y  1.63E-04
 Wall clock    35.017980098724365     
 Average time per cell    1.5460994552119733E-009
 Step time per cell       1.5662797320854023E-009
 Step      25 time   0.0042270 control    sound    timestep   1.82E-04       1,       1 x  1.63E-04 y  1.63E-04
 Wall clock    36.465455055236816     
 Average time per cell    1.5456074632109245E-009
 Step time per cell       1.5336766207635972E-009
 Step      26 time   0.0044089 control    sound    timestep   1.82E-04       1,       1 x  1.63E-04 y  1.63E-04
 Wall clock    37.818643093109131     
 Average time per cell    1.5413106238988374E-009
 Step time per cell       1.4337845439311220E-009
 Step      27 time   0.0045908 control    sound    timestep   1.82E-04       1,       1 x  1.63E-04 y  1.63E-04
 Wall clock    39.293602228164673     
 Average time per cell    1.5421110800034587E-009
 Step time per cell       1.5627799459454965E-009
 Step      28 time   0.0047727 control    sound    timestep   1.82E-04       1,       1 x  1.63E-04 y  1.63E-04
 Wall clock    40.719030141830444     
 Average time per cell    1.5409798902871286E-009
 Step time per cell       1.5103266074826630E-009
 Step      29 time   0.0049547 control    sound    timestep   1.82E-04       1,       1 x  1.63E-04 y  1.63E-04
 Wall clock    42.147837162017822     
 Average time per cell    1.5400501836585934E-009
 Step time per cell       1.5138637839603082E-009
 Step      30 time   0.0051367 control    sound    timestep   1.82E-04       1,       1 x  1.63E-04 y  1.63E-04
 Wall clock    43.627554178237915     
 Average time per cell    1.5409806632373215E-009
 Step time per cell       1.5678417892356973E-009
 Step      31 time   0.0053187 control    sound    timestep   1.82E-04       1,       1 x  1.63E-04 y  1.63E-04
 Wall clock    44.980614185333252     
 Average time per cell    1.5375217378039771E-009
 Step time per cell       1.4337211319394151E-009
 Step      32 time   0.0055007 control    sound    timestep   1.82E-04       1,       1 x  1.63E-04 y  1.63E-04
 Wall clock    46.366682052612305     
 Average time per cell    1.5353720073107979E-009
 Step time per cell       1.4685883797938004E-009
 Step      33 time   0.0056827 control    sound    timestep   1.82E-04       1,       1 x  1.63E-04 y  1.63E-04
 Wall clock    47.803467035293579     
 Average time per cell    1.5349811025835795E-009
 Step time per cell       1.5223407798556662E-009
 Step      34 time   0.0058648 control    sound    timestep   1.82E-04       1,       1 x  1.63E-04 y  1.63E-04
 Wall clock    49.164573192596436     
 Average time per cell    1.5322545990475311E-009
 Step time per cell       1.4421420423281639E-009
 Step      35 time   0.0060468 control    sound    timestep   1.82E-04       1,       1 x  1.63E-04 y  1.63E-04
 Wall clock    50.555502176284790     
 Average time per cell    1.5305867929696216E-009
 Step time per cell       1.4737479937644416E-009
 Step      36 time   0.0062289 control    sound    timestep   1.82E-04       1,       1 x  1.63E-04 y  1.63E-04
 Wall clock    51.989200115203857     
 Average time per cell    1.5302705209992213E-009
 Step time per cell       1.5190453773862424E-009
 Step      37 time   0.0064110 control    sound    timestep   1.82E-04       1,       1 x  1.63E-04 y  1.63E-04
 Wall clock    53.328364133834839     
 Average time per cell    1.5272640003122679E-009
 Step time per cell       1.4188999052243566E-009
 Step      38 time   0.0065932 control    sound    timestep   1.82E-04       1,       1 x  1.63E-04 y  1.63E-04
 Wall clock    54.806815147399902     
 Average time per cell    1.5282997652076114E-009
 Step time per cell       1.5664916948783987E-009
 Step      39 time   0.0067754 control    sound    timestep   1.82E-04       1,       1 x  1.63E-04 y  1.63E-04
 Wall clock    56.163554191589355     
 Average time per cell    1.5259754743763349E-009
 Step time per cell       1.4375167564948141E-009
 Step      40 time   0.0069576 control    sound    timestep   1.82E-04       1,       1 x  1.63E-04 y  1.63E-04
 Wall clock    57.690906047821045     
 Average time per cell    1.5282870941114702E-009
 Step time per cell       1.6183088923248256E-009
 Step      41 time   0.0071398 control    sound    timestep   1.82E-04       1,       1 x  1.63E-04 y  1.63E-04
 Wall clock    59.005458116531372     
 Average time per cell    1.5249861770601807E-009
 Step time per cell       1.3929176626940413E-009
 Step      42 time   0.0073220 control    sound    timestep   1.82E-04       1,       1 x  1.63E-04 y  1.63E-04
 Wall clock    60.434635162353516     
 Average time per cell    1.5247343750190108E-009
 Step time per cell       1.5142758355876949E-009
 Step      43 time   0.0075043 control    sound    timestep   1.82E-04       1,       1 x  1.63E-04 y  1.63E-04
 Wall clock    61.897203207015991     
 Average time per cell    1.5253171306436620E-009
 Step time per cell       1.5496700850942741E-009
 Step      44 time   0.0076865 control    sound    timestep   1.82E-04       1,       1 x  1.63E-04 y  1.63E-04
 Wall clock    63.271384000778198     
 Average time per cell    1.5237447950762498E-009
 Step time per cell       1.4559976888348400E-009
 Step      45 time   0.0078687 control    sound    timestep   1.82E-04       1,       1 x  1.63E-04 y  1.63E-04
 Wall clock    64.689588069915771     
 Average time per cell    1.5232789797821934E-009
 Step time per cell       1.5026527459364540E-009
 Step      46 time   0.0080510 control    sound    timestep   1.82E-04       1,       1 x  1.63E-04 y  1.63E-04
 Wall clock    66.081096172332764     
 Average time per cell    1.5222184594088191E-009
 Step time per cell       1.4743560920275438E-009
 Step      47 time   0.0082333 control    sound    timestep   1.82E-04       1,       1 x  1.63E-04 y  1.63E-04
 Wall clock    67.508335113525391     
 Average time per cell    1.5220086369058008E-009
 Step time per cell       1.5122254303100312E-009
 Step      48 time   0.0084156 control    sound    timestep   1.82E-04       1,       1 x  1.63E-04 y  1.63E-04
 Wall clock    68.973213195800781     
 Average time per cell    1.5226384709455521E-009
 Step time per cell       1.5520870672642357E-009
 Step      49 time   0.0085979 control    sound    timestep   1.82E-04       1,       1 x  1.63E-04 y  1.63E-04
 Wall clock    70.329393148422241     
 Average time per cell    1.5208919712945120E-009
 Step time per cell       1.4369306376870050E-009
 Step      50 time   0.0087802 control    sound    timestep   1.82E-04       1,       1 x  1.63E-04 y  1.63E-04
 Wall clock    71.887974023818970     
 Average time per cell    1.5235047663332402E-009
 Step time per cell       1.6514003517739993E-009
 Step      51 time   0.0089626 control    sound    timestep   1.82E-04       1,       1 x  1.63E-04 y  1.63E-04
 Wall clock    73.158416032791138     
 Average time per cell    1.5200283747153840E-009
 Step time per cell       1.3461739298590044E-009
 Step      52 time   0.0091450 control    sound    timestep   1.82E-04       1,       1 x  1.63E-04 y  1.63E-04
 Wall clock    74.614496231079102     
 Average time per cell    1.5204685616916896E-009
 Step time per cell       1.5427811680031785E-009
 Step      53 time   0.0093274 control    sound    timestep   1.82E-04       1,       1 x  1.63E-04 y  1.63E-04
 Wall clock    76.040653228759766     
 Average time per cell    1.5202938781346368E-009
 Step time per cell       1.5110779511612943E-009
 Step      54 time   0.0095098 control    sound    timestep   1.82E-04       1,       1 x  1.63E-04 y  1.63E-04
 Wall clock    77.463959217071533     
 Average time per cell    1.5200697191864676E-009
 Step time per cell       1.5080622183126655E-009
 Step      55 time   0.0096922 control    sound    timestep   1.82E-04       1,       1 x  1.63E-04 y  1.63E-04
 Wall clock    78.826021194458008     
 Average time per cell    1.5186737753060467E-009
 Step time per cell       1.4432154987136731E-009
 Step      56 time   0.0098746 control    sound    timestep   1.82E-04       1,       1 x  1.63E-04 y  1.63E-04
 Wall clock    80.255903005599976     
 Average time per cell    1.5186109808815845E-009
 Step time per cell       1.5150142947580510E-009
 Step      57 time   0.0100570 control    sound    timestep   1.82E-04       1,       1 x  1.63E-04 y  1.63E-04
 Wall clock    81.619745016098022     
 Average time per cell    1.5173227004576943E-009
 Step time per cell       1.4450516674615857E-009
 Step      58 time   0.0102395 control    sound    timestep   1.82E-04       1,       1 x  1.63E-04 y  1.63E-04
 Wall clock    83.043799161911011     
 Average time per cell    1.5171788965040882E-009
 Step time per cell       1.5088484259548650E-009
 Step      59 time   0.0104219 control    sound    timestep   1.82E-04       1,       1 x  1.63E-04 y  1.63E-04
 Wall clock    84.397174119949341     
 Average time per cell    1.5157705712893021E-009
 Step time per cell       1.4339490108896926E-009
 Step      60 time   0.0106044 control    sound    timestep   1.82E-04       1,       1 x  1.63E-04 y  1.63E-04
 Wall clock    85.924318075180054     
 Average time per cell    1.5174780611670469E-009
 Step time per cell       1.6180726763397818E-009
 Step      61 time   0.0107868 control    sound    timestep   1.82E-04       1,       1 x  1.63E-04 y  1.63E-04
 Wall clock    87.273764133453369     
 Average time per cell    1.5160427568337238E-009
 Step time per cell       1.4298671481406523E-009
 Step      62 time   0.0109693 control    sound    timestep   1.82E-04       1,       1 x  1.63E-04 y  1.63E-04
 Wall clock    88.713633060455322     
 Average time per cell    1.5161991642445274E-009
 Step time per cell       1.5256076342969513E-009
 Step      63 time   0.0111518 control    sound    timestep   1.83E-04       1,       1 x  1.63E-04 y  1.63E-04
 Wall clock    90.090621232986450     
 Average time per cell    1.5152929738797662E-009
 Step time per cell       1.4589681995857972E-009
 Step      64 time   0.0113343 control    sound    timestep   1.83E-04       1,       1 x  1.63E-04 y  1.63E-04
 Wall clock    91.521064043045044     
 Average time per cell    1.5153001421531877E-009
 Step time per cell       1.5156132980741353E-009
 Step      65 time   0.0115168 control    sound    timestep   1.83E-04       1,       1 x  1.63E-04 y  1.63E-04
 Wall clock    92.974328041076660     
 Average time per cell    1.5156791237248585E-009
 Step time per cell       1.5398088887903012E-009
 Step      66 time   0.0116994 control    sound    timestep   1.83E-04       1,       1 x  1.63E-04 y  1.63E-04
 Wall clock    94.341080188751221     
 Average time per cell    1.5146576625931739E-009
 Step time per cell       1.4481313175767557E-009
 Step      67 time   0.0118819 control    sound    timestep   1.83E-04       1,       1 x  1.63E-04 y  1.63E-04
 Wall clock    95.706735134124756     
 Average time per cell    1.5136493400416328E-009
 Step time per cell       1.4469676696333205E-009
 Step      68 time   0.0120645 control    sound    timestep   1.83E-04       1,       1 x  1.63E-04 y  1.63E-04
 Wall clock    97.142216205596924     
 Average time per cell    1.5137587685304049E-009
 Step time per cell       1.5209570847218856E-009
 Step      69 time   0.0122471 control    sound    timestep   1.83E-04       1,       1 x  1.63E-04 y  1.63E-04
 Wall clock    98.552310228347778     
 Average time per cell    1.5134751543844807E-009
 Step time per cell       1.4940517050692709E-009
 Step      70 time   0.0124297 control    sound    timestep   1.83E-04       1,       1 x  1.63E-04 y  1.63E-04
 Wall clock    100.04461312294006     
 Average time per cell    1.5144440957166287E-009
 Step time per cell       1.5811792763997801E-009
 Step      71 time   0.0126123 control    sound    timestep   1.83E-04       1,       1 x  1.63E-04 y  1.63E-04
 Wall clock    101.33309507369995     
 Average time per cell    1.5123438211852948E-009
 Step time per cell       1.3650936933926358E-009
 Step      72 time   0.0127949 control    sound    timestep   1.83E-04       1,       1 x  1.63E-04 y  1.63E-04
 Wall clock    102.77927923202515     
 Average time per cell    1.5126228219495165E-009
 Step time per cell       1.5322962099162395E-009
 Step      73 time   0.0129775 control    sound    timestep   1.83E-04       1,       1 x  1.63E-04 y  1.63E-04
 Wall clock    104.15944218635559     
 Average time per cell    1.5119358420750226E-009
 Step time per cell       1.4623472250403008E-009
 Step      74 time   0.0131601 control    sound    timestep   1.83E-04       1,       1 x  1.63E-04 y  1.63E-04
 Wall clock    105.58144116401672     
 Average time per cell    1.5118664974066120E-009
 Step time per cell       1.5066792810911365E-009
 Step      75 time   0.0133427 control    sound    timestep   1.83E-04       1,       1 x  1.63E-04 y  1.63E-04
 Wall clock    106.96520900726318     
 Average time per cell    1.5112588530259758E-009
 Step time per cell       1.4661660922380785E-009
 Step      76 time   0.0135254 control    sound    timestep   1.83E-04       1,       1 x  1.63E-04 y  1.63E-04
 Wall clock    108.35304403305054     
 Average time per cell    1.5107239064145581E-009
 Step time per cell       1.4704831604224940E-009
 Step      77 time   0.0137080 control    sound    timestep   1.83E-04       1,       1 x  1.63E-04 y  1.63E-04
 Wall clock    109.73251223564148     
 Average time per cell    1.5100877141971984E-009
 Step time per cell       1.4616173555421280E-009
 Step      78 time   0.0138907 control    sound    timestep   1.83E-04       1,       1 x  1.63E-04 y  1.63E-04
 Wall clock    111.05213308334351     
 Average time per cell    1.5086548020472011E-009
 Step time per cell       1.3981775737192947E-009
 Step      79 time   0.0140733 control    sound    timestep   1.83E-04       1,       1 x  1.63E-04 y  1.63E-04
 Wall clock    112.51758909225464     
 Average time per cell    1.5092142737163893E-009
 Step time per cell       1.5527227030058081E-009
 Step      80 time   0.0142560 control    sound    timestep   1.83E-04       1,       1 x  1.63E-04 y  1.63E-04
 Wall clock    114.02300119400024     
 Average time per cell    1.5102889960871835E-009
 Step time per cell       1.5950649867590983E-009
 Step      81 time   0.0144387 control    sound    timestep   1.83E-04       1,       1 x  1.63E-04 y  1.63E-04
 Wall clock    115.44424915313721     
 Average time per cell    1.5102361508113982E-009
 Step time per cell       1.5059789701707712E-009
 Step      82 time   0.0146215 control    sound    timestep   1.83E-04       1,       1 x  1.63E-04 y  1.63E-04
 Wall clock    116.75567221641541     
 Average time per cell    1.5087653914301106E-009
 Step time per cell       1.3895416688885436E-009
 Step      83 time   0.0148042 control    sound    timestep   1.83E-04       1,       1 x  1.63E-04 y  1.63E-04
 Wall clock    118.21260213851929     
 Average time per cell    1.5091877180061097E-009
 Step time per cell       1.5436924311668716E-009
 Step      84 time   0.0149869 control    sound    timestep   1.83E-04       1,       1 x  1.63E-04 y  1.63E-04
 Wall clock    119.62555813789368     
 Average time per cell    1.5090452696014798E-009
 Step time per cell       1.4971139232026569E-009
 Step      85 time   0.0151697 control    sound    timestep   1.83E-04       1,       1 x  1.63E-04 y  1.63E-04
 Wall clock    121.06096601486206     
 Average time per cell    1.5091860654601808E-009
 Step time per cell       1.5208762407483948E-009
 Step      86 time   0.0153524 control    sound    timestep   1.83E-04       1,       1 x  1.63E-04 y  1.63E-04
 Wall clock    122.48771905899048     
 Average time per cell    1.5092169475677461E-009
 Step time per cell       1.5117696724094760E-009
 Step      87 time   0.0155351 control    sound    timestep   1.83E-04       1,       1 x  1.63E-04 y  1.63E-04
 Wall clock    123.92531204223633     
 First step overhead -0.27243208885192871     
real 125.43
user 2943.02
sys 61.41
