
Clover Version    1.000
       MPI Version
   Task Count    768


Clover Version    1.000
       MPI Version
   Task Count    768

 Output file clover.out opened. All output will go there.
 Step       1 time   0.0000000 control    sound    timestep   9.63E-05       1,       1 x  8.14E-05 y  1.63E-04
 Wall clock    1.4717099666595459     
 Average time per cell    7.7973999800128187E-010
 Step time per cell       7.7973999800128187E-010
 Step       2 time   0.0000963 control    sound    timestep   8.11E-05       1,       1 x  8.14E-05 y  1.63E-04
 Wall clock    3.4213469028472900     
 Average time per cell    9.0634740798931389E-010
 Step time per cell       1.0328360783912810E-009
 Step       3 time   0.0001774 control    sound    timestep   7.40E-05       1,       1 x  8.14E-05 y  1.63E-04
 Wall clock    5.0554709434509277     
 Average time per cell    8.9282829557541171E-010
 Step time per cell       8.6571907963338572E-010
 Step       4 time   0.0002514 control    sound    timestep   7.72E-05       1,       1 x  8.14E-05 y  1.63E-04
 Wall clock    6.4883639812469482     
 Average time per cell    8.5941473394591913E-010
 Step time per cell       7.5913211124619312E-010
 Step       5 time   0.0003286 control    sound    timestep   8.38E-05       1,       1 x  8.14E-05 y  1.63E-04
 Wall clock    7.9417579174041748     
 Average time per cell    8.4153895032714998E-010
 Step time per cell       7.6995850880242267E-010
 Step       6 time   0.0004124 control    sound    timestep   8.71E-05       1,       1 x  8.14E-05 y  1.63E-04
 Wall clock    9.3089909553527832     
 Average time per cell    8.2201348016463234E-010
 Step time per cell       7.2432991752672632E-010
 Step       7 time   0.0004995 control    sound    timestep   8.85E-05       1,       1 x  8.14E-05 y  1.63E-04
 Wall clock    10.757457971572876     
 Average time per cell    8.1421518867529577E-010
 Step time per cell       7.6735811186760351E-010
 Step       8 time   0.0005881 control    sound    timestep   9.16E-05       1,       1 x  8.14E-05 y  1.63E-04
 Wall clock    12.174673080444336     
 Average time per cell    8.0629673801821706E-010
 Step time per cell       7.5079659230444427E-010
 Step       9 time   0.0006796 control    sound    timestep   9.10E-05       1,       1 x  8.14E-05 y  1.63E-04
 Wall clock    13.635441064834595     
 Average time per cell    8.0270184792616308E-010
 Step time per cell       7.7388184157219556E-010
 Step      10 time   0.0007707 control    sound    timestep   9.10E-05       1,       1 x  8.14E-05 y  1.63E-04
 Wall clock    15.161339998245239     
 Average time per cell    8.0327669770162575E-010
 Step time per cell       8.0839375489934661E-010
 Step      11 time   0.0008617 control    sound    timestep   9.08E-05       1,       1 x  8.14E-05 y  1.63E-04
 Wall clock    16.513564109802246     
 Average time per cell    7.9538191736598186E-010
 Step time per cell       7.1641554515938168E-010
 Step      12 time   0.0009525 control    sound    timestep   9.06E-05       1,       1 x  8.14E-05 y  1.63E-04
 Wall clock    17.969496965408325     
 Average time per cell    7.9338183956712815E-010
 Step time per cell       7.7131858233769892E-010
 Step      13 time   0.0010432 control    sound    timestep   9.06E-05       1,       1 x  8.14E-05 y  1.63E-04
 Wall clock    19.354552030563354     
 Average time per cell    7.8880081953404724E-010
 Step time per cell       7.3375594587964267E-010
 Step      14 time   0.0011337 control    sound    timestep   9.07E-05       1,       1 x  8.14E-05 y  1.63E-04
 Wall clock    20.864237070083618     
 Average time per cell    7.8959075496626728E-010
 Step time per cell       7.9979372458183211E-010
 Step      15 time   0.0012244 control    sound    timestep   9.09E-05       1,       1 x  8.14E-05 y  1.63E-04
 Wall clock    22.567641973495483     
 Average time per cell    7.9711779748052961E-010
 Step time per cell       9.0243714920587886E-010
 Step      16 time   0.0013153 control    sound    timestep   9.09E-05       1,       1 x  8.14E-05 y  1.63E-04
 Wall clock    24.110728979110718     
 Average time per cell    7.9839524226422830E-010
 Step time per cell       8.1749653367700784E-010
 Step      17 time   0.0014062 control    sound    timestep   9.09E-05       1,       1 x  8.14E-05 y  1.63E-04
 Wall clock    25.502998113632202     
 Average time per cell    7.9482203569699585E-010
 Step time per cell       7.3760778226035957E-010
 Step      18 time   0.0014971 control    sound    timestep   9.09E-05       1,       1 x  8.14E-05 y  1.63E-04
 Wall clock    26.834593057632446     
 Average time per cell    7.8985994414436806E-010
 Step time per cell       7.0544299685732560E-010
 Step      19 time   0.0015880 control    sound    timestep   9.09E-05       1,       1 x  8.14E-05 y  1.63E-04
 Wall clock    28.310194015502930     
 Average time per cell    7.8943581652231185E-010
 Step time per cell       7.8173848628971934E-010
 Step      20 time   0.0016789 control    sound    timestep   9.09E-05       1,       1 x  8.14E-05 y  1.63E-04
 Wall clock    29.885355949401855     
 Average time per cell    7.9169156682231304E-010
 Step time per cell       8.3448930531125771E-010
 Step      21 time   0.0017699 control    sound    timestep   9.09E-05       1,       1 x  8.14E-05 y  1.63E-04
 Wall clock    31.160363912582397     
 Average time per cell    7.8615975537835980E-010
 Step time per cell       6.7550874721038983E-010
 Step      22 time   0.0018608 control    sound    timestep   9.09E-05       1,       1 x  8.14E-05 y  1.63E-04
 Wall clock    32.643158912658691     
 Average time per cell    7.8613490559016068E-010
 Step time per cell       7.8553095287740387E-010
 Step      23 time   0.0019517 control    sound    timestep   9.09E-05       1,       1 x  8.14E-05 y  1.63E-04
 Wall clock    34.069004058837891     
 Average time per cell    7.8480034194333293E-010
 Step time per cell       7.5537627708399665E-010
 Step      24 time   0.0020427 control    sound    timestep   9.10E-05       1,       1 x  8.14E-05 y  1.63E-04
 Wall clock    35.527065038681030     
 Average time per cell    7.8428818205288231E-010
 Step time per cell       7.7244761895498313E-010
 Step      25 time   0.0021336 control    sound    timestep   9.10E-05       1,       1 x  8.14E-05 y  1.63E-04
 Wall clock    36.945137023925781     
 Average time per cell    7.8296951768505903E-010
 Step time per cell       7.5125437130433664E-010
 Step      26 time   0.0022246 control    sound    timestep   9.10E-05       1,       1 x  8.14E-05 y  1.63E-04
 Wall clock    38.288187026977539     
 Average time per cell    7.8022351686725328E-010
 Step time per cell       7.1151362135424278E-010
 Step      27 time   0.0023156 control    sound    timestep   9.10E-05       1,       1 x  8.14E-05 y  1.63E-04
 Wall clock    39.785429954528809     
 Average time per cell    7.8070664022251035E-010
 Step time per cell       7.9320266700556711E-010
 Step      28 time   0.0024065 control    sound    timestep   9.10E-05       1,       1 x  8.14E-05 y  1.63E-04
 Wall clock    41.132230043411255     
 Average time per cell    7.7830855890704064E-010
 Step time per cell       7.1352436255741241E-010
 Step      29 time   0.0024975 control    sound    timestep   9.10E-05       1,       1 x  8.14E-05 y  1.63E-04
 Wall clock    42.591942071914673     
 Average time per cell    7.7813872106988166E-010
 Step time per cell       7.7331542848292479E-010
 Step      30 time   0.0025884 control    sound    timestep   9.10E-05       1,       1 x  8.14E-05 y  1.63E-04
 Wall clock    44.140403985977173     
 Average time per cell    7.7954758513374989E-010
 Step time per cell       8.2033895725746531E-010
 Step      31 time   0.0026794 control    sound    timestep   9.10E-05       1,       1 x  8.14E-05 y  1.63E-04
 Wall clock    45.534429073333740     
 Average time per cell    7.7822608457814393E-010
 Step time per cell       7.3856515175268412E-010
 Step      32 time   0.0027704 control    sound    timestep   9.10E-05       1,       1 x  8.14E-05 y  1.63E-04
 Wall clock    46.869992017745972     
 Average time per cell    7.7601922912309524E-010
 Step time per cell       7.0755694044540481E-010
 Step      33 time   0.0028614 control    sound    timestep   9.10E-05       1,       1 x  8.14E-05 y  1.63E-04
 Wall clock    48.306150913238525     
 Average time per cell    7.7556120286868514E-010
 Step time per cell       7.6084183496681769E-010
 Step      34 time   0.0029523 control    sound    timestep   9.10E-05       1,       1 x  8.14E-05 y  1.63E-04
 Wall clock    49.720653057098389     
 Average time per cell    7.7479264404412794E-010
 Step time per cell       7.4936818034782648E-010
 Step      35 time   0.0030433 control    sound    timestep   9.10E-05       1,       1 x  8.14E-05 y  1.63E-04
 Wall clock    51.035104990005493     
 Average time per cell    7.7255347403277280E-010
 Step time per cell       6.9635550264340255E-010
 Step      36 time   0.0031343 control    sound    timestep   9.10E-05       1,       1 x  8.14E-05 y  1.63E-04
 Wall clock    52.599966049194336     
 Average time per cell    7.7412402260736679E-010
 Step time per cell       8.2902854753936281E-010
 Step      37 time   0.0032253 control    sound    timestep   9.10E-05       1,       1 x  8.14E-05 y  1.63E-04
 Wall clock    54.062385082244873     
 Average time per cell    7.7414276481383379E-010
 Step time per cell       7.7477567275410471E-010
 Step      38 time   0.0033163 control    sound    timestep   9.10E-05       1,       1 x  8.14E-05 y  1.63E-04
 Wall clock    55.446609973907471     
 Average time per cell    7.7307029040804339E-010
 Step time per cell       7.3334957859414218E-010
 Step      39 time   0.0034073 control    sound    timestep   9.10E-05       1,       1 x  8.14E-05 y  1.63E-04
 Wall clock    56.879857063293457     
 Average time per cell    7.7271878635500855E-010
 Step time per cell       7.5929960985376964E-010
 Step      40 time   0.0034982 control    sound    timestep   9.10E-05       1,       1 x  8.14E-05 y  1.63E-04
 Wall clock    58.385951042175293     
 Average time per cell    7.7334974927604589E-010
 Step time per cell       7.9788947004999504E-010
 Step      41 time   0.0035892 control    sound    timestep   9.10E-05       1,       1 x  8.14E-05 y  1.63E-04
 Wall clock    59.726420879364014     
 Average time per cell    7.7180966942438282E-010
 Step time per cell       7.1019119079412320E-010
 Step      42 time   0.0036802 control    sound    timestep   9.10E-05       1,       1 x  8.14E-05 y  1.63E-04
 Wall clock    61.135637998580933     
 Average time per cell    7.7121015577191309E-010
 Step time per cell       7.4655695748838804E-010
 Step      43 time   0.0037712 control    sound    timestep   9.10E-05       1,       1 x  8.14E-05 y  1.63E-04
 Wall clock    62.514947891235352     
 Average time per cell    7.7027002836364618E-010
 Step time per cell       7.3072000203764119E-010
 Step      44 time   0.0038622 control    sound    timestep   9.10E-05       1,       1 x  8.14E-05 y  1.63E-04
 Wall clock    63.897788047790527     
 Average time per cell    7.6941514313570809E-010
 Step time per cell       7.3258876101236744E-010
 Step      45 time   0.0039532 control    sound    timestep   9.10E-05       1,       1 x  8.14E-05 y  1.63E-04
 Wall clock    65.391658067703247     
 Average time per cell    7.6990549143689053E-010
 Step time per cell       7.9141361513595461E-010
 Step      46 time   0.0040442 control    sound    timestep   9.10E-05       1,       1 x  8.14E-05 y  1.63E-04
 Wall clock    66.816732883453369     
 Average time per cell    7.6958215044838639E-010
 Step time per cell       7.5496397281919298E-010
 Step      47 time   0.0041352 control    sound    timestep   9.10E-05       1,       1 x  8.14E-05 y  1.63E-04
 Wall clock    68.181025028228760     
 Average time per cell    7.6858738103632966E-010
 Step time per cell       7.2278188175308364E-010
 Step      48 time   0.0042262 control    sound    timestep   9.10E-05       1,       1 x  8.14E-05 y  1.63E-04
 Wall clock    69.637711048126221     
 Average time per cell    7.6865389444349233E-010
 Step time per cell       7.7171433885167873E-010
 Step      49 time   0.0043173 control    sound    timestep   9.10E-05       1,       1 x  8.14E-05 y  1.63E-04
 Wall clock    70.976768970489502     
 Average time per cell    7.6744582345414862E-010
 Step time per cell       7.0940435155838107E-010
 Step      50 time   0.0044083 control    sound    timestep   9.10E-05       1,       1 x  8.14E-05 y  1.63E-04
 Wall clock    72.544115066528320     
 Average time per cell    7.6870510383741930E-010
 Step time per cell       8.3033518826090986E-010
 Step      51 time   0.0044993 control    sound    timestep   9.10E-05       1,       1 x  8.14E-05 y  1.63E-04
 Wall clock    73.864238977432251     
 Average time per cell    7.6734670603127000E-010
 Step time per cell       6.9941153116006814E-010
 Step      52 time   0.0045903 control    sound    timestep   9.10E-05       1,       1 x  8.14E-05 y  1.63E-04
 Wall clock    75.270129919052124     
 Average time per cell    7.6691441983292372E-010
 Step time per cell       7.4480100112042334E-010
 Step      53 time   0.0046813 control    sound    timestep   9.10E-05       1,       1 x  8.14E-05 y  1.63E-04
 Wall clock    76.671370029449463     
 Average time per cell    7.6645195388643457E-010
 Step time per cell       7.4234119690825334E-010
 Step      54 time   0.0047723 control    sound    timestep   9.10E-05       1,       1 x  8.14E-05 y  1.63E-04
 Wall clock    78.066343069076538     
 Average time per cell    7.6594512716807980E-010
 Step time per cell       7.3901813064165056E-010
 Step      55 time   0.0048633 control    sound    timestep   9.10E-05       1,       1 x  8.14E-05 y  1.63E-04
 Wall clock    79.476521015167236     
 Average time per cell    7.6560320049986443E-010
 Step time per cell       7.4707979062319887E-010
 Step      56 time   0.0049544 control    sound    timestep   9.10E-05       1,       1 x  8.14E-05 y  1.63E-04
 Wall clock    80.847225904464722     
 Average time per cell    7.6490002874783792E-010
 Step time per cell       7.2616570731851321E-010
 Step      57 time   0.0050454 control    sound    timestep   9.10E-05       1,       1 x  8.14E-05 y  1.63E-04
 Wall clock    82.299331903457642     
 Average time per cell    7.6497815880819740E-010
 Step time per cell       7.6928611431665358E-010
 Step      58 time   0.0051364 control    sound    timestep   9.10E-05       1,       1 x  8.14E-05 y  1.63E-04
 Wall clock    83.700437068939209     
 Average time per cell    7.6458771173012402E-010
 Step time per cell       7.4226654255148281E-010
 Step      59 time   0.0052275 control    sound    timestep   9.10E-05       1,       1 x  8.14E-05 y  1.63E-04
 Wall clock    85.169730901718140     
 Average time per cell    7.6482283329755473E-010
 Step time per cell       7.7839470375490945E-010
 Step      60 time   0.0053185 control    sound    timestep   9.10E-05       1,       1 x  8.14E-05 y  1.63E-04
 Wall clock    86.656606912612915     
 Average time per cell    7.6520537369880774E-010
 Step time per cell       7.8771702444808196E-010
 Step      61 time   0.0054095 control    sound    timestep   9.10E-05       1,       1 x  8.14E-05 y  1.63E-04
 Wall clock    87.935612916946411     
 Average time per cell    7.6376990470249067E-010
 Step time per cell       6.7762648035972637E-010
 Step      62 time   0.0055006 control    sound    timestep   9.10E-05       1,       1 x  8.14E-05 y  1.63E-04
 Wall clock    89.360143899917603     
 Average time per cell    7.6362432032005418E-010
 Step time per cell       7.5468000836230612E-010
 Step      63 time   0.0055916 control    sound    timestep   9.11E-05       1,       1 x  8.14E-05 y  1.63E-04
 Wall clock    90.836361885070801     
 Average time per cell    7.6391803638073755E-010
 Step time per cell       7.8206742020686056E-010
 Step      64 time   0.0056827 control    sound    timestep   9.10E-05       1,       1 x  8.14E-05 y  1.63E-04
 Wall clock    92.219567060470581     
 Average time per cell    7.6343257444161991E-010
 Step time per cell       7.3279061830867753E-010
 Step      65 time   0.0057737 control    sound    timestep   9.11E-05       1,       1 x  8.14E-05 y  1.63E-04
 Wall clock    93.632195949554443     
 Average time per cell    7.6320188432314006E-010
 Step time per cell       7.4837683112289396E-010
 Step      66 time   0.0058648 control    sound    timestep   9.11E-05       1,       1 x  8.14E-05 y  1.63E-04
 Wall clock    95.043653964996338     
 Average time per cell    7.6296878555404089E-010
 Step time per cell       7.4774637444837332E-010
 Step      67 time   0.0059558 control    sound    timestep   9.11E-05       1,       1 x  8.14E-05 y  1.63E-04
 Wall clock    96.450426101684570     
 Average time per cell    7.6270559021240100E-010
 Step time per cell       7.4527216990342522E-010
 Step      68 time   0.0060469 control    sound    timestep   9.11E-05       1,       1 x  8.14E-05 y  1.63E-04
 Wall clock    97.857542991638184     
 Average time per cell    7.6245282204040656E-010
 Step time per cell       7.4544800554576793E-010
 Step      69 time   0.0061379 control    sound    timestep   9.11E-05       1,       1 x  8.14E-05 y  1.63E-04
 Wall clock    99.277743101119995     
 Average time per cell    7.6230784046953235E-010
 Step time per cell       7.5238555533966670E-010
 Step      70 time   0.0062290 control    sound    timestep   9.11E-05       1,       1 x  8.14E-05 y  1.63E-04
 Wall clock    100.83135700225830     
 Average time per cell    7.6317678937653362E-010
 Step time per cell       8.2307287306725302E-010
 Step      71 time   0.0063200 control    sound    timestep   9.11E-05       1,       1 x  8.14E-05 y  1.63E-04
 Wall clock    102.24064588546753     
 Average time per cell    7.6294427287759566E-010
 Step time per cell       7.4665270706949139E-010
 Step      72 time   0.0064111 control    sound    timestep   9.11E-05       1,       1 x  8.14E-05 y  1.63E-04
 Wall clock    103.58224296569824     
 Average time per cell    7.6222009839612937E-010
 Step time per cell       7.1076606723686891E-010
 Step      73 time   0.0065022 control    sound    timestep   9.11E-05       1,       1 x  8.14E-05 y  1.63E-04
 Wall clock    104.98088192939758     
 Average time per cell    7.6192976263122890E-010
 Step time per cell       7.4095724913705556E-010
 Step      74 time   0.0065932 control    sound    timestep   9.11E-05       1,       1 x  8.14E-05 y  1.63E-04
 Wall clock    106.35494208335876     
 Average time per cell    7.6147129645475586E-010
 Step time per cell       7.2793644297538173E-010
 Step      75 time   0.0066843 control    sound    timestep   9.11E-05       1,       1 x  8.14E-05 y  1.63E-04
 Wall clock    107.83593201637268     
 Average time per cell    7.6178043518329682E-010
 Step time per cell       7.8459480492812067E-010
 Step      76 time   0.0067754 control    sound    timestep   9.11E-05       1,       1 x  8.14E-05 y  1.63E-04
 Wall clock    109.26697206497192     
 Average time per cell    7.6173322287896871E-010
 Step time per cell       7.5815516235403871E-010
 Step      77 time   0.0068665 control    sound    timestep   9.11E-05       1,       1 x  8.14E-05 y  1.63E-04
 Wall clock    110.62734889984131     
 Average time per cell    7.6120101975390964E-010
 Step time per cell       7.2071758141747628E-010
 Step      78 time   0.0069576 control    sound    timestep   9.11E-05       1,       1 x  8.14E-05 y  1.63E-04
 Wall clock    111.97892498970032     
 Average time per cell    7.6062268334372651E-010
 Step time per cell       7.1602294661311641E-010
 Step      79 time   0.0070486 control    sound    timestep   9.11E-05       1,       1 x  8.14E-05 y  1.63E-04
 Wall clock    113.52453398704529     
 Average time per cell    7.6136028372316108E-010
 Step time per cell       8.1882742759060215E-010
 Step      80 time   0.0071397 control    sound    timestep   9.11E-05       1,       1 x  8.14E-05 y  1.63E-04
 Wall clock    115.03677511215210     
 Average time per cell    7.6185845740736921E-010
 Step time per cell       8.0115114542422816E-010
 Step      81 time   0.0072308 control    sound    timestep   9.11E-05       1,       1 x  8.14E-05 y  1.63E-04
 Wall clock    116.39129900932312     
 Average time per cell    7.6131270588718562E-010
 Step time per cell       7.1763729970876334E-010
 Step      82 time   0.0073219 control    sound    timestep   9.11E-05       1,       1 x  8.14E-05 y  1.63E-04
 Wall clock    117.81081509590149     
 Average time per cell    7.6120019344069760E-010
 Step time per cell       7.5202731548213501E-010
 Step      83 time   0.0074130 control    sound    timestep   9.11E-05       1,       1 x  8.14E-05 y  1.63E-04
 Wall clock    119.23280405998230     
 Average time per cell    7.6110617741033450E-010
 Step time per cell       7.5333433515980788E-010
 Step      84 time   0.0075041 control    sound    timestep   9.11E-05       1,       1 x  8.14E-05 y  1.63E-04
 Wall clock    120.64398002624512     
 Average time per cell    7.6094619828081074E-010
 Step time per cell       7.4760275007671835E-010
 Step      85 time   0.0075952 control    sound    timestep   9.11E-05       1,       1 x  8.14E-05 y  1.63E-04
 Wall clock    122.08173704147339     
 Average time per cell    7.6095566744257972E-010
 Step time per cell       7.6168753872075793E-010
 Step      86 time   0.0076863 control    sound    timestep   9.11E-05       1,       1 x  8.14E-05 y  1.63E-04
 Wall clock    123.38466811180115     
 Average time per cell    7.6013429597244185E-010
 Step time per cell       6.9028222545360528E-010
 Step      87 time   0.0077774 control    sound    timestep   9.11E-05       1,       1 x  8.14E-05 y  1.63E-04
 Wall clock    124.98170900344849     
 First step overhead -0.47770380973815918     
real 126.51
user 2964.21
sys 65.65
