
Clover Version    1.000
       MPI Version
   Task Count     24


Clover Version    1.000
       MPI Version
   Task Count     24

 Output file clover.out opened. All output will go there.
 Step       1 time   0.0000000 control    sound    timestep   7.70E-04       1,       1 x  6.51E-04 y  6.51E-04
 Wall clock    1.2781329154968262     
 Average time per cell    2.1669733946004676E-008
 Step time per cell       2.1669733946004676E-008
 Step       2 time   0.0007703 control    sound    timestep   4.70E-04       1,       1 x  6.51E-04 y  6.51E-04
 Wall clock    2.5741319656372070     
 Average time per cell    2.1821187045942578E-008
 Step time per cell       2.1970538202569716E-008
 Step       3 time   0.0012405 control    sound    timestep   5.97E-04       1,       1 x  6.51E-04 y  6.51E-04
 Wall clock    3.8756399154663086     
 Average time per cell    2.1902804426779901E-008
 Step time per cell       2.2062902442283100E-008
 Step       4 time   0.0018380 control    sound    timestep   6.29E-04       1,       1 x  6.51E-04 y  6.51E-04
 Wall clock    5.1649899482727051     
 Average time per cell    2.1892081147396109E-008
 Step time per cell       2.1858148910622629E-008
 Step       5 time   0.0024675 control    sound    timestep   6.93E-04       1,       1 x  6.51E-04 y  6.51E-04
 Wall clock    6.4532299041748047     
 Average time per cell    2.1881883084360097E-008
 Step time per cell       2.1838904002733114E-008
 Step       6 time   0.0031602 control    sound    timestep   6.91E-04       1,       1 x  6.51E-04 y  6.51E-04
 Wall clock    7.7559020519256592     
 Average time per cell    2.1915865444397139E-008
 Step time per cell       2.2083877411205321E-008
 Step       7 time   0.0038513 control    sound    timestep   7.04E-04       1,       1 x  6.51E-04 y  6.51E-04
 Wall clock    9.0390129089355469     
 Average time per cell    2.1892760525501910E-008
 Step time per cell       2.1751911845058202E-008
 Step       8 time   0.0045556 control    sound    timestep   7.41E-04       1,       1 x  6.51E-04 y  6.51E-04
 Wall clock    10.341929912567139     
 Average time per cell    2.1917406532641810E-008
 Step time per cell       2.2088214690383108E-008
 Step       9 time   0.0052964 control    sound    timestep   7.33E-04       1,       1 x  6.51E-04 y  6.51E-04
 Wall clock    11.628417015075684     
 Average time per cell    2.1905624983188362E-008
 Step time per cell       2.1809525302766513E-008
 Step      10 time   0.0060292 control    sound    timestep   7.28E-04       1,       1 x  6.51E-04 y  6.51E-04
 Wall clock    12.989907979965210     
 Average time per cell    2.2023362867508289E-008
 Step time per cell       2.3080784659315316E-008
 Step      11 time   0.0067568 control    sound    timestep   7.22E-04       1,       1 x  6.51E-04 y  6.51E-04
 Wall clock    14.269857883453369     
 Average time per cell    2.1994015292471483E-008
 Step time per cell       2.1699658342792344E-008
 Step      12 time   0.0074792 control    sound    timestep   7.20E-04       1,       1 x  6.51E-04 y  6.51E-04
 Wall clock    15.553177833557129     
 Average time per cell    2.1974320353129533E-008
 Step time per cell       2.1755962128130099E-008
 Step      13 time   0.0081988 control    sound    timestep   7.21E-04       1,       1 x  6.51E-04 y  6.51E-04
 Wall clock    16.846750974655151     
 Average time per cell    2.1971027308609338E-008
 Step time per cell       2.1929558392407167E-008
 Step      14 time   0.0089202 control    sound    timestep   7.24E-04       1,       1 x  6.51E-04 y  6.51E-04
 Wall clock    18.135848045349121     
 Average time per cell    2.1962784110598028E-008
 Step time per cell       2.1853706534279303E-008
 Step      15 time   0.0096444 control    sound    timestep   7.25E-04       1,       1 x  6.51E-04 y  6.51E-04
 Wall clock    19.434214830398560     
 Average time per cell    2.1966117384619322E-008
 Step time per cell       2.2010701488600009E-008
 Step      16 time   0.0103697 control    sound    timestep   7.26E-04       1,       1 x  6.51E-04 y  6.51E-04
 Wall clock    20.709235906600952     
 Average time per cell    2.1944295996137146E-008
 Step time per cell       2.1615022786944690E-008
 Step      17 time   0.0110953 control    sound    timestep   7.26E-04       1,       1 x  6.51E-04 y  6.51E-04
 Wall clock    21.994354963302612     
 Average time per cell    2.1935112611162386E-008
 Step time per cell       2.1786246280599800E-008
 Step      18 time   0.0118213 control    sound    timestep   7.26E-04       1,       1 x  6.51E-04 y  6.51E-04
 Wall clock    23.273746967315674     
 Average time per cell    2.1921555288164751E-008
 Step time per cell       2.1689047571271658E-008
 Step      19 time   0.0125475 control    sound    timestep   7.26E-04       1,       1 x  6.51E-04 y  6.51E-04
 Wall clock    24.555809020996094     
 Average time per cell    2.1911807608796142E-008
 Step time per cell       2.1734332323022600E-008
 Step      20 time   0.0132737 control    sound    timestep   7.26E-04       1,       1 x  6.51E-04 y  6.51E-04
 Wall clock    25.905242919921875     
 Average time per cell    2.1960146518217192E-008
 Step time per cell       2.2876653626250725E-008
 Step      21 time   0.0140001 control    sound    timestep   7.27E-04       1,       1 x  6.51E-04 y  6.51E-04
 Wall clock    27.178167819976807     
 Average time per cell    2.1942112691547703E-008
 Step time per cell       2.1580474114873342E-008
 Step      22 time   0.0147268 control    sound    timestep   7.27E-04       1,       1 x  6.51E-04 y  6.51E-04
 Wall clock    28.467768907546997     
 Average time per cell    2.1938569739406854E-008
 Step time per cell       2.1862267911071993E-008
 Step      23 time   0.0154537 control    sound    timestep   7.27E-04       1,       1 x  6.51E-04 y  6.51E-04
 Wall clock    29.748198986053467     
 Average time per cell    2.1928574556399334E-008
 Step time per cell       2.1706493700751000E-008
 Step      24 time   0.0161807 control    sound    timestep   7.27E-04       1,       1 x  6.51E-04 y  6.51E-04
 Wall clock    31.068719863891602     
 Average time per cell    2.1947733465047485E-008
 Step time per cell       2.2386286420644156E-008
 Step      25 time   0.0169080 control    sound    timestep   7.27E-04       1,       1 x  6.51E-04 y  6.51E-04
 Wall clock    32.357496976852417     
 Average time per cell    2.1943832042678778E-008
 Step time per cell       2.1848366789830227E-008
 Step      26 time   0.0176355 control    sound    timestep   7.28E-04       1,       1 x  6.51E-04 y  6.51E-04
 Wall clock    33.632895946502686     
 Average time per cell    2.1931507043106657E-008
 Step time per cell       2.1621417545247823E-008
 Step      27 time   0.0183631 control    sound    timestep   7.28E-04       1,       1 x  6.51E-04 y  6.51E-04
 Wall clock    34.907382965087891     
 Average time per cell    2.1919522361653578E-008
 Step time per cell       2.1606020810496477E-008
 Step      28 time   0.0190909 control    sound    timestep   7.28E-04       1,       1 x  6.51E-04 y  6.51E-04
 Wall clock    36.194888830184937     
 Average time per cell    2.1916276738112274E-008
 Step time per cell       2.1826797617702849E-008
 Step      29 time   0.0198188 control    sound    timestep   7.28E-04       1,       1 x  6.51E-04 y  6.51E-04
 Wall clock    37.482266902923584     
 Average time per cell    2.1913180239694873E-008
 Step time per cell       2.1824562281835825E-008
 Step      30 time   0.0205468 control    sound    timestep   7.28E-04       1,       1 x  6.51E-04 y  6.51E-04
 Wall clock    38.831995964050293     
 Average time per cell    2.1945527233010917E-008
 Step time per cell       2.2881265774938380E-008
 Step      31 time   0.0212748 control    sound    timestep   7.28E-04       1,       1 x  6.51E-04 y  6.51E-04
 Wall clock    40.129637956619263     
 Average time per cell    2.1947300384750784E-008
 Step time per cell       2.1999953282324390E-008
 Step      32 time   0.0220028 control    sound    timestep   7.28E-04       1,       1 x  6.51E-04 y  6.51E-04
 Wall clock    41.424707889556885     
 Average time per cell    2.1947599988278752E-008
 Step time per cell       2.1954923189089943E-008
 Step      33 time   0.0227308 control    sound    timestep   7.28E-04       1,       1 x  6.51E-04 y  6.51E-04
 Wall clock    42.709357023239136     
 Average time per cell    2.1942527603118145E-008
 Step time per cell       2.1778412499568528E-008
 Step      34 time   0.0234590 control    sound    timestep   7.28E-04       1,       1 x  6.51E-04 y  6.51E-04
 Wall clock    43.986569881439209     
 Average time per cell    2.1934045470712303E-008
 Step time per cell       2.1652118044181002E-008
 Step      35 time   0.0241873 control    sound    timestep   7.28E-04       1,       1 x  6.51E-04 y  6.51E-04
 Wall clock    45.267577886581421     
 Average time per cell    2.1927886423543982E-008
 Step time per cell       2.1716409214099663E-008
 Step      36 time   0.0249157 control    sound    timestep   7.29E-04       1,       1 x  6.51E-04 y  6.51E-04
 Wall clock    46.550180912017822     
 Average time per cell    2.1922820720916477E-008
 Step time per cell       2.1743128147338413E-008
 Step      37 time   0.0256442 control    sound    timestep   7.29E-04       1,       1 x  6.51E-04 y  6.51E-04
 Wall clock    47.851011037826538     
 Average time per cell    2.1926380896503135E-008
 Step time per cell       2.2052784819000712E-008
 Step      38 time   0.0263728 control    sound    timestep   7.29E-04       1,       1 x  6.51E-04 y  6.51E-04
 Wall clock    49.131459951400757     
 Average time per cell    2.1920660343014346E-008
 Step time per cell       2.1707051524168089E-008
 Step      39 time   0.0271016 control    sound    timestep   7.29E-04       1,       1 x  6.51E-04 y  6.51E-04
 Wall clock    50.406708955764771     
 Average time per cell    2.1912972629368783E-008
 Step time per cell       2.1618685018943831E-008
 Step      40 time   0.0278304 control    sound    timestep   7.29E-04       1,       1 x  6.51E-04 y  6.51E-04
 Wall clock    51.751576900482178     
 Average time per cell    2.1935177654894585E-008
 Step time per cell       2.2799391040785444E-008
 Step      41 time   0.0285593 control    sound    timestep   7.29E-04       1,       1 x  6.51E-04 y  6.51E-04
 Wall clock    53.026502847671509     
 Average time per cell    2.1927377281156506E-008
 Step time per cell       2.1614412414944834E-008
 Step      42 time   0.0292882 control    sound    timestep   7.29E-04       1,       1 x  6.51E-04 y  6.51E-04
 Wall clock    54.309167861938477     
 Average time per cell    2.1923072395905380E-008
 Step time per cell       2.1744518663682457E-008
 Step      43 time   0.0300171 control    sound    timestep   7.29E-04       1,       1 x  6.51E-04 y  6.51E-04
 Wall clock    55.584411859512329     
 Average time per cell    2.1916041750062583E-008
 Step time per cell       2.1618769905115994E-008
 Step      44 time   0.0307460 control    sound    timestep   7.29E-04       1,       1 x  6.51E-04 y  6.51E-04
 Wall clock    56.861284971237183     
 Average time per cell    2.1909958414111353E-008
 Step time per cell       2.1646422586248565E-008
 Step      45 time   0.0314750 control    sound    timestep   7.29E-04       1,       1 x  6.51E-04 y  6.51E-04
 Wall clock    58.137910842895508     
 Average time per cell    2.1904052298424053E-008
 Step time per cell       2.1642182319838967E-008
 Step      46 time   0.0322040 control    sound    timestep   7.29E-04       1,       1 x  6.51E-04 y  6.51E-04
 Wall clock    59.439201831817627     
 Average time per cell    2.1907493787320503E-008
 Step time per cell       2.2060646895422703E-008
 Step      47 time   0.0329331 control    sound    timestep   7.29E-04       1,       1 x  6.51E-04 y  6.51E-04
 Wall clock    60.719136953353882     
 Average time per cell    2.1903085173245291E-008
 Step time per cell       2.1698199109070832E-008
 Step      48 time   0.0336623 control    sound    timestep   7.29E-04       1,       1 x  6.51E-04 y  6.51E-04
 Wall clock    61.996071815490723     
 Average time per cell    2.1897800521670702E-008
 Step time per cell       2.1647421009321181E-008
 Step      49 time   0.0343915 control    sound    timestep   7.29E-04       1,       1 x  6.51E-04 y  6.51E-04
 Wall clock    63.290202856063843     
 Average time per cell    2.1898681521621614E-008
 Step time per cell       2.1939085854683070E-008
 Step      50 time   0.0351209 control    sound    timestep   7.29E-04       1,       1 x  6.51E-04 y  6.51E-04
 Wall clock    64.617316007614136     
 Average time per cell    2.1910710994335306E-008
 Step time per cell       2.2498138100167531E-008
 Step      51 time   0.0358503 control    sound    timestep   7.30E-04       1,       1 x  6.51E-04 y  6.51E-04
 Wall clock    65.891805887222290     
 Average time per cell    2.1904774879745546E-008
 Step time per cell       2.1606970727184995E-008
 Step      52 time   0.0365798 control    sound    timestep   7.30E-04       1,       1 x  6.51E-04 y  6.51E-04
 Wall clock    67.168743848800659     
 Average time per cell    2.1899865256024438E-008
 Step time per cell       2.1647473557903949E-008
 Step      53 time   0.0373094 control    sound    timestep   7.30E-04       1,       1 x  6.51E-04 y  6.51E-04
 Wall clock    68.451740026473999     
 Average time per cell    2.1897078868449787E-008
 Step time per cell       2.1750440484740668E-008
 Step      54 time   0.0380391 control    sound    timestep   7.30E-04       1,       1 x  6.51E-04 y  6.51E-04
 Wall clock    69.738584041595459     
 Average time per cell    2.1895603773829914E-008
 Step time per cell       2.1815459250420746E-008
 Step      55 time   0.0387688 control    sound    timestep   7.30E-04       1,       1 x  6.51E-04 y  6.51E-04
 Wall clock    71.014746904373169     
 Average time per cell    2.1890889764457679E-008
 Step time per cell       2.1634114091284572E-008
 Step      56 time   0.0394984 control    sound    timestep   7.30E-04       1,       1 x  6.51E-04 y  6.51E-04
 Wall clock    72.306079864501953     
 Average time per cell    2.1890936916442735E-008
 Step time per cell       2.1891545556071732E-008
 Step      57 time   0.0402281 control    sound    timestep   7.30E-04       1,       1 x  6.51E-04 y  6.51E-04
 Wall clock    73.587625980377197     
 Average time per cell    2.1888071392684610E-008
 Step time per cell       2.1725395021753177E-008
 Step      58 time   0.0409578 control    sound    timestep   7.30E-04       1,       1 x  6.51E-04 y  6.51E-04
 Wall clock    74.866216897964478     
 Average time per cell    2.1884440834356570E-008
 Step time per cell       2.1675619387274815E-008
 Step      59 time   0.0416876 control    sound    timestep   7.30E-04       1,       1 x  6.51E-04 y  6.51E-04
 Wall clock    76.139003038406372     
 Average time per cell    2.1879265287986618E-008
 Step time per cell       2.1577284820119127E-008
 Step      60 time   0.0424174 control    sound    timestep   7.30E-04       1,       1 x  6.51E-04 y  6.51E-04
 Wall clock    77.485713005065918     
 Average time per cell    2.1895150927809516E-008
 Step time per cell       2.2830507886182101E-008
 Step      61 time   0.0431473 control    sound    timestep   7.30E-04       1,       1 x  6.51E-04 y  6.51E-04
 Wall clock    78.761499881744385     
 Average time per cell    2.1890803514419967E-008
 Step time per cell       2.1629198777696324E-008
 Step      62 time   0.0438772 control    sound    timestep   7.30E-04       1,       1 x  6.51E-04 y  6.51E-04
 Wall clock    80.044214963912964     
 Average time per cell    2.1888490892612079E-008
 Step time per cell       2.1745319019020019E-008
 Step      63 time   0.0446072 control    sound    timestep   7.30E-04       1,       1 x  6.51E-04 y  6.51E-04
 Wall clock    81.327648878097534     
 Average time per cell    2.1886445135448944E-008
 Step time per cell       2.1757607302990639E-008
 Step      64 time   0.0453372 control    sound    timestep   7.30E-04       1,       1 x  6.51E-04 y  6.51E-04
 Wall clock    82.606113910675049     
 Average time per cell    2.1883147004094400E-008
 Step time per cell       2.1673481064175980E-008
 Step      65 time   0.0460673 control    sound    timestep   7.30E-04       1,       1 x  6.51E-04 y  6.51E-04
 Wall clock    83.883080005645752     
 Average time per cell    2.1879559379811281E-008
 Step time per cell       2.1648051592314410E-008
 Step      66 time   0.0467975 control    sound    timestep   7.30E-04       1,       1 x  6.51E-04 y  6.51E-04
 Wall clock    85.176636934280396     
 Average time per cell    2.1880342357463489E-008
 Step time per cell       2.1929303733890668E-008
 Step      67 time   0.0475278 control    sound    timestep   7.30E-04       1,       1 x  6.51E-04 y  6.51E-04
 Wall clock    86.461699008941650     
 Average time per cell    2.1878952357592139E-008
 Step time per cell       2.1785296363911283E-008
 Step      68 time   0.0482581 control    sound    timestep   7.30E-04       1,       1 x  6.51E-04 y  6.51E-04
 Wall clock    87.738991022109985     
 Average time per cell    2.1875665956911070E-008
 Step time per cell       2.1653852147412382E-008
 Step      69 time   0.0489885 control    sound    timestep   7.30E-04       1,       1 x  6.51E-04 y  6.51E-04
 Wall clock    89.016634941101074     
 Average time per cell    2.1872561282122841E-008
 Step time per cell       2.1659596111728914E-008
 Step      70 time   0.0497188 control    sound    timestep   7.30E-04       1,       1 x  6.51E-04 y  6.51E-04
 Wall clock    90.355289936065674     
 Average time per cell    2.1884322378023098E-008
 Step time per cell       2.2693853275591716E-008
 Step      71 time   0.0504492 control    sound    timestep   7.30E-04       1,       1 x  6.51E-04 y  6.51E-04
 Wall clock    91.630595922470093     
 Average time per cell    2.1880624958562498E-008
 Step time per cell       2.1620892059420133E-008
 Step      72 time   0.0511795 control    sound    timestep   7.30E-04       1,       1 x  6.51E-04 y  6.51E-04
 Wall clock    92.910689830780029     
 Average time per cell    2.1878157681778337E-008
 Step time per cell       2.1701012479348314E-008
 Step      73 time   0.0519100 control    sound    timestep   7.30E-04       1,       1 x  6.51E-04 y  6.51E-04
 Wall clock    94.193457841873169     
 Average time per cell    2.1876379060527080E-008
 Step time per cell       2.1746551889615754E-008
 Step      74 time   0.0526404 control    sound    timestep   7.30E-04       1,       1 x  6.51E-04 y  6.51E-04
 Wall clock    95.473229885101318     
 Average time per cell    2.1873962101086069E-008
 Step time per cell       2.1695183628859619E-008
 Step      75 time   0.0533709 control    sound    timestep   7.31E-04       1,       1 x  6.51E-04 y  6.51E-04
 Wall clock    96.750638008117676     
 Average time per cell    2.1871075215232040E-008
 Step time per cell       2.1655477111279550E-008
 Step      76 time   0.0541014 control    sound    timestep   7.31E-04       1,       1 x  6.51E-04 y  6.51E-04
 Wall clock    98.031047821044922     
 Average time per cell    2.1868933922180917E-008
 Step time per cell       2.1706372434790762E-008
 Step      77 time   0.0548320 control    sound    timestep   7.31E-04       1,       1 x  6.51E-04 y  6.51E-04
 Wall clock    99.358808994293213     
 Average time per cell    2.1877274284922768E-008
 Step time per cell       2.2509205640138439E-008
 Step      78 time   0.0555626 control    sound    timestep   7.31E-04       1,       1 x  6.51E-04 y  6.51E-04
 Wall clock    100.66063094139099     
 Average time per cell    2.1879762598758490E-008
 Step time per cell       2.2069361875765026E-008
 Step      79 time   0.0562933 control    sound    timestep   7.31E-04       1,       1 x  6.51E-04 y  6.51E-04
 Wall clock    101.94047999382019     
 Average time per cell    2.1877472308800333E-008
 Step time per cell       2.1696861141309555E-008
 Step      80 time   0.0570241 control    sound    timestep   7.31E-04       1,       1 x  6.51E-04 y  6.51E-04
 Wall clock    103.26978182792664     
 Average time per cell    2.1885719686704557E-008
 Step time per cell       2.2535128260238304E-008
 Step      81 time   0.0577549 control    sound    timestep   7.31E-04       1,       1 x  6.51E-04 y  6.51E-04
 Wall clock    104.54577183723450     
 Average time per cell    2.1882604661736821E-008
 Step time per cell       2.1632501254013431E-008
 Step      82 time   0.0584859 control    sound    timestep   7.31E-04       1,       1 x  6.51E-04 y  6.51E-04
 Wall clock    105.82591986656189     
 Average time per cell    2.1880425319632738E-008
 Step time per cell       2.1701877509864668E-008
 Step      83 time   0.0592168 control    sound    timestep   7.31E-04       1,       1 x  6.51E-04 y  6.51E-04
 Wall clock    107.10359382629395     
 Average time per cell    2.1877793119559527E-008
 Step time per cell       2.1660020542589741E-008
 Step      84 time   0.0599477 control    sound    timestep   7.31E-04       1,       1 x  6.51E-04 y  6.51E-04
 Wall clock    108.38374996185303     
 Average time per cell    2.1875724582945208E-008
 Step time per cell       2.1702035155612975E-008
 Step      85 time   0.0606786 control    sound    timestep   7.31E-04       1,       1 x  6.51E-04 y  6.51E-04
 Wall clock    109.66237187385559     
 Average time per cell    2.1873398699563338E-008
 Step time per cell       2.1676245928069371E-008
 Step      86 time   0.0614096 control    sound    timestep   7.31E-04       1,       1 x  6.51E-04 y  6.51E-04
 Wall clock    110.94329285621643     
 Average time per cell    2.1871580149769633E-008
 Step time per cell       2.1714949980378151E-008
 Step      87 time   0.0621405 control    sound    timestep   7.31E-04       1,       1 x  6.51E-04 y  6.51E-04
 Wall clock    112.27258300781250     
 First step overhead  -1.7742156982421875E-002
real 112.80
user 2684.41
sys 21.21
