
Clover Version    1.000
       MPI Version
   Task Count    768


Clover Version    1.000
       MPI Version
   Task Count    768

 Output file clover.out opened. All output will go there.
 Step       1 time   0.0000000 control    sound    timestep   9.63E-05       1,       1 x  8.14E-05 y  1.63E-04
 Wall clock    1.3631920814514160     
 Average time per cell    7.2224515356032905E-010
 Step time per cell       7.2224515356032905E-010
 Step       2 time   0.0000963 control    sound    timestep   8.11E-05       1,       1 x  8.14E-05 y  1.63E-04
 Wall clock    2.9049270153045654     
 Average time per cell    7.6954285709184155E-010
 Step time per cell       8.1675580076989720E-010
 Step       3 time   0.0001774 control    sound    timestep   7.40E-05       1,       1 x  8.14E-05 y  1.63E-04
 Wall clock    4.3230080604553223     
 Average time per cell    7.6347069571730336E-010
 Step time per cell       7.5126005564622274E-010
 Step       4 time   0.0002514 control    sound    timestep   7.72E-05       1,       1 x  8.14E-05 y  1.63E-04
 Wall clock    5.8033411502838135     
 Average time per cell    7.6868019505127446E-010
 Step time per cell       7.8423719666413187E-010
 Step       5 time   0.0003286 control    sound    timestep   8.38E-05       1,       1 x  8.14E-05 y  1.63E-04
 Wall clock    7.1731321811676025     
 Average time per cell    7.6009243659629852E-010
 Step time per cell       7.2568733836912237E-010
 Step       6 time   0.0004124 control    sound    timestep   8.71E-05       1,       1 x  8.14E-05 y  1.63E-04
 Wall clock    8.6196520328521729     
 Average time per cell    7.6114266297129995E-010
 Step time per cell       7.6632128790758238E-010
 Step       7 time   0.0004995 control    sound    timestep   8.85E-05       1,       1 x  8.14E-05 y  1.63E-04
 Wall clock    10.078962087631226     
 Average time per cell    7.6286089515922373E-010
 Step time per cell       7.7310927635052290E-010
 Step       8 time   0.0005881 control    sound    timestep   9.16E-05       1,       1 x  8.14E-05 y  1.63E-04
 Wall clock    11.560502052307129     
 Average time per cell    7.6562179805882304E-010
 Step time per cell       7.8487497982375010E-010
 Step       9 time   0.0006796 control    sound    timestep   9.10E-05       1,       1 x  8.14E-05 y  1.63E-04
 Wall clock    12.959812164306641     
 Average time per cell    7.6292839546595917E-010
 Step time per cell       7.4132180493001624E-010
 Step      10 time   0.0007707 control    sound    timestep   9.10E-05       1,       1 x  8.14E-05 y  1.63E-04
 Wall clock    14.468737125396729     
 Average time per cell    7.6658127707358085E-010
 Step time per cell       7.9939367323176051E-010
 Step      11 time   0.0008617 control    sound    timestep   9.08E-05       1,       1 x  8.14E-05 y  1.63E-04
 Wall clock    15.794083118438721     
 Average time per cell    7.6072784955760308E-010
 Step time per cell       7.0217614241604073E-010
 Step      12 time   0.0009525 control    sound    timestep   9.06E-05       1,       1 x  8.14E-05 y  1.63E-04
 Wall clock    17.359699010848999     
 Average time per cell    7.6645829107359595E-010
 Step time per cell       8.2943061998877161E-010
 Step      13 time   0.0010432 control    sound    timestep   9.06E-05       1,       1 x  8.14E-05 y  1.63E-04
 Wall clock    19.246483087539673     
 Average time per cell    7.8439643597153205E-010
 Step time per cell       9.9961653177160762E-010
 Step      14 time   0.0011337 control    sound    timestep   9.07E-05       1,       1 x  8.14E-05 y  1.63E-04
 Wall clock    20.826239109039307     
 Average time per cell    7.8815275181056225E-010
 Step time per cell       8.3694506732475319E-010
 Step      15 time   0.0012244 control    sound    timestep   9.09E-05       1,       1 x  8.14E-05 y  1.63E-04
 Wall clock    22.211313009262085     
 Average time per cell    7.8453180557752836E-010
 Step time per cell       7.3378247280844441E-010
 Step      16 time   0.0013153 control    sound    timestep   9.09E-05       1,       1 x  8.14E-05 y  1.63E-04
 Wall clock    23.659044981002808     
 Average time per cell    7.8343831767647819E-010
 Step time per cell       7.6697612409285892E-010
 Step      17 time   0.0014062 control    sound    timestep   9.09E-05       1,       1 x  8.14E-05 y  1.63E-04
 Wall clock    25.094599008560181     
 Average time per cell    7.8209393970514993E-010
 Step time per cell       7.6051972225993971E-010
 Step      18 time   0.0014971 control    sound    timestep   9.09E-05       1,       1 x  8.14E-05 y  1.63E-04
 Wall clock    26.523539066314697     
 Average time per cell    7.8070425888093005E-010
 Step time per cell       7.5701715710844531E-010
 Step      19 time   0.0015880 control    sound    timestep   9.09E-05       1,       1 x  8.14E-05 y  1.63E-04
 Wall clock    27.931514978408813     
 Average time per cell    7.7887627056213326E-010
 Step time per cell       7.4591007938175209E-010
 Step      20 time   0.0016789 control    sound    timestep   9.09E-05       1,       1 x  8.14E-05 y  1.63E-04
 Wall clock    29.496167182922363     
 Average time per cell    7.8138158541049859E-010
 Step time per cell       8.2892105031836154E-010
 Step      21 time   0.0017699 control    sound    timestep   9.09E-05       1,       1 x  8.14E-05 y  1.63E-04
 Wall clock    30.862372159957886     
 Average time per cell    7.7864157863288667E-010
 Step time per cell       7.2382552692336811E-010
 Step      22 time   0.0018608 control    sound    timestep   9.09E-05       1,       1 x  8.14E-05 y  1.63E-04
 Wall clock    32.412031173706055     
 Average time per cell    7.8056872911419663E-010
 Step time per cell       8.2097535091128922E-010
 Step      23 time   0.0019517 control    sound    timestep   9.09E-05       1,       1 x  8.14E-05 y  1.63E-04
 Wall clock    33.787211179733276     
 Average time per cell    7.7830907065472800E-010
 Step time per cell       7.2855894157126188E-010
 Step      24 time   0.0020427 control    sound    timestep   9.10E-05       1,       1 x  8.14E-05 y  1.63E-04
 Wall clock    35.235691070556641     
 Average time per cell    7.7785587025034512E-010
 Step time per cell       7.6737402802488457E-010
 Step      25 time   0.0021336 control    sound    timestep   9.10E-05       1,       1 x  8.14E-05 y  1.63E-04
 Wall clock    36.617823123931885     
 Average time per cell    7.7603283191112703E-010
 Step time per cell       7.3221372076659462E-010
 Step      26 time   0.0022246 control    sound    timestep   9.10E-05       1,       1 x  8.14E-05 y  1.63E-04
 Wall clock    38.082038164138794     
 Average time per cell    7.7602268618679029E-010
 Step time per cell       7.7570601004279327E-010
 Step      27 time   0.0023156 control    sound    timestep   9.10E-05       1,       1 x  8.14E-05 y  1.63E-04
 Wall clock    39.499201059341431     
 Average time per cell    7.7508999112881617E-010
 Step time per cell       7.5079166587480970E-010
 Step      28 time   0.0024065 control    sound    timestep   9.10E-05       1,       1 x  8.14E-05 y  1.63E-04
 Wall clock    40.874855041503906     
 Average time per cell    7.7343848095061108E-010
 Step time per cell       7.2880159981044319E-010
 Step      29 time   0.0024975 control    sound    timestep   9.10E-05       1,       1 x  8.14E-05 y  1.63E-04
 Wall clock    42.394582986831665     
 Average time per cell    7.7453304500564606E-010
 Step time per cell       8.0511831078587827E-010
 Step      30 time   0.0025884 control    sound    timestep   9.10E-05       1,       1 x  8.14E-05 y  1.63E-04
 Wall clock    43.921797990798950     
 Average time per cell    7.7568686433719613E-010
 Step time per cell       8.0907233900183605E-010
 Step      31 time   0.0026794 control    sound    timestep   9.10E-05       1,       1 x  8.14E-05 y  1.63E-04
 Wall clock    45.273441076278687     
 Average time per cell    7.7376555501395553E-010
 Step time per cell       7.1610972756591058E-010
 Step      32 time   0.0027704 control    sound    timestep   9.10E-05       1,       1 x  8.14E-05 y  1.63E-04
 Wall clock    46.708294153213501     
 Average time per cell    7.7334202251854043E-010
 Step time per cell       7.6014733470704719E-010
 Step      33 time   0.0028614 control    sound    timestep   9.10E-05       1,       1 x  8.14E-05 y  1.63E-04
 Wall clock    48.096489191055298     
 Average time per cell    7.7219505809461706E-010
 Step time per cell       7.3542550025093891E-010
 Step      34 time   0.0029523 control    sound    timestep   9.10E-05       1,       1 x  8.14E-05 y  1.63E-04
 Wall clock    49.522283077239990     
 Average time per cell    7.7170146177391583E-010
 Step time per cell       7.5536301361959578E-010
 Step      35 time   0.0030433 control    sound    timestep   9.10E-05       1,       1 x  8.14E-05 y  1.63E-04
 Wall clock    50.914542198181152     
 Average time per cell    7.7072843215853300E-010
 Step time per cell       7.3757544467096319E-010
 Step      36 time   0.0031343 control    sound    timestep   9.10E-05       1,       1 x  8.14E-05 y  1.63E-04
 Wall clock    52.372120141983032     
 Average time per cell    7.7077076967826648E-010
 Step time per cell       7.7218689714047492E-010
 Step      37 time   0.0032253 control    sound    timestep   9.10E-05       1,       1 x  8.14E-05 y  1.63E-04
 Wall clock    53.776390075683594     
 Average time per cell    7.7004747814149245E-010
 Step time per cell       7.4393432846085892E-010
 Step      38 time   0.0033163 control    sound    timestep   9.10E-05       1,       1 x  8.14E-05 y  1.63E-04
 Wall clock    55.144183158874512     
 Average time per cell    7.6885367219036103E-010
 Step time per cell       7.2462929286605990E-010
 Step      39 time   0.0034073 control    sound    timestep   9.10E-05       1,       1 x  8.14E-05 y  1.63E-04
 Wall clock    56.545405149459839     
 Average time per cell    7.6817522224822731E-010
 Step time per cell       7.4233273355477851E-010
 Step      40 time   0.0034982 control    sound    timestep   9.10E-05       1,       1 x  8.14E-05 y  1.63E-04
 Wall clock    58.074635028839111     
 Average time per cell    7.6922622030098058E-010
 Step time per cell       8.1015375346598582E-010
 Step      41 time   0.0035892 control    sound    timestep   9.10E-05       1,       1 x  8.14E-05 y  1.63E-04
 Wall clock    59.439702033996582     
 Average time per cell    7.6810456916887369E-010
 Step time per cell       7.2322159717764910E-010
 Step      42 time   0.0036802 control    sound    timestep   9.10E-05       1,       1 x  8.14E-05 y  1.63E-04
 Wall clock    60.846070051193237     
 Average time per cell    7.6755733150897501E-010
 Step time per cell       7.4506816518906918E-010
 Step      43 time   0.0037712 control    sound    timestep   9.10E-05       1,       1 x  8.14E-05 y  1.63E-04
 Wall clock    62.271466970443726     
 Average time per cell    7.6727000897483590E-010
 Step time per cell       7.5514940868338777E-010
 Step      44 time   0.0038622 control    sound    timestep   9.10E-05       1,       1 x  8.14E-05 y  1.63E-04
 Wall clock    63.694841146469116     
 Average time per cell    7.6697139001216687E-010
 Step time per cell       7.5408087872751315E-010
 Step      45 time   0.0039532 control    sound    timestep   9.10E-05       1,       1 x  8.14E-05 y  1.63E-04
 Wall clock    65.092020988464355     
 Average time per cell    7.6637763727993849E-010
 Step time per cell       7.4020173694104110E-010
 Step      46 time   0.0040442 control    sound    timestep   9.10E-05       1,       1 x  8.14E-05 y  1.63E-04
 Wall clock    66.488425016403198     
 Average time per cell    7.6580076420829145E-010
 Step time per cell       7.3980332773418109E-010
 Step      47 time   0.0041352 control    sound    timestep   9.10E-05       1,       1 x  8.14E-05 y  1.63E-04
 Wall clock    67.922509193420410     
 Average time per cell    7.6567319767887050E-010
 Step time per cell       7.5975738885366201E-010
 Step      48 time   0.0042262 control    sound    timestep   9.10E-05       1,       1 x  8.14E-05 y  1.63E-04
 Wall clock    69.299975156784058     
 Average time per cell    7.6492600040064982E-010
 Step time per cell       7.2976541155690537E-010
 Step      49 time   0.0043173 control    sound    timestep   9.10E-05       1,       1 x  8.14E-05 y  1.63E-04
 Wall clock    70.804629087448120     
 Average time per cell    7.6558453790669126E-010
 Step time per cell       7.9713610527202643E-010
 Step      50 time   0.0044083 control    sound    timestep   9.10E-05       1,       1 x  8.14E-05 y  1.63E-04
 Wall clock    72.304793119430542     
 Average time per cell    7.6616915723409170E-010
 Step time per cell       7.9474552371215795E-010
 Step      51 time   0.0044993 control    sound    timestep   9.10E-05       1,       1 x  8.14E-05 y  1.63E-04
 Wall clock    73.636039972305298     
 Average time per cell    7.6497603576744617E-010
 Step time per cell       7.0530417259659666E-010
 Step      52 time   0.0045903 control    sound    timestep   9.10E-05       1,       1 x  8.14E-05 y  1.63E-04
 Wall clock    75.068974971771240     
 Average time per cell    7.6486488664019051E-010
 Step time per cell       7.5912326893659258E-010
 Step      53 time   0.0046813 control    sound    timestep   9.10E-05       1,       1 x  8.14E-05 y  1.63E-04
 Wall clock    76.491847991943359     
 Average time per cell    7.6465734637701644E-010
 Step time per cell       7.5381005141631852E-010
 Step      54 time   0.0047723 control    sound    timestep   9.10E-05       1,       1 x  8.14E-05 y  1.63E-04
 Wall clock    77.862619161605835     
 Average time per cell    7.6394629735128216E-010
 Step time per cell       7.2622406656187697E-010
 Step      55 time   0.0048633 control    sound    timestep   9.10E-05       1,       1 x  8.14E-05 y  1.63E-04
 Wall clock    79.310105085372925     
 Average time per cell    7.6400010354950374E-010
 Step time per cell       7.6685056329653085E-010
 Step      56 time   0.0049544 control    sound    timestep   9.10E-05       1,       1 x  8.14E-05 y  1.63E-04
 Wall clock    80.724861145019531     
 Average time per cell    7.6374232906216219E-010
 Step time per cell       7.4953075252576832E-010
 Step      57 time   0.0050454 control    sound    timestep   9.10E-05       1,       1 x  8.14E-05 y  1.63E-04
 Wall clock    82.133673191070557     
 Average time per cell    7.6343834926343619E-010
 Step time per cell       7.4637998497766808E-010
 Step      58 time   0.0051364 control    sound    timestep   9.10E-05       1,       1 x  8.14E-05 y  1.63E-04
 Wall clock    83.542819023132324     
 Average time per cell    7.6314790059901127E-010
 Step time per cell       7.4655481007034219E-010
 Step      59 time   0.0052275 control    sound    timestep   9.10E-05       1,       1 x  8.14E-05 y  1.63E-04
 Wall clock    84.956540107727051     
 Average time per cell    7.6290838334723880E-010
 Step time per cell       7.4897823449444130E-010
 Step      60 time   0.0053185 control    sound    timestep   9.10E-05       1,       1 x  8.14E-05 y  1.63E-04
 Wall clock    86.441788196563721     
 Average time per cell    7.6330845617862739E-010
 Step time per cell       7.8687826822311360E-010
 Step      61 time   0.0054095 control    sound    timestep   9.10E-05       1,       1 x  8.14E-05 y  1.63E-04
 Wall clock    87.809781074523926     
 Average time per cell    7.6267698488186766E-010
 Step time per cell       7.2477392778738347E-010
 Step      62 time   0.0055006 control    sound    timestep   9.10E-05       1,       1 x  8.14E-05 y  1.63E-04
 Wall clock    89.234781980514526     
 Average time per cell    7.6255304395096731E-010
 Step time per cell       7.5493327737300810E-010
 Step      63 time   0.0055916 control    sound    timestep   9.11E-05       1,       1 x  8.14E-05 y  1.63E-04
 Wall clock    90.645626068115234     
 Average time per cell    7.6231398126742813E-010
 Step time per cell       7.4742426174149534E-010
 Step      64 time   0.0056827 control    sound    timestep   9.10E-05       1,       1 x  8.14E-05 y  1.63E-04
 Wall clock    92.107652187347412     
 Average time per cell    7.6250609579473245E-010
 Step time per cell       7.7456851007203412E-010
 Step      65 time   0.0057737 control    sound    timestep   9.11E-05       1,       1 x  8.14E-05 y  1.63E-04
 Wall clock    93.547788143157959     
 Average time per cell    7.6251387101489629E-010
 Step time per cell       7.6295855756648553E-010
 Step      66 time   0.0058648 control    sound    timestep   9.11E-05       1,       1 x  8.14E-05 y  1.63E-04
 Wall clock    94.913035154342651     
 Average time per cell    7.6192023500723990E-010
 Step time per cell       7.2329789367763123E-010
 Step      67 time   0.0059558 control    sound    timestep   9.11E-05       1,       1 x  8.14E-05 y  1.63E-04
 Wall clock    96.347742080688477     
 Average time per cell    7.6189359092940526E-010
 Step time per cell       7.6007103820706506E-010
 Step      68 time   0.0060469 control    sound    timestep   9.11E-05       1,       1 x  8.14E-05 y  1.63E-04
 Wall clock    97.723114967346191     
 Average time per cell    7.6140543189193832E-010
 Step time per cell       7.2866441769292574E-010
 Step      69 time   0.0061379 control    sound    timestep   9.11E-05       1,       1 x  8.14E-05 y  1.63E-04
 Wall clock    99.152768135070801     
 Average time per cell    7.6134821554751247E-010
 Step time per cell       7.5740028175156714E-010
 Step      70 time   0.0062290 control    sound    timestep   9.11E-05       1,       1 x  8.14E-05 y  1.63E-04
 Wall clock    100.64358901977539     
 Average time per cell    7.6175560285004657E-010
 Step time per cell       7.8980545165702804E-010
 Step      71 time   0.0063200 control    sound    timestep   9.11E-05       1,       1 x  8.14E-05 y  1.63E-04
 Wall clock    101.99546217918396     
 Average time per cell    7.6111465313202499E-010
 Step time per cell       7.1623225671323274E-010
 Step      72 time   0.0064111 control    sound    timestep   9.11E-05       1,       1 x  8.14E-05 y  1.63E-04
 Wall clock    103.42687106132507     
 Average time per cell    7.6107677899264316E-010
 Step time per cell       7.5833845080018765E-010
 Step      73 time   0.0065022 control    sound    timestep   9.11E-05       1,       1 x  8.14E-05 y  1.63E-04
 Wall clock    104.80891704559326     
 Average time per cell    7.6068167668748487E-010
 Step time per cell       7.3219035180550743E-010
 Step      74 time   0.0065932 control    sound    timestep   9.11E-05       1,       1 x  8.14E-05 y  1.63E-04
 Wall clock    106.18752503395081     
 Average time per cell    7.6027263774492933E-010
 Step time per cell       7.3035077245246311E-010
 Step      75 time   0.0066843 control    sound    timestep   9.11E-05       1,       1 x  8.14E-05 y  1.63E-04
 Wall clock    107.61280107498169     
 Average time per cell    7.6020418149440686E-010
 Step time per cell       7.5508119658075476E-010
 Step      76 time   0.0067754 control    sound    timestep   9.11E-05       1,       1 x  8.14E-05 y  1.63E-04
 Wall clock    108.98354816436768     
 Average time per cell    7.5975738885366201E-010
 Step time per cell       7.2619236056602348E-010
 Step      77 time   0.0068665 control    sound    timestep   9.11E-05       1,       1 x  8.14E-05 y  1.63E-04
 Wall clock    110.41444611549377     
 Average time per cell    7.5973608528548519E-010
 Step time per cell       7.5804981255108339E-010
 Step      78 time   0.0069576 control    sound    timestep   9.11E-05       1,       1 x  8.14E-05 y  1.63E-04
 Wall clock    111.85136198997498     
 Average time per cell    7.5975620502063673E-010
 Step time per cell       7.6125514978129005E-010
 Step      79 time   0.0070486 control    sound    timestep   9.11E-05       1,       1 x  8.14E-05 y  1.63E-04
 Wall clock    113.21773099899292     
 Average time per cell    7.5930268787293436E-010
 Step time per cell       7.2388868627765780E-010
 Step      80 time   0.0071397 control    sound    timestep   9.11E-05       1,       1 x  8.14E-05 y  1.63E-04
 Wall clock    114.75348997116089     
 Average time per cell    7.5998233405193279E-010
 Step time per cell       8.1361715981782049E-010
 Step      81 time   0.0072308 control    sound    timestep   9.11E-05       1,       1 x  8.14E-05 y  1.63E-04
 Wall clock    116.12380003929138     
 Average time per cell    7.5956300151555064E-010
 Step time per cell       7.2599884030447958E-010
 Step      82 time   0.0073219 control    sound    timestep   9.11E-05       1,       1 x  8.14E-05 y  1.63E-04
 Wall clock    117.53654599189758     
 Average time per cell    7.5942808368275539E-010
 Step time per cell       7.4845843300863637E-010
 Step      83 time   0.0074130 control    sound    timestep   9.11E-05       1,       1 x  8.14E-05 y  1.63E-04
 Wall clock    118.95056200027466     
 Average time per cell    7.5930452410810703E-010
 Step time per cell       7.4912653265831367E-010
 Step      84 time   0.0075041 control    sound    timestep   9.11E-05       1,       1 x  8.14E-05 y  1.63E-04
 Wall clock    120.40893316268921     
 Average time per cell    7.5946367078791982E-010
 Step time per cell       7.7262029662961140E-010
 Step      85 time   0.0075952 control    sound    timestep   9.11E-05       1,       1 x  8.14E-05 y  1.63E-04
 Wall clock    121.82966017723083     
 Average time per cell    7.5938443063742714E-010
 Step time per cell       7.5269124661442926E-010
 Step      86 time   0.0076863 control    sound    timestep   9.11E-05       1,       1 x  8.14E-05 y  1.63E-04
 Wall clock    123.21569705009460     
 Average time per cell    7.5909331818325951E-010
 Step time per cell       7.3430379011875229E-010
 Step      87 time   0.0077774 control    sound    timestep   9.11E-05       1,       1 x  8.14E-05 y  1.63E-04
 Wall clock    125.09067010879517     
 First step overhead -0.17838191986083984     
real 126.49
user 2958.79
sys 70.01
