
Clover Version    1.000
       MPI Version
   Task Count     96

 Output file clover.out opened. All output will go there.

Clover Version    1.000
       MPI Version
   Task Count     96

 Step       1 time   0.0000000 control    sound    timestep   3.85E-04       1,       1 x  3.26E-04 y  3.26E-04
 Wall clock    1.4163019657135010     
 Average time per cell    6.0030702621184500E-009
 Step time per cell       6.0030702621184500E-009
 Step       2 time   0.0003852 control    sound    timestep   2.35E-04       1,       1 x  3.26E-04 y  3.26E-04
 Wall clock    2.8180389404296875     
 Average time per cell    5.9722030224899455E-009
 Step time per cell       5.9408486979211576E-009
 Step       3 time   0.0006203 control    sound    timestep   2.99E-04       1,       1 x  3.26E-04 y  3.26E-04
 Wall clock    4.2575368881225586     
 Average time per cell    6.0152645649698875E-009
 Step time per cell       6.1004589547842951E-009
 Step       4 time   0.0009190 control    sound    timestep   3.15E-04       1,       1 x  3.26E-04 y  3.26E-04
 Wall clock    5.6533439159393311     
 Average time per cell    5.9904987716031935E-009
 Step time per cell       5.9156375047880118E-009
 Step       5 time   0.0012337 control    sound    timestep   3.46E-04       1,       1 x  3.26E-04 y  3.26E-04
 Wall clock    7.0216588973999023     
 Average time per cell    5.9523339991250802E-009
 Step time per cell       5.7992929214378822E-009
 Step       6 time   0.0015801 control    sound    timestep   3.46E-04       1,       1 x  3.26E-04 y  3.26E-04
 Wall clock    8.4144399166107178     
 Average time per cell    5.9441742484556963E-009
 Step time per cell       5.9028156505923514E-009
 Step       7 time   0.0019257 control    sound    timestep   3.52E-04       1,       1 x  3.26E-04 y  3.26E-04
 Wall clock    9.8396580219268799     
 Average time per cell    5.9579867541158036E-009
 Step time per cell       6.0405060745930919E-009
 Step       8 time   0.0022778 control    sound    timestep   3.70E-04       1,       1 x  3.26E-04 y  3.26E-04
 Wall clock    11.195315837860107     
 Average time per cell    5.9314917659018341E-009
 Step time per cell       5.7456155546889127E-009
 Step       9 time   0.0026482 control    sound    timestep   3.66E-04       1,       1 x  3.26E-04 y  3.26E-04
 Wall clock    12.584616899490356     
 Average time per cell    5.9267288488177814E-009
 Step time per cell       5.8880060451984819E-009
 Step      10 time   0.0030146 control    sound    timestep   3.64E-04       1,       1 x  3.26E-04 y  3.26E-04
 Wall clock    14.049871921539307     
 Average time per cell    5.9551120001641618E-009
 Step time per cell       6.2099712118247733E-009
 Step      11 time   0.0033784 control    sound    timestep   3.61E-04       1,       1 x  3.26E-04 y  3.26E-04
 Wall clock    15.435431003570557     
 Average time per cell    5.9476259033397934E-009
 Step time per cell       5.8725143187782834E-009
 Step      12 time   0.0037396 control    sound    timestep   3.60E-04       1,       1 x  3.26E-04 y  3.26E-04
 Wall clock    16.820024013519287     
 Average time per cell    5.9410462603813763E-009
 Step time per cell       5.8681194382693828E-009
 Step      13 time   0.0040994 control    sound    timestep   3.61E-04       1,       1 x  3.26E-04 y  3.26E-04
 Wall clock    18.218370914459229     
 Average time per cell    5.9399632232076626E-009
 Step time per cell       5.9265009137258559E-009
 Step      14 time   0.0044601 control    sound    timestep   3.62E-04       1,       1 x  3.26E-04 y  3.26E-04
 Wall clock    19.624486923217773     
 Average time per cell    5.9413870321660639E-009
 Step time per cell       5.9593195247644970E-009
 Step      15 time   0.0048222 control    sound    timestep   3.63E-04       1,       1 x  3.26E-04 y  3.26E-04
 Wall clock    21.002783060073853     
 Average time per cell    5.9347599340576888E-009
 Step time per cell       5.8414803384544538E-009
 Step      16 time   0.0051849 control    sound    timestep   3.63E-04       1,       1 x  3.26E-04 y  3.26E-04
 Wall clock    22.379888057708740     
 Average time per cell    5.9286456790788281E-009
 Step time per cell       5.8365084340847614E-009
 Step      17 time   0.0055477 control    sound    timestep   3.63E-04       1,       1 x  3.26E-04 y  3.26E-04
 Wall clock    23.783578872680664     
 Average time per cell    5.9298793001563036E-009
 Step time per cell       5.9492150386278001E-009
 Step      18 time   0.0059107 control    sound    timestep   3.63E-04       1,       1 x  3.26E-04 y  3.26E-04
 Wall clock    25.185160875320435     
 Average time per cell    5.9304792793463330E-009
 Step time per cell       5.9402544947159990E-009
 Step      19 time   0.0062737 control    sound    timestep   3.63E-04       1,       1 x  3.26E-04 y  3.26E-04
 Wall clock    26.576956987380981     
 Average time per cell    5.9288330496137698E-009
 Step time per cell       5.8987512198250945E-009
 Step      20 time   0.0066369 control    sound    timestep   3.63E-04       1,       1 x  3.26E-04 y  3.26E-04
 Wall clock    28.019891023635864     
 Average time per cell    5.9381889817207898E-009
 Step time per cell       6.1156171998138434E-009
 Step      21 time   0.0070000 control    sound    timestep   3.63E-04       1,       1 x  3.26E-04 y  3.26E-04
 Wall clock    29.380310058593750     
 Average time per cell    5.9299993885572621E-009
 Step time per cell       5.7660640272337734E-009
 Step      22 time   0.0073634 control    sound    timestep   3.63E-04       1,       1 x  3.26E-04 y  3.26E-04
 Wall clock    30.745739936828613     
 Average time per cell    5.9235197003352254E-009
 Step time per cell       5.7868702343613324E-009
 Step      23 time   0.0077269 control    sound    timestep   3.64E-04       1,       1 x  3.26E-04 y  3.26E-04
 Wall clock    32.154230833053589     
 Average time per cell    5.9255389583151974E-009
 Step time per cell       5.9694290636495379E-009
 Step      24 time   0.0080904 control    sound    timestep   3.64E-04       1,       1 x  3.26E-04 y  3.26E-04
 Wall clock    33.545522928237915     
 Average time per cell    5.9243525272365699E-009
 Step time per cell       5.8964582826269580E-009
 Step      25 time   0.0084540 control    sound    timestep   3.64E-04       1,       1 x  3.26E-04 y  3.26E-04
 Wall clock    34.937471866607666     
 Average time per cell    5.9233723732177165E-009
 Step time per cell       5.8993868555666671E-009
 Step      26 time   0.0088177 control    sound    timestep   3.64E-04       1,       1 x  3.26E-04 y  3.26E-04
 Wall clock    36.305495977401733     
 Average time per cell    5.9185673603484540E-009
 Step time per cell       5.7980216499547370E-009
 Step      27 time   0.0091816 control    sound    timestep   3.64E-04       1,       1 x  3.26E-04 y  3.26E-04
 Wall clock    37.674350976943970     
 Average time per cell    5.9142487101211817E-009
 Step time per cell       5.8015484682982786E-009
 Step      28 time   0.0095455 control    sound    timestep   3.64E-04       1,       1 x  3.26E-04 y  3.26E-04
 Wall clock    39.055515050888062     
 Average time per cell    5.9121018441348697E-009
 Step time per cell       5.8536281560211341E-009
 Step      29 time   0.0099094 control    sound    timestep   3.64E-04       1,       1 x  3.26E-04 y  3.26E-04
 Wall clock    40.457185029983521     
 Average time per cell    5.9131001191096864E-009
 Step time per cell       5.9405142059808391E-009
 Step      30 time   0.0102734 control    sound    timestep   3.64E-04       1,       1 x  3.26E-04 y  3.26E-04
 Wall clock    41.888633966445923     
 Average time per cell    5.9182391649099171E-009
 Step time per cell       6.0668096719180334E-009
 Step      31 time   0.0106374 control    sound    timestep   3.64E-04       1,       1 x  3.26E-04 y  3.26E-04
 Wall clock    43.247676849365234     
 Average time per cell    5.9131467606418343E-009
 Step time per cell       5.7601886914603203E-009
 Step      32 time   0.0110014 control    sound    timestep   3.64E-04       1,       1 x  3.26E-04 y  3.26E-04
 Wall clock    44.610936880111694     
 Average time per cell    5.9089312129698452E-009
 Step time per cell       5.7777702345952600E-009
 Step      33 time   0.0113654 control    sound    timestep   3.64E-04       1,       1 x  3.26E-04 y  3.26E-04
 Wall clock    45.994792938232422     
 Average time per cell    5.9076165270863055E-009
 Step time per cell       5.8649867342966095E-009
 Step      34 time   0.0117295 control    sound    timestep   3.64E-04       1,       1 x  3.26E-04 y  3.26E-04
 Wall clock    47.391414880752563     
 Average time per cell    5.9079706130623114E-009
 Step time per cell       5.9191845341249267E-009
 Step      35 time   0.0120936 control    sound    timestep   3.64E-04       1,       1 x  3.26E-04 y  3.26E-04
 Wall clock    48.773902893066406     
 Average time per cell    5.9065928253980857E-009
 Step time per cell       5.8592134640396885E-009
 Step      36 time   0.0124578 control    sound    timestep   3.64E-04       1,       1 x  3.26E-04 y  3.26E-04
 Wall clock    50.176096916198730     
 Average time per cell    5.9076117193197000E-009
 Step time per cell       5.9427475207485258E-009
 Step      37 time   0.0128221 control    sound    timestep   3.64E-04       1,       1 x  3.26E-04 y  3.26E-04
 Wall clock    51.526713848114014     
 Average time per cell    5.9026670997910614E-009
 Step time per cell       5.7243303470184200E-009
 Step      38 time   0.0131864 control    sound    timestep   3.64E-04       1,       1 x  3.26E-04 y  3.26E-04
 Wall clock    52.862472057342529     
 Average time per cell    5.8963253687521206E-009
 Step time per cell       5.6610871171061363E-009
 Step      39 time   0.0135508 control    sound    timestep   3.64E-04       1,       1 x  3.26E-04 y  3.26E-04
 Wall clock    54.295356035232544     
 Average time per cell    5.9008645642090439E-009
 Step time per cell       6.0728032420027171E-009
 Step      40 time   0.0139152 control    sound    timestep   3.64E-04       1,       1 x  3.26E-04 y  3.26E-04
 Wall clock    55.718061923980713     
 Average time per cell    5.9040982907592678E-009
 Step time per cell       6.0297437206221125E-009
 Step      41 time   0.0142797 control    sound    timestep   3.64E-04       1,       1 x  3.26E-04 y  3.26E-04
 Wall clock    57.085111856460571     
 Average time per cell    5.9014205990985744E-009
 Step time per cell       5.7940714113000367E-009
 Step      42 time   0.0146441 control    sound    timestep   3.64E-04       1,       1 x  3.26E-04 y  3.26E-04
 Wall clock    58.468039989471436     
 Average time per cell    5.9004728114891492E-009
 Step time per cell       5.8612062679862400E-009
 Step      43 time   0.0150085 control    sound    timestep   3.64E-04       1,       1 x  3.26E-04 y  3.26E-04
 Wall clock    59.877541065216064     
 Average time per cell    5.9021884282642993E-009
 Step time per cell       5.9736804461054915E-009
 Step      44 time   0.0153730 control    sound    timestep   3.64E-04       1,       1 x  3.26E-04 y  3.26E-04
 Wall clock    61.180263042449951     
 Average time per cell    5.8935399529861637E-009
 Step time per cell       5.5212240113178265E-009
 Step      45 time   0.0157375 control    sound    timestep   3.65E-04       1,       1 x  3.26E-04 y  3.26E-04
 Wall clock    62.672136068344116     
 Average time per cell    5.9030920022417343E-009
 Step time per cell       6.3228273777187695E-009
 Step      46 time   0.0161020 control    sound    timestep   3.65E-04       1,       1 x  3.26E-04 y  3.26E-04
 Wall clock    64.052358865737915     
 Average time per cell    5.9019410198541461E-009
 Step time per cell       5.8495748413002325E-009
 Step      47 time   0.0164666 control    sound    timestep   3.65E-04       1,       1 x  3.26E-04 y  3.26E-04
 Wall clock    65.358393907546997     
 Average time per cell    5.8941486176066476E-009
 Step time per cell       5.5351554490496509E-009
 Step      48 time   0.0168311 control    sound    timestep   3.65E-04       1,       1 x  3.26E-04 y  3.26E-04
 Wall clock    66.767896890640259     
 Average time per cell    5.8958174467652159E-009
 Step time per cell       5.9737097520458819E-009
 Step      49 time   0.0171958 control    sound    timestep   3.65E-04       1,       1 x  3.26E-04 y  3.26E-04
 Wall clock    68.167202949523926     
 Average time per cell    5.8965361155749060E-009
 Step time per cell       5.9305229014070288E-009
 Step      50 time   0.0175604 control    sound    timestep   3.65E-04       1,       1 x  3.26E-04 y  3.26E-04
 Wall clock    69.643741846084595     
 Average time per cell    5.9037731464033839E-009
 Step time per cell       6.2578490340254371E-009
 Step      51 time   0.0179251 control    sound    timestep   3.65E-04       1,       1 x  3.26E-04 y  3.26E-04
 Wall clock    70.958750963211060     
 Average time per cell    5.8973018141944789E-009
 Step time per cell       5.5734512392923029E-009
 Step      52 time   0.0182899 control    sound    timestep   3.65E-04       1,       1 x  3.26E-04 y  3.26E-04
 Wall clock    72.376666069030762     
 Average time per cell    5.8994673108672090E-009
 Step time per cell       6.0094033768917953E-009
 Step      53 time   0.0186547 control    sound    timestep   3.65E-04       1,       1 x  3.26E-04 y  3.26E-04
 Wall clock    73.776494026184082     
 Average time per cell    5.9001046127690475E-009
 Step time per cell       5.9326551612078525E-009
 Step      54 time   0.0190195 control    sound    timestep   3.65E-04       1,       1 x  3.26E-04 y  3.26E-04
 Wall clock    75.139538049697876     
 Average time per cell    5.8978310769240358E-009
 Step time per cell       5.7767960647146941E-009
 Step      55 time   0.0193844 control    sound    timestep   3.65E-04       1,       1 x  3.26E-04 y  3.26E-04
 Wall clock    76.507519006729126     
 Average time per cell    5.8960206778731778E-009
 Step time per cell       5.7977386960475187E-009
 Step      56 time   0.0197492 control    sound    timestep   3.65E-04       1,       1 x  3.26E-04 y  3.26E-04
 Wall clock    77.860916852951050     
 Average time per cell    5.8931711630557111E-009
 Step time per cell       5.7358728453335872E-009
 Step      57 time   0.0201141 control    sound    timestep   3.65E-04       1,       1 x  3.26E-04 y  3.26E-04
 Wall clock    79.280127048492432     
 Average time per cell    5.8953154750543210E-009
 Step time per cell       6.0148744927977940E-009
 Step      58 time   0.0204789 control    sound    timestep   3.65E-04       1,       1 x  3.26E-04 y  3.26E-04
 Wall clock    80.665971040725708     
 Average time per cell    5.8949474934490768E-009
 Step time per cell       5.8734086552350262E-009
 Step      59 time   0.0208438 control    sound    timestep   3.65E-04       1,       1 x  3.26E-04 y  3.26E-04
 Wall clock    82.071498870849609     
 Average time per cell    5.8960060702142235E-009
 Step time per cell       5.9569033005067869E-009
 Step      60 time   0.0212087 control    sound    timestep   3.65E-04       1,       1 x  3.26E-04 y  3.26E-04
 Wall clock    83.504760026931763     
 Average time per cell    5.8989885137297854E-009
 Step time per cell       6.0744484168632573E-009
 Step      61 time   0.0215736 control    sound    timestep   3.65E-04       1,       1 x  3.26E-04 y  3.26E-04
 Wall clock    84.856052875518799     
 Average time per cell    5.8961776480140616E-009
 Step time per cell       5.7272801415011698E-009
 Step      62 time   0.0219386 control    sound    timestep   3.65E-04       1,       1 x  3.26E-04 y  3.26E-04
 Wall clock    86.190005064010620     
 Average time per cell    5.8922719828295021E-009
 Step time per cell       5.6534999101940125E-009
 Step      63 time   0.0223036 control    sound    timestep   3.65E-04       1,       1 x  3.26E-04 y  3.26E-04
 Wall clock    87.626803874969482     
 Average time per cell    5.8954096849612740E-009
 Step time per cell       6.0893883831643811E-009
 Step      64 time   0.0226686 control    sound    timestep   3.65E-04       1,       1 x  3.26E-04 y  3.26E-04
 Wall clock    88.996822834014893     
 Average time per cell    5.8940266790664790E-009
 Step time per cell       5.8063415053766224E-009
 Step      65 time   0.0230337 control    sound    timestep   3.65E-04       1,       1 x  3.26E-04 y  3.26E-04
 Wall clock    90.363570928573608     
 Average time per cell    5.8924729390314611E-009
 Step time per cell       5.7924525107308811E-009
 Step      66 time   0.0233988 control    sound    timestep   3.65E-04       1,       1 x  3.26E-04 y  3.26E-04
 Wall clock    91.772029876708984     
 Average time per cell    5.8936449735949083E-009
 Step time per cell       5.9692885972455975E-009
 Step      67 time   0.0237639 control    sound    timestep   3.65E-04       1,       1 x  3.26E-04 y  3.26E-04
 Wall clock    93.155514955520630     
 Average time per cell    5.8932021256834718E-009
 Step time per cell       5.8634314983565778E-009
 Step      68 time   0.0241291 control    sound    timestep   3.65E-04       1,       1 x  3.26E-04 y  3.26E-04
 Wall clock    94.505923032760620     
 Average time per cell    5.8907105584712195E-009
 Step time per cell       5.7232076263365648E-009
 Step      69 time   0.0244942 control    sound    timestep   3.65E-04       1,       1 x  3.26E-04 y  3.26E-04
 Wall clock    95.894399881362915     
 Average time per cell    5.8906297104055622E-009
 Step time per cell       5.8845812923714723E-009
 Step      70 time   0.0248594 control    sound    timestep   3.65E-04       1,       1 x  3.26E-04 y  3.26E-04
 Wall clock    97.356256961822510     
 Average time per cell    5.8949944003769717E-009
 Step time per cell       6.1955648157486900E-009
 Step      71 time   0.0252246 control    sound    timestep   3.65E-04       1,       1 x  3.26E-04 y  3.26E-04
 Wall clock    98.696946859359741     
 Average time per cell    5.8920027122055636E-009
 Step time per cell       5.6823298816905459E-009
 Step      72 time   0.0255898 control    sound    timestep   3.65E-04       1,       1 x  3.26E-04 y  3.26E-04
 Wall clock    100.12113189697266     
 Average time per cell    5.8940093839299621E-009
 Step time per cell       6.0359060525014579E-009
 Step      73 time   0.0259550 control    sound    timestep   3.65E-04       1,       1 x  3.26E-04 y  3.26E-04
 Wall clock    101.42335391044617     
 Average time per cell    5.8888796169360064E-009
 Step time per cell       5.5191331840534177E-009
 Step      74 time   0.0263202 control    sound    timestep   3.65E-04       1,       1 x  3.26E-04 y  3.26E-04
 Wall clock    102.79762601852417     
 Average time per cell    5.8880153586427249E-009
 Step time per cell       5.8244111440015130E-009
 Step      75 time   0.0266854 control    sound    timestep   3.65E-04       1,       1 x  3.26E-04 y  3.26E-04
 Wall clock    104.17583489418030     
 Average time per cell    5.8873966298523121E-009
 Step time per cell       5.8410559075936260E-009
 Step      76 time   0.0270507 control    sound    timestep   3.65E-04       1,       1 x  3.26E-04 y  3.26E-04
 Wall clock    105.53383493423462     
 Average time per cell    5.8856671279904224E-009
 Step time per cell       5.7553693800905927E-009
 Step      77 time   0.0274160 control    sound    timestep   3.65E-04       1,       1 x  3.26E-04 y  3.26E-04
 Wall clock    106.93022489547729     
 Average time per cell    5.8860957651001950E-009
 Step time per cell       5.9181123409265035E-009
 Step      78 time   0.0277813 control    sound    timestep   3.65E-04       1,       1 x  3.26E-04 y  3.26E-04
 Wall clock    108.27653789520264     
 Average time per cell    5.8837922085494475E-009
 Step time per cell       5.7058797311684530E-009
 Step      79 time   0.0281467 control    sound    timestep   3.65E-04       1,       1 x  3.26E-04 y  3.26E-04
 Wall clock    109.70875000953674     
 Average time per cell    5.8861556775881366E-009
 Step time per cell       6.0699716818311979E-009
 Step      80 time   0.0285121 control    sound    timestep   3.65E-04       1,       1 x  3.26E-04 y  3.26E-04
 Wall clock    111.14625287055969     
 Average time per cell    5.8887403737470672E-009
 Step time per cell       6.0923816312828823E-009
 Step      81 time   0.0288775 control    sound    timestep   3.65E-04       1,       1 x  3.26E-04 y  3.26E-04
 Wall clock    112.48268604278564     
 Average time per cell    5.8859724948912176E-009
 Step time per cell       5.6643299709927914E-009
 Step      82 time   0.0292429 control    sound    timestep   3.65E-04       1,       1 x  3.26E-04 y  3.26E-04
 Wall clock    113.85943198204041     
 Average time per cell    5.8853558786924821E-009
 Step time per cell       5.8348683119725642E-009
 Step      83 time   0.0296084 control    sound    timestep   3.65E-04       1,       1 x  3.26E-04 y  3.26E-04
 Wall clock    115.24389886856079     
 Average time per cell    5.8851484055403329E-009
 Step time per cell       5.8675929418920229E-009
 Step      84 time   0.0299738 control    sound    timestep   3.65E-04       1,       1 x  3.26E-04 y  3.26E-04
 Wall clock    116.58192086219788     
 Average time per cell    5.8826023113007457E-009
 Step time per cell       5.6706236743290601E-009
 Step      85 time   0.0303393 control    sound    timestep   3.65E-04       1,       1 x  3.26E-04 y  3.26E-04
 Wall clock    118.00255084037781     
 Average time per cell    5.8842353990531277E-009
 Step time per cell       6.0208892844255184E-009
 Step      86 time   0.0307048 control    sound    timestep   3.65E-04       1,       1 x  3.26E-04 y  3.26E-04
 Wall clock    119.37721085548401     
 Average time per cell    5.8835648556634875E-009
 Step time per cell       5.8260219601733197E-009
 Step      87 time   0.0310703 control    sound    timestep   3.66E-04       1,       1 x  3.26E-04 y  3.26E-04
 Wall clock    120.84368300437927     
 First step overhead   1.4679908752441406E-002
real 121.97
user 2853.52
sys 69.31
