
Clover Version    1.000
       MPI Version
   Task Count     96


Clover Version    1.000
       MPI Version
   Task Count     96

 Output file clover.out opened. All output will go there.
 Step       1 time   0.0000000 control    sound    timestep   3.85E-04       1,       1 x  3.26E-04 y  3.26E-04
 Wall clock    1.3291001319885254     
 Average time per cell    5.6334607102649494E-009
 Step time per cell       5.6334607102649494E-009
 Step       2 time   0.0003852 control    sound    timestep   2.35E-04       1,       1 x  3.26E-04 y  3.26E-04
 Wall clock    2.7349569797515869     
 Average time per cell    5.7961293957002152E-009
 Step time per cell       5.9582857324534821E-009
 Step       3 time   0.0006203 control    sound    timestep   2.99E-04       1,       1 x  3.26E-04 y  3.26E-04
 Wall clock    4.2762491703033447     
 Average time per cell    6.0417022285508682E-009
 Step time per cell       6.5323092712787915E-009
 Step       4 time   0.0009190 control    sound    timestep   3.15E-04       1,       1 x  3.26E-04 y  3.26E-04
 Wall clock    5.6417660713195801     
 Average time per cell    5.9782304459885277E-009
 Step time per cell       5.7873704564473077E-009
 Step       5 time   0.0012337 control    sound    timestep   3.46E-04       1,       1 x  3.26E-04 y  3.26E-04
 Wall clock    7.0166499614715576     
 Average time per cell    5.9480878715274032E-009
 Step time per cell       5.8270981955704177E-009
 Step       6 time   0.0015801 control    sound    timestep   3.46E-04       1,       1 x  3.26E-04 y  3.26E-04
 Wall clock    8.4406960010528564     
 Average time per cell    5.9627222139237411E-009
 Step time per cell       6.0353977460181339E-009
 Step       7 time   0.0019257 control    sound    timestep   3.52E-04       1,       1 x  3.26E-04 y  3.26E-04
 Wall clock    9.8469090461730957     
 Average time per cell    5.9623773036975530E-009
 Step time per cell       5.9598662321352294E-009
 Step       8 time   0.0022778 control    sound    timestep   3.70E-04       1,       1 x  3.26E-04 y  3.26E-04
 Wall clock    11.268630027770996     
 Average time per cell    5.9703350214274702E-009
 Step time per cell       6.0255853087356731E-009
 Step       9 time   0.0026482 control    sound    timestep   3.66E-04       1,       1 x  3.26E-04 y  3.26E-04
 Wall clock    12.626355171203613     
 Average time per cell    5.9463854995556175E-009
 Step time per cell       5.7542931446934947E-009
 Step      10 time   0.0030146 control    sound    timestep   3.64E-04       1,       1 x  3.26E-04 y  3.26E-04
 Wall clock    14.151647090911865     
 Average time per cell    5.9982499401990533E-009
 Step time per cell       6.4645984012814654E-009
 Step      11 time   0.0033784 control    sound    timestep   3.61E-04       1,       1 x  3.26E-04 y  3.26E-04
 Wall clock    15.479720115661621     
 Average time per cell    5.9646915149348180E-009
 Step time per cell       5.6289971123785819E-009
 Step      12 time   0.0037396 control    sound    timestep   3.60E-04       1,       1 x  3.26E-04 y  3.26E-04
 Wall clock    16.911666154861450     
 Average time per cell    5.9734154294548916E-009
 Step time per cell       6.0689085835797918E-009
 Step      13 time   0.0040994 control    sound    timestep   3.61E-04       1,       1 x  3.26E-04 y  3.26E-04
 Wall clock    18.331871032714844     
 Average time per cell    5.9769690856655949E-009
 Step time per cell       6.0191127381080557E-009
 Step      14 time   0.0044601 control    sound    timestep   3.62E-04       1,       1 x  3.26E-04 y  3.26E-04
 Wall clock    19.705976009368896     
 Average time per cell    5.9660581586834424E-009
 Step time per cell       5.8237280124255150E-009
 Step      15 time   0.0048222 control    sound    timestep   3.63E-04       1,       1 x  3.26E-04 y  3.26E-04
 Wall clock    21.127622127532959     
 Average time per cell    5.9700357303006090E-009
 Step time per cell       6.0251871521662300E-009
 Step      16 time   0.0051849 control    sound    timestep   3.63E-04       1,       1 x  3.26E-04 y  3.26E-04
 Wall clock    22.484452009201050     
 Average time per cell    5.9563456665677625E-009
 Step time per cell       5.7504520454030070E-009
 Step      17 time   0.0055477 control    sound    timestep   3.63E-04       1,       1 x  3.26E-04 y  3.26E-04
 Wall clock    23.904216051101685     
 Average time per cell    5.9599573599377013E-009
 Step time per cell       6.0173038542011960E-009
 Step      18 time   0.0059107 control    sound    timestep   3.63E-04       1,       1 x  3.26E-04 y  3.26E-04
 Wall clock    25.255460977554321     
 Average time per cell    5.9470332057515655E-009
 Step time per cell       5.7268981537264251E-009
 Step      19 time   0.0062737 control    sound    timestep   3.63E-04       1,       1 x  3.26E-04 y  3.26E-04
 Wall clock    26.647600173950195     
 Average time per cell    5.9445922525752096E-009
 Step time per cell       5.9001629577121801E-009
 Step      20 time   0.0066369 control    sound    timestep   3.63E-04       1,       1 x  3.26E-04 y  3.26E-04
 Wall clock    28.153531074523926     
 Average time per cell    5.9665110004263829E-009
 Step time per cell       6.3824760824597129E-009
 Step      21 time   0.0070000 control    sound    timestep   3.63E-04       1,       1 x  3.26E-04 y  3.26E-04
 Wall clock    29.472218990325928     
 Average time per cell    5.9485499044601856E-009
 Step time per cell       5.5891713499376137E-009
 Step      22 time   0.0073634 control    sound    timestep   3.63E-04       1,       1 x  3.26E-04 y  3.26E-04
 Wall clock    30.902949094772339     
 Average time per cell    5.9538078490695259E-009
 Step time per cell       6.0637881284088101E-009
 Step      23 time   0.0077269 control    sound    timestep   3.64E-04       1,       1 x  3.26E-04 y  3.26E-04
 Wall clock    32.277402162551880     
 Average time per cell    5.9482375734765754E-009
 Step time per cell       5.8252802167165402E-009
 Step      24 time   0.0080904 control    sound    timestep   3.64E-04       1,       1 x  3.26E-04 y  3.26E-04
 Wall clock    33.678228139877319     
 Average time per cell    5.9477891109391173E-009
 Step time per cell       5.9368560161803742E-009
 Step      25 time   0.0084540 control    sound    timestep   3.64E-04       1,       1 x  3.26E-04 y  3.26E-04
 Wall clock    35.044723033905029     
 Average time per cell    5.9415559614232429E-009
 Step time per cell       5.7915025940423624E-009
 Step      26 time   0.0088177 control    sound    timestep   3.64E-04       1,       1 x  3.26E-04 y  3.26E-04
 Wall clock    36.396826982498169     
 Average time per cell    5.9334562550240162E-009
 Step time per cell       5.7305139004408069E-009
 Step      27 time   0.0091816 control    sound    timestep   3.64E-04       1,       1 x  3.26E-04 y  3.26E-04
 Wall clock    37.750362157821655     
 Average time per cell    5.9261812057529116E-009
 Step time per cell       5.7365337448168753E-009
 Step      28 time   0.0095455 control    sound    timestep   3.64E-04       1,       1 x  3.26E-04 y  3.26E-04
 Wall clock    39.180248975753784     
 Average time per cell    5.9309836759648678E-009
 Step time per cell       6.0602188669791862E-009
 Step      29 time   0.0099094 control    sound    timestep   3.64E-04       1,       1 x  3.26E-04 y  3.26E-04
 Wall clock    40.548856019973755     
 Average time per cell    5.9264984744680344E-009
 Step time per cell       5.8004287792654292E-009
 Step      30 time   0.0102734 control    sound    timestep   3.64E-04       1,       1 x  3.26E-04 y  3.26E-04
 Wall clock    42.069043159484863     
 Average time per cell    5.9437282928869262E-009
 Step time per cell       6.4429180686905361E-009
 Step      31 time   0.0106374 control    sound    timestep   3.64E-04       1,       1 x  3.26E-04 y  3.26E-04
 Wall clock    43.384350061416626     
 Average time per cell    5.9318337473191330E-009
 Step time per cell       5.5748831881727610E-009
 Step      32 time   0.0110014 control    sound    timestep   3.64E-04       1,       1 x  3.26E-04 y  3.26E-04
 Wall clock    44.760734081268311     
 Average time per cell    5.9287725662215966E-009
 Step time per cell       5.8334009938537036E-009
 Step      33 time   0.0113654 control    sound    timestep   3.64E-04       1,       1 x  3.26E-04 y  3.26E-04
 Wall clock    46.146018028259277     
 Average time per cell    5.9270400266627148E-009
 Step time per cell       5.8710732749508074E-009
 Step      34 time   0.0117295 control    sound    timestep   3.64E-04       1,       1 x  3.26E-04 y  3.26E-04
 Wall clock    47.578047990798950     
 Average time per cell    5.9312369141920194E-009
 Step time per cell       6.0692562126658030E-009
 Step      35 time   0.0120936 control    sound    timestep   3.64E-04       1,       1 x  3.26E-04 y  3.26E-04
 Wall clock    48.937599182128906     
 Average time per cell    5.9264166916291862E-009
 Step time per cell       5.7620662927446477E-009
 Step      36 time   0.0124578 control    sound    timestep   3.64E-04       1,       1 x  3.26E-04 y  3.26E-04
 Wall clock    50.319034099578857     
 Average time per cell    5.9244407959430436E-009
 Step time per cell       5.8548478894711783E-009
 Step      37 time   0.0128221 control    sound    timestep   3.64E-04       1,       1 x  3.26E-04 y  3.26E-04
 Wall clock    51.750946044921875     
 Average time per cell    5.9283541252573692E-009
 Step time per cell       6.0688651299440404E-009
 Step      38 time   0.0131864 control    sound    timestep   3.64E-04       1,       1 x  3.26E-04 y  3.26E-04
 Wall clock    53.222244024276733     
 Average time per cell    5.9364546418080395E-009
 Step time per cell       6.2356654476995268E-009
 Step      39 time   0.0135508 control    sound    timestep   3.64E-04       1,       1 x  3.26E-04 y  3.26E-04
 Wall clock    54.564844131469727     
 Average time per cell    5.9301527552014787E-009
 Step time per cell       5.6901980214105505E-009
 Step      40 time   0.0139152 control    sound    timestep   3.64E-04       1,       1 x  3.26E-04 y  3.26E-04
 Wall clock    56.056476116180420     
 Average time per cell    5.9399579489157379E-009
 Step time per cell       6.3219158619176600E-009
 Step      41 time   0.0142797 control    sound    timestep   3.64E-04       1,       1 x  3.26E-04 y  3.26E-04
 Wall clock    57.375852108001709     
 Average time per cell    5.9314771314173042E-009
 Step time per cell       5.5920797118839495E-009
 Step      42 time   0.0146441 control    sound    timestep   3.64E-04       1,       1 x  3.26E-04 y  3.26E-04
 Wall clock    58.802075147628784     
 Average time per cell    5.9341829438818860E-009
 Step time per cell       6.0446978346185965E-009
 Step      43 time   0.0150085 control    sound    timestep   3.64E-04       1,       1 x  3.26E-04 y  3.26E-04
 Wall clock    60.233766078948975     
 Average time per cell    5.9373018800946388E-009
 Step time per cell       6.0677292721164933E-009
 Step      44 time   0.0153730 control    sound    timestep   3.64E-04       1,       1 x  3.26E-04 y  3.26E-04
 Wall clock    61.607737064361572     
 Average time per cell    5.9347188414334359E-009
 Step time per cell       5.8231519991143914E-009
 Step      45 time   0.0157375 control    sound    timestep   3.65E-04       1,       1 x  3.26E-04 y  3.26E-04
 Wall clock    62.959289073944092     
 Average time per cell    5.9301389599029249E-009
 Step time per cell       5.7281239504744814E-009
 Step      46 time   0.0161020 control    sound    timestep   3.65E-04       1,       1 x  3.26E-04 y  3.26E-04
 Wall clock    64.350634098052979     
 Average time per cell    5.9294248293497002E-009
 Step time per cell       5.8968443126003775E-009
 Step      47 time   0.0164666 control    sound    timestep   3.65E-04       1,       1 x  3.26E-04 y  3.26E-04
 Wall clock    65.713040113449097     
 Average time per cell    5.9261313105598159E-009
 Step time per cell       5.7741332663378366E-009
 Step      48 time   0.0168311 control    sound    timestep   3.65E-04       1,       1 x  3.26E-04 y  3.26E-04
 Wall clock    67.091937065124512     
 Average time per cell    5.9244312237920156E-009
 Step time per cell       5.8440693667055005E-009
 Step      49 time   0.0171958 control    sound    timestep   3.65E-04       1,       1 x  3.26E-04 y  3.26E-04
 Wall clock    68.455044984817505     
 Average time per cell    5.9214347601319659E-009
 Step time per cell       5.7770749764232376E-009
 Step      50 time   0.0175604 control    sound    timestep   3.65E-04       1,       1 x  3.26E-04 y  3.26E-04
 Wall clock    69.952485084533691     
 Average time per cell    5.9299456350143171E-009
 Step time per cell       6.3465540733886880E-009
 Step      51 time   0.0179251 control    sound    timestep   3.65E-04       1,       1 x  3.26E-04 y  3.26E-04
 Wall clock    71.322566032409668     
 Average time per cell    5.9275380745357662E-009
 Step time per cell       5.8070114998069284E-009
 Step      52 time   0.0182899 control    sound    timestep   3.65E-04       1,       1 x  3.26E-04 y  3.26E-04
 Wall clock    72.684823036193848     
 Average time per cell    5.9245853779616597E-009
 Step time per cell       5.7734935883975900E-009
 Step      53 time   0.0186547 control    sound    timestep   3.65E-04       1,       1 x  3.26E-04 y  3.26E-04
 Wall clock    74.082208156585693     
 Average time per cell    5.9245533938446439E-009
 Step time per cell       5.9223687761308003E-009
 Step      54 time   0.0190195 control    sound    timestep   3.65E-04       1,       1 x  3.26E-04 y  3.26E-04
 Wall clock    75.470462083816528     
 Average time per cell    5.9238058713290158E-009
 Step time per cell       5.8837344517491550E-009
 Step      55 time   0.0193844 control    sound    timestep   3.65E-04       1,       1 x  3.26E-04 y  3.26E-04
 Wall clock    76.864181041717529     
 Average time per cell    5.9235066918049460E-009
 Step time per cell       5.9068891763066255E-009
 Step      56 time   0.0197492 control    sound    timestep   3.65E-04       1,       1 x  3.26E-04 y  3.26E-04
 Wall clock    78.250868082046509     
 Average time per cell    5.9226859624080437E-009
 Step time per cell       5.8770840243798579E-009
 Step      57 time   0.0201141 control    sound    timestep   3.65E-04       1,       1 x  3.26E-04 y  3.26E-04
 Wall clock    79.644494056701660     
 Average time per cell    5.9224100136488573E-009
 Step time per cell       5.9064687876444725E-009
 Step      58 time   0.0204789 control    sound    timestep   3.65E-04       1,       1 x  3.26E-04 y  3.26E-04
 Wall clock    80.999454975128174     
 Average time per cell    5.9193179963742676E-009
 Step time per cell       5.7426020955770382E-009
 Step      59 time   0.0208438 control    sound    timestep   3.65E-04       1,       1 x  3.26E-04 y  3.26E-04
 Wall clock    82.398535966873169     
 Average time per cell    5.9195003737162771E-009
 Step time per cell       5.9295355943807710E-009
 Step      60 time   0.0212087 control    sound    timestep   3.65E-04       1,       1 x  3.26E-04 y  3.26E-04
 Wall clock    83.862205982208252     
 Average time per cell    5.9242394046224135E-009
 Step time per cell       6.2033581747932154E-009
 Step      61 time   0.0215736 control    sound    timestep   3.65E-04       1,       1 x  3.26E-04 y  3.26E-04
 Wall clock    85.187384128570557     
 Average time per cell    5.9192000236977162E-009
 Step time per cell       5.6166461743285048E-009
 Step      62 time   0.0219386 control    sound    timestep   3.65E-04       1,       1 x  3.26E-04 y  3.26E-04
 Wall clock    86.559413194656372     
 Average time per cell    5.9175261080243765E-009
 Step time per cell       5.8149513885534057E-009
 Step      63 time   0.0223036 control    sound    timestep   3.65E-04       1,       1 x  3.26E-04 y  3.26E-04
 Wall clock    87.941231012344360     
 Average time per cell    5.9165639061461464E-009
 Step time per cell       5.8563869566165116E-009
 Step      64 time   0.0226686 control    sound    timestep   3.65E-04       1,       1 x  3.26E-04 y  3.26E-04
 Wall clock    89.380958080291748     
 Average time per cell    5.9194669511776329E-009
 Step time per cell       6.1018878720157466E-009
 Step      65 time   0.0230337 control    sound    timestep   3.65E-04       1,       1 x  3.26E-04 y  3.26E-04
 Wall clock    90.762842178344727     
 Average time per cell    5.9185088184288045E-009
 Step time per cell       5.8566587944773753E-009
 Step      66 time   0.0233988 control    sound    timestep   3.65E-04       1,       1 x  3.26E-04 y  3.26E-04
 Wall clock    92.149149179458618     
 Average time per cell    5.9178637610193776E-009
 Step time per cell       5.8754226807246192E-009
 Step      67 time   0.0237639 control    sound    timestep   3.65E-04       1,       1 x  3.26E-04 y  3.26E-04
 Wall clock    93.495074033737183     
 Average time per cell    5.9146833045755251E-009
 Step time per cell       5.7042941787383626E-009
 Step      68 time   0.0241291 control    sound    timestep   3.65E-04       1,       1 x  3.26E-04 y  3.26E-04
 Wall clock    94.877457141876221     
 Average time per cell    5.9138688942576531E-009
 Step time per cell       5.8587991386755469E-009
 Step      69 time   0.0244942 control    sound    timestep   3.65E-04       1,       1 x  3.26E-04 y  3.26E-04
 Wall clock    96.269927978515625     
 Average time per cell    5.9136977620218878E-009
 Step time per cell       5.9015908643939633E-009
 Step      70 time   0.0248594 control    sound    timestep   3.65E-04       1,       1 x  3.26E-04 y  3.26E-04
 Wall clock    97.776326179504395     
 Average time per cell    5.9204299066637066E-009
 Step time per cell       6.3844385699162049E-009
 Step      71 time   0.0252246 control    sound    timestep   3.65E-04       1,       1 x  3.26E-04 y  3.26E-04
 Wall clock    99.133022069931030     
 Average time per cell    5.9180354964524053E-009
 Step time per cell       5.7501983974361791E-009
 Step      72 time   0.0255898 control    sound    timestep   3.65E-04       1,       1 x  3.26E-04 y  3.26E-04
 Wall clock    100.54020214080811     
 Average time per cell    5.9186795399988499E-009
 Step time per cell       5.9639064097104391E-009
 Step      73 time   0.0259550 control    sound    timestep   3.65E-04       1,       1 x  3.26E-04 y  3.26E-04
 Wall clock    101.89466118812561     
 Average time per cell    5.9162448312957168E-009
 Step time per cell       5.7404920678689245E-009
 Step      74 time   0.0263202 control    sound    timestep   3.65E-04       1,       1 x  3.26E-04 y  3.26E-04
 Wall clock    103.28153705596924     
 Average time per cell    5.9157326876419364E-009
 Step time per cell       5.8778419366313351E-009
 Step      75 time   0.0266854 control    sound    timestep   3.65E-04       1,       1 x  3.26E-04 y  3.26E-04
 Wall clock    104.64149212837219     
 Average time per cell    5.9137127984151314E-009
 Step time per cell       5.7637963537773533E-009
 Step      76 time   0.0270507 control    sound    timestep   3.65E-04       1,       1 x  3.26E-04 y  3.26E-04
 Wall clock    106.01008415222168     
 Average time per cell    5.9122277506455583E-009
 Step time per cell       5.8003873467290152E-009
 Step      77 time   0.0274160 control    sound    timestep   3.65E-04       1,       1 x  3.26E-04 y  3.26E-04
 Wall clock    107.37475514411926     
 Average time per cell    5.9105654378849303E-009
 Step time per cell       5.7837769418256357E-009
 Step      78 time   0.0277813 control    sound    timestep   3.65E-04       1,       1 x  3.26E-04 y  3.26E-04
 Wall clock    108.79876112937927     
 Average time per cell    5.9121700368038552E-009
 Step time per cell       6.0352118048791046E-009
 Step      79 time   0.0281467 control    sound    timestep   3.65E-04       1,       1 x  3.26E-04 y  3.26E-04
 Wall clock    110.11598706245422     
 Average time per cell    5.9080049894337833E-009
 Step time per cell       5.5826189458861740E-009
 Step      80 time   0.0285121 control    sound    timestep   3.65E-04       1,       1 x  3.26E-04 y  3.26E-04
 Wall clock    111.67784500122070     
 Average time per cell    5.9169051382923500E-009
 Step time per cell       6.6195803406622469E-009
 Step      81 time   0.0288775 control    sound    timestep   3.65E-04       1,       1 x  3.26E-04 y  3.26E-04
 Wall clock    112.98838496208191     
 Average time per cell    5.9124346112789946E-009
 Step time per cell       5.5545549710384674E-009
 Step      82 time   0.0292429 control    sound    timestep   3.65E-04       1,       1 x  3.26E-04 y  3.26E-04
 Wall clock    114.40494108200073     
 Average time per cell    5.9135530612398028E-009
 Step time per cell       6.0036765919196314E-009
 Step      83 time   0.0296084 control    sound    timestep   3.65E-04       1,       1 x  3.26E-04 y  3.26E-04
 Wall clock    115.77609300613403     
 Average time per cell    5.9123259091732956E-009
 Step time per cell       5.8111355530046344E-009
 Step      84 time   0.0299738 control    sound    timestep   3.65E-04       1,       1 x  3.26E-04 y  3.26E-04
 Wall clock    117.15313601493835     
 Average time per cell    5.9114252330103048E-009
 Step time per cell       5.8362234590782057E-009
 Step      85 time   0.0303393 control    sound    timestep   3.65E-04       1,       1 x  3.26E-04 y  3.26E-04
 Wall clock    118.54373502731323     
 Average time per cell    5.9112217237342002E-009
 Step time per cell       5.8936439017998056E-009
 Step      86 time   0.0307048 control    sound    timestep   3.65E-04       1,       1 x  3.26E-04 y  3.26E-04
 Wall clock    119.96190500259399     
 Average time per cell    5.9123817957695258E-009
 Step time per cell       6.0104745595405503E-009
 Step      87 time   0.0310703 control    sound    timestep   3.66E-04       1,       1 x  3.26E-04 y  3.26E-04
 Wall clock    121.44499206542969     
 First step overhead  -7.6635837554931641E-002
real 122.60
user 2866.06
sys 70.93
