
Clover Version    1.000
       MPI Version
   Task Count     96

 Output file clover.out opened. All output will go there.

Clover Version    1.000
       MPI Version
   Task Count     96

 Step       1 time   0.0000000 control    sound    timestep   3.85E-04       1,       1 x  3.26E-04 y  3.26E-04
 Wall clock    1.4116821289062500     
 Average time per cell    5.9834888411892783E-009
 Step time per cell       5.9834888411892783E-009
 Step       2 time   0.0003852 control    sound    timestep   2.35E-04       1,       1 x  3.26E-04 y  3.26E-04
 Wall clock    3.0504109859466553     
 Average time per cell    6.4646635817350925E-009
 Step time per cell       6.9453593217379722E-009
 Step       3 time   0.0006203 control    sound    timestep   2.99E-04       1,       1 x  3.26E-04 y  3.26E-04
 Wall clock    4.5029439926147461     
 Average time per cell    6.3619881984777748E-009
 Step time per cell       6.1561412520758397E-009
 Step       4 time   0.0009190 control    sound    timestep   3.15E-04       1,       1 x  3.26E-04 y  3.26E-04
 Wall clock    5.9495711326599121     
 Average time per cell    6.3043924253886669E-009
 Step time per cell       6.1310068607175105E-009
 Step       5 time   0.0012337 control    sound    timestep   3.46E-04       1,       1 x  3.26E-04 y  3.26E-04
 Wall clock    7.3464639186859131     
 Average time per cell    6.2276746272497498E-009
 Step time per cell       5.9202830016147346E-009
 Step       6 time   0.0015801 control    sound    timestep   3.46E-04       1,       1 x  3.26E-04 y  3.26E-04
 Wall clock    8.7276780605316162     
 Average time per cell    6.1654536356972705E-009
 Step time per cell       5.8537716540740803E-009
 Step       7 time   0.0019257 control    sound    timestep   3.52E-04       1,       1 x  3.26E-04 y  3.26E-04
 Wall clock    10.175379037857056     
 Average time per cell    6.1612683480017865E-009
 Step time per cell       6.1356907584316408E-009
 Step       8 time   0.0022778 control    sound    timestep   3.70E-04       1,       1 x  3.26E-04 y  3.26E-04
 Wall clock    11.588037967681885     
 Average time per cell    6.1395634373992737E-009
 Step time per cell       5.9871035773539919E-009
 Step       9 time   0.0026482 control    sound    timestep   3.66E-04       1,       1 x  3.26E-04 y  3.26E-04
 Wall clock    12.986302137374878     
 Average time per cell    6.1159026239535850E-009
 Step time per cell       5.9261542951895129E-009
 Step      10 time   0.0030146 control    sound    timestep   3.64E-04       1,       1 x  3.26E-04 y  3.26E-04
 Wall clock    14.426306962966919     
 Average time per cell    6.1146659694107558E-009
 Step time per cell       6.1031591434988918E-009
 Step      11 time   0.0033784 control    sound    timestep   3.61E-04       1,       1 x  3.26E-04 y  3.26E-04
 Wall clock    15.800934076309204     
 Average time per cell    6.0884626277997585E-009
 Step time per cell       5.8262513549481004E-009
 Step      12 time   0.0037396 control    sound    timestep   3.60E-04       1,       1 x  3.26E-04 y  3.26E-04
 Wall clock    17.235395908355713     
 Average time per cell    6.0877608929230417E-009
 Step time per cell       6.0795587665375528E-009
 Step      13 time   0.0040994 control    sound    timestep   3.61E-04       1,       1 x  3.26E-04 y  3.26E-04
 Wall clock    18.635561943054199     
 Average time per cell    6.0759852297054839E-009
 Step time per cell       5.9341558274657775E-009
 Step      14 time   0.0044601 control    sound    timestep   3.62E-04       1,       1 x  3.26E-04 y  3.26E-04
 Wall clock    19.990839958190918     
 Average time per cell    6.0523017877823716E-009
 Step time per cell       5.7440350550071646E-009
 Step      15 time   0.0048222 control    sound    timestep   3.63E-04       1,       1 x  3.26E-04 y  3.26E-04
 Wall clock    21.405260086059570     
 Average time per cell    6.0484879348358072E-009
 Step time per cell       5.9945129275244352E-009
 Step      16 time   0.0051849 control    sound    timestep   3.63E-04       1,       1 x  3.26E-04 y  3.26E-04
 Wall clock    22.765111923217773     
 Average time per cell    6.0306951531351336E-009
 Step time per cell       5.7632951211417098E-009
 Step      17 time   0.0055477 control    sound    timestep   3.63E-04       1,       1 x  3.26E-04 y  3.26E-04
 Wall clock    24.144283056259155     
 Average time per cell    6.0198124545874387E-009
 Step time per cell       5.8452395832217818E-009
 Step      18 time   0.0059107 control    sound    timestep   3.63E-04       1,       1 x  3.26E-04 y  3.26E-04
 Wall clock    25.529775142669678     
 Average time per cell    6.0116273721458714E-009
 Step time per cell       5.8719474004141778E-009
 Step      19 time   0.0062737 control    sound    timestep   3.63E-04       1,       1 x  3.26E-04 y  3.26E-04
 Wall clock    26.929912090301514     
 Average time per cell    6.0075708780347843E-009
 Step time per cell       5.9340537619492453E-009
 Step      20 time   0.0066369 control    sound    timestep   3.63E-04       1,       1 x  3.26E-04 y  3.26E-04
 Wall clock    28.456502914428711     
 Average time per cell    6.0307191031622802E-009
 Step time per cell       6.4700573905914404E-009
 Step      21 time   0.0070000 control    sound    timestep   3.63E-04       1,       1 x  3.26E-04 y  3.26E-04
 Wall clock    29.804506063461304     
 Average time per cell    6.0156173430470667E-009
 Step time per cell       5.7134032734514521E-009
 Step      22 time   0.0073634 control    sound    timestep   3.63E-04       1,       1 x  3.26E-04 y  3.26E-04
 Wall clock    31.211981058120728     
 Average time per cell    6.0133464038965875E-009
 Step time per cell       5.9651443330545183E-009
 Step      23 time   0.0077269 control    sound    timestep   3.64E-04       1,       1 x  3.26E-04 y  3.26E-04
 Wall clock    32.611868143081665     
 Average time per cell    6.0098746005959748E-009
 Step time per cell       5.9330078430422068E-009
 Step      24 time   0.0080904 control    sound    timestep   3.64E-04       1,       1 x  3.26E-04 y  3.26E-04
 Wall clock    33.988440990447998     
 Average time per cell    6.0025746717184559E-009
 Step time per cell       5.8341811381978914E-009
 Step      25 time   0.0084540 control    sound    timestep   3.64E-04       1,       1 x  3.26E-04 y  3.26E-04
 Wall clock    35.372003078460693     
 Average time per cell    5.9970437076925817E-009
 Step time per cell       5.8637872118399378E-009
 Step      26 time   0.0088177 control    sound    timestep   3.64E-04       1,       1 x  3.26E-04 y  3.26E-04
 Wall clock    36.767673015594482     
 Average time per cell    5.9939120391445456E-009
 Step time per cell       5.9151039345629722E-009
 Step      27 time   0.0091816 control    sound    timestep   3.64E-04       1,       1 x  3.26E-04 y  3.26E-04
 Wall clock    38.140154123306274     
 Average time per cell    5.9873720841437248E-009
 Step time per cell       5.8168461691820990E-009
 Step      28 time   0.0095455 control    sound    timestep   3.64E-04       1,       1 x  3.26E-04 y  3.26E-04
 Wall clock    39.544789075851440     
 Average time per cell    5.9861666173558672E-009
 Step time per cell       5.9531066654017197E-009
 Step      29 time   0.0099094 control    sound    timestep   3.64E-04       1,       1 x  3.26E-04 y  3.26E-04
 Wall clock    40.953696012496948     
 Average time per cell    5.9856686665176082E-009
 Step time per cell       5.9712430003047407E-009
 Step      30 time   0.0102734 control    sound    timestep   3.64E-04       1,       1 x  3.26E-04 y  3.26E-04
 Wall clock    42.441061019897461     
 Average time per cell    5.9962888675120966E-009
 Step time per cell       6.3037613371206032E-009
 Step      31 time   0.0106374 control    sound    timestep   3.64E-04       1,       1 x  3.26E-04 y  3.26E-04
 Wall clock    43.757926940917969     
 Average time per cell    5.9829119803203688E-009
 Step time per cell       5.5813638431977272E-009
 Step      32 time   0.0110014 control    sound    timestep   3.64E-04       1,       1 x  3.26E-04 y  3.26E-04
 Wall clock    45.145713090896606     
 Average time per cell    5.9797648709213216E-009
 Step time per cell       5.8816870781204976E-009
 Step      33 time   0.0113654 control    sound    timestep   3.64E-04       1,       1 x  3.26E-04 y  3.26E-04
 Wall clock    46.540349006652832     
 Average time per cell    5.9776882860913043E-009
 Step time per cell       5.9107504865904856E-009
 Step      34 time   0.0117295 control    sound    timestep   3.64E-04       1,       1 x  3.26E-04 y  3.26E-04
 Wall clock    47.916060924530029     
 Average time per cell    5.9733747251086798E-009
 Step time per cell       5.8305350749934509E-009
 Step      35 time   0.0120936 control    sound    timestep   3.64E-04       1,       1 x  3.26E-04 y  3.26E-04
 Wall clock    49.284384012222290     
 Average time per cell    5.9684128549027567E-009
 Step time per cell       5.7992252146100835E-009
 Step      36 time   0.0124578 control    sound    timestep   3.64E-04       1,       1 x  3.26E-04 y  3.26E-04
 Wall clock    50.688134908676147     
 Average time per cell    5.9678978282641359E-009
 Step time per cell       5.9494222013098709E-009
 Step      37 time   0.0128221 control    sound    timestep   3.64E-04       1,       1 x  3.26E-04 y  3.26E-04
 Wall clock    52.112471103668213     
 Average time per cell    5.9697687995232716E-009
 Step time per cell       6.0366023212231487E-009
 Step      38 time   0.0131864 control    sound    timestep   3.64E-04       1,       1 x  3.26E-04 y  3.26E-04
 Wall clock    53.481527090072632     
 Average time per cell    5.9653752968406263E-009
 Step time per cell       5.8023791401258984E-009
 Step      39 time   0.0135508 control    sound    timestep   3.64E-04       1,       1 x  3.26E-04 y  3.26E-04
 Wall clock    54.880079984664917     
 Average time per cell    5.9644128505636051E-009
 Step time per cell       5.9273022796130844E-009
 Step      40 time   0.0139152 control    sound    timestep   3.64E-04       1,       1 x  3.26E-04 y  3.26E-04
 Wall clock    56.340496063232422     
 Average time per cell    5.9700537854546887E-009
 Step time per cell       6.1895288025779239E-009
 Step      41 time   0.0142797 control    sound    timestep   3.64E-04       1,       1 x  3.26E-04 y  3.26E-04
 Wall clock    57.661014080047607     
 Average time per cell    5.9609569849409817E-009
 Step time per cell       5.5969030654523519E-009
 Step      42 time   0.0146441 control    sound    timestep   3.64E-04       1,       1 x  3.26E-04 y  3.26E-04
 Wall clock    59.138721942901611     
 Average time per cell    5.9681566372524862E-009
 Step time per cell       6.2629017823686201E-009
 Step      43 time   0.0150085 control    sound    timestep   3.64E-04       1,       1 x  3.26E-04 y  3.26E-04
 Wall clock    60.479417085647583     
 Average time per cell    5.9615159427187016E-009
 Step time per cell       5.6821105924124523E-009
 Step      44 time   0.0153730 control    sound    timestep   3.64E-04       1,       1 x  3.26E-04 y  3.26E-04
 Wall clock    61.897335052490234     
 Average time per cell    5.9626160296517418E-009
 Step time per cell       6.0094498621765524E-009
 Step      45 time   0.0157375 control    sound    timestep   3.65E-04       1,       1 x  3.26E-04 y  3.26E-04
 Wall clock    63.214601039886475     
 Average time per cell    5.9541868082575363E-009
 Step time per cell       5.5827836654821616E-009
 Step      46 time   0.0161020 control    sound    timestep   3.65E-04       1,       1 x  3.26E-04 y  3.26E-04
 Wall clock    64.638565063476562     
 Average time per cell    5.9559554927914903E-009
 Step time per cell       6.0350420325347738E-009
 Step      47 time   0.0164666 control    sound    timestep   3.65E-04       1,       1 x  3.26E-04 y  3.26E-04
 Wall clock    66.055069923400879     
 Average time per cell    5.9569762320913833E-009
 Step time per cell       6.0034340599991589E-009
 Step      48 time   0.0168311 control    sound    timestep   3.65E-04       1,       1 x  3.26E-04 y  3.26E-04
 Wall clock    67.433151960372925     
 Average time per cell    5.9545615832340212E-009
 Step time per cell       5.8405385061632840E-009
 Step      49 time   0.0171958 control    sound    timestep   3.65E-04       1,       1 x  3.26E-04 y  3.26E-04
 Wall clock    68.832170963287354     
 Average time per cell    5.9540565614667753E-009
 Step time per cell       5.9293061996059904E-009
 Step      50 time   0.0175604 control    sound    timestep   3.65E-04       1,       1 x  3.26E-04 y  3.26E-04
 Wall clock    70.298728942871094     
 Average time per cell    5.9592970905618537E-009
 Step time per cell       6.2155524776446528E-009
 Step      51 time   0.0179251 control    sound    timestep   3.65E-04       1,       1 x  3.26E-04 y  3.26E-04
 Wall clock    71.657964944839478     
 Average time per cell    5.9554127001161496E-009
 Step time per cell       5.7610739329700459E-009
 Step      52 time   0.0182899 control    sound    timestep   3.65E-04       1,       1 x  3.26E-04 y  3.26E-04
 Wall clock    73.079556941986084     
 Average time per cell    5.9567603854632650E-009
 Step time per cell       6.0250092954245495E-009
 Step      53 time   0.0186547 control    sound    timestep   3.65E-04       1,       1 x  3.26E-04 y  3.26E-04
 Wall clock    74.428798913955688     
 Average time per cell    5.9522711886964302E-009
 Step time per cell       5.7182943338476531E-009
 Step      54 time   0.0190195 control    sound    timestep   3.65E-04       1,       1 x  3.26E-04 y  3.26E-04
 Wall clock    75.801007986068726     
 Average time per cell    5.9497509855159496E-009
 Step time per cell       5.8156324990300671E-009
 Step      55 time   0.0193844 control    sound    timestep   3.65E-04       1,       1 x  3.26E-04 y  3.26E-04
 Wall clock    77.193303108215332     
 Average time per cell    5.9488703493226434E-009
 Step time per cell       5.9007642347650192E-009
 Step      56 time   0.0197492 control    sound    timestep   3.65E-04       1,       1 x  3.26E-04 y  3.26E-04
 Wall clock    78.584356069564819     
 Average time per cell    5.9479271472117120E-009
 Step time per cell       5.8955548512231973E-009
 Step      57 time   0.0201141 control    sound    timestep   3.65E-04       1,       1 x  3.26E-04 y  3.26E-04
 Wall clock    79.963216066360474     
 Average time per cell    5.9461103641116247E-009
 Step time per cell       5.8438571512750866E-009
 Step      58 time   0.0204789 control    sound    timestep   3.65E-04       1,       1 x  3.26E-04 y  3.26E-04
 Wall clock    81.365317106246948     
 Average time per cell    5.9460546490787598E-009
 Step time per cell       5.9423574485764323E-009
 Step      59 time   0.0208438 control    sound    timestep   3.65E-04       1,       1 x  3.26E-04 y  3.26E-04
 Wall clock    82.726089000701904     
 Average time per cell    5.9430317421248204E-009
 Step time per cell       5.7671776529686114E-009
 Step      60 time   0.0212087 control    sound    timestep   3.65E-04       1,       1 x  3.26E-04 y  3.26E-04
 Wall clock    84.198360919952393     
 Average time per cell    5.9479862439157271E-009
 Step time per cell       6.2397642371555172E-009
 Step      61 time   0.0215736 control    sound    timestep   3.65E-04       1,       1 x  3.26E-04 y  3.26E-04
 Wall clock    85.412465095520020     
 Average time per cell    5.9348396548300723E-009
 Step time per cell       5.1458401786577374E-009
 Step      62 time   0.0219386 control    sound    timestep   3.65E-04       1,       1 x  3.26E-04 y  3.26E-04
 Wall clock    86.988507986068726     
 Average time per cell    5.9468606371909474E-009
 Step time per cell       6.6796231597739586E-009
 Step      63 time   0.0223036 control    sound    timestep   3.65E-04       1,       1 x  3.26E-04 y  3.26E-04
 Wall clock    88.361526966094971     
 Average time per cell    5.9448408342859293E-009
 Step time per cell       5.8190703890027686E-009
 Step      64 time   0.0226686 control    sound    timestep   3.65E-04       1,       1 x  3.26E-04 y  3.26E-04
 Wall clock    89.730189085006714     
 Average time per cell    5.9425956067116202E-009
 Step time per cell       5.8005652034706957E-009
 Step      65 time   0.0230337 control    sound    timestep   3.65E-04       1,       1 x  3.26E-04 y  3.26E-04
 Wall clock    91.114618062973022     
 Average time per cell    5.9414475962955457E-009
 Step time per cell       5.8674797603291354E-009
 Step      66 time   0.0233988 control    sound    timestep   3.65E-04       1,       1 x  3.26E-04 y  3.26E-04
 Wall clock    92.515372991561890     
 Average time per cell    5.9413828346664666E-009
 Step time per cell       5.9366650222930026E-009
 Step      67 time   0.0237639 control    sound    timestep   3.65E-04       1,       1 x  3.26E-04 y  3.26E-04
 Wall clock    93.969614028930664     
 Average time per cell    5.9447036432503885E-009
 Step time per cell       6.1633555661602359E-009
 Step      68 time   0.0241291 control    sound    timestep   3.65E-04       1,       1 x  3.26E-04 y  3.26E-04
 Wall clock    95.295805931091309     
 Average time per cell    5.9399452665173969E-009
 Step time per cell       5.6207449637844952E-009
 Step      69 time   0.0244942 control    sound    timestep   3.65E-04       1,       1 x  3.26E-04 y  3.26E-04
 Wall clock    96.685058116912842     
 Average time per cell    5.9391984996035686E-009
 Step time per cell       5.8879262117746596E-009
 Step      70 time   0.0248594 control    sound    timestep   3.65E-04       1,       1 x  3.26E-04 y  3.26E-04
 Wall clock    98.155134916305542     
 Average time per cell    5.9433670598775194E-009
 Step time per cell       6.2304772857007464E-009
 Step      71 time   0.0252246 control    sound    timestep   3.65E-04       1,       1 x  3.26E-04 y  3.26E-04
 Wall clock    99.524456977844238     
 Average time per cell    5.9414033473582999E-009
 Step time per cell       5.8037059918408178E-009
 Step      72 time   0.0255898 control    sound    timestep   3.65E-04       1,       1 x  3.26E-04 y  3.26E-04
 Wall clock    100.91409111022949     
 Average time per cell    5.9406899293398850E-009
 Step time per cell       5.8894733633173425E-009
 Step      73 time   0.0259550 control    sound    timestep   3.65E-04       1,       1 x  3.26E-04 y  3.26E-04
 Wall clock    102.29277491569519     
 Average time per cell    5.9393602551612788E-009
 Step time per cell       5.8430729647322247E-009
 Step      74 time   0.0263202 control    sound    timestep   3.65E-04       1,       1 x  3.26E-04 y  3.26E-04
 Wall clock    103.67294597625732     
 Average time per cell    5.9381517047284857E-009
 Step time per cell       5.8493929423598781E-009
 Step      75 time   0.0266854 control    sound    timestep   3.65E-04       1,       1 x  3.26E-04 y  3.26E-04
 Wall clock    105.03878092765808     
 Average time per cell    5.9361651909528989E-009
 Step time per cell       5.7885821055000030E-009
 Step      76 time   0.0270507 control    sound    timestep   3.65E-04       1,       1 x  3.26E-04 y  3.26E-04
 Wall clock    106.41204094886780     
 Average time per cell    5.9346450531757532E-009
 Step time per cell       5.8201223712078193E-009
 Step      77 time   0.0274160 control    sound    timestep   3.65E-04       1,       1 x  3.26E-04 y  3.26E-04
 Wall clock    107.80046796798706     
 Average time per cell    5.9339992841352906E-009
 Step time per cell       5.8843993934311179E-009
 Step      78 time   0.0277813 control    sound    timestep   3.65E-04       1,       1 x  3.26E-04 y  3.26E-04
 Wall clock    109.17418003082275     
 Average time per cell    5.9325704564163966E-009
 Step time per cell       5.8220373628298859E-009
 Step      79 time   0.0281467 control    sound    timestep   3.65E-04       1,       1 x  3.26E-04 y  3.26E-04
 Wall clock    110.54956793785095     
 Average time per cell    5.9312677148881182E-009
 Step time per cell       5.8291152527090165E-009
 Step      80 time   0.0285121 control    sound    timestep   3.65E-04       1,       1 x  3.26E-04 y  3.26E-04
 Wall clock    112.00720500946045     
 Average time per cell    5.9343552594428833E-009
 Step time per cell       6.1777154769515621E-009
 Step      81 time   0.0288775 control    sound    timestep   3.65E-04       1,       1 x  3.26E-04 y  3.26E-04
 Wall clock    113.33335709571838     
 Average time per cell    5.9304862471486781E-009
 Step time per cell       5.6207490059831700E-009
 Step      82 time   0.0292429 control    sound    timestep   3.65E-04       1,       1 x  3.26E-04 y  3.26E-04
 Wall clock    114.76666212081909     
 Average time per cell    5.9322503005040220E-009
 Step time per cell       6.0746262736049378E-009
 Step      83 time   0.0296084 control    sound    timestep   3.65E-04       1,       1 x  3.26E-04 y  3.26E-04
 Wall clock    116.16947102546692     
 Average time per cell    5.9324145042831499E-009
 Step time per cell       5.9454052663770402E-009
 Step      84 time   0.0299738 control    sound    timestep   3.65E-04       1,       1 x  3.26E-04 y  3.26E-04
 Wall clock    117.51578593254089     
 Average time per cell    5.9297241701671503E-009
 Step time per cell       5.7058837733671278E-009
 Step      85 time   0.0303393 control    sound    timestep   3.65E-04       1,       1 x  3.26E-04 y  3.26E-04
 Wall clock    118.92492294311523     
 Average time per cell    5.9302297825590263E-009
 Step time per cell       5.9721716954502177E-009
 Step      86 time   0.0307048 control    sound    timestep   3.65E-04       1,       1 x  3.26E-04 y  3.26E-04
 Wall clock    120.32524394989014     
 Average time per cell    5.9302891354174025E-009
 Step time per cell       5.9348389590417763E-009
 Step      87 time   0.0310703 control    sound    timestep   3.66E-04       1,       1 x  3.26E-04 y  3.26E-04
 Wall clock    121.77454495429993     
 First step overhead -0.22693371772766113     
real 122.97
user 2877.16
sys 69.87
