
Clover Version    1.000
       MPI Version
   Task Count     24


Clover Version    1.000
       MPI Version
   Task Count     24

 Output file clover.out opened. All output will go there.
 Step       1 time   0.0000000 control    sound    timestep   7.70E-04       1,       1 x  6.51E-04 y  6.51E-04
 Wall clock    1.2736139297485352     
 Average time per cell    2.1593118112327324E-008
 Step time per cell       2.1593101943532624E-008
 Step       2 time   0.0007703 control    sound    timestep   4.70E-04       1,       1 x  6.51E-04 y  6.51E-04
 Wall clock    2.5835931301116943     
 Average time per cell    2.1901390330943588E-008
 Step time per cell       2.2207831433560284E-008
 Step       3 time   0.0012405 control    sound    timestep   5.97E-04       1,       1 x  6.51E-04 y  6.51E-04
 Wall clock    3.8841040134429932     
 Average time per cell    2.1950638458494924E-008
 Step time per cell       2.2047339977386098E-008
 Step       4 time   0.0018380 control    sound    timestep   6.29E-04       1,       1 x  6.51E-04 y  6.51E-04
 Wall clock    5.2078819274902344     
 Average time per cell    2.2073881053883169E-008
 Step time per cell       2.2442080888948921E-008
 Step       5 time   0.0024675 control    sound    timestep   6.93E-04       1,       1 x  6.51E-04 y  6.51E-04
 Wall clock    6.5197420120239258     
 Average time per cell    2.2107415134087205E-008
 Step time per cell       2.2239566735354148E-008
 Step       6 time   0.0031602 control    sound    timestep   6.91E-04       1,       1 x  6.51E-04 y  6.51E-04
 Wall clock    7.8395640850067139     
 Average time per cell    2.2152269391679309E-008
 Step time per cell       2.2374438736329063E-008
 Step       7 time   0.0038513 control    sound    timestep   7.04E-04       1,       1 x  6.51E-04 y  6.51E-04
 Wall clock    9.1090610027313232     
 Average time per cell    2.2062419110813016E-008
 Step time per cell       2.1521486309615689E-008
 Step       8 time   0.0045556 control    sound    timestep   7.41E-04       1,       1 x  6.51E-04 y  6.51E-04
 Wall clock    10.431492090225220     
 Average time per cell    2.2107213529428311E-008
 Step time per cell       2.2419537546940976E-008
 Step       9 time   0.0052964 control    sound    timestep   7.33E-04       1,       1 x  6.51E-04 y  6.51E-04
 Wall clock    11.727086067199707     
 Average time per cell    2.2091497853973213E-008
 Step time per cell       2.1963670507021661E-008
 Step      10 time   0.0060292 control    sound    timestep   7.28E-04       1,       1 x  6.51E-04 y  6.51E-04
 Wall clock    13.084097146987915     
 Average time per cell    2.2183053159905184E-008
 Step time per cell       2.3005474455809842E-008
 Step      11 time   0.0067568 control    sound    timestep   7.22E-04       1,       1 x  6.51E-04 y  6.51E-04
 Wall clock    14.359642982482910     
 Average time per cell    2.2132400331567184E-008
 Step time per cell       2.1624905962703958E-008
 Step      12 time   0.0074792 control    sound    timestep   7.20E-04       1,       1 x  6.51E-04 y  6.51E-04
 Wall clock    15.666758060455322     
 Average time per cell    2.2134792272010128E-008
 Step time per cell       2.2159304838472357E-008
 Step      13 time   0.0081988 control    sound    timestep   7.21E-04       1,       1 x  6.51E-04 y  6.51E-04
 Wall clock    16.967472076416016     
 Average time per cell    2.2128468148537681E-008
 Step time per cell       2.2050949660802467E-008
 Step      14 time   0.0089202 control    sound    timestep   7.24E-04       1,       1 x  6.51E-04 y  6.51E-04
 Wall clock    18.245573043823242     
 Average time per cell    2.2095662730169439E-008
 Step time per cell       2.1666888238137796E-008
 Step      15 time   0.0096444 control    sound    timestep   7.25E-04       1,       1 x  6.51E-04 y  6.51E-04
 Wall clock    19.560346126556396     
 Average time per cell    2.2108681150712073E-008
 Step time per cell       2.2288869432587591E-008
 Step      16 time   0.0103697 control    sound    timestep   7.26E-04       1,       1 x  6.51E-04 y  6.51E-04
 Wall clock    20.863074064254761     
 Average time per cell    2.2107308773734580E-008
 Step time per cell       2.2085300265138761E-008
 Step      17 time   0.0110953 control    sound    timestep   7.26E-04       1,       1 x  6.51E-04 y  6.51E-04
 Wall clock    22.139091968536377     
 Average time per cell    2.2079459763606829E-008
 Step time per cell       2.1632044485563204E-008
 Step      18 time   0.0118213 control    sound    timestep   7.26E-04       1,       1 x  6.51E-04 y  6.51E-04
 Wall clock    23.427976131439209     
 Average time per cell    2.2066823824130597E-008
 Step time per cell       2.1850028133485467E-008
 Step      19 time   0.0125475 control    sound    timestep   7.26E-04       1,       1 x  6.51E-04 y  6.51E-04
 Wall clock    24.724188089370728     
 Average time per cell    2.2062056771770927E-008
 Step time per cell       2.1974572316846914E-008
 Step      20 time   0.0132737 control    sound    timestep   7.26E-04       1,       1 x  6.51E-04 y  6.51E-04
 Wall clock    26.094684123992920     
 Average time per cell    2.2120737816698642E-008
 Step time per cell       2.3234238647597119E-008
 Step      21 time   0.0140001 control    sound    timestep   7.27E-04       1,       1 x  6.51E-04 y  6.51E-04
 Wall clock    27.359014034271240     
 Average time per cell    2.2088117677614919E-008
 Step time per cell       2.1434599249106316E-008
 Step      22 time   0.0147268 control    sound    timestep   7.27E-04       1,       1 x  6.51E-04 y  6.51E-04
 Wall clock    28.658157110214233     
 Average time per cell    2.2085291629532501E-008
 Step time per cell       2.2024400499908047E-008
 Step      23 time   0.0154537 control    sound    timestep   7.27E-04       1,       1 x  6.51E-04 y  6.51E-04
 Wall clock    29.944102048873901     
 Average time per cell    2.2072982455543040E-008
 Step time per cell       2.1800656718874557E-008
 Step      24 time   0.0161807 control    sound    timestep   7.27E-04       1,       1 x  6.51E-04 y  6.51E-04
 Wall clock    31.200363159179688     
 Average time per cell    2.2040729635153656E-008
 Step time per cell       2.1297386815098838E-008
 Step      25 time   0.0169080 control    sound    timestep   7.27E-04       1,       1 x  6.51E-04 y  6.51E-04
 Wall clock    32.524796009063721     
 Average time per cell    2.2057288960139784E-008
 Step time per cell       2.2452986740972846E-008
 Step      26 time   0.0176355 control    sound    timestep   7.28E-04       1,       1 x  6.51E-04 y  6.51E-04
 Wall clock    33.799417018890381     
 Average time per cell    2.2040092937039354E-008
 Step time per cell       2.1608579522257463E-008
 Step      27 time   0.0183631 control    sound    timestep   7.28E-04       1,       1 x  6.51E-04 y  6.51E-04
 Wall clock    35.079630136489868     
 Average time per cell    2.2027682166387531E-008
 Step time per cell       2.1703255899612687E-008
 Step      28 time   0.0190909 control    sound    timestep   7.28E-04       1,       1 x  6.51E-04 y  6.51E-04
 Wall clock    36.356748104095459     
 Average time per cell    2.2014283742811087E-008
 Step time per cell       2.1650105029241079E-008
 Step      29 time   0.0198188 control    sound    timestep   7.28E-04       1,       1 x  6.51E-04 y  6.51E-04
 Wall clock    37.638744115829468     
 Average time per cell    2.2004661189304785E-008
 Step time per cell       2.1733620896055882E-008
 Step      30 time   0.0205468 control    sound    timestep   7.28E-04       1,       1 x  6.51E-04 y  6.51E-04
 Wall clock    38.982598066329956     
 Average time per cell    2.2030638555642563E-008
 Step time per cell       2.2782033839676942E-008
 Step      31 time   0.0212748 control    sound    timestep   7.28E-04       1,       1 x  6.51E-04 y  6.51E-04
 Wall clock    40.246597051620483     
 Average time per cell    2.2011266483659906E-008
 Step time per cell       2.1429578838352529E-008
 Step      32 time   0.0220028 control    sound    timestep   7.28E-04       1,       1 x  6.51E-04 y  6.51E-04
 Wall clock    41.520286083221436     
 Average time per cell    2.1998239137448966E-008
 Step time per cell       2.1592576457704934E-008
 Step      33 time   0.0227308 control    sound    timestep   7.28E-04       1,       1 x  6.51E-04 y  6.51E-04
 Wall clock    42.817778110504150     
 Average time per cell    2.1998230448252953E-008
 Step time per cell       2.1996359767702719E-008
 Step      34 time   0.0234590 control    sound    timestep   7.28E-04       1,       1 x  6.51E-04 y  6.51E-04
 Wall clock    44.109872102737427     
 Average time per cell    2.1995530522533454E-008
 Step time per cell       2.1904686743962682E-008
 Step      35 time   0.0241873 control    sound    timestep   7.28E-04       1,       1 x  6.51E-04 y  6.51E-04
 Wall clock    45.398337125778198     
 Average time per cell    2.1991226983825781E-008
 Step time per cell       2.1843027045381151E-008
 Step      36 time   0.0249157 control    sound    timestep   7.29E-04       1,       1 x  6.51E-04 y  6.51E-04
 Wall clock    46.680128097534180     
 Average time per cell    2.1984019384282516E-008
 Step time per cell       2.1730112267606374E-008
 Step      37 time   0.0256442 control    sound    timestep   7.29E-04       1,       1 x  6.51E-04 y  6.51E-04
 Wall clock    47.993330955505371     
 Average time per cell    2.1991594998702944E-008
 Step time per cell       2.2262623436593760E-008
 Step      38 time   0.0263728 control    sound    timestep   7.29E-04       1,       1 x  6.51E-04 y  6.51E-04
 Wall clock    49.271467924118042     
 Average time per cell    2.1983126779352397E-008
 Step time per cell       2.1668189826110998E-008
 Step      39 time   0.0271016 control    sound    timestep   7.29E-04       1,       1 x  6.51E-04 y  6.51E-04
 Wall clock    50.545367002487183     
 Average time per cell    2.1973250517880336E-008
 Step time per cell       2.1596222520909376E-008
 Step      40 time   0.0278304 control    sound    timestep   7.29E-04       1,       1 x  6.51E-04 y  6.51E-04
 Wall clock    51.869403123855591     
 Average time per cell    2.1985118918463639E-008
 Step time per cell       2.2446224142590330E-008
 Step      41 time   0.0285593 control    sound    timestep   7.29E-04       1,       1 x  6.51E-04 y  6.51E-04
 Wall clock    53.154160976409912     
 Average time per cell    2.1980166128271217E-008
 Step time per cell       2.1781209701051314E-008
 Step      42 time   0.0292882 control    sound    timestep   7.29E-04       1,       1 x  6.51E-04 y  6.51E-04
 Wall clock    54.452317953109741     
 Average time per cell    2.1980858032028659E-008
 Step time per cell       2.2007681966190123E-008
 Step      43 time   0.0300171 control    sound    timestep   7.29E-04       1,       1 x  6.51E-04 y  6.51E-04
 Wall clock    55.724771022796631     
 Average time per cell    2.1971383116097319E-008
 Step time per cell       2.1571722754742951E-008
 Step      44 time   0.0307460 control    sound    timestep   7.29E-04       1,       1 x  6.51E-04 y  6.51E-04
 Wall clock    57.000221014022827     
 Average time per cell    2.1963493660829649E-008
 Step time per cell       2.1622569571870068E-008
 Step      45 time   0.0314750 control    sound    timestep   7.29E-04       1,       1 x  6.51E-04 y  6.51E-04
 Wall clock    58.272941112518311     
 Average time per cell    2.1954926333022246E-008
 Step time per cell       2.1576387452013377E-008
 Step      46 time   0.0322040 control    sound    timestep   7.29E-04       1,       1 x  6.51E-04 y  6.51E-04
 Wall clock    59.565927982330322     
 Average time per cell    2.1954201217257116E-008
 Step time per cell       2.1919675216647899E-008
 Step      47 time   0.0329331 control    sound    timestep   7.29E-04       1,       1 x  6.51E-04 y  6.51E-04
 Wall clock    60.845863103866577     
 Average time per cell    2.1948798828076871E-008
 Step time per cell       2.1698389092408533E-008
 Step      48 time   0.0336623 control    sound    timestep   7.29E-04       1,       1 x  6.51E-04 y  6.51E-04
 Wall clock    62.127037048339844     
 Average time per cell    2.1944059106452322E-008
 Step time per cell       2.1719752112403511E-008
 Step      49 time   0.0343915 control    sound    timestep   7.29E-04       1,       1 x  6.51E-04 y  6.51E-04
 Wall clock    63.409924030303955     
 Average time per cell    2.1940105561169115E-008
 Step time per cell       2.1748706381509288E-008
 Step      50 time   0.0351209 control    sound    timestep   7.29E-04       1,       1 x  6.51E-04 y  6.51E-04
 Wall clock    64.734400987625122     
 Average time per cell    2.1950412661276965E-008
 Step time per cell       2.2453900277873293E-008
 Step      51 time   0.0358503 control    sound    timestep   7.30E-04       1,       1 x  6.51E-04 y  6.51E-04
 Wall clock    66.005594015121460     
 Average time per cell    2.1942602091977143E-008
 Step time per cell       2.1551293482641792E-008
 Step      52 time   0.0365798 control    sound    timestep   7.30E-04       1,       1 x  6.51E-04 y  6.51E-04
 Wall clock    67.280786037445068     
 Average time per cell    2.1936395771465160E-008
 Step time per cell       2.1618296967871072E-008
 Step      53 time   0.0373094 control    sound    timestep   7.30E-04       1,       1 x  6.51E-04 y  6.51E-04
 Wall clock    68.555635929107666     
 Average time per cell    2.1930314207291408E-008
 Step time per cell       2.1612443864190332E-008
 Step      54 time   0.0380391 control    sound    timestep   7.30E-04       1,       1 x  6.51E-04 y  6.51E-04
 Wall clock    69.830250978469849     
 Average time per cell    2.1924384153537154E-008
 Step time per cell       2.1608563353462764E-008
 Step      55 time   0.0387688 control    sound    timestep   7.30E-04       1,       1 x  6.51E-04 y  6.51E-04
 Wall clock    71.100028038024902     
 Average time per cell    2.1917178387273893E-008
 Step time per cell       2.1526421834197310E-008
 Step      56 time   0.0394984 control    sound    timestep   7.30E-04       1,       1 x  6.51E-04 y  6.51E-04
 Wall clock    72.409744977951050     
 Average time per cell    2.1922321918412178E-008
 Step time per cell       2.2203724559706947E-008
 Step      57 time   0.0402281 control    sound    timestep   7.30E-04       1,       1 x  6.51E-04 y  6.51E-04
 Wall clock    73.683925151824951     
 Average time per cell    2.1916714837987041E-008
 Step time per cell       2.1601089328113529E-008
 Step      58 time   0.0409578 control    sound    timestep   7.30E-04       1,       1 x  6.51E-04 y  6.51E-04
 Wall clock    74.959583044052124     
 Average time per cell    2.1911733062876303E-008
 Step time per cell       2.1626130748902344E-008
 Step      59 time   0.0416876 control    sound    timestep   7.30E-04       1,       1 x  6.51E-04 y  6.51E-04
 Wall clock    76.242844104766846     
 Average time per cell    2.1909105004137645E-008
 Step time per cell       2.1754983916050859E-008
 Step      60 time   0.0424174 control    sound    timestep   7.30E-04       1,       1 x  6.51E-04 y  6.51E-04
 Wall clock    77.577337026596069     
 Average time per cell    2.1921041142950006E-008
 Step time per cell       2.2623644326813518E-008
 Step      61 time   0.0431473 control    sound    timestep   7.30E-04       1,       1 x  6.51E-04 y  6.51E-04
 Wall clock    78.850455999374390     
 Average time per cell    2.1915527788276711E-008
 Step time per cell       2.1583861477362611E-008
 Step      62 time   0.0438772 control    sound    timestep   7.30E-04       1,       1 x  6.51E-04 y  6.51E-04
 Wall clock    80.144232988357544     
 Average time per cell    2.1915841321598599E-008
 Step time per cell       2.1933067020856671E-008
 Step      63 time   0.0446072 control    sound    timestep   7.30E-04       1,       1 x  6.51E-04 y  6.51E-04
 Wall clock    81.435907125473022     
 Average time per cell    2.1915578993667258E-008
 Step time per cell       2.1897568432096805E-008
 Step      64 time   0.0453372 control    sound    timestep   7.30E-04       1,       1 x  6.51E-04 y  6.51E-04
 Wall clock    82.712840080261230     
 Average time per cell    2.1911419783767389E-008
 Step time per cell       2.1647473557903949E-008
 Step      65 time   0.0460673 control    sound    timestep   7.30E-04       1,       1 x  6.51E-04 y  6.51E-04
 Wall clock    83.986613988876343     
 Average time per cell    2.1906564562903860E-008
 Step time per cell       2.1594051860221145E-008
 Step      66 time   0.0467975 control    sound    timestep   7.30E-04       1,       1 x  6.51E-04 y  6.51E-04
 Wall clock    85.262408971786499     
 Average time per cell    2.1902375647493227E-008
 Step time per cell       2.1628568194703095E-008
 Step      67 time   0.0475278 control    sound    timestep   7.30E-04       1,       1 x  6.51E-04 y  6.51E-04
 Wall clock    86.537673950195312     
 Average time per cell    2.1898177657801517E-008
 Step time per cell       2.1619465163288016E-008
 Step      68 time   0.0482581 control    sound    timestep   7.30E-04       1,       1 x  6.51E-04 y  6.51E-04
 Wall clock    87.813061952590942     
 Average time per cell    2.1894133811549503E-008
 Step time per cell       2.1621397334254451E-008
 Step      69 time   0.0489885 control    sound    timestep   7.30E-04       1,       1 x  6.51E-04 y  6.51E-04
 Wall clock    89.068185091018677     
 Average time per cell    2.1885227833873774E-008
 Step time per cell       2.1278129780613301E-008
 Step      70 time   0.0497188 control    sound    timestep   7.30E-04       1,       1 x  6.51E-04 y  6.51E-04
 Wall clock    90.443230152130127     
 Average time per cell    2.1905621762261800E-008
 Step time per cell       2.3311125308585663E-008
 Step      71 time   0.0504492 control    sound    timestep   7.30E-04       1,       1 x  6.51E-04 y  6.51E-04
 Wall clock    91.715649127960205     
 Average time per cell    2.1900934957336570E-008
 Step time per cell       2.1571945075670051E-008
 Step      72 time   0.0511795 control    sound    timestep   7.30E-04       1,       1 x  6.51E-04 y  6.51E-04
 Wall clock    92.992635965347290     
 Average time per cell    2.1897453959276009E-008
 Step time per cell       2.1648641753320894E-008
 Step      73 time   0.0519100 control    sound    timestep   7.30E-04       1,       1 x  6.51E-04 y  6.51E-04
 Wall clock    94.285851955413818     
 Average time per cell    2.1897837542857880E-008
 Step time per cell       2.1923927609653524E-008
 Step      74 time   0.0526404 control    sound    timestep   7.30E-04       1,       1 x  6.51E-04 y  6.51E-04
 Wall clock    95.563492059707642     
 Average time per cell    2.1894642153377967E-008
 Step time per cell       2.1659664829106380E-008
 Step      75 time   0.0533709 control    sound    timestep   7.31E-04       1,       1 x  6.51E-04 y  6.51E-04
 Wall clock    96.838345050811768     
 Average time per cell    2.1890901930250780E-008
 Step time per cell       2.1612177079077810E-008
 Step      76 time   0.0541014 control    sound    timestep   7.31E-04       1,       1 x  6.51E-04 y  6.51E-04
 Wall clock    98.116136074066162     
 Average time per cell    2.1887915555288340E-008
 Step time per cell       2.1662377144417000E-008
 Step      77 time   0.0548320 control    sound    timestep   7.31E-04       1,       1 x  6.51E-04 y  6.51E-04
 Wall clock    99.397962093353271     
 Average time per cell    2.1885895192277757E-008
 Step time per cell       2.1730653922228763E-008
 Step      78 time   0.0555626 control    sound    timestep   7.31E-04       1,       1 x  6.51E-04 y  6.51E-04
 Wall clock    100.69264197349548     
 Average time per cell    2.1886720570076943E-008
 Step time per cell       2.1948613316958977E-008
 Step      79 time   0.0562933 control    sound    timestep   7.31E-04       1,       1 x  6.51E-04 y  6.51E-04
 Wall clock    101.97445106506348     
 Average time per cell    2.1884762849029987E-008
 Step time per cell       2.1730160773990469E-008
 Step      80 time   0.0570241 control    sound    timestep   7.31E-04       1,       1 x  6.51E-04 y  6.51E-04
 Wall clock    103.30063199996948     
 Average time per cell    2.1892257690423220E-008
 Step time per cell       2.2482571593071852E-008
 Step      81 time   0.0577549 control    sound    timestep   7.31E-04       1,       1 x  6.51E-04 y  6.51E-04
 Wall clock    104.57778596878052     
 Average time per cell    2.1889305579161785E-008
 Step time per cell       2.1652271647730636E-008
 Step      82 time   0.0584859 control    sound    timestep   7.31E-04       1,       1 x  6.51E-04 y  6.51E-04
 Wall clock    105.85488510131836     
 Average time per cell    2.1886414132739712E-008
 Step time per cell       2.1650577966486001E-008
 Step      83 time   0.0592168 control    sound    timestep   7.31E-04       1,       1 x  6.51E-04 y  6.51E-04
 Wall clock    107.13126802444458     
 Average time per cell    2.1883446061354095E-008
 Step time per cell       2.1638200754144541E-008
 Step      84 time   0.0599477 control    sound    timestep   7.31E-04       1,       1 x  6.51E-04 y  6.51E-04
 Wall clock    108.40876293182373     
 Average time per cell    2.1880773096604064E-008
 Step time per cell       2.1657340564868517E-008
 Step      85 time   0.0606786 control    sound    timestep   7.31E-04       1,       1 x  6.51E-04 y  6.51E-04
 Wall clock    109.68497109413147     
 Average time per cell    2.1877906369304078E-008
 Step time per cell       2.1635536945218012E-008
 Step      86 time   0.0614096 control    sound    timestep   7.31E-04       1,       1 x  6.51E-04 y  6.51E-04
 Wall clock    110.96390795707703     
 Average time per cell    2.1875644251520719E-008
 Step time per cell       2.1681585672518447E-008
 Step      87 time   0.0621405 control    sound    timestep   7.31E-04       1,       1 x  6.51E-04 y  6.51E-04
 Wall clock    112.29035401344299     
 First step overhead  -3.6259174346923828E-002
real 112.95
user 2686.92
sys 21.84
