
Clover Version    1.000
       MPI Version
   Task Count     96


Clover Version    1.000
       MPI Version
   Task Count     96

 Output file clover.out opened. All output will go there.
 Step       1 time   0.0000000 control    sound    timestep   3.85E-04       1,       1 x  3.26E-04 y  3.26E-04
 Wall clock    1.3487279415130615     
 Average time per cell    5.7166542117354560E-009
 Step time per cell       5.7166542117354560E-009
 Step       2 time   0.0003852 control    sound    timestep   2.35E-04       1,       1 x  3.26E-04 y  3.26E-04
 Wall clock    2.7765820026397705     
 Average time per cell    5.8843443184741770E-009
 Step time per cell       6.0515594668686392E-009
 Step       3 time   0.0006203 control    sound    timestep   2.99E-04       1,       1 x  3.26E-04 y  3.26E-04
 Wall clock    4.2453248500823975     
 Average time per cell    5.9980107767774762E-009
 Step time per cell       6.2247211947881930E-009
 Step       4 time   0.0009190 control    sound    timestep   3.15E-04       1,       1 x  3.26E-04 y  3.26E-04
 Wall clock    5.6583628654479980     
 Average time per cell    5.9958170418718106E-009
 Step time per cell       5.9886891297840823E-009
 Step       5 time   0.0012337 control    sound    timestep   3.46E-04       1,       1 x  3.26E-04 y  3.26E-04
 Wall clock    7.0756788253784180     
 Average time per cell    5.9981272594692810E-009
 Step time per cell       6.0068719499718603E-009
 Step       6 time   0.0015801 control    sound    timestep   3.46E-04       1,       1 x  3.26E-04 y  3.26E-04
 Wall clock    8.4394059181213379     
 Average time per cell    5.9618108665475761E-009
 Step time per cell       5.7798388297669590E-009
 Step       7 time   0.0019257 control    sound    timestep   3.52E-04       1,       1 x  3.26E-04 y  3.26E-04
 Wall clock    9.8563878536224365     
 Average time per cell    5.9681167927226942E-009
 Step time per cell       6.0055541932039580E-009
 Step       8 time   0.0022778 control    sound    timestep   3.70E-04       1,       1 x  3.26E-04 y  3.26E-04
 Wall clock    11.257885932922363     
 Average time per cell    5.9646425951440405E-009
 Step time per cell       5.9397845891200832E-009
 Step       9 time   0.0026482 control    sound    timestep   3.66E-04       1,       1 x  3.26E-04 y  3.26E-04
 Wall clock    12.633559942245483     
 Average time per cell    5.9497785884930095E-009
 Step time per cell       5.8303663131987884E-009
 Step      10 time   0.0030146 control    sound    timestep   3.64E-04       1,       1 x  3.26E-04 y  3.26E-04
 Wall clock    14.111053943634033     
 Average time per cell    5.9810443215408469E-009
 Step time per cell       6.2618599056602556E-009
 Step      11 time   0.0033784 control    sound    timestep   3.61E-04       1,       1 x  3.26E-04 y  3.26E-04
 Wall clock    15.473011970520020     
 Average time per cell    5.9621067126187486E-009
 Step time per cell       5.7725739881991309E-009
 Step      12 time   0.0037396 control    sound    timestep   3.60E-04       1,       1 x  3.26E-04 y  3.26E-04
 Wall clock    16.907189846038818     
 Average time per cell    5.9718343402858372E-009
 Step time per cell       6.0783733917762421E-009
 Step      13 time   0.0040994 control    sound    timestep   3.61E-04       1,       1 x  3.26E-04 y  3.26E-04
 Wall clock    18.245182991027832     
 Average time per cell    5.9487050997180881E-009
 Step time per cell       5.6705600096999354E-009
 Step      14 time   0.0044601 control    sound    timestep   3.62E-04       1,       1 x  3.26E-04 y  3.26E-04
 Wall clock    19.705797910690308     
 Average time per cell    5.9660042386404089E-009
 Step time per cell       6.1903968647432821E-009
 Step      15 time   0.0048222 control    sound    timestep   3.63E-04       1,       1 x  3.26E-04 y  3.26E-04
 Wall clock    21.090639829635620     
 Average time per cell    5.9595856361772383E-009
 Step time per cell       5.8692259901565395E-009
 Step      16 time   0.0051849 control    sound    timestep   3.63E-04       1,       1 x  3.26E-04 y  3.26E-04
 Wall clock    22.435333013534546     
 Average time per cell    5.9433335763969806E-009
 Step time per cell       5.6989887929780200E-009
 Step      17 time   0.0055477 control    sound    timestep   3.63E-04       1,       1 x  3.26E-04 y  3.26E-04
 Wall clock    23.864526033401489     
 Average time per cell    5.9500615820296270E-009
 Step time per cell       6.0572185450130036E-009
 Step      18 time   0.0059107 control    sound    timestep   3.63E-04       1,       1 x  3.26E-04 y  3.26E-04
 Wall clock    25.258183956146240     
 Average time per cell    5.9476743995163154E-009
 Step time per cell       5.9066436127371464E-009
 Step      19 time   0.0062737 control    sound    timestep   3.63E-04       1,       1 x  3.26E-04 y  3.26E-04
 Wall clock    26.648996829986572     
 Average time per cell    5.9449038209940975E-009
 Step time per cell       5.8945463226538980E-009
 Step      20 time   0.0066369 control    sound    timestep   3.63E-04       1,       1 x  3.26E-04 y  3.26E-04
 Wall clock    28.130363941192627     
 Average time per cell    5.9616012448613118E-009
 Step time per cell       6.2783429813053875E-009
 Step      21 time   0.0070000 control    sound    timestep   3.63E-04       1,       1 x  3.26E-04 y  3.26E-04
 Wall clock    29.485470056533813     
 Average time per cell    5.9512244444617646E-009
 Step time per cell       5.7435439278682072E-009
 Step      22 time   0.0073634 control    sound    timestep   3.63E-04       1,       1 x  3.26E-04 y  3.26E-04
 Wall clock    30.825521945953369     
 Average time per cell    5.9388906201359470E-009
 Step time per cell       5.6794104036978547E-009
 Step      23 time   0.0077269 control    sound    timestep   3.64E-04       1,       1 x  3.26E-04 y  3.26E-04
 Wall clock    32.251291990280151     
 Average time per cell    5.9434258631978337E-009
 Step time per cell       6.0426888618773474E-009
 Step      24 time   0.0080904 control    sound    timestep   3.64E-04       1,       1 x  3.26E-04 y  3.26E-04
 Wall clock    33.598033905029297     
 Average time per cell    5.9336262994394118E-009
 Step time per cell       5.7077320687110640E-009
 Step      25 time   0.0084540 control    sound    timestep   3.64E-04       1,       1 x  3.26E-04 y  3.26E-04
 Wall clock    35.048199892044067     
 Average time per cell    5.9421454352559518E-009
 Step time per cell       6.1461469158530237E-009
 Step      26 time   0.0088177 control    sound    timestep   3.64E-04       1,       1 x  3.26E-04 y  3.26E-04
 Wall clock    36.413457870483398     
 Average time per cell    5.9361674431830836E-009
 Step time per cell       5.7861871027853336E-009
 Step      27 time   0.0091816 control    sound    timestep   3.64E-04       1,       1 x  3.26E-04 y  3.26E-04
 Wall clock    37.794270038604736     
 Average time per cell    5.9330740153316195E-009
 Step time per cell       5.8521487113062499E-009
 Step      28 time   0.0095455 control    sound    timestep   3.64E-04       1,       1 x  3.26E-04 y  3.26E-04
 Wall clock    39.175976991653442     
 Average time per cell    5.9303369963590594E-009
 Step time per cell       5.8559888000470693E-009
 Step      29 time   0.0099094 control    sound    timestep   3.64E-04       1,       1 x  3.26E-04 y  3.26E-04
 Wall clock    40.556018829345703     
 Average time per cell    5.9275453690782020E-009
 Step time per cell       5.8488886780752280E-009
 Step      30 time   0.0102734 control    sound    timestep   3.64E-04       1,       1 x  3.26E-04 y  3.26E-04
 Wall clock    42.036960840225220     
 Average time per cell    5.9391955397182349E-009
 Step time per cell       6.2765553189415694E-009
 Step      31 time   0.0106374 control    sound    timestep   3.64E-04       1,       1 x  3.26E-04 y  3.26E-04
 Wall clock    43.378006935119629     
 Average time per cell    5.9309664675148079E-009
 Step time per cell       5.6839204868689802E-009
 Step      32 time   0.0110014 control    sound    timestep   3.64E-04       1,       1 x  3.26E-04 y  3.26E-04
 Wall clock    44.796454906463623     
 Average time per cell    5.9335039597701531E-009
 Step time per cell       6.0116831769442391E-009
 Step      33 time   0.0113654 control    sound    timestep   3.64E-04       1,       1 x  3.26E-04 y  3.26E-04
 Wall clock    46.207975864410400     
 Average time per cell    5.9349979521896414E-009
 Step time per cell       5.9823388356663702E-009
 Step      34 time   0.0117295 control    sound    timestep   3.64E-04       1,       1 x  3.26E-04 y  3.26E-04
 Wall clock    47.609662055969238     
 Average time per cell    5.9351780281776523E-009
 Step time per cell       5.9406112187490282E-009
 Step      35 time   0.0120936 control    sound    timestep   3.64E-04       1,       1 x  3.26E-04 y  3.26E-04
 Wall clock    49.005786895751953     
 Average time per cell    5.9346743260643315E-009
 Step time per cell       5.9170229683837128E-009
 Step      36 time   0.0124578 control    sound    timestep   3.64E-04       1,       1 x  3.26E-04 y  3.26E-04
 Wall clock    50.330138921737671     
 Average time per cell    5.9257482507184903E-009
 Step time per cell       5.6128394337267514E-009
 Step      37 time   0.0128221 control    sound    timestep   3.64E-04       1,       1 x  3.26E-04 y  3.26E-04
 Wall clock    51.763340950012207     
 Average time per cell    5.9297740294782627E-009
 Step time per cell       6.0741462625123358E-009
 Step      38 time   0.0131864 control    sound    timestep   3.64E-04       1,       1 x  3.26E-04 y  3.26E-04
 Wall clock    53.157297849655151     
 Average time per cell    5.9292104899150055E-009
 Step time per cell       5.9078593039885165E-009
 Step      39 time   0.0135508 control    sound    timestep   3.64E-04       1,       1 x  3.26E-04 y  3.26E-04
 Wall clock    54.556349039077759     
 Average time per cell    5.9292295014772942E-009
 Step time per cell       5.9295234677847474E-009
 Step      40 time   0.0139152 control    sound    timestep   3.64E-04       1,       1 x  3.26E-04 y  3.26E-04
 Wall clock    56.045583009719849     
 Average time per cell    5.9388036738204795E-009
 Step time per cell       6.3117012258670813E-009
 Step      41 time   0.0142797 control    sound    timestep   3.64E-04       1,       1 x  3.26E-04 y  3.26E-04
 Wall clock    57.398733854293823     
 Average time per cell    5.9338426310111590E-009
 Step time per cell       5.7352614627840618E-009
 Step      42 time   0.0146441 control    sound    timestep   3.64E-04       1,       1 x  3.26E-04 y  3.26E-04
 Wall clock    58.793340921401978     
 Average time per cell    5.9333015039637712E-009
 Step time per cell       5.9106271995309119E-009
 Step      43 time   0.0150085 control    sound    timestep   3.64E-04       1,       1 x  3.26E-04 y  3.26E-04
 Wall clock    60.148093938827515     
 Average time per cell    5.9288570925323247E-009
 Step time per cell       5.7417592971533948E-009
 Step      44 time   0.0153730 control    sound    timestep   3.64E-04       1,       1 x  3.26E-04 y  3.26E-04
 Wall clock    61.550832986831665     
 Average time per cell    5.9292372295911060E-009
 Step time per cell       5.9451000803771121E-009
 Step      45 time   0.0157375 control    sound    timestep   3.65E-04       1,       1 x  3.26E-04 y  3.26E-04
 Wall clock    62.939740896224976     
 Average time per cell    5.9282977159500101E-009
 Step time per cell       5.8864720308014917E-009
 Step      46 time   0.0161020 control    sound    timestep   3.65E-04       1,       1 x  3.26E-04 y  3.26E-04
 Wall clock    64.309347867965698     
 Average time per cell    5.9256206151221175E-009
 Step time per cell       5.8046417608339754E-009
 Step      47 time   0.0164666 control    sound    timestep   3.65E-04       1,       1 x  3.26E-04 y  3.26E-04
 Wall clock    65.692345857620239     
 Average time per cell    5.9242650618334688E-009
 Step time per cell       5.8613922091252692E-009
 Step      48 time   0.0168311 control    sound    timestep   3.65E-04       1,       1 x  3.26E-04 y  3.26E-04
 Wall clock    67.038199901580811     
 Average time per cell    5.9196860615042239E-009
 Step time per cell       5.7039900032881028E-009
 Step      49 time   0.0171958 control    sound    timestep   3.65E-04       1,       1 x  3.26E-04 y  3.26E-04
 Wall clock    68.439323902130127     
 Average time per cell    5.9200748696299208E-009
 Step time per cell       5.9382414797760751E-009
 Step      50 time   0.0175604 control    sound    timestep   3.65E-04       1,       1 x  3.26E-04 y  3.26E-04
 Wall clock    69.885442018508911     
 Average time per cell    5.9242623238888982E-009
 Step time per cell       6.1289180545524383E-009
 Step      51 time   0.0179251 control    sound    timestep   3.65E-04       1,       1 x  3.26E-04 y  3.26E-04
 Wall clock    71.278691053390503     
 Average time per cell    5.9238916744814359E-009
 Step time per cell       5.9051217249361798E-009
 Step      52 time   0.0182899 control    sound    timestep   3.65E-04       1,       1 x  3.26E-04 y  3.26E-04
 Wall clock    72.654670000076294     
 Average time per cell    5.9221275851320035E-009
 Step time per cell       5.8317103442580753E-009
 Step      53 time   0.0186547 control    sound    timestep   3.65E-04       1,       1 x  3.26E-04 y  3.26E-04
 Wall clock    74.033689022064209     
 Average time per cell    5.9206731881886779E-009
 Step time per cell       5.8445534199967773E-009
 Step      54 time   0.0190195 control    sound    timestep   3.65E-04       1,       1 x  3.26E-04 y  3.26E-04
 Wall clock    75.411187887191772     
 Average time per cell    5.9191533380823780E-009
 Step time per cell       5.8380636700247931E-009
 Step      55 time   0.0193844 control    sound    timestep   3.65E-04       1,       1 x  3.26E-04 y  3.26E-04
 Wall clock    76.829149007797241     
 Average time per cell    5.9208069624311070E-009
 Step time per cell       6.0095721386864578E-009
 Step      56 time   0.0197492 control    sound    timestep   3.65E-04       1,       1 x  3.26E-04 y  3.26E-04
 Wall clock    78.176296949386597     
 Average time per cell    5.9170417898712911E-009
 Step time per cell       5.7095086150285268E-009
 Step      57 time   0.0201141 control    sound    timestep   3.65E-04       1,       1 x  3.26E-04 y  3.26E-04
 Wall clock    79.556681871414185     
 Average time per cell    5.9158802494557835E-009
 Step time per cell       5.8503721649887871E-009
 Step      58 time   0.0204789 control    sound    timestep   3.65E-04       1,       1 x  3.26E-04 y  3.26E-04
 Wall clock    80.937332868576050     
 Average time per cell    5.9147782065275386E-009
 Step time per cell       5.8514099994984768E-009
 Step      59 time   0.0208438 control    sound    timestep   3.65E-04       1,       1 x  3.26E-04 y  3.26E-04
 Wall clock    82.302315950393677     
 Average time per cell    5.9125879399354345E-009
 Step time per cell       5.7850643821034785E-009
 Step      60 time   0.0212087 control    sound    timestep   3.65E-04       1,       1 x  3.26E-04 y  3.26E-04
 Wall clock    83.759662866592407     
 Average time per cell    5.9169954982752204E-009
 Step time per cell       6.1765503131836239E-009
 Step      61 time   0.0215736 control    sound    timestep   3.65E-04       1,       1 x  3.26E-04 y  3.26E-04
 Wall clock    85.119217872619629     
 Average time per cell    5.9144635277016523E-009
 Step time per cell       5.7623078141154511E-009
 Step      62 time   0.0219386 control    sound    timestep   3.65E-04       1,       1 x  3.26E-04 y  3.26E-04
 Wall clock    86.483685970306396     
 Average time per cell    5.9123491109695158E-009
 Step time per cell       5.7828694682232001E-009
 Step      63 time   0.0223036 control    sound    timestep   3.65E-04       1,       1 x  3.26E-04 y  3.26E-04
 Wall clock    87.849676847457886     
 Average time per cell    5.9104042690659162E-009
 Step time per cell       5.7893278911554566E-009
 Step      64 time   0.0226686 control    sound    timestep   3.65E-04       1,       1 x  3.26E-04 y  3.26E-04
 Wall clock    89.258368015289307     
 Average time per cell    5.9113481319804528E-009
 Step time per cell       5.9703365372519734E-009
 Step      65 time   0.0230337 control    sound    timestep   3.65E-04       1,       1 x  3.26E-04 y  3.26E-04
 Wall clock    90.648161888122559     
 Average time per cell    5.9110306886932217E-009
 Step time per cell       5.8902060118271041E-009
 Step      66 time   0.0233988 control    sound    timestep   3.65E-04       1,       1 x  3.26E-04 y  3.26E-04
 Wall clock    91.987413883209229     
 Average time per cell    5.9074770406093165E-009
 Step time per cell       5.6759765559238281E-009
 Step      67 time   0.0237639 control    sound    timestep   3.65E-04       1,       1 x  3.26E-04 y  3.26E-04
 Wall clock    93.349459886550903     
 Average time per cell    5.9054714656185136E-009
 Step time per cell       5.7726073363381952E-009
 Step      68 time   0.0241291 control    sound    timestep   3.65E-04       1,       1 x  3.26E-04 y  3.26E-04
 Wall clock    94.765920877456665     
 Average time per cell    5.9069166543409970E-009
 Step time per cell       6.0033026885422364E-009
 Step      69 time   0.0244942 control    sound    timestep   3.65E-04       1,       1 x  3.26E-04 y  3.26E-04
 Wall clock    96.138566970825195     
 Average time per cell    5.9056284789808823E-009
 Step time per cell       5.8175444590031272E-009
 Step      70 time   0.0248594 control    sound    timestep   3.65E-04       1,       1 x  3.26E-04 y  3.26E-04
 Wall clock    97.579996824264526     
 Average time per cell    5.9085420169082233E-009
 Step time per cell       6.1090981439014688E-009
 Step      71 time   0.0252246 control    sound    timestep   3.65E-04       1,       1 x  3.26E-04 y  3.26E-04
 Wall clock    98.925989866256714     
 Average time per cell    5.9056761039445375E-009
 Step time per cell       5.7048156223673786E-009
 Step      72 time   0.0255898 control    sound    timestep   3.65E-04       1,       1 x  3.26E-04 y  3.26E-04
 Wall clock    100.33006191253662     
 Average time per cell    5.9063088400885863E-009
 Step time per cell       5.9507328842300918E-009
 Step      73 time   0.0259550 control    sound    timestep   3.65E-04       1,       1 x  3.26E-04 y  3.26E-04
 Wall clock    101.70282793045044     
 Average time per cell    5.9051065390048579E-009
 Step time per cell       5.8179729320626290E-009
 Step      74 time   0.0263202 control    sound    timestep   3.65E-04       1,       1 x  3.26E-04 y  3.26E-04
 Wall clock    103.08973693847656     
 Average time per cell    5.9047468110091156E-009
 Step time per cell       5.8779652236909088E-009
 Step      75 time   0.0266854 control    sound    timestep   3.65E-04       1,       1 x  3.26E-04 y  3.26E-04
 Wall clock    104.47305297851562     
 Average time per cell    5.9041936226465086E-009
 Step time per cell       5.8627443245819041E-009
 Step      76 time   0.0270507 control    sound    timestep   3.65E-04       1,       1 x  3.26E-04 y  3.26E-04
 Wall clock    105.81668400764465     
 Average time per cell    5.9014417418343091E-009
 Step time per cell       5.6945969441181259E-009
 Step      77 time   0.0274160 control    sound    timestep   3.65E-04       1,       1 x  3.26E-04 y  3.26E-04
 Wall clock    107.21980595588684     
 Average time per cell    5.9020360837051173E-009
 Step time per cell       5.9467402024893092E-009
 Step      78 time   0.0277813 control    sound    timestep   3.65E-04       1,       1 x  3.26E-04 y  3.26E-04
 Wall clock    108.60318493843079     
 Average time per cell    5.9015423450541037E-009
 Step time per cell       5.8630030252970751E-009
 Step      79 time   0.0281467 control    sound    timestep   3.65E-04       1,       1 x  3.26E-04 y  3.26E-04
 Wall clock    109.97191286087036     
 Average time per cell    5.9002750391830227E-009
 Step time per cell       5.8008956532123393E-009
 Step      80 time   0.0285121 control    sound    timestep   3.65E-04       1,       1 x  3.26E-04 y  3.26E-04
 Wall clock    111.42795395851135     
 Average time per cell    5.9036654344405783E-009
 Step time per cell       6.1710145220988323E-009
 Step      81 time   0.0288775 control    sound    timestep   3.65E-04       1,       1 x  3.26E-04 y  3.26E-04
 Wall clock    112.74878191947937     
 Average time per cell    5.8998967090642990E-009
 Step time per cell       5.5982632653063373E-009
 Step      82 time   0.0292429 control    sound    timestep   3.65E-04       1,       1 x  3.26E-04 y  3.26E-04
 Wall clock    114.15139603614807     
 Average time per cell    5.9004474027963480E-009
 Step time per cell       5.9445321514633381E-009
 Step      83 time   0.0296084 control    sound    timestep   3.65E-04       1,       1 x  3.26E-04 y  3.26E-04
 Wall clock    115.59052801132202     
 Average time per cell    5.9028496805480596E-009
 Step time per cell       6.0993241075064155E-009
 Step      84 time   0.0299738 control    sound    timestep   3.65E-04       1,       1 x  3.26E-04 y  3.26E-04
 Wall clock    116.96825504302979     
 Average time per cell    5.9020963317139332E-009
 Step time per cell       5.8392035700510150E-009
 Step      85 time   0.0303393 control    sound    timestep   3.65E-04       1,       1 x  3.26E-04 y  3.26E-04
 Wall clock    118.32790493965149     
 Average time per cell    5.9004592865414835E-009
 Step time per cell       5.7624482805193915E-009
 Step      86 time   0.0307048 control    sound    timestep   3.65E-04       1,       1 x  3.26E-04 y  3.26E-04
 Wall clock    119.73108291625977     
 Average time per cell    5.9010056151288922E-009
 Step time per cell       5.9469433229727052E-009
 Step      87 time   0.0310703 control    sound    timestep   3.66E-04       1,       1 x  3.26E-04 y  3.26E-04
 Wall clock    121.22583603858948     
 First step overhead  -7.9014062881469727E-002
real 122.34
user 2865.09
sys 66.46
