
Clover Version    1.000
       MPI Version
   Task Count    192


Clover Version    1.000
       MPI Version
   Task Count    192

 Output file clover.out opened. All output will go there.
 Step       1 time   0.0000000 control    sound    timestep   1.93E-04       1,       1 x  1.63E-04 y  3.26E-04
 Wall clock    1.3729128837585449     
 Average time per cell    2.9095816797861414E-009
 Step time per cell       2.9095816797861414E-009
 Step       2 time   0.0001926 control    sound    timestep   1.62E-04       1,       1 x  1.63E-04 y  3.26E-04
 Wall clock    2.7809169292449951     
 Average time per cell    2.9467656127558761E-009
 Step time per cell       2.9836524441230320E-009
 Step       3 time   0.0003548 control    sound    timestep   1.48E-04       1,       1 x  1.63E-04 y  3.26E-04
 Wall clock    4.2363998889923096     
 Average time per cell    2.9927005690061140E-009
 Step time per cell       3.0843097596920818E-009
 Step       4 time   0.0005028 control    sound    timestep   1.54E-04       1,       1 x  1.63E-04 y  3.26E-04
 Wall clock    5.7056720256805420     
 Average time per cell    3.0229738159606413E-009
 Step time per cell       3.1135050448938273E-009
 Step       5 time   0.0006573 control    sound    timestep   1.68E-04       1,       1 x  1.63E-04 y  3.26E-04
 Wall clock    7.0993678569793701     
 Average time per cell    3.0091043501872464E-009
 Step time per cell       2.9533617230804843E-009
 Step       6 time   0.0008248 control    sound    timestep   1.74E-04       1,       1 x  1.63E-04 y  3.26E-04
 Wall clock    8.5284278392791748     
 Average time per cell    3.0123491072757772E-009
 Step time per cell       3.0282864018873724E-009
 Step       7 time   0.0009990 control    sound    timestep   1.77E-04       1,       1 x  1.63E-04 y  3.26E-04
 Wall clock    9.9799139499664307     
 Average time per cell    3.0214563854055348E-009
 Step time per cell       3.0758499431410906E-009
 Step       8 time   0.0011761 control    sound    timestep   1.83E-04       1,       1 x  1.63E-04 y  3.26E-04
 Wall clock    11.359974861145020     
 Average time per cell    3.0093656278040726E-009
 Step time per cell       2.9244781924515133E-009
 Step       9 time   0.0013593 control    sound    timestep   1.82E-04       1,       1 x  1.63E-04 y  3.26E-04
 Wall clock    12.797813892364502     
 Average time per cell    3.0135670161222533E-009
 Step time per cell       3.0468789999657827E-009
 Step      10 time   0.0015413 control    sound    timestep   1.82E-04       1,       1 x  1.63E-04 y  3.26E-04
 Wall clock    14.290158033370972     
 Average time per cell    3.0284792652916318E-009
 Step time per cell       3.1624242385280215E-009
 Step      11 time   0.0017234 control    sound    timestep   1.82E-04       1,       1 x  1.63E-04 y  3.26E-04
 Wall clock    15.621276855468750     
 Average time per cell    3.0096182881882696E-009
 Step time per cell       2.8209387892275119E-009
 Step      12 time   0.0019050 control    sound    timestep   1.81E-04       1,       1 x  1.63E-04 y  3.26E-04
 Wall clock    17.101055860519409     
 Average time per cell    3.0201551402973970E-009
 Step time per cell       3.1358184868521573E-009
 Step      13 time   0.0020863 control    sound    timestep   1.81E-04       1,       1 x  1.63E-04 y  3.26E-04
 Wall clock    18.504776000976562     
 Average time per cell    3.0166717270054880E-009
 Step time per cell       2.9745908452443675E-009
 Step      14 time   0.0022674 control    sound    timestep   1.81E-04       1,       1 x  1.63E-04 y  3.26E-04
 Wall clock    19.858012914657593     
 Average time per cell    3.0060439510432643E-009
 Step time per cell       2.8675862672066108E-009
 Step      15 time   0.0024489 control    sound    timestep   1.82E-04       1,       1 x  1.63E-04 y  3.26E-04
 Wall clock    21.273575067520142     
 Average time per cell    3.0056388385236023E-009
 Step time per cell       2.9997024992351523E-009
 Step      16 time   0.0026306 control    sound    timestep   1.82E-04       1,       1 x  1.63E-04 y  3.26E-04
 Wall clock    22.660946846008301     
 Average time per cell    3.0015504156229631E-009
 Step time per cell       2.9399769927193927E-009
 Step      17 time   0.0028124 control    sound    timestep   1.82E-04       1,       1 x  1.63E-04 y  3.26E-04
 Wall clock    24.038801908493042     
 Average time per cell    2.9967565983408313E-009
 Step time per cell       2.9197796417671875E-009
 Step      18 time   0.0029942 control    sound    timestep   1.82E-04       1,       1 x  1.63E-04 y  3.26E-04
 Wall clock    25.469135046005249     
 Average time per cell    2.9986740684515457E-009
 Step time per cell       3.0310123596185196E-009
 Step      19 time   0.0031760 control    sound    timestep   1.82E-04       1,       1 x  1.63E-04 y  3.26E-04
 Wall clock    26.905771970748901     
 Average time per cell    3.0010928294253101E-009
 Step time per cell       3.0443531310690257E-009
 Step      20 time   0.0033579 control    sound    timestep   1.82E-04       1,       1 x  1.63E-04 y  3.26E-04
 Wall clock    28.456493854522705     
 Average time per cell    3.0153585915589550E-009
 Step time per cell       3.2861306762141691E-009
 Step      21 time   0.0035397 control    sound    timestep   1.82E-04       1,       1 x  1.63E-04 y  3.26E-04
 Wall clock    29.771630048751831     
 Average time per cell    3.0044908925971613E-009
 Step time per cell       2.7870752698314997E-009
 Step      22 time   0.0037216 control    sound    timestep   1.82E-04       1,       1 x  1.63E-04 y  3.26E-04
 Wall clock    31.160662889480591     
 Average time per cell    3.0017296848374754E-009
 Step time per cell       2.9434563152285086E-009
 Step      23 time   0.0039035 control    sound    timestep   1.82E-04       1,       1 x  1.63E-04 y  3.26E-04
 Wall clock    32.615247964859009     
 Average time per cell    3.0052487253436958E-009
 Step time per cell       3.0823983049938559E-009
 Step      24 time   0.0040854 control    sound    timestep   1.82E-04       1,       1 x  1.63E-04 y  3.26E-04
 Wall clock    33.972450971603394     
 Average time per cell    2.9998753663878433E-009
 Step time per cell       2.8760339571615784E-009
 Step      25 time   0.0042673 control    sound    timestep   1.82E-04       1,       1 x  1.63E-04 y  3.26E-04
 Wall clock    35.367136001586914     
 Average time per cell    2.9981092666275800E-009
 Step time per cell       2.9554768035369408E-009
 Step      26 time   0.0044492 control    sound    timestep   1.82E-04       1,       1 x  1.63E-04 y  3.26E-04
 Wall clock    36.805530071258545     
 Average time per cell    3.0000417718527495E-009
 Step time per cell       3.0481002492403301E-009
 Step      27 time   0.0046311 control    sound    timestep   1.82E-04       1,       1 x  1.63E-04 y  3.26E-04
 Wall clock    38.130075931549072     
 Average time per cell    2.9928949875340303E-009
 Step time per cell       2.8067840200189191E-009
 Step      28 time   0.0048130 control    sound    timestep   1.82E-04       1,       1 x  1.63E-04 y  3.26E-04
 Wall clock    39.575302839279175     
 Average time per cell    2.9953928477634835E-009
 Step time per cell       3.0625743521442120E-009
 Step      29 time   0.0049950 control    sound    timestep   1.82E-04       1,       1 x  1.63E-04 y  3.26E-04
 Wall clock    40.952172994613647     
 Average time per cell    2.9927230334090930E-009
 Step time per cell       2.9177327734133643E-009
 Step      30 time   0.0051769 control    sound    timestep   1.82E-04       1,       1 x  1.63E-04 y  3.26E-04
 Wall clock    42.469913959503174     
 Average time per cell    3.0001826787526995E-009
 Step time per cell       3.2162582404756299E-009
 Step      31 time   0.0053588 control    sound    timestep   1.82E-04       1,       1 x  1.63E-04 y  3.26E-04
 Wall clock    43.776809930801392     
 Average time per cell    2.9927469021651149E-009
 Step time per cell       2.7695781075938916E-009
 Step      32 time   0.0055408 control    sound    timestep   1.82E-04       1,       1 x  1.63E-04 y  3.26E-04
 Wall clock    45.239701032638550     
 Average time per cell    2.9961070108836593E-009
 Step time per cell       3.1000116804433572E-009
 Step      33 time   0.0057227 control    sound    timestep   1.82E-04       1,       1 x  1.63E-04 y  3.26E-04
 Wall clock    46.686239957809448     
 Average time per cell    2.9982133318075475E-009
 Step time per cell       3.0653336580144240E-009
 Step      34 time   0.0059047 control    sound    timestep   1.82E-04       1,       1 x  1.63E-04 y  3.26E-04
 Wall clock    48.055266857147217     
 Average time per cell    2.9953642986738425E-009
 Step time per cell       2.9011132735629668E-009
 Step      35 time   0.0060866 control    sound    timestep   1.82E-04       1,       1 x  1.63E-04 y  3.26E-04
 Wall clock    49.470614910125732     
 Average time per cell    2.9954828480387934E-009
 Step time per cell       2.9992568468312837E-009
 Step      36 time   0.0062686 control    sound    timestep   1.82E-04       1,       1 x  1.63E-04 y  3.26E-04
 Wall clock    50.853567838668823     
 Average time per cell    2.9936877497136635E-009
 Step time per cell       2.9306046498176228E-009
 Step      37 time   0.0064506 control    sound    timestep   1.82E-04       1,       1 x  1.63E-04 y  3.26E-04
 Wall clock    52.256891965866089     
 Average time per cell    2.9931564998836398E-009
 Step time per cell       2.9737702789134347E-009
 Step      38 time   0.0066325 control    sound    timestep   1.82E-04       1,       1 x  1.63E-04 y  3.26E-04
 Wall clock    53.630913019180298     
 Average time per cell    2.9910189656029139E-009
 Step time per cell       2.9116714965008819E-009
 Step      39 time   0.0068145 control    sound    timestep   1.82E-04       1,       1 x  1.63E-04 y  3.26E-04
 Wall clock    55.048840045928955     
 Average time per cell    2.9913769173651452E-009
 Step time per cell       3.0047314996611222E-009
 Step      40 time   0.0069965 control    sound    timestep   1.82E-04       1,       1 x  1.63E-04 y  3.26E-04
 Wall clock    56.521306037902832     
 Average time per cell    2.9946065498936353E-009
 Step time per cell       3.1203292868061300E-009
 Step      41 time   0.0071785 control    sound    timestep   1.82E-04       1,       1 x  1.63E-04 y  3.26E-04
 Wall clock    57.832465887069702     
 Average time per cell    2.9893407789126815E-009
 Step time per cell       2.7786402117473902E-009
 Step      42 time   0.0073605 control    sound    timestep   1.82E-04       1,       1 x  1.63E-04 y  3.26E-04
 Wall clock    59.255923986434937     
 Average time per cell    2.9899922116816959E-009
 Step time per cell       3.0164336648239340E-009
 Step      43 time   0.0075424 control    sound    timestep   1.82E-04       1,       1 x  1.63E-04 y  3.26E-04
 Wall clock    60.596085071563721     
 Average time per cell    2.9865080107244703E-009
 Step time per cell       2.8399320702495365E-009
 Step      44 time   0.0077244 control    sound    timestep   1.82E-04       1,       1 x  1.63E-04 y  3.26E-04
 Wall clock    62.046453952789307     
 Average time per cell    2.9884903817605157E-009
 Step time per cell       3.0734508982277476E-009
 Step      45 time   0.0079064 control    sound    timestep   1.82E-04       1,       1 x  1.63E-04 y  3.26E-04
 Wall clock    63.515763998031616     
 Average time per cell    2.9912766820663461E-009
 Step time per cell       3.1136172159070461E-009
 Step      46 time   0.0080884 control    sound    timestep   1.82E-04       1,       1 x  1.63E-04 y  3.26E-04
 Wall clock    64.871509075164795     
 Average time per cell    2.9887097619081947E-009
 Step time per cell       2.8729164114338344E-009
 Step      47 time   0.0082705 control    sound    timestep   1.82E-04       1,       1 x  1.63E-04 y  3.26E-04
 Wall clock    66.297278881072998     
 Average time per cell    2.9894095563357826E-009
 Step time per cell       3.0213691894055551E-009
 Step      48 time   0.0084525 control    sound    timestep   1.82E-04       1,       1 x  1.63E-04 y  3.26E-04
 Wall clock    67.743947029113770     
 Average time per cell    2.9910028876690410E-009
 Step time per cell       3.0656241910441570E-009
 Step      49 time   0.0086345 control    sound    timestep   1.82E-04       1,       1 x  1.63E-04 y  3.26E-04
 Wall clock    69.093977928161621     
 Average time per cell    2.9883515722643111E-009
 Step time per cell       2.8608555011386569E-009
 Step      50 time   0.0088165 control    sound    timestep   1.82E-04       1,       1 x  1.63E-04 y  3.26E-04
 Wall clock    70.625900983810425     
 Average time per cell    2.9935159040582624E-009
 Step time per cell       3.2462948082765151E-009
 Step      51 time   0.0089986 control    sound    timestep   1.82E-04       1,       1 x  1.63E-04 y  3.26E-04
 Wall clock    72.003162860870361     
 Average time per cell    2.9920508549206287E-009
 Step time per cell       2.9187327123104803E-009
 Step      52 time   0.0091806 control    sound    timestep   1.82E-04       1,       1 x  1.63E-04 y  3.26E-04
 Wall clock    73.290196895599365     
 Average time per cell    2.9869648899012903E-009
 Step time per cell       2.7273199521005152E-009
 Step      53 time   0.0093626 control    sound    timestep   1.82E-04       1,       1 x  1.63E-04 y  3.26E-04
 Wall clock    74.815777063369751     
 Average time per cell    2.9916094359459768E-009
 Step time per cell       3.2328651084551692E-009
 Step      54 time   0.0095447 control    sound    timestep   1.82E-04       1,       1 x  1.63E-04 y  3.26E-04
 Wall clock    76.197705030441284     
 Average time per cell    2.9904442080918178E-009
 Step time per cell       2.9284349996790601E-009
 Step      55 time   0.0097267 control    sound    timestep   1.82E-04       1,       1 x  1.63E-04 y  3.26E-04
 Wall clock    77.582926034927368     
 Average time per cell    2.9894482404507480E-009
 Step time per cell       2.9354204242635106E-009
 Step      56 time   0.0099087 control    sound    timestep   1.82E-04       1,       1 x  1.63E-04 y  3.26E-04
 Wall clock    78.940773010253906     
 Average time per cell    2.9874518943307479E-009
 Step time per cell       2.8773941570155634E-009
 Step      57 time   0.0100908 control    sound    timestep   1.82E-04       1,       1 x  1.63E-04 y  3.26E-04
 Wall clock    80.361928939819336     
 Average time per cell    2.9878794404198771E-009
 Step time per cell       3.0115446255270703E-009
 Step      58 time   0.0102728 control    sound    timestep   1.82E-04       1,       1 x  1.63E-04 y  3.26E-04
 Wall clock    81.841454029083252     
 Average time per cell    2.9904250086160729E-009
 Step time per cell       3.1352470210145435E-009
 Step      59 time   0.0104549 control    sound    timestep   1.82E-04       1,       1 x  1.63E-04 y  3.26E-04
 Wall clock    83.175611019134521     
 Average time per cell    2.9876626734593323E-009
 Step time per cell       2.8272102604710704E-009
 Step      60 time   0.0106370 control    sound    timestep   1.82E-04       1,       1 x  1.63E-04 y  3.26E-04
 Wall clock    84.666244029998779     
 Average time per cell    2.9905193480738458E-009
 Step time per cell       3.1587943441182791E-009
 Step      61 time   0.0108190 control    sound    timestep   1.82E-04       1,       1 x  1.63E-04 y  3.26E-04
 Wall clock    86.005653858184814     
 Average time per cell    2.9880285300647343E-009
 Step time per cell       2.8384864789485519E-009
 Step      62 time   0.0110011 control    sound    timestep   1.82E-04       1,       1 x  1.63E-04 y  3.26E-04
 Wall clock    87.391175985336304     
 Average time per cell    2.9871942658693149E-009
 Step time per cell       2.9360302909885326E-009
 Step      63 time   0.0111832 control    sound    timestep   1.82E-04       1,       1 x  1.63E-04 y  3.26E-04
 Wall clock    88.711873054504395     
 Average time per cell    2.9842058163094361E-009
 Step time per cell       2.7986612217824183E-009
 Step      64 time   0.0113653 control    sound    timestep   1.82E-04       1,       1 x  1.63E-04 y  3.26E-04
 Wall clock    90.116708993911743     
 Average time per cell    2.9840969043940884E-009
 Step time per cell       2.9769646264159949E-009
 Step      65 time   0.0115474 control    sound    timestep   1.82E-04       1,       1 x  1.63E-04 y  3.26E-04
 Wall clock    91.542685985565186     
 Average time per cell    2.9846806317701154E-009
 Step time per cell       3.0217658301504950E-009
 Step      66 time   0.0117295 control    sound    timestep   1.82E-04       1,       1 x  1.63E-04 y  3.26E-04
 Wall clock    92.919282913208008     
 Average time per cell    2.9836610644179325E-009
 Step time per cell       2.9171537284532354E-009
 Step      67 time   0.0119116 control    sound    timestep   1.82E-04       1,       1 x  1.63E-04 y  3.26E-04
 Wall clock    94.303582906723022     
 Average time per cell    2.9829155875034563E-009
 Step time per cell       2.9334387363633140E-009
 Step      68 time   0.0120937 control    sound    timestep   1.82E-04       1,       1 x  1.63E-04 y  3.26E-04
 Wall clock    95.673756837844849     
 Average time per cell    2.9817517859591332E-009
 Step time per cell       2.9034865494597601E-009
 Step      69 time   0.0122759 control    sound    timestep   1.82E-04       1,       1 x  1.63E-04 y  3.26E-04
 Wall clock    97.064211845397949     
 Average time per cell    2.9812446337897367E-009
 Step time per cell       2.9464930169827616E-009
 Step      70 time   0.0124580 control    sound    timestep   1.82E-04       1,       1 x  1.63E-04 y  3.26E-04
 Wall clock    98.585270881652832     
 Average time per cell    2.9847060576439762E-009
 Step time per cell       3.2232962136428493E-009
 Step      71 time   0.0126401 control    sound    timestep   1.82E-04       1,       1 x  1.63E-04 y  3.26E-04
 Wall clock    99.970856904983521     
 Average time per cell    2.9840262478687697E-009
 Step time per cell       2.9363758989752064E-009
 Step      72 time   0.0128222 control    sound    timestep   1.82E-04       1,       1 x  1.63E-04 y  3.26E-04
 Wall clock    101.34099292755127     
 Average time per cell    2.9829105603121321E-009
 Step time per cell       2.9034380430756656E-009
 Step      73 time   0.0130043 control    sound    timestep   1.82E-04       1,       1 x  1.63E-04 y  3.26E-04
 Wall clock    102.72284388542175     
 Average time per cell    2.9821655379523754E-009
 Step time per cell       2.9282566376625455E-009
 Step      74 time   0.0131865 control    sound    timestep   1.82E-04       1,       1 x  1.63E-04 y  3.26E-04
 Wall clock    104.09615707397461     
 Average time per cell    2.9811961392804912E-009
 Step time per cell       2.9101667880442821E-009
 Step      75 time   0.0133686 control    sound    timestep   1.82E-04       1,       1 x  1.63E-04 y  3.26E-04
 Wall clock    105.46397686004639     
 Average time per cell    2.9800973640737573E-009
 Step time per cell       2.8985409193814527E-009
 Step      76 time   0.0135508 control    sound    timestep   1.82E-04       1,       1 x  1.63E-04 y  3.26E-04
 Wall clock    106.78998684883118     
 Average time per cell    2.9778616288623246E-009
 Step time per cell       2.8099187450910298E-009
 Step      77 time   0.0137329 control    sound    timestep   1.82E-04       1,       1 x  1.63E-04 y  3.26E-04
 Wall clock    108.27822399139404     
 Average time per cell    2.9801489537280095E-009
 Step time per cell       3.1537244164307293E-009
 Step      78 time   0.0139151 control    sound    timestep   1.82E-04       1,       1 x  1.63E-04 y  3.26E-04
 Wall clock    109.60816788673401     
 Average time per cell    2.9780767687157417E-009
 Step time per cell       2.8182941807446898E-009
 Step      79 time   0.0140973 control    sound    timestep   1.82E-04       1,       1 x  1.63E-04 y  3.26E-04
 Wall clock    111.01428103446960     
 Average time per cell    2.9781003819093987E-009
 Step time per cell       2.9796683520544319E-009
 Step      80 time   0.0142795 control    sound    timestep   1.82E-04       1,       1 x  1.63E-04 y  3.26E-04
 Wall clock    112.51599192619324     
 Average time per cell    2.9806558801384301E-009
 Step time per cell       3.1822860869902392E-009
 Step      81 time   0.0144617 control    sound    timestep   1.82E-04       1,       1 x  1.63E-04 y  3.26E-04
 Wall clock    113.85765504837036     
 Average time per cell    2.9789608050994027E-009
 Step time per cell       2.8432466731626642E-009
 Step      82 time   0.0146438 control    sound    timestep   1.82E-04       1,       1 x  1.63E-04 y  3.26E-04
 Wall clock    115.27255797386169     
 Average time per cell    2.9791999437973541E-009
 Step time per cell       2.9982993510202504E-009
 Step      83 time   0.0148260 control    sound    timestep   1.82E-04       1,       1 x  1.63E-04 y  3.26E-04
 Wall clock    116.74126696586609     
 Average time per cell    2.9808071745668507E-009
 Step time per cell       3.1123439233245639E-009
 Step      84 time   0.0150082 control    sound    timestep   1.82E-04       1,       1 x  1.63E-04 y  3.26E-04
 Wall clock    118.06594491004944     
 Average time per cell    2.9787423096018351E-009
 Step time per cell       2.8071124486612257E-009
 Step      85 time   0.0151904 control    sound    timestep   1.82E-04       1,       1 x  1.63E-04 y  3.26E-04
 Wall clock    119.54120206832886     
 Average time per cell    2.9804803703240503E-009
 Step time per cell       3.1261935065332282E-009
 Step      86 time   0.0153726 control    sound    timestep   1.82E-04       1,       1 x  1.63E-04 y  3.26E-04
 Wall clock    120.88034701347351     
 Average time per cell    2.9788238321711793E-009
 Step time per cell       2.8377386721937606E-009
 Step      87 time   0.0155548 control    sound    timestep   1.82E-04       1,       1 x  1.63E-04 y  3.26E-04
 Wall clock    122.40637683868408     
 First step overhead  -3.4950017929077148E-002
real 123.66
user 2887.77
sys 75.35
