
Clover Version    1.000
       MPI Version
   Task Count     96


Clover Version    1.000
       MPI Version
   Task Count     96

 Output file clover.out opened. All output will go there.
 Step       1 time   0.0000000 control    sound    timestep   3.85E-04       1,       1 x  3.26E-04 y  3.26E-04
 Wall clock    1.3712799549102783     
 Average time per cell    5.8122421048917911E-009
 Step time per cell       5.8122421048917911E-009
 Step       2 time   0.0003852 control    sound    timestep   2.35E-04       1,       1 x  3.26E-04 y  3.26E-04
 Wall clock    2.8508419990539551     
 Average time per cell    6.0417217658444621E-009
 Step time per cell       6.2707567849429328E-009
 Step       3 time   0.0006203 control    sound    timestep   2.99E-04       1,       1 x  3.26E-04 y  3.26E-04
 Wall clock    4.2732748985290527     
 Average time per cell    6.0375000261787877E-009
 Step time per cell       6.0288190676753103E-009
 Step       4 time   0.0009190 control    sound    timestep   3.15E-04       1,       1 x  3.26E-04 y  3.26E-04
 Wall clock    5.6777989864349365     
 Average time per cell    6.0164122967560415E-009
 Step time per cell       5.9526236226601112E-009
 Step       5 time   0.0012337 control    sound    timestep   3.46E-04       1,       1 x  3.26E-04 y  3.26E-04
 Wall clock    7.1158719062805176     
 Average time per cell    6.0321993563168993E-009
 Step time per cell       6.0950252292160357E-009
 Step       6 time   0.0015801 control    sound    timestep   3.46E-04       1,       1 x  3.26E-04 y  3.26E-04
 Wall clock    8.5209047794342041     
 Average time per cell    6.0193837338441947E-009
 Step time per cell       5.9548660323748157E-009
 Step       7 time   0.0019257 control    sound    timestep   3.52E-04       1,       1 x  3.26E-04 y  3.26E-04
 Wall clock    9.9970510005950928     
 Average time per cell    6.0532893835371066E-009
 Step time per cell       6.2563200723767900E-009
 Step       8 time   0.0022778 control    sound    timestep   3.70E-04       1,       1 x  3.26E-04 y  3.26E-04
 Wall clock    11.381176948547363     
 Average time per cell    6.0299645257247094E-009
 Step time per cell       5.8663560290976120E-009
 Step       9 time   0.0026482 control    sound    timestep   3.66E-04       1,       1 x  3.26E-04 y  3.26E-04
 Wall clock    12.768916845321655     
 Average time per cell    6.0135249598569779E-009
 Step time per cell       5.8815546961139060E-009
 Step      10 time   0.0030146 control    sound    timestep   3.64E-04       1,       1 x  3.26E-04 y  3.26E-04
 Wall clock    14.227039813995361     
 Average time per cell    6.0302055418206795E-009
 Step time per cell       6.1797497134345276E-009
 Step      11 time   0.0033784 control    sound    timestep   3.61E-04       1,       1 x  3.26E-04 y  3.26E-04
 Wall clock    15.624004840850830     
 Average time per cell    6.0202877317682248E-009
 Step time per cell       5.9209519854953715E-009
 Step      12 time   0.0037396 control    sound    timestep   3.60E-04       1,       1 x  3.26E-04 y  3.26E-04
 Wall clock    17.052112817764282     
 Average time per cell    6.0230229758383722E-009
 Step time per cell       6.0527084618418790E-009
 Step      13 time   0.0040994 control    sound    timestep   3.61E-04       1,       1 x  3.26E-04 y  3.26E-04
 Wall clock    18.430475950241089     
 Average time per cell    6.0091184796198297E-009
 Step time per cell       5.8417380286199557E-009
 Step      14 time   0.0044601 control    sound    timestep   3.62E-04       1,       1 x  3.26E-04 y  3.26E-04
 Wall clock    19.835680961608887     
 Average time per cell    6.0053268195285148E-009
 Step time per cell       5.9555057103150631E-009
 Step      15 time   0.0048222 control    sound    timestep   3.63E-04       1,       1 x  3.26E-04 y  3.26E-04
 Wall clock    21.239928960800171     
 Average time per cell    6.0017702910247158E-009
 Step time per cell       5.9514574483425046E-009
 Step      16 time   0.0051849 control    sound    timestep   3.63E-04       1,       1 x  3.26E-04 y  3.26E-04
 Wall clock    22.609827995300293     
 Average time per cell    5.9895589604113611E-009
 Step time per cell       5.8058170300985998E-009
 Step      17 time   0.0055477 control    sound    timestep   3.63E-04       1,       1 x  3.26E-04 y  3.26E-04
 Wall clock    23.993327856063843     
 Average time per cell    5.9821753049523451E-009
 Step time per cell       5.8636214816942810E-009
 Step      18 time   0.0059107 control    sound    timestep   3.63E-04       1,       1 x  3.26E-04 y  3.26E-04
 Wall clock    25.407585859298706     
 Average time per cell    5.9828548335555053E-009
 Step time per cell       5.9939611674053597E-009
 Step      19 time   0.0062737 control    sound    timestep   3.63E-04       1,       1 x  3.26E-04 y  3.26E-04
 Wall clock    26.812207937240601     
 Average time per cell    5.9813132341263533E-009
 Step time per cell       5.9530642223156366E-009
 Step      20 time   0.0066369 control    sound    timestep   3.63E-04       1,       1 x  3.26E-04 y  3.26E-04
 Wall clock    28.279083013534546     
 Average time per cell    5.9931189247840345E-009
 Step time per cell       6.2170076691674898E-009
 Step      21 time   0.0070000 control    sound    timestep   3.63E-04       1,       1 x  3.26E-04 y  3.26E-04
 Wall clock    29.636255979537964     
 Average time per cell    5.9816584470109007E-009
 Step time per cell       5.7522336444688137E-009
 Step      22 time   0.0073634 control    sound    timestep   3.63E-04       1,       1 x  3.26E-04 y  3.26E-04
 Wall clock    31.043442964553833     
 Average time per cell    5.9808756056802600E-009
 Step time per cell       5.9639357156508295E-009
 Step      23 time   0.0077269 control    sound    timestep   3.64E-04       1,       1 x  3.26E-04 y  3.26E-04
 Wall clock    32.424251794815063     
 Average time per cell    5.9752997421071263E-009
 Step time per cell       5.8520769622797764E-009
 Step      24 time   0.0080904 control    sound    timestep   3.64E-04       1,       1 x  3.26E-04 y  3.26E-04
 Wall clock    33.824580907821655     
 Average time per cell    5.9736359398138357E-009
 Step time per cell       5.9348379484921071E-009
 Step      25 time   0.0084540 control    sound    timestep   3.64E-04       1,       1 x  3.26E-04 y  3.26E-04
 Wall clock    35.188087940216064     
 Average time per cell    5.9658623488050783E-009
 Step time per cell       5.7788676915353996E-009
 Step      26 time   0.0088177 control    sound    timestep   3.64E-04       1,       1 x  3.26E-04 y  3.26E-04
 Wall clock    36.601874828338623     
 Average time per cell    5.9668834112996526E-009
 Step time per cell       5.9917955594654709E-009
 Step      27 time   0.0091816 control    sound    timestep   3.64E-04       1,       1 x  3.26E-04 y  3.26E-04
 Wall clock    37.988386869430542     
 Average time per cell    5.9635471405893557E-009
 Step time per cell       5.8763887662078355E-009
 Step      28 time   0.0095455 control    sound    timestep   3.64E-04       1,       1 x  3.26E-04 y  3.26E-04
 Wall clock    39.432085990905762     
 Average time per cell    5.9691059764840504E-009
 Step time per cell       6.1186902813561677E-009
 Step      29 time   0.0099094 control    sound    timestep   3.64E-04       1,       1 x  3.26E-04 y  3.26E-04
 Wall clock    40.857702970504761     
 Average time per cell    5.9716386130767414E-009
 Step time per cell       6.0421037536192068E-009
 Step      30 time   0.0102734 control    sound    timestep   3.64E-04       1,       1 x  3.26E-04 y  3.26E-04
 Wall clock    42.324493885040283     
 Average time per cell    5.9798196700824150E-009
 Step time per cell       6.2166893460218690E-009
 Step      31 time   0.0106374 control    sound    timestep   3.64E-04       1,       1 x  3.26E-04 y  3.26E-04
 Wall clock    43.697870969772339     
 Average time per cell    5.9747006774919212E-009
 Step time per cell       5.8210207498632369E-009
 Step      32 time   0.0110014 control    sound    timestep   3.64E-04       1,       1 x  3.26E-04 y  3.26E-04
 Wall clock    45.117177009582520     
 Average time per cell    5.9759851309435258E-009
 Step time per cell       6.0153706726850944E-009
 Step      33 time   0.0113654 control    sound    timestep   3.64E-04       1,       1 x  3.26E-04 y  3.26E-04
 Wall clock    46.487969875335693     
 Average time per cell    5.9709606588518666E-009
 Step time per cell       5.8097622160049571E-009
 Step      34 time   0.0117295 control    sound    timestep   3.64E-04       1,       1 x  3.26E-04 y  3.26E-04
 Wall clock    47.874311923980713     
 Average time per cell    5.9681701565388087E-009
 Step time per cell       5.8756803708901211E-009
 Step      35 time   0.0120936 control    sound    timestep   3.64E-04       1,       1 x  3.26E-04 y  3.26E-04
 Wall clock    49.274756908416748     
 Average time per cell    5.9672469981864743E-009
 Step time per cell       5.9352916852933253E-009
 Step      36 time   0.0124578 control    sound    timestep   3.64E-04       1,       1 x  3.26E-04 y  3.26E-04
 Wall clock    50.705683946609497     
 Average time per cell    5.9699640093449604E-009
 Step time per cell       6.0645510934086312E-009
 Step      37 time   0.0128221 control    sound    timestep   3.64E-04       1,       1 x  3.26E-04 y  3.26E-04
 Wall clock    52.018063783645630     
 Average time per cell    5.9589539242816768E-009
 Step time per cell       5.5621633994936319E-009
 Step      38 time   0.0131864 control    sound    timestep   3.64E-04       1,       1 x  3.26E-04 y  3.26E-04
 Wall clock    53.425149917602539     
 Average time per cell    5.9590869387802365E-009
 Step time per cell       5.9634526729092209E-009
 Step      39 time   0.0135508 control    sound    timestep   3.64E-04       1,       1 x  3.26E-04 y  3.26E-04
 Wall clock    54.830626010894775     
 Average time per cell    5.9590381514606069E-009
 Step time per cell       5.9566799690300185E-009
 Step      40 time   0.0139152 control    sound    timestep   3.64E-04       1,       1 x  3.26E-04 y  3.26E-04
 Wall clock    56.288839817047119     
 Average time per cell    5.9645800926470353E-009
 Step time per cell       6.1801953658383961E-009
 Step      41 time   0.0142797 control    sound    timestep   3.64E-04       1,       1 x  3.26E-04 y  3.26E-04
 Wall clock    57.603222846984863     
 Average time per cell    5.9549825660048964E-009
 Step time per cell       5.5708733270876108E-009
 Step      42 time   0.0146441 control    sound    timestep   3.64E-04       1,       1 x  3.26E-04 y  3.26E-04
 Wall clock    59.135985851287842     
 Average time per cell    5.9678805165858837E-009
 Step time per cell       6.4961538252343110E-009
 Step      43 time   0.0150085 control    sound    timestep   3.64E-04       1,       1 x  3.26E-04 y  3.26E-04
 Wall clock    60.498772859573364     
 Average time per cell    5.9634238604930868E-009
 Step time per cell       5.7756672807348268E-009
 Step      44 time   0.0153730 control    sound    timestep   3.64E-04       1,       1 x  3.26E-04 y  3.26E-04
 Wall clock    61.856730937957764     
 Average time per cell    5.9587046052911319E-009
 Step time per cell       5.7552885361171021E-009
 Step      45 time   0.0157375 control    sound    timestep   3.65E-04       1,       1 x  3.26E-04 y  3.26E-04
 Wall clock    63.221326828002930     
 Average time per cell    5.9548203106164752E-009
 Step time per cell       5.7834323443886310E-009
 Step      46 time   0.0161020 control    sound    timestep   3.65E-04       1,       1 x  3.26E-04 y  3.26E-04
 Wall clock    64.583168983459473     
 Average time per cell    5.9508511624782647E-009
 Step time per cell       5.7717392741728371E-009
 Step      47 time   0.0164666 control    sound    timestep   3.65E-04       1,       1 x  3.26E-04 y  3.26E-04
 Wall clock    66.044211864471436     
 Average time per cell    5.9559970309635313E-009
 Step time per cell       6.1921895798554441E-009
 Step      48 time   0.0168311 control    sound    timestep   3.65E-04       1,       1 x  3.26E-04 y  3.26E-04
 Wall clock    67.400383949279785     
 Average time per cell    5.9516680637359431E-009
 Step time per cell       5.7477609516354274E-009
 Step      49 time   0.0171958 control    sound    timestep   3.65E-04       1,       1 x  3.26E-04 y  3.26E-04
 Wall clock    68.821841955184937     
 Average time per cell    5.9531630911954617E-009
 Step time per cell       6.0244029656233681E-009
 Step      50 time   0.0175604 control    sound    timestep   3.65E-04       1,       1 x  3.26E-04 y  3.26E-04
 Wall clock    70.256339788436890     
 Average time per cell    5.9557037174171352E-009
 Step time per cell       6.0797750241666415E-009
 Step      51 time   0.0179251 control    sound    timestep   3.65E-04       1,       1 x  3.26E-04 y  3.26E-04
 Wall clock    71.592906951904297     
 Average time per cell    5.9500058036508581E-009
 Step time per cell       5.6648382774761155E-009
 Step      52 time   0.0182899 control    sound    timestep   3.65E-04       1,       1 x  3.26E-04 y  3.26E-04
 Wall clock    73.052924871444702     
 Average time per cell    5.9545895887395011E-009
 Step time per cell       6.1878543217769925E-009
 Step      53 time   0.0186547 control    sound    timestep   3.65E-04       1,       1 x  3.26E-04 y  3.26E-04
 Wall clock    74.463391780853271     
 Average time per cell    5.9550376732826848E-009
 Step time per cell       5.9779015120713865E-009
 Step      54 time   0.0190195 control    sound    timestep   3.65E-04       1,       1 x  3.26E-04 y  3.26E-04
 Wall clock    75.789891958236694     
 Average time per cell    5.9488784694464961E-009
 Step time per cell       5.6219778343802321E-009
 Step      55 time   0.0193844 control    sound    timestep   3.65E-04       1,       1 x  3.26E-04 y  3.26E-04
 Wall clock    77.343603849411011     
 Average time per cell    5.9604532145036647E-009
 Step time per cell       6.5849558773657518E-009
 Step      56 time   0.0197492 control    sound    timestep   3.65E-04       1,       1 x  3.26E-04 y  3.26E-04
 Wall clock    78.847071886062622     
 Average time per cell    5.9678116969504146E-009
 Step time per cell       6.3720027456939632E-009
 Step      57 time   0.0201141 control    sound    timestep   3.65E-04       1,       1 x  3.26E-04 y  3.26E-04
 Wall clock    80.396062850952148     
 Average time per cell    5.9782970979443042E-009
 Step time per cell       6.5649924686618353E-009
 Step      58 time   0.0204789 control    sound    timestep   3.65E-04       1,       1 x  3.26E-04 y  3.26E-04
 Wall clock    81.773885965347290     
 Average time per cell    5.9759122450486757E-009
 Step time per cell       5.8394754079118787E-009
 Step      59 time   0.0208438 control    sound    timestep   3.65E-04       1,       1 x  3.26E-04 y  3.26E-04
 Wall clock    83.086401939392090     
 Average time per cell    5.9689165779438554E-009
 Step time per cell       5.5627020224670154E-009
 Step      60 time   0.0212087 control    sound    timestep   3.65E-04       1,       1 x  3.26E-04 y  3.26E-04
 Wall clock    84.589694976806641     
 Average time per cell    5.9756310764458723E-009
 Step time per cell       6.3712822237802252E-009
 Step      61 time   0.0215736 control    sound    timestep   3.65E-04       1,       1 x  3.26E-04 y  3.26E-04
 Wall clock    85.879228830337524     
 Average time per cell    5.9672724843911149E-009
 Step time per cell       5.4656134630527554E-009
 Step      62 time   0.0219386 control    sound    timestep   3.65E-04       1,       1 x  3.26E-04 y  3.26E-04
 Wall clock    87.323135852813721     
 Average time per cell    5.9697370531098372E-009
 Step time per cell       6.1195795650645673E-009
 Step      63 time   0.0223036 control    sound    timestep   3.65E-04       1,       1 x  3.26E-04 y  3.26E-04
 Wall clock    88.638520956039429     
 Average time per cell    5.9634766052918498E-009
 Step time per cell       5.5748447872853527E-009
 Step      64 time   0.0226686 control    sound    timestep   3.65E-04       1,       1 x  3.26E-04 y  3.26E-04
 Wall clock    90.140426874160767     
 Average time per cell    5.9697645819293636E-009
 Step time per cell       6.3653523183246662E-009
 Step      65 time   0.0230337 control    sound    timestep   3.65E-04       1,       1 x  3.26E-04 y  3.26E-04
 Wall clock    91.501428842544556     
 Average time per cell    5.9666709471185510E-009
 Step time per cell       5.7681740549418872E-009
 Step      66 time   0.0233988 control    sound    timestep   3.65E-04       1,       1 x  3.26E-04 y  3.26E-04
 Wall clock    92.916698932647705     
 Average time per cell    5.9671561843311874E-009
 Step time per cell       5.9981660645765562E-009
 Step      67 time   0.0237639 control    sound    timestep   3.65E-04       1,       1 x  3.26E-04 y  3.26E-04
 Wall clock    94.255224943161011     
 Average time per cell    5.9627719545861626E-009
 Step time per cell       5.6730014976993620E-009
 Step      68 time   0.0241291 control    sound    timestep   3.65E-04       1,       1 x  3.26E-04 y  3.26E-04
 Wall clock    95.632025003433228     
 Average time per cell    5.9609023576270973E-009
 Step time per cell       5.8351563186281256E-009
 Step      69 time   0.0244942 control    sound    timestep   3.65E-04       1,       1 x  3.26E-04 y  3.26E-04
 Wall clock    97.065696001052856     
 Average time per cell    5.9625804367343610E-009
 Step time per cell       6.0762027310880111E-009
 Step      70 time   0.0248594 control    sound    timestep   3.65E-04       1,       1 x  3.26E-04 y  3.26E-04
 Wall clock    98.517328977584839     
 Average time per cell    5.9652981820233568E-009
 Step time per cell       6.1524497141363096E-009
 Step      71 time   0.0252246 control    sound    timestep   3.65E-04       1,       1 x  3.26E-04 y  3.26E-04
 Wall clock    99.833141803741455     
 Average time per cell    5.9598311902579879E-009
 Step time per cell       5.5770235323709334E-009
 Step      72 time   0.0255898 control    sound    timestep   3.65E-04       1,       1 x  3.26E-04 y  3.26E-04
 Wall clock    101.24885582923889     
 Average time per cell    5.9603971215965651E-009
 Step time per cell       6.0001032882913327E-009
 Step      73 time   0.0259550 control    sound    timestep   3.65E-04       1,       1 x  3.26E-04 y  3.26E-04
 Wall clock    102.64928984642029     
 Average time per cell    5.9600603545736308E-009
 Step time per cell       5.9353169490350409E-009
 Step      74 time   0.0263202 control    sound    timestep   3.65E-04       1,       1 x  3.26E-04 y  3.26E-04
 Wall clock    104.04890489578247     
 Average time per cell    5.9596857807389952E-009
 Step time per cell       5.9318032678371920E-009
 Step      75 time   0.0266854 control    sound    timestep   3.65E-04       1,       1 x  3.26E-04 y  3.26E-04
 Wall clock    105.41051197052002     
 Average time per cell    5.9571732115862822E-009
 Step time per cell       5.7707721781399517E-009
 Step      76 time   0.0270507 control    sound    timestep   3.65E-04       1,       1 x  3.26E-04 y  3.26E-04
 Wall clock    106.80598282814026     
 Average time per cell    5.9566153603347563E-009
 Step time per cell       5.9142429462452938E-009
 Step      77 time   0.0274160 control    sound    timestep   3.65E-04       1,       1 x  3.26E-04 y  3.26E-04
 Wall clock    108.16716194152832     
 Average time per cell    5.9541843706892446E-009
 Step time per cell       5.7689410621403823E-009
 Step      78 time   0.0277813 control    sound    timestep   3.65E-04       1,       1 x  3.26E-04 y  3.26E-04
 Wall clock    109.59191083908081     
 Average time per cell    5.9552701226846204E-009
 Step time per cell       6.0383606776465764E-009
 Step      79 time   0.0281467 control    sound    timestep   3.65E-04       1,       1 x  3.26E-04 y  3.26E-04
 Wall clock    110.98461890220642     
 Average time per cell    5.9546093143836780E-009
 Step time per cell       5.9026206145063043E-009
 Step      80 time   0.0285121 control    sound    timestep   3.65E-04       1,       1 x  3.26E-04 y  3.26E-04
 Wall clock    112.43849086761475     
 Average time per cell    5.9572056064401596E-009
 Step time per cell       6.1617740559288195E-009
 Step      81 time   0.0288775 control    sound    timestep   3.65E-04       1,       1 x  3.26E-04 y  3.26E-04
 Wall clock    113.75334095954895     
 Average time per cell    5.9524630824979382E-009
 Step time per cell       5.5728317723454288E-009
 Step      82 time   0.0292429 control    sound    timestep   3.65E-04       1,       1 x  3.26E-04 y  3.26E-04
 Wall clock    115.19796681404114     
 Average time per cell    5.9545442955431191E-009
 Step time per cell       6.1226405200108680E-009
 Step      83 time   0.0296084 control    sound    timestep   3.65E-04       1,       1 x  3.26E-04 y  3.26E-04
 Wall clock    116.62327480316162     
 Average time per cell    5.9555888554197272E-009
 Step time per cell       6.0407718491559434E-009
 Step      84 time   0.0299738 control    sound    timestep   3.65E-04       1,       1 x  3.26E-04 y  3.26E-04
 Wall clock    117.96001386642456     
 Average time per cell    5.9521394490653024E-009
 Step time per cell       5.6653465839594395E-009
 Step      85 time   0.0303393 control    sound    timestep   3.65E-04       1,       1 x  3.26E-04 y  3.26E-04
 Wall clock    119.43073892593384     
 Average time per cell    5.9554524602919356E-009
 Step time per cell       6.2332573078391663E-009
 Step      86 time   0.0307048 control    sound    timestep   3.65E-04       1,       1 x  3.26E-04 y  3.26E-04
 Wall clock    120.75783181190491     
 Average time per cell    5.9516094420630140E-009
 Step time per cell       5.6245719153796218E-009
 Step      87 time   0.0310703 control    sound    timestep   3.66E-04       1,       1 x  3.26E-04 y  3.26E-04
 Wall clock    122.29634499549866     
 First step overhead -0.10817813873291016     
real 123.43
user 2885.39
sys 71.97
