
Clover Version    1.000
       MPI Version
   Task Count    192

 Output file clover.out opened. All output will go there.

Clover Version    1.000
       MPI Version
   Task Count    192

 Step       1 time   0.0000000 control    sound    timestep   1.93E-04       1,       1 x  1.63E-04 y  3.26E-04
 Wall clock    1.3455049991607666     
 Average time per cell    2.8514968006574135E-009
 Step time per cell       2.8514968006574135E-009
 Step       2 time   0.0001926 control    sound    timestep   1.62E-04       1,       1 x  1.63E-04 y  3.26E-04
 Wall clock    2.8572690486907959     
 Average time per cell    3.0276712297765901E-009
 Step time per cell       3.2035152091541223E-009
 Step       3 time   0.0003548 control    sound    timestep   1.48E-04       1,       1 x  1.63E-04 y  3.26E-04
 Wall clock    4.3055760860443115     
 Average time per cell    3.0415683930321529E-009
 Step time per cell       3.0690873447585748E-009
 Step       4 time   0.0005028 control    sound    timestep   1.54E-04       1,       1 x  1.63E-04 y  3.26E-04
 Wall clock    5.7217559814453125     
 Average time per cell    3.0314954023601282E-009
 Step time per cell       3.0009672021454511E-009
 Step       5 time   0.0006573 control    sound    timestep   1.68E-04       1,       1 x  1.63E-04 y  3.26E-04
 Wall clock    7.1773591041564941     
 Average time per cell    3.0421613498927198E-009
 Step time per cell       3.0845431966655369E-009
 Step       6 time   0.0008248 control    sound    timestep   1.74E-04       1,       1 x  1.63E-04 y  3.26E-04
 Wall clock    8.6028299331665039     
 Average time per cell    3.0386288724710338E-009
 Step time per cell       3.0206804998063795E-009
 Step       7 time   0.0009990 control    sound    timestep   1.77E-04       1,       1 x  1.63E-04 y  3.26E-04
 Wall clock    10.001161098480225     
 Average time per cell    3.0278890393212407E-009
 Step time per cell       2.9631872975086378E-009
 Step       8 time   0.0011761 control    sound    timestep   1.83E-04       1,       1 x  1.63E-04 y  3.26E-04
 Wall clock    11.444622993469238     
 Average time per cell    3.0317897249511184E-009
 Step time per cell       3.0588509818901204E-009
 Step       9 time   0.0013593 control    sound    timestep   1.82E-04       1,       1 x  1.63E-04 y  3.26E-04
 Wall clock    12.823410034179688     
 Average time per cell    3.0195942711958915E-009
 Step time per cell       2.9217593085680466E-009
 Step      10 time   0.0015413 control    sound    timestep   1.82E-04       1,       1 x  1.63E-04 y  3.26E-04
 Wall clock    14.374099016189575     
 Average time per cell    3.0462686784934096E-009
 Step time per cell       3.2860968228002698E-009
 Step      11 time   0.0017234 control    sound    timestep   1.82E-04       1,       1 x  1.63E-04 y  3.26E-04
 Wall clock    15.763780117034912     
 Average time per cell    3.0370731771902435E-009
 Step time per cell       2.9450226672148952E-009
 Step      12 time   0.0019050 control    sound    timestep   1.81E-04       1,       1 x  1.63E-04 y  3.26E-04
 Wall clock    17.170108079910278     
 Average time per cell    3.0323502010610860E-009
 Step time per cell       2.9801094569847919E-009
 Step      13 time   0.0020863 control    sound    timestep   1.81E-04       1,       1 x  1.63E-04 y  3.26E-04
 Wall clock    18.597474098205566     
 Average time per cell    3.0317834867502792E-009
 Step time per cell       3.0247393725504583E-009
 Step      14 time   0.0022674 control    sound    timestep   1.81E-04       1,       1 x  1.63E-04 y  3.26E-04
 Wall clock    19.990937948226929     
 Average time per cell    3.0261657273166789E-009
 Step time per cell       2.9528660484680180E-009
 Step      15 time   0.0024489 control    sound    timestep   1.82E-04       1,       1 x  1.63E-04 y  3.26E-04
 Wall clock    21.389076948165894     
 Average time per cell    3.0219575314226354E-009
 Step time per cell       2.9628138994060769E-009
 Step      16 time   0.0026306 control    sound    timestep   1.82E-04       1,       1 x  1.63E-04 y  3.26E-04
 Wall clock    22.781816959381104     
 Average time per cell    3.0175602382264010E-009
 Step time per cell       2.9513209180246729E-009
 Step      17 time   0.0028124 control    sound    timestep   1.82E-04       1,       1 x  1.63E-04 y  3.26E-04
 Wall clock    24.201136112213135     
 Average time per cell    3.0169937173947024E-009
 Step time per cell       3.0076727044716890E-009
 Step      18 time   0.0029942 control    sound    timestep   1.82E-04       1,       1 x  1.63E-04 y  3.26E-04
 Wall clock    25.617651939392090     
 Average time per cell    3.0161600865719748E-009
 Step time per cell       3.0017468412148044E-009
 Step      19 time   0.0031760 control    sound    timestep   1.82E-04       1,       1 x  1.63E-04 y  3.26E-04
 Wall clock    27.047235012054443     
 Average time per cell    3.0168717381052878E-009
 Step time per cell       3.0294500498308074E-009
 Step      20 time   0.0033579 control    sound    timestep   1.82E-04       1,       1 x  1.63E-04 y  3.26E-04
 Wall clock    28.552160978317261     
 Average time per cell    3.0254958447686578E-009
 Step time per cell       3.1890976970316841E-009
 Step      21 time   0.0035397 control    sound    timestep   1.82E-04       1,       1 x  1.63E-04 y  3.26E-04
 Wall clock    29.937140941619873     
 Average time per cell    3.0211939071594595E-009
 Step time per cell       2.9350172149457243E-009
 Step      22 time   0.0037216 control    sound    timestep   1.82E-04       1,       1 x  1.63E-04 y  3.26E-04
 Wall clock    31.227583885192871     
 Average time per cell    3.0081762338111253E-009
 Step time per cell       2.7345337609100776E-009
 Step      23 time   0.0039035 control    sound    timestep   1.82E-04       1,       1 x  1.63E-04 y  3.26E-04
 Wall clock    32.719785928726196     
 Average time per cell    3.0148811090373715E-009
 Step time per cell       3.1621508848426554E-009
 Step      24 time   0.0040854 control    sound    timestep   1.82E-04       1,       1 x  1.63E-04 y  3.26E-04
 Wall clock    34.056875944137573     
 Average time per cell    3.0073303597183203E-009
 Step time per cell       2.8334109932378245E-009
 Step      25 time   0.0042673 control    sound    timestep   1.82E-04       1,       1 x  1.63E-04 y  3.26E-04
 Wall clock    35.507292032241821     
 Average time per cell    3.0099904405586941E-009
 Step time per cell       3.0736034912277117E-009
 Step      26 time   0.0044492 control    sound    timestep   1.82E-04       1,       1 x  1.63E-04 y  3.26E-04
 Wall clock    36.938477039337158     
 Average time per cell    3.0108783623570793E-009
 Step time per cell       3.0328222540750480E-009
 Step      27 time   0.0046311 control    sound    timestep   1.82E-04       1,       1 x  1.63E-04 y  3.26E-04
 Wall clock    38.299429893493652     
 Average time per cell    3.0061878701585723E-009
 Step time per cell       2.8839344344709791E-009
 Step      28 time   0.0048130 control    sound    timestep   1.82E-04       1,       1 x  1.63E-04 y  3.26E-04
 Wall clock    39.700572967529297     
 Average time per cell    3.0048743480749960E-009
 Step time per cell       2.9691525722025999E-009
 Step      29 time   0.0049950 control    sound    timestep   1.82E-04       1,       1 x  1.63E-04 y  3.26E-04
 Wall clock    41.078265905380249     
 Average time per cell    3.0019377131392853E-009
 Step time per cell       2.9194577816977268E-009
 Step      30 time   0.0051769 control    sound    timestep   1.82E-04       1,       1 x  1.63E-04 y  3.26E-04
 Wall clock    42.634747982025146     
 Average time per cell    3.0118269731044873E-009
 Step time per cell       3.2983800540225478E-009
 Step      31 time   0.0053588 control    sound    timestep   1.82E-04       1,       1 x  1.63E-04 y  3.26E-04
 Wall clock    43.998095989227295     
 Average time per cell    3.0078748470037928E-009
 Step time per cell       2.8891817136253747E-009
 Step      32 time   0.0055408 control    sound    timestep   1.82E-04       1,       1 x  1.63E-04 y  3.26E-04
 Wall clock    45.401695966720581     
 Average time per cell    3.0068355114407393E-009
 Step time per cell       2.9743574082709124E-009
 Step      33 time   0.0057227 control    sound    timestep   1.82E-04       1,       1 x  1.63E-04 y  3.26E-04
 Wall clock    46.797060966491699     
 Average time per cell    3.0053303115852242E-009
 Step time per cell       2.9569031943942212E-009
 Step      34 time   0.0059047 control    sound    timestep   1.82E-04       1,       1 x  1.63E-04 y  3.26E-04
 Wall clock    48.223464012145996     
 Average time per cell    3.0058483056552111E-009
 Step time per cell       3.0226854303489541E-009
 Step      35 time   0.0060866 control    sound    timestep   1.82E-04       1,       1 x  1.63E-04 y  3.26E-04
 Wall clock    49.610723018646240     
 Average time per cell    3.0039664991255407E-009
 Step time per cell       2.9397243553022335E-009
 Step      36 time   0.0062686 control    sound    timestep   1.82E-04       1,       1 x  1.63E-04 y  3.26E-04
 Wall clock    50.955984115600586     
 Average time per cell    2.9997168714971063E-009
 Step time per cell       2.8507444464291136E-009
 Step      37 time   0.0064506 control    sound    timestep   1.82E-04       1,       1 x  1.63E-04 y  3.26E-04
 Wall clock    52.390615940093994     
 Average time per cell    3.0008159064727643E-009
 Step time per cell       3.0401335809276336E-009
 Step      38 time   0.0066325 control    sound    timestep   1.82E-04       1,       1 x  1.63E-04 y  3.26E-04
 Wall clock    53.764502048492432     
 Average time per cell    2.9984692829250554E-009
 Step time per cell       2.9113981428155157E-009
 Step      39 time   0.0068145 control    sound    timestep   1.82E-04       1,       1 x  1.63E-04 y  3.26E-04
 Wall clock    55.139015913009644     
 Average time per cell    2.9962771115756588E-009
 Step time per cell       2.9127123626595777E-009
 Step      40 time   0.0069965 control    sound    timestep   1.82E-04       1,       1 x  1.63E-04 y  3.26E-04
 Wall clock    56.660635948181152     
 Average time per cell    3.0019885141680585E-009
 Step time per cell       3.2244765356558169E-009
 Step      41 time   0.0071785 control    sound    timestep   1.82E-04       1,       1 x  1.63E-04 y  3.26E-04
 Wall clock    58.021156072616577     
 Average time per cell    2.9990941113633038E-009
 Step time per cell       2.8832159336565785E-009
 Step      42 time   0.0073605 control    sound    timestep   1.82E-04       1,       1 x  1.63E-04 y  3.26E-04
 Wall clock    59.397768020629883     
 Average time per cell    2.9971495139222868E-009
 Step time per cell       2.9171456440558866E-009
 Step      43 time   0.0075424 control    sound    timestep   1.82E-04       1,       1 x  1.63E-04 y  3.26E-04
 Wall clock    60.780334949493408     
 Average time per cell    2.9955888570491488E-009
 Step time per cell       2.9297785254635124E-009
 Step      44 time   0.0077244 control    sound    timestep   1.82E-04       1,       1 x  1.63E-04 y  3.26E-04
 Wall clock    62.195873975753784     
 Average time per cell    2.9956872523796092E-009
 Step time per cell       2.9996509612020521E-009
 Step      45 time   0.0079064 control    sound    timestep   1.82E-04       1,       1 x  1.63E-04 y  3.26E-04
 Wall clock    63.575264930725098     
 Average time per cell    2.9940788801558268E-009
 Step time per cell       2.9230664545644281E-009
 Step      46 time   0.0080884 control    sound    timestep   1.82E-04       1,       1 x  1.63E-04 y  3.26E-04
 Wall clock    64.974553108215332     
 Average time per cell    2.9934571265352096E-009
 Step time per cell       2.9652174917929289E-009
 Step      47 time   0.0082705 control    sound    timestep   1.82E-04       1,       1 x  1.63E-04 y  3.26E-04
 Wall clock    66.293818950653076     
 Average time per cell    2.9892535446677908E-009
 Step time per cell       2.7956240147533307E-009
 Step      48 time   0.0084525 control    sound    timestep   1.82E-04       1,       1 x  1.63E-04 y  3.26E-04
 Wall clock    67.761523962020874     
 Average time per cell    2.9917789371817584E-009
 Step time per cell       3.1102050949508943E-009
 Step      49 time   0.0086345 control    sound    timestep   1.82E-04       1,       1 x  1.63E-04 y  3.26E-04
 Wall clock    69.128891944885254     
 Average time per cell    2.9898616221977308E-009
 Step time per cell       2.8975611914777092E-009
 Step      50 time   0.0088165 control    sound    timestep   1.82E-04       1,       1 x  1.63E-04 y  3.26E-04
 Wall clock    70.660007953643799     
 Average time per cell    2.9949615458867305E-009
 Step time per cell       3.2446011270318799E-009
 Step      51 time   0.0089986 control    sound    timestep   1.82E-04       1,       1 x  1.63E-04 y  3.26E-04
 Wall clock    71.990499973297119     
 Average time per cell    2.9915246557637600E-009
 Step time per cell       2.8196144638867637E-009
 Step      52 time   0.0091806 control    sound    timestep   1.82E-04       1,       1 x  1.63E-04 y  3.26E-04
 Wall clock    73.391849994659424     
 Average time per cell    2.9911077937370456E-009
 Step time per cell       2.9695679081164094E-009
 Step      53 time   0.0093626 control    sound    timestep   1.82E-04       1,       1 x  1.63E-04 y  3.26E-04
 Wall clock    74.866965055465698     
 Average time per cell    2.9936562566323629E-009
 Step time per cell       3.1259368269173946E-009
 Step      54 time   0.0095447 control    sound    timestep   1.82E-04       1,       1 x  1.63E-04 y  3.26E-04
 Wall clock    76.220422029495239     
 Average time per cell    2.9913357561800310E-009
 Step time per cell       2.8681056897362902E-009
 Step      55 time   0.0097267 control    sound    timestep   1.82E-04       1,       1 x  1.63E-04 y  3.26E-04
 Wall clock    77.556786060333252     
 Average time per cell    2.9884410072223877E-009
 Step time per cell       2.8318830421388461E-009
 Step      56 time   0.0099087 control    sound    timestep   1.82E-04       1,       1 x  1.63E-04 y  3.26E-04
 Wall clock    78.957279920578003     
 Average time per cell    2.9880765854584982E-009
 Step time per cell       2.9677494239876976E-009
 Step      57 time   0.0100908 control    sound    timestep   1.82E-04       1,       1 x  1.63E-04 y  3.26E-04
 Wall clock    80.401849985122681     
 Average time per cell    2.9893637162713346E-009
 Step time per cell       3.0611929307471859E-009
 Step      58 time   0.0102728 control    sound    timestep   1.82E-04       1,       1 x  1.63E-04 y  3.26E-04
 Wall clock    81.742682933807373     
 Average time per cell    2.9868159872839690E-009
 Step time per cell       2.8413261235174204E-009
 Step      59 time   0.0104549 control    sound    timestep   1.82E-04       1,       1 x  1.63E-04 y  3.26E-04
 Wall clock    83.150223016738892     
 Average time per cell    2.9867507380231900E-009
 Step time per cell       2.9827096012821939E-009
 Step      60 time   0.0106370 control    sound    timestep   1.82E-04       1,       1 x  1.63E-04 y  3.26E-04
 Wall clock    84.718363046646118     
 Average time per cell    2.9923602579839538E-009
 Step time per cell       3.3230677824273394E-009
 Step      61 time   0.0108190 control    sound    timestep   1.82E-04       1,       1 x  1.63E-04 y  3.26E-04
 Wall clock    86.060401916503906     
 Average time per cell    2.9899305999041525E-009
 Step time per cell       2.8440879557618043E-009
 Step      62 time   0.0110011 control    sound    timestep   1.82E-04       1,       1 x  1.63E-04 y  3.26E-04
 Wall clock    87.418988943099976     
 Average time per cell    2.9881449649188673E-009
 Step time per cell       2.8789665722999619E-009
 Step      63 time   0.0111832 control    sound    timestep   1.82E-04       1,       1 x  1.63E-04 y  3.26E-04
 Wall clock    88.819027900695801     
 Average time per cell    2.9878104309369916E-009
 Step time per cell       2.9668020336733510E-009
 Step      64 time   0.0113653 control    sound    timestep   1.82E-04       1,       1 x  1.63E-04 y  3.26E-04
 Wall clock    90.252701044082642     
 Average time per cell    2.9886001031955958E-009
 Step time per cell       3.0381180396135377E-009
 Step      65 time   0.0115474 control    sound    timestep   1.82E-04       1,       1 x  1.63E-04 y  3.26E-04
 Wall clock    91.621164083480835     
 Average time per cell    2.9872393513045626E-009
 Step time per cell       2.8998738343943843E-009
 Step      66 time   0.0117295 control    sound    timestep   1.82E-04       1,       1 x  1.63E-04 y  3.26E-04
 Wall clock    92.961496114730835     
 Average time per cell    2.9850165407177843E-009
 Step time per cell       2.8403095105507722E-009
 Step      67 time   0.0119116 control    sound    timestep   1.82E-04       1,       1 x  1.63E-04 y  3.26E-04
 Wall clock    94.389143943786621     
 Average time per cell    2.9856219677201274E-009
 Step time per cell       3.0252941643185395E-009
 Step      68 time   0.0120937 control    sound    timestep   1.82E-04       1,       1 x  1.63E-04 y  3.26E-04
 Wall clock    95.763535976409912     
 Average time per cell    2.9845498270898056E-009
 Step time per cell       2.9124511355702352E-009
 Step      69 time   0.0122759 control    sound    timestep   1.82E-04       1,       1 x  1.63E-04 y  3.26E-04
 Wall clock    97.151444911956787     
 Average time per cell    2.9839239231655344E-009
 Step time per cell       2.9410951659277393E-009
 Step      70 time   0.0124580 control    sound    timestep   1.82E-04       1,       1 x  1.63E-04 y  3.26E-04
 Wall clock    98.654687881469727     
 Average time per cell    2.9868076833534158E-009
 Step time per cell       3.1855304567013971E-009
 Step      71 time   0.0126401 control    sound    timestep   1.82E-04       1,       1 x  1.63E-04 y  3.26E-04
 Wall clock    99.942744970321655     
 Average time per cell    2.9831871358164534E-009
 Step time per cell       2.7296912068979711E-009
 Step      72 time   0.0128222 control    sound    timestep   1.82E-04       1,       1 x  1.63E-04 y  3.26E-04
 Wall clock    101.38448309898376     
 Average time per cell    2.9841906670871713E-009
 Step time per cell       3.0551740969207862E-009
 Step      73 time   0.0130043 control    sound    timestep   1.82E-04       1,       1 x  1.63E-04 y  3.26E-04
 Wall clock    102.80741906166077     
 Average time per cell    2.9846208552548007E-009
 Step time per cell       3.0153296393109484E-009
 Step      74 time   0.0131865 control    sound    timestep   1.82E-04       1,       1 x  1.63E-04 y  3.26E-04
 Wall clock    104.20130300521851     
 Average time per cell    2.9842073997640326E-009
 Step time per cell       2.9537795853684658E-009
 Step      75 time   0.0133686 control    sound    timestep   1.82E-04       1,       1 x  1.63E-04 y  3.26E-04
 Wall clock    105.58693909645081     
 Average time per cell    2.9835719100514394E-009
 Step time per cell       2.9362829284056918E-009
 Step      76 time   0.0135508 control    sound    timestep   1.82E-04       1,       1 x  1.63E-04 y  3.26E-04
 Wall clock    106.95150804519653     
 Average time per cell    2.9823656819772033E-009
 Step time per cell       2.8916424020685050E-009
 Step      77 time   0.0137329 control    sound    timestep   1.82E-04       1,       1 x  1.63E-04 y  3.26E-04
 Wall clock    108.32333207130432     
 Average time per cell    2.9813904664920164E-009
 Step time per cell       2.9070219574754851E-009
 Step      78 time   0.0139151 control    sound    timestep   1.82E-04       1,       1 x  1.63E-04 y  3.26E-04
 Wall clock    109.69431400299072     
 Average time per cell    2.9804173766511314E-009
 Step time per cell       2.9052353056613357E-009
 Step      79 time   0.0140973 control    sound    timestep   1.82E-04       1,       1 x  1.63E-04 y  3.26E-04
 Wall clock    111.09160900115967     
 Average time per cell    2.9801748037314026E-009
 Step time per cell       2.9609954152773652E-009
 Step      80 time   0.0142795 control    sound    timestep   1.82E-04       1,       1 x  1.63E-04 y  3.26E-04
 Wall clock    112.59194993972778     
 Average time per cell    2.9826680803226837E-009
 Step time per cell       3.1793802514180749E-009
 Step      81 time   0.0144617 control    sound    timestep   1.82E-04       1,       1 x  1.63E-04 y  3.26E-04
 Wall clock    113.93493795394897     
 Average time per cell    2.9809828276548914E-009
 Step time per cell       2.8460650961884919E-009
 Step      82 time   0.0146438 control    sound    timestep   1.82E-04       1,       1 x  1.63E-04 y  3.26E-04
 Wall clock    115.38545393943787     
 Average time per cell    2.9821177211088958E-009
 Step time per cell       3.0737853901680661E-009
 Step      83 time   0.0148260 control    sound    timestep   1.82E-04       1,       1 x  1.63E-04 y  3.26E-04
 Wall clock    116.76890110969543     
 Average time per cell    2.9815127695662063E-009
 Step time per cell       2.9316480423504902E-009
 Step      84 time   0.0150082 control    sound    timestep   1.82E-04       1,       1 x  1.63E-04 y  3.26E-04
 Wall clock    118.15085196495056     
 Average time per cell    2.9808844703833403E-009
 Step time per cell       2.9284814849638172E-009
 Step      85 time   0.0151904 control    sound    timestep   1.82E-04       1,       1 x  1.63E-04 y  3.26E-04
 Wall clock    119.59319496154785     
 Average time per cell    2.9817766915501575E-009
 Step time per cell       3.0564964011621971E-009
 Step      86 time   0.0153726 control    sound    timestep   1.82E-04       1,       1 x  1.63E-04 y  3.26E-04
 Wall clock    120.95137095451355     
 Average time per cell    2.9805740571949475E-009
 Step time per cell       2.8780894151875854E-009
 Step      87 time   0.0155548 control    sound    timestep   1.82E-04       1,       1 x  1.63E-04 y  3.26E-04
 Wall clock    122.47271108627319     
 First step overhead -0.16610312461853027     
real 123.69
user 2889.65
sys 74.35
