Mon Dec 28 11:57:06 2015: Starting Initialization


Mini-Application Name    : CoMD-mpi
Mini-Application Version : 1.1
Platform:
  hostname: test-c16595bc-1016-4b8b-bbe3-01bc27f9c84c.novalocal
  kernel name: 'Linux'
  kernel release: '3.10.0-229.4.2.el7.x86_64'
  processor: 'x86_64'
Build:
  CC: '/usr/lib64/mpich/bin/mpicc'
  compiler version: 'cc (GCC) 4.8.3 20140911 (Red Hat 4.8.3-9)'
  CFLAGS: '-std=c99 -DDOUBLE -DDO_MPI -g -O5   '
  LDFLAGS: ' -lm '
  using MPI: true
  Threading: none
  Double Precision: true
Run Date/Time: 2015-12-28, 11:57:06

Command Line Parameters:
  doeam: 0
  potDir: pots
  potName: Cu_u6.eam
  potType: funcfl
  nx: 576
  ny: 288
  nz: 288
  xproc: 8
  yproc: 8
  zproc: 6
  Lattice constant: -1 Angstroms
  nSteps: 100
  printRate: 10
  Time step: 1 fs
  Initial Temperature: 600 K
  Initial Delta: 0 Angstroms

Simulation data: 
  Total atoms        : 191102976
  Min global bounds  : [   0.0000000000,   0.0000000000,   0.0000000000 ]
  Max global bounds  : [ 2082.2400000000, 1041.1200000000, 1041.1200000000 ]

Decomposition data: 
  Processors         :      8,     8,     6
  Local boxes        :     44,    22,    29 =    28072
  Box size           : [   5.9154545455,   5.9154545455,   5.9834482759 ]
  Box factor         : [   1.0221087768,   1.0221087768,   1.0338571535 ] 
  Max Link Cell Occupancy: 32 of 64

Potential data: 
  Potential type   : Lennard-Jones
  Species name     : Cu
  Atomic number    : 29
  Mass             : 63.55 amu
  Lattice Type     : FCC
  Lattice spacing  : 3.615 Angstroms
  Cutoff           : 5.7875 Angstroms
  Epsilon          : 0.167 eV
  Sigma            : 2.315 Angstroms

Memory data: 
  Intrinsic atom footprint =   88 B/atom 
  Total atom footprint     = -346.000 MB ( 41.77 MB/node)
  Link cell atom footprint = 150.777 MB/node
  Link cell atom footprint = 183.820 MB/node (including halo cell data


Initial energy : -1.166063303635, atom count : 191102976 

Mon Dec 28 11:57:09 2015: Initialization Finished

Mon Dec 28 11:57:09 2015: Starting simulation

#                                                                                         Performance
#  Loop   Time(fs)       Total Energy   Potential Energy     Kinetic Energy  Temperature   (us/atom)     # Atoms
      0       0.00    -1.166063303635    -1.243619295235     0.077555991600     600.0000     0.0000    191102976
     10      10.00    -1.166059650602    -1.233154651512     0.067095000910     519.0702     3.3372    191102976
     20      20.00    -1.166048429207    -1.208173529549     0.042125100342     325.8944     3.6838    191102976
     30      30.00    -1.166037579478    -1.186579219108     0.020541639630     158.9172     3.3252    191102976
     40      40.00    -1.166042096597    -1.183632459803     0.017590363206     136.0851     3.4345    191102976
     50      50.00    -1.166051690423    -1.193726530690     0.027674840267     214.1021     3.3106    191102976
     60      60.00    -1.166054644204    -1.202665951990     0.036611307786     283.2378     3.3717    191102976
     70      70.00    -1.166052132921    -1.204903766985     0.038851634064     300.5697     3.2798    191102976
     80      80.00    -1.166048794316    -1.203624406040     0.037575611724     290.6979     3.5388    191102976
     90      90.00    -1.166048004903    -1.203815558312     0.037767553409     292.1829     3.4436    191102976
    100     100.00    -1.166049792314    -1.206862591607     0.040812799293     315.7419     3.2395    191102976
Mon Dec 28 11:59:58 2015: Ending simulation



Simulation Validation:
  Initial energy  : -1.166063303635
  Final energy    : -1.166049792314
  eFinal/eInitial : 0.999988
  Final atom count : 191102976, no atoms lost


Timings for Rank 0
        Timer        # Calls    Avg/Call (s)   Total (s)    % Loop
___________________________________________________________________
total                      1     171.8523      171.8523      101.66
loop                       1     169.0458      169.0458      100.00
timestep                  10      16.9031      169.0308       99.99
  position               100       0.0106        1.0568        0.63
  velocity               200       0.0095        1.8916        1.12
  redistribute           101       0.3707       37.4419       22.15
    atomHalo             101       0.3312       33.4501       19.79
  force                  101       1.2507      126.3229       74.73
commHalo                 303       0.1045       31.6638       18.73
commReduce                39       0.1180        4.6039        2.72

Timing Statistics Across 384 Ranks:
        Timer        Rank: Min(s)       Rank: Max(s)      Avg(s)    Stdev(s)
_____________________________________________________________________________
total               15:  171.8125     342:  171.8775    171.8596      0.0169
loop                11:  169.0457     184:  169.0459    169.0458      0.0001
timestep            74:  169.0198     351:  169.0371    169.0310      0.0013
  position         152:    0.9178     355:    1.3212      1.1282      0.0777
  velocity         280:    1.4314     179:    2.3471      1.9442      0.1596
  redistribute     118:   32.4923     120:   38.1928     36.2956      0.8439
    atomHalo       118:   28.7871     248:   34.6132     32.5263      0.9063
  force            280:  125.7318     118:  130.7306    126.3439      0.6521
commHalo           118:   27.3337     120:   33.2122     31.0545      0.9626
commReduce          74:    4.1127     227:    6.7275      5.5903      0.5245

---------------------------------------------------
 Average atom update rate:       3.40 us/atom/task
---------------------------------------------------


---------------------------------------------------
 Average all atom update rate:   0.01 us/atom
---------------------------------------------------


---------------------------------------------------
 Average atom rate:            113.06 atoms/us
---------------------------------------------------

Mon Dec 28 11:59:58 2015: CoMD Ending

real 172.20
user 3978.37
sys 144.71
