Mon Dec 28 11:54:11 2015: Starting Initialization


Mini-Application Name    : CoMD-mpi
Mini-Application Version : 1.1
Platform:
  hostname: test-c16595bc-1016-4b8b-bbe3-01bc27f9c84c.novalocal
  kernel name: 'Linux'
  kernel release: '3.10.0-229.4.2.el7.x86_64'
  processor: 'x86_64'
Build:
  CC: '/usr/lib64/mpich/bin/mpicc'
  compiler version: 'cc (GCC) 4.8.3 20140911 (Red Hat 4.8.3-9)'
  CFLAGS: '-std=c99 -DDOUBLE -DDO_MPI -g -O5   '
  LDFLAGS: ' -lm '
  using MPI: true
  Threading: none
  Double Precision: true
Run Date/Time: 2015-12-28, 11:54:11

Command Line Parameters:
  doeam: 0
  potDir: pots
  potName: Cu_u6.eam
  potType: funcfl
  nx: 576
  ny: 288
  nz: 288
  xproc: 8
  yproc: 8
  zproc: 6
  Lattice constant: -1 Angstroms
  nSteps: 100
  printRate: 10
  Time step: 1 fs
  Initial Temperature: 600 K
  Initial Delta: 0 Angstroms

Simulation data: 
  Total atoms        : 191102976
  Min global bounds  : [   0.0000000000,   0.0000000000,   0.0000000000 ]
  Max global bounds  : [ 2082.2400000000, 1041.1200000000, 1041.1200000000 ]

Decomposition data: 
  Processors         :      8,     8,     6
  Local boxes        :     44,    22,    29 =    28072
  Box size           : [   5.9154545455,   5.9154545455,   5.9834482759 ]
  Box factor         : [   1.0221087768,   1.0221087768,   1.0338571535 ] 
  Max Link Cell Occupancy: 32 of 64

Potential data: 
  Potential type   : Lennard-Jones
  Species name     : Cu
  Atomic number    : 29
  Mass             : 63.55 amu
  Lattice Type     : FCC
  Lattice spacing  : 3.615 Angstroms
  Cutoff           : 5.7875 Angstroms
  Epsilon          : 0.167 eV
  Sigma            : 2.315 Angstroms

Memory data: 
  Intrinsic atom footprint =   88 B/atom 
  Total atom footprint     = -346.000 MB ( 41.77 MB/node)
  Link cell atom footprint = 150.777 MB/node
  Link cell atom footprint = 183.820 MB/node (including halo cell data


Initial energy : -1.166063303635, atom count : 191102976 

Mon Dec 28 11:54:13 2015: Initialization Finished

Mon Dec 28 11:54:13 2015: Starting simulation

#                                                                                         Performance
#  Loop   Time(fs)       Total Energy   Potential Energy     Kinetic Energy  Temperature   (us/atom)     # Atoms
      0       0.00    -1.166063303635    -1.243619295235     0.077555991600     600.0000     0.0000    191102976
     10      10.00    -1.166059650602    -1.233154651512     0.067095000910     519.0702     3.5579    191102976
     20      20.00    -1.166048429207    -1.208173529549     0.042125100342     325.8944     3.4040    191102976
     30      30.00    -1.166037579478    -1.186579219108     0.020541639630     158.9172     3.4104    191102976
     40      40.00    -1.166042096597    -1.183632459803     0.017590363206     136.0851     3.6924    191102976
     50      50.00    -1.166051690423    -1.193726530690     0.027674840267     214.1021     3.5024    191102976
     60      60.00    -1.166054644204    -1.202665951990     0.036611307786     283.2378     3.4632    191102976
     70      70.00    -1.166052132921    -1.204903766985     0.038851634064     300.5697     3.4285    191102976
     80      80.00    -1.166048794316    -1.203624406040     0.037575611724     290.6979     3.2675    191102976
     90      90.00    -1.166048004903    -1.203815558312     0.037767553409     292.1829     3.5676    191102976
    100     100.00    -1.166049792314    -1.206862591607     0.040812799293     315.7419     3.3303    191102976
Mon Dec 28 11:57:06 2015: Ending simulation



Simulation Validation:
  Initial energy  : -1.166063303635
  Final energy    : -1.166049792314
  eFinal/eInitial : 0.999988
  Final atom count : 191102976, no atoms lost


Timings for Rank 0
        Timer        # Calls    Avg/Call (s)   Total (s)    % Loop
___________________________________________________________________
total                      1     175.1645      175.1645      101.65
loop                       1     172.3236      172.3236      100.00
timestep                  10      17.2312      172.3118       99.99
  position               100       0.0116        1.1566        0.67
  velocity               200       0.0106        2.1181        1.23
  redistribute           101       0.4062       41.0229       23.81
    atomHalo             101       0.3636       36.7253       21.31
  force                  101       1.2537      126.6287       73.48
commHalo                 303       0.1149       34.8171       20.20
commReduce                39       0.0949        3.7025        2.15

Timing Statistics Across 384 Ranks:
        Timer        Rank: Min(s)       Rank: Max(s)      Avg(s)    Stdev(s)
_____________________________________________________________________________
total              294:  175.1136     257:  175.1786    175.1663      0.0170
loop                 2:  172.3236     125:  172.3238    172.3237      0.0000
timestep           156:  172.2901     180:  172.3188    172.3122      0.0018
  position          12:    0.9671      33:    1.3051      1.1241      0.0643
  velocity         184:    1.5591     263:    2.2455      1.9249      0.1291
  redistribute      23:   35.6895     253:   42.1613     40.8243      0.8637
    atomHalo        23:   31.8833     253:   38.5599     37.0895      0.9211
  force            142:  125.7381      23:  132.2198    126.3978      0.8074
commHalo            23:   30.4183     253:   37.2091     35.6353      0.9669
commReduce         261:    3.1403      10:    5.3286      4.3694      0.4345

---------------------------------------------------
 Average atom update rate:       3.46 us/atom/task
---------------------------------------------------


---------------------------------------------------
 Average all atom update rate:   0.01 us/atom
---------------------------------------------------


---------------------------------------------------
 Average atom rate:            110.91 atoms/us
---------------------------------------------------

Mon Dec 28 11:57:06 2015: CoMD Ending

real 175.50
user 4055.29
sys 148.85
