Mon Dec 28 10:29:13 2015: Starting Initialization


Mini-Application Name    : CoMD-mpi
Mini-Application Version : 1.1
Platform:
  hostname: test-c16595bc-1016-4b8b-bbe3-01bc27f9c84c.novalocal
  kernel name: 'Linux'
  kernel release: '3.10.0-229.4.2.el7.x86_64'
  processor: 'x86_64'
Build:
  CC: '/usr/lib64/mpich/bin/mpicc'
  compiler version: 'cc (GCC) 4.8.3 20140911 (Red Hat 4.8.3-9)'
  CFLAGS: '-std=c99 -DDOUBLE -DDO_MPI -g -O5   '
  LDFLAGS: ' -lm '
  using MPI: true
  Threading: none
  Double Precision: true
Run Date/Time: 2015-12-28, 10:29:13

Command Line Parameters:
  doeam: 0
  potDir: pots
  potName: Cu_u6.eam
  potType: funcfl
  nx: 144
  ny: 144
  nz: 144
  xproc: 2
  yproc: 4
  zproc: 3
  Lattice constant: -1 Angstroms
  nSteps: 100
  printRate: 10
  Time step: 1 fs
  Initial Temperature: 600 K
  Initial Delta: 0 Angstroms

Simulation data: 
  Total atoms        : 11943936
  Min global bounds  : [   0.0000000000,   0.0000000000,   0.0000000000 ]
  Max global bounds  : [ 520.5600000000, 520.5600000000, 520.5600000000 ]

Decomposition data: 
  Processors         :      2,     4,     3
  Local boxes        :     44,    22,    29 =    28072
  Box size           : [   5.9154545455,   5.9154545455,   5.9834482759 ]
  Box factor         : [   1.0221087768,   1.0221087768,   1.0338571535 ] 
  Max Link Cell Occupancy: 32 of 64

Potential data: 
  Potential type   : Lennard-Jones
  Species name     : Cu
  Atomic number    : 29
  Mass             : 63.55 amu
  Lattice Type     : FCC
  Lattice spacing  : 3.615 Angstroms
  Cutoff           : 5.7875 Angstroms
  Epsilon          : 0.167 eV
  Sigma            : 2.315 Angstroms

Memory data: 
  Intrinsic atom footprint =   88 B/atom 
  Total atom footprint     = 1002.375 MB ( 41.77 MB/node)
  Link cell atom footprint = 150.777 MB/node
  Link cell atom footprint = 183.820 MB/node (including halo cell data


Initial energy : -1.166063303635, atom count : 11943936 

Mon Dec 28 10:29:15 2015: Initialization Finished

Mon Dec 28 10:29:15 2015: Starting simulation

#                                                                                         Performance
#  Loop   Time(fs)       Total Energy   Potential Energy     Kinetic Energy  Temperature   (us/atom)     # Atoms
      0       0.00    -1.166063303635    -1.243619295235     0.077555991600     600.0000     0.0000     11943936
     10      10.00    -1.166059649406    -1.233156263032     0.067096613625     519.0826     2.7736     11943936
     20      20.00    -1.166048433442    -1.208179712497     0.042131279055     325.9422     2.7647     11943936
     30      30.00    -1.166037586894    -1.186585625849     0.020548038955     158.9667     2.7635     11943936
     40      40.00    -1.166042094066    -1.183631409992     0.017589315927     136.0770     2.7580     11943936
     50      50.00    -1.166051685471    -1.193722569562     0.027670884091     214.0715     2.7473     11943936
     60      60.00    -1.166054642785    -1.202668589764     0.036613946979     283.2582     2.7453     11943936
     70      70.00    -1.166052136306    -1.204917000628     0.038864864322     300.6720     2.7446     11943936
     80      80.00    -1.166048799577    -1.203645039062     0.037596239485     290.8575     2.7479     11943936
     90      90.00    -1.166048009737    -1.203836257034     0.037788247298     292.3430     2.7437     11943936
    100     100.00    -1.166049794039    -1.206876626326     0.040826832287     315.8505     2.7494     11943936
Mon Dec 28 10:31:32 2015: Ending simulation



Simulation Validation:
  Initial energy  : -1.166063303635
  Final energy    : -1.166049794039
  eFinal/eInitial : 0.999988
  Final atom count : 11943936, no atoms lost


Timings for Rank 0
        Timer        # Calls    Avg/Call (s)   Total (s)    % Loop
___________________________________________________________________
total                      1     138.9271      138.9271      101.37
loop                       1     137.0472      137.0472      100.00
timestep                  10      13.7046      137.0463      100.00
  position               100       0.0160        1.5997        1.17
  velocity               200       0.0149        2.9723        2.17
  redistribute           101       0.0684        6.9044        5.04
    atomHalo             101       0.0275        2.7775        2.03
  force                  101       1.2548      126.7336       92.47
commHalo                 303       0.0042        1.2727        0.93
commReduce                39       0.0049        0.1894        0.14

Timing Statistics Across 24 Ranks:
        Timer        Rank: Min(s)       Rank: Max(s)      Avg(s)    Stdev(s)
_____________________________________________________________________________
total               11:  138.9141       0:  138.9271    138.9243      0.0049
loop                 0:  137.0472      15:  137.0472    137.0472      0.0000
timestep             0:  137.0463      15:  137.0468    137.0468      0.0001
  position           5:    1.4950      15:    1.6839      1.5964      0.0451
  velocity          13:    2.7509      16:    3.0131      2.9016      0.0804
  redistribute       2:    6.8281       6:    7.1552      6.9529      0.1009
    atomHalo        12:    2.6291       6:    2.9593      2.7980      0.0844
  force             13:  126.6186       5:  126.8842    126.7505      0.0818
commHalo            12:    1.1318       6:    1.4739      1.3028      0.0917
commReduce          12:    0.0752       4:    0.2505      0.1879      0.0422

---------------------------------------------------
 Average atom update rate:       2.75 us/atom/task
---------------------------------------------------


---------------------------------------------------
 Average all atom update rate:   0.11 us/atom
---------------------------------------------------


---------------------------------------------------
 Average atom rate:              8.72 atoms/us
---------------------------------------------------

Mon Dec 28 10:31:32 2015: CoMD Ending

real 139.14
user 3314.56
sys 21.41
