Mon Dec 28 11:15:45 2015: Starting Initialization


Mini-Application Name    : CoMD-mpi
Mini-Application Version : 1.1
Platform:
  hostname: test-c16595bc-1016-4b8b-bbe3-01bc27f9c84c.novalocal
  kernel name: 'Linux'
  kernel release: '3.10.0-229.4.2.el7.x86_64'
  processor: 'x86_64'
Build:
  CC: '/usr/lib64/mpich/bin/mpicc'
  compiler version: 'cc (GCC) 4.8.3 20140911 (Red Hat 4.8.3-9)'
  CFLAGS: '-std=c99 -DDOUBLE -DDO_MPI -g -O5   '
  LDFLAGS: ' -lm '
  using MPI: true
  Threading: none
  Double Precision: true
Run Date/Time: 2015-12-28, 11:15:45

Command Line Parameters:
  doeam: 0
  potDir: pots
  potName: Cu_u6.eam
  potType: funcfl
  nx: 288
  ny: 288
  nz: 144
  xproc: 4
  yproc: 8
  zproc: 3
  Lattice constant: -1 Angstroms
  nSteps: 100
  printRate: 10
  Time step: 1 fs
  Initial Temperature: 600 K
  Initial Delta: 0 Angstroms

Simulation data: 
  Total atoms        : 47775744
  Min global bounds  : [   0.0000000000,   0.0000000000,   0.0000000000 ]
  Max global bounds  : [ 1041.1200000000, 1041.1200000000, 520.5600000000 ]

Decomposition data: 
  Processors         :      4,     8,     3
  Local boxes        :     44,    22,    29 =    28072
  Box size           : [   5.9154545455,   5.9154545455,   5.9834482759 ]
  Box factor         : [   1.0221087768,   1.0221087768,   1.0338571535 ] 
  Max Link Cell Occupancy: 32 of 64

Potential data: 
  Potential type   : Lennard-Jones
  Species name     : Cu
  Atomic number    : 29
  Mass             : 63.55 amu
  Lattice Type     : FCC
  Lattice spacing  : 3.615 Angstroms
  Cutoff           : 5.7875 Angstroms
  Epsilon          : 0.167 eV
  Sigma            : 2.315 Angstroms

Memory data: 
  Intrinsic atom footprint =   88 B/atom 
  Total atom footprint     = -86.500 MB ( 41.77 MB/node)
  Link cell atom footprint = 150.777 MB/node
  Link cell atom footprint = 183.820 MB/node (including halo cell data


Initial energy : -1.166063303635, atom count : 47775744 

Mon Dec 28 11:15:47 2015: Initialization Finished

Mon Dec 28 11:15:47 2015: Starting simulation

#                                                                                         Performance
#  Loop   Time(fs)       Total Energy   Potential Energy     Kinetic Energy  Temperature   (us/atom)     # Atoms
      0       0.00    -1.166063303635    -1.243619295235     0.077555991600     600.0000     0.0000     47775744
     10      10.00    -1.166059648385    -1.233154418541     0.067094770156     519.0684     2.8582     47775744
     20      20.00    -1.166048429555    -1.208172856271     0.042124426716     325.8891     3.0115     47775744
     30      30.00    -1.166037579552    -1.186574421118     0.020536841566     158.8801     3.0228     47775744
     40      40.00    -1.166042088391    -1.183621357039     0.017579268648     135.9993     2.9992     47775744
     50      50.00    -1.166051681932    -1.193717450331     0.027665768399     214.0320     2.9811     47775744
     60      60.00    -1.166054640360    -1.202668818304     0.036614177944     283.2600     2.9134     47775744
     70      70.00    -1.166052133769    -1.204922091127     0.038869957358     300.7114     3.0339     47775744
     80      80.00    -1.166048799604    -1.203654382409     0.037605582805     290.9298     3.0065     47775744
     90      90.00    -1.166048012593    -1.203846535070     0.037798522478     292.4225     2.8469     47775744
    100     100.00    -1.166049797799    -1.206881718934     0.040831921134     315.8899     2.9872     47775744
Mon Dec 28 11:18:15 2015: Ending simulation



Simulation Validation:
  Initial energy  : -1.166063303635
  Final energy    : -1.166049797799
  eFinal/eInitial : 0.999988
  Final atom count : 47775744, no atoms lost


Timings for Rank 0
        Timer        # Calls    Avg/Call (s)   Total (s)    % Loop
___________________________________________________________________
total                      1     149.6171      149.6171      101.36
loop                       1     147.6130      147.6130      100.00
timestep                  10      14.7611      147.6108      100.00
  position               100       0.0132        1.3151        0.89
  velocity               200       0.0115        2.2916        1.55
  redistribute           101       0.1703       17.2029       11.65
    atomHalo             101       0.1319       13.3218        9.02
  force                  101       1.2536      126.6183       85.78
commHalo                 303       0.0393       11.8963        8.06
commReduce                39       0.0433        1.6901        1.14

Timing Statistics Across 96 Ranks:
        Timer        Rank: Min(s)       Rank: Max(s)      Avg(s)    Stdev(s)
_____________________________________________________________________________
total               20:  149.6042      45:  149.6538    149.6362      0.0177
loop                35:  147.6129      76:  147.6131    147.6130      0.0001
timestep             0:  147.6108      61:  147.6119    147.6114      0.0003
  position          62:    1.1549      81:    1.5173      1.3464      0.0555
  velocity           2:    2.1193      89:    2.8003      2.3930      0.1177
  redistribute      62:   15.5287      13:   17.9485     17.1589      0.5136
    atomHalo        89:   11.2451       6:   14.0043     13.1692      0.5588
  force             55:  126.4240      62:  128.8988    126.7964      0.3793
commHalo            89:    9.5341       6:   12.5991     11.7027      0.6001
commReduce          78:    0.6923      31:    2.0910      1.4223      0.4176

---------------------------------------------------
 Average atom update rate:       2.97 us/atom/task
---------------------------------------------------


---------------------------------------------------
 Average all atom update rate:   0.03 us/atom
---------------------------------------------------


---------------------------------------------------
 Average atom rate:             32.37 atoms/us
---------------------------------------------------

Mon Dec 28 11:18:15 2015: CoMD Ending

real 149.94
user 3536.96
sys 55.58
