Mon Dec 28 11:39:55 2015: Starting Initialization


Mini-Application Name    : CoMD-mpi
Mini-Application Version : 1.1
Platform:
  hostname: test-c16595bc-1016-4b8b-bbe3-01bc27f9c84c.novalocal
  kernel name: 'Linux'
  kernel release: '3.10.0-229.4.2.el7.x86_64'
  processor: 'x86_64'
Build:
  CC: '/usr/lib64/mpich/bin/mpicc'
  compiler version: 'cc (GCC) 4.8.3 20140911 (Red Hat 4.8.3-9)'
  CFLAGS: '-std=c99 -DDOUBLE -DDO_MPI -g -O5   '
  LDFLAGS: ' -lm '
  using MPI: true
  Threading: none
  Double Precision: true
Run Date/Time: 2015-12-28, 11:39:55

Command Line Parameters:
  doeam: 0
  potDir: pots
  potName: Cu_u6.eam
  potType: funcfl
  nx: 288
  ny: 288
  nz: 288
  xproc: 4
  yproc: 8
  zproc: 6
  Lattice constant: -1 Angstroms
  nSteps: 100
  printRate: 10
  Time step: 1 fs
  Initial Temperature: 600 K
  Initial Delta: 0 Angstroms

Simulation data: 
  Total atoms        : 95551488
  Min global bounds  : [   0.0000000000,   0.0000000000,   0.0000000000 ]
  Max global bounds  : [ 1041.1200000000, 1041.1200000000, 1041.1200000000 ]

Decomposition data: 
  Processors         :      4,     8,     6
  Local boxes        :     44,    22,    29 =    28072
  Box size           : [   5.9154545455,   5.9154545455,   5.9834482759 ]
  Box factor         : [   1.0221087768,   1.0221087768,   1.0338571535 ] 
  Max Link Cell Occupancy: 32 of 64

Potential data: 
  Potential type   : Lennard-Jones
  Species name     : Cu
  Atomic number    : 29
  Mass             : 63.55 amu
  Lattice Type     : FCC
  Lattice spacing  : 3.615 Angstroms
  Cutoff           : 5.7875 Angstroms
  Epsilon          : 0.167 eV
  Sigma            : 2.315 Angstroms

Memory data: 
  Intrinsic atom footprint =   88 B/atom 
  Total atom footprint     = -173.000 MB ( 41.77 MB/node)
  Link cell atom footprint = 150.777 MB/node
  Link cell atom footprint = 183.820 MB/node (including halo cell data


Initial energy : -1.166063303635, atom count : 95551488 

Mon Dec 28 11:39:57 2015: Initialization Finished

Mon Dec 28 11:39:57 2015: Starting simulation

#                                                                                         Performance
#  Loop   Time(fs)       Total Energy   Potential Energy     Kinetic Energy  Temperature   (us/atom)     # Atoms
      0       0.00    -1.166063303635    -1.243619295235     0.077555991600     600.0000     0.0000     95551488
     10      10.00    -1.166059650944    -1.233155048472     0.067095397528     519.0732     3.3656     95551488
     20      20.00    -1.166048430775    -1.208174729585     0.042126298809     325.9036     3.3514     95551488
     30      30.00    -1.166037581189    -1.186579920198     0.020542339009     158.9226     3.4408     95551488
     40      40.00    -1.166042096032    -1.183631183934     0.017589087902     136.0753     3.3874     95551488
     50      50.00    -1.166051689718    -1.193724708926     0.027673019208     214.0881     3.3797     95551488
     60      60.00    -1.166054644990    -1.202665414756     0.036610769766     283.2336     3.3363     95551488
     70      70.00    -1.166052134677    -1.204904461803     0.038852327126     300.5751     3.2717     95551488
     80      80.00    -1.166048795413    -1.203624981534     0.037576186121     290.7024     3.3435     95551488
     90      90.00    -1.166048005239    -1.203815131967     0.037767126727     292.1796     3.5136     95551488
    100     100.00    -1.166049792301    -1.206861213530     0.040811421230     315.7313     3.3111     95551488
Mon Dec 28 11:42:45 2015: Ending simulation



Simulation Validation:
  Initial energy  : -1.166063303635
  Final energy    : -1.166049792301
  eFinal/eInitial : 0.999988
  Final atom count : 95551488, no atoms lost


Timings for Rank 0
        Timer        # Calls    Avg/Call (s)   Total (s)    % Loop
___________________________________________________________________
total                      1     170.2601      170.2601      101.51
loop                       1     167.7232      167.7232      100.00
timestep                  10      16.7718      167.7183      100.00
  position               100       0.0119        1.1893        0.71
  velocity               200       0.0098        1.9698        1.17
  redistribute           101       0.3437       34.7117       20.70
    atomHalo             101       0.3027       30.5739       18.23
  force                  101       1.2510      126.3514       75.33
commHalo                 303       0.0948       28.7306       17.13
commReduce                39       0.1407        5.4882        3.27

Timing Statistics Across 192 Ranks:
        Timer        Rank: Min(s)       Rank: Max(s)      Avg(s)    Stdev(s)
_____________________________________________________________________________
total              106:  170.1947      17:  170.2651    170.2439      0.0261
loop                 6:  167.7230      56:  167.7232    167.7231      0.0001
timestep           176:  167.7097     120:  167.7218    167.7188      0.0010
  position          57:    1.0083      12:    1.3387      1.1302      0.0564
  velocity          26:    1.6786     110:    2.3456      1.9410      0.1119
  redistribute      46:   32.0118     178:   36.7892     35.6040      0.8179
    atomHalo        46:   28.0385      81:   33.0568     31.8040      0.8573
  force             81:  125.6787      46:  130.5940    126.3747      0.7872
commHalo            46:   26.5399      81:   31.6741     30.3363      0.9140
commReduce          14:    3.3273     162:    5.6688      4.6528      0.5036

---------------------------------------------------
 Average atom update rate:       3.37 us/atom/task
---------------------------------------------------


---------------------------------------------------
 Average all atom update rate:   0.02 us/atom
---------------------------------------------------


---------------------------------------------------
 Average atom rate:             56.97 atoms/us
---------------------------------------------------

Mon Dec 28 11:42:45 2015: CoMD Ending

real 170.54
user 3938.99
sys 136.42
