Mon Dec 28 12:11:38 2015: Starting Initialization


Mini-Application Name    : CoMD-mpi
Mini-Application Version : 1.1
Platform:
  hostname: test-c16595bc-1016-4b8b-bbe3-01bc27f9c84c.novalocal
  kernel name: 'Linux'
  kernel release: '3.10.0-229.4.2.el7.x86_64'
  processor: 'x86_64'
Build:
  CC: '/usr/lib64/mpich/bin/mpicc'
  compiler version: 'cc (GCC) 4.8.3 20140911 (Red Hat 4.8.3-9)'
  CFLAGS: '-std=c99 -DDOUBLE -DDO_MPI -g -O5   '
  LDFLAGS: ' -lm '
  using MPI: true
  Threading: none
  Double Precision: true
Run Date/Time: 2015-12-28, 12:11:38

Command Line Parameters:
  doeam: 0
  potDir: pots
  potName: Cu_u6.eam
  potType: funcfl
  nx: 576
  ny: 288
  nz: 288
  xproc: 8
  yproc: 8
  zproc: 6
  Lattice constant: -1 Angstroms
  nSteps: 100
  printRate: 10
  Time step: 1 fs
  Initial Temperature: 600 K
  Initial Delta: 0 Angstroms

Simulation data: 
  Total atoms        : 191102976
  Min global bounds  : [   0.0000000000,   0.0000000000,   0.0000000000 ]
  Max global bounds  : [ 2082.2400000000, 1041.1200000000, 1041.1200000000 ]

Decomposition data: 
  Processors         :      8,     8,     6
  Local boxes        :     44,    22,    29 =    28072
  Box size           : [   5.9154545455,   5.9154545455,   5.9834482759 ]
  Box factor         : [   1.0221087768,   1.0221087768,   1.0338571535 ] 
  Max Link Cell Occupancy: 32 of 64

Potential data: 
  Potential type   : Lennard-Jones
  Species name     : Cu
  Atomic number    : 29
  Mass             : 63.55 amu
  Lattice Type     : FCC
  Lattice spacing  : 3.615 Angstroms
  Cutoff           : 5.7875 Angstroms
  Epsilon          : 0.167 eV
  Sigma            : 2.315 Angstroms

Memory data: 
  Intrinsic atom footprint =   88 B/atom 
  Total atom footprint     = -346.000 MB ( 41.77 MB/node)
  Link cell atom footprint = 150.777 MB/node
  Link cell atom footprint = 183.820 MB/node (including halo cell data


Initial energy : -1.166063303635, atom count : 191102976 

Mon Dec 28 12:11:40 2015: Initialization Finished

Mon Dec 28 12:11:40 2015: Starting simulation

#                                                                                         Performance
#  Loop   Time(fs)       Total Energy   Potential Energy     Kinetic Energy  Temperature   (us/atom)     # Atoms
      0       0.00    -1.166063303635    -1.243619295235     0.077555991600     600.0000     0.0000    191102976
     10      10.00    -1.166059650602    -1.233154651512     0.067095000910     519.0702     3.5119    191102976
     20      20.00    -1.166048429207    -1.208173529549     0.042125100342     325.8944     3.4538    191102976
     30      30.00    -1.166037579478    -1.186579219108     0.020541639630     158.9172     3.3655    191102976
     40      40.00    -1.166042096597    -1.183632459803     0.017590363206     136.0851     3.7092    191102976
     50      50.00    -1.166051690423    -1.193726530690     0.027674840267     214.1021     3.3837    191102976
     60      60.00    -1.166054644204    -1.202665951990     0.036611307786     283.2378     3.3703    191102976
     70      70.00    -1.166052132921    -1.204903766985     0.038851634064     300.5697     3.5841    191102976
     80      80.00    -1.166048794316    -1.203624406040     0.037575611724     290.6979     3.6105    191102976
     90      90.00    -1.166048004903    -1.203815558312     0.037767553409     292.1829     3.4201    191102976
    100     100.00    -1.166049792314    -1.206862591607     0.040812799293     315.7419     3.6117    191102976
Mon Dec 28 12:14:35 2015: Ending simulation



Simulation Validation:
  Initial energy  : -1.166063303635
  Final energy    : -1.166049792314
  eFinal/eInitial : 0.999988
  Final atom count : 191102976, no atoms lost


Timings for Rank 0
        Timer        # Calls    Avg/Call (s)   Total (s)    % Loop
___________________________________________________________________
total                      1     177.2059      177.2059      101.64
loop                       1     174.3461      174.3461      100.00
timestep                  10      17.4286      174.2856       99.97
  position               100       0.0110        1.1048        0.63
  velocity               200       0.0091        1.8152        1.04
  redistribute           101       0.4088       41.2910       23.68
    atomHalo             101       0.3725       37.6204       21.58
  force                  101       1.2456      125.8078       72.16
commHalo                 303       0.1196       36.2247       20.78
commReduce                39       0.1701        6.6327        3.80

Timing Statistics Across 384 Ranks:
        Timer        Rank: Min(s)       Rank: Max(s)      Avg(s)    Stdev(s)
_____________________________________________________________________________
total                3:  177.1051     240:  177.2538    177.1955      0.0237
loop                12:  174.3461     368:  174.3577    174.3462      0.0008
timestep           178:  174.2746     316:  174.3266    174.2862      0.0026
  position         317:    0.9746     113:    1.3701      1.1260      0.0611
  velocity         343:    1.5254     305:    2.4501      1.9359      0.1354
  redistribute     247:   33.2928     301:   42.0828     40.7673      0.8669
    atomHalo       247:   29.3585     301:   38.4241     37.0105      0.9183
  force             45:  125.7830     247:  135.2003    126.4435      0.8907
commHalo           247:   27.8717     301:   37.0543     35.5505      0.9656
commReduce         194:    4.7645      79:    7.4376      6.3810      0.4048

---------------------------------------------------
 Average atom update rate:       3.50 us/atom/task
---------------------------------------------------


---------------------------------------------------
 Average all atom update rate:   0.01 us/atom
---------------------------------------------------


---------------------------------------------------
 Average atom rate:            109.65 atoms/us
---------------------------------------------------

Mon Dec 28 12:14:35 2015: CoMD Ending

real 177.62
user 4087.98
sys 160.10
