Mon Dec 28 11:51:19 2015: Starting Initialization


Mini-Application Name    : CoMD-mpi
Mini-Application Version : 1.1
Platform:
  hostname: test-c16595bc-1016-4b8b-bbe3-01bc27f9c84c.novalocal
  kernel name: 'Linux'
  kernel release: '3.10.0-229.4.2.el7.x86_64'
  processor: 'x86_64'
Build:
  CC: '/usr/lib64/mpich/bin/mpicc'
  compiler version: 'cc (GCC) 4.8.3 20140911 (Red Hat 4.8.3-9)'
  CFLAGS: '-std=c99 -DDOUBLE -DDO_MPI -g -O5   '
  LDFLAGS: ' -lm '
  using MPI: true
  Threading: none
  Double Precision: true
Run Date/Time: 2015-12-28, 11:51:19

Command Line Parameters:
  doeam: 0
  potDir: pots
  potName: Cu_u6.eam
  potType: funcfl
  nx: 288
  ny: 288
  nz: 288
  xproc: 4
  yproc: 8
  zproc: 6
  Lattice constant: -1 Angstroms
  nSteps: 100
  printRate: 10
  Time step: 1 fs
  Initial Temperature: 600 K
  Initial Delta: 0 Angstroms

Simulation data: 
  Total atoms        : 95551488
  Min global bounds  : [   0.0000000000,   0.0000000000,   0.0000000000 ]
  Max global bounds  : [ 1041.1200000000, 1041.1200000000, 1041.1200000000 ]

Decomposition data: 
  Processors         :      4,     8,     6
  Local boxes        :     44,    22,    29 =    28072
  Box size           : [   5.9154545455,   5.9154545455,   5.9834482759 ]
  Box factor         : [   1.0221087768,   1.0221087768,   1.0338571535 ] 
  Max Link Cell Occupancy: 32 of 64

Potential data: 
  Potential type   : Lennard-Jones
  Species name     : Cu
  Atomic number    : 29
  Mass             : 63.55 amu
  Lattice Type     : FCC
  Lattice spacing  : 3.615 Angstroms
  Cutoff           : 5.7875 Angstroms
  Epsilon          : 0.167 eV
  Sigma            : 2.315 Angstroms

Memory data: 
  Intrinsic atom footprint =   88 B/atom 
  Total atom footprint     = -173.000 MB ( 41.77 MB/node)
  Link cell atom footprint = 150.777 MB/node
  Link cell atom footprint = 183.820 MB/node (including halo cell data


Initial energy : -1.166063303635, atom count : 95551488 

Mon Dec 28 11:51:22 2015: Initialization Finished

Mon Dec 28 11:51:22 2015: Starting simulation

#                                                                                         Performance
#  Loop   Time(fs)       Total Energy   Potential Energy     Kinetic Energy  Temperature   (us/atom)     # Atoms
      0       0.00    -1.166063303635    -1.243619295235     0.077555991600     600.0000     0.0000     95551488
     10      10.00    -1.166059650944    -1.233155048472     0.067095397528     519.0732     3.1733     95551488
     20      20.00    -1.166048430775    -1.208174729585     0.042126298809     325.9036     3.3046     95551488
     30      30.00    -1.166037581189    -1.186579920198     0.020542339009     158.9226     3.8191     95551488
     40      40.00    -1.166042096032    -1.183631183934     0.017589087902     136.0753     3.3637     95551488
     50      50.00    -1.166051689718    -1.193724708926     0.027673019208     214.0881     3.2022     95551488
     60      60.00    -1.166054644990    -1.202665414756     0.036610769766     283.2336     3.3655     95551488
     70      70.00    -1.166052134677    -1.204904461803     0.038852327126     300.5751     3.5136     95551488
     80      80.00    -1.166048795413    -1.203624981534     0.037576186121     290.7024     3.3779     95551488
     90      90.00    -1.166048005239    -1.203815131967     0.037767126727     292.1796     3.3751     95551488
    100     100.00    -1.166049792301    -1.206861213530     0.040811421230     315.7313     3.3784     95551488
Mon Dec 28 11:54:10 2015: Ending simulation



Simulation Validation:
  Initial energy  : -1.166063303635
  Final energy    : -1.166049792301
  eFinal/eInitial : 0.999988
  Final atom count : 95551488, no atoms lost


Timings for Rank 0
        Timer        # Calls    Avg/Call (s)   Total (s)    % Loop
___________________________________________________________________
total                      1     171.1094      171.1094      101.50
loop                       1     168.5769      168.5769      100.00
timestep                  10      16.8575      168.5752      100.00
  position               100       0.0106        1.0617        0.63
  velocity               200       0.0093        1.8524        1.10
  redistribute           101       0.3886       39.2472       23.28
    atomHalo             101       0.3518       35.5340       21.08
  force                  101       1.2512      126.3687       74.96
commHalo                 303       0.1121       33.9628       20.15
commReduce                39       0.0520        2.0278        1.20

Timing Statistics Across 192 Ranks:
        Timer        Rank: Min(s)       Rank: Max(s)      Avg(s)    Stdev(s)
_____________________________________________________________________________
total               83:  171.0938       9:  171.1349    171.1270      0.0122
loop                 6:  168.5768     187:  168.5770    168.5769      0.0000
timestep             6:  168.5749      56:  168.5757    168.5754      0.0002
  position         162:    0.9103     124:    1.3855      1.0641      0.0596
  velocity          16:    1.4021     124:    2.3221      1.8309      0.1410
  redistribute      31:   33.0387      89:   40.1077     38.6688      0.9775
    atomHalo        31:   29.1712      89:   36.6271     35.0372      1.0185
  force            130:  125.5532      31:  133.2333    126.3484      0.9969
commHalo            31:   27.7213      89:   35.2682     33.5868      1.0578
commReduce          31:    1.4601     147:    3.5343      2.6485      0.5916

---------------------------------------------------
 Average atom update rate:       3.39 us/atom/task
---------------------------------------------------


---------------------------------------------------
 Average all atom update rate:   0.02 us/atom
---------------------------------------------------


---------------------------------------------------
 Average atom rate:             56.68 atoms/us
---------------------------------------------------

Mon Dec 28 11:54:10 2015: CoMD Ending

real 171.42
user 3959.52
sys 142.97
