Mon Dec 28 11:31:26 2015: Starting Initialization


Mini-Application Name    : CoMD-mpi
Mini-Application Version : 1.1
Platform:
  hostname: test-c16595bc-1016-4b8b-bbe3-01bc27f9c84c.novalocal
  kernel name: 'Linux'
  kernel release: '3.10.0-229.4.2.el7.x86_64'
  processor: 'x86_64'
Build:
  CC: '/usr/lib64/mpich/bin/mpicc'
  compiler version: 'cc (GCC) 4.8.3 20140911 (Red Hat 4.8.3-9)'
  CFLAGS: '-std=c99 -DDOUBLE -DDO_MPI -g -O5   '
  LDFLAGS: ' -lm '
  using MPI: true
  Threading: none
  Double Precision: true
Run Date/Time: 2015-12-28, 11:31:26

Command Line Parameters:
  doeam: 0
  potDir: pots
  potName: Cu_u6.eam
  potType: funcfl
  nx: 288
  ny: 288
  nz: 288
  xproc: 4
  yproc: 8
  zproc: 6
  Lattice constant: -1 Angstroms
  nSteps: 100
  printRate: 10
  Time step: 1 fs
  Initial Temperature: 600 K
  Initial Delta: 0 Angstroms

Simulation data: 
  Total atoms        : 95551488
  Min global bounds  : [   0.0000000000,   0.0000000000,   0.0000000000 ]
  Max global bounds  : [ 1041.1200000000, 1041.1200000000, 1041.1200000000 ]

Decomposition data: 
  Processors         :      4,     8,     6
  Local boxes        :     44,    22,    29 =    28072
  Box size           : [   5.9154545455,   5.9154545455,   5.9834482759 ]
  Box factor         : [   1.0221087768,   1.0221087768,   1.0338571535 ] 
  Max Link Cell Occupancy: 32 of 64

Potential data: 
  Potential type   : Lennard-Jones
  Species name     : Cu
  Atomic number    : 29
  Mass             : 63.55 amu
  Lattice Type     : FCC
  Lattice spacing  : 3.615 Angstroms
  Cutoff           : 5.7875 Angstroms
  Epsilon          : 0.167 eV
  Sigma            : 2.315 Angstroms

Memory data: 
  Intrinsic atom footprint =   88 B/atom 
  Total atom footprint     = -173.000 MB ( 41.77 MB/node)
  Link cell atom footprint = 150.777 MB/node
  Link cell atom footprint = 183.820 MB/node (including halo cell data


Initial energy : -1.166063303635, atom count : 95551488 

Mon Dec 28 11:31:28 2015: Initialization Finished

Mon Dec 28 11:31:28 2015: Starting simulation

#                                                                                         Performance
#  Loop   Time(fs)       Total Energy   Potential Energy     Kinetic Energy  Temperature   (us/atom)     # Atoms
      0       0.00    -1.166063303635    -1.243619295235     0.077555991600     600.0000     0.0000     95551488
     10      10.00    -1.166059650944    -1.233155048472     0.067095397528     519.0732     3.2922     95551488
     20      20.00    -1.166048430775    -1.208174729585     0.042126298809     325.9036     3.3191     95551488
     30      30.00    -1.166037581189    -1.186579920198     0.020542339009     158.9226     3.2798     95551488
     40      40.00    -1.166042096032    -1.183631183934     0.017589087902     136.0753     3.1309     95551488
     50      50.00    -1.166051689718    -1.193724708926     0.027673019208     214.0881     3.5144     95551488
     60      60.00    -1.166054644990    -1.202665414756     0.036610769766     283.2336     3.2886     95551488
     70      70.00    -1.166052134677    -1.204904461803     0.038852327126     300.5751     3.3235     95551488
     80      80.00    -1.166048795413    -1.203624981534     0.037576186121     290.7024     3.2192     95551488
     90      90.00    -1.166048005239    -1.203815131967     0.037767126727     292.1796     3.7477     95551488
    100     100.00    -1.166049792301    -1.206861213530     0.040811421230     315.7313     3.3706     95551488
Mon Dec 28 11:34:15 2015: Ending simulation



Simulation Validation:
  Initial energy  : -1.166063303635
  Final energy    : -1.166049792301
  eFinal/eInitial : 0.999988
  Final atom count : 95551488, no atoms lost


Timings for Rank 0
        Timer        # Calls    Avg/Call (s)   Total (s)    % Loop
___________________________________________________________________
total                      1     168.9007      168.9007      101.35
loop                       1     166.6499      166.6499      100.00
timestep                  10      16.6648      166.6480      100.00
  position               100       0.0112        1.1182        0.67
  velocity               200       0.0088        1.7613        1.06
  redistribute           101       0.3500       35.3550       21.22
    atomHalo             101       0.3136       31.6692       19.00
  force                  101       1.2461      125.8592       75.52
commHalo                 303       0.0999       30.2630       18.16
commReduce                39       0.1089        4.2457        2.55

Timing Statistics Across 192 Ranks:
        Timer        Rank: Min(s)       Rank: Max(s)      Avg(s)    Stdev(s)
_____________________________________________________________________________
total              118:  168.8426     119:  168.9145    168.8939      0.0197
loop                86:  166.6496     184:  166.6500    166.6498      0.0001
timestep             0:  166.6480     125:  166.6486    166.6484      0.0002
  position          22:    0.9506     171:    1.4309      1.0902      0.0543
  velocity          59:    1.5647     171:    2.3115      1.8769      0.1110
  redistribute     191:   32.0259      59:   36.2959     34.8763      0.7526
    atomHalo       191:   28.2532      59:   32.7543     31.1737      0.8018
  force            169:  125.7276     119:  129.7700    126.3912      0.7855
commHalo           191:   26.7789      59:   31.3820     29.7190      0.8718
commReduce         139:    3.2334      38:    4.6091      4.0988      0.2947

---------------------------------------------------
 Average atom update rate:       3.35 us/atom/task
---------------------------------------------------


---------------------------------------------------
 Average all atom update rate:   0.02 us/atom
---------------------------------------------------


---------------------------------------------------
 Average atom rate:             57.34 atoms/us
---------------------------------------------------

Mon Dec 28 11:34:15 2015: CoMD Ending

real 169.19
user 3904.69
sys 130.88
