      creating/filling mesh...0.0862041s, total time: 0.0862041
generating matrix structure...2.07815s, total time: 2.16435
         assembling FE data...3.35168s, total time: 5.51603
      imposing Dirichlet BC...0.528535s, total time: 6.04457
      imposing Dirichlet BC...0.038841s, total time: 6.08341
making matrix indices local...0.990915s, total time: 7.07432
Starting CG solver ... 
Initial Residual = 656.836
Iteration = 20   Residual = 0.0884182
Iteration = 40   Residual = 0.046202
Iteration = 60   Residual = 0.0765588
Iteration = 80   Residual = 0.0232523
Iteration = 100   Residual = 0.0172792
Iteration = 120   Residual = 0.0140157
Iteration = 140   Residual = 0.0118412
Iteration = 160   Residual = 0.0120409
Iteration = 180   Residual = 0.00881928
Iteration = 200   Residual = 0.00776062
Final Resid Norm: 0.00776062
real 62.86
user 1244.97
sys 251.37
