      creating/filling mesh...0.0692511s, total time: 0.0692511
generating matrix structure...2.01395s, total time: 2.0832
         assembling FE data...3.34267s, total time: 5.42587
      imposing Dirichlet BC...0.528711s, total time: 5.95458
      imposing Dirichlet BC...0.0388532s, total time: 5.99343
making matrix indices local...0.97157s, total time: 6.965
Starting CG solver ... 
Initial Residual = 656.836
Iteration = 20   Residual = 0.0884182
Iteration = 40   Residual = 0.046202
Iteration = 60   Residual = 0.0765588
Iteration = 80   Residual = 0.0232523
Iteration = 100   Residual = 0.0172792
Iteration = 120   Residual = 0.0140157
Iteration = 140   Residual = 0.0118412
Iteration = 160   Residual = 0.0120409
Iteration = 180   Residual = 0.00881928
Iteration = 200   Residual = 0.00776062
Final Resid Norm: 0.00776062
real 63.15
user 1256.44
sys 246.05
