      creating/filling mesh...0.0670688s, total time: 0.0670688
generating matrix structure...1.5486s, total time: 1.61567
         assembling FE data...3.36866s, total time: 4.98433
      imposing Dirichlet BC...0.54763s, total time: 5.53196
      imposing Dirichlet BC...0.0390921s, total time: 5.57105
making matrix indices local...0.88502s, total time: 6.45607
Starting CG solver ... 
Initial Residual = 328.937
Iteration = 20   Residual = 0.0935226
Iteration = 40   Residual = 0.0434758
Iteration = 60   Residual = 0.028646
Iteration = 80   Residual = 0.020005
Iteration = 100   Residual = 0.0153602
Iteration = 120   Residual = 0.0122445
Iteration = 140   Residual = 0.00998511
Iteration = 160   Residual = 0.00891977
Iteration = 180   Residual = 0.00708324
Iteration = 200   Residual = 0.0329312
Final Resid Norm: 0.0329312
real 57.26
user 1210.02
sys 150.06
