      creating/filling mesh...0.0789132s, total time: 0.0789132
generating matrix structure...2.04927s, total time: 2.12818
         assembling FE data...3.38057s, total time: 5.50875
      imposing Dirichlet BC...0.554567s, total time: 6.06332
      imposing Dirichlet BC...0.0390391s, total time: 6.10236
making matrix indices local...1.07506s, total time: 7.17742
Starting CG solver ... 
Initial Residual = 656.837
Iteration = 20   Residual = 0.0955272
Iteration = 40   Residual = 0.0468263
Iteration = 60   Residual = 0.0306024
Iteration = 80   Residual = 0.0224984
Iteration = 100   Residual = 0.0176423
Iteration = 120   Residual = 0.0144097
Iteration = 140   Residual = 0.0121047
Iteration = 160   Residual = 0.0103792
Iteration = 180   Residual = 0.00903973
Iteration = 200   Residual = 0.00797034
Final Resid Norm: 0.00797034
real 80.75
user 1506.36
sys 390.76
