      creating/filling mesh...0.083344s, total time: 0.0833449
generating matrix structure...2.39998s, total time: 2.48332
         assembling FE data...3.38821s, total time: 5.87154
      imposing Dirichlet BC...0.534598s, total time: 6.40614
      imposing Dirichlet BC...0.041887s, total time: 6.44802
making matrix indices local...1.60856s, total time: 8.05658
Starting CG solver ... 
Initial Residual = 928.454
Iteration = 20   Residual = 0.760612
Iteration = 40   Residual = 0.0342417
Iteration = 60   Residual = 0.0221406
Iteration = 80   Residual = 0.0161917
Iteration = 100   Residual = 0.143474
Iteration = 120   Residual = 0.0104745
Iteration = 140   Residual = 0.00874261
Iteration = 160   Residual = 0.00747958
Iteration = 180   Residual = 0.00650307
Iteration = 200   Residual = 0.0057274
Final Resid Norm: 0.0057274
real 69.11
user 1261.06
sys 362.70
