      creating/filling mesh...0.0763509s, total time: 0.0763519
generating matrix structure...1.97182s, total time: 2.04817
         assembling FE data...3.39174s, total time: 5.43991
      imposing Dirichlet BC...0.540832s, total time: 5.98074
      imposing Dirichlet BC...0.039248s, total time: 6.01999
making matrix indices local...1.61373s, total time: 7.63372
Starting CG solver ... 
Initial Residual = 464.73
Iteration = 20   Residual = 0.0662119
Iteration = 40   Residual = 0.0318145
Iteration = 60   Residual = 0.020377
Iteration = 80   Residual = 0.0146777
Iteration = 100   Residual = 0.011273
Iteration = 120   Residual = 0.00905943
Iteration = 140   Residual = 0.00854794
Iteration = 160   Residual = 0.0256261
Iteration = 180   Residual = 0.0539459
Iteration = 200   Residual = 0.016156
Final Resid Norm: 0.016156
real 61.55
user 1242.46
sys 214.96
