      creating/filling mesh...0.071872s, total time: 0.071872
generating matrix structure...2.45907s, total time: 2.53094
         assembling FE data...3.38212s, total time: 5.91306
      imposing Dirichlet BC...0.539176s, total time: 6.45224
      imposing Dirichlet BC...0.040112s, total time: 6.49235
making matrix indices local...1.66265s, total time: 8.155
Starting CG solver ... 
Initial Residual = 928.454
Iteration = 20   Residual = 0.760612
Iteration = 40   Residual = 0.0342417
Iteration = 60   Residual = 0.0221406
Iteration = 80   Residual = 0.0161917
Iteration = 100   Residual = 0.143474
Iteration = 120   Residual = 0.0104745
Iteration = 140   Residual = 0.00874261
Iteration = 160   Residual = 0.00747958
Iteration = 180   Residual = 0.00650307
Iteration = 200   Residual = 0.0057274
Final Resid Norm: 0.0057274
real 69.58
user 1274.32
sys 375.34
