      creating/filling mesh...0.0752299s, total time: 0.0752299
generating matrix structure...2.1299s, total time: 2.20513
         assembling FE data...3.35121s, total time: 5.55635
      imposing Dirichlet BC...0.539618s, total time: 6.09596
      imposing Dirichlet BC...0.0388272s, total time: 6.13479
making matrix indices local...0.982016s, total time: 7.11681
Starting CG solver ... 
Initial Residual = 656.836
Iteration = 20   Residual = 0.0884182
Iteration = 40   Residual = 0.046202
Iteration = 60   Residual = 0.0765588
Iteration = 80   Residual = 0.0232523
Iteration = 100   Residual = 0.0172792
Iteration = 120   Residual = 0.0140157
Iteration = 140   Residual = 0.0118412
Iteration = 160   Residual = 0.0120409
Iteration = 180   Residual = 0.00881928
Iteration = 200   Residual = 0.00776062
Final Resid Norm: 0.00776062
real 64.03
user 1259.65
sys 252.97
