      creating/filling mesh...0.0750031s, total time: 0.0750031
generating matrix structure...1.74187s, total time: 1.81688
         assembling FE data...3.4047s, total time: 5.22157
      imposing Dirichlet BC...0.544206s, total time: 5.76578
      imposing Dirichlet BC...0.0390091s, total time: 5.80479
making matrix indices local...0.848835s, total time: 6.65362
Starting CG solver ... 
Initial Residual = 328.937
Iteration = 20   Residual = 0.0935226
Iteration = 40   Residual = 0.0434758
Iteration = 60   Residual = 0.028646
Iteration = 80   Residual = 0.020005
Iteration = 100   Residual = 0.0153602
Iteration = 120   Residual = 0.0122445
Iteration = 140   Residual = 0.00998511
Iteration = 160   Residual = 0.00891977
Iteration = 180   Residual = 0.00708324
Iteration = 200   Residual = 0.0329312
Final Resid Norm: 0.0329312
real 59.15
user 1250.90
sys 159.09
