      creating/filling mesh...0.0670609s, total time: 0.0670609
generating matrix structure...1.5511s, total time: 1.61816
         assembling FE data...3.38829s, total time: 5.00646
      imposing Dirichlet BC...0.546974s, total time: 5.55343
      imposing Dirichlet BC...0.0390308s, total time: 5.59246
making matrix indices local...0.845643s, total time: 6.43811
Starting CG solver ... 
Initial Residual = 328.937
Iteration = 20   Residual = 0.0935226
Iteration = 40   Residual = 0.0434758
Iteration = 60   Residual = 0.028646
Iteration = 80   Residual = 0.020005
Iteration = 100   Residual = 0.0153602
Iteration = 120   Residual = 0.0122445
Iteration = 140   Residual = 0.00998511
Iteration = 160   Residual = 0.00891977
Iteration = 180   Residual = 0.00708324
Iteration = 200   Residual = 0.0329312
Final Resid Norm: 0.0329312
real 58.43
user 1236.19
sys 156.63
