      creating/filling mesh...0.0667782s, total time: 0.0667782
generating matrix structure...1.75688s, total time: 1.82366
         assembling FE data...3.38264s, total time: 5.2063
      imposing Dirichlet BC...0.545286s, total time: 5.75158
      imposing Dirichlet BC...0.039032s, total time: 5.79061
making matrix indices local...0.870022s, total time: 6.66064
Starting CG solver ... 
Initial Residual = 328.937
Iteration = 20   Residual = 0.0935226
Iteration = 40   Residual = 0.0434758
Iteration = 60   Residual = 0.028646
Iteration = 80   Residual = 0.020005
Iteration = 100   Residual = 0.0153602
Iteration = 120   Residual = 0.0122445
Iteration = 140   Residual = 0.00998511
Iteration = 160   Residual = 0.00891977
Iteration = 180   Residual = 0.00708324
Iteration = 200   Residual = 0.0329312
Final Resid Norm: 0.0329312
real 58.75
user 1232.00
sys 159.52
