      creating/filling mesh...0.071533s, total time: 0.071533
generating matrix structure...1.60814s, total time: 1.67967
         assembling FE data...3.3538s, total time: 5.03347
      imposing Dirichlet BC...0.531317s, total time: 5.56478
      imposing Dirichlet BC...0.0392342s, total time: 5.60402
making matrix indices local...0.9188s, total time: 6.52282
Starting CG solver ... 
Initial Residual = 328.934
Iteration = 20   Residual = 0.530309
Iteration = 40   Residual = 0.0421271
Iteration = 60   Residual = 0.0260162
Iteration = 80   Residual = 0.0380579
Iteration = 100   Residual = 0.0147196
Iteration = 120   Residual = 0.0115025
Iteration = 140   Residual = 0.010997
Iteration = 160   Residual = 0.00779659
Iteration = 180   Residual = 0.00645927
Iteration = 200   Residual = 0.00546653
Final Resid Norm: 0.00546653
real 28.93
user 679.98
sys 13.37
