      creating/filling mesh...0.110498s, total time: 0.110498
generating matrix structure...1.76726s, total time: 1.87776
         assembling FE data...3.37932s, total time: 5.25708
      imposing Dirichlet BC...0.548742s, total time: 5.80582
      imposing Dirichlet BC...0.039041s, total time: 5.84486
making matrix indices local...0.963096s, total time: 6.80796
Starting CG solver ... 
Initial Residual = 328.937
Iteration = 20   Residual = 0.0935226
Iteration = 40   Residual = 0.0434758
Iteration = 60   Residual = 0.028646
Iteration = 80   Residual = 0.020005
Iteration = 100   Residual = 0.0153602
Iteration = 120   Residual = 0.0122445
Iteration = 140   Residual = 0.00998511
Iteration = 160   Residual = 0.00891977
Iteration = 180   Residual = 0.00708324
Iteration = 200   Residual = 0.0329312
Final Resid Norm: 0.0329312
real 58.36
user 1236.73
sys 153.63
