      creating/filling mesh...0.0735199s, total time: 0.0735199
generating matrix structure...1.83832s, total time: 1.91184
         assembling FE data...3.39205s, total time: 5.30389
      imposing Dirichlet BC...0.535646s, total time: 5.83953
      imposing Dirichlet BC...0.0391669s, total time: 5.8787
making matrix indices local...1.61764s, total time: 7.49634
Starting CG solver ... 
Initial Residual = 464.73
Iteration = 20   Residual = 0.0662119
Iteration = 40   Residual = 0.0318145
Iteration = 60   Residual = 0.020377
Iteration = 80   Residual = 0.0146777
Iteration = 100   Residual = 0.011273
Iteration = 120   Residual = 0.00905943
Iteration = 140   Residual = 0.00854794
Iteration = 160   Residual = 0.0256261
Iteration = 180   Residual = 0.0539459
Iteration = 200   Residual = 0.016156
Final Resid Norm: 0.016156
real 60.67
user 1218.03
sys 206.33
