      creating/filling mesh...0.0991518s, total time: 0.0991518
generating matrix structure...2.30079s, total time: 2.39994
         assembling FE data...3.39547s, total time: 5.79542
      imposing Dirichlet BC...0.541098s, total time: 6.33651
      imposing Dirichlet BC...0.039237s, total time: 6.37575
making matrix indices local...1.64194s, total time: 8.01769
Starting CG solver ... 
Initial Residual = 928.454
Iteration = 20   Residual = 0.760612
Iteration = 40   Residual = 0.0342417
Iteration = 60   Residual = 0.0221406
Iteration = 80   Residual = 0.0161917
Iteration = 100   Residual = 0.143474
Iteration = 120   Residual = 0.0104745
Iteration = 140   Residual = 0.00874261
Iteration = 160   Residual = 0.00747958
Iteration = 180   Residual = 0.00650307
Iteration = 200   Residual = 0.0057274
Final Resid Norm: 0.0057274
real 68.72
user 1253.30
sys 361.72
