      creating/filling mesh...0.0852389s, total time: 0.0852389
generating matrix structure...1.88714s, total time: 1.97237
         assembling FE data...3.3741s, total time: 5.34647
      imposing Dirichlet BC...0.55136s, total time: 5.89783
      imposing Dirichlet BC...0.039027s, total time: 5.93686
making matrix indices local...0.889425s, total time: 6.82628
Starting CG solver ... 
Initial Residual = 656.837
Iteration = 20   Residual = 0.0955272
Iteration = 40   Residual = 0.0468263
Iteration = 60   Residual = 0.0306024
Iteration = 80   Residual = 0.0224984
Iteration = 100   Residual = 0.0176423
Iteration = 120   Residual = 0.0144097
Iteration = 140   Residual = 0.0121047
Iteration = 160   Residual = 0.0103792
Iteration = 180   Residual = 0.00903973
Iteration = 200   Residual = 0.00797034
Final Resid Norm: 0.00797034
real 80.05
user 1495.50
sys 395.36
