      creating/filling mesh...0.126873s, total time: 0.126873
generating matrix structure...1.65976s, total time: 1.78663
         assembling FE data...3.34531s, total time: 5.13194
      imposing Dirichlet BC...0.533643s, total time: 5.66559
      imposing Dirichlet BC...0.0388551s, total time: 5.70444
making matrix indices local...0.936706s, total time: 6.64115
Starting CG solver ... 
Initial Residual = 328.934
Iteration = 20   Residual = 0.530309
Iteration = 40   Residual = 0.0421271
Iteration = 60   Residual = 0.0260162
Iteration = 80   Residual = 0.0380579
Iteration = 100   Residual = 0.0147196
Iteration = 120   Residual = 0.0115025
Iteration = 140   Residual = 0.010997
Iteration = 160   Residual = 0.00779659
Iteration = 180   Residual = 0.00645927
Iteration = 200   Residual = 0.00546653
Final Resid Norm: 0.00546653
real 29.45
user 690.66
sys 13.73
