CloverLeaf-1.1/
CloverLeaf-1.1/COPYING.LESSER
CloverLeaf-1.1/CloverLeaf_OpenACC_LOOPS/
CloverLeaf-1.1/CloverLeaf_OpenACC_LOOPS/advec_cell_kernel_c.c
CloverLeaf-1.1/CloverLeaf_OpenACC_LOOPS/initialise_chunk.f90
CloverLeaf-1.1/CloverLeaf_OpenACC_LOOPS/clover_bm64_short.in
CloverLeaf-1.1/CloverLeaf_OpenACC_LOOPS/clover_bm64s_short.in
CloverLeaf-1.1/CloverLeaf_OpenACC_LOOPS/field_summary_kernel.f90
CloverLeaf-1.1/CloverLeaf_OpenACC_LOOPS/clover_sody.in
CloverLeaf-1.1/CloverLeaf_OpenACC_LOOPS/timer.f90
CloverLeaf-1.1/CloverLeaf_OpenACC_LOOPS/clover_qa.in
CloverLeaf-1.1/CloverLeaf_OpenACC_LOOPS/clover_leaf.f90
CloverLeaf-1.1/CloverLeaf_OpenACC_LOOPS/PdV.f90
CloverLeaf-1.1/CloverLeaf_OpenACC_LOOPS/clover_bm2.in
CloverLeaf-1.1/CloverLeaf_OpenACC_LOOPS/update_halo_kernel_c.c
CloverLeaf-1.1/CloverLeaf_OpenACC_LOOPS/clover_bm1s_short.in
CloverLeaf-1.1/CloverLeaf_OpenACC_LOOPS/update_halo.f90
CloverLeaf-1.1/CloverLeaf_OpenACC_LOOPS/generate_chunk.f90
CloverLeaf-1.1/CloverLeaf_OpenACC_LOOPS/clover_bm4s_short.in
CloverLeaf-1.1/CloverLeaf_OpenACC_LOOPS/advec_mom_kernel.f90
CloverLeaf-1.1/CloverLeaf_OpenACC_LOOPS/generate_chunk_kernel.f90
CloverLeaf-1.1/CloverLeaf_OpenACC_LOOPS/visit.f90
CloverLeaf-1.1/CloverLeaf_OpenACC_LOOPS/advec_cell_kernel.f90
CloverLeaf-1.1/CloverLeaf_OpenACC_LOOPS/accelerate.f90
CloverLeaf-1.1/CloverLeaf_OpenACC_LOOPS/build_field.f90
CloverLeaf-1.1/CloverLeaf_OpenACC_LOOPS/advec_mom_driver.f90
CloverLeaf-1.1/CloverLeaf_OpenACC_LOOPS/initialise_chunk_kernel.f90
CloverLeaf-1.1/CloverLeaf_OpenACC_LOOPS/clover_bm256.in
CloverLeaf-1.1/CloverLeaf_OpenACC_LOOPS/viscosity.f90
CloverLeaf-1.1/CloverLeaf_OpenACC_LOOPS/clover_bm4096.in
CloverLeaf-1.1/CloverLeaf_OpenACC_LOOPS/start.f90
CloverLeaf-1.1/CloverLeaf_OpenACC_LOOPS/clover_bm256_short.in
CloverLeaf-1.1/CloverLeaf_OpenACC_LOOPS/clover_bm32.in
CloverLeaf-1.1/CloverLeaf_OpenACC_LOOPS/pack_kernel_c.c
CloverLeaf-1.1/CloverLeaf_OpenACC_LOOPS/data.f90
CloverLeaf-1.1/CloverLeaf_OpenACC_LOOPS/definitions.f90
CloverLeaf-1.1/CloverLeaf_OpenACC_LOOPS/clover_bm4_short.in
CloverLeaf-1.1/CloverLeaf_OpenACC_LOOPS/clover_bm256s_short.in
CloverLeaf-1.1/CloverLeaf_OpenACC_LOOPS/parse.f90
CloverLeaf-1.1/CloverLeaf_OpenACC_LOOPS/clover_sodx.in
CloverLeaf-1.1/CloverLeaf_OpenACC_LOOPS/clover_bm8.in
CloverLeaf-1.1/CloverLeaf_OpenACC_LOOPS/viscosity_kernel.f90
CloverLeaf-1.1/CloverLeaf_OpenACC_LOOPS/clover_bm2s_short.in
CloverLeaf-1.1/CloverLeaf_OpenACC_LOOPS/revert.f90
CloverLeaf-1.1/CloverLeaf_OpenACC_LOOPS/revert_kernel.f90
CloverLeaf-1.1/CloverLeaf_OpenACC_LOOPS/clover_bm512.in
CloverLeaf-1.1/CloverLeaf_OpenACC_LOOPS/PdV_kernel.f90
CloverLeaf-1.1/CloverLeaf_OpenACC_LOOPS/reset_field_kernel_c.c
CloverLeaf-1.1/CloverLeaf_OpenACC_LOOPS/clover_bm1024s_short.in
CloverLeaf-1.1/CloverLeaf_OpenACC_LOOPS/initialise.f90
CloverLeaf-1.1/CloverLeaf_OpenACC_LOOPS/calc_dt_kernel.f90
CloverLeaf-1.1/CloverLeaf_OpenACC_LOOPS/calc_dt.f90
CloverLeaf-1.1/CloverLeaf_OpenACC_LOOPS/clover_bm32s_short.in
CloverLeaf-1.1/CloverLeaf_OpenACC_LOOPS/report.f90
CloverLeaf-1.1/CloverLeaf_OpenACC_LOOPS/clover_bm8192_short.in
CloverLeaf-1.1/CloverLeaf_OpenACC_LOOPS/clover_bm512_short.in
CloverLeaf-1.1/CloverLeaf_OpenACC_LOOPS/flux_calc_kernel.f90
CloverLeaf-1.1/CloverLeaf_OpenACC_LOOPS/clover_bm2048_short.in
CloverLeaf-1.1/CloverLeaf_OpenACC_LOOPS/clover_sodbig.in
CloverLeaf-1.1/CloverLeaf_OpenACC_LOOPS/clover_bm2048.in
CloverLeaf-1.1/CloverLeaf_OpenACC_LOOPS/clover_bm32_short.in
CloverLeaf-1.1/CloverLeaf_OpenACC_LOOPS/clover_bm_short_c.in
CloverLeaf-1.1/CloverLeaf_OpenACC_LOOPS/reset_field_kernel.f90
CloverLeaf-1.1/CloverLeaf_OpenACC_LOOPS/accelerate_kernel.f90
CloverLeaf-1.1/CloverLeaf_OpenACC_LOOPS/pack_kernel.f90
CloverLeaf-1.1/CloverLeaf_OpenACC_LOOPS/clover_bm16s_short.in
CloverLeaf-1.1/CloverLeaf_OpenACC_LOOPS/hydro.f90
CloverLeaf-1.1/CloverLeaf_OpenACC_LOOPS/clover_bm8192.in
CloverLeaf-1.1/CloverLeaf_OpenACC_LOOPS/ideal_gas_kernel.f90
CloverLeaf-1.1/CloverLeaf_OpenACC_LOOPS/clover_bm8192s_short.in
CloverLeaf-1.1/CloverLeaf_OpenACC_LOOPS/clover_bm8_short.in
CloverLeaf-1.1/CloverLeaf_OpenACC_LOOPS/field_summary.f90
CloverLeaf-1.1/CloverLeaf_OpenACC_LOOPS/clover.in
CloverLeaf-1.1/CloverLeaf_OpenACC_LOOPS/clover_bm2048s_short.in
CloverLeaf-1.1/CloverLeaf_OpenACC_LOOPS/initialise_chunk_kernel_c.c
CloverLeaf-1.1/CloverLeaf_OpenACC_LOOPS/clover_bm1024_short.in
CloverLeaf-1.1/CloverLeaf_OpenACC_LOOPS/update_halo_kernel.f90
CloverLeaf-1.1/CloverLeaf_OpenACC_LOOPS/timestep.f90
CloverLeaf-1.1/CloverLeaf_OpenACC_LOOPS/calc_dt_kernel_c.c
CloverLeaf-1.1/CloverLeaf_OpenACC_LOOPS/read_input.f90
CloverLeaf-1.1/CloverLeaf_OpenACC_LOOPS/clover_sodxy.in
CloverLeaf-1.1/CloverLeaf_OpenACC_LOOPS/ftocmacros.h
CloverLeaf-1.1/CloverLeaf_OpenACC_LOOPS/generate_chunk_kernel_c.c
CloverLeaf-1.1/CloverLeaf_OpenACC_LOOPS/clover_bm512s_short.in
CloverLeaf-1.1/CloverLeaf_OpenACC_LOOPS/clover_bm4.in
CloverLeaf-1.1/CloverLeaf_OpenACC_LOOPS/.gitignore
CloverLeaf-1.1/CloverLeaf_OpenACC_LOOPS/clover_bm16.in
CloverLeaf-1.1/CloverLeaf_OpenACC_LOOPS/clover_bm128_short.in
CloverLeaf-1.1/CloverLeaf_OpenACC_LOOPS/revert_kernel_c.c
CloverLeaf-1.1/CloverLeaf_OpenACC_LOOPS/clover_bm.in
CloverLeaf-1.1/CloverLeaf_OpenACC_LOOPS/clover_bm4096_short.in
CloverLeaf-1.1/CloverLeaf_OpenACC_LOOPS/clover_bm2_short.in
CloverLeaf-1.1/CloverLeaf_OpenACC_LOOPS/clover.f90
CloverLeaf-1.1/CloverLeaf_OpenACC_LOOPS/viscosity_kernel_c.c
CloverLeaf-1.1/CloverLeaf_OpenACC_LOOPS/accelerate_kernel_c.c
CloverLeaf-1.1/CloverLeaf_OpenACC_LOOPS/ideal_gas.f90
CloverLeaf-1.1/CloverLeaf_OpenACC_LOOPS/timer_c.c
CloverLeaf-1.1/CloverLeaf_OpenACC_LOOPS/PdV_kernel_c.c
CloverLeaf-1.1/CloverLeaf_OpenACC_LOOPS/advection.f90
CloverLeaf-1.1/CloverLeaf_OpenACC_LOOPS/field_summary_kernel_c.c
CloverLeaf-1.1/CloverLeaf_OpenACC_LOOPS/flux_calc_kernel_c.c
CloverLeaf-1.1/CloverLeaf_OpenACC_LOOPS/clover_bm4096s_short.in
CloverLeaf-1.1/CloverLeaf_OpenACC_LOOPS/clover_bm16384s_short.in
CloverLeaf-1.1/CloverLeaf_OpenACC_LOOPS/clover_bm1024.in
CloverLeaf-1.1/CloverLeaf_OpenACC_LOOPS/clover_bm_short.in
CloverLeaf-1.1/CloverLeaf_OpenACC_LOOPS/clover_bm8s_short.in
CloverLeaf-1.1/CloverLeaf_OpenACC_LOOPS/clover_bm64.in
CloverLeaf-1.1/CloverLeaf_OpenACC_LOOPS/Makefile
CloverLeaf-1.1/CloverLeaf_OpenACC_LOOPS/reset_field.f90
CloverLeaf-1.1/CloverLeaf_OpenACC_LOOPS/advec_mom_kernel_c.c
CloverLeaf-1.1/CloverLeaf_OpenACC_LOOPS/clover_bm16_short.in
CloverLeaf-1.1/CloverLeaf_OpenACC_LOOPS/advec_cell_driver.f90
CloverLeaf-1.1/CloverLeaf_OpenACC_LOOPS/clover_bm128.in
CloverLeaf-1.1/CloverLeaf_OpenACC_LOOPS/clover_bm128s_short.in
CloverLeaf-1.1/CloverLeaf_OpenACC_LOOPS/flux_calc.f90
CloverLeaf-1.1/CloverLeaf_OpenACC_LOOPS/ideal_gas_kernel_c.c
CloverLeaf-1.1/Clover_alpha_small.png
CloverLeaf-1.1/CloverLeaf_MPI/
CloverLeaf-1.1/CloverLeaf_MPI/advec_cell_kernel_c.c
CloverLeaf-1.1/CloverLeaf_MPI/initialise_chunk.f90
CloverLeaf-1.1/CloverLeaf_MPI/clover_bm64_short.in
CloverLeaf-1.1/CloverLeaf_MPI/field_summary_kernel.f90
CloverLeaf-1.1/CloverLeaf_MPI/clover_sody.in
CloverLeaf-1.1/CloverLeaf_MPI/timer.f90
CloverLeaf-1.1/CloverLeaf_MPI/clover_qa.in
CloverLeaf-1.1/CloverLeaf_MPI/clover_leaf.f90
CloverLeaf-1.1/CloverLeaf_MPI/PdV.f90
CloverLeaf-1.1/CloverLeaf_MPI/clover_bm2.in
CloverLeaf-1.1/CloverLeaf_MPI/update_halo_kernel_c.c
CloverLeaf-1.1/CloverLeaf_MPI/update_halo.f90
CloverLeaf-1.1/CloverLeaf_MPI/generate_chunk.f90
CloverLeaf-1.1/CloverLeaf_MPI/advec_mom_kernel.f90
CloverLeaf-1.1/CloverLeaf_MPI/generate_chunk_kernel.f90
CloverLeaf-1.1/CloverLeaf_MPI/visit.f90
CloverLeaf-1.1/CloverLeaf_MPI/advec_cell_kernel.f90
CloverLeaf-1.1/CloverLeaf_MPI/accelerate.f90
CloverLeaf-1.1/CloverLeaf_MPI/build_field.f90
CloverLeaf-1.1/CloverLeaf_MPI/advec_mom_driver.f90
CloverLeaf-1.1/CloverLeaf_MPI/initialise_chunk_kernel.f90
CloverLeaf-1.1/CloverLeaf_MPI/clover_bm256.in
CloverLeaf-1.1/CloverLeaf_MPI/viscosity.f90
CloverLeaf-1.1/CloverLeaf_MPI/clover_bm4096.in
CloverLeaf-1.1/CloverLeaf_MPI/start.f90
CloverLeaf-1.1/CloverLeaf_MPI/clover_bm256_short.in
CloverLeaf-1.1/CloverLeaf_MPI/clover_bm32.in
CloverLeaf-1.1/CloverLeaf_MPI/pack_kernel_c.c
CloverLeaf-1.1/CloverLeaf_MPI/data.f90
CloverLeaf-1.1/CloverLeaf_MPI/definitions.f90
CloverLeaf-1.1/CloverLeaf_MPI/clover_bm4_short.in
CloverLeaf-1.1/CloverLeaf_MPI/parse.f90
CloverLeaf-1.1/CloverLeaf_MPI/clover_sodx.in
CloverLeaf-1.1/CloverLeaf_MPI/clover_bm8.in
CloverLeaf-1.1/CloverLeaf_MPI/viscosity_kernel.f90
CloverLeaf-1.1/CloverLeaf_MPI/revert.f90
CloverLeaf-1.1/CloverLeaf_MPI/revert_kernel.f90
CloverLeaf-1.1/CloverLeaf_MPI/clover_bm512.in
CloverLeaf-1.1/CloverLeaf_MPI/PdV_kernel.f90
CloverLeaf-1.1/CloverLeaf_MPI/reset_field_kernel_c.c
CloverLeaf-1.1/CloverLeaf_MPI/initialise.f90
CloverLeaf-1.1/CloverLeaf_MPI/calc_dt_kernel.f90
CloverLeaf-1.1/CloverLeaf_MPI/calc_dt.f90
CloverLeaf-1.1/CloverLeaf_MPI/report.f90
CloverLeaf-1.1/CloverLeaf_MPI/clover_bm8192_short.in
CloverLeaf-1.1/CloverLeaf_MPI/clover_bm512_short.in
CloverLeaf-1.1/CloverLeaf_MPI/flux_calc_kernel.f90
CloverLeaf-1.1/CloverLeaf_MPI/clover_bm2048_short.in
CloverLeaf-1.1/CloverLeaf_MPI/clover_sodbig.in
CloverLeaf-1.1/CloverLeaf_MPI/clover_bm2048.in
CloverLeaf-1.1/CloverLeaf_MPI/clover_bm32_short.in
CloverLeaf-1.1/CloverLeaf_MPI/clover_bm_short_c.in
CloverLeaf-1.1/CloverLeaf_MPI/reset_field_kernel.f90
CloverLeaf-1.1/CloverLeaf_MPI/accelerate_kernel.f90
CloverLeaf-1.1/CloverLeaf_MPI/pack_kernel.f90
CloverLeaf-1.1/CloverLeaf_MPI/hydro.f90
CloverLeaf-1.1/CloverLeaf_MPI/clover_bm8192.in
CloverLeaf-1.1/CloverLeaf_MPI/ideal_gas_kernel.f90
CloverLeaf-1.1/CloverLeaf_MPI/clover_bm8_short.in
CloverLeaf-1.1/CloverLeaf_MPI/field_summary.f90
CloverLeaf-1.1/CloverLeaf_MPI/clover.in
CloverLeaf-1.1/CloverLeaf_MPI/initialise_chunk_kernel_c.c
CloverLeaf-1.1/CloverLeaf_MPI/clover_bm1024_short.in
CloverLeaf-1.1/CloverLeaf_MPI/update_halo_kernel.f90
CloverLeaf-1.1/CloverLeaf_MPI/timestep.f90
CloverLeaf-1.1/CloverLeaf_MPI/calc_dt_kernel_c.c
CloverLeaf-1.1/CloverLeaf_MPI/read_input.f90
CloverLeaf-1.1/CloverLeaf_MPI/clover_sodxy.in
CloverLeaf-1.1/CloverLeaf_MPI/ftocmacros.h
CloverLeaf-1.1/CloverLeaf_MPI/generate_chunk_kernel_c.c
CloverLeaf-1.1/CloverLeaf_MPI/clover_bm4.in
CloverLeaf-1.1/CloverLeaf_MPI/.gitignore
CloverLeaf-1.1/CloverLeaf_MPI/clover_bm16.in
CloverLeaf-1.1/CloverLeaf_MPI/clover_bm128_short.in
CloverLeaf-1.1/CloverLeaf_MPI/revert_kernel_c.c
CloverLeaf-1.1/CloverLeaf_MPI/clover_bm.in
CloverLeaf-1.1/CloverLeaf_MPI/clover_bm4096_short.in
CloverLeaf-1.1/CloverLeaf_MPI/clover_bm2_short.in
CloverLeaf-1.1/CloverLeaf_MPI/clover.f90
CloverLeaf-1.1/CloverLeaf_MPI/viscosity_kernel_c.c
CloverLeaf-1.1/CloverLeaf_MPI/accelerate_kernel_c.c
CloverLeaf-1.1/CloverLeaf_MPI/ideal_gas.f90
CloverLeaf-1.1/CloverLeaf_MPI/timer_c.c
CloverLeaf-1.1/CloverLeaf_MPI/PdV_kernel_c.c
CloverLeaf-1.1/CloverLeaf_MPI/advection.f90
CloverLeaf-1.1/CloverLeaf_MPI/field_summary_kernel_c.c
CloverLeaf-1.1/CloverLeaf_MPI/flux_calc_kernel_c.c
CloverLeaf-1.1/CloverLeaf_MPI/clover_bm1024.in
CloverLeaf-1.1/CloverLeaf_MPI/clover_bm_short.in
CloverLeaf-1.1/CloverLeaf_MPI/clover_bm64.in
CloverLeaf-1.1/CloverLeaf_MPI/Makefile
CloverLeaf-1.1/CloverLeaf_MPI/reset_field.f90
CloverLeaf-1.1/CloverLeaf_MPI/advec_mom_kernel_c.c
CloverLeaf-1.1/CloverLeaf_MPI/clover_bm16_short.in
CloverLeaf-1.1/CloverLeaf_MPI/advec_cell_driver.f90
CloverLeaf-1.1/CloverLeaf_MPI/clover_bm128.in
CloverLeaf-1.1/CloverLeaf_MPI/flux_calc.f90
CloverLeaf-1.1/CloverLeaf_MPI/ideal_gas_kernel_c.c
CloverLeaf-1.1/CloverLeaf_OpenACC_KERNELS/
CloverLeaf-1.1/CloverLeaf_OpenACC_KERNELS/advec_cell_kernel_c.c
CloverLeaf-1.1/CloverLeaf_OpenACC_KERNELS/initialise_chunk.f90
CloverLeaf-1.1/CloverLeaf_OpenACC_KERNELS/clover_bm64_short.in
CloverLeaf-1.1/CloverLeaf_OpenACC_KERNELS/field_summary_kernel.f90
CloverLeaf-1.1/CloverLeaf_OpenACC_KERNELS/clover_sody.in
CloverLeaf-1.1/CloverLeaf_OpenACC_KERNELS/timer.f90
CloverLeaf-1.1/CloverLeaf_OpenACC_KERNELS/clover_qa.in
CloverLeaf-1.1/CloverLeaf_OpenACC_KERNELS/clover_leaf.f90
CloverLeaf-1.1/CloverLeaf_OpenACC_KERNELS/PdV.f90
CloverLeaf-1.1/CloverLeaf_OpenACC_KERNELS/clover_bm2.in
CloverLeaf-1.1/CloverLeaf_OpenACC_KERNELS/update_halo_kernel_c.c
CloverLeaf-1.1/CloverLeaf_OpenACC_KERNELS/update_halo.f90
CloverLeaf-1.1/CloverLeaf_OpenACC_KERNELS/generate_chunk.f90
CloverLeaf-1.1/CloverLeaf_OpenACC_KERNELS/advec_mom_kernel.f90
CloverLeaf-1.1/CloverLeaf_OpenACC_KERNELS/generate_chunk_kernel.f90
CloverLeaf-1.1/CloverLeaf_OpenACC_KERNELS/visit.f90
CloverLeaf-1.1/CloverLeaf_OpenACC_KERNELS/advec_cell_kernel.f90
CloverLeaf-1.1/CloverLeaf_OpenACC_KERNELS/accelerate.f90
CloverLeaf-1.1/CloverLeaf_OpenACC_KERNELS/build_field.f90
CloverLeaf-1.1/CloverLeaf_OpenACC_KERNELS/advec_mom_driver.f90
CloverLeaf-1.1/CloverLeaf_OpenACC_KERNELS/initialise_chunk_kernel.f90
CloverLeaf-1.1/CloverLeaf_OpenACC_KERNELS/clover_bm256.in
CloverLeaf-1.1/CloverLeaf_OpenACC_KERNELS/viscosity.f90
CloverLeaf-1.1/CloverLeaf_OpenACC_KERNELS/clover_bm4096.in
CloverLeaf-1.1/CloverLeaf_OpenACC_KERNELS/start.f90
CloverLeaf-1.1/CloverLeaf_OpenACC_KERNELS/clover_bm256_short.in
CloverLeaf-1.1/CloverLeaf_OpenACC_KERNELS/clover_bm32.in
CloverLeaf-1.1/CloverLeaf_OpenACC_KERNELS/pack_kernel_c.c
CloverLeaf-1.1/CloverLeaf_OpenACC_KERNELS/data.f90
CloverLeaf-1.1/CloverLeaf_OpenACC_KERNELS/definitions.f90
CloverLeaf-1.1/CloverLeaf_OpenACC_KERNELS/clover_bm4_short.in
CloverLeaf-1.1/CloverLeaf_OpenACC_KERNELS/parse.f90
CloverLeaf-1.1/CloverLeaf_OpenACC_KERNELS/clover_sodx.in
CloverLeaf-1.1/CloverLeaf_OpenACC_KERNELS/clover_bm8.in
CloverLeaf-1.1/CloverLeaf_OpenACC_KERNELS/viscosity_kernel.f90
CloverLeaf-1.1/CloverLeaf_OpenACC_KERNELS/revert.f90
CloverLeaf-1.1/CloverLeaf_OpenACC_KERNELS/revert_kernel.f90
CloverLeaf-1.1/CloverLeaf_OpenACC_KERNELS/clover_bm512.in
CloverLeaf-1.1/CloverLeaf_OpenACC_KERNELS/PdV_kernel.f90
CloverLeaf-1.1/CloverLeaf_OpenACC_KERNELS/reset_field_kernel_c.c
CloverLeaf-1.1/CloverLeaf_OpenACC_KERNELS/initialise.f90
CloverLeaf-1.1/CloverLeaf_OpenACC_KERNELS/calc_dt_kernel.f90
CloverLeaf-1.1/CloverLeaf_OpenACC_KERNELS/calc_dt.f90
CloverLeaf-1.1/CloverLeaf_OpenACC_KERNELS/report.f90
CloverLeaf-1.1/CloverLeaf_OpenACC_KERNELS/clover_bm8192_short.in
CloverLeaf-1.1/CloverLeaf_OpenACC_KERNELS/clover_bm512_short.in
CloverLeaf-1.1/CloverLeaf_OpenACC_KERNELS/flux_calc_kernel.f90
CloverLeaf-1.1/CloverLeaf_OpenACC_KERNELS/clover_bm2048_short.in
CloverLeaf-1.1/CloverLeaf_OpenACC_KERNELS/clover_sodbig.in
CloverLeaf-1.1/CloverLeaf_OpenACC_KERNELS/clover_bm2048.in
CloverLeaf-1.1/CloverLeaf_OpenACC_KERNELS/clover_bm32_short.in
CloverLeaf-1.1/CloverLeaf_OpenACC_KERNELS/clover_bm_short_c.in
CloverLeaf-1.1/CloverLeaf_OpenACC_KERNELS/reset_field_kernel.f90
CloverLeaf-1.1/CloverLeaf_OpenACC_KERNELS/accelerate_kernel.f90
CloverLeaf-1.1/CloverLeaf_OpenACC_KERNELS/pack_kernel.f90
CloverLeaf-1.1/CloverLeaf_OpenACC_KERNELS/hydro.f90
CloverLeaf-1.1/CloverLeaf_OpenACC_KERNELS/clover_bm8192.in
CloverLeaf-1.1/CloverLeaf_OpenACC_KERNELS/ideal_gas_kernel.f90
CloverLeaf-1.1/CloverLeaf_OpenACC_KERNELS/clover_bm8_short.in
CloverLeaf-1.1/CloverLeaf_OpenACC_KERNELS/field_summary.f90
CloverLeaf-1.1/CloverLeaf_OpenACC_KERNELS/clover.in
CloverLeaf-1.1/CloverLeaf_OpenACC_KERNELS/initialise_chunk_kernel_c.c
CloverLeaf-1.1/CloverLeaf_OpenACC_KERNELS/clover_bm1024_short.in
CloverLeaf-1.1/CloverLeaf_OpenACC_KERNELS/update_halo_kernel.f90
CloverLeaf-1.1/CloverLeaf_OpenACC_KERNELS/timestep.f90
CloverLeaf-1.1/CloverLeaf_OpenACC_KERNELS/calc_dt_kernel_c.c
CloverLeaf-1.1/CloverLeaf_OpenACC_KERNELS/read_input.f90
CloverLeaf-1.1/CloverLeaf_OpenACC_KERNELS/clover_sodxy.in
CloverLeaf-1.1/CloverLeaf_OpenACC_KERNELS/ftocmacros.h
CloverLeaf-1.1/CloverLeaf_OpenACC_KERNELS/generate_chunk_kernel_c.c
CloverLeaf-1.1/CloverLeaf_OpenACC_KERNELS/clover_bm4.in
CloverLeaf-1.1/CloverLeaf_OpenACC_KERNELS/.gitignore
CloverLeaf-1.1/CloverLeaf_OpenACC_KERNELS/clover_bm16.in
CloverLeaf-1.1/CloverLeaf_OpenACC_KERNELS/clover_bm128_short.in
CloverLeaf-1.1/CloverLeaf_OpenACC_KERNELS/revert_kernel_c.c
CloverLeaf-1.1/CloverLeaf_OpenACC_KERNELS/clover_bm.in
CloverLeaf-1.1/CloverLeaf_OpenACC_KERNELS/clover_bm4096_short.in
CloverLeaf-1.1/CloverLeaf_OpenACC_KERNELS/clover_bm2_short.in
CloverLeaf-1.1/CloverLeaf_OpenACC_KERNELS/clover.f90
CloverLeaf-1.1/CloverLeaf_OpenACC_KERNELS/viscosity_kernel_c.c
CloverLeaf-1.1/CloverLeaf_OpenACC_KERNELS/accelerate_kernel_c.c
CloverLeaf-1.1/CloverLeaf_OpenACC_KERNELS/ideal_gas.f90
CloverLeaf-1.1/CloverLeaf_OpenACC_KERNELS/timer_c.c
CloverLeaf-1.1/CloverLeaf_OpenACC_KERNELS/PdV_kernel_c.c
CloverLeaf-1.1/CloverLeaf_OpenACC_KERNELS/advection.f90
CloverLeaf-1.1/CloverLeaf_OpenACC_KERNELS/field_summary_kernel_c.c
CloverLeaf-1.1/CloverLeaf_OpenACC_KERNELS/flux_calc_kernel_c.c
CloverLeaf-1.1/CloverLeaf_OpenACC_KERNELS/clover_bm1024.in
CloverLeaf-1.1/CloverLeaf_OpenACC_KERNELS/clover_bm_short.in
CloverLeaf-1.1/CloverLeaf_OpenACC_KERNELS/clover_bm64.in
CloverLeaf-1.1/CloverLeaf_OpenACC_KERNELS/Makefile
CloverLeaf-1.1/CloverLeaf_OpenACC_KERNELS/reset_field.f90
CloverLeaf-1.1/CloverLeaf_OpenACC_KERNELS/advec_mom_kernel_c.c
CloverLeaf-1.1/CloverLeaf_OpenACC_KERNELS/clover_bm16_short.in
CloverLeaf-1.1/CloverLeaf_OpenACC_KERNELS/advec_cell_driver.f90
CloverLeaf-1.1/CloverLeaf_OpenACC_KERNELS/clover_bm128.in
CloverLeaf-1.1/CloverLeaf_OpenACC_KERNELS/flux_calc.f90
CloverLeaf-1.1/CloverLeaf_OpenACC_KERNELS/ideal_gas_kernel_c.c
CloverLeaf-1.1/Clover3D_alpha.png
CloverLeaf-1.1/CloverLeaf_OpenACC_CRAY/
CloverLeaf-1.1/CloverLeaf_OpenACC_CRAY/advec_cell_kernel_c.c
CloverLeaf-1.1/CloverLeaf_OpenACC_CRAY/initialise_chunk.f90
CloverLeaf-1.1/CloverLeaf_OpenACC_CRAY/clover_bm64_short.in
CloverLeaf-1.1/CloverLeaf_OpenACC_CRAY/field_summary_kernel.f90
CloverLeaf-1.1/CloverLeaf_OpenACC_CRAY/clover_sody.in
CloverLeaf-1.1/CloverLeaf_OpenACC_CRAY/timer.f90
CloverLeaf-1.1/CloverLeaf_OpenACC_CRAY/clover_qa.in
CloverLeaf-1.1/CloverLeaf_OpenACC_CRAY/clover_leaf.f90
CloverLeaf-1.1/CloverLeaf_OpenACC_CRAY/PdV.f90
CloverLeaf-1.1/CloverLeaf_OpenACC_CRAY/clover_bm2.in
CloverLeaf-1.1/CloverLeaf_OpenACC_CRAY/update_halo_kernel_c.c
CloverLeaf-1.1/CloverLeaf_OpenACC_CRAY/update_halo.f90
CloverLeaf-1.1/CloverLeaf_OpenACC_CRAY/generate_chunk.f90
CloverLeaf-1.1/CloverLeaf_OpenACC_CRAY/advec_mom_kernel.f90
CloverLeaf-1.1/CloverLeaf_OpenACC_CRAY/generate_chunk_kernel.f90
CloverLeaf-1.1/CloverLeaf_OpenACC_CRAY/visit.f90
CloverLeaf-1.1/CloverLeaf_OpenACC_CRAY/advec_cell_kernel.f90
CloverLeaf-1.1/CloverLeaf_OpenACC_CRAY/accelerate.f90
CloverLeaf-1.1/CloverLeaf_OpenACC_CRAY/build_field.f90
CloverLeaf-1.1/CloverLeaf_OpenACC_CRAY/advec_mom_driver.f90
CloverLeaf-1.1/CloverLeaf_OpenACC_CRAY/initialise_chunk_kernel.f90
CloverLeaf-1.1/CloverLeaf_OpenACC_CRAY/clover_bm256.in
CloverLeaf-1.1/CloverLeaf_OpenACC_CRAY/viscosity.f90
CloverLeaf-1.1/CloverLeaf_OpenACC_CRAY/clover_bm4096.in
CloverLeaf-1.1/CloverLeaf_OpenACC_CRAY/start.f90
CloverLeaf-1.1/CloverLeaf_OpenACC_CRAY/clover_bm256_short.in
CloverLeaf-1.1/CloverLeaf_OpenACC_CRAY/clover_bm32.in
CloverLeaf-1.1/CloverLeaf_OpenACC_CRAY/pack_kernel_c.c
CloverLeaf-1.1/CloverLeaf_OpenACC_CRAY/data.f90
CloverLeaf-1.1/CloverLeaf_OpenACC_CRAY/definitions.f90
CloverLeaf-1.1/CloverLeaf_OpenACC_CRAY/clover_bm4_short.in
CloverLeaf-1.1/CloverLeaf_OpenACC_CRAY/parse.f90
CloverLeaf-1.1/CloverLeaf_OpenACC_CRAY/clover_sodx.in
CloverLeaf-1.1/CloverLeaf_OpenACC_CRAY/clover_bm8.in
CloverLeaf-1.1/CloverLeaf_OpenACC_CRAY/viscosity_kernel.f90
CloverLeaf-1.1/CloverLeaf_OpenACC_CRAY/revert.f90
CloverLeaf-1.1/CloverLeaf_OpenACC_CRAY/revert_kernel.f90
CloverLeaf-1.1/CloverLeaf_OpenACC_CRAY/clover_bm512.in
CloverLeaf-1.1/CloverLeaf_OpenACC_CRAY/PdV_kernel.f90
CloverLeaf-1.1/CloverLeaf_OpenACC_CRAY/reset_field_kernel_c.c
CloverLeaf-1.1/CloverLeaf_OpenACC_CRAY/initialise.f90
CloverLeaf-1.1/CloverLeaf_OpenACC_CRAY/calc_dt_kernel.f90
CloverLeaf-1.1/CloverLeaf_OpenACC_CRAY/calc_dt.f90
CloverLeaf-1.1/CloverLeaf_OpenACC_CRAY/report.f90
CloverLeaf-1.1/CloverLeaf_OpenACC_CRAY/clover_bm8192_short.in
CloverLeaf-1.1/CloverLeaf_OpenACC_CRAY/clover_bm512_short.in
CloverLeaf-1.1/CloverLeaf_OpenACC_CRAY/flux_calc_kernel.f90
CloverLeaf-1.1/CloverLeaf_OpenACC_CRAY/clover_bm2048_short.in
CloverLeaf-1.1/CloverLeaf_OpenACC_CRAY/clover_sodbig.in
CloverLeaf-1.1/CloverLeaf_OpenACC_CRAY/clover_bm2048.in
CloverLeaf-1.1/CloverLeaf_OpenACC_CRAY/clover_bm32_short.in
CloverLeaf-1.1/CloverLeaf_OpenACC_CRAY/clover_bm_short_c.in
CloverLeaf-1.1/CloverLeaf_OpenACC_CRAY/reset_field_kernel.f90
CloverLeaf-1.1/CloverLeaf_OpenACC_CRAY/accelerate_kernel.f90
CloverLeaf-1.1/CloverLeaf_OpenACC_CRAY/pack_kernel.f90
CloverLeaf-1.1/CloverLeaf_OpenACC_CRAY/hydro.f90
CloverLeaf-1.1/CloverLeaf_OpenACC_CRAY/clover_bm8192.in
CloverLeaf-1.1/CloverLeaf_OpenACC_CRAY/ideal_gas_kernel.f90
CloverLeaf-1.1/CloverLeaf_OpenACC_CRAY/clover_bm8_short.in
CloverLeaf-1.1/CloverLeaf_OpenACC_CRAY/field_summary.f90
CloverLeaf-1.1/CloverLeaf_OpenACC_CRAY/clover.in
CloverLeaf-1.1/CloverLeaf_OpenACC_CRAY/initialise_chunk_kernel_c.c
CloverLeaf-1.1/CloverLeaf_OpenACC_CRAY/clover_bm1024_short.in
CloverLeaf-1.1/CloverLeaf_OpenACC_CRAY/update_halo_kernel.f90
CloverLeaf-1.1/CloverLeaf_OpenACC_CRAY/timestep.f90
CloverLeaf-1.1/CloverLeaf_OpenACC_CRAY/calc_dt_kernel_c.c
CloverLeaf-1.1/CloverLeaf_OpenACC_CRAY/read_input.f90
CloverLeaf-1.1/CloverLeaf_OpenACC_CRAY/clover_sodxy.in
CloverLeaf-1.1/CloverLeaf_OpenACC_CRAY/ftocmacros.h
CloverLeaf-1.1/CloverLeaf_OpenACC_CRAY/generate_chunk_kernel_c.c
CloverLeaf-1.1/CloverLeaf_OpenACC_CRAY/clover_bm4.in
CloverLeaf-1.1/CloverLeaf_OpenACC_CRAY/.gitignore
CloverLeaf-1.1/CloverLeaf_OpenACC_CRAY/clover_bm16.in
CloverLeaf-1.1/CloverLeaf_OpenACC_CRAY/clover_bm128_short.in
CloverLeaf-1.1/CloverLeaf_OpenACC_CRAY/revert_kernel_c.c
CloverLeaf-1.1/CloverLeaf_OpenACC_CRAY/clover_bm.in
CloverLeaf-1.1/CloverLeaf_OpenACC_CRAY/clover_bm4096_short.in
CloverLeaf-1.1/CloverLeaf_OpenACC_CRAY/clover_bm2_short.in
CloverLeaf-1.1/CloverLeaf_OpenACC_CRAY/clover.f90
CloverLeaf-1.1/CloverLeaf_OpenACC_CRAY/viscosity_kernel_c.c
CloverLeaf-1.1/CloverLeaf_OpenACC_CRAY/accelerate_kernel_c.c
CloverLeaf-1.1/CloverLeaf_OpenACC_CRAY/ideal_gas.f90
CloverLeaf-1.1/CloverLeaf_OpenACC_CRAY/timer_c.c
CloverLeaf-1.1/CloverLeaf_OpenACC_CRAY/PdV_kernel_c.c
CloverLeaf-1.1/CloverLeaf_OpenACC_CRAY/advection.f90
CloverLeaf-1.1/CloverLeaf_OpenACC_CRAY/field_summary_kernel_c.c
CloverLeaf-1.1/CloverLeaf_OpenACC_CRAY/flux_calc_kernel_c.c
CloverLeaf-1.1/CloverLeaf_OpenACC_CRAY/clover_bm1024.in
CloverLeaf-1.1/CloverLeaf_OpenACC_CRAY/clover_bm_short.in
CloverLeaf-1.1/CloverLeaf_OpenACC_CRAY/clover_bm64.in
CloverLeaf-1.1/CloverLeaf_OpenACC_CRAY/Makefile
CloverLeaf-1.1/CloverLeaf_OpenACC_CRAY/reset_field.f90
CloverLeaf-1.1/CloverLeaf_OpenACC_CRAY/advec_mom_kernel_c.c
CloverLeaf-1.1/CloverLeaf_OpenACC_CRAY/clover_bm16_short.in
CloverLeaf-1.1/CloverLeaf_OpenACC_CRAY/advec_cell_driver.f90
CloverLeaf-1.1/CloverLeaf_OpenACC_CRAY/clover_bm128.in
CloverLeaf-1.1/CloverLeaf_OpenACC_CRAY/flux_calc.f90
CloverLeaf-1.1/CloverLeaf_OpenACC_CRAY/ideal_gas_kernel_c.c
CloverLeaf-1.1/Clover3D_alpha_small.png
CloverLeaf-1.1/README.md
CloverLeaf-1.1/CloverLeaf_CUDA/
CloverLeaf-1.1/CloverLeaf_CUDA/advec_cell_kernel_c.c
CloverLeaf-1.1/CloverLeaf_CUDA/initialise_chunk.f90
CloverLeaf-1.1/CloverLeaf_CUDA/clover_bm64_short.in
CloverLeaf-1.1/CloverLeaf_CUDA/init_cuda.cu
CloverLeaf-1.1/CloverLeaf_CUDA/clover_bm64s_short.in
CloverLeaf-1.1/CloverLeaf_CUDA/field_summary_kernel.f90
CloverLeaf-1.1/CloverLeaf_CUDA/clover_sody.in
CloverLeaf-1.1/CloverLeaf_CUDA/timer.f90
CloverLeaf-1.1/CloverLeaf_CUDA/clover_qa.in
CloverLeaf-1.1/CloverLeaf_CUDA/clover_leaf.f90
CloverLeaf-1.1/CloverLeaf_CUDA/PdV.f90
CloverLeaf-1.1/CloverLeaf_CUDA/clover_bm2.in
CloverLeaf-1.1/CloverLeaf_CUDA/update_halo_kernel_c.c
CloverLeaf-1.1/CloverLeaf_CUDA/clover_bm1s_short.in
CloverLeaf-1.1/CloverLeaf_CUDA/update_halo.f90
CloverLeaf-1.1/CloverLeaf_CUDA/accelerate_kernel_cuda.cu
CloverLeaf-1.1/CloverLeaf_CUDA/cuda_strings.hpp
CloverLeaf-1.1/CloverLeaf_CUDA/generate_chunk.f90
CloverLeaf-1.1/CloverLeaf_CUDA/clover_bm4s_short.in
CloverLeaf-1.1/CloverLeaf_CUDA/advec_mom_kernel.f90
CloverLeaf-1.1/CloverLeaf_CUDA/generate_chunk_kernel.f90
CloverLeaf-1.1/CloverLeaf_CUDA/visit.f90
CloverLeaf-1.1/CloverLeaf_CUDA/advec_cell_kernel.f90
CloverLeaf-1.1/CloverLeaf_CUDA/accelerate.f90
CloverLeaf-1.1/CloverLeaf_CUDA/build_field.f90
CloverLeaf-1.1/CloverLeaf_CUDA/advec_mom_driver.f90
CloverLeaf-1.1/CloverLeaf_CUDA/initialise_chunk_kernel.f90
CloverLeaf-1.1/CloverLeaf_CUDA/advec_mom_kernel_cuda.cu
CloverLeaf-1.1/CloverLeaf_CUDA/clover_bm256.in
CloverLeaf-1.1/CloverLeaf_CUDA/viscosity.f90
CloverLeaf-1.1/CloverLeaf_CUDA/cuda_common.hpp
CloverLeaf-1.1/CloverLeaf_CUDA/clover_bm4096.in
CloverLeaf-1.1/CloverLeaf_CUDA/start.f90
CloverLeaf-1.1/CloverLeaf_CUDA/update_halo_kernel_cuda.cu
CloverLeaf-1.1/CloverLeaf_CUDA/clover_bm256_short.in
CloverLeaf-1.1/CloverLeaf_CUDA/clover_bm32.in
CloverLeaf-1.1/CloverLeaf_CUDA/pack_kernel_c.c
CloverLeaf-1.1/CloverLeaf_CUDA/data.f90
CloverLeaf-1.1/CloverLeaf_CUDA/definitions.f90
CloverLeaf-1.1/CloverLeaf_CUDA/clover_bm4_short.in
CloverLeaf-1.1/CloverLeaf_CUDA/clover_bm256s_short.in
CloverLeaf-1.1/CloverLeaf_CUDA/parse.f90
CloverLeaf-1.1/CloverLeaf_CUDA/pack_kernel_cuda.cu
CloverLeaf-1.1/CloverLeaf_CUDA/clover_sodx.in
CloverLeaf-1.1/CloverLeaf_CUDA/clover_bm8.in
CloverLeaf-1.1/CloverLeaf_CUDA/viscosity_kernel.f90
CloverLeaf-1.1/CloverLeaf_CUDA/clover_bm2s_short.in
CloverLeaf-1.1/CloverLeaf_CUDA/revert.f90
CloverLeaf-1.1/CloverLeaf_CUDA/revert_kernel.f90
CloverLeaf-1.1/CloverLeaf_CUDA/clover_bm512.in
CloverLeaf-1.1/CloverLeaf_CUDA/calc_dt_kernel_cuda.cu
CloverLeaf-1.1/CloverLeaf_CUDA/PdV_kernel.f90
CloverLeaf-1.1/CloverLeaf_CUDA/reset_field_kernel_c.c
CloverLeaf-1.1/CloverLeaf_CUDA/PdV_kernel_cuda.cu
CloverLeaf-1.1/CloverLeaf_CUDA/clover_bm1024s_short.in
CloverLeaf-1.1/CloverLeaf_CUDA/README.md
CloverLeaf-1.1/CloverLeaf_CUDA/initialise.f90
CloverLeaf-1.1/CloverLeaf_CUDA/calc_dt_kernel.f90
CloverLeaf-1.1/CloverLeaf_CUDA/calc_dt.f90
CloverLeaf-1.1/CloverLeaf_CUDA/clover_bm32s_short.in
CloverLeaf-1.1/CloverLeaf_CUDA/report.f90
CloverLeaf-1.1/CloverLeaf_CUDA/advec_cell_kernel_cuda.cu
CloverLeaf-1.1/CloverLeaf_CUDA/clover_bm8192_short.in
CloverLeaf-1.1/CloverLeaf_CUDA/clover_bm512_short.in
CloverLeaf-1.1/CloverLeaf_CUDA/flux_calc_kernel.f90
CloverLeaf-1.1/CloverLeaf_CUDA/cuda_errors.cu
CloverLeaf-1.1/CloverLeaf_CUDA/clover_bm2048_short.in
CloverLeaf-1.1/CloverLeaf_CUDA/clover_sodbig.in
CloverLeaf-1.1/CloverLeaf_CUDA/clover_bm2048.in
CloverLeaf-1.1/CloverLeaf_CUDA/clover_bm32_short.in
CloverLeaf-1.1/CloverLeaf_CUDA/clover_bm_short_c.in
CloverLeaf-1.1/CloverLeaf_CUDA/reset_field_kernel.f90
CloverLeaf-1.1/CloverLeaf_CUDA/accelerate_kernel.f90
CloverLeaf-1.1/CloverLeaf_CUDA/pack_kernel.f90
CloverLeaf-1.1/CloverLeaf_CUDA/clover_bm16s_short.in
CloverLeaf-1.1/CloverLeaf_CUDA/hydro.f90
CloverLeaf-1.1/CloverLeaf_CUDA/revert_kernel_cuda.cu
CloverLeaf-1.1/CloverLeaf_CUDA/clover_bm8192.in
CloverLeaf-1.1/CloverLeaf_CUDA/ideal_gas_kernel.f90
CloverLeaf-1.1/CloverLeaf_CUDA/clover_bm8192s_short.in
CloverLeaf-1.1/CloverLeaf_CUDA/clover_bm8_short.in
CloverLeaf-1.1/CloverLeaf_CUDA/field_summary_kernel_cuda.cu
CloverLeaf-1.1/CloverLeaf_CUDA/field_summary.f90
CloverLeaf-1.1/CloverLeaf_CUDA/clover.in
CloverLeaf-1.1/CloverLeaf_CUDA/clover_bm2048s_short.in
CloverLeaf-1.1/CloverLeaf_CUDA/reset_field_kernel_cuda.cu
CloverLeaf-1.1/CloverLeaf_CUDA/initialise_chunk_kernel_c.c
CloverLeaf-1.1/CloverLeaf_CUDA/clover_bm1024_short.in
CloverLeaf-1.1/CloverLeaf_CUDA/update_halo_kernel.f90
CloverLeaf-1.1/CloverLeaf_CUDA/timestep.f90
CloverLeaf-1.1/CloverLeaf_CUDA/calc_dt_kernel_c.c
CloverLeaf-1.1/CloverLeaf_CUDA/read_input.f90
CloverLeaf-1.1/CloverLeaf_CUDA/clover_sodxy.in
CloverLeaf-1.1/CloverLeaf_CUDA/ftocmacros.h
CloverLeaf-1.1/CloverLeaf_CUDA/generate_chunk_kernel_c.c
CloverLeaf-1.1/CloverLeaf_CUDA/clover_bm512s_short.in
CloverLeaf-1.1/CloverLeaf_CUDA/clover_bm4.in
CloverLeaf-1.1/CloverLeaf_CUDA/.gitignore
CloverLeaf-1.1/CloverLeaf_CUDA/clover_bm16.in
CloverLeaf-1.1/CloverLeaf_CUDA/ideal_gas_kernel_cuda.cu
CloverLeaf-1.1/CloverLeaf_CUDA/flux_calc_kernel_cuda.cu
CloverLeaf-1.1/CloverLeaf_CUDA/clover_bm128_short.in
CloverLeaf-1.1/CloverLeaf_CUDA/revert_kernel_c.c
CloverLeaf-1.1/CloverLeaf_CUDA/clover_bm.in
CloverLeaf-1.1/CloverLeaf_CUDA/clover_bm4096_short.in
CloverLeaf-1.1/CloverLeaf_CUDA/clover_bm2_short.in
CloverLeaf-1.1/CloverLeaf_CUDA/clover.f90
CloverLeaf-1.1/CloverLeaf_CUDA/viscosity_kernel_cuda.cu
CloverLeaf-1.1/CloverLeaf_CUDA/viscosity_kernel_c.c
CloverLeaf-1.1/CloverLeaf_CUDA/initialise_chunk_kernel_cuda.cu
CloverLeaf-1.1/CloverLeaf_CUDA/accelerate_kernel_c.c
CloverLeaf-1.1/CloverLeaf_CUDA/ideal_gas.f90
CloverLeaf-1.1/CloverLeaf_CUDA/timer_c.c
CloverLeaf-1.1/CloverLeaf_CUDA/PdV_kernel_c.c
CloverLeaf-1.1/CloverLeaf_CUDA/advection.f90
CloverLeaf-1.1/CloverLeaf_CUDA/field_summary_kernel_c.c
CloverLeaf-1.1/CloverLeaf_CUDA/flux_calc_kernel_c.c
CloverLeaf-1.1/CloverLeaf_CUDA/clover_bm4096s_short.in
CloverLeaf-1.1/CloverLeaf_CUDA/clover_bm16384s_short.in
CloverLeaf-1.1/CloverLeaf_CUDA/generate_chunk_kernel_cuda.cu
CloverLeaf-1.1/CloverLeaf_CUDA/make.deps
CloverLeaf-1.1/CloverLeaf_CUDA/clover_bm1024.in
CloverLeaf-1.1/CloverLeaf_CUDA/clover_bm_short.in
CloverLeaf-1.1/CloverLeaf_CUDA/clover_bm8s_short.in
CloverLeaf-1.1/CloverLeaf_CUDA/clover_bm64.in
CloverLeaf-1.1/CloverLeaf_CUDA/Makefile
CloverLeaf-1.1/CloverLeaf_CUDA/reset_field.f90
CloverLeaf-1.1/CloverLeaf_CUDA/advec_mom_kernel_c.c
CloverLeaf-1.1/CloverLeaf_CUDA/clover_bm16_short.in
CloverLeaf-1.1/CloverLeaf_CUDA/advec_cell_driver.f90
CloverLeaf-1.1/CloverLeaf_CUDA/clover_bm128.in
CloverLeaf-1.1/CloverLeaf_CUDA/kernel_files/
CloverLeaf-1.1/CloverLeaf_CUDA/kernel_files/initialise_chunk_kernel.cuknl
CloverLeaf-1.1/CloverLeaf_CUDA/kernel_files/advec_cell_kernel.cuknl
CloverLeaf-1.1/CloverLeaf_CUDA/kernel_files/update_halo_kernel.cuknl
CloverLeaf-1.1/CloverLeaf_CUDA/kernel_files/advec_mom_kernel.cuknl
CloverLeaf-1.1/CloverLeaf_CUDA/kernel_files/revert_kernel.cuknl
CloverLeaf-1.1/CloverLeaf_CUDA/kernel_files/viscosity_kernel.cuknl
CloverLeaf-1.1/CloverLeaf_CUDA/kernel_files/reset_field_kernel.cuknl
CloverLeaf-1.1/CloverLeaf_CUDA/kernel_files/field_summary_kernel.cuknl
CloverLeaf-1.1/CloverLeaf_CUDA/kernel_files/cuda_kernel_header.hpp
CloverLeaf-1.1/CloverLeaf_CUDA/kernel_files/PdV_kernel.cuknl
CloverLeaf-1.1/CloverLeaf_CUDA/kernel_files/ideal_gas_kernel.cuknl
CloverLeaf-1.1/CloverLeaf_CUDA/kernel_files/accelerate_kernel.cuknl
CloverLeaf-1.1/CloverLeaf_CUDA/kernel_files/generate_chunk_kernel.cuknl
CloverLeaf-1.1/CloverLeaf_CUDA/kernel_files/flux_calc_kernel.cuknl
CloverLeaf-1.1/CloverLeaf_CUDA/kernel_files/calc_dt_kernel.cuknl
CloverLeaf-1.1/CloverLeaf_CUDA/kernel_files/pack_kernel.cuknl
CloverLeaf-1.1/CloverLeaf_CUDA/clover_bm128s_short.in
CloverLeaf-1.1/CloverLeaf_CUDA/flux_calc.f90
CloverLeaf-1.1/CloverLeaf_CUDA/cuda_strings.cu
CloverLeaf-1.1/CloverLeaf_CUDA/ideal_gas_kernel_c.c
CloverLeaf-1.1/CloverLeaf_OpenMP4/
CloverLeaf-1.1/CloverLeaf_OpenMP4/advec_cell_kernel_c.c
CloverLeaf-1.1/CloverLeaf_OpenMP4/initialise_chunk.f90
CloverLeaf-1.1/CloverLeaf_OpenMP4/clover_bm64_short.in
CloverLeaf-1.1/CloverLeaf_OpenMP4/clover_bm64s_short.in
CloverLeaf-1.1/CloverLeaf_OpenMP4/field_summary_kernel.f90
CloverLeaf-1.1/CloverLeaf_OpenMP4/clover_sody.in
CloverLeaf-1.1/CloverLeaf_OpenMP4/timer.f90
CloverLeaf-1.1/CloverLeaf_OpenMP4/clover_qa.in
CloverLeaf-1.1/CloverLeaf_OpenMP4/clover_leaf.f90
CloverLeaf-1.1/CloverLeaf_OpenMP4/PdV.f90
CloverLeaf-1.1/CloverLeaf_OpenMP4/clover_bm2.in
CloverLeaf-1.1/CloverLeaf_OpenMP4/update_halo_kernel_c.c
CloverLeaf-1.1/CloverLeaf_OpenMP4/clover_bm1s_short.in
CloverLeaf-1.1/CloverLeaf_OpenMP4/update_halo.f90
CloverLeaf-1.1/CloverLeaf_OpenMP4/generate_chunk.f90
CloverLeaf-1.1/CloverLeaf_OpenMP4/clover_bm4s_short.in
CloverLeaf-1.1/CloverLeaf_OpenMP4/advec_mom_kernel.f90
CloverLeaf-1.1/CloverLeaf_OpenMP4/generate_chunk_kernel.f90
CloverLeaf-1.1/CloverLeaf_OpenMP4/visit.f90
CloverLeaf-1.1/CloverLeaf_OpenMP4/advec_cell_kernel.f90
CloverLeaf-1.1/CloverLeaf_OpenMP4/accelerate.f90
CloverLeaf-1.1/CloverLeaf_OpenMP4/build_field.f90
CloverLeaf-1.1/CloverLeaf_OpenMP4/advec_mom_driver.f90
CloverLeaf-1.1/CloverLeaf_OpenMP4/initialise_chunk_kernel.f90
CloverLeaf-1.1/CloverLeaf_OpenMP4/clover_bm256.in
CloverLeaf-1.1/CloverLeaf_OpenMP4/viscosity.f90
CloverLeaf-1.1/CloverLeaf_OpenMP4/clover_bm4096.in
CloverLeaf-1.1/CloverLeaf_OpenMP4/start.f90
CloverLeaf-1.1/CloverLeaf_OpenMP4/clover_bm256_short.in
CloverLeaf-1.1/CloverLeaf_OpenMP4/clover_bm32.in
CloverLeaf-1.1/CloverLeaf_OpenMP4/pack_kernel_c.c
CloverLeaf-1.1/CloverLeaf_OpenMP4/data.f90
CloverLeaf-1.1/CloverLeaf_OpenMP4/definitions.f90
CloverLeaf-1.1/CloverLeaf_OpenMP4/clover_bm4_short.in
CloverLeaf-1.1/CloverLeaf_OpenMP4/clover_bm256s_short.in
CloverLeaf-1.1/CloverLeaf_OpenMP4/parse.f90
CloverLeaf-1.1/CloverLeaf_OpenMP4/clover_sodx.in
CloverLeaf-1.1/CloverLeaf_OpenMP4/clover_bm8.in
CloverLeaf-1.1/CloverLeaf_OpenMP4/viscosity_kernel.f90
CloverLeaf-1.1/CloverLeaf_OpenMP4/clover_bm2s_short.in
CloverLeaf-1.1/CloverLeaf_OpenMP4/revert.f90
CloverLeaf-1.1/CloverLeaf_OpenMP4/revert_kernel.f90
CloverLeaf-1.1/CloverLeaf_OpenMP4/clover_bm512.in
CloverLeaf-1.1/CloverLeaf_OpenMP4/PdV_kernel.f90
CloverLeaf-1.1/CloverLeaf_OpenMP4/reset_field_kernel_c.c
CloverLeaf-1.1/CloverLeaf_OpenMP4/clover_bm1024s_short.in
CloverLeaf-1.1/CloverLeaf_OpenMP4/README.md
CloverLeaf-1.1/CloverLeaf_OpenMP4/initialise.f90
CloverLeaf-1.1/CloverLeaf_OpenMP4/calc_dt_kernel.f90
CloverLeaf-1.1/CloverLeaf_OpenMP4/calc_dt.f90
CloverLeaf-1.1/CloverLeaf_OpenMP4/clover_bm32s_short.in
CloverLeaf-1.1/CloverLeaf_OpenMP4/report.f90
CloverLeaf-1.1/CloverLeaf_OpenMP4/clover_bm8192_short.in
CloverLeaf-1.1/CloverLeaf_OpenMP4/clover_bm512_short.in
CloverLeaf-1.1/CloverLeaf_OpenMP4/flux_calc_kernel.f90
CloverLeaf-1.1/CloverLeaf_OpenMP4/clover_bm2048_short.in
CloverLeaf-1.1/CloverLeaf_OpenMP4/clover_sodbig.in
CloverLeaf-1.1/CloverLeaf_OpenMP4/clover_bm2048.in
CloverLeaf-1.1/CloverLeaf_OpenMP4/clover_bm32_short.in
CloverLeaf-1.1/CloverLeaf_OpenMP4/clover_bm_short_c.in
CloverLeaf-1.1/CloverLeaf_OpenMP4/reset_field_kernel.f90
CloverLeaf-1.1/CloverLeaf_OpenMP4/accelerate_kernel.f90
CloverLeaf-1.1/CloverLeaf_OpenMP4/pack_kernel.f90
CloverLeaf-1.1/CloverLeaf_OpenMP4/clover_bm16s_short.in
CloverLeaf-1.1/CloverLeaf_OpenMP4/hydro.f90
CloverLeaf-1.1/CloverLeaf_OpenMP4/clover_bm8192.in
CloverLeaf-1.1/CloverLeaf_OpenMP4/ideal_gas_kernel.f90
CloverLeaf-1.1/CloverLeaf_OpenMP4/clover_bm8192s_short.in
CloverLeaf-1.1/CloverLeaf_OpenMP4/clover_bm8_short.in
CloverLeaf-1.1/CloverLeaf_OpenMP4/field_summary.f90
CloverLeaf-1.1/CloverLeaf_OpenMP4/clover.in
CloverLeaf-1.1/CloverLeaf_OpenMP4/clover_bm2048s_short.in
CloverLeaf-1.1/CloverLeaf_OpenMP4/initialise_chunk_kernel_c.c
CloverLeaf-1.1/CloverLeaf_OpenMP4/clover_bm1024_short.in
CloverLeaf-1.1/CloverLeaf_OpenMP4/update_halo_kernel.f90
CloverLeaf-1.1/CloverLeaf_OpenMP4/timestep.f90
CloverLeaf-1.1/CloverLeaf_OpenMP4/calc_dt_kernel_c.c
CloverLeaf-1.1/CloverLeaf_OpenMP4/read_input.f90
CloverLeaf-1.1/CloverLeaf_OpenMP4/clover_sodxy.in
CloverLeaf-1.1/CloverLeaf_OpenMP4/ftocmacros.h
CloverLeaf-1.1/CloverLeaf_OpenMP4/generate_chunk_kernel_c.c
CloverLeaf-1.1/CloverLeaf_OpenMP4/clover_bm512s_short.in
CloverLeaf-1.1/CloverLeaf_OpenMP4/clover_bm4.in
CloverLeaf-1.1/CloverLeaf_OpenMP4/.gitignore
CloverLeaf-1.1/CloverLeaf_OpenMP4/clover_bm16.in
CloverLeaf-1.1/CloverLeaf_OpenMP4/clover_bm128_short.in
CloverLeaf-1.1/CloverLeaf_OpenMP4/revert_kernel_c.c
CloverLeaf-1.1/CloverLeaf_OpenMP4/clover_bm.in
CloverLeaf-1.1/CloverLeaf_OpenMP4/clover_bm4096_short.in
CloverLeaf-1.1/CloverLeaf_OpenMP4/clover_bm2_short.in
CloverLeaf-1.1/CloverLeaf_OpenMP4/clover.f90
CloverLeaf-1.1/CloverLeaf_OpenMP4/viscosity_kernel_c.c
CloverLeaf-1.1/CloverLeaf_OpenMP4/accelerate_kernel_c.c
CloverLeaf-1.1/CloverLeaf_OpenMP4/ideal_gas.f90
CloverLeaf-1.1/CloverLeaf_OpenMP4/timer_c.c
CloverLeaf-1.1/CloverLeaf_OpenMP4/PdV_kernel_c.c
CloverLeaf-1.1/CloverLeaf_OpenMP4/advection.f90
CloverLeaf-1.1/CloverLeaf_OpenMP4/field_summary_kernel_c.c
CloverLeaf-1.1/CloverLeaf_OpenMP4/flux_calc_kernel_c.c
CloverLeaf-1.1/CloverLeaf_OpenMP4/clover_bm4096s_short.in
CloverLeaf-1.1/CloverLeaf_OpenMP4/clover_bm16384s_short.in
CloverLeaf-1.1/CloverLeaf_OpenMP4/clover_bm1024.in
CloverLeaf-1.1/CloverLeaf_OpenMP4/clover_bm_short.in
CloverLeaf-1.1/CloverLeaf_OpenMP4/clover_bm8s_short.in
CloverLeaf-1.1/CloverLeaf_OpenMP4/clover_bm64.in
CloverLeaf-1.1/CloverLeaf_OpenMP4/Makefile
CloverLeaf-1.1/CloverLeaf_OpenMP4/reset_field.f90
CloverLeaf-1.1/CloverLeaf_OpenMP4/advec_mom_kernel_c.c
CloverLeaf-1.1/CloverLeaf_OpenMP4/clover_bm16_short.in
CloverLeaf-1.1/CloverLeaf_OpenMP4/advec_cell_driver.f90
CloverLeaf-1.1/CloverLeaf_OpenMP4/clover_bm128.in
CloverLeaf-1.1/CloverLeaf_OpenMP4/clover_bm128s_short.in
CloverLeaf-1.1/CloverLeaf_OpenMP4/flux_calc.f90
CloverLeaf-1.1/CloverLeaf_OpenMP4/ideal_gas_kernel_c.c
CloverLeaf-1.1/CloverLeaf_OpenMP/
CloverLeaf-1.1/CloverLeaf_OpenMP/advec_cell_kernel_c.c
CloverLeaf-1.1/CloverLeaf_OpenMP/initialise_chunk.f90
CloverLeaf-1.1/CloverLeaf_OpenMP/clover_bm64_short.in
CloverLeaf-1.1/CloverLeaf_OpenMP/field_summary_kernel.f90
CloverLeaf-1.1/CloverLeaf_OpenMP/clover_sody.in
CloverLeaf-1.1/CloverLeaf_OpenMP/timer.f90
CloverLeaf-1.1/CloverLeaf_OpenMP/clover_qa.in
CloverLeaf-1.1/CloverLeaf_OpenMP/clover_leaf.f90
CloverLeaf-1.1/CloverLeaf_OpenMP/PdV.f90
CloverLeaf-1.1/CloverLeaf_OpenMP/clover_bm2.in
CloverLeaf-1.1/CloverLeaf_OpenMP/update_halo_kernel_c.c
CloverLeaf-1.1/CloverLeaf_OpenMP/update_halo.f90
CloverLeaf-1.1/CloverLeaf_OpenMP/generate_chunk.f90
CloverLeaf-1.1/CloverLeaf_OpenMP/advec_mom_kernel.f90
CloverLeaf-1.1/CloverLeaf_OpenMP/generate_chunk_kernel.f90
CloverLeaf-1.1/CloverLeaf_OpenMP/visit.f90
CloverLeaf-1.1/CloverLeaf_OpenMP/advec_cell_kernel.f90
CloverLeaf-1.1/CloverLeaf_OpenMP/accelerate.f90
CloverLeaf-1.1/CloverLeaf_OpenMP/build_field.f90
CloverLeaf-1.1/CloverLeaf_OpenMP/advec_mom_driver.f90
CloverLeaf-1.1/CloverLeaf_OpenMP/initialise_chunk_kernel.f90
CloverLeaf-1.1/CloverLeaf_OpenMP/clover_bm256.in
CloverLeaf-1.1/CloverLeaf_OpenMP/viscosity.f90
CloverLeaf-1.1/CloverLeaf_OpenMP/clover_bm4096.in
CloverLeaf-1.1/CloverLeaf_OpenMP/start.f90
CloverLeaf-1.1/CloverLeaf_OpenMP/clover_bm256_short.in
CloverLeaf-1.1/CloverLeaf_OpenMP/clover_bm32.in
CloverLeaf-1.1/CloverLeaf_OpenMP/pack_kernel_c.c
CloverLeaf-1.1/CloverLeaf_OpenMP/data.f90
CloverLeaf-1.1/CloverLeaf_OpenMP/definitions.f90
CloverLeaf-1.1/CloverLeaf_OpenMP/clover_bm4_short.in
CloverLeaf-1.1/CloverLeaf_OpenMP/parse.f90
CloverLeaf-1.1/CloverLeaf_OpenMP/clover_sodx.in
CloverLeaf-1.1/CloverLeaf_OpenMP/clover_bm8.in
CloverLeaf-1.1/CloverLeaf_OpenMP/viscosity_kernel.f90
CloverLeaf-1.1/CloverLeaf_OpenMP/revert.f90
CloverLeaf-1.1/CloverLeaf_OpenMP/revert_kernel.f90
CloverLeaf-1.1/CloverLeaf_OpenMP/clover_bm512.in
CloverLeaf-1.1/CloverLeaf_OpenMP/PdV_kernel.f90
CloverLeaf-1.1/CloverLeaf_OpenMP/reset_field_kernel_c.c
CloverLeaf-1.1/CloverLeaf_OpenMP/initialise.f90
CloverLeaf-1.1/CloverLeaf_OpenMP/calc_dt_kernel.f90
CloverLeaf-1.1/CloverLeaf_OpenMP/calc_dt.f90
CloverLeaf-1.1/CloverLeaf_OpenMP/report.f90
CloverLeaf-1.1/CloverLeaf_OpenMP/clover_bm8192_short.in
CloverLeaf-1.1/CloverLeaf_OpenMP/clover_bm512_short.in
CloverLeaf-1.1/CloverLeaf_OpenMP/flux_calc_kernel.f90
CloverLeaf-1.1/CloverLeaf_OpenMP/clover_bm2048_short.in
CloverLeaf-1.1/CloverLeaf_OpenMP/clover_sodbig.in
CloverLeaf-1.1/CloverLeaf_OpenMP/clover_bm2048.in
CloverLeaf-1.1/CloverLeaf_OpenMP/clover_bm32_short.in
CloverLeaf-1.1/CloverLeaf_OpenMP/clover_bm_short_c.in
CloverLeaf-1.1/CloverLeaf_OpenMP/reset_field_kernel.f90
CloverLeaf-1.1/CloverLeaf_OpenMP/accelerate_kernel.f90
CloverLeaf-1.1/CloverLeaf_OpenMP/pack_kernel.f90
CloverLeaf-1.1/CloverLeaf_OpenMP/hydro.f90
CloverLeaf-1.1/CloverLeaf_OpenMP/clover_bm8192.in
CloverLeaf-1.1/CloverLeaf_OpenMP/ideal_gas_kernel.f90
CloverLeaf-1.1/CloverLeaf_OpenMP/clover_bm8_short.in
CloverLeaf-1.1/CloverLeaf_OpenMP/field_summary.f90
CloverLeaf-1.1/CloverLeaf_OpenMP/clover.in
CloverLeaf-1.1/CloverLeaf_OpenMP/initialise_chunk_kernel_c.c
CloverLeaf-1.1/CloverLeaf_OpenMP/clover_bm1024_short.in
CloverLeaf-1.1/CloverLeaf_OpenMP/update_halo_kernel.f90
CloverLeaf-1.1/CloverLeaf_OpenMP/timestep.f90
CloverLeaf-1.1/CloverLeaf_OpenMP/calc_dt_kernel_c.c
CloverLeaf-1.1/CloverLeaf_OpenMP/read_input.f90
CloverLeaf-1.1/CloverLeaf_OpenMP/clover_sodxy.in
CloverLeaf-1.1/CloverLeaf_OpenMP/ftocmacros.h
CloverLeaf-1.1/CloverLeaf_OpenMP/generate_chunk_kernel_c.c
CloverLeaf-1.1/CloverLeaf_OpenMP/clover_bm4.in
CloverLeaf-1.1/CloverLeaf_OpenMP/.gitignore
CloverLeaf-1.1/CloverLeaf_OpenMP/clover_bm16.in
CloverLeaf-1.1/CloverLeaf_OpenMP/clover_bm128_short.in
CloverLeaf-1.1/CloverLeaf_OpenMP/revert_kernel_c.c
CloverLeaf-1.1/CloverLeaf_OpenMP/clover_bm.in
CloverLeaf-1.1/CloverLeaf_OpenMP/clover_bm4096_short.in
CloverLeaf-1.1/CloverLeaf_OpenMP/clover_bm2_short.in
CloverLeaf-1.1/CloverLeaf_OpenMP/clover.f90
CloverLeaf-1.1/CloverLeaf_OpenMP/viscosity_kernel_c.c
CloverLeaf-1.1/CloverLeaf_OpenMP/accelerate_kernel_c.c
CloverLeaf-1.1/CloverLeaf_OpenMP/ideal_gas.f90
CloverLeaf-1.1/CloverLeaf_OpenMP/timer_c.c
CloverLeaf-1.1/CloverLeaf_OpenMP/PdV_kernel_c.c
CloverLeaf-1.1/CloverLeaf_OpenMP/advection.f90
CloverLeaf-1.1/CloverLeaf_OpenMP/field_summary_kernel_c.c
CloverLeaf-1.1/CloverLeaf_OpenMP/flux_calc_kernel_c.c
CloverLeaf-1.1/CloverLeaf_OpenMP/clover_bm1024.in
CloverLeaf-1.1/CloverLeaf_OpenMP/clover_bm_short.in
CloverLeaf-1.1/CloverLeaf_OpenMP/clover_bm64.in
CloverLeaf-1.1/CloverLeaf_OpenMP/Makefile
CloverLeaf-1.1/CloverLeaf_OpenMP/reset_field.f90
CloverLeaf-1.1/CloverLeaf_OpenMP/advec_mom_kernel_c.c
CloverLeaf-1.1/CloverLeaf_OpenMP/clover_bm16_short.in
CloverLeaf-1.1/CloverLeaf_OpenMP/advec_cell_driver.f90
CloverLeaf-1.1/CloverLeaf_OpenMP/clover_bm128.in
CloverLeaf-1.1/CloverLeaf_OpenMP/flux_calc.f90
CloverLeaf-1.1/CloverLeaf_OpenMP/ideal_gas_kernel_c.c
CloverLeaf-1.1/.gitmodules
CloverLeaf-1.1/CloverLeaf_Offload/
CloverLeaf-1.1/CloverLeaf_Offload/advec_cell_kernel_c.c
CloverLeaf-1.1/CloverLeaf_Offload/initialise_chunk.f90
CloverLeaf-1.1/CloverLeaf_Offload/clover_bm64_short.in
CloverLeaf-1.1/CloverLeaf_Offload/field_summary_kernel.f90
CloverLeaf-1.1/CloverLeaf_Offload/clover_sody.in
CloverLeaf-1.1/CloverLeaf_Offload/timer.f90
CloverLeaf-1.1/CloverLeaf_Offload/clover_qa.in
CloverLeaf-1.1/CloverLeaf_Offload/clover_leaf.f90
CloverLeaf-1.1/CloverLeaf_Offload/PdV.f90
CloverLeaf-1.1/CloverLeaf_Offload/clover_bm2.in
CloverLeaf-1.1/CloverLeaf_Offload/update_halo_kernel_c.c
CloverLeaf-1.1/CloverLeaf_Offload/clover_bm16_short_c.in
CloverLeaf-1.1/CloverLeaf_Offload/update_halo.f90
CloverLeaf-1.1/CloverLeaf_Offload/generate_chunk.f90
CloverLeaf-1.1/CloverLeaf_Offload/advec_mom_kernel.f90
CloverLeaf-1.1/CloverLeaf_Offload/clover.f90.offload_opt1
CloverLeaf-1.1/CloverLeaf_Offload/generate_chunk_kernel.f90
CloverLeaf-1.1/CloverLeaf_Offload/visit.f90
CloverLeaf-1.1/CloverLeaf_Offload/advec_cell_kernel.f90
CloverLeaf-1.1/CloverLeaf_Offload/accelerate.f90
CloverLeaf-1.1/CloverLeaf_Offload/build_field.f90
CloverLeaf-1.1/CloverLeaf_Offload/advec_mom_driver.f90
CloverLeaf-1.1/CloverLeaf_Offload/initialise_chunk_kernel.f90
CloverLeaf-1.1/CloverLeaf_Offload/clover_bm256.in
CloverLeaf-1.1/CloverLeaf_Offload/viscosity.f90
CloverLeaf-1.1/CloverLeaf_Offload/clover_bm4096.in
CloverLeaf-1.1/CloverLeaf_Offload/start.f90
CloverLeaf-1.1/CloverLeaf_Offload/clover_bm256_short.in
CloverLeaf-1.1/CloverLeaf_Offload/clover_bm32.in
CloverLeaf-1.1/CloverLeaf_Offload/data.f90
CloverLeaf-1.1/CloverLeaf_Offload/definitions.f90
CloverLeaf-1.1/CloverLeaf_Offload/clover_bm4_short.in
CloverLeaf-1.1/CloverLeaf_Offload/parse.f90
CloverLeaf-1.1/CloverLeaf_Offload/clover_sodx.in
CloverLeaf-1.1/CloverLeaf_Offload/clover_bm8.in
CloverLeaf-1.1/CloverLeaf_Offload/viscosity_kernel.f90
CloverLeaf-1.1/CloverLeaf_Offload/revert.f90
CloverLeaf-1.1/CloverLeaf_Offload/revert_kernel.f90
CloverLeaf-1.1/CloverLeaf_Offload/clover_bm512.in
CloverLeaf-1.1/CloverLeaf_Offload/PdV_kernel.f90
CloverLeaf-1.1/CloverLeaf_Offload/reset_field_kernel_c.c
CloverLeaf-1.1/CloverLeaf_Offload/initialise.f90
CloverLeaf-1.1/CloverLeaf_Offload/calc_dt_kernel.f90
CloverLeaf-1.1/CloverLeaf_Offload/calc_dt.f90
CloverLeaf-1.1/CloverLeaf_Offload/report.f90
CloverLeaf-1.1/CloverLeaf_Offload/clover_bm8192_short.in
CloverLeaf-1.1/CloverLeaf_Offload/clover_bm512_short.in
CloverLeaf-1.1/CloverLeaf_Offload/flux_calc_kernel.f90
CloverLeaf-1.1/CloverLeaf_Offload/clover_bm2048_short.in
CloverLeaf-1.1/CloverLeaf_Offload/clover_sodbig.in
CloverLeaf-1.1/CloverLeaf_Offload/clover_bm2048.in
CloverLeaf-1.1/CloverLeaf_Offload/clover.in.tmp
CloverLeaf-1.1/CloverLeaf_Offload/clover_bm32_short.in
CloverLeaf-1.1/CloverLeaf_Offload/clover_bm_short_c.in
CloverLeaf-1.1/CloverLeaf_Offload/reset_field_kernel.f90
CloverLeaf-1.1/CloverLeaf_Offload/accelerate_kernel.f90
CloverLeaf-1.1/CloverLeaf_Offload/hydro.f90
CloverLeaf-1.1/CloverLeaf_Offload/clover_bm8192.in
CloverLeaf-1.1/CloverLeaf_Offload/perf.data
CloverLeaf-1.1/CloverLeaf_Offload/ideal_gas_kernel.f90
CloverLeaf-1.1/CloverLeaf_Offload/clover_bm8_short.in
CloverLeaf-1.1/CloverLeaf_Offload/field_summary.f90
CloverLeaf-1.1/CloverLeaf_Offload/clover.in
CloverLeaf-1.1/CloverLeaf_Offload/initialise_chunk_kernel_c.c
CloverLeaf-1.1/CloverLeaf_Offload/clover_bm1024_short.in
CloverLeaf-1.1/CloverLeaf_Offload/update_halo_kernel.f90
CloverLeaf-1.1/CloverLeaf_Offload/timestep.f90
CloverLeaf-1.1/CloverLeaf_Offload/calc_dt_kernel_c.c
CloverLeaf-1.1/CloverLeaf_Offload/read_input.f90
CloverLeaf-1.1/CloverLeaf_Offload/clover_sodxy.in
CloverLeaf-1.1/CloverLeaf_Offload/ftocmacros.h
CloverLeaf-1.1/CloverLeaf_Offload/generate_chunk_kernel_c.c
CloverLeaf-1.1/CloverLeaf_Offload/clover_bm4.in
CloverLeaf-1.1/CloverLeaf_Offload/clover_bm16.in
CloverLeaf-1.1/CloverLeaf_Offload/clover_bm128_short.in
CloverLeaf-1.1/CloverLeaf_Offload/revert_kernel_c.c
CloverLeaf-1.1/CloverLeaf_Offload/clover_bm.in
CloverLeaf-1.1/CloverLeaf_Offload/clover_bm4096_short.in
CloverLeaf-1.1/CloverLeaf_Offload/clover_bm2_short.in
CloverLeaf-1.1/CloverLeaf_Offload/clover.f90
CloverLeaf-1.1/CloverLeaf_Offload/viscosity_kernel_c.c
CloverLeaf-1.1/CloverLeaf_Offload/accelerate_kernel_c.c
CloverLeaf-1.1/CloverLeaf_Offload/ideal_gas.f90
CloverLeaf-1.1/CloverLeaf_Offload/timer_c.c
CloverLeaf-1.1/CloverLeaf_Offload/PdV_kernel_c.c
CloverLeaf-1.1/CloverLeaf_Offload/advection.f90
CloverLeaf-1.1/CloverLeaf_Offload/field_summary_kernel_c.c
CloverLeaf-1.1/CloverLeaf_Offload/flux_calc_kernel_c.c
CloverLeaf-1.1/CloverLeaf_Offload/clover_test.in
CloverLeaf-1.1/CloverLeaf_Offload/clover_bm1024.in
CloverLeaf-1.1/CloverLeaf_Offload/clover_bm_short.in
CloverLeaf-1.1/CloverLeaf_Offload/clover_bm64.in
CloverLeaf-1.1/CloverLeaf_Offload/Makefile
CloverLeaf-1.1/CloverLeaf_Offload/reset_field.f90
CloverLeaf-1.1/CloverLeaf_Offload/advec_mom_kernel_c.c
CloverLeaf-1.1/CloverLeaf_Offload/clover_bm16_short.in
CloverLeaf-1.1/CloverLeaf_Offload/advec_cell_driver.f90
CloverLeaf-1.1/CloverLeaf_Offload/clover.out
CloverLeaf-1.1/CloverLeaf_Offload/clover_bm128.in
CloverLeaf-1.1/CloverLeaf_Offload/flux_calc.f90
CloverLeaf-1.1/CloverLeaf_Offload/ideal_gas_kernel_c.c
CloverLeaf-1.1/COPYING
CloverLeaf-1.1/CloverLeaf_ref/
CloverLeaf-1.1/CloverLeaf_ref/advec_cell_kernel_c.c
CloverLeaf-1.1/CloverLeaf_ref/initialise_chunk.f90
CloverLeaf-1.1/CloverLeaf_ref/clover_bm64_short.in
CloverLeaf-1.1/CloverLeaf_ref/clover_bm64s_short.in
CloverLeaf-1.1/CloverLeaf_ref/field_summary_kernel.f90
CloverLeaf-1.1/CloverLeaf_ref/clover_sody.in
CloverLeaf-1.1/CloverLeaf_ref/timer.f90
CloverLeaf-1.1/CloverLeaf_ref/clover_qa.in
CloverLeaf-1.1/CloverLeaf_ref/clover_leaf.f90
CloverLeaf-1.1/CloverLeaf_ref/PdV.f90
CloverLeaf-1.1/CloverLeaf_ref/clover_bm2.in
CloverLeaf-1.1/CloverLeaf_ref/update_halo_kernel_c.c
CloverLeaf-1.1/CloverLeaf_ref/clover_bm1s_short.in
CloverLeaf-1.1/CloverLeaf_ref/update_halo.f90
CloverLeaf-1.1/CloverLeaf_ref/generate_chunk.f90
CloverLeaf-1.1/CloverLeaf_ref/clover_bm4s_short.in
CloverLeaf-1.1/CloverLeaf_ref/advec_mom_kernel.f90
CloverLeaf-1.1/CloverLeaf_ref/generate_chunk_kernel.f90
CloverLeaf-1.1/CloverLeaf_ref/visit.f90
CloverLeaf-1.1/CloverLeaf_ref/advec_cell_kernel.f90
CloverLeaf-1.1/CloverLeaf_ref/accelerate.f90
CloverLeaf-1.1/CloverLeaf_ref/build_field.f90
CloverLeaf-1.1/CloverLeaf_ref/advec_mom_driver.f90
CloverLeaf-1.1/CloverLeaf_ref/initialise_chunk_kernel.f90
CloverLeaf-1.1/CloverLeaf_ref/clover_bm256.in
CloverLeaf-1.1/CloverLeaf_ref/viscosity.f90
CloverLeaf-1.1/CloverLeaf_ref/clover_bm4096.in
CloverLeaf-1.1/CloverLeaf_ref/start.f90
CloverLeaf-1.1/CloverLeaf_ref/clover_bm256_short.in
CloverLeaf-1.1/CloverLeaf_ref/clover_bm32.in
CloverLeaf-1.1/CloverLeaf_ref/pack_kernel_c.c
CloverLeaf-1.1/CloverLeaf_ref/data.f90
CloverLeaf-1.1/CloverLeaf_ref/definitions.f90
CloverLeaf-1.1/CloverLeaf_ref/clover_bm4_short.in
CloverLeaf-1.1/CloverLeaf_ref/clover_bm256s_short.in
CloverLeaf-1.1/CloverLeaf_ref/parse.f90
CloverLeaf-1.1/CloverLeaf_ref/clover_sodx.in
CloverLeaf-1.1/CloverLeaf_ref/clover_bm8.in
CloverLeaf-1.1/CloverLeaf_ref/viscosity_kernel.f90
CloverLeaf-1.1/CloverLeaf_ref/clover_bm2s_short.in
CloverLeaf-1.1/CloverLeaf_ref/revert.f90
CloverLeaf-1.1/CloverLeaf_ref/revert_kernel.f90
CloverLeaf-1.1/CloverLeaf_ref/clover_bm512.in
CloverLeaf-1.1/CloverLeaf_ref/PdV_kernel.f90
CloverLeaf-1.1/CloverLeaf_ref/reset_field_kernel_c.c
CloverLeaf-1.1/CloverLeaf_ref/clover_bm1024s_short.in
CloverLeaf-1.1/CloverLeaf_ref/README.md
CloverLeaf-1.1/CloverLeaf_ref/initialise.f90
CloverLeaf-1.1/CloverLeaf_ref/calc_dt_kernel.f90
CloverLeaf-1.1/CloverLeaf_ref/calc_dt.f90
CloverLeaf-1.1/CloverLeaf_ref/clover_bm32s_short.in
CloverLeaf-1.1/CloverLeaf_ref/report.f90
CloverLeaf-1.1/CloverLeaf_ref/clover_bm8192_short.in
CloverLeaf-1.1/CloverLeaf_ref/clover_bm512_short.in
CloverLeaf-1.1/CloverLeaf_ref/flux_calc_kernel.f90
CloverLeaf-1.1/CloverLeaf_ref/clover_bm2048_short.in
CloverLeaf-1.1/CloverLeaf_ref/clover_sodbig.in
CloverLeaf-1.1/CloverLeaf_ref/clover_bm2048.in
CloverLeaf-1.1/CloverLeaf_ref/clover_bm32_short.in
CloverLeaf-1.1/CloverLeaf_ref/clover_bm_short_c.in
CloverLeaf-1.1/CloverLeaf_ref/reset_field_kernel.f90
CloverLeaf-1.1/CloverLeaf_ref/accelerate_kernel.f90
CloverLeaf-1.1/CloverLeaf_ref/pack_kernel.f90
CloverLeaf-1.1/CloverLeaf_ref/clover_bm16s_short.in
CloverLeaf-1.1/CloverLeaf_ref/hydro.f90
CloverLeaf-1.1/CloverLeaf_ref/clover_bm8192.in
CloverLeaf-1.1/CloverLeaf_ref/ideal_gas_kernel.f90
CloverLeaf-1.1/CloverLeaf_ref/clover_bm8192s_short.in
CloverLeaf-1.1/CloverLeaf_ref/clover_bm8_short.in
CloverLeaf-1.1/CloverLeaf_ref/field_summary.f90
CloverLeaf-1.1/CloverLeaf_ref/clover.in
CloverLeaf-1.1/CloverLeaf_ref/clover_bm2048s_short.in
CloverLeaf-1.1/CloverLeaf_ref/initialise_chunk_kernel_c.c
CloverLeaf-1.1/CloverLeaf_ref/clover_bm1024_short.in
CloverLeaf-1.1/CloverLeaf_ref/update_halo_kernel.f90
CloverLeaf-1.1/CloverLeaf_ref/timestep.f90
CloverLeaf-1.1/CloverLeaf_ref/calc_dt_kernel_c.c
CloverLeaf-1.1/CloverLeaf_ref/read_input.f90
CloverLeaf-1.1/CloverLeaf_ref/clover_sodxy.in
CloverLeaf-1.1/CloverLeaf_ref/ftocmacros.h
CloverLeaf-1.1/CloverLeaf_ref/generate_chunk_kernel_c.c
CloverLeaf-1.1/CloverLeaf_ref/clover_bm512s_short.in
CloverLeaf-1.1/CloverLeaf_ref/clover_bm4.in
CloverLeaf-1.1/CloverLeaf_ref/.gitignore
CloverLeaf-1.1/CloverLeaf_ref/clover_bm16.in
CloverLeaf-1.1/CloverLeaf_ref/clover_bm128_short.in
CloverLeaf-1.1/CloverLeaf_ref/revert_kernel_c.c
CloverLeaf-1.1/CloverLeaf_ref/clover_bm4096_short.in
CloverLeaf-1.1/CloverLeaf_ref/clover_bm2_short.in
CloverLeaf-1.1/CloverLeaf_ref/clover.f90
CloverLeaf-1.1/CloverLeaf_ref/viscosity_kernel_c.c
CloverLeaf-1.1/CloverLeaf_ref/accelerate_kernel_c.c
CloverLeaf-1.1/CloverLeaf_ref/ideal_gas.f90
CloverLeaf-1.1/CloverLeaf_ref/timer_c.c
CloverLeaf-1.1/CloverLeaf_ref/PdV_kernel_c.c
CloverLeaf-1.1/CloverLeaf_ref/advection.f90
CloverLeaf-1.1/CloverLeaf_ref/field_summary_kernel_c.c
CloverLeaf-1.1/CloverLeaf_ref/flux_calc_kernel_c.c
CloverLeaf-1.1/CloverLeaf_ref/clover_bm4096s_short.in
CloverLeaf-1.1/CloverLeaf_ref/clover_bm16384s_short.in
CloverLeaf-1.1/CloverLeaf_ref/clover_bm1024.in
CloverLeaf-1.1/CloverLeaf_ref/clover_bm_short.in
CloverLeaf-1.1/CloverLeaf_ref/clover_bm8s_short.in
CloverLeaf-1.1/CloverLeaf_ref/clover_bm64.in
CloverLeaf-1.1/CloverLeaf_ref/Makefile
CloverLeaf-1.1/CloverLeaf_ref/reset_field.f90
CloverLeaf-1.1/CloverLeaf_ref/advec_mom_kernel_c.c
CloverLeaf-1.1/CloverLeaf_ref/clover_bm16_short.in
CloverLeaf-1.1/CloverLeaf_ref/CHANGE_LOG
CloverLeaf-1.1/CloverLeaf_ref/advec_cell_driver.f90
CloverLeaf-1.1/CloverLeaf_ref/clover_bm128.in
CloverLeaf-1.1/CloverLeaf_ref/clover_bm128s_short.in
CloverLeaf-1.1/CloverLeaf_ref/flux_calc.f90
CloverLeaf-1.1/CloverLeaf_ref/ideal_gas_kernel_c.c
CloverLeaf-1.1/Makefile
CloverLeaf-1.1/Clover_alpha.png
CloverLeaf-1.1/CloverLeaf_Serial/
CloverLeaf-1.1/CloverLeaf_Serial/advec_cell_kernel_c.c
CloverLeaf-1.1/CloverLeaf_Serial/initialise_chunk.f90
CloverLeaf-1.1/CloverLeaf_Serial/clover_bm64_short.in
CloverLeaf-1.1/CloverLeaf_Serial/field_summary_kernel.f90
CloverLeaf-1.1/CloverLeaf_Serial/clover_sody.in
CloverLeaf-1.1/CloverLeaf_Serial/timer.f90
CloverLeaf-1.1/CloverLeaf_Serial/clover_qa.in
CloverLeaf-1.1/CloverLeaf_Serial/clover_leaf.f90
CloverLeaf-1.1/CloverLeaf_Serial/PdV.f90
CloverLeaf-1.1/CloverLeaf_Serial/clover_bm2.in
CloverLeaf-1.1/CloverLeaf_Serial/update_halo_kernel_c.c
CloverLeaf-1.1/CloverLeaf_Serial/update_halo.f90
CloverLeaf-1.1/CloverLeaf_Serial/generate_chunk.f90
CloverLeaf-1.1/CloverLeaf_Serial/advec_mom_kernel.f90
CloverLeaf-1.1/CloverLeaf_Serial/generate_chunk_kernel.f90
CloverLeaf-1.1/CloverLeaf_Serial/visit.f90
CloverLeaf-1.1/CloverLeaf_Serial/advec_cell_kernel.f90
CloverLeaf-1.1/CloverLeaf_Serial/accelerate.f90
CloverLeaf-1.1/CloverLeaf_Serial/build_field.f90
CloverLeaf-1.1/CloverLeaf_Serial/advec_mom_driver.f90
CloverLeaf-1.1/CloverLeaf_Serial/initialise_chunk_kernel.f90
CloverLeaf-1.1/CloverLeaf_Serial/clover_bm256.in
CloverLeaf-1.1/CloverLeaf_Serial/viscosity.f90
CloverLeaf-1.1/CloverLeaf_Serial/clover_bm4096.in
CloverLeaf-1.1/CloverLeaf_Serial/start.f90
CloverLeaf-1.1/CloverLeaf_Serial/clover_bm256_short.in
CloverLeaf-1.1/CloverLeaf_Serial/clover_bm32.in
CloverLeaf-1.1/CloverLeaf_Serial/pack_kernel_c.c
CloverLeaf-1.1/CloverLeaf_Serial/data.f90
CloverLeaf-1.1/CloverLeaf_Serial/definitions.f90
CloverLeaf-1.1/CloverLeaf_Serial/clover_bm4_short.in
CloverLeaf-1.1/CloverLeaf_Serial/parse.f90
CloverLeaf-1.1/CloverLeaf_Serial/clover_sodx.in
CloverLeaf-1.1/CloverLeaf_Serial/clover_bm8.in
CloverLeaf-1.1/CloverLeaf_Serial/viscosity_kernel.f90
CloverLeaf-1.1/CloverLeaf_Serial/revert.f90
CloverLeaf-1.1/CloverLeaf_Serial/revert_kernel.f90
CloverLeaf-1.1/CloverLeaf_Serial/clover_bm512.in
CloverLeaf-1.1/CloverLeaf_Serial/PdV_kernel.f90
CloverLeaf-1.1/CloverLeaf_Serial/reset_field_kernel_c.c
CloverLeaf-1.1/CloverLeaf_Serial/initialise.f90
CloverLeaf-1.1/CloverLeaf_Serial/calc_dt_kernel.f90
CloverLeaf-1.1/CloverLeaf_Serial/calc_dt.f90
CloverLeaf-1.1/CloverLeaf_Serial/report.f90
CloverLeaf-1.1/CloverLeaf_Serial/clover_bm8192_short.in
CloverLeaf-1.1/CloverLeaf_Serial/clover_bm512_short.in
CloverLeaf-1.1/CloverLeaf_Serial/flux_calc_kernel.f90
CloverLeaf-1.1/CloverLeaf_Serial/clover_bm2048_short.in
CloverLeaf-1.1/CloverLeaf_Serial/clover_sodbig.in
CloverLeaf-1.1/CloverLeaf_Serial/clover_bm2048.in
CloverLeaf-1.1/CloverLeaf_Serial/clover_bm32_short.in
CloverLeaf-1.1/CloverLeaf_Serial/clover_bm_short_c.in
CloverLeaf-1.1/CloverLeaf_Serial/reset_field_kernel.f90
CloverLeaf-1.1/CloverLeaf_Serial/accelerate_kernel.f90
CloverLeaf-1.1/CloverLeaf_Serial/pack_kernel.f90
CloverLeaf-1.1/CloverLeaf_Serial/hydro.f90
CloverLeaf-1.1/CloverLeaf_Serial/clover_bm8192.in
CloverLeaf-1.1/CloverLeaf_Serial/ideal_gas_kernel.f90
CloverLeaf-1.1/CloverLeaf_Serial/clover_bm8_short.in
CloverLeaf-1.1/CloverLeaf_Serial/field_summary.f90
CloverLeaf-1.1/CloverLeaf_Serial/clover.in
CloverLeaf-1.1/CloverLeaf_Serial/initialise_chunk_kernel_c.c
CloverLeaf-1.1/CloverLeaf_Serial/clover_bm1024_short.in
CloverLeaf-1.1/CloverLeaf_Serial/update_halo_kernel.f90
CloverLeaf-1.1/CloverLeaf_Serial/timestep.f90
CloverLeaf-1.1/CloverLeaf_Serial/calc_dt_kernel_c.c
CloverLeaf-1.1/CloverLeaf_Serial/read_input.f90
CloverLeaf-1.1/CloverLeaf_Serial/clover_sodxy.in
CloverLeaf-1.1/CloverLeaf_Serial/ftocmacros.h
CloverLeaf-1.1/CloverLeaf_Serial/generate_chunk_kernel_c.c
CloverLeaf-1.1/CloverLeaf_Serial/clover_bm4.in
CloverLeaf-1.1/CloverLeaf_Serial/.gitignore
CloverLeaf-1.1/CloverLeaf_Serial/clover_bm16.in
CloverLeaf-1.1/CloverLeaf_Serial/clover_bm128_short.in
CloverLeaf-1.1/CloverLeaf_Serial/revert_kernel_c.c
CloverLeaf-1.1/CloverLeaf_Serial/clover_bm.in
CloverLeaf-1.1/CloverLeaf_Serial/clover_bm4096_short.in
CloverLeaf-1.1/CloverLeaf_Serial/clover_bm2_short.in
CloverLeaf-1.1/CloverLeaf_Serial/clover.f90
CloverLeaf-1.1/CloverLeaf_Serial/viscosity_kernel_c.c
CloverLeaf-1.1/CloverLeaf_Serial/accelerate_kernel_c.c
CloverLeaf-1.1/CloverLeaf_Serial/ideal_gas.f90
CloverLeaf-1.1/CloverLeaf_Serial/timer_c.c
CloverLeaf-1.1/CloverLeaf_Serial/PdV_kernel_c.c
CloverLeaf-1.1/CloverLeaf_Serial/advection.f90
CloverLeaf-1.1/CloverLeaf_Serial/field_summary_kernel_c.c
CloverLeaf-1.1/CloverLeaf_Serial/flux_calc_kernel_c.c
CloverLeaf-1.1/CloverLeaf_Serial/clover_bm1024.in
CloverLeaf-1.1/CloverLeaf_Serial/clover_bm_short.in
CloverLeaf-1.1/CloverLeaf_Serial/clover_bm64.in
CloverLeaf-1.1/CloverLeaf_Serial/Makefile
CloverLeaf-1.1/CloverLeaf_Serial/reset_field.f90
CloverLeaf-1.1/CloverLeaf_Serial/advec_mom_kernel_c.c
CloverLeaf-1.1/CloverLeaf_Serial/clover_bm16_short.in
CloverLeaf-1.1/CloverLeaf_Serial/advec_cell_driver.f90
CloverLeaf-1.1/CloverLeaf_Serial/clover_bm128.in
CloverLeaf-1.1/CloverLeaf_Serial/flux_calc.f90
CloverLeaf-1.1/CloverLeaf_Serial/ideal_gas_kernel_c.c
CloverLeaf-1.1/documentation.txt
CoMD_Ref/
CoMD_Ref/examples/
CoMD_Ref/._LICENSE.TXT
CoMD_Ref/LICENSE.TXT
CoMD_Ref/pots/
CoMD_Ref/src-mpi/
CoMD_Ref/src-openmp/
CoMD_Ref/src-serial/
CoMD_Ref/src-serial/README.TXT
CoMD_Ref/src-openmp/.depend.bak
CoMD_Ref/src-openmp/cmdLineParser.c
CoMD_Ref/src-openmp/cmdLineParser.h
CoMD_Ref/src-openmp/CoMD.c
CoMD_Ref/src-openmp/CoMDTypes.h
CoMD_Ref/src-openmp/constants.h
CoMD_Ref/src-openmp/decomposition.c
CoMD_Ref/src-openmp/decomposition.h
CoMD_Ref/src-openmp/Doxyfile
CoMD_Ref/src-openmp/eam.c
CoMD_Ref/src-openmp/eam.h
CoMD_Ref/src-openmp/generate_info_header
CoMD_Ref/src-openmp/haloExchange.c
CoMD_Ref/src-openmp/haloExchange.h
CoMD_Ref/src-openmp/initAtoms.c
CoMD_Ref/src-openmp/initAtoms.h
CoMD_Ref/src-openmp/linkCells.c
CoMD_Ref/src-openmp/linkCells.h
CoMD_Ref/src-openmp/ljForce.c
CoMD_Ref/src-openmp/ljForce.h
CoMD_Ref/src-openmp/Makefile.vanilla
CoMD_Ref/src-openmp/memUtils.h
CoMD_Ref/src-openmp/mycommand.c
CoMD_Ref/src-openmp/mycommand.h
CoMD_Ref/src-openmp/mytype.h
CoMD_Ref/src-openmp/OpenMP.dox
CoMD_Ref/src-openmp/parallel.c
CoMD_Ref/src-openmp/parallel.h
CoMD_Ref/src-openmp/performanceTimers.c
CoMD_Ref/src-openmp/performanceTimers.h
CoMD_Ref/src-openmp/random.c
CoMD_Ref/src-openmp/random.h
CoMD_Ref/src-openmp/README.TXT
CoMD_Ref/src-openmp/timestep.c
CoMD_Ref/src-openmp/timestep.h
CoMD_Ref/src-openmp/yamlOutput.c
CoMD_Ref/src-openmp/yamlOutput.h
CoMD_Ref/src-mpi/.depend.bak
CoMD_Ref/src-mpi/cmdLineParser.c
CoMD_Ref/src-mpi/cmdLineParser.h
CoMD_Ref/src-mpi/CoMD.c
CoMD_Ref/src-mpi/CoMDTypes.h
CoMD_Ref/src-mpi/constants.h
CoMD_Ref/src-mpi/decomposition.c
CoMD_Ref/src-mpi/decomposition.h
CoMD_Ref/src-mpi/Doxyfile
CoMD_Ref/src-mpi/eam.c
CoMD_Ref/src-mpi/eam.h
CoMD_Ref/src-mpi/generate_info_header
CoMD_Ref/src-mpi/haloExchange.c
CoMD_Ref/src-mpi/haloExchange.h
CoMD_Ref/src-mpi/initAtoms.c
CoMD_Ref/src-mpi/initAtoms.h
CoMD_Ref/src-mpi/linkCells.c
CoMD_Ref/src-mpi/linkCells.h
CoMD_Ref/src-mpi/ljForce.c
CoMD_Ref/src-mpi/ljForce.h
CoMD_Ref/src-mpi/Makefile.vanilla
CoMD_Ref/src-mpi/memUtils.h
CoMD_Ref/src-mpi/mycommand.c
CoMD_Ref/src-mpi/mycommand.h
CoMD_Ref/src-mpi/mytype.h
CoMD_Ref/src-mpi/parallel.c
CoMD_Ref/src-mpi/parallel.h
CoMD_Ref/src-mpi/performanceTimers.c
CoMD_Ref/src-mpi/performanceTimers.h
CoMD_Ref/src-mpi/random.c
CoMD_Ref/src-mpi/random.h
CoMD_Ref/src-mpi/README.TXT
CoMD_Ref/src-mpi/timestep.c
CoMD_Ref/src-mpi/timestep.h
CoMD_Ref/src-mpi/yamlOutput.c
CoMD_Ref/src-mpi/yamlOutput.h
CoMD_Ref/pots/Cu01.eam.alloy
CoMD_Ref/pots/Cu_u6.eam
CoMD_Ref/pots/README.txt
CoMD_Ref/examples/mpi-strongScaling.sh
CoMD_Ref/examples/mpi-weakScaling.sh
CoMD_Ref/examples/pots
./miniFE-2.0_ref/
./miniFE-2.0_ref/basic/
./miniFE-2.0_ref/basic/perform_element_loop_TBB_pipe.hpp
./miniFE-2.0_ref/basic/utest.cpp
./miniFE-2.0_ref/basic/GetNodesCoords.hpp
./miniFE-2.0_ref/basic/Box.hpp
./miniFE-2.0_ref/basic/optional/
./miniFE-2.0_ref/basic/optional/make_targets
./miniFE-2.0_ref/basic/optional/ThreadPool/
./miniFE-2.0_ref/basic/optional/ThreadPool/Makefile.export.threadpool.in
./miniFE-2.0_ref/basic/optional/ThreadPool/Makefile.in
./miniFE-2.0_ref/basic/optional/ThreadPool/Makefile.am
./miniFE-2.0_ref/basic/optional/ThreadPool/configure
./miniFE-2.0_ref/basic/optional/ThreadPool/test/
./miniFE-2.0_ref/basic/optional/ThreadPool/test/build_pgi
./miniFE-2.0_ref/basic/optional/ThreadPool/test/build_gnu
./miniFE-2.0_ref/basic/optional/ThreadPool/test/hpccg/
./miniFE-2.0_ref/basic/optional/ThreadPool/test/hpccg/main.c
./miniFE-2.0_ref/basic/optional/ThreadPool/test/hpccg/CGSolver.h
./miniFE-2.0_ref/basic/optional/ThreadPool/test/hpccg/tpi_vector.c
./miniFE-2.0_ref/basic/optional/ThreadPool/test/hpccg/CMakeLists.txt
./miniFE-2.0_ref/basic/optional/ThreadPool/test/hpccg/tpi_vector.h
./miniFE-2.0_ref/basic/optional/ThreadPool/test/hpccg/BoxPartition.h
./miniFE-2.0_ref/basic/optional/ThreadPool/test/hpccg/CGSolver.c
./miniFE-2.0_ref/basic/optional/ThreadPool/test/hpccg/BoxPartition.c
./miniFE-2.0_ref/basic/optional/ThreadPool/test/Makefile.in
./miniFE-2.0_ref/basic/optional/ThreadPool/test/Makefile.am
./miniFE-2.0_ref/basic/optional/ThreadPool/test/build_intel
./miniFE-2.0_ref/basic/optional/ThreadPool/test/CMakeLists.txt
./miniFE-2.0_ref/basic/optional/ThreadPool/test/test_tpi_unit.c
./miniFE-2.0_ref/basic/optional/ThreadPool/test/test_pthreads.c
./miniFE-2.0_ref/basic/optional/ThreadPool/test/hhpccg/
./miniFE-2.0_ref/basic/optional/ThreadPool/test/hhpccg/dcrs_matrix.h
./miniFE-2.0_ref/basic/optional/ThreadPool/test/hhpccg/BoxPartitionIB.h
./miniFE-2.0_ref/basic/optional/ThreadPool/test/hhpccg/BoxPartitionIB.c
./miniFE-2.0_ref/basic/optional/ThreadPool/test/hhpccg/main.c
./miniFE-2.0_ref/basic/optional/ThreadPool/test/hhpccg/dcrs_matrix.c
./miniFE-2.0_ref/basic/optional/ThreadPool/test/hhpccg/CGSolver.h
./miniFE-2.0_ref/basic/optional/ThreadPool/test/hhpccg/tpi_vector.c
./miniFE-2.0_ref/basic/optional/ThreadPool/test/hhpccg/CMakeLists.txt
./miniFE-2.0_ref/basic/optional/ThreadPool/test/hhpccg/tpi_vector.h
./miniFE-2.0_ref/basic/optional/ThreadPool/test/hhpccg/CGSolver.c
./miniFE-2.0_ref/basic/optional/ThreadPool/test/test_tpi.cpp
./miniFE-2.0_ref/basic/optional/ThreadPool/test/test_c_dnax.c
./miniFE-2.0_ref/basic/optional/ThreadPool/test/test_mpi_sum.c
./miniFE-2.0_ref/basic/optional/ThreadPool/ThreadPool_config.h
./miniFE-2.0_ref/basic/optional/ThreadPool/CMakeLists.txt
./miniFE-2.0_ref/basic/optional/ThreadPool/src/
./miniFE-2.0_ref/basic/optional/ThreadPool/src/Makefile.in
./miniFE-2.0_ref/basic/optional/ThreadPool/src/Makefile.am
./miniFE-2.0_ref/basic/optional/ThreadPool/src/TPI.c
./miniFE-2.0_ref/basic/optional/ThreadPool/src/TPI_Walltime.c
./miniFE-2.0_ref/basic/optional/ThreadPool/src/ThreadPool_config.h.in
./miniFE-2.0_ref/basic/optional/ThreadPool/src/CMakeLists.txt
./miniFE-2.0_ref/basic/optional/ThreadPool/src/TPI.h
./miniFE-2.0_ref/basic/optional/ThreadPool/src/TPI.hpp
./miniFE-2.0_ref/basic/optional/ThreadPool/config/
./miniFE-2.0_ref/basic/optional/ThreadPool/config/tac_arg_config_mpi.m4
./miniFE-2.0_ref/basic/optional/ThreadPool/config/tac_arg_with_libs.m4
./miniFE-2.0_ref/basic/optional/ThreadPool/config/generate-makeoptions.pl
./miniFE-2.0_ref/basic/optional/ThreadPool/config/string-replace.pl
./miniFE-2.0_ref/basic/optional/ThreadPool/config/tac_arg_enable_export-makefiles.m4
./miniFE-2.0_ref/basic/optional/ThreadPool/config/tac_arg_with_libdirs.m4
./miniFE-2.0_ref/basic/optional/ThreadPool/config/missing
./miniFE-2.0_ref/basic/optional/ThreadPool/config/token-replace.pl
./miniFE-2.0_ref/basic/optional/ThreadPool/config/acx_pthread.m4
./miniFE-2.0_ref/basic/optional/ThreadPool/config/install-sh
./miniFE-2.0_ref/basic/optional/ThreadPool/config/tac_arg_enable_feature_sub_check.m4
./miniFE-2.0_ref/basic/optional/ThreadPool/config/tac_arg_enable_feature.m4
./miniFE-2.0_ref/basic/optional/ThreadPool/config/replace-install-prefix.pl
./miniFE-2.0_ref/basic/optional/ThreadPool/config/config.sub
./miniFE-2.0_ref/basic/optional/ThreadPool/config/tac_arg_with_perl.m4
./miniFE-2.0_ref/basic/optional/ThreadPool/config/config.guess
./miniFE-2.0_ref/basic/optional/ThreadPool/config/tac_arg_with_incdirs.m4
./miniFE-2.0_ref/basic/optional/ThreadPool/config/tac_arg_with_flags.m4
./miniFE-2.0_ref/basic/optional/ThreadPool/config/tac_arg_with_ar.m4
./miniFE-2.0_ref/basic/optional/ThreadPool/config/strip_dup_libs.pl
./miniFE-2.0_ref/basic/optional/ThreadPool/config/tac_arg_check_mpi.m4
./miniFE-2.0_ref/basic/optional/ThreadPool/config/strip_dup_incl_paths.pl
./miniFE-2.0_ref/basic/optional/ThreadPool/config/depcomp
./miniFE-2.0_ref/basic/optional/ThreadPool/bootstrap
./miniFE-2.0_ref/basic/optional/ThreadPool/configure.ac
./miniFE-2.0_ref/basic/optional/ThreadPool/aclocal.m4
./miniFE-2.0_ref/basic/optional/ThreadPool/cmake/
./miniFE-2.0_ref/basic/optional/ThreadPool/cmake/ThreadPool_config.h.in
./miniFE-2.0_ref/basic/optional/ThreadPool/cmake/Dependencies.cmake
./miniFE-2.0_ref/basic/optional/copy_from_trilinos
./miniFE-2.0_ref/basic/optional/cuda/
./miniFE-2.0_ref/basic/optional/cuda/CudaNode.cpp
./miniFE-2.0_ref/basic/optional/cuda/Matrix.cu
./miniFE-2.0_ref/basic/optional/cuda/CudaNode.cuh
./miniFE-2.0_ref/basic/optional/cuda/CudaNodeImpl.hpp
./miniFE-2.0_ref/basic/optional/cuda/CudaCall.hpp
./miniFE-2.0_ref/basic/optional/cuda/cutil_inline_runtime.h
./miniFE-2.0_ref/basic/optional/cuda/CudaNode.hpp
./miniFE-2.0_ref/basic/optional/cuda/Vector.cu
./miniFE-2.0_ref/basic/optional/cuda/CudaMemoryModel.hpp
./miniFE-2.0_ref/basic/optional/README
./miniFE-2.0_ref/basic/SparseMatrix_functions.hpp
./miniFE-2.0_ref/basic/Lock.hpp
./miniFE-2.0_ref/basic/MatrixCopyOp.hpp
./miniFE-2.0_ref/basic/CSRMatrix.hpp
./miniFE-2.0_ref/basic/MatrixInitOp.hpp
./miniFE-2.0_ref/basic/makefile.tbb.gnu.serial
./miniFE-2.0_ref/basic/WaxpbyOp.hpp
./miniFE-2.0_ref/basic/assemble_FE_data.hpp
./miniFE-2.0_ref/basic/generate_matrix_structure.hpp
./miniFE-2.0_ref/basic/perform_element_loop_TBB_pllfor1.hpp
./miniFE-2.0_ref/basic/analytic_soln.hpp
./miniFE-2.0_ref/basic/get_common_files
./miniFE-2.0_ref/basic/cg_solve.hpp
./miniFE-2.0_ref/basic/time_kernels.hpp
./miniFE-2.0_ref/basic/makefile.tpi.gnu.serial
./miniFE-2.0_ref/basic/Vector_functions.hpp
./miniFE-2.0_ref/basic/TBBNode.cpp
./miniFE-2.0_ref/basic/makefile
./miniFE-2.0_ref/basic/imbalance.hpp
./miniFE-2.0_ref/basic/makefile.intel.serial
./miniFE-2.0_ref/basic/gold_files/
./miniFE-2.0_ref/basic/gold_files/1x1x2_A.mtx.1.0
./miniFE-2.0_ref/basic/gold_files/1x1x2_x.vec.2.1
./miniFE-2.0_ref/basic/gold_files/1x1x2_b.vec.1.0
./miniFE-2.0_ref/basic/gold_files/1x1x2_A.mtx.2.0
./miniFE-2.0_ref/basic/gold_files/1x1x2_b.vec.2.0
./miniFE-2.0_ref/basic/gold_files/1x1x2_b.vec.2.1
./miniFE-2.0_ref/basic/gold_files/1x1x2_A.mtx.2.1
./miniFE-2.0_ref/basic/gold_files/1x1x2_x.vec.1.0
./miniFE-2.0_ref/basic/gold_files/1x1x2_x.vec.2.0
./miniFE-2.0_ref/basic/run_tests
./miniFE-2.0_ref/basic/makefile.cuda.tbb.gnu.serial
./miniFE-2.0_ref/basic/make_local_matrix.hpp
./miniFE-2.0_ref/basic/makefile.gnu.purify
./miniFE-2.0_ref/basic/FEComputeElem.hpp
./miniFE-2.0_ref/basic/simple_mesh_description.hpp
./miniFE-2.0_ref/basic/BoxPartition.hpp
./miniFE-2.0_ref/basic/perform_element_loop.hpp
./miniFE-2.0_ref/basic/utest_case.hpp
./miniFE-2.0_ref/basic/make_targets
./miniFE-2.0_ref/basic/makefile.redstorm
./miniFE-2.0_ref/basic/box_utils.hpp
./miniFE-2.0_ref/basic/driver.hpp
./miniFE-2.0_ref/basic/exchange_externals.hpp
./miniFE-2.0_ref/basic/verify_solution.hpp
./miniFE-2.0_ref/basic/ComputeNodeType.hpp
./miniFE-2.0_ref/basic/BoxPartition.cpp
./miniFE-2.0_ref/basic/Vector.hpp
./miniFE-2.0_ref/basic/run_one_test
./miniFE-2.0_ref/basic/utest_cases.hpp
./miniFE-2.0_ref/basic/TBBNode.hpp
./miniFE-2.0_ref/basic/makefile.tbb
./miniFE-2.0_ref/basic/makefile.tpi
./miniFE-2.0_ref/basic/makefile.cuda.gnu.serial
./miniFE-2.0_ref/basic/makefile.debug
./miniFE-2.0_ref/basic/ELLMatrix.hpp
./miniFE-2.0_ref/basic/TypeTraits.hpp
./miniFE-2.0_ref/basic/DotOp.hpp
./miniFE-2.0_ref/basic/TPINode.hpp
./miniFE-2.0_ref/basic/MemInitOp.hpp
./miniFE-2.0_ref/basic/perform_element_loop_TBB_pllfor2.hpp
./miniFE-2.0_ref/basic/Hex8_box_utils.hpp
./miniFE-2.0_ref/basic/makefile.gnu.serial
./miniFE-2.0_ref/basic/LockingMatrix.hpp
./miniFE-2.0_ref/basic/MatvecOp.hpp
./miniFE-2.0_ref/basic/sharedmem.cuh
./miniFE-2.0_ref/basic/FusedMatvecDotOp.hpp
./miniFE-2.0_ref/basic/BoxIterator.hpp
./miniFE-2.0_ref/basic/SumInLinSys.hpp
./miniFE-2.0_ref/basic/LockingVector.hpp
./miniFE-2.0_ref/basic/SerialComputeNode.hpp
./miniFE-2.0_ref/basic/main.cpp
./miniFE-2.0_ref/basic/compute_matrix_stats.hpp
./miniFE-2.0_ref/basic/NoOpMemoryModel.hpp
./miniFE-2.0_ref/basic/makefile.gnu.quantify
./miniFE-2.0_ref/src/
./miniFE-2.0_ref/src/GetNodesCoords.hpp
./miniFE-2.0_ref/src/YAML_Element.hpp
./miniFE-2.0_ref/src/SparseMatrix_functions.hpp
./miniFE-2.0_ref/src/MatrixCopyOp.hpp
./miniFE-2.0_ref/src/CSRMatrix.hpp
./miniFE-2.0_ref/src/MatrixInitOp.hpp
./miniFE-2.0_ref/src/assemble_FE_data.hpp
./miniFE-2.0_ref/src/generate_matrix_structure.hpp
./miniFE-2.0_ref/src/get_common_files
./miniFE-2.0_ref/src/cg_solve.hpp
./miniFE-2.0_ref/src/time_kernels.hpp
./miniFE-2.0_ref/src/Vector_functions.hpp
./miniFE-2.0_ref/src/Makefile.gnu.serial
./miniFE-2.0_ref/src/make_local_matrix.hpp
./miniFE-2.0_ref/src/run_test
./miniFE-2.0_ref/src/simple_mesh_description.hpp
./miniFE-2.0_ref/src/perform_element_loop.hpp
./miniFE-2.0_ref/src/make_targets
./miniFE-2.0_ref/src/YAML_Element.cpp
./miniFE-2.0_ref/src/driver.hpp
./miniFE-2.0_ref/src/Makefile.intel.serial
./miniFE-2.0_ref/src/exchange_externals.hpp
./miniFE-2.0_ref/src/Vector.hpp
./miniFE-2.0_ref/src/YAML_Doc.hpp
./miniFE-2.0_ref/src/generate_info_header
./miniFE-2.0_ref/src/ELLMatrix.hpp
./miniFE-2.0_ref/src/Makefile.ibm.pwrlinux.serial
./miniFE-2.0_ref/src/Makefile
./miniFE-2.0_ref/src/Hex8_box_utils.hpp
./miniFE-2.0_ref/src/YAML_Doc.cpp
./miniFE-2.0_ref/src/main.cpp
./miniFE-2.0_ref/utils/
./miniFE-2.0_ref/utils/Box.hpp
./miniFE-2.0_ref/utils/mytimer.hpp
./miniFE-2.0_ref/utils/miniFE_no_info.hpp
./miniFE-2.0_ref/utils/imbalance.hpp
./miniFE-2.0_ref/utils/mytimer.cpp
./miniFE-2.0_ref/utils/miniFE_version.h
./miniFE-2.0_ref/utils/BoxPartition.hpp
./miniFE-2.0_ref/utils/utils.hpp
./miniFE-2.0_ref/utils/box_utils.hpp
./miniFE-2.0_ref/utils/outstream.hpp
./miniFE-2.0_ref/utils/BoxPartition.cpp
./miniFE-2.0_ref/utils/TypeTraits.hpp
./miniFE-2.0_ref/utils/Parameters.hpp
./miniFE-2.0_ref/utils/utils.cpp
./miniFE-2.0_ref/utils/param_utils.hpp
./miniFE-2.0_ref/utils/BoxIterator.hpp
./miniFE-2.0_ref/utils/param_utils.cpp
./miniFE-2.0_ref/utils/compute_matrix_stats.hpp
./miniFE-2.0_ref/fem/
./miniFE-2.0_ref/fem/Hex8_enums.hpp
./miniFE-2.0_ref/fem/analytic_soln.hpp
./miniFE-2.0_ref/fem/matrix_algebra_3x3.hpp
./miniFE-2.0_ref/fem/verify_solution.hpp
./miniFE-2.0_ref/fem/gauss_pts.hpp
./miniFE-2.0_ref/fem/Hex8_ElemData.hpp
./miniFE-2.0_ref/fem/Hex8.hpp
./miniFE-2.0_ref/fem/ElemData.hpp
mpicc -O3    -c     \
accelerate_kernel_c.c           \
PdV_kernel_c.c                  \
flux_calc_kernel_c.c            \
revert_kernel_c.c               \
reset_field_kernel_c.c          \
ideal_gas_kernel_c.c            \
viscosity_kernel_c.c            \
advec_mom_kernel_c.c            \
advec_cell_kernel_c.c           \
calc_dt_kernel_c.c		\
field_summary_kernel_c.c	\
update_halo_kernel_c.c		\
pack_kernel_c.c			\
generate_chunk_kernel_c.c	\
initialise_chunk_kernel_c.c	\
timer_c.c
make: mpicc: Command not found
make: *** [c_lover] Error 127
/home/cc/exp/baremetal/mantevo
Rebuilding dependencies...
./generate_info_header CoMD-mpi "mpicc" "-std=c99 -DDOUBLE -DDO_MPI -g -O5   " " -lm "
which: no mpicc in (/usr/local/bin:/usr/bin:/usr/local/sbin:/usr/sbin:/home/cc/.local/bin:/home/cc/bin)
CC: 
Compiler version: unknown
make[1]: *** [depend] Error 127
mpicc -std=c99 -DDOUBLE -DDO_MPI -g -O5    -c ljForce.c -o ljForce.o
/bin/bash: mpicc: command not found
make: *** [ljForce.o] Error 127
/home/cc/exp/baremetal/mantevo
./get_common_files
./generate_info_header "mpicxx" "-O3 -g" "miniFE" "MINIFE"
which: no mpicxx in (/usr/local/bin:/usr/bin:/usr/local/sbin:/usr/sbin:/home/cc/.local/bin:/home/cc/bin)
CXX: unknown
Compiler version: unknown
mpicxx -O3 -g -I. -I../utils -I../fem -DMINIFE_SCALAR=double -DMINIFE_LOCAL_ORDINAL=int -DMINIFE_GLOBAL_ORDINAL=int -DMINIFE_CSR_MATRIX -DHAVE_MPI -DMPICH_IGNORE_CXX_SEEK -DMINIFE_REPORT_RUSAGE -DMINIFE_INFO=1 -DMINIFE_KERNELS=0 -c main.cpp
make: mpicxx: Command not found
make: *** [main.o] Error 127
/home/cc/exp/baremetal/mantevo
/home/cc/exp/baremetal/mantevo
/home/cc/exp/baremetal/mantevo
/home/cc/exp/baremetal/mantevo
