
Clover Version    1.000
       MPI Version
   Task Count     96

 Output file clover.out opened. All output will go there.

Clover Version    1.000
       MPI Version
   Task Count     96

 Step       1 time   0.0000000 control    sound    timestep   3.85E-04       1,       1 x  3.26E-04 y  3.26E-04
 Wall clock    1.3586280345916748     
 Average time per cell    5.7586162761759218E-009
 Step time per cell       5.7586162761759218E-009
 Step       2 time   0.0003852 control    sound    timestep   2.35E-04       1,       1 x  3.26E-04 y  3.26E-04
 Wall clock    2.8700740337371826     
 Average time per cell    6.0824797603547472E-009
 Step time per cell       6.4058005793615142E-009
 Step       3 time   0.0006203 control    sound    timestep   2.99E-04       1,       1 x  3.26E-04 y  3.26E-04
 Wall clock    4.1955730915069580     
 Average time per cell    5.9277189629264523E-009
 Step time per cell       5.6176415657521122E-009
 Step       4 time   0.0009190 control    sound    timestep   3.15E-04       1,       1 x  3.26E-04 y  3.26E-04
 Wall clock    5.6118931770324707     
 Average time per cell    5.9465759881681557E-009
 Step time per cell       6.0025579134364511E-009
 Step       5 time   0.0012337 control    sound    timestep   3.46E-04       1,       1 x  3.26E-04 y  3.26E-04
 Wall clock    6.9774160385131836     
 Average time per cell    5.9148288629431692E-009
 Step time per cell       5.7872643487321007E-009
 Step       6 time   0.0015801 control    sound    timestep   3.46E-04       1,       1 x  3.26E-04 y  3.26E-04
 Wall clock    8.3792200088500977     
 Average time per cell    5.9192940103390291E-009
 Step time per cell       5.9410821348946131E-009
 Step       7 time   0.0019257 control    sound    timestep   3.52E-04       1,       1 x  3.26E-04 y  3.26E-04
 Wall clock    9.7503590583801270     
 Average time per cell    5.9039155617245430E-009
 Step time per cell       5.8111779960907167E-009
 Step       8 time   0.0022778 control    sound    timestep   3.70E-04       1,       1 x  3.26E-04 y  3.26E-04
 Wall clock    11.168356180191040     
 Average time per cell    5.9172080252917820E-009
 Step time per cell       6.0097924385142206E-009
 Step       9 time   0.0026482 control    sound    timestep   3.66E-04       1,       1 x  3.26E-04 y  3.26E-04
 Wall clock    12.503496170043945     
 Average time per cell    5.8885250185949753E-009
 Step time per cell       5.6584768673120481E-009
 Step      10 time   0.0030146 control    sound    timestep   3.64E-04       1,       1 x  3.26E-04 y  3.26E-04
 Wall clock    14.006599187850952     
 Average time per cell    5.9367706247333746E-009
 Step time per cell       6.3705071321843813E-009
 Step      11 time   0.0033784 control    sound    timestep   3.61E-04       1,       1 x  3.26E-04 y  3.26E-04
 Wall clock    15.372200012207031     
 Average time per cell    5.9232615508289650E-009
 Step time per cell       5.7879080688710221E-009
 Step      12 time   0.0037396 control    sound    timestep   3.60E-04       1,       1 x  3.26E-04 y  3.26E-04
 Wall clock    16.689937114715576     
 Average time per cell    5.8950979143480290E-009
 Step time per cell       5.5847592900843464E-009
 Step      13 time   0.0040994 control    sound    timestep   3.61E-04       1,       1 x  3.26E-04 y  3.26E-04
 Wall clock    18.086584091186523     
 Average time per cell    5.8969951177047744E-009
 Step time per cell       5.9192441565553758E-009
 Step      14 time   0.0044601 control    sound    timestep   3.62E-04       1,       1 x  3.26E-04 y  3.26E-04
 Wall clock    19.545634984970093     
 Average time per cell    5.9175143120690278E-009
 Step time per cell       6.1837252158309434E-009
 Step      15 time   0.0048222 control    sound    timestep   3.63E-04       1,       1 x  3.26E-04 y  3.26E-04
 Wall clock    20.901359081268311     
 Average time per cell    5.9061005433452210E-009
 Step time per cell       5.7458409072650185E-009
 Step      16 time   0.0051849 control    sound    timestep   3.63E-04       1,       1 x  3.26E-04 y  3.26E-04
 Wall clock    22.253169059753418     
 Average time per cell    5.8950766085925152E-009
 Step time per cell       5.7292214074146210E-009
 Step      17 time   0.0055477 control    sound    timestep   3.63E-04       1,       1 x  3.26E-04 y  3.26E-04
 Wall clock    23.645653009414673     
 Average time per cell    5.8954907110412880E-009
 Step time per cell       5.9016333074800465E-009
 Step      18 time   0.0059107 control    sound    timestep   3.63E-04       1,       1 x  3.26E-04 y  3.26E-04
 Wall clock    25.028401136398315     
 Average time per cell    5.8935662579002651E-009
 Step time per cell       5.8603675117612714E-009
 Step      19 time   0.0062737 control    sound    timestep   3.63E-04       1,       1 x  3.26E-04 y  3.26E-04
 Wall clock    26.396167039871216     
 Average time per cell    5.8885021187121332E-009
 Step time per cell       5.7968514334384557E-009
 Step      20 time   0.0066369 control    sound    timestep   3.63E-04       1,       1 x  3.26E-04 y  3.26E-04
 Wall clock    27.892091989517212     
 Average time per cell    5.9111048358317927E-009
 Step time per cell       6.3400996926551064E-009
 Step      21 time   0.0070000 control    sound    timestep   3.63E-04       1,       1 x  3.26E-04 y  3.26E-04
 Wall clock    29.243929147720337     
 Average time per cell    5.9024728336476194E-009
 Step time per cell       5.7296377538780992E-009
 Step      22 time   0.0073634 control    sound    timestep   3.63E-04       1,       1 x  3.26E-04 y  3.26E-04
 Wall clock    30.574815988540649     
 Average time per cell    5.8905892398218960E-009
 Step time per cell       5.6404830199123050E-009
 Step      23 time   0.0077269 control    sound    timestep   3.64E-04       1,       1 x  3.26E-04 y  3.26E-04
 Wall clock    31.952252149581909     
 Average time per cell    5.8883173384333645E-009
 Step time per cell       5.8378221486539888E-009
 Step      24 time   0.0080904 control    sound    timestep   3.64E-04       1,       1 x  3.26E-04 y  3.26E-04
 Wall clock    33.347153186798096     
 Average time per cell    5.8893191702804030E-009
 Step time per cell       5.9118145953915600E-009
 Step      25 time   0.0084540 control    sound    timestep   3.64E-04       1,       1 x  3.26E-04 y  3.26E-04
 Wall clock    34.738600015640259     
 Average time per cell    5.8896552218357097E-009
 Step time per cell       5.8972455008188264E-009
 Step      26 time   0.0088177 control    sound    timestep   3.64E-04       1,       1 x  3.26E-04 y  3.26E-04
 Wall clock    36.163132190704346     
 Average time per cell    5.8953590377912512E-009
 Step time per cell       6.0374622989911588E-009
 Step      27 time   0.0091816 control    sound    timestep   3.64E-04       1,       1 x  3.26E-04 y  3.26E-04
 Wall clock    37.512227058410645     
 Average time per cell    5.8887979418610382E-009
 Step time per cell       5.7176546559074065E-009
 Step      28 time   0.0095455 control    sound    timestep   3.64E-04       1,       1 x  3.26E-04 y  3.26E-04
 Wall clock    38.903551101684570     
 Average time per cell    5.8890980162975629E-009
 Step time per cell       5.8966533187130052E-009
 Step      29 time   0.0099094 control    sound    timestep   3.64E-04       1,       1 x  3.26E-04 y  3.26E-04
 Wall clock    40.289371967315674     
 Average time per cell    5.8885730681022077E-009
 Step time per cell       5.8734086552350262E-009
 Step      30 time   0.0102734 control    sound    timestep   3.64E-04       1,       1 x  3.26E-04 y  3.26E-04
 Wall clock    41.727564096450806     
 Average time per cell    5.8954823948119562E-009
 Step time per cell       6.0953779110503900E-009
 Step      31 time   0.0106374 control    sound    timestep   3.64E-04       1,       1 x  3.26E-04 y  3.26E-04
 Wall clock    43.047144174575806     
 Average time per cell    5.8857284292372571E-009
 Step time per cell       5.5928386346850958E-009
 Step      32 time   0.0110014 control    sound    timestep   3.64E-04       1,       1 x  3.26E-04 y  3.26E-04
 Wall clock    44.465695142745972     
 Average time per cell    5.8896932526093023E-009
 Step time per cell       6.0120985128580489E-009
 Step      33 time   0.0113654 control    sound    timestep   3.64E-04       1,       1 x  3.26E-04 y  3.26E-04
 Wall clock    45.799602985382080     
 Average time per cell    5.8825461372069898E-009
 Step time per cell       5.6532290828828179E-009
 Step      34 time   0.0117295 control    sound    timestep   3.64E-04       1,       1 x  3.26E-04 y  3.26E-04
 Wall clock    47.217225074768066     
 Average time per cell    5.8862555353960106E-009
 Step time per cell       6.0081775801437390E-009
 Step      35 time   0.0120936 control    sound    timestep   3.64E-04       1,       1 x  3.26E-04 y  3.26E-04
 Wall clock    48.591727972030640     
 Average time per cell    5.8845311691079082E-009
 Step time per cell       5.8253731872860552E-009
 Step      36 time   0.0124578 control    sound    timestep   3.64E-04       1,       1 x  3.26E-04 y  3.26E-04
 Wall clock    50.003515005111694     
 Average time per cell    5.8872923444950077E-009
 Step time per cell       5.9833989022687698E-009
 Step      37 time   0.0128221 control    sound    timestep   3.64E-04       1,       1 x  3.26E-04 y  3.26E-04
 Wall clock    51.466018199920654     
 Average time per cell    5.8957140810763908E-009
 Step time per cell       6.1984044603175588E-009
 Step      38 time   0.0131864 control    sound    timestep   3.64E-04       1,       1 x  3.26E-04 y  3.26E-04
 Wall clock    52.791488170623779     
 Average time per cell    5.8884077652851773E-009
 Step time per cell       5.6176163020103967E-009
 Step      39 time   0.0135508 control    sound    timestep   3.64E-04       1,       1 x  3.26E-04 y  3.26E-04
 Wall clock    54.175897121429443     
 Average time per cell    5.8878816698546498E-009
 Step time per cell       5.8673817370112781E-009
 Step      40 time   0.0139152 control    sound    timestep   3.64E-04       1,       1 x  3.26E-04 y  3.26E-04
 Wall clock    55.662875175476074     
 Average time per cell    5.8982504924642851E-009
 Step time per cell       6.3021474892997908E-009
 Step      41 time   0.0142797 control    sound    timestep   3.64E-04       1,       1 x  3.26E-04 y  3.26E-04
 Wall clock    56.995534181594849     
 Average time per cell    5.8921601191156126E-009
 Step time per cell       5.6483289275395997E-009
 Step      42 time   0.0146441 control    sound    timestep   3.64E-04       1,       1 x  3.26E-04 y  3.26E-04
 Wall clock    58.360615968704224     
 Average time per cell    5.8896318030689602E-009
 Step time per cell       5.7854200955868385E-009
 Step      43 time   0.0150085 control    sound    timestep   3.64E-04       1,       1 x  3.26E-04 y  3.26E-04
 Wall clock    59.721228122711182     
 Average time per cell    5.8867805069631315E-009
 Step time per cell       5.7664834053462581E-009
 Step      44 time   0.0153730 control    sound    timestep   3.64E-04       1,       1 x  3.26E-04 y  3.26E-04
 Wall clock    61.106765985488892     
 Average time per cell    5.8864599271725059E-009
 Step time per cell       5.8721788162882958E-009
 Step      45 time   0.0157375 control    sound    timestep   3.65E-04       1,       1 x  3.26E-04 y  3.26E-04
 Wall clock    62.550513029098511     
 Average time per cell    5.8916363213714327E-009
 Step time per cell       6.1189014862369125E-009
 Step      46 time   0.0161020 control    sound    timestep   3.65E-04       1,       1 x  3.26E-04 y  3.26E-04
 Wall clock    63.869446992874146     
 Average time per cell    5.8850870724806249E-009
 Step time per cell       5.5898666081096353E-009
 Step      47 time   0.0164666 control    sound    timestep   3.65E-04       1,       1 x  3.26E-04 y  3.26E-04
 Wall clock    65.265660047531128     
 Average time per cell    5.8857856955680334E-009
 Step time per cell       5.9173584708737004E-009
 Step      48 time   0.0168311 control    sound    timestep   3.65E-04       1,       1 x  3.26E-04 y  3.26E-04
 Wall clock    66.611864089965820     
 Average time per cell    5.8820392546800169E-009
 Step time per cell       5.7053673824864541E-009
 Step      49 time   0.0171958 control    sound    timestep   3.65E-04       1,       1 x  3.26E-04 y  3.26E-04
 Wall clock    68.013429164886475     
 Average time per cell    5.8832345183916569E-009
 Step time per cell       5.9401069544643781E-009
 Step      50 time   0.0175604 control    sound    timestep   3.65E-04       1,       1 x  3.26E-04 y  3.26E-04
 Wall clock    69.489946126937866     
 Average time per cell    5.8907357217524097E-009
 Step time per cell       6.2578035592903483E-009
 Step      51 time   0.0179251 control    sound    timestep   3.65E-04       1,       1 x  3.26E-04 y  3.26E-04
 Wall clock    70.807487010955811     
 Average time per cell    5.8847304376137433E-009
 Step time per cell       5.5841822662235545E-009
 Step      52 time   0.0182899 control    sound    timestep   3.65E-04       1,       1 x  3.26E-04 y  3.26E-04
 Wall clock    72.196380138397217     
 Average time per cell    5.8847720919223700E-009
 Step time per cell       5.8864174611193849E-009
 Step      53 time   0.0186547 control    sound    timestep   3.65E-04       1,       1 x  3.26E-04 y  3.26E-04
 Wall clock    73.588577985763550     
 Average time per cell    5.8850764617091045E-009
 Step time per cell       5.9003024135664522E-009
 Step      54 time   0.0190195 control    sound    timestep   3.65E-04       1,       1 x  3.26E-04 y  3.26E-04
 Wall clock    74.972045183181763     
 Average time per cell    5.8846842748682600E-009
 Step time per cell       5.8633809708731459E-009
 Step      55 time   0.0193844 control    sound    timestep   3.65E-04       1,       1 x  3.26E-04 y  3.26E-04
 Wall clock    76.319015979766846     
 Average time per cell    5.8814937691557023E-009
 Step time per cell       5.7087405972803634E-009
 Step      56 time   0.0197492 control    sound    timestep   3.65E-04       1,       1 x  3.26E-04 y  3.26E-04
 Wall clock    77.680112123489380     
 Average time per cell    5.8794863355340946E-009
 Step time per cell       5.7685772642596726E-009
 Step      57 time   0.0201141 control    sound    timestep   3.65E-04       1,       1 x  3.26E-04 y  3.26E-04
 Wall clock    79.145627975463867     
 Average time per cell    5.8853140472548831E-009
 Step time per cell       6.2111414283410546E-009
 Step      58 time   0.0204789 control    sound    timestep   3.65E-04       1,       1 x  3.26E-04 y  3.26E-04
 Wall clock    80.527023077011108     
 Average time per cell    5.8847933858389952E-009
 Step time per cell       5.8546195052460668E-009
 Step      59 time   0.0208438 control    sound    timestep   3.65E-04       1,       1 x  3.26E-04 y  3.26E-04
 Wall clock    81.904767990112305     
 Average time per cell    5.8840281448875976E-009
 Step time per cell       5.8391308104748732E-009
 Step      60 time   0.0212087 control    sound    timestep   3.65E-04       1,       1 x  3.26E-04 y  3.26E-04
 Wall clock    83.358896017074585     
 Average time per cell    5.8886843092935761E-009
 Step time per cell       6.1628674706702842E-009
 Step      61 time   0.0215736 control    sound    timestep   3.65E-04       1,       1 x  3.26E-04 y  3.26E-04
 Wall clock    84.660516977310181     
 Average time per cell    5.8825909402503471E-009
 Step time per cell       5.5168362046566064E-009
 Step      62 time   0.0219386 control    sound    timestep   3.65E-04       1,       1 x  3.26E-04 y  3.26E-04
 Wall clock    86.099066019058228     
 Average time per cell    5.8860550486696735E-009
 Step time per cell       6.0968351236725636E-009
 Step      63 time   0.0223036 control    sound    timestep   3.65E-04       1,       1 x  3.26E-04 y  3.26E-04
 Wall clock    87.448806047439575     
 Average time per cell    5.8834342382952156E-009
 Step time per cell       5.7204690367345598E-009
 Step      64 time   0.0226686 control    sound    timestep   3.65E-04       1,       1 x  3.26E-04 y  3.26E-04
 Wall clock    88.842295169830322     
 Average time per cell    5.8837927162534878E-009
 Step time per cell       5.9058594261942845E-009
 Step      65 time   0.0230337 control    sound    timestep   3.65E-04       1,       1 x  3.26E-04 y  3.26E-04
 Wall clock    90.208104133605957     
 Average time per cell    5.8823351824902891E-009
 Step time per cell       5.7885275358178963E-009
 Step      66 time   0.0233988 control    sound    timestep   3.65E-04       1,       1 x  3.26E-04 y  3.26E-04
 Wall clock    91.559139966964722     
 Average time per cell    5.8799730787029795E-009
 Step time per cell       5.7259361104418836E-009
 Step      67 time   0.0237639 control    sound    timestep   3.65E-04       1,       1 x  3.26E-04 y  3.26E-04
 Wall clock    92.960831165313721     
 Average time per cell    5.8808860440555475E-009
 Step time per cell       5.9406577040337853E-009
 Step      68 time   0.0241291 control    sound    timestep   3.65E-04       1,       1 x  3.26E-04 y  3.26E-04
 Wall clock    94.335488080978394     
 Average time per cell    5.8800870659135306E-009
 Step time per cell       5.8260088230276270E-009
 Step      69 time   0.0244942 control    sound    timestep   3.65E-04       1,       1 x  3.26E-04 y  3.26E-04
 Wall clock    95.749670982360840     
 Average time per cell    5.8817392605620821E-009
 Step time per cell       5.9936014117233249E-009
 Step      70 time   0.0248594 control    sound    timestep   3.65E-04       1,       1 x  3.26E-04 y  3.26E-04
 Wall clock    97.194518089294434     
 Average time per cell    5.8852009903011285E-009
 Step time per cell       6.1235894261497175E-009
 Step      71 time   0.0252246 control    sound    timestep   3.65E-04       1,       1 x  3.26E-04 y  3.26E-04
 Wall clock    98.551413059234619     
 Average time per cell    5.8833146466438535E-009
 Step time per cell       5.7510078477207573E-009
 Step      72 time   0.0255898 control    sound    timestep   3.65E-04       1,       1 x  3.26E-04 y  3.26E-04
 Wall clock    99.927401065826416     
 Average time per cell    5.8826046852904434E-009
 Step time per cell       5.8317052915097314E-009
 Step      73 time   0.0259550 control    sound    timestep   3.65E-04       1,       1 x  3.26E-04 y  3.26E-04
 Wall clock    101.26602005958557     
 Average time per cell    5.8797444417355781E-009
 Step time per cell       5.6732682828118818E-009
 Step      74 time   0.0263202 control    sound    timestep   3.65E-04       1,       1 x  3.26E-04 y  3.26E-04
 Wall clock    102.64948916435242     
 Average time per cell    5.8795304149107846E-009
 Step time per cell       5.8634102768135362E-009
 Step      75 time   0.0266854 control    sound    timestep   3.65E-04       1,       1 x  3.26E-04 y  3.26E-04
 Wall clock    104.00935602188110     
 Average time per cell    5.8779882372753625E-009
 Step time per cell       5.7633294798304432E-009
 Step      76 time   0.0270507 control    sound    timestep   3.65E-04       1,       1 x  3.26E-04 y  3.26E-04
 Wall clock    105.39548611640930     
 Average time per cell    5.8779513552263777E-009
 Step time per cell       5.8747314647512716E-009
 Step      77 time   0.0274160 control    sound    timestep   3.65E-04       1,       1 x  3.26E-04 y  3.26E-04
 Wall clock    106.79589915275574     
 Average time per cell    5.8787016519189119E-009
 Step time per cell       5.9352452000085682E-009
 Step      78 time   0.0277813 control    sound    timestep   3.65E-04       1,       1 x  3.26E-04 y  3.26E-04
 Wall clock    108.16258811950684     
 Average time per cell    5.8776001302337017E-009
 Step time per cell       5.7922615168435087E-009
 Step      79 time   0.0281467 control    sound    timestep   3.65E-04       1,       1 x  3.26E-04 y  3.26E-04
 Wall clock    109.58571314811707     
 Average time per cell    5.8795544345666352E-009
 Step time per cell       6.0314010220786764E-009
 Step      80 time   0.0285121 control    sound    timestep   3.65E-04       1,       1 x  3.26E-04 y  3.26E-04
 Wall clock    111.02122807502747     
 Average time per cell    5.8821163217241220E-009
 Step time per cell       6.0840183222252463E-009
 Step      81 time   0.0288775 control    sound    timestep   3.65E-04       1,       1 x  3.26E-04 y  3.26E-04
 Wall clock    112.39960408210754     
 Average time per cell    5.8816249979334461E-009
 Step time per cell       5.8420563517655765E-009
 Step      82 time   0.0292429 control    sound    timestep   3.65E-04       1,       1 x  3.26E-04 y  3.26E-04
 Wall clock    113.76898002624512     
 Average time per cell    5.8806804474127707E-009
 Step time per cell       5.8037140762381666E-009
 Step      83 time   0.0296084 control    sound    timestep   3.65E-04       1,       1 x  3.26E-04 y  3.26E-04
 Wall clock    115.15463900566101     
 Average time per cell    5.8805901812440294E-009
 Step time per cell       5.8726931860696321E-009
 Step      84 time   0.0299738 control    sound    timestep   3.65E-04       1,       1 x  3.26E-04 y  3.26E-04
 Wall clock    116.54991412162781     
 Average time per cell    5.8809872845053197E-009
 Step time per cell       5.9134638124507750E-009
 Step      85 time   0.0303393 control    sound    timestep   3.65E-04       1,       1 x  3.26E-04 y  3.26E-04
 Wall clock    117.92347502708435     
 Average time per cell    5.8802922580237471E-009
 Step time per cell       5.8213805055452718E-009
 Step      86 time   0.0307048 control    sound    timestep   3.65E-04       1,       1 x  3.26E-04 y  3.26E-04
 Wall clock    119.30625915527344     
 Average time per cell    5.8800679660409459E-009
 Step time per cell       5.8605241469599103E-009
 Step      87 time   0.0310703 control    sound    timestep   3.66E-04       1,       1 x  3.26E-04 y  3.26E-04
 Wall clock    120.74064397811890     
 First step overhead -0.15269088745117188     
real 121.73
user 2866.24
sys 49.50
