
Clover Version    1.000
       MPI Version
   Task Count     48


Clover Version    1.000
       MPI Version
   Task Count     48

 Output file clover.out opened. All output will go there.
 Step       1 time   0.0000000 control    sound    timestep   3.85E-04       1,       1 x  3.26E-04 y  6.51E-04
 Wall clock    1.3802700042724609     
 Average time per cell    1.1700693802494141E-008
 Step time per cell       1.1700685718096793E-008
 Step       2 time   0.0003852 control    sound    timestep   3.24E-04       1,       1 x  3.26E-04 y  6.51E-04
 Wall clock    2.7586090564727783     
 Average time per cell    1.1692509360727853E-008
 Step time per cell       1.1682780799067889E-008
 Step       3 time   0.0007096 control    sound    timestep   2.96E-04       1,       1 x  3.26E-04 y  6.51E-04
 Wall clock    4.1214540004730225     
 Average time per cell    1.1645999485928634E-008
 Step time per cell       1.1551132451535928E-008
 Step       4 time   0.0010056 control    sound    timestep   3.09E-04       1,       1 x  3.26E-04 y  6.51E-04
 Wall clock    5.5119550228118896     
 Average time per cell    1.1681355418760277E-008
 Step time per cell       1.1786236831944229E-008
 Step       5 time   0.0013145 control    sound    timestep   3.35E-04       1,       1 x  3.26E-04 y  6.51E-04
 Wall clock    6.8957121372222900     
 Average time per cell    1.1691135215288442E-008
 Step time per cell       1.1729025573004038E-008
 Step       6 time   0.0016496 control    sound    timestep   3.49E-04       1,       1 x  3.26E-04 y  6.51E-04
 Wall clock    8.2775759696960449     
 Average time per cell    1.1694980154667670E-008
 Step time per cell       1.1713034635047532E-008
 Step       7 time   0.0019981 control    sound    timestep   3.54E-04       1,       1 x  3.26E-04 y  6.51E-04
 Wall clock    9.6335799694061279     
 Average time per cell    1.1666409894435976E-008
 Step time per cell       1.1493913108198386E-008
 Step       8 time   0.0023523 control    sound    timestep   3.66E-04       1,       1 x  3.26E-04 y  6.51E-04
 Wall clock    11.024343967437744     
 Average time per cell    1.1681815218859507E-008
 Step time per cell       1.1788526737493359E-008
 Step       9 time   0.0027186 control    sound    timestep   3.64E-04       1,       1 x  3.26E-04 y  6.51E-04
 Wall clock    12.414519071578979     
 Average time per cell    1.1693242458370801E-008
 Step time per cell       1.1783490157944875E-008
 Step      10 time   0.0030826 control    sound    timestep   3.64E-04       1,       1 x  3.26E-04 y  6.51E-04
 Wall clock    13.827708959579468     
 Average time per cell    1.1721894123992468E-008
 Step time per cell       1.1978623256759924E-008
 Step      11 time   0.0034468 control    sound    timestep   3.63E-04       1,       1 x  3.26E-04 y  6.51E-04
 Wall clock    15.202013015747070     
 Average time per cell    1.1715369188518385E-008
 Step time per cell       1.1649626685539260E-008
 Step      12 time   0.0038101 control    sound    timestep   3.63E-04       1,       1 x  3.26E-04 y  6.51E-04
 Wall clock    16.570029973983765     
 Average time per cell    1.1705490376496325E-008
 Step time per cell       1.1595721945114848E-008
 Step      13 time   0.0041727 control    sound    timestep   3.62E-04       1,       1 x  3.26E-04 y  6.51E-04
 Wall clock    17.943894147872925     
 Average time per cell    1.1700944263342784E-008
 Step time per cell       1.1645305575156170E-008
 Step      14 time   0.0045349 control    sound    timestep   3.63E-04       1,       1 x  3.26E-04 y  6.51E-04
 Wall clock    19.315917968750000     
 Average time per cell    1.1695933247369434E-008
 Step time per cell       1.1629739068060492E-008
 Step      15 time   0.0048977 control    sound    timestep   3.64E-04       1,       1 x  3.26E-04 y  6.51E-04
 Wall clock    20.685467004776001     
 Average time per cell    1.1690191766117803E-008
 Step time per cell       1.1608555925906533E-008
 Step      16 time   0.0052612 control    sound    timestep   3.64E-04       1,       1 x  3.26E-04 y  6.51E-04
 Wall clock    22.053049087524414     
 Average time per cell    1.1684125840676844E-008
 Step time per cell       1.1592094071804443E-008
 Step      17 time   0.0056248 control    sound    timestep   3.64E-04       1,       1 x  3.26E-04 y  6.51E-04
 Wall clock    23.427162170410156     
 Average time per cell    1.1682030257884584E-008
 Step time per cell       1.1647381244175550E-008
 Step      18 time   0.0059884 control    sound    timestep   3.64E-04       1,       1 x  3.26E-04 y  6.51E-04
 Wall clock    24.793727159500122     
 Average time per cell    1.1676612740740422E-008
 Step time per cell       1.1583599391289883E-008
 Step      19 time   0.0063520 control    sound    timestep   3.64E-04       1,       1 x  3.26E-04 y  6.51E-04
 Wall clock    26.160783052444458     
 Average time per cell    1.1671984511902774E-008
 Step time per cell       1.1587601167977684E-008
 Step      20 time   0.0067157 control    sound    timestep   3.64E-04       1,       1 x  3.26E-04 y  6.51E-04
 Wall clock    27.656798124313354     
 Average time per cell    1.1722479131195642E-008
 Step time per cell       1.2680876453588199E-008
 Step      21 time   0.0070795 control    sound    timestep   3.64E-04       1,       1 x  3.26E-04 y  6.51E-04
 Wall clock    29.021900177001953     
 Average time per cell    1.1715318862269953E-008
 Step time per cell       1.1571630441014552E-008
 Step      22 time   0.0074432 control    sound    timestep   3.64E-04       1,       1 x  3.26E-04 y  6.51E-04
 Wall clock    30.409337997436523     
 Average time per cell    1.1717416010938134E-008
 Step time per cell       1.1760346549433760E-008
 Step      23 time   0.0078069 control    sound    timestep   3.64E-04       1,       1 x  3.26E-04 y  6.51E-04
 Wall clock    31.792834997177124     
 Average time per cell    1.1717878331420133E-008
 Step time per cell       1.1727099465335615E-008
 Step      24 time   0.0081707 control    sound    timestep   3.64E-04       1,       1 x  3.26E-04 y  6.51E-04
 Wall clock    33.166969060897827     
 Average time per cell    1.1714995017192214E-008
 Step time per cell       1.1647559100917230E-008
 Step      25 time   0.0085346 control    sound    timestep   3.64E-04       1,       1 x  3.26E-04 y  6.51E-04
 Wall clock    34.539803981781006     
 Average time per cell    1.1711901849290977E-008
 Step time per cell       1.1636564320522464E-008
 Step      26 time   0.0088984 control    sound    timestep   3.64E-04       1,       1 x  3.26E-04 y  6.51E-04
 Wall clock    35.912531137466431     
 Average time per cell    1.1709011481347510E-008
 Step time per cell       1.1635860977953093E-008
 Step      27 time   0.0092622 control    sound    timestep   3.64E-04       1,       1 x  3.26E-04 y  6.51E-04
 Wall clock    37.273056983947754     
 Average time per cell    1.1702504408078214E-008
 Step time per cell       1.1532245278229110E-008
 Step      28 time   0.0096261 control    sound    timestep   3.64E-04       1,       1 x  3.26E-04 y  6.51E-04
 Wall clock    38.642143964767456     
 Average time per cell    1.1699054041292540E-008
 Step time per cell       1.1604859335218659E-008
 Step      29 time   0.0099899 control    sound    timestep   3.64E-04       1,       1 x  3.26E-04 y  6.51E-04
 Wall clock    40.024842977523804     
 Average time per cell    1.1699820617887358E-008
 Step time per cell       1.1720096356131964E-008
 Step      30 time   0.0103538 control    sound    timestep   3.64E-04       1,       1 x  3.26E-04 y  6.51E-04
 Wall clock    41.451277971267700     
 Average time per cell    1.1712894572863458E-008
 Step time per cell       1.2091022654203697E-008
 Step      31 time   0.0107177 control    sound    timestep   3.64E-04       1,       1 x  3.26E-04 y  6.51E-04
 Wall clock    42.831624984741211     
 Average time per cell    1.1712522058176898E-008
 Step time per cell       1.1700845384944438E-008
 Step      32 time   0.0110815 control    sound    timestep   3.64E-04       1,       1 x  3.26E-04 y  6.51E-04
 Wall clock    44.194154977798462     
 Average time per cell    1.1707452927112172E-008
 Step time per cell       1.1549248786953588E-008
 Step      33 time   0.0114454 control    sound    timestep   3.64E-04       1,       1 x  3.26E-04 y  6.51E-04
 Wall clock    45.563841104507446     
 Average time per cell    1.1704529297827375E-008
 Step time per cell       1.1609869640475760E-008
 Step      34 time   0.0118093 control    sound    timestep   3.64E-04       1,       1 x  3.26E-04 y  6.51E-04
 Wall clock    46.925806045532227     
 Average time per cell    1.1699852549617051E-008
 Step time per cell       1.1544537604398404E-008
 Step      35 time   0.0121733 control    sound    timestep   3.64E-04       1,       1 x  3.26E-04 y  6.51E-04
 Wall clock    48.299453020095825     
 Average time per cell    1.1698272467742394E-008
 Step time per cell       1.1643498712348647E-008
 Step      36 time   0.0125372 control    sound    timestep   3.64E-04       1,       1 x  3.26E-04 y  6.51E-04
 Wall clock    49.677392005920410     
 Average time per cell    1.1697790830146038E-008
 Step time per cell       1.1679821909638122E-008
 Step      37 time   0.0129011 control    sound    timestep   3.64E-04       1,       1 x  3.26E-04 y  6.51E-04
 Wall clock    51.055157184600830     
 Average time per cell    1.1697295405894976E-008
 Step time per cell       1.1678441498790763E-008
 Step      38 time   0.0132651 control    sound    timestep   3.64E-04       1,       1 x  3.26E-04 y  6.51E-04
 Wall clock    52.442752122879028     
 Average time per cell    1.1699018896198614E-008
 Step time per cell       1.1761771424466536E-008
 Step      39 time   0.0136290 control    sound    timestep   3.64E-04       1,       1 x  3.26E-04 y  6.51E-04
 Wall clock    53.815720081329346     
 Average time per cell    1.1697474657657405E-008
 Step time per cell       1.1637360633661350E-008
 Step      40 time   0.0139930 control    sound    timestep   3.64E-04       1,       1 x  3.26E-04 y  6.51E-04
 Wall clock    55.246103048324585     
 Average time per cell    1.1708175457493376E-008
 Step time per cell       1.2124463763838220E-008
 Step      41 time   0.0143570 control    sound    timestep   3.64E-04       1,       1 x  3.26E-04 y  6.51E-04
 Wall clock    56.639034986495972     
 Average time per cell    1.1710610942581296E-008
 Step time per cell       1.1807597830839869E-008
 Step      42 time   0.0147209 control    sound    timestep   3.64E-04       1,       1 x  3.26E-04 y  6.51E-04
 Wall clock    57.985004186630249     
 Average time per cell    1.1703451688782677E-008
 Step time per cell       1.1408743982125695E-008
 Step      43 time   0.0150849 control    sound    timestep   3.64E-04       1,       1 x  3.26E-04 y  6.51E-04
 Wall clock    59.399629116058350     
 Average time per cell    1.1710160349776068E-008
 Step time per cell       1.1990822612359706E-008
 Step      44 time   0.0154489 control    sound    timestep   3.64E-04       1,       1 x  3.26E-04 y  6.51E-04
 Wall clock    60.779508113861084     
 Average time per cell    1.1709869869089817E-008
 Step time per cell       1.1696184729872685E-008
 Step      45 time   0.0158129 control    sound    timestep   3.64E-04       1,       1 x  3.26E-04 y  6.51E-04
 Wall clock    62.160546064376831     
 Average time per cell    1.1709810622298033E-008
 Step time per cell       1.1706075990029301E-008
 Step      46 time   0.0161769 control    sound    timestep   3.64E-04       1,       1 x  3.26E-04 y  6.51E-04
 Wall clock    63.512380123138428     
 Average time per cell    1.1704372115414095E-008
 Step time per cell       1.1458612587173573E-008
 Step      47 time   0.0165409 control    sound    timestep   3.64E-04       1,       1 x  3.26E-04 y  6.51E-04
 Wall clock    64.925307989120483     
 Average time per cell    1.1710184153946046E-008
 Step time per cell       1.1976470785965730E-008
 Step      48 time   0.0169050 control    sound    timestep   3.64E-04       1,       1 x  3.26E-04 y  6.51E-04
 Wall clock    66.286538124084473     
 Average time per cell    1.1706623876374646E-008
 Step time per cell       1.1538229753366776E-008
 Step      49 time   0.0172690 control    sound    timestep   3.64E-04       1,       1 x  3.26E-04 y  6.51E-04
 Wall clock    67.662647008895874     
 Average time per cell    1.1705782971872322E-008
 Step time per cell       1.1664453470277496E-008
 Step      50 time   0.0176331 control    sound    timestep   3.64E-04       1,       1 x  3.26E-04 y  6.51E-04
 Wall clock    69.090408086776733     
 Average time per cell    1.1713732924868559E-008
 Step time per cell       1.2102203375737494E-008
 Step      51 time   0.0179971 control    sound    timestep   3.64E-04       1,       1 x  3.26E-04 y  6.51E-04
 Wall clock    70.463644027709961     
 Average time per cell    1.1712308069650482E-008
 Step time per cell       1.1640624709091045E-008
 Step      52 time   0.0183612 control    sound    timestep   3.64E-04       1,       1 x  3.26E-04 y  6.51E-04
 Wall clock    71.841274023056030     
 Average time per cell    1.1711654340802058E-008
 Step time per cell       1.1677160121810934E-008
 Step      53 time   0.0187253 control    sound    timestep   3.64E-04       1,       1 x  3.26E-04 y  6.51E-04
 Wall clock    73.216782093048096     
 Average time per cell    1.1710685888813921E-008
 Step time per cell       1.1659182443205887E-008
 Step      54 time   0.0190893 control    sound    timestep   3.64E-04       1,       1 x  3.26E-04 y  6.51E-04
 Wall clock    74.579378128051758     
 Average time per cell    1.1707726329921480E-008
 Step time per cell       1.1549988509311030E-008
 Step      55 time   0.0194534 control    sound    timestep   3.64E-04       1,       1 x  3.26E-04 y  6.51E-04
 Wall clock    75.960601091384888     
 Average time per cell    1.1707745344587367E-008
 Step time per cell       1.1707721164889841E-008
 Step      56 time   0.0198175 control    sound    timestep   3.64E-04       1,       1 x  3.26E-04 y  6.51E-04
 Wall clock    77.326617956161499     
 Average time per cell    1.1705461828468186E-008
 Step time per cell       1.1578801301463197E-008
 Step      57 time   0.0201816 control    sound    timestep   3.64E-04       1,       1 x  3.26E-04 y  6.51E-04
 Wall clock    78.700334072113037     
 Average time per cell    1.1704403477140882E-008
 Step time per cell       1.1644050472467725E-008
 Step      58 time   0.0205457 control    sound    timestep   3.64E-04       1,       1 x  3.26E-04 y  6.51E-04
 Wall clock    80.063377141952515     
 Average time per cell    1.1701821680463962E-008
 Step time per cell       1.1553608298224086E-008
 Step      59 time   0.0209098 control    sound    timestep   3.64E-04       1,       1 x  3.26E-04 y  6.51E-04
 Wall clock    81.456267118453979     
 Average time per cell    1.1703615798297024E-008
 Step time per cell       1.1806666104045387E-008
 Step      60 time   0.0212739 control    sound    timestep   3.64E-04       1,       1 x  3.26E-04 y  6.51E-04
 Wall clock    82.873106002807617     
 Average time per cell    1.1708733735657814E-008
 Step time per cell       1.2009649152686406E-008
 Step      61 time   0.0216381 control    sound    timestep   3.64E-04       1,       1 x  3.26E-04 y  6.51E-04
 Wall clock    84.244439125061035     
 Average time per cell    1.1707359984498438E-008
 Step time per cell       1.1624383154816718E-008
 Step      62 time   0.0220023 control    sound    timestep   3.64E-04       1,       1 x  3.26E-04 y  6.51E-04
 Wall clock    85.621857166290283     
 Average time per cell    1.1706862523655264E-008
 Step time per cell       1.1675432081877564E-008
 Step      63 time   0.0223664 control    sound    timestep   3.64E-04       1,       1 x  3.26E-04 y  6.51E-04
 Wall clock    86.977689027786255     
 Average time per cell    1.1703476278824613E-008
 Step time per cell       1.1492554929443738E-008
 Step      64 time   0.0227306 control    sound    timestep   3.64E-04       1,       1 x  3.26E-04 y  6.51E-04
 Wall clock    88.439994096755981     
 Average time per cell    1.1714298737943965E-008
 Step time per cell       1.2395147576979878E-008
 Step      65 time   0.0230948 control    sound    timestep   3.64E-04       1,       1 x  3.26E-04 y  6.51E-04
 Wall clock    89.819452047348022     
 Average time per cell    1.1713983525639464E-008
 Step time per cell       1.1692902464548954E-008
 Step      66 time   0.0234590 control    sound    timestep   3.64E-04       1,       1 x  3.26E-04 y  6.51E-04
 Wall clock    91.200591087341309     
 Average time per cell    1.1713893786002176E-008
 Step time per cell       1.1706941020545654E-008
 Step      67 time   0.0238233 control    sound    timestep   3.64E-04       1,       1 x  3.26E-04 y  6.51E-04
 Wall clock    92.568331956863403     
 Average time per cell    1.1712111535632309E-008
 Step time per cell       1.1593652339393480E-008
 Step      68 time   0.0241875 control    sound    timestep   3.64E-04       1,       1 x  3.26E-04 y  6.51E-04
 Wall clock    93.943665981292725     
 Average time per cell    1.1711328292209990E-008
 Step time per cell       1.1657747462676424E-008
 Step      69 time   0.0245517 control    sound    timestep   3.64E-04       1,       1 x  3.26E-04 y  6.51E-04
 Wall clock    95.306874036788940     
 Average time per cell    1.1709077996244930E-008
 Step time per cell       1.1554938181588012E-008
 Step      70 time   0.0249159 control    sound    timestep   3.64E-04       1,       1 x  3.26E-04 y  6.51E-04
 Wall clock    96.735464096069336     
 Average time per cell    1.1714809853214001E-008
 Step time per cell       1.2109180210649761E-008
 Step      71 time   0.0252802 control    sound    timestep   3.64E-04       1,       1 x  3.26E-04 y  6.51E-04
 Wall clock    98.110517978668213     
 Average time per cell    1.1713988252340470E-008
 Step time per cell       1.1655987085153659E-008
 Step      72 time   0.0256444 control    sound    timestep   3.64E-04       1,       1 x  3.26E-04 y  6.51E-04
 Wall clock    99.477244138717651     
 Average time per cell    1.1712208987897431E-008
 Step time per cell       1.1584812050892246E-008
 Step      73 time   0.0260087 control    sound    timestep   3.64E-04       1,       1 x  3.26E-04 y  6.51E-04
 Wall clock    100.85310316085815     
 Average time per cell    1.1711539021537950E-008
 Step time per cell       1.1662165585827703E-008
 Step      74 time   0.0263730 control    sound    timestep   3.64E-04       1,       1 x  3.26E-04 y  6.51E-04
 Wall clock    102.23553514480591     
 Average time per cell    1.1711640131129120E-008
 Step time per cell       1.1717978244026502E-008
 Step      75 time   0.0267372 control    sound    timestep   3.64E-04       1,       1 x  3.26E-04 y  6.51E-04
 Wall clock    103.59739303588867     
 Average time per cell    1.1709413094515050E-008
 Step time per cell       1.1543452274054289E-008
 Step      76 time   0.0271015 control    sound    timestep   3.64E-04       1,       1 x  3.26E-04 y  6.51E-04
 Wall clock    104.98662018775940     
 Average time per cell    1.1710297454896380E-008
 Step time per cell       1.1775615954926858E-008
 Step      77 time   0.0274659 control    sound    timestep   3.64E-04       1,       1 x  3.26E-04 y  6.51E-04
 Wall clock    106.35671210289001     
 Average time per cell    1.1709052203167674E-008
 Step time per cell       1.1613539956872248E-008
 Step      78 time   0.0278302 control    sound    timestep   3.64E-04       1,       1 x  3.26E-04 y  6.51E-04
 Wall clock    107.72795414924622     
 Average time per cell    1.1707963878191024E-008
 Step time per cell       1.1622984554075325E-008
 Step      79 time   0.0281946 control    sound    timestep   3.64E-04       1,       1 x  3.26E-04 y  6.51E-04
 Wall clock    109.11011099815369     
 Average time per cell    1.1708074320019609E-008
 Step time per cell       1.1715552924821775E-008
 Step      80 time   0.0285589 control    sound    timestep   3.64E-04       1,       1 x  3.26E-04 y  6.51E-04
 Wall clock    110.53630113601685     
 Average time per cell    1.1712847935996252E-008
 Step time per cell       1.2088920710892934E-008
 Step      81 time   0.0289233 control    sound    timestep   3.64E-04       1,       1 x  3.26E-04 y  6.51E-04
 Wall clock    111.90319013595581     
 Average time per cell    1.1711297487691224E-008
 Step time per cell       1.1586754327355367E-008
 Step      82 time   0.0292877 control    sound    timestep   3.64E-04       1,       1 x  3.26E-04 y  6.51E-04
 Wall clock    113.27140903472900     
 Average time per cell    1.1709922339248554E-008
 Step time per cell       1.1597449985048217E-008
 Step      83 time   0.0296521 control    sound    timestep   3.64E-04       1,       1 x  3.26E-04 y  6.51E-04
 Wall clock    114.66778111457825     
 Average time per cell    1.1711455718154422E-008
 Step time per cell       1.1836166069972225E-008
 Step      84 time   0.0300165 control    sound    timestep   3.64E-04       1,       1 x  3.26E-04 y  6.51E-04
 Wall clock    116.04387211799622     
 Average time per cell    1.1710905864049135E-008
 Step time per cell       1.1664421132688100E-008
 Step      85 time   0.0303809 control    sound    timestep   3.64E-04       1,       1 x  3.26E-04 y  6.51E-04
 Wall clock    117.40986204147339     
 Average time per cell    1.1709361560444890E-008
 Step time per cell       1.1578827575754580E-008
 Step      86 time   0.0307453 control    sound    timestep   3.64E-04       1,       1 x  3.26E-04 y  6.51E-04
 Wall clock    118.78422713279724     
 Average time per cell    1.1708678719453762E-008
 Step time per cell       1.1649568073658479E-008
 Step      87 time   0.0311097 control    sound    timestep   3.64E-04       1,       1 x  3.26E-04 y  6.51E-04
 Wall clock    120.20095515251160     
 First step overhead   2.1121501922607422E-003
real 121.02
user 2843.05
sys 56.89
