
Clover Version    1.000
       MPI Version
   Task Count    384

 Output file clover.out opened. All output will go there.

Clover Version    1.000
       MPI Version
   Task Count    384

 Step       1 time   0.0000000 control    sound    timestep   1.93E-04       1,       1 x  1.63E-04 y  1.63E-04
 Wall clock    1.4432730674743652     
 Average time per cell    1.5293471733457410E-009
 Step time per cell       1.5293471733457410E-009
 Step       2 time   0.0001926 control    sound    timestep   1.18E-04       1,       1 x  1.63E-04 y  1.63E-04
 Wall clock    3.0206520557403564     
 Average time per cell    1.6003990468662880E-009
 Step time per cell       1.6713258648653411E-009
 Step       3 time   0.0003101 control    sound    timestep   1.49E-04       1,       1 x  1.63E-04 y  1.63E-04
 Wall clock    4.4578440189361572     
 Average time per cell    1.5745671657054185E-009
 Step time per cell       1.5227581368688133E-009
 Step       4 time   0.0004595 control    sound    timestep   1.57E-04       1,       1 x  1.63E-04 y  1.63E-04
 Wall clock    5.7844681739807129     
 Average time per cell    1.5323607587763237E-009
 Step time per cell       1.4055876818019897E-009
 Step       5 time   0.0006169 control    sound    timestep   1.73E-04       1,       1 x  1.63E-04 y  1.63E-04
 Wall clock    7.2438681125640869     
 Average time per cell    1.5351757711970195E-009
 Step time per cell       1.5462842384295073E-009
 Step       6 time   0.0007900 control    sound    timestep   1.73E-04       1,       1 x  1.63E-04 y  1.63E-04
 Wall clock    8.6190330982208252     
 Average time per cell    1.5221760181534424E-009
 Step time per cell       1.4570183440001630E-009
 Step       7 time   0.0009628 control    sound    timestep   1.76E-04       1,       1 x  1.63E-04 y  1.63E-04
 Wall clock    10.019243001937866     
 Average time per cell    1.5166817017113013E-009
 Step time per cell       1.4835791262157728E-009
 Step       8 time   0.0011389 control    sound    timestep   1.85E-04       1,       1 x  1.63E-04 y  1.63E-04
 Wall clock    11.388195991516113     
 Average time per cell    1.5084208371263229E-009
 Step time per cell       1.4504601292881287E-009
 Step       9 time   0.0013241 control    sound    timestep   1.83E-04       1,       1 x  1.63E-04 y  1.63E-04
 Wall clock    12.778434991836548     
 Average time per cell    1.5045018834051142E-009
 Step time per cell       1.4729933657993872E-009
 Step      10 time   0.0015073 control    sound    timestep   1.82E-04       1,       1 x  1.63E-04 y  1.63E-04
 Wall clock    14.270590066909790     
 Average time per cell    1.5121661363082240E-009
 Step time per cell       1.5810180937276325E-009
 Step      11 time   0.0016892 control    sound    timestep   1.81E-04       1,       1 x  1.63E-04 y  1.63E-04
 Wall clock    15.554797172546387     
 Average time per cell    1.4984051071076814E-009
 Step time per cell       1.3607639933373623E-009
 Step      12 time   0.0018698 control    sound    timestep   1.80E-04       1,       1 x  1.63E-04 y  1.63E-04
 Wall clock    16.987508058547974     
 Average time per cell    1.5000509384427223E-009
 Step time per cell       1.5180047638649638E-009
 Step      13 time   0.0020497 control    sound    timestep   1.80E-04       1,       1 x  1.63E-04 y  1.63E-04
 Wall clock    18.365655183792114     
 Average time per cell    1.4969960386970810E-009
 Step time per cell       1.4602111756782203E-009
 Step      14 time   0.0022300 control    sound    timestep   1.81E-04       1,       1 x  1.63E-04 y  1.63E-04
 Wall clock    19.762185096740723     
 Average time per cell    1.4957689176847612E-009
 Step time per cell       1.4796670358110633E-009
 Step      15 time   0.0024111 control    sound    timestep   1.81E-04       1,       1 x  1.63E-04 y  1.63E-04
 Wall clock    21.122951030731201     
 Average time per cell    1.4921789544233535E-009
 Step time per cell       1.4417840551080494E-009
 Step      16 time   0.0025924 control    sound    timestep   1.81E-04       1,       1 x  1.63E-04 y  1.63E-04
 Wall clock    22.493380069732666     
 Average time per cell    1.4896776987269631E-009
 Step time per cell       1.4520146073159088E-009
 Step      17 time   0.0027738 control    sound    timestep   1.81E-04       1,       1 x  1.63E-04 y  1.63E-04
 Wall clock    23.995024204254150     
 Average time per cell    1.4956495624276798E-009
 Step time per cell       1.5910806420530813E-009
 Step      18 time   0.0029553 control    sound    timestep   1.82E-04       1,       1 x  1.63E-04 y  1.63E-04
 Wall clock    25.358173131942749     
 Average time per cell    1.4928048411677060E-009
 Step time per cell       1.4443048712564632E-009
 Step      19 time   0.0031369 control    sound    timestep   1.82E-04       1,       1 x  1.63E-04 y  1.63E-04
 Wall clock    26.701423168182373     
 Average time per cell    1.4891497945608380E-009
 Step time per cell       1.4231861516438787E-009
 Step      20 time   0.0033184 control    sound    timestep   1.82E-04       1,       1 x  1.63E-04 y  1.63E-04
 Wall clock    28.238934993743896     
 Average time per cell    1.4961526125666245E-009
 Step time per cell       1.6290790780557372E-009
 Step      21 time   0.0035000 control    sound    timestep   1.82E-04       1,       1 x  1.63E-04 y  1.63E-04
 Wall clock    29.590299129486084     
 Average time per cell    1.4930956769613278E-009
 Step time per cell       1.4319218482544077E-009
 Step      22 time   0.0036817 control    sound    timestep   1.82E-04       1,       1 x  1.63E-04 y  1.63E-04
 Wall clock    30.999999046325684     
 Average time per cell    1.4931264090454064E-009
 Step time per cell       1.4936351059683754E-009
 Step      23 time   0.0038634 control    sound    timestep   1.82E-04       1,       1 x  1.63E-04 y  1.63E-04
 Wall clock    32.317528009414673     
 Average time per cell    1.4889080402086172E-009
 Step time per cell       1.3959884704996107E-009
 Step      24 time   0.0040452 control    sound    timestep   1.82E-04       1,       1 x  1.63E-04 y  1.63E-04
 Wall clock    33.780106067657471     
 Average time per cell    1.4914453501020305E-009
 Step time per cell       1.5496688219071884E-009
 Step      25 time   0.0042270 control    sound    timestep   1.82E-04       1,       1 x  1.63E-04 y  1.63E-04
 Wall clock    35.100625991821289     
 Average time per cell    1.4877584665858497E-009
 Step time per cell       1.3992032816329608E-009
 Step      26 time   0.0044089 control    sound    timestep   1.82E-04       1,       1 x  1.63E-04 y  1.63E-04
 Wall clock    36.469998121261597     
 Average time per cell    1.4863461763945032E-009
 Step time per cell       1.4509158871886839E-009
 Step      27 time   0.0045908 control    sound    timestep   1.82E-04       1,       1 x  1.63E-04 y  1.63E-04
 Wall clock    37.855553150177002     
 Average time per cell    1.4856736120442599E-009
 Step time per cell       1.4680260089032042E-009
 Step      28 time   0.0047727 control    sound    timestep   1.82E-04       1,       1 x  1.63E-04 y  1.63E-04
 Wall clock    39.235681056976318     
 Average time per cell    1.4848437028073629E-009
 Step time per cell       1.4623143821760702E-009
 Step      29 time   0.0049547 control    sound    timestep   1.82E-04       1,       1 x  1.63E-04 y  1.63E-04
 Wall clock    40.657102108001709     
 Average time per cell    1.4855798490386068E-009
 Step time per cell       1.5060509718346617E-009
 Step      30 time   0.0051367 control    sound    timestep   1.82E-04       1,       1 x  1.63E-04 y  1.63E-04
 Wall clock    42.142192125320435     
 Average time per cell    1.4885157876657710E-009
 Step time per cell       1.5735276469462809E-009
 Step      31 time   0.0053187 control    sound    timestep   1.82E-04       1,       1 x  1.63E-04 y  1.63E-04
 Wall clock    43.445856094360352     
 Average time per cell    1.4850608283682229E-009
 Step time per cell       1.3813696063556967E-009
 Step      32 time   0.0055007 control    sound    timestep   1.82E-04       1,       1 x  1.63E-04 y  1.63E-04
 Wall clock    44.902068138122559     
 Average time per cell    1.4868732339184337E-009
 Step time per cell       1.5429317399038054E-009
 Step      33 time   0.0056827 control    sound    timestep   1.82E-04       1,       1 x  1.63E-04 y  1.63E-04
 Wall clock    46.235532999038696     
 Average time per cell    1.4846343544288499E-009
 Step time per cell       1.4128641446910075E-009
 Step      34 time   0.0058648 control    sound    timestep   1.82E-04       1,       1 x  1.63E-04 y  1.63E-04
 Wall clock    47.724097013473511     
 Average time per cell    1.4873609671709119E-009
 Step time per cell       1.5772022581788608E-009
 Step      35 time   0.0060468 control    sound    timestep   1.82E-04       1,       1 x  1.63E-04 y  1.63E-04
 Wall clock    49.069995164871216     
 Average time per cell    1.4856125109497318E-009
 Step time per cell       1.4260684919362473E-009
 Step      36 time   0.0062289 control    sound    timestep   1.82E-04       1,       1 x  1.63E-04 y  1.63E-04
 Wall clock    50.434852123260498     
 Average time per cell    1.4845192321512582E-009
 Step time per cell       1.4461188079116660E-009
 Step      37 time   0.0064110 control    sound    timestep   1.82E-04       1,       1 x  1.63E-04 y  1.63E-04
 Wall clock    51.860427141189575     
 Average time per cell    1.4852239460183214E-009
 Step time per cell       1.5104526735538254E-009
 Step      38 time   0.0065932 control    sound    timestep   1.82E-04       1,       1 x  1.63E-04 y  1.63E-04
 Wall clock    53.201910018920898     
 Average time per cell    1.4835466423626086E-009
 Step time per cell       1.4213570567436464E-009
 Step      39 time   0.0067754 control    sound    timestep   1.82E-04       1,       1 x  1.63E-04 y  1.63E-04
 Wall clock    54.654855012893677     
 Average time per cell    1.4849838032109426E-009
 Step time per cell       1.5394582280552843E-009
 Step      40 time   0.0069576 control    sound    timestep   1.82E-04       1,       1 x  1.63E-04 y  1.63E-04
 Wall clock    56.134812116622925     
 Average time per cell    1.4870646825531569E-009
 Step time per cell       1.5680896265419304E-009
 Step      41 time   0.0071398 control    sound    timestep   1.82E-04       1,       1 x  1.63E-04 y  1.63E-04
 Wall clock    57.533209085464478     
 Average time per cell    1.4869361475674306E-009
 Step time per cell       1.4817649369231530E-009
 Step      42 time   0.0073220 control    sound    timestep   1.82E-04       1,       1 x  1.63E-04 y  1.63E-04
 Wall clock    58.924510002136230     
 Average time per cell    1.4866347035941933E-009
 Step time per cell       1.4741400870358727E-009
 Step      43 time   0.0075043 control    sound    timestep   1.82E-04       1,       1 x  1.63E-04 y  1.63E-04
 Wall clock    60.276873111724854     
 Average time per cell    1.4853877457346375E-009
 Step time per cell       1.4328871758253727E-009
 Step      44 time   0.0076865 control    sound    timestep   1.82E-04       1,       1 x  1.63E-04 y  1.63E-04
 Wall clock    61.716781139373779     
 Average time per cell    1.4863057844415765E-009
 Step time per cell       1.5256584144178003E-009
 Step      45 time   0.0078687 control    sound    timestep   1.82E-04       1,       1 x  1.63E-04 y  1.63E-04
 Wall clock    63.114607095718384     
 Average time per cell    1.4861920932656367E-009
 Step time per cell       1.4810530046815983E-009
 Step      46 time   0.0080510 control    sound    timestep   1.82E-04       1,       1 x  1.63E-04 y  1.63E-04
 Wall clock    64.454263210296631     
 Average time per cell    1.4847433673079263E-009
 Step time per cell       1.4194246331397962E-009
 Step      47 time   0.0082333 control    sound    timestep   1.82E-04       1,       1 x  1.63E-04 y  1.63E-04
 Wall clock    65.856310129165649     
 Average time per cell    1.4847629206494101E-009
 Step time per cell       1.4855289818014070E-009
 Step      48 time   0.0084156 control    sound    timestep   1.82E-04       1,       1 x  1.63E-04 y  1.63E-04
 Wall clock    67.321773052215576     
 Average time per cell    1.4861816179358424E-009
 Step time per cell       1.5527323032276602E-009
 Step      49 time   0.0085979 control    sound    timestep   1.82E-04       1,       1 x  1.63E-04 y  1.63E-04
 Wall clock    68.701127052307129     
 Average time per cell    1.4856802806790915E-009
 Step time per cell       1.4614973527689775E-009
 Step      50 time   0.0087802 control    sound    timestep   1.82E-04       1,       1 x  1.63E-04 y  1.63E-04
 Wall clock    70.160667181015015     
 Average time per cell    1.4868983624991315E-009
 Step time per cell       1.5464583056099299E-009
 Step      51 time   0.0089626 control    sound    timestep   1.82E-04       1,       1 x  1.63E-04 y  1.63E-04
 Wall clock    71.521999120712280     
 Average time per cell    1.4860281834303637E-009
 Step time per cell       1.4424873976774204E-009
 Step      52 time   0.0091450 control    sound    timestep   1.82E-04       1,       1 x  1.63E-04 y  1.63E-04
 Wall clock    72.938891172409058     
 Average time per cell    1.4863236576554929E-009
 Step time per cell       1.5012614716801585E-009
 Step      53 time   0.0093274 control    sound    timestep   1.82E-04       1,       1 x  1.63E-04 y  1.63E-04
 Wall clock    74.316914081573486     
 Average time per cell    1.4858308644479372E-009
 Step time per cell       1.4601283106053921E-009
 Step      54 time   0.0095098 control    sound    timestep   1.82E-04       1,       1 x  1.63E-04 y  1.63E-04
 Wall clock    75.662975072860718     
 Average time per cell    1.4847291364171518E-009
 Step time per cell       1.4262188111994571E-009
 Step      55 time   0.0096922 control    sound    timestep   1.82E-04       1,       1 x  1.63E-04 y  1.63E-04
 Wall clock    77.051305055618286     
 Average time per cell    1.4844818318611354E-009
 Step time per cell       1.4709864141574749E-009
 Step      56 time   0.0098746 control    sound    timestep   1.82E-04       1,       1 x  1.63E-04 y  1.63E-04
 Wall clock    78.446206092834473     
 Average time per cell    1.4843676978223753E-009
 Step time per cell       1.4779652701690793E-009
 Step      57 time   0.0100570 control    sound    timestep   1.82E-04       1,       1 x  1.63E-04 y  1.63E-04
 Wall clock    79.876668214797974     
 Average time per cell    1.4849186541239045E-009
 Step time per cell       1.5156259299449932E-009
 Step      58 time   0.0102395 control    sound    timestep   1.82E-04       1,       1 x  1.63E-04 y  1.63E-04
 Wall clock    81.192591190338135     
 Average time per cell    1.4833580249175832E-009
 Step time per cell       1.3943142423360970E-009
 Step      59 time   0.0104219 control    sound    timestep   1.82E-04       1,       1 x  1.63E-04 y  1.63E-04
 Wall clock    82.621386051177979     
 Average time per cell    1.4838774738774771E-009
 Step time per cell       1.5138711104454058E-009
 Step      60 time   0.0106044 control    sound    timestep   1.82E-04       1,       1 x  1.63E-04 y  1.63E-04
 Wall clock    84.094938993453979     
 Average time per cell    1.4851700640334727E-009
 Step time per cell       1.5613037855170356E-009
 Step      61 time   0.0107868 control    sound    timestep   1.82E-04       1,       1 x  1.63E-04 y  1.63E-04
 Wall clock    85.460857152938843     
 Average time per cell    1.4845505377927346E-009
 Step time per cell       1.4473418256481333E-009
 Step      62 time   0.0109693 control    sound    timestep   1.82E-04       1,       1 x  1.63E-04 y  1.63E-04
 Wall clock    86.846737146377563     
 Average time per cell    1.4842921627273280E-009
 Step time per cell       1.4684052176663600E-009
 Step      63 time   0.0111518 control    sound    timestep   1.83E-04       1,       1 x  1.63E-04 y  1.63E-04
 Wall clock    88.228073120117188     
 Average time per cell    1.4839655612110829E-009
 Step time per cell       1.4635785798115345E-009
 Step      64 time   0.0113343 control    sound    timestep   1.83E-04       1,       1 x  1.63E-04 y  1.63E-04
 Wall clock    89.611793041229248     
 Average time per cell    1.4836886366411920E-009
 Step time per cell       1.4661077329947148E-009
 Step      65 time   0.0115168 control    sound    timestep   1.83E-04       1,       1 x  1.63E-04 y  1.63E-04
 Wall clock    91.007400989532471     
 Average time per cell    1.4836140329333650E-009
 Step time per cell       1.4787113084619503E-009
 Step      66 time   0.0116994 control    sound    timestep   1.83E-04       1,       1 x  1.63E-04 y  1.63E-04
 Wall clock    92.407191991806030     
 Average time per cell    1.4836088493906854E-009
 Step time per cell       1.4831425687589218E-009
 Step      67 time   0.0118819 control    sound    timestep   1.83E-04       1,       1 x  1.63E-04 y  1.63E-04
 Wall clock    93.769257068634033     
 Average time per cell    1.4830071664154476E-009
 Step time per cell       1.4431581500199779E-009
 Step      68 time   0.0120645 control    sound    timestep   1.83E-04       1,       1 x  1.63E-04 y  1.63E-04
 Wall clock    95.142542123794556     
 Average time per cell    1.4825980199520036E-009
 Step time per cell       1.4550452457721500E-009
 Step      69 time   0.0122471 control    sound    timestep   1.83E-04       1,       1 x  1.63E-04 y  1.63E-04
 Wall clock    96.536996126174927     
 Average time per cell    1.4825258259024586E-009
 Step time per cell       1.4774789431410480E-009
 Step      70 time   0.0124297 control    sound    timestep   1.83E-04       1,       1 x  1.63E-04 y  1.63E-04
 Wall clock    98.030716180801392     
 Average time per cell    1.4839583530244583E-009
 Step time per cell       1.5826723635351907E-009
 Step      71 time   0.0126123 control    sound    timestep   1.83E-04       1,       1 x  1.63E-04 y  1.63E-04
 Wall clock    99.384092092514038     
 Average time per cell    1.4832559638182178E-009
 Step time per cell       1.4340578976164882E-009
 Step      72 time   0.0127949 control    sound    timestep   1.83E-04       1,       1 x  1.63E-04 y  1.63E-04
 Wall clock    100.72199821472168     
 Average time per cell    1.4823454134953122E-009
 Step time per cell       1.4175626953753333E-009
 Step      73 time   0.0129775 control    sound    timestep   1.83E-04       1,       1 x  1.63E-04 y  1.63E-04
 Wall clock    102.10244512557983     
 Average time per cell    1.4820773144375038E-009
 Step time per cell       1.4626301789475191E-009
 Step      74 time   0.0131601 control    sound    timestep   1.83E-04       1,       1 x  1.63E-04 y  1.63E-04
 Wall clock    103.57810115814209     
 Average time per cell    1.4831798020517803E-009
 Step time per cell       1.5635247210512818E-009
 Step      75 time   0.0133427 control    sound    timestep   1.83E-04       1,       1 x  1.63E-04 y  1.63E-04
 Wall clock    104.97132110595703     
 Average time per cell    1.4830881910812523E-009
 Step time per cell       1.4761925134128737E-009
 Step      76 time   0.0135254 control    sound    timestep   1.83E-04       1,       1 x  1.63E-04 y  1.63E-04
 Wall clock    106.35868406295776     
 Average time per cell    1.4829173292048182E-009
 Step time per cell       1.4699743486643355E-009
 Step      77 time   0.0137080 control    sound    timestep   1.83E-04       1,       1 x  1.63E-04 y  1.63E-04
 Wall clock    107.69500017166138     
 Average time per cell    1.4820484223532489E-009
 Step time per cell       1.4158791196273846E-009
 Step      78 time   0.0138907 control    sound    timestep   1.83E-04       1,       1 x  1.63E-04 y  1.63E-04
 Wall clock    109.08320021629333     
 Average time per cell    1.4819066438415904E-009
 Step time per cell       1.4708499899522091E-009
 Step      79 time   0.0140733 control    sound    timestep   1.83E-04       1,       1 x  1.63E-04 y  1.63E-04
 Wall clock    110.46749019622803     
 Average time per cell    1.4817160084107157E-009
 Step time per cell       1.4667203787313257E-009
 Step      80 time   0.0142560 control    sound    timestep   1.83E-04       1,       1 x  1.63E-04 y  1.63E-04
 Wall clock    111.96483922004700     
 Average time per cell    1.4830276597876945E-009
 Step time per cell       1.5865157365624327E-009
 Step      81 time   0.0144387 control    sound    timestep   1.83E-04       1,       1 x  1.63E-04 y  1.63E-04
 Wall clock    113.35190320014954     
 Average time per cell    1.4828641810390950E-009
 Step time per cell       1.4697563225733271E-009
 Step      82 time   0.0146215 control    sound    timestep   1.83E-04       1,       1 x  1.63E-04 y  1.63E-04
 Wall clock    114.72129011154175     
 Average time per cell    1.4824762591377733E-009
 Step time per cell       1.4509858677532368E-009
 Step      83 time   0.0148042 control    sound    timestep   1.83E-04       1,       1 x  1.63E-04 y  1.63E-04
 Wall clock    116.10228705406189     
 Average time per cell    1.4822459068204107E-009
 Step time per cell       1.4632372666609525E-009
 Step      84 time   0.0149869 control    sound    timestep   1.83E-04       1,       1 x  1.63E-04 y  1.63E-04
 Wall clock    117.47390007972717     
 Average time per cell    1.4819026634141525E-009
 Step time per cell       1.4532967422079916E-009
 Step      85 time   0.0151697 control    sound    timestep   1.83E-04       1,       1 x  1.63E-04 y  1.63E-04
 Wall clock    118.89216399192810     
 Average time per cell    1.4821490617132261E-009
 Step time per cell       1.5026992312212113E-009
 Step      86 time   0.0153524 control    sound    timestep   1.83E-04       1,       1 x  1.63E-04 y  1.63E-04
 Wall clock    120.25175404548645     
 Average time per cell    1.4816667872865865E-009
 Step time per cell       1.4405302156066884E-009
 Step      87 time   0.0155351 control    sound    timestep   1.83E-04       1,       1 x  1.63E-04 y  1.63E-04
 Wall clock    121.76434803009033     
 First step overhead -0.13398790359497070     
real 122.98
user 2904.53
sys 41.50
