
Clover Version    1.000
       MPI Version
   Task Count    192

 Output file clover.out opened. All output will go there.

Clover Version    1.000
       MPI Version
   Task Count    192

 Step       1 time   0.0000000 control    sound    timestep   1.93E-04       1,       1 x  1.63E-04 y  3.26E-04
 Wall clock    1.3923308849334717     
 Average time per cell    2.9507337886671948E-009
 Step time per cell       2.9507337886671948E-009
 Step       2 time   0.0001926 control    sound    timestep   1.62E-04       1,       1 x  1.63E-04 y  3.26E-04
 Wall clock    3.0431120395660400     
 Average time per cell    3.2245975489786361E-009
 Step time per cell       3.4980479944756049E-009
 Step       3 time   0.0003548 control    sound    timestep   1.48E-04       1,       1 x  1.63E-04 y  3.26E-04
 Wall clock    4.4554309844970703     
 Average time per cell    3.1474297025447919E-009
 Step time per cell       2.9928186348923998E-009
 Step       4 time   0.0005028 control    sound    timestep   1.54E-04       1,       1 x  1.63E-04 y  3.26E-04
 Wall clock    5.8324799537658691     
 Average time per cell    3.0901590738115678E-009
 Step time per cell       2.9180672653536831E-009
 Step       5 time   0.0006573 control    sound    timestep   1.68E-04       1,       1 x  1.63E-04 y  3.26E-04
 Wall clock    7.1833980083465576     
 Average time per cell    3.0447209711484094E-009
 Step time per cell       2.8626952068104098E-009
 Step       6 time   0.0008248 control    sound    timestep   1.74E-04       1,       1 x  1.63E-04 y  3.26E-04
 Wall clock    8.6036128997802734     
 Average time per cell    3.0389054262303505E-009
 Step time per cell       3.0095371686103237E-009
 Step       7 time   0.0009990 control    sound    timestep   1.77E-04       1,       1 x  1.63E-04 y  3.26E-04
 Wall clock    9.9950618743896484     
 Average time per cell    3.0260424763481650E-009
 Step time per cell       2.9485808125981646E-009
 Step       8 time   0.0011761 control    sound    timestep   1.83E-04       1,       1 x  1.63E-04 y  3.26E-04
 Wall clock    11.362641096115112     
 Average time per cell    3.0100719388630953E-009
 Step time per cell       2.8979916856365484E-009
 Step       9 time   0.0013593 control    sound    timestep   1.82E-04       1,       1 x  1.63E-04 y  3.26E-04
 Wall clock    12.781414985656738     
 Average time per cell    3.0097054812717998E-009
 Step time per cell       3.0064711609156803E-009
 Step      10 time   0.0015413 control    sound    timestep   1.82E-04       1,       1 x  1.63E-04 y  3.26E-04
 Wall clock    14.279417037963867     
 Average time per cell    3.0262029516355444E-009
 Step time per cell       3.1744174419954004E-009
 Step      11 time   0.0017234 control    sound    timestep   1.82E-04       1,       1 x  1.63E-04 y  3.26E-04
 Wall clock    15.630987882614136     
 Average time per cell    3.0114892290315986E-009
 Step time per cell       2.8642696431941457E-009
 Step      12 time   0.0019050 control    sound    timestep   1.81E-04       1,       1 x  1.63E-04 y  3.26E-04
 Wall clock    17.002470970153809     
 Average time per cell    3.0027444221626932E-009
 Step time per cell       2.9062989091875756E-009
 Step      13 time   0.0020863 control    sound    timestep   1.81E-04       1,       1 x  1.63E-04 y  3.26E-04
 Wall clock    18.439030885696411     
 Average time per cell    3.0059538760872230E-009
 Step time per cell       3.0442045802677361E-009
 Step      14 time   0.0022674 control    sound    timestep   1.81E-04       1,       1 x  1.63E-04 y  3.26E-04
 Wall clock    19.807003021240234     
 Average time per cell    2.9983222327520331E-009
 Step time per cell       2.8987945673482802E-009
 Step      15 time   0.0024489 control    sound    timestep   1.82E-04       1,       1 x  1.63E-04 y  3.26E-04
 Wall clock    21.180762052536011     
 Average time per cell    2.9925257439134401E-009
 Step time per cell       2.9111227680308125E-009
 Step      16 time   0.0026306 control    sound    timestep   1.82E-04       1,       1 x  1.63E-04 y  3.26E-04
 Wall clock    22.595782995223999     
 Average time per cell    2.9929191530047520E-009
 Step time per cell       2.9985383460168832E-009
 Step      17 time   0.0028124 control    sound    timestep   1.82E-04       1,       1 x  1.63E-04 y  3.26E-04
 Wall clock    24.022732973098755     
 Average time per cell    2.9947533916771027E-009
 Step time per cell       3.0238445308188806E-009
 Step      18 time   0.0029942 control    sound    timestep   1.82E-04       1,       1 x  1.63E-04 y  3.26E-04
 Wall clock    25.424122095108032     
 Average time per cell    2.9933743529976778E-009
 Step time per cell       2.9696532995634093E-009
 Step      19 time   0.0031760 control    sound    timestep   1.82E-04       1,       1 x  1.63E-04 y  3.26E-04
 Wall clock    26.852143049240112     
 Average time per cell    2.9951110136288775E-009
 Step time per cell       3.0260576345931947E-009
 Step      20 time   0.0033579 control    sound    timestep   1.82E-04       1,       1 x  1.63E-04 y  3.26E-04
 Wall clock    28.296099901199341     
 Average time per cell    2.9983626366932489E-009
 Step time per cell       3.0598746687044495E-009
 Step      21 time   0.0035397 control    sound    timestep   1.82E-04       1,       1 x  1.63E-04 y  3.26E-04
 Wall clock    29.658627033233643     
 Average time per cell    2.9930868636473037E-009
 Step time per cell       2.8874905587549115E-009
 Step      22 time   0.0037216 control    sound    timestep   1.82E-04       1,       1 x  1.63E-04 y  3.26E-04
 Wall clock    31.063302040100098     
 Average time per cell    2.9923508422639730E-009
 Step time per cell       2.9766230606279955E-009
 Step      23 time   0.0039035 control    sound    timestep   1.82E-04       1,       1 x  1.63E-04 y  3.26E-04
 Wall clock    32.403287887573242     
 Average time per cell    2.9857182053619644E-009
 Step time per cell       2.8395142079615550E-009
 Step      24 time   0.0040854 control    sound    timestep   1.82E-04       1,       1 x  1.63E-04 y  3.26E-04
 Wall clock    33.833060026168823     
 Average time per cell    2.9875667029989053E-009
 Step time per cell       3.0298148582611853E-009
 Step      25 time   0.0042673 control    sound    timestep   1.82E-04       1,       1 x  1.63E-04 y  3.26E-04
 Wall clock    35.216604948043823     
 Average time per cell    2.9853485911088583E-009
 Step time per cell       2.9318572261318980E-009
 Step      26 time   0.0044492 control    sound    timestep   1.82E-04       1,       1 x  1.63E-04 y  3.26E-04
 Wall clock    36.519285917282104     
 Average time per cell    2.9767098318639659E-009
 Step time per cell       2.7604947818973514E-009
 Step      27 time   0.0046311 control    sound    timestep   1.82E-04       1,       1 x  1.63E-04 y  3.26E-04
 Wall clock    38.014103889465332     
 Average time per cell    2.9837921432577794E-009
 Step time per cell       3.1676568647122216E-009
 Step      28 time   0.0048130 control    sound    timestep   1.82E-04       1,       1 x  1.63E-04 y  3.26E-04
 Wall clock    39.412780046463013     
 Average time per cell    2.9830917514667066E-009
 Step time per cell       2.9639497572336244E-009
 Step      29 time   0.0049950 control    sound    timestep   1.82E-04       1,       1 x  1.63E-04 y  3.26E-04
 Wall clock    40.781190872192383     
 Average time per cell    2.9802279177985345E-009
 Step time per cell       2.8998455390036623E-009
 Step      30 time   0.0051769 control    sound    timestep   1.82E-04       1,       1 x  1.63E-04 y  3.26E-04
 Wall clock    42.268339872360229     
 Average time per cell    2.9859429728444577E-009
 Step time per cell       3.1514082365902143E-009
 Step      31 time   0.0053588 control    sound    timestep   1.82E-04       1,       1 x  1.63E-04 y  3.26E-04
 Wall clock    43.692017078399658     
 Average time per cell    2.9869501447779926E-009
 Step time per cell       3.0170783955125241E-009
 Step      32 time   0.0055408 control    sound    timestep   1.82E-04       1,       1 x  1.63E-04 y  3.26E-04
 Wall clock    45.019986867904663     
 Average time per cell    2.9815559167268978E-009
 Step time per cell       2.8141125262158714E-009
 Step      33 time   0.0057227 control    sound    timestep   1.82E-04       1,       1 x  1.63E-04 y  3.26E-04
 Wall clock    46.400604963302612     
 Average time per cell    2.9798697117315873E-009
 Step time per cell       2.9256630619379899E-009
 Step      34 time   0.0059047 control    sound    timestep   1.82E-04       1,       1 x  1.63E-04 y  3.26E-04
 Wall clock    47.809247016906738     
 Average time per cell    2.9800294749507244E-009
 Step time per cell       2.9850687294836261E-009
 Step      35 time   0.0060866 control    sound    timestep   1.82E-04       1,       1 x  1.63E-04 y  3.26E-04
 Wall clock    49.132984876632690     
 Average time per cell    2.9750390962045271E-009
 Step time per cell       2.8051014548206393E-009
 Step      36 time   0.0062686 control    sound    timestep   1.82E-04       1,       1 x  1.63E-04 y  3.26E-04
 Wall clock    50.590959072113037     
 Average time per cell    2.9782282907058010E-009
 Step time per cell       3.0895954397338858E-009
 Step      37 time   0.0064506 control    sound    timestep   1.82E-04       1,       1 x  1.63E-04 y  3.26E-04
 Wall clock    51.975197076797485     
 Average time per cell    2.9770216541918898E-009
 Step time per cell       2.9333391972209534E-009
 Step      38 time   0.0066325 control    sound    timestep   1.82E-04       1,       1 x  1.63E-04 y  3.26E-04
 Wall clock    53.399266958236694     
 Average time per cell    2.9780999656720020E-009
 Step time per cell       3.0177499057673330E-009
 Step      39 time   0.0068145 control    sound    timestep   1.82E-04       1,       1 x  1.63E-04 y  3.26E-04
 Wall clock    54.795290946960449     
 Average time per cell    2.9775989536253041E-009
 Step time per cell       2.9583038162349514E-009
 Step      40 time   0.0069965 control    sound    timestep   1.82E-04       1,       1 x  1.63E-04 y  3.26E-04
 Wall clock    56.244077920913696     
 Average time per cell    2.9799184757292905E-009
 Step time per cell       3.0701994546689091E-009
 Step      41 time   0.0071785 control    sound    timestep   1.82E-04       1,       1 x  1.63E-04 y  3.26E-04
 Wall clock    57.607425928115845     
 Average time per cell    2.9777085388574288E-009
 Step time per cell       2.8892302200094693E-009
 Step      42 time   0.0073605 control    sound    timestep   1.82E-04       1,       1 x  1.63E-04 y  3.26E-04
 Wall clock    58.919713973999023     
 Average time per cell    2.9730274046034549E-009
 Step time per cell       2.7808507891475324E-009
 Step      43 time   0.0075424 control    sound    timestep   1.82E-04       1,       1 x  1.63E-04 y  3.26E-04
 Wall clock    60.389189004898071     
 Average time per cell    2.9763110357919380E-009
 Step time per cell       3.1139648449930569E-009
 Step      44 time   0.0077244 control    sound    timestep   1.82E-04       1,       1 x  1.63E-04 y  3.26E-04
 Wall clock    61.814857006072998     
 Average time per cell    2.9773354292432709E-009
 Step time per cell       3.0211595003493132E-009
 Step      45 time   0.0079064 control    sound    timestep   1.82E-04       1,       1 x  1.63E-04 y  3.26E-04
 Wall clock    63.151206970214844     
 Average time per cell    2.9741078586444075E-009
 Step time per cell       2.8318911265361949E-009
 Step      46 time   0.0080884 control    sound    timestep   1.82E-04       1,       1 x  1.63E-04 y  3.26E-04
 Wall clock    64.556940078735352     
 Average time per cell    2.9742171835201535E-009
 Step time per cell       2.9788846707864042E-009
 Step      47 time   0.0082705 control    sound    timestep   1.82E-04       1,       1 x  1.63E-04 y  3.26E-04
 Wall clock    65.923804044723511     
 Average time per cell    2.9725692083806750E-009
 Step time per cell       2.8965167883951735E-009
 Step      48 time   0.0084525 control    sound    timestep   1.82E-04       1,       1 x  1.63E-04 y  3.26E-04
 Wall clock    67.315186023712158     
 Average time per cell    2.9720724080982984E-009
 Step time per cell       2.9484898631279874E-009
 Step      49 time   0.0086345 control    sound    timestep   1.82E-04       1,       1 x  1.63E-04 y  3.26E-04
 Wall clock    68.825423002243042     
 Average time per cell    2.9767364278020465E-009
 Step time per cell       3.2003552203402956E-009
 Step      50 time   0.0088165 control    sound    timestep   1.82E-04       1,       1 x  1.63E-04 y  3.26E-04
 Wall clock    70.356358051300049     
 Average time per cell    2.9820911853069752E-009
 Step time per cell       3.2442393502505081E-009
 Step      51 time   0.0089986 control    sound    timestep   1.82E-04       1,       1 x  1.63E-04 y  3.26E-04
 Wall clock    71.688302040100098     
 Average time per cell    2.9789669909549996E-009
 Step time per cell       2.8227021983992827E-009
 Step      52 time   0.0091806 control    sound    timestep   1.82E-04       1,       1 x  1.63E-04 y  3.26E-04
 Wall clock    73.098334074020386     
 Average time per cell    2.9791454606186786E-009
 Step time per cell       2.9879700175822814E-009
 Step      53 time   0.0093626 control    sound    timestep   1.82E-04       1,       1 x  1.63E-04 y  3.26E-04
 Wall clock    74.483589887619019     
 Average time per cell    2.9783264850967941E-009
 Step time per cell       2.9354861099919718E-009
 Step      54 time   0.0095447 control    sound    timestep   1.82E-04       1,       1 x  1.63E-04 y  3.26E-04
 Wall clock    75.854114055633545     
 Average time per cell    2.9769596859509481E-009
 Step time per cell       2.9042666938039475E-009
 Step      55 time   0.0097267 control    sound    timestep   1.82E-04       1,       1 x  1.63E-04 y  3.26E-04
 Wall clock    77.220676898956299     
 Average time per cell    2.9754899496581838E-009
 Step time per cell       2.8958912581502875E-009
 Step      56 time   0.0099087 control    sound    timestep   1.82E-04       1,       1 x  1.63E-04 y  3.26E-04
 Wall clock    78.604398012161255     
 Average time per cell    2.9747220452687573E-009
 Step time per cell       2.9322432561053171E-009
 Step      57 time   0.0100908 control    sound    timestep   1.82E-04       1,       1 x  1.63E-04 y  3.26E-04
 Wall clock    79.968754053115845     
 Average time per cell    2.9732610859830325E-009
 Step time per cell       2.8911780544957665E-009
 Step      58 time   0.0102728 control    sound    timestep   1.82E-04       1,       1 x  1.63E-04 y  3.26E-04
 Wall clock    81.395117044448853     
 Average time per cell    2.9741161918073357E-009
 Step time per cell       3.0226136813224811E-009
 Step      59 time   0.0104549 control    sound    timestep   1.82E-04       1,       1 x  1.63E-04 y  3.26E-04
 Wall clock    82.769967079162598     
 Average time per cell    2.9730919688583129E-009
 Step time per cell       2.9134394531461617E-009
 Step      60 time   0.0106370 control    sound    timestep   1.82E-04       1,       1 x  1.63E-04 y  3.26E-04
 Wall clock    84.261184930801392     
 Average time per cell    2.9762121458689863E-009
 Step time per cell       3.1600443940583823E-009
 Step      61 time   0.0108190 control    sound    timestep   1.82E-04       1,       1 x  1.63E-04 y  3.26E-04
 Wall clock    85.628900051116943     
 Average time per cell    2.9749392612338090E-009
 Step time per cell       2.8985196978384112E-009
 Step      62 time   0.0110011 control    sound    timestep   1.82E-04       1,       1 x  1.63E-04 y  3.26E-04
 Wall clock    87.029726028442383     
 Average time per cell    2.9748392285734056E-009
 Step time per cell       2.9684997571166606E-009
 Step      63 time   0.0111832 control    sound    timestep   1.82E-04       1,       1 x  1.63E-04 y  3.26E-04
 Wall clock    88.399803876876831     
 Average time per cell    2.9737080258457523E-009
 Step time per cell       2.9034041896617662E-009
 Step      64 time   0.0113653 control    sound    timestep   1.82E-04       1,       1 x  1.63E-04 y  3.26E-04
 Wall clock    89.766591072082520     
 Average time per cell    2.9725032075273502E-009
 Step time per cell       2.8963788483654046E-009
 Step      65 time   0.0115474 control    sound    timestep   1.82E-04       1,       1 x  1.63E-04 y  3.26E-04
 Wall clock    91.183149099349976     
 Average time per cell    2.9729582011997182E-009
 Step time per cell       3.0018150533174372E-009
 Step      66 time   0.0117295 control    sound    timestep   1.82E-04       1,       1 x  1.63E-04 y  3.26E-04
 Wall clock    92.587301969528198     
 Average time per cell    2.9730010745349780E-009
 Step time per cell       2.9755296458865308E-009
 Step      67 time   0.0119116 control    sound    timestep   1.82E-04       1,       1 x  1.63E-04 y  3.26E-04
 Wall clock    93.952943086624146     
 Average time per cell    2.9718245032335520E-009
 Step time per cell       2.8939120966242625E-009
 Step      68 time   0.0120937 control    sound    timestep   1.82E-04       1,       1 x  1.63E-04 y  3.26E-04
 Wall clock    95.317131996154785     
 Average time per cell    2.9706372777201706E-009
 Step time per cell       2.8908349728832642E-009
 Step      69 time   0.0122759 control    sound    timestep   1.82E-04       1,       1 x  1.63E-04 y  3.26E-04
 Wall clock    96.744598865509033     
 Average time per cell    2.9714279932064799E-009
 Step time per cell       3.0249429983086884E-009
 Step      70 time   0.0124580 control    sound    timestep   1.82E-04       1,       1 x  1.63E-04 y  3.26E-04
 Wall clock    98.234977006912231     
 Average time per cell    2.9741007791825624E-009
 Step time per cell       3.1582643108170789E-009
 Step      71 time   0.0126401 control    sound    timestep   1.82E-04       1,       1 x  1.63E-04 y  3.26E-04
 Wall clock    99.570017099380493     
 Average time per cell    2.9720615959878033E-009
 Step time per cell       2.8292616762984026E-009
 Step      72 time   0.0128222 control    sound    timestep   1.82E-04       1,       1 x  1.63E-04 y  3.26E-04
 Wall clock    101.03608894348145     
 Average time per cell    2.9739358967757944E-009
 Step time per cell       3.1067848895973938E-009
 Step      73 time   0.0130043 control    sound    timestep   1.82E-04       1,       1 x  1.63E-04 y  3.26E-04
 Wall clock    102.39753103256226     
 Average time per cell    2.9727213214358169E-009
 Step time per cell       2.8850364388846277E-009
 Step      74 time   0.0131865 control    sound    timestep   1.82E-04       1,       1 x  1.63E-04 y  3.26E-04
 Wall clock    103.75491309165955     
 Average time per cell    2.9714232977921411E-009
 Step time per cell       2.8764321137310212E-009
 Step      75 time   0.0133686 control    sound    timestep   1.82E-04       1,       1 x  1.63E-04 y  3.26E-04
 Wall clock    105.16495394706726     
 Average time per cell    2.9716478686033816E-009
 Step time per cell       2.9880139764928674E-009
 Step      76 time   0.0135508 control    sound    timestep   1.82E-04       1,       1 x  1.63E-04 y  3.26E-04
 Wall clock    106.54582691192627     
 Average time per cell    2.9710531767885942E-009
 Step time per cell       2.9261946110636929E-009
 Step      77 time   0.0137329 control    sound    timestep   1.82E-04       1,       1 x  1.63E-04 y  3.26E-04
 Wall clock    107.93500900268555     
 Average time per cell    2.9707026241540714E-009
 Step time per cell       2.9438125339867031E-009
 Step      78 time   0.0139151 control    sound    timestep   1.82E-04       1,       1 x  1.63E-04 y  3.26E-04
 Wall clock    109.36981105804443     
 Average time per cell    2.9716005639960471E-009
 Step time per cell       3.0404852522123192E-009
 Step      79 time   0.0140973 control    sound    timestep   1.82E-04       1,       1 x  1.63E-04 y  3.26E-04
 Wall clock    110.76484704017639     
 Average time per cell    2.9714089952991018E-009
 Step time per cell       2.9562165258943829E-009
 Step      80 time   0.0142795 control    sound    timestep   1.82E-04       1,       1 x  1.63E-04 y  3.26E-04
 Wall clock    112.25381088256836     
 Average time per cell    2.9737104543730514E-009
 Step time per cell       3.1552821787449326E-009
 Step      81 time   0.0144617 control    sound    timestep   1.82E-04       1,       1 x  1.63E-04 y  3.26E-04
 Wall clock    113.60361790657043     
 Average time per cell    2.9723142016001475E-009
 Step time per cell       2.8605482940393914E-009
 Step      82 time   0.0146438 control    sound    timestep   1.82E-04       1,       1 x  1.63E-04 y  3.26E-04
 Wall clock    114.93457603454590     
 Average time per cell    2.9704648572137594E-009
 Step time per cell       2.8204557464859034E-009
 Step      83 time   0.0148260 control    sound    timestep   1.82E-04       1,       1 x  1.63E-04 y  3.26E-04
 Wall clock    116.33959007263184     
 Average time per cell    2.9705509781392374E-009
 Step time per cell       2.9773648040847751E-009
 Step      84 time   0.0150082 control    sound    timestep   1.82E-04       1,       1 x  1.63E-04 y  3.26E-04
 Wall clock    117.77137899398804     
 Average time per cell    2.9713105649289134E-009
 Step time per cell       3.0341147471012339E-009
 Step      85 time   0.0151904 control    sound    timestep   1.82E-04       1,       1 x  1.63E-04 y  3.26E-04
 Wall clock    119.13856387138367     
 Average time per cell    2.9704415283049455E-009
 Step time per cell       2.8972711637228108E-009
 Step      86 time   0.0153726 control    sound    timestep   1.82E-04       1,       1 x  1.63E-04 y  3.26E-04
 Wall clock    120.49107003211975     
 Average time per cell    2.9692309779312506E-009
 Step time per cell       2.8660754954519992E-009
 Step      87 time   0.0155548 control    sound    timestep   1.82E-04       1,       1 x  1.63E-04 y  3.26E-04
 Wall clock    121.97145509719849     
 First step overhead -0.25825428962707520     
real 123.06
user 2891.32
sys 57.09
