
Clover Version    1.000
       MPI Version
   Task Count     96


Clover Version    1.000
       MPI Version
   Task Count     96

 Output file clover.out opened. All output will go there.
 Step       1 time   0.0000000 control    sound    timestep   3.85E-04       1,       1 x  3.26E-04 y  3.26E-04
 Wall clock    1.3526659011840820     
 Average time per cell    5.7333454606123270E-009
 Step time per cell       5.7333414184136521E-009
 Step       2 time   0.0003852 control    sound    timestep   2.35E-04       1,       1 x  3.26E-04 y  3.26E-04
 Wall clock    2.8017439842224121     
 Average time per cell    5.9376695086636272E-009
 Step time per cell       6.1411073046555326E-009
 Step       3 time   0.0006203 control    sound    timestep   2.99E-04       1,       1 x  3.26E-04 y  3.26E-04
 Wall clock    4.1810328960418701     
 Average time per cell    5.9071758355626288E-009
 Step time per cell       5.8456246026455322E-009
 Step       4 time   0.0009190 control    sound    timestep   3.15E-04       1,       1 x  3.26E-04 y  3.26E-04
 Wall clock    5.5414199829101562     
 Average time per cell    5.8718999045797524E-009
 Step time per cell       5.7655122671146979E-009
 Step       5 time   0.0012337 control    sound    timestep   3.46E-04       1,       1 x  3.26E-04 y  3.26E-04
 Wall clock    6.9375319480895996     
 Average time per cell    5.8810187005696611E-009
 Step time per cell       5.9169593037545889E-009
 Step       6 time   0.0015801 control    sound    timestep   3.46E-04       1,       1 x  3.26E-04 y  3.26E-04
 Wall clock    8.3022620677947998     
 Average time per cell    5.8649289645405518E-009
 Step time per cell       5.7839295348255997E-009
 Step       7 time   0.0019257 control    sound    timestep   3.52E-04       1,       1 x  3.26E-04 y  3.26E-04
 Wall clock    9.6958179473876953     
 Average time per cell    5.8708905098250221E-009
 Step time per cell       5.9061646121942127E-009
 Step       8 time   0.0022778 control    sound    timestep   3.70E-04       1,       1 x  3.26E-04 y  3.26E-04
 Wall clock    11.085877895355225     
 Average time per cell    5.8735094575644726E-009
 Step time per cell       5.8913843127407343E-009
 Step       9 time   0.0026482 control    sound    timestep   3.66E-04       1,       1 x  3.26E-04 y  3.26E-04
 Wall clock    12.465208053588867     
 Average time per cell    5.8704932194410099E-009
 Step time per cell       5.8457357631090823E-009
 Step      10 time   0.0030146 control    sound    timestep   3.64E-04       1,       1 x  3.26E-04 y  3.26E-04
 Wall clock    13.949924945831299     
 Average time per cell    5.9127489496151815E-009
 Step time per cell       6.2925796050371392E-009
 Step      11 time   0.0033784 control    sound    timestep   3.61E-04       1,       1 x  3.26E-04 y  3.26E-04
 Wall clock    15.264436960220337     
 Average time per cell    5.8817379730765360E-009
 Step time per cell       5.5714079078623195E-009
 Step      12 time   0.0037396 control    sound    timestep   3.60E-04       1,       1 x  3.26E-04 y  3.26E-04
 Wall clock    16.684325933456421     
 Average time per cell    5.8931159738104154E-009
 Step time per cell       6.0176636098832309E-009
 Step      13 time   0.0040994 control    sound    timestep   3.61E-04       1,       1 x  3.26E-04 y  3.26E-04
 Wall clock    18.036325931549072     
 Average time per cell    5.8806088216240622E-009
 Step time per cell       5.7300561214409148E-009
 Step      14 time   0.0044601 control    sound    timestep   3.62E-04       1,       1 x  3.26E-04 y  3.26E-04
 Wall clock    19.459470033645630     
 Average time per cell    5.8914275498301280E-009
 Step time per cell       6.0314687289064751E-009
 Step      15 time   0.0048222 control    sound    timestep   3.63E-04       1,       1 x  3.26E-04 y  3.26E-04
 Wall clock    20.824152946472168     
 Average time per cell    5.8842843928788274E-009
 Step time per cell       5.7838052372163577E-009
 Step      16 time   0.0051849 control    sound    timestep   3.63E-04       1,       1 x  3.26E-04 y  3.26E-04
 Wall clock    22.188874959945679     
 Average time per cell    5.8780444886805427E-009
 Step time per cell       5.7839416614216233E-009
 Step      17 time   0.0055477 control    sound    timestep   3.63E-04       1,       1 x  3.26E-04 y  3.26E-04
 Wall clock    23.560456991195679     
 Average time per cell    5.8742490758947428E-009
 Step time per cell       5.8129969854942625E-009
 Step      18 time   0.0059107 control    sound    timestep   3.63E-04       1,       1 x  3.26E-04 y  3.26E-04
 Wall clock    24.941236972808838     
 Average time per cell    5.8730412642888285E-009
 Step time per cell       5.8520426035910429E-009
 Step      19 time   0.0062737 control    sound    timestep   3.63E-04       1,       1 x  3.26E-04 y  3.26E-04
 Wall clock    26.300666093826294     
 Average time per cell    5.8671976042242871E-009
 Step time per cell       5.7614053932613587E-009
 Step      20 time   0.0066369 control    sound    timestep   3.63E-04       1,       1 x  3.26E-04 y  3.26E-04
 Wall clock    27.788166999816895     
 Average time per cell    5.8890802594962425E-009
 Step time per cell       6.3044020256105189E-009
 Step      21 time   0.0070000 control    sound    timestep   3.63E-04       1,       1 x  3.26E-04 y  3.26E-04
 Wall clock    29.107984066009521     
 Average time per cell    5.8750342446805601E-009
 Step time per cell       5.5938936485391522E-009
 Step      22 time   0.0073634 control    sound    timestep   3.63E-04       1,       1 x  3.26E-04 y  3.26E-04
 Wall clock    30.472543954849243     
 Average time per cell    5.8708853586465164E-009
 Step time per cell       5.7832676247926433E-009
 Step      23 time   0.0077269 control    sound    timestep   3.64E-04       1,       1 x  3.26E-04 y  3.26E-04
 Wall clock    31.845352888107300     
 Average time per cell    5.8686174195713100E-009
 Step time per cell       5.8181800947446998E-009
 Step      24 time   0.0080904 control    sound    timestep   3.64E-04       1,       1 x  3.26E-04 y  3.26E-04
 Wall clock    33.302999019622803     
 Average time per cell    5.8815212637623686E-009
 Step time per cell       6.1777579200376444E-009
 Step      25 time   0.0084540 control    sound    timestep   3.64E-04       1,       1 x  3.26E-04 y  3.26E-04
 Wall clock    34.667215108871460     
 Average time per cell    5.8775524747842512E-009
 Step time per cell       5.7817720112830606E-009
 Step      26 time   0.0088177 control    sound    timestep   3.64E-04       1,       1 x  3.26E-04 y  3.26E-04
 Wall clock    36.001867055892944     
 Average time per cell    5.8690693938251961E-009
 Step time per cell       5.6564759789681478E-009
 Step      27 time   0.0091816 control    sound    timestep   3.64E-04       1,       1 x  3.26E-04 y  3.26E-04
 Wall clock    37.403254985809326     
 Average time per cell    5.8716911325037648E-009
 Step time per cell       5.9393520738619066E-009
 Step      28 time   0.0095455 control    sound    timestep   3.64E-04       1,       1 x  3.26E-04 y  3.26E-04
 Wall clock    38.836277008056641     
 Average time per cell    5.8789142741939973E-009
 Step time per cell       6.0734681836846800E-009
 Step      29 time   0.0099094 control    sound    timestep   3.64E-04       1,       1 x  3.26E-04 y  3.26E-04
 Wall clock    40.207215070724487     
 Average time per cell    5.8765652639344446E-009
 Step time per cell       5.8103473242630978E-009
 Step      30 time   0.0102734 control    sound    timestep   3.64E-04       1,       1 x  3.26E-04 y  3.26E-04
 Wall clock    41.633394002914429     
 Average time per cell    5.8821775652446646E-009
 Step time per cell       6.0444472183007743E-009
 Step      31 time   0.0106374 control    sound    timestep   3.64E-04       1,       1 x  3.26E-04 y  3.26E-04
 Wall clock    42.995299100875854     
 Average time per cell    5.8786397818939116E-009
 Step time per cell       5.7722556650535100E-009
 Step      32 time   0.0110014 control    sound    timestep   3.64E-04       1,       1 x  3.26E-04 y  3.26E-04
 Wall clock    44.367516994476318     
 Average time per cell    5.8766890889374838E-009
 Step time per cell       5.8157982291757231E-009
 Step      33 time   0.0113654 control    sound    timestep   3.64E-04       1,       1 x  3.26E-04 y  3.26E-04
 Wall clock    45.753320932388306     
 Average time per cell    5.8766016247153112E-009
 Step time per cell       5.8734005708376774E-009
 Step      34 time   0.0117295 control    sound    timestep   3.64E-04       1,       1 x  3.26E-04 y  3.26E-04
 Wall clock    47.126182079315186     
 Average time per cell    5.8749058142911608E-009
 Step time per cell       5.8185752196651364E-009
 Step      35 time   0.0120936 control    sound    timestep   3.64E-04       1,       1 x  3.26E-04 y  3.26E-04
 Wall clock    48.517482042312622     
 Average time per cell    5.8755398756133330E-009
 Step time per cell       5.8967169833421290E-009
 Step      36 time   0.0124578 control    sound    timestep   3.64E-04       1,       1 x  3.26E-04 y  3.26E-04
 Wall clock    49.916730880737305     
 Average time per cell    5.8770745925829503E-009
 Step time per cell       5.9303672767580591E-009
 Step      37 time   0.0128221 control    sound    timestep   3.64E-04       1,       1 x  3.26E-04 y  3.26E-04
 Wall clock    51.286192893981934     
 Average time per cell    5.8751141080176934E-009
 Step time per cell       5.8041001062115861E-009
 Step      38 time   0.0131864 control    sound    timestep   3.64E-04       1,       1 x  3.26E-04 y  3.26E-04
 Wall clock    52.656696081161499     
 Average time per cell    5.8733729402822636E-009
 Step time per cell       5.8085040816675046E-009
 Step      39 time   0.0135508 control    sound    timestep   3.64E-04       1,       1 x  3.26E-04 y  3.26E-04
 Wall clock    53.997355937957764     
 Average time per cell    5.8684776651711493E-009
 Step time per cell       5.6820044846972453E-009
 Step      40 time   0.0139152 control    sound    timestep   3.64E-04       1,       1 x  3.26E-04 y  3.26E-04
 Wall clock    55.486963033676147     
 Average time per cell    5.8796101711777735E-009
 Step time per cell       6.3132989048931954E-009
 Step      41 time   0.0142797 control    sound    timestep   3.64E-04       1,       1 x  3.26E-04 y  3.26E-04
 Wall clock    56.856481075286865     
 Average time per cell    5.8777849021939393E-009
 Step time per cell       5.8046518663306616E-009
 Step      42 time   0.0146441 control    sound    timestep   3.64E-04       1,       1 x  3.26E-04 y  3.26E-04
 Wall clock    58.228817939758301     
 Average time per cell    5.8763310205124848E-009
 Step time per cell       5.8163196728047399E-009
 Step      43 time   0.0150085 control    sound    timestep   3.64E-04       1,       1 x  3.26E-04 y  3.26E-04
 Wall clock    59.597579002380371     
 Average time per cell    5.8745922909108612E-009
 Step time per cell       5.8011452589804924E-009
 Step      44 time   0.0153730 control    sound    timestep   3.64E-04       1,       1 x  3.26E-04 y  3.26E-04
 Wall clock    60.972460985183716     
 Average time per cell    5.8735222272375588E-009
 Step time per cell       5.8271022377690917E-009
 Step      45 time   0.0157375 control    sound    timestep   3.65E-04       1,       1 x  3.26E-04 y  3.26E-04
 Wall clock    62.344772100448608     
 Average time per cell    5.8722575717924717E-009
 Step time per cell       5.8162054806921842E-009
 Step      46 time   0.0161020 control    sound    timestep   3.65E-04       1,       1 x  3.26E-04 y  3.26E-04
 Wall clock    63.729912996292114     
 Average time per cell    5.8722300687312726E-009
 Step time per cell       5.8705690106661574E-009
 Step      47 time   0.0164666 control    sound    timestep   3.65E-04       1,       1 x  3.26E-04 y  3.26E-04
 Wall clock    65.110420942306519     
 Average time per cell    5.8717859274777637E-009
 Step time per cell       5.8509229145581935E-009
 Step      48 time   0.0168311 control    sound    timestep   3.65E-04       1,       1 x  3.26E-04 y  3.26E-04
 Wall clock    66.488265037536621     
 Average time per cell    5.8711250656213251E-009
 Step time per cell       5.8396067793688012E-009
 Step      49 time   0.0171958 control    sound    timestep   3.65E-04       1,       1 x  3.26E-04 y  3.26E-04
 Wall clock    67.845295906066895     
 Average time per cell    5.8686908113014149E-009
 Step time per cell       5.7513979198928508E-009
 Step      50 time   0.0175604 control    sound    timestep   3.65E-04       1,       1 x  3.26E-04 y  3.26E-04
 Wall clock    69.284848928451538     
 Average time per cell    5.8733494168134506E-009
 Step time per cell       6.1011329914132752E-009
 Step      51 time   0.0179251 control    sound    timestep   3.65E-04       1,       1 x  3.26E-04 y  3.26E-04
 Wall clock    70.639726877212524     
 Average time per cell    5.8707880819825582E-009
 Step time per cell       5.7425687474379730E-009
 Step      52 time   0.0182899 control    sound    timestep   3.65E-04       1,       1 x  3.26E-04 y  3.26E-04
 Wall clock    72.018507003784180     
 Average time per cell    5.8702735414899660E-009
 Step time per cell       5.8436408936459987E-009
 Step      53 time   0.0186547 control    sound    timestep   3.65E-04       1,       1 x  3.26E-04 y  3.26E-04
 Wall clock    73.398082971572876     
 Average time per cell    5.8698420631818856E-009
 Step time per cell       5.8469605493074695E-009
 Step      54 time   0.0190195 control    sound    timestep   3.65E-04       1,       1 x  3.26E-04 y  3.26E-04
 Wall clock    74.737318992614746     
 Average time per cell    5.8662602140179184E-009
 Step time per cell       5.6759816086721712E-009
 Step      55 time   0.0193844 control    sound    timestep   3.65E-04       1,       1 x  3.26E-04 y  3.26E-04
 Wall clock    76.146612882614136     
 Average time per cell    5.8682075949477487E-009
 Step time per cell       5.9728528059268783E-009
 Step      56 time   0.0197492 control    sound    timestep   3.65E-04       1,       1 x  3.26E-04 y  3.26E-04
 Wall clock    77.574970006942749     
 Average time per cell    5.8715282929846405E-009
 Step time per cell       6.0537301275568703E-009
 Step      57 time   0.0201141 control    sound    timestep   3.65E-04       1,       1 x  3.26E-04 y  3.26E-04
 Wall clock    78.949212074279785     
 Average time per cell    5.8707084487914881E-009
 Step time per cell       5.8243858802597966E-009
 Step      58 time   0.0204789 control    sound    timestep   3.65E-04       1,       1 x  3.26E-04 y  3.26E-04
 Wall clock    80.316664934158325     
 Average time per cell    5.8694207300469937E-009
 Step time per cell       5.7955670248096185E-009
 Step      59 time   0.0208438 control    sound    timestep   3.65E-04       1,       1 x  3.26E-04 y  3.26E-04
 Wall clock    81.704763889312744     
 Average time per cell    5.8696598756515546E-009
 Step time per cell       5.8829997821400559E-009
 Step      60 time   0.0212087 control    sound    timestep   3.65E-04       1,       1 x  3.26E-04 y  3.26E-04
 Wall clock    83.142934083938599     
 Average time per cell    5.8734282093711142E-009
 Step time per cell       6.0952889826795498E-009
 Step      61 time   0.0215736 control    sound    timestep   3.65E-04       1,       1 x  3.26E-04 y  3.26E-04
 Wall clock    84.520315885543823     
 Average time per cell    5.8728491420463621E-009
 Step time per cell       5.8379029926274802E-009
 Step      62 time   0.0219386 control    sound    timestep   3.65E-04       1,       1 x  3.26E-04 y  3.26E-04
 Wall clock    85.885904073715210     
 Average time per cell    5.8714824986690408E-009
 Step time per cell       5.7875826718777208E-009
 Step      63 time   0.0223036 control    sound    timestep   3.65E-04       1,       1 x  3.26E-04 y  3.26E-04
 Wall clock    87.270917892456055     
 Average time per cell    5.8714661702457846E-009
 Step time per cell       5.8699798602093427E-009
 Step      64 time   0.0226686 control    sound    timestep   3.65E-04       1,       1 x  3.26E-04 y  3.26E-04
 Wall clock    88.638428926467896     
 Average time per cell    5.8702911884564753E-009
 Step time per cell       5.7958257255247896E-009
 Step      65 time   0.0230337 control    sound    timestep   3.65E-04       1,       1 x  3.26E-04 y  3.26E-04
 Wall clock    90.020979881286621     
 Average time per cell    5.8701330906329439E-009
 Step time per cell       5.8595358293839833E-009
 Step      66 time   0.0233988 control    sound    timestep   3.65E-04       1,       1 x  3.26E-04 y  3.26E-04
 Wall clock    91.398020029067993     
 Average time per cell    5.8696258769095060E-009
 Step time per cell       5.8362113324821821E-009
 Step      67 time   0.0237639 control    sound    timestep   3.65E-04       1,       1 x  3.26E-04 y  3.26E-04
 Wall clock    92.764461040496826     
 Average time per cell    5.8684632815648437E-009
 Step time per cell       5.7912449038768597E-009
 Step      68 time   0.0241291 control    sound    timestep   3.65E-04       1,       1 x  3.26E-04 y  3.26E-04
 Wall clock    94.147386074066162     
 Average time per cell    5.8683623565764934E-009
 Step time per cell       5.8611345189597665E-009
 Step      69 time   0.0244942 control    sound    timestep   3.65E-04       1,       1 x  3.26E-04 y  3.26E-04
 Wall clock    95.523327112197876     
 Average time per cell    5.8678353420016693E-009
 Step time per cell       5.8315537090594365E-009
 Step      70 time   0.0248594 control    sound    timestep   3.65E-04       1,       1 x  3.26E-04 y  3.26E-04
 Wall clock    96.945976018905640     
 Average time per cell    5.8701515814708914E-009
 Step time per cell       6.0295567689334142E-009
 Step      71 time   0.0252246 control    sound    timestep   3.65E-04       1,       1 x  3.26E-04 y  3.26E-04
 Wall clock    98.328629016876221     
 Average time per cell    5.8700149020865842E-009
 Step time per cell       5.8602442247016977E-009
 Step      72 time   0.0255898 control    sound    timestep   3.65E-04       1,       1 x  3.26E-04 y  3.26E-04
 Wall clock    99.708591938018799     
 Average time per cell    5.8697236577975192E-009
 Step time per cell       5.8485966292209927E-009
 Step      73 time   0.0259550 control    sound    timestep   3.65E-04       1,       1 x  3.26E-04 y  3.26E-04
 Wall clock    101.08609008789062     
 Average time per cell    5.8692972823591897E-009
 Step time per cell       5.8381101553095502E-009
 Step      74 time   0.0263202 control    sound    timestep   3.65E-04       1,       1 x  3.26E-04 y  3.26E-04
 Wall clock    102.46463298797607     
 Average time per cell    5.8689422715090320E-009
 Step time per cell       5.8424757298780604E-009
 Step      75 time   0.0266854 control    sound    timestep   3.65E-04       1,       1 x  3.26E-04 y  3.26E-04
 Wall clock    103.84500789642334     
 Average time per cell    5.8687002617969280E-009
 Step time per cell       5.8503307324523731E-009
 Step      76 time   0.0270507 control    sound    timestep   3.65E-04       1,       1 x  3.26E-04 y  3.26E-04
 Wall clock    105.22302603721619     
 Average time per cell    5.8683331828210050E-009
 Step time per cell       5.8402808159977821E-009
 Step      77 time   0.0274160 control    sound    timestep   3.65E-04       1,       1 x  3.26E-04 y  3.26E-04
 Wall clock    106.58776593208313     
 Average time per cell    5.8672447222250369E-009
 Step time per cell       5.7840811172758955E-009
 Step      78 time   0.0277813 control    sound    timestep   3.65E-04       1,       1 x  3.26E-04 y  3.26E-04
 Wall clock    107.95040607452393     
 Average time per cell    5.8660700694529175E-009
 Step time per cell       5.7751761535958694E-009
 Step      79 time   0.0281467 control    sound    timestep   3.65E-04       1,       1 x  3.26E-04 y  3.26E-04
 Wall clock    109.35349297523499     
 Average time per cell    5.8670952269925671E-009
 Step time per cell       5.9465320292575701E-009
 Step      80 time   0.0285121 control    sound    timestep   3.65E-04       1,       1 x  3.26E-04 y  3.26E-04
 Wall clock    110.78679490089417     
 Average time per cell    5.8696956052194257E-009
 Step time per cell       6.0747010542804169E-009
 Step      81 time   0.0288775 control    sound    timestep   3.65E-04       1,       1 x  3.26E-04 y  3.26E-04
 Wall clock    112.11954188346863     
 Average time per cell    5.8669699567351908E-009
 Step time per cell       5.6486886832216337E-009
 Step      82 time   0.0292429 control    sound    timestep   3.65E-04       1,       1 x  3.26E-04 y  3.26E-04
 Wall clock    113.53845191001892     
 Average time per cell    5.8687645263474897E-009
 Step time per cell       6.0135910947186251E-009
 Step      83 time   0.0296084 control    sound    timestep   3.65E-04       1,       1 x  3.26E-04 y  3.26E-04
 Wall clock    114.91595602035522     
 Average time per cell    5.8684013816269320E-009
 Step time per cell       5.8381435034486154E-009
 Step      84 time   0.0299738 control    sound    timestep   3.65E-04       1,       1 x  3.26E-04 y  3.26E-04
 Wall clock    116.29754090309143     
 Average time per cell    5.8682527947345830E-009
 Step time per cell       5.8555047467557924E-009
 Step      85 time   0.0303393 control    sound    timestep   3.65E-04       1,       1 x  3.26E-04 y  3.26E-04
 Wall clock    117.68437910079956     
 Average time per cell    5.8683696622561568E-009
 Step time per cell       5.8777368394657972E-009
 Step      86 time   0.0307048 control    sound    timestep   3.65E-04       1,       1 x  3.26E-04 y  3.26E-04
 Wall clock    119.06615209579468     
 Average time per cell    5.8682341709085056E-009
 Step time per cell       5.8563071231926893E-009
 Step      87 time   0.0310703 control    sound    timestep   3.66E-04       1,       1 x  3.26E-04 y  3.26E-04
 Wall clock    120.49839711189270     
 First step overhead  -9.6204996109008789E-002
real 121.62
user 2861.72
sys 51.35
