
Clover Version    1.000
       MPI Version
   Task Count    192

 Output file clover.out opened. All output will go there.

Clover Version    1.000
       MPI Version
   Task Count    192

 Step       1 time   0.0000000 control    sound    timestep   1.93E-04       1,       1 x  1.63E-04 y  3.26E-04
 Wall clock    1.3382730484008789     
 Average time per cell    2.8361702991080365E-009
 Step time per cell       2.8361702991080365E-009
 Step       2 time   0.0001926 control    sound    timestep   1.62E-04       1,       1 x  1.63E-04 y  3.26E-04
 Wall clock    2.8137681484222412     
 Average time per cell    2.9815760171914009E-009
 Step time per cell       3.1267169712615820E-009
 Step       3 time   0.0003548 control    sound    timestep   1.48E-04       1,       1 x  1.63E-04 y  3.26E-04
 Wall clock    4.2076690196990967     
 Average time per cell    2.9724043526113276E-009
 Step time per cell       2.9537497741532408E-009
 Step       4 time   0.0005028 control    sound    timestep   1.54E-04       1,       1 x  1.63E-04 y  3.26E-04
 Wall clock    5.6238231658935547     
 Average time per cell    2.9796087296239825E-009
 Step time per cell       3.0009570966487649E-009
 Step       5 time   0.0006573 control    sound    timestep   1.68E-04       1,       1 x  1.63E-04 y  3.26E-04
 Wall clock    6.9623930454254150     
 Average time per cell    2.9510468569545387E-009
 Step time per cell       2.8365113596212013E-009
 Step       6 time   0.0008248 control    sound    timestep   1.74E-04       1,       1 x  1.63E-04 y  3.26E-04
 Wall clock    8.3425559997558594     
 Average time per cell    2.9466968111659365E-009
 Step time per cell       2.9246413962229982E-009
 Step       7 time   0.0009990 control    sound    timestep   1.77E-04       1,       1 x  1.63E-04 y  3.26E-04
 Wall clock    9.7317731380462646     
 Average time per cell    2.9463308237609454E-009
 Step time per cell       2.9438822619138388E-009
 Step       8 time   0.0011761 control    sound    timestep   1.83E-04       1,       1 x  1.63E-04 y  3.26E-04
 Wall clock    11.153191089630127     
 Average time per cell    2.9545866355975803E-009
 Step time per cell       3.0121019436693235E-009
 Step       9 time   0.0013593 control    sound    timestep   1.82E-04       1,       1 x  1.63E-04 y  3.26E-04
 Wall clock    12.568098068237305     
 Average time per cell    2.9594746503093636E-009
 Step time per cell       2.9983013721195878E-009
 Step      10 time   0.0015413 control    sound    timestep   1.82E-04       1,       1 x  1.63E-04 y  3.26E-04
 Wall clock    14.020074129104614     
 Average time per cell    2.9712410246752874E-009
 Step time per cell       3.0768564506110530E-009
 Step      11 time   0.0017234 control    sound    timestep   1.82E-04       1,       1 x  1.63E-04 y  3.26E-04
 Wall clock    15.330705165863037     
 Average time per cell    2.9536363169858985E-009
 Step time per cell       2.7775174910655347E-009
 Step      12 time   0.0019050 control    sound    timestep   1.81E-04       1,       1 x  1.63E-04 y  3.26E-04
 Wall clock    16.744861125946045     
 Average time per cell    2.9572488865933676E-009
 Step time per cell       2.9966865137491067E-009
 Step      13 time   0.0020863 control    sound    timestep   1.81E-04       1,       1 x  1.63E-04 y  3.26E-04
 Wall clock    18.124529123306274     
 Average time per cell    2.9546834054451763E-009
 Step time per cell       2.9236369098523736E-009
 Step      14 time   0.0022674 control    sound    timestep   1.81E-04       1,       1 x  1.63E-04 y  3.26E-04
 Wall clock    19.505121946334839     
 Average time per cell    2.9526244188240353E-009
 Step time per cell       2.9255741335671497E-009
 Step      15 time   0.0024489 control    sound    timestep   1.82E-04       1,       1 x  1.63E-04 y  3.26E-04
 Wall clock    20.881023168563843     
 Average time per cell    2.9501771105397320E-009
 Step time per cell       2.9156454830727953E-009
 Step      16 time   0.0026306 control    sound    timestep   1.82E-04       1,       1 x  1.63E-04 y  3.26E-04
 Wall clock    22.313137054443359     
 Average time per cell    2.9554813510104497E-009
 Step time per cell       3.0347887837302148E-009
 Step      17 time   0.0028124 control    sound    timestep   1.82E-04       1,       1 x  1.63E-04 y  3.26E-04
 Wall clock    23.624377012252808     
 Average time per cell    2.9450930193050620E-009
 Step time per cell       2.7786786126347981E-009
 Step      18 time   0.0029942 control    sound    timestep   1.82E-04       1,       1 x  1.63E-04 y  3.26E-04
 Wall clock    25.018063068389893     
 Average time per cell    2.9455659499450840E-009
 Step time per cell       2.9533405015374432E-009
 Step      19 time   0.0031760 control    sound    timestep   1.82E-04       1,       1 x  1.63E-04 y  3.26E-04
 Wall clock    26.437751054763794     
 Average time per cell    2.9488893759614593E-009
 Step time per cell       3.0084124268291312E-009
 Step      20 time   0.0033579 control    sound    timestep   1.82E-04       1,       1 x  1.63E-04 y  3.26E-04
 Wall clock    27.908534049987793     
 Average time per cell    2.9572946813358512E-009
 Step time per cell       3.1167261719626063E-009
 Step      21 time   0.0035397 control    sound    timestep   1.82E-04       1,       1 x  1.63E-04 y  3.26E-04
 Wall clock    29.213708162307739     
 Average time per cell    2.9481865779238643E-009
 Step time per cell       2.7659330549391193E-009
 Step      22 time   0.0037216 control    sound    timestep   1.82E-04       1,       1 x  1.63E-04 y  3.26E-04
 Wall clock    30.637490987777710     
 Average time per cell    2.9513321489062173E-009
 Step time per cell       3.0171137647509263E-009
 Step      23 time   0.0039035 control    sound    timestep   1.82E-04       1,       1 x  1.63E-04 y  3.26E-04
 Wall clock    32.075919151306152     
 Average time per cell    2.9555536492486993E-009
 Step time per cell       3.0481022703396675E-009
 Step      24 time   0.0040854 control    sound    timestep   1.82E-04       1,       1 x  1.63E-04 y  3.26E-04
 Wall clock    33.451955080032349     
 Average time per cell    2.9539139253150402E-009
 Step time per cell       2.9159269211555107E-009
 Step      25 time   0.0042673 control    sound    timestep   1.82E-04       1,       1 x  1.63E-04 y  3.26E-04
 Wall clock    34.856057167053223     
 Average time per cell    2.9547845770139249E-009
 Step time per cell       2.9754002955289452E-009
 Step      26 time   0.0044492 control    sound    timestep   1.82E-04       1,       1 x  1.63E-04 y  3.26E-04
 Wall clock    36.237863063812256     
 Average time per cell    2.9537708790943973E-009
 Step time per cell       2.9281469930234987E-009
 Step      27 time   0.0046311 control    sound    timestep   1.82E-04       1,       1 x  1.63E-04 y  3.26E-04
 Wall clock    37.544573068618774     
 Average time per cell    2.9469378646896721E-009
 Step time per cell       2.7690147261536266E-009
 Step      28 time   0.0048130 control    sound    timestep   1.82E-04       1,       1 x  1.63E-04 y  3.26E-04
 Wall clock    38.987761974334717     
 Average time per cell    2.9509227975462895E-009
 Step time per cell       3.0582512206617845E-009
 Step      29 time   0.0049950 control    sound    timestep   1.82E-04       1,       1 x  1.63E-04 y  3.26E-04
 Wall clock    40.324393033981323     
 Average time per cell    2.9468458207800069E-009
 Step time per cell       2.8324019593936910E-009
 Step      30 time   0.0051769 control    sound    timestep   1.82E-04       1,       1 x  1.63E-04 y  3.26E-04
 Wall clock    41.828474998474121     
 Average time per cell    2.9548698000359796E-009
 Step time per cell       3.1873044766446887E-009
 Step      31 time   0.0053588 control    sound    timestep   1.82E-04       1,       1 x  1.63E-04 y  3.26E-04
 Wall clock    43.166227102279663     
 Average time per cell    2.9510051701507883E-009
 Step time per cell       2.8349919981944063E-009
 Step      32 time   0.0055408 control    sound    timestep   1.82E-04       1,       1 x  1.63E-04 y  3.26E-04
 Wall clock    44.559553146362305     
 Average time per cell    2.9510625962656277E-009
 Step time per cell       2.9525926947826518E-009
 Step      33 time   0.0057227 control    sound    timestep   1.82E-04       1,       1 x  1.63E-04 y  3.26E-04
 Wall clock    45.980747938156128     
 Average time per cell    2.9529062867184601E-009
 Step time per cell       3.0116588176396261E-009
 Step      34 time   0.0059047 control    sound    timestep   1.82E-04       1,       1 x  1.63E-04 y  3.26E-04
 Wall clock    47.339714050292969     
 Average time per cell    2.9507627082209472E-009
 Step time per cell       2.8798376661143265E-009
 Step      35 time   0.0060866 control    sound    timestep   1.82E-04       1,       1 x  1.63E-04 y  3.26E-04
 Wall clock    48.651067018508911     
 Average time per cell    2.9458586083372154E-009
 Step time per cell       2.7788691012473363E-009
 Step      36 time   0.0062686 control    sound    timestep   1.82E-04       1,       1 x  1.63E-04 y  3.26E-04
 Wall clock    50.139162063598633     
 Average time per cell    2.9516315497644820E-009
 Step time per cell       3.1534257990036471E-009
 Step      37 time   0.0064506 control    sound    timestep   1.82E-04       1,       1 x  1.63E-04 y  3.26E-04
 Wall clock    51.456743955612183     
 Average time per cell    2.9473258328144074E-009
 Step time per cell       2.7920683957442333E-009
 Step      38 time   0.0066325 control    sound    timestep   1.82E-04       1,       1 x  1.63E-04 y  3.26E-04
 Wall clock    52.896234989166260     
 Average time per cell    2.9500456575296783E-009
 Step time per cell       3.0504139027066735E-009
 Step      39 time   0.0068145 control    sound    timestep   1.82E-04       1,       1 x  1.63E-04 y  3.26E-04
 Wall clock    54.277879953384399     
 Average time per cell    2.9494826245313030E-009
 Step time per cell       2.9277862267917955E-009
 Step      40 time   0.0069965 control    sound    timestep   1.82E-04       1,       1 x  1.63E-04 y  3.26E-04
 Wall clock    55.749773979187012     
 Average time per cell    2.9537293105224509E-009
 Step time per cell       3.1191039953329082E-009
 Step      41 time   0.0071785 control    sound    timestep   1.82E-04       1,       1 x  1.63E-04 y  3.26E-04
 Wall clock    57.115242958068848     
 Average time per cell    2.9522677660928558E-009
 Step time per cell       2.8936958389951742E-009
 Step      42 time   0.0073605 control    sound    timestep   1.82E-04       1,       1 x  1.63E-04 y  3.26E-04
 Wall clock    58.426316022872925     
 Average time per cell    2.9481310578438553E-009
 Step time per cell       2.7782587292474797E-009
 Step      43 time   0.0075424 control    sound    timestep   1.82E-04       1,       1 x  1.63E-04 y  3.26E-04
 Wall clock    59.884377002716064     
 Average time per cell    2.9514311266914420E-009
 Step time per cell       3.0897712753762284E-009
 Step      44 time   0.0077244 control    sound    timestep   1.82E-04       1,       1 x  1.63E-04 y  3.26E-04
 Wall clock    61.262259960174561     
 Average time per cell    2.9507193883344167E-009
 Step time per cell       2.9198433063963117E-009
 Step      45 time   0.0079064 control    sound    timestep   1.82E-04       1,       1 x  1.63E-04 y  3.26E-04
 Wall clock    62.614736080169678     
 Average time per cell    2.9488427470722753E-009
 Step time per cell       2.8659946514785082E-009
 Step      46 time   0.0080884 control    sound    timestep   1.82E-04       1,       1 x  1.63E-04 y  3.26E-04
 Wall clock    63.983865976333618     
 Average time per cell    2.9478149587444000E-009
 Step time per cell       2.9013103307483509E-009
 Step      47 time   0.0082705 control    sound    timestep   1.82E-04       1,       1 x  1.63E-04 y  3.26E-04
 Wall clock    65.347087144851685     
 Average time per cell    2.9465644757449684E-009
 Step time per cell       2.8887835570559320E-009
 Step      48 time   0.0084525 control    sound    timestep   1.82E-04       1,       1 x  1.63E-04 y  3.26E-04
 Wall clock    66.783517122268677     
 Average time per cell    2.9485983814252162E-009
 Step time per cell       3.0439292054830325E-009
 Step      49 time   0.0086345 control    sound    timestep   1.82E-04       1,       1 x  1.63E-04 y  3.26E-04
 Wall clock    68.191581964492798     
 Average time per cell    2.9493224632493620E-009
 Step time per cell       2.9838070582223330E-009
 Step      50 time   0.0088165 control    sound    timestep   1.82E-04       1,       1 x  1.63E-04 y  3.26E-04
 Wall clock    69.645015001296997     
 Average time per cell    2.9519405365539974E-009
 Step time per cell       3.0799654066666132E-009
 Step      51 time   0.0089986 control    sound    timestep   1.82E-04       1,       1 x  1.63E-04 y  3.26E-04
 Wall clock    70.961472988128662     
 Average time per cell    2.9487640193086786E-009
 Step time per cell       2.7898699449401143E-009
 Step      52 time   0.0091806 control    sound    timestep   1.82E-04       1,       1 x  1.63E-04 y  3.26E-04
 Wall clock    72.354875087738037     
 Average time per cell    2.9488455571777002E-009
 Step time per cell       2.9527073921700421E-009
 Step      53 time   0.0093626 control    sound    timestep   1.82E-04       1,       1 x  1.63E-04 y  3.26E-04
 Wall clock    73.742136001586914     
 Average time per cell    2.9486784545765249E-009
 Step time per cell       2.9397177867293876E-009
 Step      54 time   0.0095447 control    sound    timestep   1.82E-04       1,       1 x  1.63E-04 y  3.26E-04
 Wall clock    75.134849071502686     
 Average time per cell    2.9487315154959707E-009
 Step time per cell       2.9512830224120988E-009
 Step      55 time   0.0097267 control    sound    timestep   1.82E-04       1,       1 x  1.63E-04 y  3.26E-04
 Wall clock    76.555856943130493     
 Average time per cell    2.9498729105912987E-009
 Step time per cell       3.0112455028251536E-009
 Step      56 time   0.0099087 control    sound    timestep   1.82E-04       1,       1 x  1.63E-04 y  3.26E-04
 Wall clock    77.886573076248169     
 Average time per cell    2.9475565212585875E-009
 Step time per cell       2.8199747248436322E-009
 Step      57 time   0.0100908 control    sound    timestep   1.82E-04       1,       1 x  1.63E-04 y  3.26E-04
 Wall clock    79.248007059097290     
 Average time per cell    2.9464635071595432E-009
 Step time per cell       2.8849793428283494E-009
 Step      58 time   0.0102728 control    sound    timestep   1.82E-04       1,       1 x  1.63E-04 y  3.26E-04
 Wall clock    80.658530950546265     
 Average time per cell    2.9472018914404050E-009
 Step time per cell       2.9890123995654801E-009
 Step      59 time   0.0104549 control    sound    timestep   1.82E-04       1,       1 x  1.63E-04 y  3.26E-04
 Wall clock    82.063259124755859     
 Average time per cell    2.9477070639499248E-009
 Step time per cell       2.9767145153730073E-009
 Step      60 time   0.0106370 control    sound    timestep   1.82E-04       1,       1 x  1.63E-04 y  3.26E-04
 Wall clock    83.510569095611572     
 Average time per cell    2.9496994405538618E-009
 Step time per cell       3.0670419922292544E-009
 Step      61 time   0.0108190 control    sound    timestep   1.82E-04       1,       1 x  1.63E-04 y  3.26E-04
 Wall clock    84.872949123382568     
 Average time per cell    2.9486758373997928E-009
 Step time per cell       2.8871580879139301E-009
 Step      62 time   0.0110011 control    sound    timestep   1.82E-04       1,       1 x  1.63E-04 y  3.26E-04
 Wall clock    86.211969137191772     
 Average time per cell    2.9468867646217951E-009
 Step time per cell       2.8375542468792346E-009
 Step      63 time   0.0111832 control    sound    timestep   1.82E-04       1,       1 x  1.63E-04 y  3.26E-04
 Wall clock    87.611344099044800     
 Average time per cell    2.9471847863523562E-009
 Step time per cell       2.9654014118326207E-009
 Step      64 time   0.0113653 control    sound    timestep   1.82E-04       1,       1 x  1.63E-04 y  3.26E-04
 Wall clock    88.948732137680054     
 Average time per cell    2.9454208790487730E-009
 Step time per cell       2.8340491553535686E-009
 Step      65 time   0.0115474 control    sound    timestep   1.82E-04       1,       1 x  1.63E-04 y  3.26E-04
 Wall clock    90.380583047866821     
 Average time per cell    2.9467911369084683E-009
 Step time per cell       3.0341950857998907E-009
 Step      66 time   0.0117295 control    sound    timestep   1.82E-04       1,       1 x  1.63E-04 y  3.26E-04
 Wall clock    91.774292945861816     
 Average time per cell    2.9468951545054443E-009
 Step time per cell       2.9534253877096086E-009
 Step      67 time   0.0119116 control    sound    timestep   1.82E-04       1,       1 x  1.63E-04 y  3.26E-04
 Wall clock    93.178578138351440     
 Average time per cell    2.9473305741226755E-009
 Step time per cell       2.9758156314427551E-009
 Step      68 time   0.0120937 control    sound    timestep   1.82E-04       1,       1 x  1.63E-04 y  3.26E-04
 Wall clock    94.541798114776611     
 Average time per cell    2.9464733558472966E-009
 Step time per cell       2.8887875992546064E-009
 Step      69 time   0.0122759 control    sound    timestep   1.82E-04       1,       1 x  1.63E-04 y  3.26E-04
 Wall clock    95.963968038558960     
 Average time per cell    2.9474515819260526E-009
 Step time per cell       3.0136976015961005E-009
 Step      70 time   0.0124580 control    sound    timestep   1.82E-04       1,       1 x  1.63E-04 y  3.26E-04
 Wall clock    97.422250986099243     
 Average time per cell    2.9494951940294065E-009
 Step time per cell       3.0902224858032746E-009
 Step      71 time   0.0126401 control    sound    timestep   1.82E-04       1,       1 x  1.63E-04 y  3.26E-04
 Wall clock    98.746371984481812     
 Average time per cell    2.9474766447542402E-009
 Step time per cell       2.8060720877773645E-009
 Step      72 time   0.0128222 control    sound    timestep   1.82E-04       1,       1 x  1.63E-04 y  3.26E-04
 Wall clock    100.09067201614380     
 Average time per cell    2.9461081238777195E-009
 Step time per cell       2.8486824198302606E-009
 Step      73 time   0.0130043 control    sound    timestep   1.82E-04       1,       1 x  1.63E-04 y  3.26E-04
 Wall clock    101.49947714805603     
 Average time per cell    2.9466497560049961E-009
 Step time per cell       2.9853607783378619E-009
 Step      74 time   0.0131865 control    sound    timestep   1.82E-04       1,       1 x  1.63E-04 y  3.26E-04
 Wall clock    102.90190601348877     
 Average time per cell    2.9469941403697926E-009
 Step time per cell       2.9718588242152084E-009
 Step      75 time   0.0133686 control    sound    timestep   1.82E-04       1,       1 x  1.63E-04 y  3.26E-04
 Wall clock    104.28778100013733     
 Average time per cell    2.9468615779209087E-009
 Step time per cell       2.9367614236737914E-009
 Step      76 time   0.0135508 control    sound    timestep   1.82E-04       1,       1 x  1.63E-04 y  3.26E-04
 Wall clock    105.69083404541016     
 Average time per cell    2.9472115177971621E-009
 Step time per cell       2.9731856759301282E-009
 Step      77 time   0.0137329 control    sound    timestep   1.82E-04       1,       1 x  1.63E-04 y  3.26E-04
 Wall clock    107.00625801086426     
 Average time per cell    2.9451405471775408E-009
 Step time per cell       2.7874628156294220E-009
 Step      78 time   0.0139151 control    sound    timestep   1.82E-04       1,       1 x  1.63E-04 y  3.26E-04
 Wall clock    108.45491814613342     
 Average time per cell    2.9467427328749172E-009
 Step time per cell       3.0698417200862121E-009
 Step      79 time   0.0140973 control    sound    timestep   1.82E-04       1,       1 x  1.63E-04 y  3.26E-04
 Wall clock    109.79363703727722     
 Average time per cell    2.9453550421176172E-009
 Step time per cell       2.8369499381773898E-009
 Step      80 time   0.0142795 control    sound    timestep   1.82E-04       1,       1 x  1.63E-04 y  3.26E-04
 Wall clock    111.25491595268250     
 Average time per cell    2.9472487755002575E-009
 Step time per cell       3.0965631796991350E-009
 Step      81 time   0.0144617 control    sound    timestep   1.82E-04       1,       1 x  1.63E-04 y  3.26E-04
 Wall clock    112.56989598274231     
 Average time per cell    2.9452679999798200E-009
 Step time per cell       2.7866533653448438E-009
 Step      82 time   0.0146438 control    sound    timestep   1.82E-04       1,       1 x  1.63E-04 y  3.26E-04
 Wall clock    113.94182300567627     
 Average time per cell    2.9448073215452643E-009
 Step time per cell       2.9072291201575555E-009
 Step      83 time   0.0148260 control    sound    timestep   1.82E-04       1,       1 x  1.63E-04 y  3.26E-04
 Wall clock    115.30060696601868     
 Average time per cell    2.9440221560788103E-009
 Step time per cell       2.8793677605184107E-009
 Step      84 time   0.0150082 control    sound    timestep   1.82E-04       1,       1 x  1.63E-04 y  3.26E-04
 Wall clock    116.72559809684753     
 Average time per cell    2.9449260574635382E-009
 Step time per cell       3.0196952138794587E-009
 Step      85 time   0.0151904 control    sound    timestep   1.82E-04       1,       1 x  1.63E-04 y  3.26E-04
 Wall clock    118.06924200057983     
 Average time per cell    2.9437804876733877E-009
 Step time per cell       2.8472732083173470E-009
 Step      86 time   0.0153726 control    sound    timestep   1.82E-04       1,       1 x  1.63E-04 y  3.26E-04
 Wall clock    119.49927902221680     
 Average time per cell    2.9447905228049698E-009
 Step time per cell       3.0303807660756219E-009
 Step      87 time   0.0155548 control    sound    timestep   1.82E-04       1,       1 x  1.63E-04 y  3.26E-04
 Wall clock    120.94220805168152     
 First step overhead -0.13709807395935059     
real 122.22
user 2869.09
sys 54.37
