
Clover Version    1.000
       MPI Version
   Task Count     24


Clover Version    1.000
       MPI Version
   Task Count     24

 Output file clover.out opened. All output will go there.
 Step       1 time   0.0000000 control    sound    timestep   7.70E-04       1,       1 x  6.51E-04 y  6.51E-04
 Wall clock    1.4005129337310791     
 Average time per cell    2.3744590483450643E-008
 Step time per cell       2.3744590483450643E-008
 Step       2 time   0.0007703 control    sound    timestep   4.70E-04       1,       1 x  6.51E-04 y  6.51E-04
 Wall clock    2.9020500183105469     
 Average time per cell    2.4600982821236053E-008
 Step time per cell       2.5454424353989048E-008
 Step       3 time   0.0012405 control    sound    timestep   5.97E-04       1,       1 x  6.51E-04 y  6.51E-04
 Wall clock    4.2258219718933105     
 Average time per cell    2.3881824475851048E-008
 Step time per cell       2.2441288618008710E-008
 Step       4 time   0.0018380 control    sound    timestep   6.29E-04       1,       1 x  6.51E-04 y  6.51E-04
 Wall clock    5.5069558620452881     
 Average time per cell    2.3341521632068583E-008
 Step time per cell       2.1718357553860793E-008
 Step       5 time   0.0024675 control    sound    timestep   6.93E-04       1,       1 x  6.51E-04 y  6.51E-04
 Wall clock    6.7881438732147217     
 Average time per cell    2.3017523441618929E-008
 Step time per cell       2.1719376187926778E-008
 Step       6 time   0.0031602 control    sound    timestep   6.91E-04       1,       1 x  6.51E-04 y  6.51E-04
 Wall clock    8.0720529556274414     
 Average time per cell    2.2809213583564594E-008
 Step time per cell       2.1765865514882736E-008
 Step       7 time   0.0038513 control    sound    timestep   7.04E-04       1,       1 x  6.51E-04 y  6.51E-04
 Wall clock    9.3568840026855469     
 Average time per cell    2.2662653853850707E-008
 Step time per cell       2.1781581583329374E-008
 Step       8 time   0.0045556 control    sound    timestep   7.41E-04       1,       1 x  6.51E-04 y  6.51E-04
 Wall clock    10.640356063842773     
 Average time per cell    2.2549853990009676E-008
 Step time per cell       2.1758476375705667E-008
 Step       9 time   0.0052964 control    sound    timestep   7.33E-04       1,       1 x  6.51E-04 y  6.51E-04
 Wall clock    11.925883054733276     
 Average time per cell    2.2465991841508421E-008
 Step time per cell       2.1793061427565084E-008
 Step      10 time   0.0060292 control    sound    timestep   7.28E-04       1,       1 x  6.51E-04 y  6.51E-04
 Wall clock    13.256053924560547     
 Average time per cell    2.2474592292888297E-008
 Step time per cell       2.2549405305956800E-008
 Step      11 time   0.0067568 control    sound    timestep   7.22E-04       1,       1 x  6.51E-04 y  6.51E-04
 Wall clock    14.535319089889526     
 Average time per cell    2.2403168479672097E-008
 Step time per cell       2.1687863207060014E-008
 Step      12 time   0.0074792 control    sound    timestep   7.20E-04       1,       1 x  6.51E-04 y  6.51E-04
 Wall clock    15.816006898880005     
 Average time per cell    2.2345658618616180E-008
 Step time per cell       2.1710968414683721E-008
 Step      13 time   0.0081988 control    sound    timestep   7.21E-04       1,       1 x  6.51E-04 y  6.51E-04
 Wall clock    17.099356889724731     
 Average time per cell    2.2300468366215020E-008
 Step time per cell       2.1756168280262500E-008
 Step      14 time   0.0089202 control    sound    timestep   7.24E-04       1,       1 x  6.51E-04 y  6.51E-04
 Wall clock    18.380104064941406     
 Average time per cell    2.2258581815376169E-008
 Step time per cell       2.1711801107610681E-008
 Step      15 time   0.0096444 control    sound    timestep   7.25E-04       1,       1 x  6.51E-04 y  6.51E-04
 Wall clock    19.662235975265503     
 Average time per cell    2.2223845277309281E-008
 Step time per cell       2.1735553067022312E-008
 Step      16 time   0.0103697 control    sound    timestep   7.26E-04       1,       1 x  6.51E-04 y  6.51E-04
 Wall clock    20.943157911300659     
 Average time per cell    2.2192168671608670E-008
 Step time per cell       2.1715087415133085E-008
 Step      17 time   0.0110953 control    sound    timestep   7.26E-04       1,       1 x  6.51E-04 y  6.51E-04
 Wall clock    22.224103927612305     
 Average time per cell    2.2164242740817904E-008
 Step time per cell       2.1715087415133085E-008
 Step      18 time   0.0118213 control    sound    timestep   7.26E-04       1,       1 x  6.51E-04 y  6.51E-04
 Wall clock    23.508301019668579     
 Average time per cell    2.2142481881288672E-008
 Step time per cell       2.1770784870669661E-008
 Step      19 time   0.0125475 control    sound    timestep   7.26E-04       1,       1 x  6.51E-04 y  6.51E-04
 Wall clock    24.788637876510620     
 Average time per cell    2.2119567047039386E-008
 Step time per cell       2.1705268914552611E-008
 Step      20 time   0.0132737 control    sound    timestep   7.26E-04       1,       1 x  6.51E-04 y  6.51E-04
 Wall clock    26.122869014739990     
 Average time per cell    2.2144630444624149E-008
 Step time per cell       2.2618866447980204E-008
 Step      21 time   0.0140001 control    sound    timestep   7.27E-04       1,       1 x  6.51E-04 y  6.51E-04
 Wall clock    27.404193878173828     
 Average time per cell    2.2124593323540120E-008
 Step time per cell       2.1722803972402795E-008
 Step      22 time   0.0147268 control    sound    timestep   7.27E-04       1,       1 x  6.51E-04 y  6.51E-04
 Wall clock    28.713156938552856     
 Average time per cell    2.2127677022415977E-008
 Step time per cell       2.2190312544504803E-008
 Step      23 time   0.0154537 control    sound    timestep   7.27E-04       1,       1 x  6.51E-04 y  6.51E-04
 Wall clock    29.997714996337891     
 Average time per cell    2.2112502680488543E-008
 Step time per cell       2.1776783493502687E-008
 Step      24 time   0.0161807 control    sound    timestep   7.27E-04       1,       1 x  6.51E-04 y  6.51E-04
 Wall clock    31.279380083084106     
 Average time per cell    2.2096549198775192E-008
 Step time per cell       2.1727824383156582E-008
 Step      25 time   0.0169080 control    sound    timestep   7.27E-04       1,       1 x  6.51E-04 y  6.51E-04
 Wall clock    32.559928894042969     
 Average time per cell    2.2081114972631136E-008
 Step time per cell       2.1708745205412723E-008
 Step      26 time   0.0176355 control    sound    timestep   7.28E-04       1,       1 x  6.51E-04 y  6.51E-04
 Wall clock    33.839338064193726     
 Average time per cell    2.2066124851972612E-008
 Step time per cell       2.1689302229788154E-008
 Step      27 time   0.0183631 control    sound    timestep   7.28E-04       1,       1 x  6.51E-04 y  6.51E-04
 Wall clock    35.119922876358032     
 Average time per cell    2.2052983335868949E-008
 Step time per cell       2.1709201973862946E-008
 Step      28 time   0.0190909 control    sound    timestep   7.28E-04       1,       1 x  6.51E-04 y  6.51E-04
 Wall clock    36.403792858123779     
 Average time per cell    2.2042769694327568E-008
 Step time per cell       2.1764879218406146E-008
 Step      29 time   0.0198188 control    sound    timestep   7.28E-04       1,       1 x  6.51E-04 y  6.51E-04
 Wall clock    37.685256004333496     
 Average time per cell    2.2031853338560781E-008
 Step time per cell       2.1724141940164069E-008
 Step      30 time   0.0205468 control    sound    timestep   7.28E-04       1,       1 x  6.51E-04 y  6.51E-04
 Wall clock    39.014788866043091     
 Average time per cell    2.2048830874997227E-008
 Step time per cell       2.2539299809270435E-008
 Step      31 time   0.0212748 control    sound    timestep   7.28E-04       1,       1 x  6.51E-04 y  6.51E-04
 Wall clock    40.292747974395752     
 Average time per cell    2.2036506884938312E-008
 Step time per cell       2.1665837266482413E-008
 Step      32 time   0.0220028 control    sound    timestep   7.28E-04       1,       1 x  6.51E-04 y  6.51E-04
 Wall clock    41.573631048202515     
 Average time per cell    2.2026502316900102E-008
 Step time per cell       2.1714392156961063E-008
 Step      33 time   0.0227308 control    sound    timestep   7.28E-04       1,       1 x  6.51E-04 y  6.51E-04
 Wall clock    42.856364965438843     
 Average time per cell    2.2018054982934222E-008
 Step time per cell       2.1745824293854336E-008
 Step      34 time   0.0234590 control    sound    timestep   7.28E-04       1,       1 x  6.51E-04 y  6.51E-04
 Wall clock    44.136904954910278     
 Average time per cell    2.2009010541783888E-008
 Step time per cell       2.1708526926684296E-008
 Step      35 time   0.0241873 control    sound    timestep   7.28E-04       1,       1 x  6.51E-04 y  6.51E-04
 Wall clock    45.418549060821533     
 Average time per cell    2.2001017766472486E-008
 Step time per cell       2.1727315066123588E-008
 Step      36 time   0.0249157 control    sound    timestep   7.29E-04       1,       1 x  6.51E-04 y  6.51E-04
 Wall clock    46.701452016830444     
 Average time per cell    2.1994061890039534E-008
 Step time per cell       2.1748674043919890E-008
 Step      37 time   0.0256442 control    sound    timestep   7.29E-04       1,       1 x  6.51E-04 y  6.51E-04
 Wall clock    47.977993965148926     
 Average time per cell    2.1984567253937102E-008
 Step time per cell       2.1640541187177103E-008
 Step      38 time   0.0263728 control    sound    timestep   7.29E-04       1,       1 x  6.51E-04 y  6.51E-04
 Wall clock    49.260106086730957     
 Average time per cell    2.1978057543093569E-008
 Step time per cell       2.1735043749989322E-008
 Step      39 time   0.0271016 control    sound    timestep   7.29E-04       1,       1 x  6.51E-04 y  6.51E-04
 Wall clock    50.540477037429810     
 Average time per cell    2.1971124735962005E-008
 Step time per cell       2.1706000552512705E-008
 Step      40 time   0.0278304 control    sound    timestep   7.29E-04       1,       1 x  6.51E-04 y  6.51E-04
 Wall clock    51.875176906585693     
 Average time per cell    2.1987566166596176E-008
 Step time per cell       2.2626732566600871E-008
 Step      41 time   0.0285593 control    sound    timestep   7.29E-04       1,       1 x  6.51E-04 y  6.51E-04
 Wall clock    53.154821872711182     
 Average time per cell    2.1980439420337701E-008
 Step time per cell       2.1694334767137964E-008
 Step      42 time   0.0292882 control    sound    timestep   7.29E-04       1,       1 x  6.51E-04 y  6.51E-04
 Wall clock    54.433942079544067     
 Average time per cell    2.1973440212489563E-008
 Step time per cell       2.1684504139961467E-008
 Step      43 time   0.0300171 control    sound    timestep   7.29E-04       1,       1 x  6.51E-04 y  6.51E-04
 Wall clock    55.713779926300049     
 Average time per cell    2.1967049503099722E-008
 Step time per cell       2.1696574145203664E-008
 Step      44 time   0.0307460 control    sound    timestep   7.29E-04       1,       1 x  6.51E-04 y  6.51E-04
 Wall clock    56.993963003158569     
 Average time per cell    2.1961082305583981E-008
 Step time per cell       2.1702423206685731E-008
 Step      45 time   0.0314750 control    sound    timestep   7.29E-04       1,       1 x  6.51E-04 y  6.51E-04
 Wall clock    58.274002075195312     
 Average time per cell    2.1955326061557840E-008
 Step time per cell       2.1700187870818707E-008
 Step      46 time   0.0322040 control    sound    timestep   7.29E-04       1,       1 x  6.51E-04 y  6.51E-04
 Wall clock    59.556256055831909     
 Average time per cell    2.1950636437395587E-008
 Step time per cell       2.1737501406783446E-008
 Step      47 time   0.0329331 control    sound    timestep   7.29E-04       1,       1 x  6.51E-04 y  6.51E-04
 Wall clock    60.839057922363281     
 Average time per cell    2.1946344009422243E-008
 Step time per cell       2.1746535720821055E-008
 Step      48 time   0.0336623 control    sound    timestep   7.29E-04       1,       1 x  6.51E-04 y  6.51E-04
 Wall clock    62.119373083114624     
 Average time per cell    2.1941352096527462E-008
 Step time per cell       2.1704884905678532E-008
 Step      49 time   0.0343915 control    sound    timestep   7.29E-04       1,       1 x  6.51E-04 y  6.51E-04
 Wall clock    63.399111986160278     
 Average time per cell    2.1936364547542746E-008
 Step time per cell       2.1695050236303358E-008
 Step      50 time   0.0351209 control    sound    timestep   7.29E-04       1,       1 x  6.51E-04 y  6.51E-04
 Wall clock    64.732198953628540     
 Average time per cell    2.1949665986337803E-008
 Step time per cell       2.2599674088673460E-008
 Step      51 time   0.0358503 control    sound    timestep   7.30E-04       1,       1 x  6.51E-04 y  6.51E-04
 Wall clock    66.011761903762817     
 Average time per cell    2.1944652517069503E-008
 Step time per cell       2.1692843195827057E-008
 Step      52 time   0.0365798 control    sound    timestep   7.30E-04       1,       1 x  6.51E-04 y  6.51E-04
 Wall clock    67.291020870208740     
 Average time per cell    2.1939732761940180E-008
 Step time per cell       2.1686941585762219E-008
 Step      53 time   0.0373094 control    sound    timestep   7.30E-04       1,       1 x  6.51E-04 y  6.51E-04
 Wall clock    68.575918912887573     
 Average time per cell    2.1936802546307250E-008
 Step time per cell       2.1782478951435121E-008
 Step      54 time   0.0380391 control    sound    timestep   7.30E-04       1,       1 x  6.51E-04 y  6.51E-04
 Wall clock    69.855859041213989     
 Average time per cell    2.1932424236411889E-008
 Step time per cell       2.1698405261203233E-008
 Step      55 time   0.0387688 control    sound    timestep   7.30E-04       1,       1 x  6.51E-04 y  6.51E-04
 Wall clock    71.137515068054199     
 Average time per cell    2.1928734077855644E-008
 Step time per cell       2.1727315066123588E-008
 Step      56 time   0.0394984 control    sound    timestep   7.30E-04       1,       1 x  6.51E-04 y  6.51E-04
 Wall clock    72.423444032669067     
 Average time per cell    2.1926469358616503E-008
 Step time per cell       2.1800014009285305E-008
 Step      57 time   0.0402281 control    sound    timestep   7.30E-04       1,       1 x  6.51E-04 y  6.51E-04
 Wall clock    73.703392028808594     
 Average time per cell    2.1922505110298915E-008
 Step time per cell       2.1698506316170095E-008
 Step      58 time   0.0409578 control    sound    timestep   7.30E-04       1,       1 x  6.51E-04 y  6.51E-04
 Wall clock    74.986732959747314     
 Average time per cell    2.1919669362429130E-008
 Step time per cell       2.1756067225295638E-008
 Step      59 time   0.0416876 control    sound    timestep   7.30E-04       1,       1 x  6.51E-04 y  6.51E-04
 Wall clock    76.267601013183594     
 Average time per cell    2.1916219136781163E-008
 Step time per cell       2.1714222384616733E-008
 Step      60 time   0.0424174 control    sound    timestep   7.30E-04       1,       1 x  6.51E-04 y  6.51E-04
 Wall clock    77.597250938415527     
 Average time per cell    2.1926668220354865E-008
 Step time per cell       2.2541130925270004E-008
 Step      61 time   0.0431473 control    sound    timestep   7.30E-04       1,       1 x  6.51E-04 y  6.51E-04
 Wall clock    78.877654075622559     
 Average time per cell    2.1923087163656978E-008
 Step time per cell       2.1707172790128323E-008
 Step      62 time   0.0438772 control    sound    timestep   7.30E-04       1,       1 x  6.51E-04 y  6.51E-04
 Wall clock    80.159349918365479     
 Average time per cell    2.1919975121710851E-008
 Step time per cell       2.1728091168269101E-008
 Step      63 time   0.0446072 control    sound    timestep   7.30E-04       1,       1 x  6.51E-04 y  6.51E-04
 Wall clock    81.442108869552612     
 Average time per cell    2.1917247972586659E-008
 Step time per cell       2.1745840462649035E-008
 Step      64 time   0.0453372 control    sound    timestep   7.30E-04       1,       1 x  6.51E-04 y  6.51E-04
 Wall clock    82.722490072250366     
 Average time per cell    2.1913976158632270E-008
 Step time per cell       2.1706206704645106E-008
 Step      65 time   0.0460673 control    sound    timestep   7.30E-04       1,       1 x  6.51E-04 y  6.51E-04
 Wall clock    84.002542018890381     
 Average time per cell    2.1910719134701558E-008
 Step time per cell       2.1700268714792200E-008
 Step      66 time   0.0467975 control    sound    timestep   7.30E-04       1,       1 x  6.51E-04 y  6.51E-04
 Wall clock    85.287087917327881     
 Average time per cell    2.1908715223659910E-008
 Step time per cell       2.1776682438535822E-008
 Step      67 time   0.0475278 control    sound    timestep   7.30E-04       1,       1 x  6.51E-04 y  6.51E-04
 Wall clock    86.568683862686157     
 Average time per cell    2.1906024651392634E-008
 Step time per cell       2.1726648103342288E-008
 Step      68 time   0.0482581 control    sound    timestep   7.30E-04       1,       1 x  6.51E-04 y  6.51E-04
 Wall clock    87.850593090057373     
 Average time per cell    2.1903491323148782E-008
 Step time per cell       2.1731789780056310E-008
 Step      69 time   0.0489885 control    sound    timestep   7.30E-04       1,       1 x  6.51E-04 y  6.51E-04
 Wall clock    89.170688867568970     
 Average time per cell    2.1910414363736745E-008
 Step time per cell       2.2379131728990211E-008
 Step      70 time   0.0497188 control    sound    timestep   7.30E-04       1,       1 x  6.51E-04 y  6.51E-04
 Wall clock    90.501328945159912     
 Average time per cell    2.1919693464287632E-008
 Step time per cell       2.2557966682749489E-008
 Step      71 time   0.0504492 control    sound    timestep   7.30E-04       1,       1 x  6.51E-04 y  6.51E-04
 Wall clock    91.782299995422363     
 Average time per cell    2.1916850630692403E-008
 Step time per cell       2.1716732589993625E-008
 Step      72 time   0.0511795 control    sound    timestep   7.30E-04       1,       1 x  6.51E-04 y  6.51E-04
 Wall clock    93.063358068466187     
 Average time per cell    2.1914107256398658E-008
 Step time per cell       2.1717448059159020E-008
 Step      73 time   0.0519100 control    sound    timestep   7.30E-04       1,       1 x  6.51E-04 y  6.51E-04
 Wall clock    94.346211910247803     
 Average time per cell    2.1911856109351545E-008
 Step time per cell       2.1747772633615466E-008
 Step      74 time   0.0526404 control    sound    timestep   7.30E-04       1,       1 x  6.51E-04 y  6.51E-04
 Wall clock    95.627158880233765     
 Average time per cell    2.1909228918913825E-008
 Step time per cell       2.1715390580033675E-008
 Step      75 time   0.0533709 control    sound    timestep   7.31E-04       1,       1 x  6.51E-04 y  6.51E-04
 Wall clock    96.908931016921997     
 Average time per cell    2.1906858320882613E-008
 Step time per cell       2.1729582739580008E-008
 Step      76 time   0.0541014 control    sound    timestep   7.31E-04       1,       1 x  6.51E-04 y  6.51E-04
 Wall clock    98.190571069717407     
 Average time per cell    2.1904520641509253E-008
 Step time per cell       2.1727315066123588E-008
 Step      77 time   0.0548320 control    sound    timestep   7.31E-04       1,       1 x  6.51E-04 y  6.51E-04
 Wall clock    99.471353054046631     
 Average time per cell    2.1902054747664687E-008
 Step time per cell       2.1712613589544262E-008
 Step      78 time   0.0555626 control    sound    timestep   7.31E-04       1,       1 x  6.51E-04 y  6.51E-04
 Wall clock    100.75482201576233     
 Average time per cell    2.1900236127752828E-008
 Step time per cell       2.1758306603361335E-008
 Step      79 time   0.0562933 control    sound    timestep   7.31E-04       1,       1 x  6.51E-04 y  6.51E-04
 Wall clock    102.03759789466858     
 Average time per cell    2.1898314806173586E-008
 Step time per cell       2.1746196176132393E-008
 Step      80 time   0.0570241 control    sound    timestep   7.31E-04       1,       1 x  6.51E-04 y  6.51E-04
 Wall clock    103.36911201477051     
 Average time per cell    2.1906770497379409E-008
 Step time per cell       2.2572918775646638E-008
 Step      81 time   0.0577549 control    sound    timestep   7.31E-04       1,       1 x  6.51E-04 y  6.51E-04
 Wall clock    104.65046095848083     
 Average time per cell    2.1904517271040476E-008
 Step time per cell       2.1723515399369514E-008
 Step      82 time   0.0584859 control    sound    timestep   7.31E-04       1,       1 x  6.51E-04 y  6.51E-04
 Wall clock    105.93212604522705     
 Average time per cell    2.1902384366751786E-008
 Step time per cell       2.1727585893434783E-008
 Step      83 time   0.0592168 control    sound    timestep   7.31E-04       1,       1 x  6.51E-04 y  6.51E-04
 Wall clock    107.21402406692505     
 Average time per cell    2.1900350438808671E-008
 Step time per cell       2.1731757442466914E-008
 Step      84 time   0.0599477 control    sound    timestep   7.31E-04       1,       1 x  6.51E-04 y  6.51E-04
 Wall clock    108.49615597724915     
 Average time per cell    2.1898412144827292E-008
 Step time per cell       2.1735553067022312E-008
 Step      85 time   0.0606786 control    sound    timestep   7.31E-04       1,       1 x  6.51E-04 y  6.51E-04
 Wall clock    109.77849602699280     
 Average time per cell    2.1896560973521273E-008
 Step time per cell       2.1739130412849287E-008
 Step      86 time   0.0614096 control    sound    timestep   7.31E-04       1,       1 x  6.51E-04 y  6.51E-04
 Wall clock    111.06117200851440     
 Average time per cell    2.1894819078965772E-008
 Step time per cell       2.1744878419364491E-008
 Step      87 time   0.0621405 control    sound    timestep   7.31E-04       1,       1 x  6.51E-04 y  6.51E-04
 Wall clock    112.39204692840576     
 First step overhead -0.10085010528564453     
real 113.08
user 2704.51
sys 6.24
