
Clover Version    1.000
       MPI Version
   Task Count    768

 Output file clover.out opened. All output will go there.

Clover Version    1.000
       MPI Version
   Task Count    768

 Step       1 time   0.0000000 control    sound    timestep   9.63E-05       1,       1 x  8.14E-05 y  1.63E-04
 Wall clock    1.4854040145874023     
 Average time per cell    7.8699536566596684E-010
 Step time per cell       7.8699536566596684E-010
 Step       2 time   0.0000963 control    sound    timestep   8.11E-05       1,       1 x  8.14E-05 y  1.63E-04
 Wall clock    3.0248279571533203     
 Average time per cell    8.0130575952352952E-010
 Step time per cell       8.1557699458143259E-010
 Step       3 time   0.0001774 control    sound    timestep   7.40E-05       1,       1 x  8.14E-05 y  1.63E-04
 Wall clock    4.4168119430541992     
 Average time per cell    7.8003705749762485E-010
 Step time per cell       7.3743017815609673E-010
 Step       4 time   0.0002514 control    sound    timestep   7.72E-05       1,       1 x  8.14E-05 y  1.63E-04
 Wall clock    5.7825808525085449     
 Average time per cell    7.6593039466388287E-010
 Step time per cell       7.2354257301614984E-010
 Step       5 time   0.0003286 control    sound    timestep   8.38E-05       1,       1 x  8.14E-05 y  1.63E-04
 Wall clock    7.1654269695281982     
 Average time per cell    7.5927596299152359E-010
 Step time per cell       7.3259406639812772E-010
 Step       6 time   0.0004124 control    sound    timestep   8.71E-05       1,       1 x  8.14E-05 y  1.63E-04
 Wall clock    8.5458350181579590     
 Average time per cell    7.5462438602429488E-010
 Step time per cell       7.3130031018485572E-010
 Step       7 time   0.0004995 control    sound    timestep   8.85E-05       1,       1 x  8.14E-05 y  1.63E-04
 Wall clock    10.025017976760864     
 Average time per cell    7.5877794967839560E-010
 Step time per cell       7.8363794071063037E-010
 Step       8 time   0.0005881 control    sound    timestep   9.16E-05       1,       1 x  8.14E-05 y  1.63E-04
 Wall clock    11.387920856475830     
 Average time per cell    7.5419219708944894E-010
 Step time per cell       7.2202839065640649E-010
 Step       9 time   0.0006796 control    sound    timestep   9.10E-05       1,       1 x  8.14E-05 y  1.63E-04
 Wall clock    12.779803037643433     
 Average time per cell    7.5233147689698259E-010
 Step time per cell       7.3738053490362487E-010
 Step      10 time   0.0007707 control    sound    timestep   9.10E-05       1,       1 x  8.14E-05 y  1.63E-04
 Wall clock    14.297399044036865     
 Average time per cell    7.5750345887273494E-010
 Step time per cell       8.0398990576213694E-010
 Step      11 time   0.0008617 control    sound    timestep   9.08E-05       1,       1 x  8.14E-05 y  1.63E-04
 Wall clock    15.657937049865723     
 Average time per cell    7.5417032385670641E-010
 Step time per cell       7.2082154171463719E-010
 Step      12 time   0.0009525 control    sound    timestep   9.06E-05       1,       1 x  8.14E-05 y  1.63E-04
 Wall clock    17.140861034393311     
 Average time per cell    7.5679624674025776E-010
 Step time per cell       7.8561356531281489E-010
 Step      13 time   0.0010432 control    sound    timestep   9.06E-05       1,       1 x  8.14E-05 y  1.63E-04
 Wall clock    18.558902025222778     
 Average time per cell    7.5637385479294455E-010
 Step time per cell       7.5124477108248457E-010
 Step      14 time   0.0011337 control    sound    timestep   9.07E-05       1,       1 x  8.14E-05 y  1.63E-04
 Wall clock    19.949331998825073     
 Average time per cell    7.5496688717225519E-010
 Step time per cell       7.3661378034254696E-010
 Step      15 time   0.0012244 control    sound    timestep   9.09E-05       1,       1 x  8.14E-05 y  1.63E-04
 Wall clock    21.323279857635498     
 Average time per cell    7.5316534599147010E-010
 Step time per cell       7.2787492576430342E-010
 Step      16 time   0.0013153 control    sound    timestep   9.09E-05       1,       1 x  8.14E-05 y  1.63E-04
 Wall clock    22.724792957305908     
 Average time per cell    7.5250178434139851E-010
 Step time per cell       7.4248103171865099E-010
 Step      17 time   0.0014062 control    sound    timestep   9.09E-05       1,       1 x  8.14E-05 y  1.63E-04
 Wall clock    24.057113885879517     
 Average time per cell    7.4975985751057038E-010
 Step time per cell       7.0582700573140760E-010
 Step      18 time   0.0014971 control    sound    timestep   9.09E-05       1,       1 x  8.14E-05 y  1.63E-04
 Wall clock    25.515595912933350     
 Average time per cell    7.5103606450508695E-010
 Step time per cell       7.7266589768340864E-010
 Step      19 time   0.0015880 control    sound    timestep   9.09E-05       1,       1 x  8.14E-05 y  1.63E-04
 Wall clock    26.888728857040405     
 Average time per cell    7.4979795648453259E-010
 Step time per cell       7.2745845298211661E-010
 Step      20 time   0.0016789 control    sound    timestep   9.09E-05       1,       1 x  8.14E-05 y  1.63E-04
 Wall clock    28.371968030929565     
 Average time per cell    7.5160047824990920E-010
 Step time per cell       7.8578472716294020E-010
 Step      21 time   0.0017699 control    sound    timestep   9.09E-05       1,       1 x  8.14E-05 y  1.63E-04
 Wall clock    29.754989862442017     
 Average time per cell    7.5070289991373778E-010
 Step time per cell       7.3273541703302832E-010
 Step      22 time   0.0018608 control    sound    timestep   9.09E-05       1,       1 x  8.14E-05 y  1.63E-04
 Wall clock    31.118376970291138     
 Average time per cell    7.4941406274783826E-010
 Step time per cell       7.2230288121014992E-010
 Step      23 time   0.0019517 control    sound    timestep   9.09E-05       1,       1 x  8.14E-05 y  1.63E-04
 Wall clock    32.536012887954712     
 Average time per cell    7.4948695288659784E-010
 Step time per cell       7.5102636603535052E-010
 Step      24 time   0.0020427 control    sound    timestep   9.10E-05       1,       1 x  8.14E-05 y  1.63E-04
 Wall clock    33.888051033020020     
 Average time per cell    7.4810564590869166E-010
 Step time per cell       7.1626926809484661E-010
 Step      25 time   0.0021336 control    sound    timestep   9.10E-05       1,       1 x  8.14E-05 y  1.63E-04
 Wall clock    35.343610048294067     
 Average time per cell    7.4902873671413143E-010
 Step time per cell       7.7110876696274824E-010
 Step      26 time   0.0022246 control    sound    timestep   9.10E-05       1,       1 x  8.14E-05 y  1.63E-04
 Wall clock    36.741226911544800     
 Average time per cell    7.4870009527338466E-010
 Step time per cell       7.4042481578039265E-010
 Step      27 time   0.0023156 control    sound    timestep   9.10E-05       1,       1 x  8.14E-05 y  1.63E-04
 Wall clock    38.124944925308228     
 Average time per cell    7.4812306151582831E-010
 Step time per cell       7.3305285594768870E-010
 Step      28 time   0.0024065 control    sound    timestep   9.10E-05       1,       1 x  8.14E-05 y  1.63E-04
 Wall clock    39.545619010925293     
 Average time per cell    7.4828653129178931E-010
 Step time per cell       7.5263920330649449E-010
 Step      29 time   0.0024975 control    sound    timestep   9.10E-05       1,       1 x  8.14E-05 y  1.63E-04
 Wall clock    40.895668983459473     
 Average time per cell    7.4714845137503823E-010
 Step time per cell       7.1521539110916718E-010
 Step      30 time   0.0025884 control    sound    timestep   9.10E-05       1,       1 x  8.14E-05 y  1.63E-04
 Wall clock    42.441940069198608     
 Average time per cell    7.4955163300829654E-010
 Step time per cell       8.1917455140177881E-010
 Step      31 time   0.0026794 control    sound    timestep   9.10E-05       1,       1 x  8.14E-05 y  1.63E-04
 Wall clock    43.822341918945312     
 Average time per cell    7.4896490990808464E-010
 Step time per cell       7.3134742706315592E-010
 Step      32 time   0.0027704 control    sound    timestep   9.10E-05       1,       1 x  8.14E-05 y  1.63E-04
 Wall clock    45.182169914245605     
 Average time per cell    7.4807421886665303E-010
 Step time per cell       7.2042035349618855E-010
 Step      33 time   0.0028614 control    sound    timestep   9.10E-05       1,       1 x  8.14E-05 y  1.63E-04
 Wall clock    46.567605018615723     
 Average time per cell    7.4764863439064997E-010
 Step time per cell       7.3396790867263919E-010
 Step      34 time   0.0029523 control    sound    timestep   9.10E-05       1,       1 x  8.14E-05 y  1.63E-04
 Wall clock    47.957557916641235     
 Average time per cell    7.4731848468408456E-010
 Step time per cell       7.3635470067125024E-010
 Step      35 time   0.0030433 control    sound    timestep   9.10E-05       1,       1 x  8.14E-05 y  1.63E-04
 Wall clock    49.365259885787964     
 Average time per cell    7.4727588056818589E-010
 Step time per cell       7.4575900220629088E-010
 Step      36 time   0.0031343 control    sound    timestep   9.10E-05       1,       1 x  8.14E-05 y  1.63E-04
 Wall clock    50.767927885055542     
 Average time per cell    7.4716155742503303E-010
 Step time per cell       7.4309291954301037E-010
 Step      37 time   0.0032253 control    sound    timestep   9.10E-05       1,       1 x  8.14E-05 y  1.63E-04
 Wall clock    52.168775081634521     
 Average time per cell    7.4702734104698514E-010
 Step time per cell       7.4211925493727904E-010
 Step      38 time   0.0033163 control    sound    timestep   9.10E-05       1,       1 x  8.14E-05 y  1.63E-04
 Wall clock    53.578351974487305     
 Average time per cell    7.4702190341290405E-010
 Step time per cell       7.4675881478469823E-010
 Step      39 time   0.0034073 control    sound    timestep   9.10E-05       1,       1 x  8.14E-05 y  1.63E-04
 Wall clock    54.920737028121948     
 Average time per cell    7.4610393649318549E-010
 Step time per cell       7.1116498171856317E-010
 Step      40 time   0.0034982 control    sound    timestep   9.10E-05       1,       1 x  8.14E-05 y  1.63E-04
 Wall clock    56.431293010711670     
 Average time per cell    7.4745937202654505E-010
 Step time per cell       8.0026198803453652E-010
 Step      41 time   0.0035892 control    sound    timestep   9.10E-05       1,       1 x  8.14E-05 y  1.63E-04
 Wall clock    57.760164976119995     
 Average time per cell    7.4640089226440999E-010
 Step time per cell       7.0403681699341786E-010
 Step      42 time   0.0036802 control    sound    timestep   9.10E-05       1,       1 x  8.14E-05 y  1.63E-04
 Wall clock    59.207187891006470     
 Average time per cell    7.4688325976576712E-010
 Step time per cell       7.6659148362523413E-010
 Step      43 time   0.0037712 control    sound    timestep   9.10E-05       1,       1 x  8.14E-05 y  1.63E-04
 Wall clock    60.640393972396851     
 Average time per cell    7.4717294920195416E-010
 Step time per cell       7.5927838831072829E-010
 Step      44 time   0.0038622 control    sound    timestep   9.10E-05       1,       1 x  8.14E-05 y  1.63E-04
 Wall clock    61.979500055313110     
 Average time per cell    7.4631638063701848E-010
 Step time per cell       7.0944047870903478E-010
 Step      45 time   0.0039532 control    sound    timestep   9.10E-05       1,       1 x  8.14E-05 y  1.63E-04
 Wall clock    63.381681919097900     
 Average time per cell    7.4624052070214900E-010
 Step time per cell       7.4284015580714264E-010
 Step      46 time   0.0040442 control    sound    timestep   9.10E-05       1,       1 x  8.14E-05 y  1.63E-04
 Wall clock    64.794795036315918     
 Average time per cell    7.4629386307900565E-010
 Step time per cell       7.4862542634137854E-010
 Step      47 time   0.0041352 control    sound    timestep   9.10E-05       1,       1 x  8.14E-05 y  1.63E-04
 Wall clock    66.195847034454346     
 Average time per cell    7.4620897363494016E-010
 Step time per cell       7.4224102617234977E-010
 Step      48 time   0.0042262 control    sound    timestep   9.10E-05       1,       1 x  8.14E-05 y  1.63E-04
 Wall clock    67.576617002487183     
 Average time per cell    7.4590375028812421E-010
 Step time per cell       7.3148991456643365E-010
 Step      49 time   0.0043173 control    sound    timestep   9.10E-05       1,       1 x  8.14E-05 y  1.63E-04
 Wall clock    68.983191967010498     
 Average time per cell    7.4589000501881920E-010
 Step time per cell       7.4517035702431005E-010
 Step      50 time   0.0044083 control    sound    timestep   9.10E-05       1,       1 x  8.14E-05 y  1.63E-04
 Wall clock    70.501743078231812     
 Average time per cell    7.4706335150646437E-010
 Step time per cell       8.0448469614364309E-010
 Step      51 time   0.0044993 control    sound    timestep   9.10E-05       1,       1 x  8.14E-05 y  1.63E-04
 Wall clock    71.819997072219849     
 Average time per cell    7.4610987594932612E-010
 Step time per cell       6.9841967666030137E-010
 Step      52 time   0.0045903 control    sound    timestep   9.10E-05       1,       1 x  8.14E-05 y  1.63E-04
 Wall clock    73.223016977310181     
 Average time per cell    7.4605673783161888E-010
 Step time per cell       7.4328100810008534E-010
 Step      53 time   0.0046813 control    sound    timestep   9.10E-05       1,       1 x  8.14E-05 y  1.63E-04
 Wall clock    74.678943872451782     
 Average time per cell    7.4653449420860764E-010
 Step time per cell       7.7130999266551544E-010
 Step      54 time   0.0047723 control    sound    timestep   9.10E-05       1,       1 x  8.14E-05 y  1.63E-04
 Wall clock    76.046443939208984     
 Average time per cell    7.4612695924744182E-010
 Step time per cell       7.2448036310864454E-010
 Step      55 time   0.0048633 control    sound    timestep   9.10E-05       1,       1 x  8.14E-05 y  1.63E-04
 Wall clock    77.517742872238159     
 Average time per cell    7.4673414588926447E-010
 Step time per cell       7.7945704409406361E-010
 Step      56 time   0.0049544 control    sound    timestep   9.10E-05       1,       1 x  8.14E-05 y  1.63E-04
 Wall clock    78.947349071502686     
 Average time per cell    7.4692519005804482E-010
 Step time per cell       7.5736895471183947E-010
 Step      57 time   0.0050454 control    sound    timestep   9.10E-05       1,       1 x  8.14E-05 y  1.63E-04
 Wall clock    80.285423994064331     
 Average time per cell    7.4625874117860864E-010
 Step time per cell       7.0888732908416487E-010
 Step      58 time   0.0051364 control    sound    timestep   9.10E-05       1,       1 x  8.14E-05 y  1.63E-04
 Wall clock    81.725851058959961     
 Average time per cell    7.4655024081774559E-010
 Step time per cell       7.6310432935618645E-010
 Step      59 time   0.0052275 control    sound    timestep   9.10E-05       1,       1 x  8.14E-05 y  1.63E-04
 Wall clock    83.084758996963501     
 Average time per cell    7.4609981864601883E-010
 Step time per cell       7.1993036322560834E-010
 Step      60 time   0.0053185 control    sound    timestep   9.10E-05       1,       1 x  8.14E-05 y  1.63E-04
 Wall clock    84.572900056838989     
 Average time per cell    7.4680558007592617E-010
 Step time per cell       7.8838082926166758E-010
 Step      61 time   0.0054095 control    sound    timestep   9.10E-05       1,       1 x  8.14E-05 y  1.63E-04
 Wall clock    85.959372043609619     
 Average time per cell    7.4660514911111034E-010
 Step time per cell       7.3456135396554605E-010
 Step      62 time   0.0055006 control    sound    timestep   9.10E-05       1,       1 x  8.14E-05 y  1.63E-04
 Wall clock    87.287492990493774     
 Average time per cell    7.4591254667136643E-010
 Step time per cell       7.0362413377248838E-010
 Step      63 time   0.0055916 control    sound    timestep   9.11E-05       1,       1 x  8.14E-05 y  1.63E-04
 Wall clock    88.676904916763306     
 Average time per cell    7.4575737810860917E-010
 Step time per cell       7.3607389418207782E-010
 Step      64 time   0.0056827 control    sound    timestep   9.10E-05       1,       1 x  8.14E-05 y  1.63E-04
 Wall clock    90.056936979293823     
 Average time per cell    7.4552940808479840E-010
 Step time per cell       7.3110211613109442E-010
 Step      65 time   0.0057737 control    sound    timestep   9.11E-05       1,       1 x  8.14E-05 y  1.63E-04
 Wall clock    91.497917890548706     
 Average time per cell    7.4580525040054894E-010
 Step time per cell       7.6339612557300525E-010
 Step      66 time   0.0058648 control    sound    timestep   9.11E-05       1,       1 x  8.14E-05 y  1.63E-04
 Wall clock    92.905683040618896     
 Average time per cell    7.4580609228971347E-010
 Step time per cell       7.4579613990661329E-010
 Step      67 time   0.0059558 control    sound    timestep   9.11E-05       1,       1 x  8.14E-05 y  1.63E-04
 Wall clock    94.285430908203125     
 Average time per cell    7.4558535545977883E-010
 Step time per cell       7.3097124994900596E-010
 Step      68 time   0.0060469 control    sound    timestep   9.11E-05       1,       1 x  8.14E-05 y  1.63E-04
 Wall clock    95.657244920730591     
 Average time per cell    7.4530929460035115E-010
 Step time per cell       7.2674588914701920E-010
 Step      69 time   0.0061379 control    sound    timestep   9.11E-05       1,       1 x  8.14E-05 y  1.63E-04
 Wall clock    97.078322887420654     
 Average time per cell    7.4541951060810067E-010
 Step time per cell       7.5284421857051913E-010
 Step      70 time   0.0062290 control    sound    timestep   9.11E-05       1,       1 x  8.14E-05 y  1.63E-04
 Wall clock    98.541568994522095     
 Average time per cell    7.4584574165436651E-010
 Step time per cell       7.7522385153214500E-010
 Step      71 time   0.0063200 control    sound    timestep   9.11E-05       1,       1 x  8.14E-05 y  1.63E-04
 Wall clock    99.876673936843872     
 Average time per cell    7.4530374602229663E-010
 Step time per cell       7.0734763034528849E-010
 Step      72 time   0.0064111 control    sound    timestep   9.11E-05       1,       1 x  8.14E-05 y  1.63E-04
 Wall clock    101.28581190109253     
 Average time per cell    7.4532158508045096E-010
 Step time per cell       7.4651653550164254E-010
 Step      73 time   0.0065022 control    sound    timestep   9.11E-05       1,       1 x  8.14E-05 y  1.63E-04
 Wall clock    102.66040492057800     
 Average time per cell    7.4508821525586792E-010
 Step time per cell       7.2821724946455404E-010
 Step      74 time   0.0065932 control    sound    timestep   9.11E-05       1,       1 x  8.14E-05 y  1.63E-04
 Wall clock    104.07358002662659     
 Average time per cell    7.4513738954838040E-010
 Step time per cell       7.4866559569070686E-010
 Step      75 time   0.0066843 control    sound    timestep   9.11E-05       1,       1 x  8.14E-05 y  1.63E-04
 Wall clock    105.46185708045959     
 Average time per cell    7.4500936635659953E-010
 Step time per cell       7.3546996443635892E-010
 Step      76 time   0.0067754 control    sound    timestep   9.11E-05       1,       1 x  8.14E-05 y  1.63E-04
 Wall clock    106.88685798645020     
 Average time per cell    7.4514072531461856E-010
 Step time per cell       7.5492329819503031E-010
 Step      77 time   0.0068665 control    sound    timestep   9.11E-05       1,       1 x  8.14E-05 y  1.63E-04
 Wall clock    108.28354597091675     
 Average time per cell    7.4507385773346879E-010
 Step time per cell       7.3992724638729767E-010
 Step      78 time   0.0069576 control    sound    timestep   9.11E-05       1,       1 x  8.14E-05 y  1.63E-04
 Wall clock    109.64455699920654     
 Average time per cell    7.4476636712168388E-010
 Step time per cell       7.2104398896044585E-010
 Step      79 time   0.0070486 control    sound    timestep   9.11E-05       1,       1 x  8.14E-05 y  1.63E-04
 Wall clock    111.01249003410339     
 Average time per cell    7.4451308400723762E-010
 Step time per cell       7.2469927343061294E-010
 Step      80 time   0.0071397 control    sound    timestep   9.11E-05       1,       1 x  8.14E-05 y  1.63E-04
 Wall clock    112.53951907157898     
 Average time per cell    7.4531978416164039E-010
 Step time per cell       8.0898606332387623E-010
 Step      81 time   0.0072308 control    sound    timestep   9.11E-05       1,       1 x  8.14E-05 y  1.63E-04
 Wall clock    113.87998986244202     
 Average time per cell    7.4488629276004850E-010
 Step time per cell       7.1018323271548272E-010
 Step      82 time   0.0073219 control    sound    timestep   9.11E-05       1,       1 x  8.14E-05 y  1.63E-04
 Wall clock    115.26128697395325     
 Average time per cell    7.4472716167337039E-010
 Step time per cell       7.3177173160527467E-010
 Step      83 time   0.0074130 control    sound    timestep   9.11E-05       1,       1 x  8.14E-05 y  1.63E-04
 Wall clock    116.67598485946655     
 Average time per cell    7.4478507430975733E-010
 Step time per cell       7.4947302487594744E-010
 Step      84 time   0.0075041 control    sound    timestep   9.11E-05       1,       1 x  8.14E-05 y  1.63E-04
 Wall clock    118.09271597862244     
 Average time per cell    7.4485443243035844E-010
 Step time per cell       7.5054332329374219E-010
 Step      85 time   0.0075952 control    sound    timestep   9.11E-05       1,       1 x  8.14E-05 y  1.63E-04
 Wall clock    119.51270389556885     
 Average time per cell    7.4494245875470059E-010
 Step time per cell       7.5226833157810482E-010
 Step      86 time   0.0076863 control    sound    timestep   9.11E-05       1,       1 x  8.14E-05 y  1.63E-04
 Wall clock    120.91439485549927     
 Average time per cell    7.4491571613367997E-010
 Step time per cell       7.4257627602491998E-010
 Step      87 time   0.0077774 control    sound    timestep   9.11E-05       1,       1 x  8.14E-05 y  1.63E-04
 Wall clock    122.37512493133545     
 First step overhead  -5.3946971893310547E-002
real 123.69
user 2918.18
sys 43.80
