
Clover Version    1.000
       MPI Version
   Task Count    768


Clover Version    1.000
       MPI Version
   Task Count    768

 Output file clover.out opened. All output will go there.
 Step       1 time   0.0000000 control    sound    timestep   9.63E-05       1,       1 x  8.14E-05 y  1.63E-04
 Wall clock    1.6334588527679443     
 Average time per cell    8.6543764155067041E-010
 Step time per cell       8.6543764155067041E-010
 Step       2 time   0.0000963 control    sound    timestep   8.11E-05       1,       1 x  8.14E-05 y  1.63E-04
 Wall clock    3.6233358383178711     
 Average time per cell    9.5985620242168401E-010
 Step time per cell       1.0541676450278223E-009
 Step       3 time   0.0001774 control    sound    timestep   7.40E-05       1,       1 x  8.14E-05 y  1.63E-04
 Wall clock    5.0647709369659424     
 Average time per cell    8.9447073353059954E-010
 Step time per cell       7.6361970968719105E-010
 Step       4 time   0.0002514 control    sound    timestep   7.72E-05       1,       1 x  8.14E-05 y  1.63E-04
 Wall clock    6.4891569614410400     
 Average time per cell    8.5951976795210311E-010
 Step time per cell       7.5459752224560364E-010
 Step       5 time   0.0003286 control    sound    timestep   8.38E-05       1,       1 x  8.14E-05 y  1.63E-04
 Wall clock    7.8404238224029541     
 Average time per cell    8.3080120324060168E-010
 Step time per cell       7.1584976366365379E-010
 Step       6 time   0.0004124 control    sound    timestep   8.71E-05       1,       1 x  8.14E-05 y  1.63E-04
 Wall clock    9.2980439662933350     
 Average time per cell    8.2104682624722716E-010
 Step time per cell       7.7220647654030468E-010
 Step       7 time   0.0004995 control    sound    timestep   8.85E-05       1,       1 x  8.14E-05 y  1.63E-04
 Wall clock    10.690783977508545     
 Average time per cell    8.0916873822201206E-010
 Step time per cell       7.3783288219904842E-010
 Step       8 time   0.0005881 control    sound    timestep   9.16E-05       1,       1 x  8.14E-05 y  1.63E-04
 Wall clock    12.226828813552856     
 Average time per cell    8.0975087573480976E-010
 Step time per cell       8.1375484721017229E-010
 Step       9 time   0.0006796 control    sound    timestep   9.10E-05       1,       1 x  8.14E-05 y  1.63E-04
 Wall clock    13.598667860031128     
 Average time per cell    8.0053705404017459E-010
 Step time per cell       7.2676117371075738E-010
 Step      10 time   0.0007707 control    sound    timestep   9.10E-05       1,       1 x  8.14E-05 y  1.63E-04
 Wall clock    15.130136013031006     
 Average time per cell    8.0162345107560718E-010
 Step time per cell       8.1133053855511312E-010
 Step      11 time   0.0008617 control    sound    timestep   9.08E-05       1,       1 x  8.14E-05 y  1.63E-04
 Wall clock    16.448712825775146     
 Average time per cell    7.9225833130726416E-010
 Step time per cell       6.9859184906009528E-010
 Step      12 time   0.0009525 control    sound    timestep   9.06E-05       1,       1 x  8.14E-05 y  1.63E-04
 Wall clock    17.853628873825073     
 Average time per cell    7.8826607924148212E-010
 Step time per cell       7.4428928403196753E-010
 Step      13 time   0.0010432 control    sound    timestep   9.06E-05       1,       1 x  8.14E-05 y  1.63E-04
 Wall clock    19.248600006103516     
 Average time per cell    7.8448271164949186E-010
 Step time per cell       7.3899855124182070E-010
 Step      14 time   0.0011337 control    sound    timestep   9.07E-05       1,       1 x  8.14E-05 y  1.63E-04
 Wall clock    20.638550996780396     
 Average time per cell    7.8104984180436797E-010
 Step time per cell       7.3635369012158153E-010
 Step      15 time   0.0012244 control    sound    timestep   9.09E-05       1,       1 x  8.14E-05 y  1.63E-04
 Wall clock    22.075547933578491     
 Average time per cell    7.7973641054995824E-010
 Step time per cell       7.6128698209585208E-010
 Step      16 time   0.0013153 control    sound    timestep   9.09E-05       1,       1 x  8.14E-05 y  1.63E-04
 Wall clock    23.426950931549072     
 Average time per cell    7.7575282691416057E-010
 Step time per cell       7.1595195549889467E-010
 Step      17 time   0.0014062 control    sound    timestep   9.09E-05       1,       1 x  8.14E-05 y  1.63E-04
 Wall clock    24.813338994979858     
 Average time per cell    7.7332823868607723E-010
 Step time per cell       7.3446964658311721E-010
 Step      18 time   0.0014971 control    sound    timestep   9.09E-05       1,       1 x  8.14E-05 y  1.63E-04
 Wall clock    26.266010999679565     
 Average time per cell    7.7312407669254489E-010
 Step time per cell       7.6958081586376966E-010
 Step      19 time   0.0015880 control    sound    timestep   9.09E-05       1,       1 x  8.14E-05 y  1.63E-04
 Wall clock    27.584173917770386     
 Average time per cell    7.6919059077955512E-010
 Step time per cell       6.9835500148150862E-010
 Step      20 time   0.0016789 control    sound    timestep   9.09E-05       1,       1 x  8.14E-05 y  1.63E-04
 Wall clock    29.147454023361206     
 Average time per cell    7.7214384140865552E-010
 Step time per cell       8.2818878076472574E-010
 Step      21 time   0.0017699 control    sound    timestep   9.09E-05       1,       1 x  8.14E-05 y  1.63E-04
 Wall clock    30.534665822982788     
 Average time per cell    7.7037371839752370E-010
 Step time per cell       7.3495546833631427E-010
 Step      22 time   0.0018608 control    sound    timestep   9.09E-05       1,       1 x  8.14E-05 y  1.63E-04
 Wall clock    31.947309017181396     
 Average time per cell    7.6937697191867917E-010
 Step time per cell       7.4837796799127120E-010
 Step      23 time   0.0019517 control    sound    timestep   9.09E-05       1,       1 x  8.14E-05 y  1.63E-04
 Wall clock    33.344763040542603     
 Average time per cell    7.6811700720816074E-010
 Step time per cell       7.4033588740955264E-010
 Step      24 time   0.0020427 control    sound    timestep   9.10E-05       1,       1 x  8.14E-05 y  1.63E-04
 Wall clock    34.771965026855469     
 Average time per cell    7.6761874946963940E-010
 Step time per cell       7.5608997778747129E-010
 Step      25 time   0.0021336 control    sound    timestep   9.10E-05       1,       1 x  8.14E-05 y  1.63E-04
 Wall clock    36.139614820480347     
 Average time per cell    7.6589827686903949E-010
 Step time per cell       7.2454339614422580E-010
 Step      26 time   0.0022246 control    sound    timestep   9.10E-05       1,       1 x  8.14E-05 y  1.63E-04
 Wall clock    37.572536945343018     
 Average time per cell    7.6564024544868749E-010
 Step time per cell       7.5912478476109553E-010
 Step      27 time   0.0023156 control    sound    timestep   9.10E-05       1,       1 x  8.14E-05 y  1.63E-04
 Wall clock    38.974721908569336     
 Average time per cell    7.6479817434729538E-010
 Step time per cell       7.4283965053230839E-010
 Step      28 time   0.0024065 control    sound    timestep   9.10E-05       1,       1 x  8.14E-05 y  1.63E-04
 Wall clock    40.380290985107422     
 Average time per cell    7.6408028574420203E-010
 Step time per cell       7.4465282927525950E-010
 Step      29 time   0.0024975 control    sound    timestep   9.10E-05       1,       1 x  8.14E-05 y  1.63E-04
 Wall clock    41.726351022720337     
 Average time per cell    7.6232469899846839E-010
 Step time per cell       7.1313441670402734E-010
 Step      30 time   0.0025884 control    sound    timestep   9.10E-05       1,       1 x  8.14E-05 y  1.63E-04
 Wall clock    43.239565849304199     
 Average time per cell    7.6363821116737430E-010
 Step time per cell       8.0165111487278616E-010
 Step      31 time   0.0026794 control    sound    timestep   9.10E-05       1,       1 x  8.14E-05 y  1.63E-04
 Wall clock    44.622701883316040     
 Average time per cell    7.6264381209267584E-010
 Step time per cell       7.3279541841960357E-010
 Step      32 time   0.0027704 control    sound    timestep   9.10E-05       1,       1 x  8.14E-05 y  1.63E-04
 Wall clock    46.005187034606934     
 Average time per cell    7.6170078639532015E-010
 Step time per cell       7.3242833625247134E-010
 Step      33 time   0.0028614 control    sound    timestep   9.10E-05       1,       1 x  8.14E-05 y  1.63E-04
 Wall clock    47.403208017349243     
 Average time per cell    7.6106434345806076E-010
 Step time per cell       7.4064208395914956E-010
 Step      34 time   0.0029523 control    sound    timestep   9.10E-05       1,       1 x  8.14E-05 y  1.63E-04
 Wall clock    48.807862997055054     
 Average time per cell    7.6056871534258797E-010
 Step time per cell       7.4415210191445008E-010
 Step      35 time   0.0030433 control    sound    timestep   9.10E-05       1,       1 x  8.14E-05 y  1.63E-04
 Wall clock    50.143482923507690     
 Average time per cell    7.5905637776674073E-010
 Step time per cell       7.0760140463082482E-010
 Step      36 time   0.0031343 control    sound    timestep   9.10E-05       1,       1 x  8.14E-05 y  1.63E-04
 Wall clock    51.543432950973511     
 Average time per cell    7.5857481766591113E-010
 Step time per cell       7.4165339154003755E-010
 Step      37 time   0.0032253 control    sound    timestep   9.10E-05       1,       1 x  8.14E-05 y  1.63E-04
 Wall clock    52.956559896469116     
 Average time per cell    7.5830797385122854E-010
 Step time per cell       7.4861898408724101E-010
 Step      38 time   0.0033163 control    sound    timestep   9.10E-05       1,       1 x  8.14E-05 y  1.63E-04
 Wall clock    54.394330024719238     
 Average time per cell    7.5839876465935789E-010
 Step time per cell       7.6168122278532894E-010
 Step      39 time   0.0034073 control    sound    timestep   9.10E-05       1,       1 x  8.14E-05 y  1.63E-04
 Wall clock    55.719352006912231     
 Average time per cell    7.5695320421355035E-010
 Step time per cell       7.0195356885152354E-010
 Step      40 time   0.0034982 control    sound    timestep   9.10E-05       1,       1 x  8.14E-05 y  1.63E-04
 Wall clock    57.278292894363403     
 Average time per cell    7.5867828917984705E-010
 Step time per cell       8.2588990658728610E-010
 Step      41 time   0.0035892 control    sound    timestep   9.10E-05       1,       1 x  8.14E-05 y  1.63E-04
 Wall clock    58.622853994369507     
 Average time per cell    7.5754891881929189E-010
 Step time per cell       7.1235818823980578E-010
 Step      42 time   0.0036802 control    sound    timestep   9.10E-05       1,       1 x  8.14E-05 y  1.63E-04
 Wall clock    59.961568832397461     
 Average time per cell    7.5639957892702317E-010
 Step time per cell       7.0920514695495107E-010
 Step      43 time   0.0037712 control    sound    timestep   9.10E-05       1,       1 x  8.14E-05 y  1.63E-04
 Wall clock    61.441586971282959     
 Average time per cell    7.5704474746451458E-010
 Step time per cell       7.8406704536367516E-010
 Step      44 time   0.0038622 control    sound    timestep   9.10E-05       1,       1 x  8.14E-05 y  1.63E-04
 Wall clock    62.789386034011841     
 Average time per cell    7.5606849499437349E-010
 Step time per cell       7.1402344777501034E-010
 Step      45 time   0.0039532 control    sound    timestep   9.10E-05       1,       1 x  8.14E-05 y  1.63E-04
 Wall clock    64.208273887634277     
 Average time per cell    7.5597261367178874E-010
 Step time per cell       7.5169080244247902E-010
 Step      46 time   0.0040442 control    sound    timestep   9.10E-05       1,       1 x  8.14E-05 y  1.63E-04
 Wall clock    65.600497961044312     
 Average time per cell    7.5557379286121416E-010
 Step time per cell       7.3755157043504165E-010
 Step      47 time   0.0041352 control    sound    timestep   9.10E-05       1,       1 x  8.14E-05 y  1.63E-04
 Wall clock    66.987999916076660     
 Average time per cell    7.5513871190763998E-010
 Step time per cell       7.3506031286443535E-010
 Step      48 time   0.0042262 control    sound    timestep   9.10E-05       1,       1 x  8.14E-05 y  1.63E-04
 Wall clock    68.438274860382080     
 Average time per cell    7.5541464112844824E-010
 Step time per cell       7.6831863932764261E-010
 Step      49 time   0.0043173 control    sound    timestep   9.10E-05       1,       1 x  8.14E-05 y  1.63E-04
 Wall clock    69.797155857086182     
 Average time per cell    7.5469109862933282E-010
 Step time per cell       7.1989272025045158E-010
 Step      50 time   0.0044083 control    sound    timestep   9.10E-05       1,       1 x  8.14E-05 y  1.63E-04
 Wall clock    71.291486978530884     
 Average time per cell    7.5543177899817242E-010
 Step time per cell       7.9165879974930758E-010
 Step      51 time   0.0044993 control    sound    timestep   9.10E-05       1,       1 x  8.14E-05 y  1.63E-04
 Wall clock    72.589823961257935     
 Average time per cell    7.5410730658281794E-010
 Step time per cell       6.8786941180102684E-010
 Step      52 time   0.0045903 control    sound    timestep   9.10E-05       1,       1 x  8.14E-05 y  1.63E-04
 Wall clock    74.064641952514648     
 Average time per cell    7.5463191008480849E-010
 Step time per cell       7.8132150823269817E-010
 Step      53 time   0.0046813 control    sound    timestep   9.10E-05       1,       1 x  8.14E-05 y  1.63E-04
 Wall clock    75.466867923736572     
 Average time per cell    7.5441104484790598E-010
 Step time per cell       7.4287148284687041E-010
 Step      54 time   0.0047723 control    sound    timestep   9.10E-05       1,       1 x  8.14E-05 y  1.63E-04
 Wall clock    76.804523944854736     
 Average time per cell    7.5356483405367081E-010
 Step time per cell       7.0868180854530588E-010
 Step      55 time   0.0048633 control    sound    timestep   9.10E-05       1,       1 x  8.14E-05 y  1.63E-04
 Wall clock    78.254286050796509     
 Average time per cell    7.5382932076113638E-010
 Step time per cell       7.6805071734674534E-010
 Step      56 time   0.0049544 control    sound    timestep   9.10E-05       1,       1 x  8.14E-05 y  1.63E-04
 Wall clock    79.582216978073120     
 Average time per cell    7.5293171006604910E-010
 Step time per cell       7.0351764710115582E-010
 Step      57 time   0.0050454 control    sound    timestep   9.10E-05       1,       1 x  8.14E-05 y  1.63E-04
 Wall clock    81.035189867019653     
 Average time per cell    7.5322786843353459E-010
 Step time per cell       7.6974023007399716E-010
 Step      58 time   0.0051364 control    sound    timestep   9.10E-05       1,       1 x  8.14E-05 y  1.63E-04
 Wall clock    82.430917024612427     
 Average time per cell    7.5299088548072389E-010
 Step time per cell       7.3941818199172206E-010
 Step      59 time   0.0052275 control    sound    timestep   9.10E-05       1,       1 x  8.14E-05 y  1.63E-04
 Wall clock    83.773974895477295     
 Average time per cell    7.5228896648849955E-010
 Step time per cell       7.1151147393619694E-010
 Step      60 time   0.0053185 control    sound    timestep   9.10E-05       1,       1 x  8.14E-05 y  1.63E-04
 Wall clock    85.279132843017578     
 Average time per cell    7.5304183997946829E-010
 Step time per cell       7.9739089010723146E-010
 Step      61 time   0.0054095 control    sound    timestep   9.10E-05       1,       1 x  8.14E-05 y  1.63E-04
 Wall clock    86.619791030883789     
 Average time per cell    7.5234125681812677E-010
 Step time per cell       7.1028769828747808E-010
 Step      62 time   0.0055006 control    sound    timestep   9.10E-05       1,       1 x  8.14E-05 y  1.63E-04
 Wall clock    88.046435832977295     
 Average time per cell    7.5239806904141016E-010
 Step time per cell       7.5579110772297197E-010
 Step      63 time   0.0055916 control    sound    timestep   9.11E-05       1,       1 x  8.14E-05 y  1.63E-04
 Wall clock    89.380482912063599     
 Average time per cell    7.5167434692436298E-010
 Step time per cell       7.0675052180983282E-010
 Step      64 time   0.0056827 control    sound    timestep   9.10E-05       1,       1 x  8.14E-05 y  1.63E-04
 Wall clock    90.879343986511230     
 Average time per cell    7.5233764107451862E-010
 Step time per cell       7.9405569724460495E-010
 Step      65 time   0.0057737 control    sound    timestep   9.11E-05       1,       1 x  8.14E-05 y  1.63E-04
 Wall clock    92.303241968154907     
 Average time per cell    7.5236949731675917E-010
 Step time per cell       7.5434576905940451E-010
 Step      66 time   0.0058648 control    sound    timestep   9.11E-05       1,       1 x  8.14E-05 y  1.63E-04
 Wall clock    93.687739849090576     
 Average time per cell    7.5208410148340100E-010
 Step time per cell       7.3347513939047025E-010
 Step      67 time   0.0059558 control    sound    timestep   9.11E-05       1,       1 x  8.14E-05 y  1.63E-04
 Wall clock    95.091425895690918     
 Average time per cell    7.5195896009260874E-010
 Step time per cell       7.4363924795761703E-010
 Step      68 time   0.0060469 control    sound    timestep   9.11E-05       1,       1 x  8.14E-05 y  1.63E-04
 Wall clock    96.455364942550659     
 Average time per cell    7.5152781229822202E-010
 Step time per cell       7.2258255083094510E-010
 Step      69 time   0.0061379 control    sound    timestep   9.11E-05       1,       1 x  8.14E-05 y  1.63E-04
 Wall clock    97.831950902938843     
 Average time per cell    7.5120627133695658E-010
 Step time per cell       7.2927049485669058E-010
 Step      70 time   0.0062290 control    sound    timestep   9.11E-05       1,       1 x  8.14E-05 y  1.63E-04
 Wall clock    99.357609987258911     
 Average time per cell    7.5202222844728527E-010
 Step time per cell       8.0825644646312063E-010
 Step      71 time   0.0063200 control    sound    timestep   9.11E-05       1,       1 x  8.14E-05 y  1.63E-04
 Wall clock    100.72690701484680     
 Average time per cell    7.5164838960172086E-010
 Step time per cell       7.2546489112331382E-010
 Step      72 time   0.0064111 control    sound    timestep   9.11E-05       1,       1 x  8.14E-05 y  1.63E-04
 Wall clock    102.09001493453979     
 Average time per cell    7.5123939201081088E-010
 Step time per cell       7.2214068798833369E-010
 Step      73 time   0.0065022 control    sound    timestep   9.11E-05       1,       1 x  8.14E-05 y  1.63E-04
 Wall clock    103.47351884841919     
 Average time per cell    7.5098962978626637E-010
 Step time per cell       7.3294207444026445E-010
 Step      74 time   0.0065932 control    sound    timestep   9.11E-05       1,       1 x  8.14E-05 y  1.63E-04
 Wall clock    104.87079191207886     
 Average time per cell    7.5084520110911330E-010
 Step time per cell       7.4023508508010608E-010
 Step      75 time   0.0066843 control    sound    timestep   9.11E-05       1,       1 x  8.14E-05 y  1.63E-04
 Wall clock    106.29221701622009     
 Average time per cell    7.5087524001665537E-010
 Step time per cell       7.5303028602825681E-010
 Step      76 time   0.0067754 control    sound    timestep   9.11E-05       1,       1 x  8.14E-05 y  1.63E-04
 Wall clock    107.69963192939758     
 Average time per cell    7.5080681913357434E-010
 Step time per cell       7.4560640920632672E-010
 Step      77 time   0.0068665 control    sound    timestep   9.11E-05       1,       1 x  8.14E-05 y  1.63E-04
 Wall clock    109.08910298347473     
 Average time per cell    7.5061670790141607E-010
 Step time per cell       7.3610256852892540E-010
 Step      78 time   0.0069576 control    sound    timestep   9.11E-05       1,       1 x  8.14E-05 y  1.63E-04
 Wall clock    110.53331995010376     
 Average time per cell    7.5080333578011766E-010
 Step time per cell       7.6510648088717260E-010
 Step      79 time   0.0070486 control    sound    timestep   9.11E-05       1,       1 x  8.14E-05 y  1.63E-04
 Wall clock    111.87245988845825     
 Average time per cell    7.5028053241076682E-010
 Step time per cell       7.0945210003022416E-010
 Step      80 time   0.0071397 control    sound    timestep   9.11E-05       1,       1 x  8.14E-05 y  1.63E-04
 Wall clock    113.39132404327393     
 Average time per cell    7.5096106557895027E-010
 Step time per cell       8.0464954205833941E-010
 Step      81 time   0.0072308 control    sound    timestep   9.11E-05       1,       1 x  8.14E-05 y  1.63E-04
 Wall clock    114.74293684959412     
 Average time per cell    7.5053080838465149E-010
 Step time per cell       7.1609608514538399E-010
 Step      82 time   0.0073219 control    sound    timestep   9.11E-05       1,       1 x  8.14E-05 y  1.63E-04
 Wall clock    116.11282181739807     
 Average time per cell    7.5022910550615052E-010
 Step time per cell       7.2571588639726142E-010
 Step      83 time   0.0074130 control    sound    timestep   9.11E-05       1,       1 x  8.14E-05 y  1.63E-04
 Wall clock    117.56545400619507     
 Average time per cell    7.5046287806123497E-010
 Step time per cell       7.6956641553099165E-010
 Step      84 time   0.0075041 control    sound    timestep   9.11E-05       1,       1 x  8.14E-05 y  1.63E-04
 Wall clock    118.88606595993042     
 Average time per cell    7.4985838415717583E-010
 Step time per cell       6.9963460999941968E-010
 Step      85 time   0.0075952 control    sound    timestep   9.11E-05       1,       1 x  8.14E-05 y  1.63E-04
 Wall clock    120.30551099777222     
 Average time per cell    7.4988415660591512E-010
 Step time per cell       7.5197590376774313E-010
 Step      86 time   0.0076863 control    sound    timestep   9.11E-05       1,       1 x  8.14E-05 y  1.63E-04
 Wall clock    121.63878583908081     
 Average time per cell    7.4937846210317590E-010
 Step time per cell       7.0633190160960007E-010
 Step      87 time   0.0077774 control    sound    timestep   9.11E-05       1,       1 x  8.14E-05 y  1.63E-04
 Wall clock    123.23208498954773     
 First step overhead -0.35621595382690430     
real 124.68
user 2941.79
sys 45.82
