
Clover Version    1.000
       MPI Version
   Task Count    384


Clover Version    1.000
       MPI Version
   Task Count    384

 Output file clover.out opened. All output will go there.
 Step       1 time   0.0000000 control    sound    timestep   1.93E-04       1,       1 x  1.63E-04 y  1.63E-04
 Wall clock    1.3464128971099854     
 Average time per cell    1.4267104436132488E-009
 Step time per cell       1.4267104436132488E-009
 Step       2 time   0.0001926 control    sound    timestep   1.18E-04       1,       1 x  1.63E-04 y  1.63E-04
 Wall clock    3.0537080764770508     
 Average time per cell    1.6179127568547199E-009
 Step time per cell       1.8089336764306709E-009
 Step       3 time   0.0003101 control    sound    timestep   1.49E-04       1,       1 x  1.63E-04 y  1.63E-04
 Wall clock    4.4031710624694824     
 Average time per cell    1.5552559826001353E-009
 Step time per cell       1.4298545162697943E-009
 Step       4 time   0.0004595 control    sound    timestep   1.57E-04       1,       1 x  1.63E-04 y  1.63E-04
 Wall clock    5.8861060142517090     
 Average time per cell    1.5592855915100599E-009
 Step time per cell       1.5712440573325794E-009
 Step       5 time   0.0006169 control    sound    timestep   1.73E-04       1,       1 x  1.63E-04 y  1.63E-04
 Wall clock    7.2672259807586670     
 Average time per cell    1.5401259487488359E-009
 Step time per cell       1.4633656064688693E-009
 Step       6 time   0.0007900 control    sound    timestep   1.73E-04       1,       1 x  1.63E-04 y  1.63E-04
 Wall clock    8.6851999759674072     
 Average time per cell    1.5338615092467216E-009
 Step time per cell       1.5024109719282326E-009
 Step       7 time   0.0009628 control    sound    timestep   1.76E-04       1,       1 x  1.63E-04 y  1.63E-04
 Wall clock    10.075907945632935     
 Average time per cell    1.5252594638450463E-009
 Step time per cell       1.4735062197562203E-009
 Step       8 time   0.0011389 control    sound    timestep   1.85E-04       1,       1 x  1.63E-04 y  1.63E-04
 Wall clock    11.463083028793335     
 Average time per cell    1.5183399821378568E-009
 Step time per cell       1.4698050815948389E-009
 Step       9 time   0.0013241 control    sound    timestep   1.83E-04       1,       1 x  1.63E-04 y  1.63E-04
 Wall clock    12.864677906036377     
 Average time per cell    1.5146559145463987E-009
 Step time per cell       1.4850370967501982E-009
 Step      10 time   0.0015073 control    sound    timestep   1.82E-04       1,       1 x  1.63E-04 y  1.63E-04
 Wall clock    14.350173950195312     
 Average time per cell    1.5205991480292546E-009
 Step time per cell       1.5739619306663777E-009
 Step      11 time   0.0016892 control    sound    timestep   1.81E-04       1,       1 x  1.63E-04 y  1.63E-04
 Wall clock    15.725383043289185     
 Average time per cell    1.5148377701045706E-009
 Step time per cell       1.4571984744785975E-009
 Step      12 time   0.0018698 control    sound    timestep   1.80E-04       1,       1 x  1.63E-04 y  1.63E-04
 Wall clock    17.079596996307373     
 Average time per cell    1.5081826842544143E-009
 Step time per cell       1.4348792218596726E-009
 Step      13 time   0.0020497 control    sound    timestep   1.80E-04       1,       1 x  1.63E-04 y  1.63E-04
 Wall clock    18.512231111526489     
 Average time per cell    1.5089435342256015E-009
 Step time per cell       1.5179453940719315E-009
 Step      14 time   0.0022300 control    sound    timestep   1.81E-04       1,       1 x  1.63E-04 y  1.63E-04
 Wall clock    19.914259910583496     
 Average time per cell    1.5072792227747702E-009
 Step time per cell       1.4855087708080344E-009
 Step      15 time   0.0024111 control    sound    timestep   1.81E-04       1,       1 x  1.63E-04 y  1.63E-04
 Wall clock    21.278950929641724     
 Average time per cell    1.5031991838272747E-009
 Step time per cell       1.4460010788752697E-009
 Step      16 time   0.0025924 control    sound    timestep   1.81E-04       1,       1 x  1.63E-04 y  1.63E-04
 Wall clock    22.677752971649170     
 Average time per cell    1.5018882335324531E-009
 Step time per cell       1.4821032184247290E-009
 Step      17 time   0.0027738 control    sound    timestep   1.81E-04       1,       1 x  1.63E-04 y  1.63E-04
 Wall clock    24.063352108001709     
 Average time per cell    1.4999085537281977E-009
 Step time per cell       1.4681182215604672E-009
 Step      18 time   0.0029553 control    sound    timestep   1.82E-04       1,       1 x  1.63E-04 y  1.63E-04
 Wall clock    25.424212932586670     
 Average time per cell    1.4966925239908354E-009
 Step time per cell       1.4418707097421349E-009
 Step      19 time   0.0031369 control    sound    timestep   1.82E-04       1,       1 x  1.63E-04 y  1.63E-04
 Wall clock    26.840960979461670     
 Average time per cell    1.4969318779985344E-009
 Step time per cell       1.5011098892298631E-009
 Step      20 time   0.0033184 control    sound    timestep   1.82E-04       1,       1 x  1.63E-04 y  1.63E-04
 Wall clock    28.369394063949585     
 Average time per cell    1.5030645828220360E-009
 Step time per cell       1.6194566241109796E-009
 Step      21 time   0.0035000 control    sound    timestep   1.82E-04       1,       1 x  1.63E-04 y  1.63E-04
 Wall clock    29.619693040847778     
 Average time per cell    1.4945788631160563E-009
 Step time per cell       1.3248379420676631E-009
 Step      22 time   0.0036817 control    sound    timestep   1.82E-04       1,       1 x  1.63E-04 y  1.63E-04
 Wall clock    31.022063016891479     
 Average time per cell    1.4941891283406865E-009
 Step time per cell       1.4858733266009948E-009
 Step      23 time   0.0038634 control    sound    timestep   1.82E-04       1,       1 x  1.63E-04 y  1.63E-04
 Wall clock    32.473927974700928     
 Average time per cell    1.4961135778888264E-009
 Step time per cell       1.5383264124264112E-009
 Step      24 time   0.0040452 control    sound    timestep   1.82E-04       1,       1 x  1.63E-04 y  1.63E-04
 Wall clock    33.704385995864868     
 Average time per cell    1.4881021886342043E-009
 Step time per cell       1.3037141697067353E-009
 Step      25 time   0.0042270 control    sound    timestep   1.82E-04       1,       1 x  1.63E-04 y  1.63E-04
 Wall clock    35.440474987030029     
 Average time per cell    1.5021631447274963E-009
 Step time per cell       1.8395020459946762E-009
 Step      26 time   0.0044089 control    sound    timestep   1.82E-04       1,       1 x  1.63E-04 y  1.63E-04
 Wall clock    36.786338090896606     
 Average time per cell    1.4992387107660265E-009
 Step time per cell       1.4260611654511497E-009
 Step      27 time   0.0045908 control    sound    timestep   1.82E-04       1,       1 x  1.63E-04 y  1.63E-04
 Wall clock    38.192433118820190     
 Average time per cell    1.4988947549992702E-009
 Step time per cell       1.4898025963500711E-009
 Step      28 time   0.0047727 control    sound    timestep   1.82E-04       1,       1 x  1.63E-04 y  1.63E-04
 Wall clock    39.652210950851440     
 Average time per cell    1.5006069512916534E-009
 Step time per cell       1.5467061429161631E-009
 Step      29 time   0.0049547 control    sound    timestep   1.82E-04       1,       1 x  1.63E-04 y  1.63E-04
 Wall clock    41.102256059646606     
 Average time per cell    1.5018454387141044E-009
 Step time per cell       1.5363990415709041E-009
 Step      30 time   0.0051367 control    sound    timestep   1.82E-04       1,       1 x  1.63E-04 y  1.63E-04
 Wall clock    42.587409973144531     
 Average time per cell    1.5042414479130120E-009
 Step time per cell       1.5736029328965944E-009
 Step      31 time   0.0053187 control    sound    timestep   1.82E-04       1,       1 x  1.63E-04 y  1.63E-04
 Wall clock    43.921538114547729     
 Average time per cell    1.5013205317886151E-009
 Step time per cell       1.4136645000285676E-009
 Step      32 time   0.0055007 control    sound    timestep   1.82E-04       1,       1 x  1.63E-04 y  1.63E-04
 Wall clock    45.277539968490601     
 Average time per cell    1.4993064922919075E-009
 Step time per cell       1.4367464650098959E-009
 Step      33 time   0.0056827 control    sound    timestep   1.82E-04       1,       1 x  1.63E-04 y  1.63E-04
 Wall clock    46.674266099929810     
 Average time per cell    1.4987221823775747E-009
 Step time per cell       1.4798928936620036E-009
 Step      34 time   0.0058648 control    sound    timestep   1.82E-04       1,       1 x  1.63E-04 y  1.63E-04
 Wall clock    48.015098094940186     
 Average time per cell    1.4964302566297751E-009
 Step time per cell       1.4206676092322191E-009
 Step      35 time   0.0060468 control    sound    timestep   1.82E-04       1,       1 x  1.63E-04 y  1.63E-04
 Wall clock    49.500612974166870     
 Average time per cell    1.4986496266612362E-009
 Step time per cell       1.5739768362739899E-009
 Step      36 time   0.0062289 control    sound    timestep   1.82E-04       1,       1 x  1.63E-04 y  1.63E-04
 Wall clock    50.935343980789185     
 Average time per cell    1.4992509059196397E-009
 Step time per cell       1.5201749192783609E-009
 Step      37 time   0.0064110 control    sound    timestep   1.82E-04       1,       1 x  1.63E-04 y  1.63E-04
 Wall clock    52.307585954666138     
 Average time per cell    1.4980300684137355E-009
 Step time per cell       1.4539356622359870E-009
 Step      38 time   0.0065932 control    sound    timestep   1.82E-04       1,       1 x  1.63E-04 y  1.63E-04
 Wall clock    53.639924049377441     
 Average time per cell    1.4957607573062339E-009
 Step time per cell       1.4116785172922795E-009
 Step      39 time   0.0067754 control    sound    timestep   1.82E-04       1,       1 x  1.63E-04 y  1.63E-04
 Wall clock    55.165770053863525     
 Average time per cell    1.4988654713715861E-009
 Step time per cell       1.6167162660470543E-009
 Step      40 time   0.0069576 control    sound    timestep   1.82E-04       1,       1 x  1.63E-04 y  1.63E-04
 Wall clock    56.644848108291626     
 Average time per cell    1.5005760221558577E-009
 Step time per cell       1.5672038797573704E-009
 Step      41 time   0.0071398 control    sound    timestep   1.82E-04       1,       1 x  1.63E-04 y  1.63E-04
 Wall clock    57.969329118728638     
 Average time per cell    1.4982075967434269E-009
 Step time per cell       1.4034430427677256E-009
 Step      42 time   0.0073220 control    sound    timestep   1.82E-04       1,       1 x  1.63E-04 y  1.63E-04
 Wall clock    59.375904083251953     
 Average time per cell    1.4980231412063061E-009
 Step time per cell       1.4903429877853746E-009
 Step      43 time   0.0075043 control    sound    timestep   1.82E-04       1,       1 x  1.63E-04 y  1.63E-04
 Wall clock    60.812694072723389     
 Average time per cell    1.4985918462177490E-009
 Step time per cell       1.5223630119483762E-009
 Step      44 time   0.0076865 control    sound    timestep   1.82E-04       1,       1 x  1.63E-04 y  1.63E-04
 Wall clock    62.273829936981201     
 Average time per cell    1.4997210150290307E-009
 Step time per cell       1.5481492078429761E-009
 Step      45 time   0.0078687 control    sound    timestep   1.82E-04       1,       1 x  1.63E-04 y  1.63E-04
 Wall clock    63.645508050918579     
 Average time per cell    1.4986934909330434E-009
 Step time per cell       1.4533626805738702E-009
 Step      46 time   0.0080510 control    sound    timestep   1.82E-04       1,       1 x  1.63E-04 y  1.63E-04
 Wall clock    65.053530931472778     
 Average time per cell    1.4985478657218634E-009
 Step time per cell       1.4918643703115070E-009
 Step      47 time   0.0082333 control    sound    timestep   1.82E-04       1,       1 x  1.63E-04 y  1.63E-04
 Wall clock    66.474778890609741     
 Average time per cell    1.4987066032330700E-009
 Step time per cell       1.5058940839986058E-009
 Step      48 time   0.0084156 control    sound    timestep   1.82E-04       1,       1 x  1.63E-04 y  1.63E-04
 Wall clock    67.810812950134277     
 Average time per cell    1.4969775621567453E-009
 Step time per cell       1.4155779758261309E-009
 Step      49 time   0.0085979 control    sound    timestep   1.82E-04       1,       1 x  1.63E-04 y  1.63E-04
 Wall clock    69.291752099990845     
 Average time per cell    1.4984527055907053E-009
 Step time per cell       1.5691335243496320E-009
 Step      50 time   0.0087802 control    sound    timestep   1.82E-04       1,       1 x  1.63E-04 y  1.63E-04
 Wall clock    70.767757892608643     
 Average time per cell    1.4997642918185900E-009
 Step time per cell       1.5638935716803341E-009
 Step      51 time   0.0089626 control    sound    timestep   1.82E-04       1,       1 x  1.63E-04 y  1.63E-04
 Wall clock    72.112953901290894     
 Average time per cell    1.4983065798659916E-009
 Step time per cell       1.4253828339860774E-009
 Step      52 time   0.0091450 control    sound    timestep   1.82E-04       1,       1 x  1.63E-04 y  1.63E-04
 Wall clock    73.480083942413330     
 Average time per cell    1.4973518979327971E-009
 Step time per cell       1.4485304846958671E-009
 Step      53 time   0.0093274 control    sound    timestep   1.82E-04       1,       1 x  1.63E-04 y  1.63E-04
 Wall clock    74.885301113128662     
 Average time per cell    1.4971947242754542E-009
 Step time per cell       1.4888986596714756E-009
 Step      54 time   0.0095098 control    sound    timestep   1.82E-04       1,       1 x  1.63E-04 y  1.63E-04
 Wall clock    76.366595029830933     
 Average time per cell    1.4985362203980852E-009
 Step time per cell       1.5695147542121250E-009
 Step      55 time   0.0096922 control    sound    timestep   1.82E-04       1,       1 x  1.63E-04 y  1.63E-04
 Wall clock    77.760142087936401     
 Average time per cell    1.4981383908962750E-009
 Step time per cell       1.4765295317273639E-009
 Step      56 time   0.0098746 control    sound    timestep   1.82E-04       1,       1 x  1.63E-04 y  1.63E-04
 Wall clock    79.117090940475464     
 Average time per cell    1.4970622543394653E-009
 Step time per cell       1.4377466565444289E-009
 Step      57 time   0.0100570 control    sound    timestep   1.82E-04       1,       1 x  1.63E-04 y  1.63E-04
 Wall clock    80.540294885635376     
 Average time per cell    1.4972555685812107E-009
 Step time per cell       1.5079530789484529E-009
 Step      58 time   0.0102395 control    sound    timestep   1.82E-04       1,       1 x  1.63E-04 y  1.63E-04
 Wall clock    81.896444082260132     
 Average time per cell    1.4962171518439102E-009
 Step time per cell       1.4368914788873453E-009
 Step      59 time   0.0104219 control    sound    timestep   1.82E-04       1,       1 x  1.63E-04 y  1.63E-04
 Wall clock    83.334146022796631     
 Average time per cell    1.4966786203689113E-009
 Step time per cell       1.5233230341335811E-009
 Step      60 time   0.0106044 control    sound    timestep   1.82E-04       1,       1 x  1.63E-04 y  1.63E-04
 Wall clock    84.822019100189209     
 Average time per cell    1.4980107607698301E-009
 Step time per cell       1.5764819889025401E-009
 Step      61 time   0.0107868 control    sound    timestep   1.82E-04       1,       1 x  1.63E-04 y  1.63E-04
 Wall clock    86.163738965988159     
 Average time per cell    1.4967603799161261E-009
 Step time per cell       1.4217142860515095E-009
 Step      62 time   0.0109693 control    sound    timestep   1.82E-04       1,       1 x  1.63E-04 y  1.63E-04
 Wall clock    87.475677967071533     
 Average time per cell    1.4950413510290361E-009
 Step time per cell       1.3900522491086222E-009
 Step      63 time   0.0111518 control    sound    timestep   1.83E-04       1,       1 x  1.63E-04 y  1.63E-04
 Wall clock    88.950405120849609     
 Average time per cell    1.4961149347034436E-009
 Step time per cell       1.5625530775448876E-009
 Step      64 time   0.0113343 control    sound    timestep   1.83E-04       1,       1 x  1.63E-04 y  1.63E-04
 Wall clock    90.356914997100830     
 Average time per cell    1.4960255059451002E-009
 Step time per cell       1.4902719966711527E-009
 Step      65 time   0.0115168 control    sound    timestep   1.83E-04       1,       1 x  1.63E-04 y  1.63E-04
 Wall clock    91.716475963592529     
 Average time per cell    1.4951734618422113E-009
 Step time per cell       1.4405218785719221E-009
 Step      66 time   0.0116994 control    sound    timestep   1.83E-04       1,       1 x  1.63E-04 y  1.63E-04
 Wall clock    93.158298015594482     
 Average time per cell    1.4956679491177069E-009
 Step time per cell       1.5276994721110290E-009
 Step      67 time   0.0118819 control    sound    timestep   1.83E-04       1,       1 x  1.63E-04 y  1.63E-04
 Wall clock    94.452819108963013     
 Average time per cell    1.4938180380826448E-009
 Step time per cell       1.3715988542470668E-009
 Step      68 time   0.0120645 control    sound    timestep   1.83E-04       1,       1 x  1.63E-04 y  1.63E-04
 Wall clock    95.857342958450317     
 Average time per cell    1.4937366996473785E-009
 Step time per cell       1.4881632321501254E-009
 Step      69 time   0.0122471 control    sound    timestep   1.83E-04       1,       1 x  1.63E-04 y  1.63E-04
 Wall clock    97.280726909637451     
 Average time per cell    1.4939473548317485E-009
 Step time per cell       1.5081435675609909E-009
 Step      70 time   0.0124297 control    sound    timestep   1.83E-04       1,       1 x  1.63E-04 y  1.63E-04
 Wall clock    98.783937931060791     
 Average time per cell    1.4953603885447910E-009
 Step time per cell       1.5927356697728909E-009
 Step      71 time   0.0126123 control    sound    timestep   1.83E-04       1,       1 x  1.63E-04 y  1.63E-04
 Wall clock    100.14401507377625     
 Average time per cell    1.4945974196817020E-009
 Step time per cell       1.4411607985999177E-009
 Step      72 time   0.0127949 control    sound    timestep   1.83E-04       1,       1 x  1.63E-04 y  1.63E-04
 Wall clock    101.50315999984741     
 Average time per cell    1.4938419247828503E-009
 Step time per cell       1.4400853211150711E-009
 Step      73 time   0.0129775 control    sound    timestep   1.83E-04       1,       1 x  1.63E-04 y  1.63E-04
 Wall clock    102.92006897926331     
 Average time per cell    1.4939456077364236E-009
 Step time per cell       1.5012910302579661E-009
 Step      74 time   0.0131601 control    sound    timestep   1.83E-04       1,       1 x  1.63E-04 y  1.63E-04
 Wall clock    104.30845308303833     
 Average time per cell    1.4936380283687685E-009
 Step time per cell       1.4710639738445429E-009
 Step      75 time   0.0133427 control    sound    timestep   1.83E-04       1,       1 x  1.63E-04 y  1.63E-04
 Wall clock    105.70333409309387     
 Average time per cell    1.4934304427124853E-009
 Step time per cell       1.4779612279704047E-009
 Step      76 time   0.0135254 control    sound    timestep   1.83E-04       1,       1 x  1.63E-04 y  1.63E-04
 Wall clock    107.08671808242798     
 Average time per cell    1.4930680213954431E-009
 Step time per cell       1.4657530300610233E-009
 Step      77 time   0.0137080 control    sound    timestep   1.83E-04       1,       1 x  1.63E-04 y  1.63E-04
 Wall clock    108.50334405899048     
 Average time per cell    1.4931724743614702E-009
 Step time per cell       1.5009868548077065E-009
 Step      78 time   0.0138907 control    sound    timestep   1.83E-04       1,       1 x  1.63E-04 y  1.63E-04
 Wall clock    109.90108895301819     
 Average time per cell    1.4930177475722520E-009
 Step time per cell       1.4809850452163826E-009
 Step      79 time   0.0140733 control    sound    timestep   1.83E-04       1,       1 x  1.63E-04 y  1.63E-04
 Wall clock    111.26252388954163     
 Average time per cell    1.4923799073416690E-009
 Step time per cell       1.4425053349340386E-009
 Step      80 time   0.0142560 control    sound    timestep   1.83E-04       1,       1 x  1.63E-04 y  1.63E-04
 Wall clock    112.83174300193787     
 Average time per cell    1.4945102135597053E-009
 Step time per cell       1.6626697490412174E-009
 Step      81 time   0.0144387 control    sound    timestep   1.83E-04       1,       1 x  1.63E-04 y  1.63E-04
 Wall clock    114.18516111373901     
 Average time per cell    1.4937648212466745E-009
 Step time per cell       1.4341089303747543E-009
 Step      82 time   0.0146215 control    sound    timestep   1.83E-04       1,       1 x  1.63E-04 y  1.63E-04
 Wall clock    115.49023008346558     
 Average time per cell    1.4924128214966065E-009
 Step time per cell       1.3827694702841755E-009
 Step      83 time   0.0148042 control    sound    timestep   1.83E-04       1,       1 x  1.63E-04 y  1.63E-04
 Wall clock    116.88451910018921     
 Average time per cell    1.4922324478091864E-009
 Step time per cell       1.4773114445334714E-009
 Step      84 time   0.0149869 control    sound    timestep   1.83E-04       1,       1 x  1.63E-04 y  1.63E-04
 Wall clock    118.33793592453003     
 Average time per cell    1.4928022506316506E-009
 Step time per cell       1.5399794190468836E-009
 Step      85 time   0.0151697 control    sound    timestep   1.83E-04       1,       1 x  1.63E-04 y  1.63E-04
 Wall clock    119.66112494468689     
 Average time per cell    1.4917351834251914E-009
 Step time per cell       1.4019881038823061E-009
 Step      86 time   0.0153524 control    sound    timestep   1.83E-04       1,       1 x  1.63E-04 y  1.63E-04
 Wall clock    121.22452092170715     
 Average time per cell    1.4936526113912689E-009
 Step time per cell       1.6565215648572324E-009
 Step      87 time   0.0155351 control    sound    timestep   1.83E-04       1,       1 x  1.63E-04 y  1.63E-04
 Wall clock    122.73412489891052     
 First step overhead -0.36070990562438965     
real 123.96
user 2921.62
sys 48.38
