
Clover Version    1.000
       MPI Version
   Task Count    768

 Output file clover.out opened. All output will go there.

Clover Version    1.000
       MPI Version
   Task Count    768

 Step       1 time   0.0000000 control    sound    timestep   9.63E-05       1,       1 x  8.14E-05 y  1.63E-04
 Wall clock    1.3689370155334473     
 Average time per cell    7.2528892916226247E-010
 Step time per cell       7.2528892916226247E-010
 Step       2 time   0.0000963 control    sound    timestep   8.11E-05       1,       1 x  8.14E-05 y  1.63E-04
 Wall clock    3.0752768516540527     
 Average time per cell    8.1467015257253986E-010
 Step time per cell       9.0398202701180710E-010
 Step       3 time   0.0001774 control    sound    timestep   7.40E-05       1,       1 x  8.14E-05 y  1.63E-04
 Wall clock    4.4592628479003906     
 Average time per cell    7.8753415706429495E-010
 Step time per cell       7.3320961746503600E-010
 Step       4 time   0.0002514 control    sound    timestep   7.72E-05       1,       1 x  8.14E-05 y  1.63E-04
 Wall clock    5.8515930175781250     
 Average time per cell    7.7507138485088949E-010
 Step time per cell       7.3761624561383440E-010
 Step       5 time   0.0003286 control    sound    timestep   8.38E-05       1,       1 x  8.14E-05 y  1.63E-04
 Wall clock    7.2298018932342529     
 Average time per cell    7.6609737536475425E-010
 Step time per cell       7.3012819888794592E-010
 Step       6 time   0.0004124 control    sound    timestep   8.71E-05       1,       1 x  8.14E-05 y  1.63E-04
 Wall clock    8.6145880222320557     
 Average time per cell    7.6069549474292825E-010
 Step time per cell       7.3362091118017106E-010
 Step       7 time   0.0004995 control    sound    timestep   8.85E-05       1,       1 x  8.14E-05 y  1.63E-04
 Wall clock    9.9872798919677734     
 Average time per cell    7.5592161299446449E-010
 Step time per cell       7.2720518397141453E-010
 Step       8 time   0.0005881 control    sound    timestep   9.16E-05       1,       1 x  8.14E-05 y  1.63E-04
 Wall clock    11.405372858047485     
 Average time per cell    7.5534799748311342E-010
 Step time per cell       7.5126106619589134E-010
 Step       9 time   0.0006796 control    sound    timestep   9.10E-05       1,       1 x  8.14E-05 y  1.63E-04
 Wall clock    12.871665954589844     
 Average time per cell    7.5773933520080683E-010
 Step time per cell       7.7679045615594884E-010
 Step      10 time   0.0007707 control    sound    timestep   9.10E-05       1,       1 x  8.14E-05 y  1.63E-04
 Wall clock    14.444876909255981     
 Average time per cell    7.6531711733372908E-010
 Step time per cell       8.3345513404411678E-010
 Step      11 time   0.0008617 control    sound    timestep   9.08E-05       1,       1 x  8.14E-05 y  1.63E-04
 Wall clock    15.747951984405518     
 Average time per cell    7.5850592644072626E-010
 Step time per cell       6.9038176459596596E-010
 Step      12 time   0.0009525 control    sound    timestep   9.06E-05       1,       1 x  8.14E-05 y  1.63E-04
 Wall clock    17.154942989349365     
 Average time per cell    7.5741798742388639E-010
 Step time per cell       7.4538017239926073E-010
 Step      13 time   0.0010432 control    sound    timestep   9.06E-05       1,       1 x  8.14E-05 y  1.63E-04
 Wall clock    18.909024000167847     
 Average time per cell    7.7064318535339509E-010
 Step time per cell       9.2928518016479861E-010
 Step      14 time   0.0011337 control    sound    timestep   9.07E-05       1,       1 x  8.14E-05 y  1.63E-04
 Wall clock    20.310807943344116     
 Average time per cell    7.6864666194552905E-010
 Step time per cell       7.4261455059361953E-010
 Step      15 time   0.0012244 control    sound    timestep   9.09E-05       1,       1 x  8.14E-05 y  1.63E-04
 Wall clock    21.674802064895630     
 Average time per cell    7.6558155712889319E-010
 Step time per cell       7.2260591979203229E-010
 Step      16 time   0.0013153 control    sound    timestep   9.09E-05       1,       1 x  8.14E-05 y  1.63E-04
 Wall clock    23.057924985885620     
 Average time per cell    7.6353301557850907E-010
 Step time per cell       7.3274034346266289E-010
 Step      17 time   0.0014062 control    sound    timestep   9.09E-05       1,       1 x  8.14E-05 y  1.63E-04
 Wall clock    24.472843885421753     
 Average time per cell    7.6271642689367536E-010
 Step time per cell       7.4958797490075494E-010
 Step      18 time   0.0014971 control    sound    timestep   9.09E-05       1,       1 x  8.14E-05 y  1.63E-04
 Wall clock    25.876129865646362     
 Average time per cell    7.6164816237221123E-010
 Step time per cell       7.4341288483184240E-010
 Step      19 time   0.0015880 control    sound    timestep   9.09E-05       1,       1 x  8.14E-05 y  1.63E-04
 Wall clock    27.279788970947266     
 Average time per cell    7.6070275142031845E-010
 Step time per cell       7.4361752113974133E-010
 Step      20 time   0.0016789 control    sound    timestep   9.09E-05       1,       1 x  8.14E-05 y  1.63E-04
 Wall clock    28.796493053436279     
 Average time per cell    7.6284655076758808E-010
 Step time per cell       8.0351141049403747E-010
 Step      21 time   0.0017699 control    sound    timestep   9.09E-05       1,       1 x  8.14E-05 y  1.63E-04
 Wall clock    30.127111911773682     
 Average time per cell    7.6009134544326345E-010
 Step time per cell       7.0497347021753542E-010
 Step      22 time   0.0018608 control    sound    timestep   9.09E-05       1,       1 x  8.14E-05 y  1.63E-04
 Wall clock    31.472631931304932     
 Average time per cell    7.5794547329779667E-010
 Step time per cell       7.1281432509648666E-010
 Step      23 time   0.0019517 control    sound    timestep   9.09E-05       1,       1 x  8.14E-05 y  1.63E-04
 Wall clock    32.896933078765869     
 Average time per cell    7.5780097018729932E-010
 Step time per cell       7.5454825794925760E-010
 Step      24 time   0.0020427 control    sound    timestep   9.10E-05       1,       1 x  8.14E-05 y  1.63E-04
 Wall clock    34.323859930038452     
 Average time per cell    7.5772647350007633E-010
 Step time per cell       7.5594269017326752E-010
 Step      25 time   0.0021336 control    sound    timestep   9.10E-05       1,       1 x  8.14E-05 y  1.63E-04
 Wall clock    35.726279973983765     
 Average time per cell    7.5713856959838373E-010
 Step time per cell       7.4296849561505954E-010
 Step      26 time   0.0022246 control    sound    timestep   9.10E-05       1,       1 x  8.14E-05 y  1.63E-04
 Wall clock    37.121648073196411     
 Average time per cell    7.5645218696749946E-010
 Step time per cell       7.3922643019209818E-010
 Step      27 time   0.0023156 control    sound    timestep   9.10E-05       1,       1 x  8.14E-05 y  1.63E-04
 Wall clock    38.530235052108765     
 Average time per cell    7.5607604062329132E-010
 Step time per cell       7.4623320263829856E-010
 Step      28 time   0.0024065 control    sound    timestep   9.10E-05       1,       1 x  8.14E-05 y  1.63E-04
 Wall clock    40.005162000656128     
 Average time per cell    7.5698205404160761E-010
 Step time per cell       7.8138353071861073E-010
 Step      29 time   0.0024975 control    sound    timestep   9.10E-05       1,       1 x  8.14E-05 y  1.63E-04
 Wall clock    41.345701932907104     
 Average time per cell    7.5537038366286885E-010
 Step time per cell       7.1020230684047823E-010
 Step      30 time   0.0025884 control    sound    timestep   9.10E-05       1,       1 x  8.14E-05 y  1.63E-04
 Wall clock    42.843078851699829     
 Average time per cell    7.5663599882655367E-010
 Step time per cell       7.9326418421664532E-010
 Step      31 time   0.0026794 control    sound    timestep   9.10E-05       1,       1 x  8.14E-05 y  1.63E-04
 Wall clock    44.192525863647461     
 Average time per cell    7.5529170059640705E-010
 Step time per cell       7.1494734280956128E-010
 Step      32 time   0.0027704 control    sound    timestep   9.10E-05       1,       1 x  8.14E-05 y  1.63E-04
 Wall clock    45.530470848083496     
 Average time per cell    7.5384098371008194E-010
 Step time per cell       7.0880686406679970E-010
 Step      33 time   0.0028614 control    sound    timestep   9.10E-05       1,       1 x  8.14E-05 y  1.63E-04
 Wall clock    46.994556903839111     
 Average time per cell    7.5450339949635317E-010
 Step time per cell       7.7563602947824013E-010
 Step      34 time   0.0029523 control    sound    timestep   9.10E-05       1,       1 x  8.14E-05 y  1.63E-04
 Wall clock    48.372467994689941     
 Average time per cell    7.5378399260978983E-010
 Step time per cell       7.2997775330602760E-010
 Step      35 time   0.0030433 control    sound    timestep   9.10E-05       1,       1 x  8.14E-05 y  1.63E-04
 Wall clock    49.877707004547119     
 Average time per cell    7.5503314494401112E-010
 Step time per cell       7.9743964912874315E-010
 Step      36 time   0.0031343 control    sound    timestep   9.10E-05       1,       1 x  8.14E-05 y  1.63E-04
 Wall clock    51.254483938217163     
 Average time per cell    7.5432229834157985E-010
 Step time per cell       7.2937963422090334E-010
 Step      37 time   0.0032253 control    sound    timestep   9.10E-05       1,       1 x  8.14E-05 y  1.63E-04
 Wall clock    52.737254858016968     
 Average time per cell    7.5516764978771047E-010
 Step time per cell       7.8552981600902663E-010
 Step      38 time   0.0033163 control    sound    timestep   9.10E-05       1,       1 x  8.14E-05 y  1.63E-04
 Wall clock    54.058976888656616     
 Average time per cell    7.5372306768875530E-010
 Step time per cell       7.0020620215574231E-010
 Step      39 time   0.0034073 control    sound    timestep   9.10E-05       1,       1 x  8.14E-05 y  1.63E-04
 Wall clock    55.492429971694946     
 Average time per cell    7.5387044471478453E-010
 Step time per cell       7.5940710707477091E-010
 Step      40 time   0.0034982 control    sound    timestep   9.10E-05       1,       1 x  8.14E-05 y  1.63E-04
 Wall clock    57.023372888565063     
 Average time per cell    7.5530175220390250E-010
 Step time per cell       8.1106185866196433E-010
 Step      41 time   0.0035892 control    sound    timestep   9.10E-05       1,       1 x  8.14E-05 y  1.63E-04
 Wall clock    58.308430910110474     
 Average time per cell    7.5348581285800352E-010
 Step time per cell       6.8083598610731618E-010
 Step      42 time   0.0036802 control    sound    timestep   9.10E-05       1,       1 x  8.14E-05 y  1.63E-04
 Wall clock    59.737108945846558     
 Average time per cell    7.5356807589968115E-010
 Step time per cell       7.5687782757288202E-010
 Step      43 time   0.0037712 control    sound    timestep   9.10E-05       1,       1 x  8.14E-05 y  1.63E-04
 Wall clock    61.141227006912231     
 Average time per cell    7.5334390012992734E-010
 Step time per cell       7.4386763218272887E-010
 Step      44 time   0.0038622 control    sound    timestep   9.10E-05       1,       1 x  8.14E-05 y  1.63E-04
 Wall clock    62.506273984909058     
 Average time per cell    7.5265944587954432E-010
 Step time per cell       7.2316323793428534E-010
 Step      45 time   0.0039532 control    sound    timestep   9.10E-05       1,       1 x  8.14E-05 y  1.63E-04
 Wall clock    63.939049005508423     
 Average time per cell    7.5280282533325886E-010
 Step time per cell       7.5904318287535312E-010
 Step      46 time   0.0040442 control    sound    timestep   9.10E-05       1,       1 x  8.14E-05 y  1.63E-04
 Wall clock    65.292049884796143     
 Average time per cell    7.5202114783388571E-010
 Step time per cell       7.1678894326194290E-010
 Step      47 time   0.0041352 control    sound    timestep   9.10E-05       1,       1 x  8.14E-05 y  1.63E-04
 Wall clock    66.745831012725830     
 Average time per cell    7.5240880335730951E-010
 Step time per cell       7.7017842967405967E-010
 Step      48 time   0.0042262 control    sound    timestep   9.10E-05       1,       1 x  8.14E-05 y  1.63E-04
 Wall clock    68.178973913192749     
 Average time per cell    7.5255250393453289E-010
 Step time per cell       7.5924024006073728E-010
 Step      49 time   0.0043173 control    sound    timestep   9.10E-05       1,       1 x  8.14E-05 y  1.63E-04
 Wall clock    69.512268066406250     
 Average time per cell    7.5161071122537389E-010
 Step time per cell       7.0633948073211484E-010
 Step      50 time   0.0044083 control    sound    timestep   9.10E-05       1,       1 x  8.14E-05 y  1.63E-04
 Wall clock    71.053580045700073     
 Average time per cell    7.5291082642555313E-010
 Step time per cell       8.1655141709941545E-010
 Step      51 time   0.0044993 control    sound    timestep   9.10E-05       1,       1 x  8.14E-05 y  1.63E-04
 Wall clock    72.368455886840820     
 Average time per cell    7.5180760018800417E-010
 Step time per cell       6.9663302484615189E-010
 Step      52 time   0.0045903 control    sound    timestep   9.10E-05       1,       1 x  8.14E-05 y  1.63E-04
 Wall clock    73.816514968872070     
 Average time per cell    7.5210378688494436E-010
 Step time per cell       7.6714463325010403E-010
 Step      53 time   0.0046813 control    sound    timestep   9.10E-05       1,       1 x  8.14E-05 y  1.63E-04
 Wall clock    75.213839054107666     
 Average time per cell    7.5188161996033377E-010
 Step time per cell       7.4026855953787969E-010
 Step      54 time   0.0047723 control    sound    timestep   9.10E-05       1,       1 x  8.14E-05 y  1.63E-04
 Wall clock    76.590095996856689     
 Average time per cell    7.5146098192686588E-010
 Step time per cell       7.2910148042461111E-010
 Step      55 time   0.0048633 control    sound    timestep   9.10E-05       1,       1 x  8.14E-05 y  1.63E-04
 Wall clock    78.005966901779175     
 Average time per cell    7.5143724404709918E-010
 Step time per cell       7.5008971281123296E-010
 Step      56 time   0.0049544 control    sound    timestep   9.10E-05       1,       1 x  8.14E-05 y  1.63E-04
 Wall clock    79.339920043945312     
 Average time per cell    7.5063932551226271E-010
 Step time per cell       7.0668483608137147E-010
 Step      57 time   0.0050454 control    sound    timestep   9.10E-05       1,       1 x  8.14E-05 y  1.63E-04
 Wall clock    80.796570062637329     
 Average time per cell    7.5100988033582205E-010
 Step time per cell       7.7170006483760926E-010
 Step      58 time   0.0051364 control    sound    timestep   9.10E-05       1,       1 x  8.14E-05 y  1.63E-04
 Wall clock    82.177691936492920     
 Average time per cell    7.5067772204385329E-010
 Step time per cell       7.3167800312350863E-010
 Step      59 time   0.0052275 control    sound    timestep   9.10E-05       1,       1 x  8.14E-05 y  1.63E-04
 Wall clock    83.583904981613159     
 Average time per cell    7.5058214167518718E-010
 Step time per cell       7.4497860522468628E-010
 Step      60 time   0.0053185 control    sound    timestep   9.10E-05       1,       1 x  8.14E-05 y  1.63E-04
 Wall clock    85.097809076309204     
 Average time per cell    7.5144069350480336E-010
 Step time per cell       8.0203322896623929E-010
 Step      61 time   0.0054095 control    sound    timestep   9.10E-05       1,       1 x  8.14E-05 y  1.63E-04
 Wall clock    86.493263959884644     
 Average time per cell    7.5124229854907402E-010
 Step time per cell       7.3932546405962461E-010
 Step      62 time   0.0055006 control    sound    timestep   9.10E-05       1,       1 x  8.14E-05 y  1.63E-04
 Wall clock    87.819473028182983     
 Average time per cell    7.5045856547768381E-010
 Step time per cell       7.0259893113365653E-010
 Step      63 time   0.0055916 control    sound    timestep   9.11E-05       1,       1 x  8.14E-05 y  1.63E-04
 Wall clock    89.199876070022583     
 Average time per cell    7.5015547473193126E-010
 Step time per cell       7.3129980491002137E-010
 Step      64 time   0.0056827 control    sound    timestep   9.10E-05       1,       1 x  8.14E-05 y  1.63E-04
 Wall clock    90.570344924926758     
 Average time per cell    7.4977961617150872E-010
 Step time per cell       7.2603332531192190E-010
 Step      65 time   0.0057737 control    sound    timestep   9.11E-05       1,       1 x  8.14E-05 y  1.63E-04
 Wall clock    91.996849060058594     
 Average time per cell    7.4987206956307982E-010
 Step time per cell       7.5572441144484201E-010
 Step      66 time   0.0058648 control    sound    timestep   9.11E-05       1,       1 x  8.14E-05 y  1.63E-04
 Wall clock    93.428288936614990     
 Average time per cell    7.5000134330498242E-010
 Step time per cell       7.5833112431509006E-010
 Step      67 time   0.0059558 control    sound    timestep   9.11E-05       1,       1 x  8.14E-05 y  1.63E-04
 Wall clock    94.808542966842651     
 Average time per cell    7.4972199339449627E-010
 Step time per cell       7.3122401368487369E-010
 Step      68 time   0.0060469 control    sound    timestep   9.11E-05       1,       1 x  8.14E-05 y  1.63E-04
 Wall clock    96.223592042922974     
 Average time per cell    7.4972196375562458E-010
 Step time per cell       7.4965062898021039E-010
 Step      69 time   0.0061379 control    sound    timestep   9.11E-05       1,       1 x  8.14E-05 y  1.63E-04
 Wall clock    97.656404972076416     
 Average time per cell    7.4985833538193954E-010
 Step time per cell       7.5907236249703505E-010
 Step      70 time   0.0062290 control    sound    timestep   9.11E-05       1,       1 x  8.14E-05 y  1.63E-04
 Wall clock    99.139872074127197     
 Average time per cell    7.5037420419758991E-010
 Step time per cell       7.8590397202383938E-010
 Step      71 time   0.0063200 control    sound    timestep   9.11E-05       1,       1 x  8.14E-05 y  1.63E-04
 Wall clock    100.46030306816101     
 Average time per cell    7.4965892687396831E-010
 Step time per cell       6.9957574548122167E-010
 Step      72 time   0.0064111 control    sound    timestep   9.11E-05       1,       1 x  8.14E-05 y  1.63E-04
 Wall clock    101.87373805046082     
 Average time per cell    7.4964789733813728E-010
 Step time per cell       7.4879330390508077E-010
 Step      73 time   0.0065022 control    sound    timestep   9.11E-05       1,       1 x  8.14E-05 y  1.63E-04
 Wall clock    103.28766798973083     
 Average time per cell    7.4964076227779503E-010
 Step time per cell       7.4906665759044696E-010
 Step      74 time   0.0065932 control    sound    timestep   9.11E-05       1,       1 x  8.14E-05 y  1.63E-04
 Wall clock    104.64395499229431     
 Average time per cell    7.4922111293785789E-010
 Step time per cell       7.1852203594365466E-010
 Step      75 time   0.0066843 control    sound    timestep   9.11E-05       1,       1 x  8.14E-05 y  1.63E-04
 Wall clock    106.10883498191833     
 Average time per cell    7.4957978271144114E-010
 Step time per cell       7.7605667077781009E-010
 Step      76 time   0.0067754 control    sound    timestep   9.11E-05       1,       1 x  8.14E-05 y  1.63E-04
 Wall clock    107.48252892494202     
 Average time per cell    7.4929332820255168E-010
 Step time per cell       7.2775252293568979E-010
 Step      77 time   0.0068665 control    sound    timestep   9.11E-05       1,       1 x  8.14E-05 y  1.63E-04
 Wall clock    108.90067887306213     
 Average time per cell    7.4932020548660951E-010
 Step time per cell       7.5129934076459100E-010
 Step      78 time   0.0069576 control    sound    timestep   9.11E-05       1,       1 x  8.14E-05 y  1.63E-04
 Wall clock    110.27232599258423     
 Average time per cell    7.4903052072296949E-010
 Step time per cell       7.2666327671160818E-010
 Step      79 time   0.0070486 control    sound    timestep   9.11E-05       1,       1 x  8.14E-05 y  1.63E-04
 Wall clock    111.68845987319946     
 Average time per cell    7.4904652334768206E-010
 Step time per cell       7.5022904234679625E-010
 Step      80 time   0.0071397 control    sound    timestep   9.11E-05       1,       1 x  8.14E-05 y  1.63E-04
 Wall clock    113.23096489906311     
 Average time per cell    7.4989904893148683E-010
 Step time per cell       8.1718124218039320E-010
 Step      81 time   0.0072308 control    sound    timestep   9.11E-05       1,       1 x  8.14E-05 y  1.63E-04
 Wall clock    114.60960102081299     
 Average time per cell    7.4965866191438183E-010
 Step time per cell       7.3041494235642151E-010
 Step      82 time   0.0073219 control    sound    timestep   9.11E-05       1,       1 x  8.14E-05 y  1.63E-04
 Wall clock    115.97902894020081     
 Average time per cell    7.4936464188351411E-010
 Step time per cell       7.2550657629714499E-010
 Step      83 time   0.0074130 control    sound    timestep   9.11E-05       1,       1 x  8.14E-05 y  1.63E-04
 Wall clock    117.33513998985291     
 Average time per cell    7.4899270026944183E-010
 Step time per cell       7.1843096015476881E-010
 Step      84 time   0.0075041 control    sound    timestep   9.11E-05       1,       1 x  8.14E-05 y  1.63E-04
 Wall clock    118.74925208091736     
 Average time per cell    7.4899544842607361E-010
 Step time per cell       7.4916101766575589E-010
 Step      85 time   0.0075952 control    sound    timestep   9.11E-05       1,       1 x  8.14E-05 y  1.63E-04
 Wall clock    120.21261501312256     
 Average time per cell    7.4930512056240108E-010
 Step time per cell       7.7524608362485495E-010
 Step      86 time   0.0076863 control    sound    timestep   9.11E-05       1,       1 x  8.14E-05 y  1.63E-04
 Wall clock    121.51046085357666     
 Average time per cell    7.4858789205906410E-010
 Step time per cell       6.8758216305771690E-010
 Step      87 time   0.0077774 control    sound    timestep   9.11E-05       1,       1 x  8.14E-05 y  1.63E-04
 Wall clock    123.04875588417053     
 First step overhead -0.33727097511291504     
real 124.34
user 2930.33
sys 46.77
