
Clover Version    1.000
       MPI Version
   Task Count     48


Clover Version    1.000
       MPI Version
   Task Count     48

 Output file clover.out opened. All output will go there.
 Step       1 time   0.0000000 control    sound    timestep   3.85E-04       1,       1 x  3.26E-04 y  6.51E-04
 Wall clock    1.3741409778594971     
 Average time per cell    1.1648737401830860E-008
 Step time per cell       1.1648737401830860E-008
 Step       2 time   0.0003852 control    sound    timestep   3.24E-04       1,       1 x  3.26E-04 y  6.51E-04
 Wall clock    2.7573800086975098     
 Average time per cell    1.1687299977186033E-008
 Step time per cell       1.1724490226091196E-008
 Step       3 time   0.0007096 control    sound    timestep   2.96E-04       1,       1 x  3.26E-04 y  6.51E-04
 Wall clock    4.1181569099426270     
 Average time per cell    1.1636682891683584E-008
 Step time per cell       1.1533686322056584E-008
 Step       4 time   0.0010056 control    sound    timestep   3.09E-04       1,       1 x  3.26E-04 y  6.51E-04
 Wall clock    5.5020768642425537     
 Average time per cell    1.1660420871824802E-008
 Step time per cell       1.1730500975520247E-008
 Step       5 time   0.0013145 control    sound    timestep   3.35E-04       1,       1 x  3.26E-04 y  6.51E-04
 Wall clock    6.8860559463500977     
 Average time per cell    1.1674763906436662E-008
 Step time per cell       1.1731167938301546E-008
 Step       6 time   0.0016496 control    sound    timestep   3.49E-04       1,       1 x  3.26E-04 y  6.51E-04
 Wall clock    8.2679479122161865     
 Average time per cell    1.1681377145578153E-008
 Step time per cell       1.1713543952080524E-008
 Step       7 time   0.0019981 control    sound    timestep   3.54E-04       1,       1 x  3.26E-04 y  6.51E-04
 Wall clock    9.6350698471069336     
 Average time per cell    1.1668214158687208E-008
 Step time per cell       1.1588338869235790E-008
 Step       8 time   0.0023523 control    sound    timestep   3.66E-04       1,       1 x  3.26E-04 y  6.51E-04
 Wall clock    11.030165910720825     
 Average time per cell    1.1687984371949116E-008
 Step time per cell       1.1825256175749624E-008
 Step       9 time   0.0027186 control    sound    timestep   3.64E-04       1,       1 x  3.26E-04 y  6.51E-04
 Wall clock    12.405812978744507     
 Average time per cell    1.1685042184659706E-008
 Step time per cell       1.1660453714689033E-008
 Step      10 time   0.0030826 control    sound    timestep   3.64E-04       1,       1 x  3.26E-04 y  6.51E-04
 Wall clock    13.824789047241211     
 Average time per cell    1.1719418883634111E-008
 Step time per cell       1.2027936059490053E-008
 Step      11 time   0.0034468 control    sound    timestep   3.63E-04       1,       1 x  3.26E-04 y  6.51E-04
 Wall clock    15.197855949401855     
 Average time per cell    1.1712165562332504E-008
 Step time per cell       1.1639133137780138E-008
 Step      12 time   0.0038101 control    sound    timestep   3.63E-04       1,       1 x  3.26E-04 y  6.51E-04
 Wall clock    16.566084861755371     
 Average time per cell    1.1702703448935170E-008
 Step time per cell       1.1597712727962061E-008
 Step      13 time   0.0041727 control    sound    timestep   3.62E-04       1,       1 x  3.26E-04 y  6.51E-04
 Wall clock    17.933503866195679     
 Average time per cell    1.1694168916487526E-008
 Step time per cell       1.1590881412202078E-008
 Step      14 time   0.0045349 control    sound    timestep   3.63E-04       1,       1 x  3.26E-04 y  6.51E-04
 Wall clock    19.371731996536255     
 Average time per cell    1.1729729059937647E-008
 Step time per cell       1.2191042818206672E-008
 Step      15 time   0.0048977 control    sound    timestep   3.64E-04       1,       1 x  3.26E-04 y  6.51E-04
 Wall clock    20.802563905715942     
 Average time per cell    1.1756367948018360E-008
 Step time per cell       1.2128465540526021E-008
 Step      16 time   0.0052612 control    sound    timestep   3.64E-04       1,       1 x  3.26E-04 y  6.51E-04
 Wall clock    22.174957036972046     
 Average time per cell    1.1748714996429043E-008
 Step time per cell       1.1633140578245123E-008
 Step      17 time   0.0056248 control    sound    timestep   3.64E-04       1,       1 x  3.26E-04 y  6.51E-04
 Wall clock    23.520184040069580     
 Average time per cell    1.1728415914333359E-008
 Step time per cell       1.1402826203266159E-008
 Step      18 time   0.0059884 control    sound    timestep   3.64E-04       1,       1 x  3.26E-04 y  6.51E-04
 Wall clock    24.901705980300903     
 Average time per cell    1.1727465396598958E-008
 Step time per cell       1.1710332425233598E-008
 Step      19 time   0.0063520 control    sound    timestep   3.64E-04       1,       1 x  3.26E-04 y  6.51E-04
 Wall clock    26.265325069427490     
 Average time per cell    1.1718627336034715E-008
 Step time per cell       1.1558652962169920E-008
 Step      20 time   0.0067157 control    sound    timestep   3.64E-04       1,       1 x  3.26E-04 y  6.51E-04
 Wall clock    27.701480865478516     
 Average time per cell    1.1741418145700462E-008
 Step time per cell       1.2173420853084988E-008
 Step      21 time   0.0070795 control    sound    timestep   3.64E-04       1,       1 x  3.26E-04 y  6.51E-04
 Wall clock    29.054915904998779     
 Average time per cell    1.1728646376271234E-008
 Step time per cell       1.1472853253104000E-008
 Step      22 time   0.0074432 control    sound    timestep   3.64E-04       1,       1 x  3.26E-04 y  6.51E-04
 Wall clock    30.442457914352417     
 Average time per cell    1.1730177875230739E-008
 Step time per cell       1.1761423795380527E-008
 Step      23 time   0.0078069 control    sound    timestep   3.64E-04       1,       1 x  3.26E-04 y  6.51E-04
 Wall clock    31.813720941543579     
 Average time per cell    1.1725576259426386E-008
 Step time per cell       1.1623356436353384E-008
 Step      24 time   0.0081707 control    sound    timestep   3.64E-04       1,       1 x  3.26E-04 y  6.51E-04
 Wall clock    33.169914007186890     
 Average time per cell    1.1716035209651132E-008
 Step time per cell       1.1495497650078807E-008
 Step      25 time   0.0085346 control    sound    timestep   3.64E-04       1,       1 x  3.26E-04 y  6.51E-04
 Wall clock    34.565029859542847     
 Average time per cell    1.1720455545906184E-008
 Step time per cell       1.1825569446146902E-008
 Step      26 time   0.0088984 control    sound    timestep   3.64E-04       1,       1 x  3.26E-04 y  6.51E-04
 Wall clock    35.927314043045044     
 Average time per cell    1.1713831336859367E-008
 Step time per cell       1.1547352995775225E-008
 Step      27 time   0.0092622 control    sound    timestep   3.64E-04       1,       1 x  3.26E-04 y  6.51E-04
 Wall clock    37.290858983993530     
 Average time per cell    1.1708093646012146E-008
 Step time per cell       1.1557897071017780E-008
 Step      28 time   0.0096261 control    sound    timestep   3.64E-04       1,       1 x  3.26E-04 y  6.51E-04
 Wall clock    38.660908937454224     
 Average time per cell    1.1704735207165377E-008
 Step time per cell       1.1613157969097504E-008
 Step      29 time   0.0099899 control    sound    timestep   3.64E-04       1,       1 x  3.26E-04 y  6.51E-04
 Wall clock    40.044591903686523     
 Average time per cell    1.1705593504832336E-008
 Step time per cell       1.1728744640196157E-008
 Step      30 time   0.0103538 control    sound    timestep   3.64E-04       1,       1 x  3.26E-04 y  6.51E-04
 Wall clock    41.468210935592651     
 Average time per cell    1.1717679323434520E-008
 Step time per cell       1.2067024120672917E-008
 Step      31 time   0.0107177 control    sound    timestep   3.64E-04       1,       1 x  3.26E-04 y  6.51E-04
 Wall clock    42.842656850814819     
 Average time per cell    1.1715538777126414E-008
 Step time per cell       1.1650839345141625E-008
 Step      32 time   0.0110815 control    sound    timestep   3.64E-04       1,       1 x  3.26E-04 y  6.51E-04
 Wall clock    44.179281949996948     
 Average time per cell    1.1703512920272867E-008
 Step time per cell       1.1329896854779993E-008
 Step      33 time   0.0114454 control    sound    timestep   3.64E-04       1,       1 x  3.26E-04 y  6.51E-04
 Wall clock    45.579630851745605     
 Average time per cell    1.1708585399215546E-008
 Step time per cell       1.1869997251778842E-008
 Step      34 time   0.0118093 control    sound    timestep   3.64E-04       1,       1 x  3.26E-04 y  6.51E-04
 Wall clock    46.944597005844116     
 Average time per cell    1.1704537636213144E-008
 Step time per cell       1.1570213650379123E-008
 Step      35 time   0.0121733 control    sound    timestep   3.64E-04       1,       1 x  3.26E-04 y  6.51E-04
 Wall clock    48.300446033477783     
 Average time per cell    1.1698512978563528E-008
 Step time per cell       1.1492682258701988E-008
 Step      36 time   0.0125372 control    sound    timestep   3.64E-04       1,       1 x  3.26E-04 y  6.51E-04
 Wall clock    49.685231924057007     
 Average time per cell    1.1699636935965693E-008
 Step time per cell       1.1738001275160867E-008
 Step      37 time   0.0129011 control    sound    timestep   3.64E-04       1,       1 x  3.26E-04 y  6.51E-04
 Wall clock    51.055983066558838     
 Average time per cell    1.1697484624492391E-008
 Step time per cell       1.1619120212142459E-008
 Step      38 time   0.0132651 control    sound    timestep   3.64E-04       1,       1 x  3.26E-04 y  6.51E-04
 Wall clock    52.419461011886597     
 Average time per cell    1.1693823075297082E-008
 Step time per cell       1.1557405943878822E-008
 Step      39 time   0.0136290 control    sound    timestep   3.64E-04       1,       1 x  3.26E-04 y  6.51E-04
 Wall clock    53.815708875656128     
 Average time per cell    1.1697472221973589E-008
 Step time per cell       1.1835123182714193E-008
 Step      40 time   0.0139930 control    sound    timestep   3.64E-04       1,       1 x  3.26E-04 y  6.51E-04
 Wall clock    55.232172012329102     
 Average time per cell    1.1705223086108970E-008
 Step time per cell       1.2006742811839407E-008
 Step      41 time   0.0143570 control    sound    timestep   3.64E-04       1,       1 x  3.26E-04 y  6.51E-04
 Wall clock    56.601089000701904     
 Average time per cell    1.1702765281429529E-008
 Step time per cell       1.1604004410198994E-008
 Step      42 time   0.0147209 control    sound    timestep   3.64E-04       1,       1 x  3.26E-04 y  6.51E-04
 Wall clock    57.958539009094238     
 Average time per cell    1.1698110067598502E-008
 Step time per cell       1.1506508599268273E-008
 Step      43 time   0.0150849 control    sound    timestep   3.64E-04       1,       1 x  3.26E-04 y  6.51E-04
 Wall clock    59.344014883041382     
 Average time per cell    1.1699196449899084E-008
 Step time per cell       1.1743852357742272E-008
 Step      44 time   0.0154489 control    sound    timestep   3.64E-04       1,       1 x  3.26E-04 y  6.51E-04
 Wall clock    60.732207059860229     
 Average time per cell    1.1700756778112128E-008
 Step time per cell       1.1767018198346098E-008
 Step      45 time   0.0158129 control    sound    timestep   3.64E-04       1,       1 x  3.26E-04 y  6.51E-04
 Wall clock    62.126208066940308     
 Average time per cell    1.1703342026499112E-008
 Step time per cell       1.1816203671817978E-008
 Step      46 time   0.0161769 control    sound    timestep   3.64E-04       1,       1 x  3.26E-04 y  6.51E-04
 Wall clock    63.502565860748291     
 Average time per cell    1.1702563495128888E-008
 Step time per cell       1.1666783797813373E-008
 Step      47 time   0.0165409 control    sound    timestep   3.64E-04       1,       1 x  3.26E-04 y  6.51E-04
 Wall clock    64.872691869735718     
 Average time per cell    1.1700694103508937E-008
 Step time per cell       1.1613683454925194E-008
 Step      48 time   0.0169050 control    sound    timestep   3.64E-04       1,       1 x  3.26E-04 y  6.51E-04
 Wall clock    66.232838869094849     
 Average time per cell    1.1697140246690617E-008
 Step time per cell       1.1529252030110608E-008
 Step      49 time   0.0172690 control    sound    timestep   3.64E-04       1,       1 x  3.26E-04 y  6.51E-04
 Wall clock    67.611515045166016     
 Average time per cell    1.1696937032542329E-008
 Step time per cell       1.1686198478047219E-008
 Step      50 time   0.0176331 control    sound    timestep   3.64E-04       1,       1 x  3.26E-04 y  6.51E-04
 Wall clock    69.030304908752441     
 Average time per cell    1.1703542905807910E-008
 Step time per cell       1.2026367686404330E-008
 Step      51 time   0.0179971 control    sound    timestep   3.64E-04       1,       1 x  3.26E-04 y  6.51E-04
 Wall clock    70.382596015930176     
 Average time per cell    1.1698836451832587E-008
 Step time per cell       1.1463081237808284E-008
 Step      52 time   0.0183612 control    sound    timestep   3.64E-04       1,       1 x  3.26E-04 y  6.51E-04
 Wall clock    71.772251844406128     
 Average time per cell    1.1700402258914739E-008
 Step time per cell       1.1779130646674377E-008
 Step      53 time   0.0187253 control    sound    timestep   3.64E-04       1,       1 x  3.26E-04 y  6.51E-04
 Wall clock    73.147605895996094     
 Average time per cell    1.1699621475826895E-008
 Step time per cell       1.1657994036795572E-008
 Step      54 time   0.0190893 control    sound    timestep   3.64E-04       1,       1 x  3.26E-04 y  6.51E-04
 Wall clock    74.521316051483154     
 Average time per cell    1.1698611546188033E-008
 Step time per cell       1.1644329384176267E-008
 Step      55 time   0.0194534 control    sound    timestep   3.64E-04       1,       1 x  3.26E-04 y  6.51E-04
 Wall clock    75.888252973556519     
 Average time per cell    1.1696594388334720E-008
 Step time per cell       1.1586736137461331E-008
 Step      56 time   0.0198175 control    sound    timestep   3.64E-04       1,       1 x  3.26E-04 y  6.51E-04
 Wall clock    77.248713970184326     
 Average time per cell    1.1693668966472615E-008
 Step time per cell       1.1531974450917915E-008
 Step      57 time   0.0201816 control    sound    timestep   3.64E-04       1,       1 x  3.26E-04 y  6.51E-04
 Wall clock    78.638045072555542     
 Average time per cell    1.1695139786057432E-008
 Step time per cell       1.1776606293602122E-008
 Step      58 time   0.0205457 control    sound    timestep   3.64E-04       1,       1 x  3.26E-04 y  6.51E-04
 Wall clock    80.092213869094849     
 Average time per cell    1.1706036369512982E-008
 Step time per cell       1.2326193730890130E-008
 Step      59 time   0.0209098 control    sound    timestep   3.64E-04       1,       1 x  3.26E-04 y  6.51E-04
 Wall clock    81.440194845199585     
 Average time per cell    1.1701306538152545E-008
 Step time per cell       1.1426177985009014E-008
 Step      60 time   0.0212739 control    sound    timestep   3.64E-04       1,       1 x  3.26E-04 y  6.51E-04
 Wall clock    82.876218080520630     
 Average time per cell    1.1709173425818638E-008
 Step time per cell       1.2172361797032257E-008
 Step      61 time   0.0216381 control    sound    timestep   3.64E-04       1,       1 x  3.26E-04 y  6.51E-04
 Wall clock    84.243496894836426     
 Average time per cell    1.1707229043767602E-008
 Step time per cell       1.1590074993566506E-008
 Step      62 time   0.0220023 control    sound    timestep   3.64E-04       1,       1 x  3.26E-04 y  6.51E-04
 Wall clock    85.614708900451660     
 Average time per cell    1.1705885159133811E-008
 Step time per cell       1.1622830950525692E-008
 Step      63 time   0.0223664 control    sound    timestep   3.64E-04       1,       1 x  3.26E-04 y  6.51E-04
 Wall clock    86.982562065124512     
 Average time per cell    1.1704131981195320E-008
 Step time per cell       1.1594553749697904E-008
 Step      64 time   0.0227306 control    sound    timestep   3.64E-04       1,       1 x  3.26E-04 y  6.51E-04
 Wall clock    88.341897010803223     
 Average time per cell    1.1701305311362376E-008
 Step time per cell       1.1522242857608944E-008
 Step      65 time   0.0230948 control    sound    timestep   3.64E-04       1,       1 x  3.26E-04 y  6.51E-04
 Wall clock    89.711760997772217     
 Average time per cell    1.1699938781969409E-008
 Step time per cell       1.1611539068528347E-008
 Step      66 time   0.0234590 control    sound    timestep   3.64E-04       1,       1 x  3.26E-04 y  6.51E-04
 Wall clock    91.078042984008789     
 Average time per cell    1.1698153586854362E-008
 Step time per cell       1.1581184177581842E-008
 Step      67 time   0.0238233 control    sound    timestep   3.64E-04       1,       1 x  3.26E-04 y  6.51E-04
 Wall clock    92.444886922836304     
 Average time per cell    1.1696492781610481E-008
 Step time per cell       1.1585955993117144E-008
 Step      68 time   0.0241875 control    sound    timestep   3.64E-04       1,       1 x  3.26E-04 y  6.51E-04
 Wall clock    93.796139001846313     
 Average time per cell    1.1692937090736129E-008
 Step time per cell       1.1453806412949538E-008
 Step      69 time   0.0245517 control    sound    timestep   3.64E-04       1,       1 x  3.26E-04 y  6.51E-04
 Wall clock    95.183096885681152     
 Average time per cell    1.1693871156957403E-008
 Step time per cell       1.1756429658918124E-008
 Step      70 time   0.0249159 control    sound    timestep   3.64E-04       1,       1 x  3.26E-04 y  6.51E-04
 Wall clock    96.606481075286865     
 Average time per cell    1.1699189815858734E-008
 Step time per cell       1.2065184920275997E-008
 Step      71 time   0.0252802 control    sound    timestep   3.64E-04       1,       1 x  3.26E-04 y  6.51E-04
 Wall clock    97.967620849609375     
 Average time per cell    1.1696926928788470E-008
 Step time per cell       1.1538051896625095E-008
 Step      72 time   0.0256444 control    sound    timestep   3.64E-04       1,       1 x  3.26E-04 y  6.51E-04
 Wall clock    99.329379081726074     
 Average time per cell    1.1694799715410170E-008
 Step time per cell       1.1542783290173652E-008
 Step      73 time   0.0260087 control    sound    timestep   3.64E-04       1,       1 x  3.26E-04 y  6.51E-04
 Wall clock    100.70648789405823     
 Average time per cell    1.1694513363779637E-008
 Step time per cell       1.1672948150792056E-008
 Step      74 time   0.0263730 control    sound    timestep   3.64E-04       1,       1 x  3.26E-04 y  6.51E-04
 Wall clock    102.06236505508423     
 Average time per cell    1.1691802549515026E-008
 Step time per cell       1.1492928832821133E-008
 Step      75 time   0.0267372 control    sound    timestep   3.64E-04       1,       1 x  3.26E-04 y  6.51E-04
 Wall clock    103.44096207618713     
 Average time per cell    1.1691732005500751E-008
 Step time per cell       1.1685511304272546E-008
 Step      76 time   0.0271015 control    sound    timestep   3.64E-04       1,       1 x  3.26E-04 y  6.51E-04
 Wall clock    104.81802988052368     
 Average time per cell    1.1691492747761205E-008
 Step time per cell       1.1672600521706045E-008
 Step      77 time   0.0274659 control    sound    timestep   3.64E-04       1,       1 x  3.26E-04 y  6.51E-04
 Wall clock    106.17708587646484     
 Average time per cell    1.1689276743578102E-008
 Step time per cell       1.1520088365715412E-008
 Step      78 time   0.0278302 control    sound    timestep   3.64E-04       1,       1 x  3.26E-04 y  6.51E-04
 Wall clock    107.54346489906311     
 Average time per cell    1.1687913432657955E-008
 Step time per cell       1.1581954216429343E-008
 Step      79 time   0.0281946 control    sound    timestep   3.64E-04       1,       1 x  3.26E-04 y  6.51E-04
 Wall clock    108.92514300346375     
 Average time per cell    1.1688226305854438E-008
 Step time per cell       1.1711662308597523E-008
 Step      80 time   0.0285589 control    sound    timestep   3.64E-04       1,       1 x  3.26E-04 y  6.51E-04
 Wall clock    110.34992885589600     
 Average time per cell    1.1693099218569437E-008
 Step time per cell       1.2077093237571211E-008
 Step      81 time   0.0289233 control    sound    timestep   3.64E-04       1,       1 x  3.26E-04 y  6.51E-04
 Wall clock    111.71201300621033     
 Average time per cell    1.1691289727085184E-008
 Step time per cell       1.1546105977484129E-008
 Step      82 time   0.0292877 control    sound    timestep   3.64E-04       1,       1 x  3.26E-04 y  6.51E-04
 Wall clock    113.06066894531250     
 Average time per cell    1.1688136170065501E-008
 Step time per cell       1.1431673354107058E-008
 Step      83 time   0.0296521 control    sound    timestep   3.64E-04       1,       1 x  3.26E-04 y  6.51E-04
 Wall clock    114.44467091560364     
 Average time per cell    1.1688668626696283E-008
 Step time per cell       1.1731380153731960E-008
 Step      84 time   0.0300165 control    sound    timestep   3.64E-04       1,       1 x  3.26E-04 y  6.51E-04
 Wall clock    115.80718493461609     
 Average time per cell    1.1687019886502876E-008
 Step time per cell       1.1549240702556240E-008
 Step      85 time   0.0303809 control    sound    timestep   3.64E-04       1,       1 x  3.26E-04 y  6.51E-04
 Wall clock    117.19208192825317     
 Average time per cell    1.1687642208747932E-008
 Step time per cell       1.1738967360644084E-008
 Step      86 time   0.0307453 control    sound    timestep   3.64E-04       1,       1 x  3.26E-04 y  6.51E-04
 Wall clock    118.54517388343811     
 Average time per cell    1.1685115004294355E-008
 Step time per cell       1.1469649810654422E-008
 Step      87 time   0.0311097 control    sound    timestep   3.64E-04       1,       1 x  3.26E-04 y  6.51E-04
 Wall clock    119.99631786346436     
 First step overhead  -8.9371204376220703E-003
real 120.91
user 2841.76
sys 55.23
