
Clover Version    1.000
       MPI Version
   Task Count     24


Clover Version    1.000
       MPI Version
   Task Count     24

 Output file clover.out opened. All output will go there.
 Step       1 time   0.0000000 control    sound    timestep   7.70E-04       1,       1 x  6.51E-04 y  6.51E-04
 Wall clock    1.2756469249725342     
 Average time per cell    2.1627585940425182E-008
 Step time per cell       2.1627585940425182E-008
 Step       2 time   0.0007703 control    sound    timestep   4.70E-04       1,       1 x  6.51E-04 y  6.51E-04
 Wall clock    2.5535960197448730     
 Average time per cell    2.1647101675625892E-008
 Step time per cell       2.1664665028866795E-008
 Step       3 time   0.0012405 control    sound    timestep   5.97E-04       1,       1 x  6.51E-04 y  6.51E-04
 Wall clock    3.8345720767974854     
 Average time per cell    2.1670713505483475E-008
 Step time per cell       2.1714242595610106E-008
 Step       4 time   0.0018380 control    sound    timestep   6.29E-04       1,       1 x  6.51E-04 y  6.51E-04
 Wall clock    5.1137719154357910     
 Average time per cell    2.1674990825380923E-008
 Step time per cell       2.1685842107722744E-008
 Step       5 time   0.0024675 control    sound    timestep   6.93E-04       1,       1 x  6.51E-04 y  6.51E-04
 Wall clock    6.3926029205322266     
 Average time per cell    2.1676306561049488E-008
 Step time per cell       2.1679346294452746E-008
 Step       6 time   0.0031602 control    sound    timestep   6.91E-04       1,       1 x  6.51E-04 y  6.51E-04
 Wall clock    7.6712620258331299     
 Average time per cell    2.1676697980621139E-008
 Step time per cell       2.1676549092969960E-008
 Step       7 time   0.0038513 control    sound    timestep   7.04E-04       1,       1 x  6.51E-04 y  6.51E-04
 Wall clock    8.9481000900268555     
 Average time per cell    2.1672566949818578E-008
 Step time per cell       2.1645509049348119E-008
 Step       8 time   0.0045556 control    sound    timestep   7.41E-04       1,       1 x  6.51E-04 y  6.51E-04
 Wall clock    10.225229978561401     
 Average time per cell    2.1670087133113864E-008
 Step time per cell       2.1650662852658167E-008
 Step       9 time   0.0052964 control    sound    timestep   7.33E-04       1,       1 x  6.51E-04 y  6.51E-04
 Wall clock    11.502424001693726     
 Average time per cell    2.1668279203615026E-008
 Step time per cell       2.1651899765452575E-008
 Step      10 time   0.0060292 control    sound    timestep   7.28E-04       1,       1 x  6.51E-04 y  6.51E-04
 Wall clock    12.829210042953491     
 Average time per cell    2.1750912209325987E-008
 Step time per cell       2.2492284996486787E-008
 Step      11 time   0.0067568 control    sound    timestep   7.22E-04       1,       1 x  6.51E-04 y  6.51E-04
 Wall clock    14.104799985885620     
 Average time per cell    2.1739612904381985E-008
 Step time per cell       2.1625823541803077E-008
 Step      12 time   0.0074792 control    sound    timestep   7.20E-04       1,       1 x  6.51E-04 y  6.51E-04
 Wall clock    15.384902000427246     
 Average time per cell    2.1736571701088301E-008
 Step time per cell       2.1701287348858185E-008
 Step      13 time   0.0081988 control    sound    timestep   7.21E-04       1,       1 x  6.51E-04 y  6.51E-04
 Wall clock    16.662549972534180     
 Average time per cell    2.1730797886689249E-008
 Step time per cell       2.1659664829106380E-008
 Step      14 time   0.0089202 control    sound    timestep   7.24E-04       1,       1 x  6.51E-04 y  6.51E-04
 Wall clock    17.940094947814941     
 Average time per cell    2.1725724172216678E-008
 Step time per cell       2.1657712447146574E-008
 Step      15 time   0.0096444 control    sound    timestep   7.25E-04       1,       1 x  6.51E-04 y  6.51E-04
 Wall clock    19.220365047454834     
 Average time per cell    2.1724407108397120E-008
 Step time per cell       2.1703745005652309E-008
 Step      16 time   0.0103697 control    sound    timestep   7.26E-04       1,       1 x  6.51E-04 y  6.51E-04
 Wall clock    20.497568130493164     
 Average time per cell    2.1720004749820670E-008
 Step time per cell       2.1652053369002209E-008
 Step      17 time   0.0110953 control    sound    timestep   7.26E-04       1,       1 x  6.51E-04 y  6.51E-04
 Wall clock    21.775424003601074     
 Average time per cell    2.1716771347545624E-008
 Step time per cell       2.1663056233794326E-008
 Step      18 time   0.0118213 control    sound    timestep   7.26E-04       1,       1 x  6.51E-04 y  6.51E-04
 Wall clock    23.053107023239136     
 Average time per cell    2.1713734401410078E-008
 Step time per cell       2.1660105428761908E-008
 Step      19 time   0.0125475 control    sound    timestep   7.26E-04       1,       1 x  6.51E-04 y  6.51E-04
 Wall clock    24.332272052764893     
 Average time per cell    2.1712339571023587E-008
 Step time per cell       2.1685199398133489E-008
 Step      20 time   0.0132737 control    sound    timestep   7.26E-04       1,       1 x  6.51E-04 y  6.51E-04
 Wall clock    25.659878015518188     
 Average time per cell    2.1752148111570729E-008
 Step time per cell       2.2506493324827816E-008
 Step      21 time   0.0140001 control    sound    timestep   7.27E-04       1,       1 x  6.51E-04 y  6.51E-04
 Wall clock    26.935763120651245     
 Average time per cell    2.1746408872776935E-008
 Step time per cell       2.1630605462835068E-008
 Step      22 time   0.0147268 control    sound    timestep   7.27E-04       1,       1 x  6.51E-04 y  6.51E-04
 Wall clock    28.213100910186768     
 Average time per cell    2.1742310888260943E-008
 Step time per cell       2.1654304873663932E-008
 Step      23 time   0.0154537 control    sound    timestep   7.27E-04       1,       1 x  6.51E-04 y  6.51E-04
 Wall clock    29.491748094558716     
 Average time per cell    2.1739534456968973E-008
 Step time per cell       2.1676161041897204E-008
 Step      24 time   0.0161807 control    sound    timestep   7.27E-04       1,       1 x  6.51E-04 y  6.51E-04
 Wall clock    30.770318984985352     
 Average time per cell    2.1736935498969008E-008
 Step time per cell       2.1675227294003382E-008
 Step      25 time   0.0169080 control    sound    timestep   7.27E-04       1,       1 x  6.51E-04 y  6.51E-04
 Wall clock    32.051176071166992     
 Average time per cell    2.1736094883332650E-008
 Step time per cell       2.1714020274683006E-008
 Step      26 time   0.0176355 control    sound    timestep   7.28E-04       1,       1 x  6.51E-04 y  6.51E-04
 Wall clock    33.328314065933228     
 Average time per cell    2.1732893766702003E-008
 Step time per cell       2.1651273224658023E-008
 Step      27 time   0.0183631 control    sound    timestep   7.28E-04       1,       1 x  6.51E-04 y  6.51E-04
 Wall clock    34.605626106262207     
 Average time per cell    2.1730039058897046E-008
 Step time per cell       2.1653884485001781E-008
 Step      28 time   0.0190909 control    sound    timestep   7.28E-04       1,       1 x  6.51E-04 y  6.51E-04
 Wall clock    35.884282112121582     
 Average time per cell    2.1728202040004174E-008
 Step time per cell       2.1676722907512966E-008
 Step      29 time   0.0198188 control    sound    timestep   7.28E-04       1,       1 x  6.51E-04 y  6.51E-04
 Wall clock    37.163037061691284     
 Average time per cell    2.1726549557326327E-008
 Step time per cell       2.1678246816413272E-008
 Step      30 time   0.0205468 control    sound    timestep   7.28E-04       1,       1 x  6.51E-04 y  6.51E-04
 Wall clock    38.491662025451660     
 Average time per cell    2.1753190796718830E-008
 Step time per cell       2.2523636289406568E-008
 Step      31 time   0.0212748 control    sound    timestep   7.28E-04       1,       1 x  6.51E-04 y  6.51E-04
 Wall clock    39.767179965972900     
 Average time per cell    2.1749068484274425E-008
 Step time per cell       2.1624501742836503E-008
 Step      32 time   0.0220028 control    sound    timestep   7.28E-04       1,       1 x  6.51E-04 y  6.51E-04
 Wall clock    41.046158075332642     
 Average time per cell    2.1747037079775407E-008
 Step time per cell       2.1682365816862632E-008
 Step      33 time   0.0227308 control    sound    timestep   7.28E-04       1,       1 x  6.51E-04 y  6.51E-04
 Wall clock    42.325648069381714     
 Average time per cell    2.1745391778596159E-008
 Step time per cell       2.1691032290820860E-008
 Step      34 time   0.0234590 control    sound    timestep   7.28E-04       1,       1 x  6.51E-04 y  6.51E-04
 Wall clock    43.601505994796753     
 Average time per cell    2.1742032117056629E-008
 Step time per cell       2.1629263452875118E-008
 Step      35 time   0.0241873 control    sound    timestep   7.28E-04       1,       1 x  6.51E-04 y  6.51E-04
 Wall clock    44.881108999252319     
 Average time per cell    2.1740678574941638E-008
 Step time per cell       2.1692572368515862E-008
 Step      36 time   0.0249157 control    sound    timestep   7.29E-04       1,       1 x  6.51E-04 y  6.51E-04
 Wall clock    46.159343957901001     
 Average time per cell    2.1738755948055409E-008
 Step time per cell       2.1669293346349149E-008
 Step      37 time   0.0256442 control    sound    timestep   7.29E-04       1,       1 x  6.51E-04 y  6.51E-04
 Wall clock    47.437067985534668     
 Average time per cell    2.1736703127169529E-008
 Step time per cell       2.1660784518139231E-008
 Step      38 time   0.0263728 control    sound    timestep   7.29E-04       1,       1 x  6.51E-04 y  6.51E-04
 Wall clock    48.714827060699463     
 Average time per cell    2.1734773986414620E-008
 Step time per cell       2.1661358510351015E-008
 Step      39 time   0.0271016 control    sound    timestep   7.29E-04       1,       1 x  6.51E-04 y  6.51E-04
 Wall clock    49.992715120315552     
 Average time per cell    2.1732999848505679E-008
 Step time per cell       2.1663549382032618E-008
 Step      40 time   0.0278304 control    sound    timestep   7.29E-04       1,       1 x  6.51E-04 y  6.51E-04
 Wall clock    51.322510957717896     
 Average time per cell    2.1753315801712841E-008
 Step time per cell       2.2543620919653523E-008
 Step      41 time   0.0285593 control    sound    timestep   7.29E-04       1,       1 x  6.51E-04 y  6.51E-04
 Wall clock    52.598639965057373     
 Average time per cell    2.1750448569138017E-008
 Step time per cell       2.1634841687045990E-008
 Step      42 time   0.0292882 control    sound    timestep   7.29E-04       1,       1 x  6.51E-04 y  6.51E-04
 Wall clock    53.877202033996582     
 Average time per cell    2.1748700029482800E-008
 Step time per cell       2.1674770525553159E-008
 Step      43 time   0.0300171 control    sound    timestep   7.29E-04       1,       1 x  6.51E-04 y  6.51E-04
 Wall clock    55.153700113296509     
 Average time per cell    2.1746219019255135E-008
 Step time per cell       2.1640355246038072E-008
 Step      44 time   0.0307460 control    sound    timestep   7.29E-04       1,       1 x  6.51E-04 y  6.51E-04
 Wall clock    56.432606935501099     
 Average time per cell    2.1744778926156207E-008
 Step time per cell       2.1680959131723891E-008
 Step      45 time   0.0314750 control    sound    timestep   7.29E-04       1,       1 x  6.51E-04 y  6.51E-04
 Wall clock    57.745129108428955     
 Average time per cell    2.1756067764255459E-008
 Step time per cell       2.2250808089868062E-008
 Step      46 time   0.0322040 control    sound    timestep   7.29E-04       1,       1 x  6.51E-04 y  6.51E-04
 Wall clock    59.024852991104126     
 Average time per cell    2.1754777324549035E-008
 Step time per cell       2.1694928970343124E-008
 Step      47 time   0.0329331 control    sound    timestep   7.29E-04       1,       1 x  6.51E-04 y  6.51E-04
 Wall clock    60.304901123046875     
 Average time per cell    2.1753658762919423E-008
 Step time per cell       2.1699949381096911E-008
 Step      48 time   0.0336623 control    sound    timestep   7.29E-04       1,       1 x  6.51E-04 y  6.51E-04
 Wall clock    61.582988023757935     
 Average time per cell    2.1751894076226528E-008
 Step time per cell       2.1667037799488753E-008
 Step      49 time   0.0343915 control    sound    timestep   7.29E-04       1,       1 x  6.51E-04 y  6.51E-04
 Wall clock    62.860893964767456     
 Average time per cell    2.1750138804729386E-008
 Step time per cell       2.1663937433105377E-008
 Step      50 time   0.0351209 control    sound    timestep   7.29E-04       1,       1 x  6.51E-04 y  6.51E-04
 Wall clock    64.188372135162354     
 Average time per cell    2.1765262903904335E-008
 Step time per cell       2.2504496478682591E-008
 Step      51 time   0.0358503 control    sound    timestep   7.30E-04       1,       1 x  6.51E-04 y  6.51E-04
 Wall clock    65.465155124664307     
 Average time per cell    2.1762941023771102E-008
 Step time per cell       2.1645796045454013E-008
 Step      52 time   0.0365798 control    sound    timestep   7.30E-04       1,       1 x  6.51E-04 y  6.51E-04
 Wall clock    66.742547988891602     
 Average time per cell    2.1760907291800867E-008
 Step time per cell       2.1655493280074249E-008
 Step      53 time   0.0373094 control    sound    timestep   7.30E-04       1,       1 x  6.51E-04 y  6.51E-04
 Wall clock    68.022463083267212     
 Average time per cell    2.1759757142542301E-008
 Step time per cell       2.1697932323958310E-008
 Step      54 time   0.0380391 control    sound    timestep   7.30E-04       1,       1 x  6.51E-04 y  6.51E-04
 Wall clock    69.299902915954590     
 Average time per cell    2.1757872441281475E-008
 Step time per cell       2.1656002597107243E-008
 Step      55 time   0.0387688 control    sound    timestep   7.30E-04       1,       1 x  6.51E-04 y  6.51E-04
 Wall clock    70.578639984130859     
 Average time per cell    2.1756456158302649E-008
 Step time per cell       2.1677838554347140E-008
 Step      56 time   0.0394984 control    sound    timestep   7.30E-04       1,       1 x  6.51E-04 y  6.51E-04
 Wall clock    71.859228134155273     
 Average time per cell    2.1755650878832160E-008
 Step time per cell       2.1709327282021858E-008
 Step      57 time   0.0402281 control    sound    timestep   7.30E-04       1,       1 x  6.51E-04 y  6.51E-04
 Wall clock    73.138365030288696     
 Average time per cell    2.1754442190512701E-008
 Step time per cell       2.1684399042795928E-008
 Step      58 time   0.0409578 control    sound    timestep   7.30E-04       1,       1 x  6.51E-04 y  6.51E-04
 Wall clock    74.416968107223511     
 Average time per cell    2.1753119138293360E-008
 Step time per cell       2.1675720442241677E-008
 Step      59 time   0.0416876 control    sound    timestep   7.30E-04       1,       1 x  6.51E-04 y  6.51E-04
 Wall clock    75.695322990417480     
 Average time per cell    2.1751769614474332E-008
 Step time per cell       2.1671581230798944E-008
 Step      60 time   0.0424174 control    sound    timestep   7.30E-04       1,       1 x  6.51E-04 y  6.51E-04
 Wall clock    77.022892951965332     
 Average time per cell    2.1764371787732536E-008
 Step time per cell       2.2505830404245192E-008
 Step      61 time   0.0431473 control    sound    timestep   7.30E-04       1,       1 x  6.51E-04 y  6.51E-04
 Wall clock    78.299185991287231     
 Average time per cell    2.1762308976439103E-008
 Step time per cell       2.1637521664767214E-008
 Step      62 time   0.0438772 control    sound    timestep   7.30E-04       1,       1 x  6.51E-04 y  6.51E-04
 Wall clock    79.578366041183472     
 Average time per cell    2.1761102174925302E-008
 Step time per cell       2.1685805727934672E-008
 Step      63 time   0.0446072 control    sound    timestep   7.30E-04       1,       1 x  6.51E-04 y  6.51E-04
 Wall clock    80.857038974761963     
 Average time per cell    2.1759797212243986E-008
 Step time per cell       2.1676755245102361E-008
 Step      64 time   0.0453372 control    sound    timestep   7.30E-04       1,       1 x  6.51E-04 y  6.51E-04
 Wall clock    82.135224103927612     
 Average time per cell    2.1758403805607588E-008
 Step time per cell       2.1668517244203637E-008
 Step      65 time   0.0460673 control    sound    timestep   7.30E-04       1,       1 x  6.51E-04 y  6.51E-04
 Wall clock    83.414210081100464     
 Average time per cell    2.1757262161411503E-008
 Step time per cell       2.1682365816862632E-008
 Step      66 time   0.0467975 control    sound    timestep   7.30E-04       1,       1 x  6.51E-04 y  6.51E-04
 Wall clock    84.694804906845093     
 Average time per cell    2.1756568396685847E-008
 Step time per cell       2.1709577898339680E-008
 Step      67 time   0.0475278 control    sound    timestep   7.30E-04       1,       1 x  6.51E-04 y  6.51E-04
 Wall clock    85.972881078720093     
 Average time per cell    2.1755258001253521E-008
 Step time per cell       2.1666601242031902E-008
 Step      68 time   0.0482581 control    sound    timestep   7.30E-04       1,       1 x  6.51E-04 y  6.51E-04
 Wall clock    87.251763105392456     
 Average time per cell    2.1754187067915089E-008
 Step time per cell       2.1680300253339940E-008
 Step      69 time   0.0489885 control    sound    timestep   7.30E-04       1,       1 x  6.51E-04 y  6.51E-04
 Wall clock    88.531224966049194     
 Average time per cell    2.1753289648980328E-008
 Step time per cell       2.1690264273072698E-008
 Step      70 time   0.0497188 control    sound    timestep   7.30E-04       1,       1 x  6.51E-04 y  6.51E-04
 Wall clock    89.861726999282837     
 Average time per cell    2.1764779953555840E-008
 Step time per cell       2.2555642418511626E-008
 Step      71 time   0.0504492 control    sound    timestep   7.30E-04       1,       1 x  6.51E-04 y  6.51E-04
 Wall clock    91.138984918594360     
 Average time per cell    2.1763232335574336E-008
 Step time per cell       2.1653795556630938E-008
 Step      72 time   0.0511795 control    sound    timestep   7.30E-04       1,       1 x  6.51E-04 y  6.51E-04
 Wall clock    92.418347120285034     
 Average time per cell    2.1762223213168730E-008
 Step time per cell       2.1688388692887708E-008
 Step      73 time   0.0519100 control    sound    timestep   7.30E-04       1,       1 x  6.51E-04 y  6.51E-04
 Wall clock    93.698399066925049     
 Average time per cell    2.1761401930839516E-008
 Step time per cell       2.1700252545997501E-008
 Step      74 time   0.0526404 control    sound    timestep   7.30E-04       1,       1 x  6.51E-04 y  6.51E-04
 Wall clock    94.979202032089233     
 Average time per cell    2.1760774911895209E-008
 Step time per cell       2.1712884416855456E-008
 Step      75 time   0.0533709 control    sound    timestep   7.31E-04       1,       1 x  6.51E-04 y  6.51E-04
 Wall clock    96.258197069168091     
 Average time per cell    2.1759755920222099E-008
 Step time per cell       2.1682604306584431E-008
 Step      76 time   0.0541014 control    sound    timestep   7.31E-04       1,       1 x  6.51E-04 y  6.51E-04
 Wall clock    97.538208007812500     
 Average time per cell    2.1758990373179228E-008
 Step time per cell       2.1699811946341974E-008
 Step      77 time   0.0548320 control    sound    timestep   7.31E-04       1,       1 x  6.51E-04 y  6.51E-04
 Wall clock    98.817515134811401     
 Average time per cell    2.1758089742027249E-008
 Step time per cell       2.1687657054927614E-008
 Step      78 time   0.0555626 control    sound    timestep   7.31E-04       1,       1 x  6.51E-04 y  6.51E-04
 Wall clock    100.09782791137695     
 Average time per cell    2.1757430793648516E-008
 Step time per cell       2.1704694922340827E-008
 Step      79 time   0.0562933 control    sound    timestep   7.31E-04       1,       1 x  6.51E-04 y  6.51E-04
 Wall clock    101.37854599952698     
 Average time per cell    2.1756875511529329E-008
 Step time per cell       2.1711594955478277E-008
 Step      80 time   0.0570241 control    sound    timestep   7.31E-04       1,       1 x  6.51E-04 y  6.51E-04
 Wall clock    102.70895290374756     
 Average time per cell    2.1766864544285149E-008
 Step time per cell       2.2554167015995415E-008
 Step      81 time   0.0577549 control    sound    timestep   7.31E-04       1,       1 x  6.51E-04 y  6.51E-04
 Wall clock    103.98751902580261     
 Average time per cell    2.1765756076096401E-008
 Step time per cell       2.1676007438347571E-008
 Step      82 time   0.0584859 control    sound    timestep   7.31E-04       1,       1 x  6.51E-04 y  6.51E-04
 Wall clock    105.26783609390259     
 Average time per cell    2.1765036666974030E-008
 Step time per cell       2.1704795977307692E-008
 Step      83 time   0.0592168 control    sound    timestep   7.31E-04       1,       1 x  6.51E-04 y  6.51E-04
 Wall clock    106.54683208465576     
 Average time per cell    2.1764064739723822E-008
 Step time per cell       2.1682503251617566E-008
 Step      84 time   0.0599477 control    sound    timestep   7.31E-04       1,       1 x  6.51E-04 y  6.51E-04
 Wall clock    107.82701396942139     
 Average time per cell    2.1763355309505844E-008
 Step time per cell       2.1702491924063198E-008
 Step      85 time   0.0606786 control    sound    timestep   7.31E-04       1,       1 x  6.51E-04 y  6.51E-04
 Wall clock    109.10797405242920     
 Average time per cell    2.1762817792192685E-008
 Step time per cell       2.1715681618338245E-008
 Step      86 time   0.0614096 control    sound    timestep   7.31E-04       1,       1 x  6.51E-04 y  6.51E-04
 Wall clock    110.38837790489197     
 Average time per cell    2.1762183118892534E-008
 Step time per cell       2.1706218831241132E-008
 Step      87 time   0.0621405 control    sound    timestep   7.31E-04       1,       1 x  6.51E-04 y  6.51E-04
 Wall clock    111.71746993064880     
 First step overhead  -2.1870136260986328E-003
real 112.19
user 2684.82
sys 5.82
