Wed Dec 23 21:40:48 2015: Starting Initialization


Mini-Application Name    : CoMD-mpi
Mini-Application Version : 1.1
Platform:
  hostname: test-c16595bc-1016-4b8b-bbe3-01bc27f9c84c.novalocal
  kernel name: 'Linux'
  kernel release: '3.10.0-229.4.2.el7.x86_64'
  processor: 'x86_64'
Build:
  CC: '/usr/lib64/mpich/bin/mpicc'
  compiler version: 'cc (GCC) 4.8.3 20140911 (Red Hat 4.8.3-9)'
  CFLAGS: '-std=c99 -DDOUBLE -DDO_MPI -g -O5   '
  LDFLAGS: ' -lm '
  using MPI: true
  Threading: none
  Double Precision: true
Run Date/Time: 2015-12-23, 21:40:48

Command Line Parameters:
  doeam: 0
  potDir: pots
  potName: Cu_u6.eam
  potType: funcfl
  nx: 576
  ny: 576
  nz: 288
  xproc: 8
  yproc: 8
  zproc: 12
  Lattice constant: -1 Angstroms
  nSteps: 100
  printRate: 10
  Time step: 1 fs
  Initial Temperature: 600 K
  Initial Delta: 0 Angstroms

Simulation data: 
  Total atoms        : 382205952
  Min global bounds  : [   0.0000000000,   0.0000000000,   0.0000000000 ]
  Max global bounds  : [ 2082.2400000000, 2082.2400000000, 1041.1200000000 ]

Decomposition data: 
  Processors         :      8,     8,    12
  Local boxes        :     44,    44,    14 =    27104
  Box size           : [   5.9154545455,   5.9154545455,   6.1971428571 ]
  Box factor         : [   1.0221087768,   1.0221087768,   1.0707806233 ] 
  Max Link Cell Occupancy: 32 of 64

Potential data: 
  Potential type   : Lennard-Jones
  Species name     : Cu
  Atomic number    : 29
  Mass             : 63.55 amu
  Lattice Type     : FCC
  Lattice spacing  : 3.615 Angstroms
  Cutoff           : 5.7875 Angstroms
  Epsilon          : 0.167 eV
  Sigma            : 2.315 Angstroms

Memory data: 
  Intrinsic atom footprint =   88 B/atom 
  Total atom footprint     = -692.000 MB ( 41.77 MB/node)
  Link cell atom footprint = 145.578 MB/node
  Link cell atom footprint = 181.844 MB/node (including halo cell data


Initial energy : -1.166063303630, atom count : 382205952 

Wed Dec 23 21:40:51 2015: Initialization Finished

Wed Dec 23 21:40:51 2015: Starting simulation

#                                                                                         Performance
#  Loop   Time(fs)       Total Energy   Potential Energy     Kinetic Energy  Temperature   (us/atom)     # Atoms
      0       0.00    -1.166063303630    -1.243619295230     0.077555991600     600.0000     0.0000    382205952
     10      10.00    -1.166059648057    -1.233153833965     0.067094185908     519.0638     3.3345    382205952
     20      20.00    -1.166048424452    -1.208173088374     0.042124663922     325.8910     3.1829    382205952
     30      30.00    -1.166037576531    -1.186582597028     0.020545020496     158.9434     3.2909    382205952
     40      40.00    -1.166042094589    -1.183640748616     0.017598654027     136.1493     3.2628    382205952
     50      50.00    -1.166051690711    -1.193738808319     0.027687117608     214.1971     3.3800    382205952
     60      60.00    -1.166054646042    -1.202678133927     0.036623487885     283.3320     3.3387    382205952
     70      70.00    -1.166052132368    -1.204910124428     0.038857992060     300.6189     3.4764    382205952
     80      80.00    -1.166048789533    -1.203623187750     0.037574398217     290.6886     3.3370    382205952
     90      90.00    -1.166047997524    -1.203812115126     0.037764117602     292.1563     3.2436    382205952
    100     100.00    -1.166049788647    -1.206865872056     0.040816083408     315.7674     3.3490    382205952
Wed Dec 23 21:43:36 2015: Ending simulation



Simulation Validation:
  Initial energy  : -1.166063303630
  Final energy    : -1.166049788647
  eFinal/eInitial : 0.999988
  Final atom count : 382205952, no atoms lost


Timings for Rank 0
        Timer        # Calls    Avg/Call (s)   Total (s)    % Loop
___________________________________________________________________
total                      1     167.9828      167.9828      101.68
loop                       1     165.2065      165.2065      100.00
timestep                  10      16.5203      165.2034      100.00
  position               100       0.0099        0.9863        0.60
  velocity               200       0.0083        1.6601        1.00
  redistribute           101       0.3330       33.6293       20.36
    atomHalo             101       0.2972       30.0221       18.17
  force                  101       1.2629      127.5518       77.21
commHalo                 303       0.0935       28.3421       17.16
commReduce                39       0.0921        3.5922        2.17

Timing Statistics Across 768 Ranks:
        Timer        Rank: Min(s)       Rank: Max(s)      Avg(s)    Stdev(s)
_____________________________________________________________________________
total              584:  167.9209     512:  167.9829    167.9631      0.0166
loop                17:  165.2062     231:  165.2070    165.2065      0.0001
timestep            11:  165.2032     506:  165.2045    165.2038      0.0002
  position         473:    0.8584     612:    1.1841      0.9963      0.0501
  velocity         473:    1.3586     516:    2.0362      1.6648      0.0975
  redistribute     473:   29.4226     752:   34.1162     32.6548      0.6855
    atomHalo       418:   25.6880     760:   30.6499     29.0745      0.7354
  force            119:  127.1406     761:  131.5374    127.6698      0.5611
commHalo           418:   23.5897     760:   29.0772     27.4466      0.7896
commReduce          80:    2.4847     317:    5.4766      4.4236      0.4612

---------------------------------------------------
 Average atom update rate:       3.32 us/atom/task
---------------------------------------------------


---------------------------------------------------
 Average all atom update rate:   0.00 us/atom
---------------------------------------------------


---------------------------------------------------
 Average atom rate:            231.35 atoms/us
---------------------------------------------------

Wed Dec 23 21:43:36 2015: CoMD Ending

real 168.30
user 3915.64
sys 115.18
