Wed Dec 23 20:52:12 2015: Starting Initialization


Mini-Application Name    : CoMD-mpi
Mini-Application Version : 1.1
Platform:
  hostname: test-c16595bc-1016-4b8b-bbe3-01bc27f9c84c.novalocal
  kernel name: 'Linux'
  kernel release: '3.10.0-229.4.2.el7.x86_64'
  processor: 'x86_64'
Build:
  CC: '/usr/lib64/mpich/bin/mpicc'
  compiler version: 'cc (GCC) 4.8.3 20140911 (Red Hat 4.8.3-9)'
  CFLAGS: '-std=c99 -DDOUBLE -DDO_MPI -g -O5   '
  LDFLAGS: ' -lm '
  using MPI: true
  Threading: none
  Double Precision: true
Run Date/Time: 2015-12-23, 20:52:12

Command Line Parameters:
  doeam: 0
  potDir: pots
  potName: Cu_u6.eam
  potType: funcfl
  nx: 576
  ny: 288
  nz: 288
  xproc: 8
  yproc: 8
  zproc: 6
  Lattice constant: -1 Angstroms
  nSteps: 100
  printRate: 10
  Time step: 1 fs
  Initial Temperature: 600 K
  Initial Delta: 0 Angstroms

Simulation data: 
  Total atoms        : 191102976
  Min global bounds  : [   0.0000000000,   0.0000000000,   0.0000000000 ]
  Max global bounds  : [ 2082.2400000000, 1041.1200000000, 1041.1200000000 ]

Decomposition data: 
  Processors         :      8,     8,     6
  Local boxes        :     44,    22,    29 =    28072
  Box size           : [   5.9154545455,   5.9154545455,   5.9834482759 ]
  Box factor         : [   1.0221087768,   1.0221087768,   1.0338571535 ] 
  Max Link Cell Occupancy: 32 of 64

Potential data: 
  Potential type   : Lennard-Jones
  Species name     : Cu
  Atomic number    : 29
  Mass             : 63.55 amu
  Lattice Type     : FCC
  Lattice spacing  : 3.615 Angstroms
  Cutoff           : 5.7875 Angstroms
  Epsilon          : 0.167 eV
  Sigma            : 2.315 Angstroms

Memory data: 
  Intrinsic atom footprint =   88 B/atom 
  Total atom footprint     = -346.000 MB ( 41.77 MB/node)
  Link cell atom footprint = 150.777 MB/node
  Link cell atom footprint = 183.820 MB/node (including halo cell data


Initial energy : -1.166063303635, atom count : 191102976 

Wed Dec 23 20:52:15 2015: Initialization Finished

Wed Dec 23 20:52:15 2015: Starting simulation

#                                                                                         Performance
#  Loop   Time(fs)       Total Energy   Potential Energy     Kinetic Energy  Temperature   (us/atom)     # Atoms
      0       0.00    -1.166063303635    -1.243619295235     0.077555991600     600.0000     0.0000    191102976
     10      10.00    -1.166059650602    -1.233154651512     0.067095000910     519.0702     3.3425    191102976
     20      20.00    -1.166048429207    -1.208173529549     0.042125100342     325.8944     3.8832    191102976
     30      30.00    -1.166037579478    -1.186579219108     0.020541639630     158.9172     3.5836    191102976
     40      40.00    -1.166042096597    -1.183632459803     0.017590363206     136.0851     3.5296    191102976
     50      50.00    -1.166051690423    -1.193726530690     0.027674840267     214.1021     3.4867    191102976
     60      60.00    -1.166054644204    -1.202665951990     0.036611307786     283.2378     3.4106    191102976
     70      70.00    -1.166052132921    -1.204903766985     0.038851634064     300.5697     3.3929    191102976
     80      80.00    -1.166048794316    -1.203624406040     0.037575611724     290.6979     3.5628    191102976
     90      90.00    -1.166048004903    -1.203815558312     0.037767553409     292.1829     3.4164    191102976
    100     100.00    -1.166049792314    -1.206862591607     0.040812799293     315.7419     3.5265    191102976
Wed Dec 23 20:55:10 2015: Ending simulation



Simulation Validation:
  Initial energy  : -1.166063303635
  Final energy    : -1.166049792314
  eFinal/eInitial : 0.999988
  Final atom count : 191102976, no atoms lost


Timings for Rank 0
        Timer        # Calls    Avg/Call (s)   Total (s)    % Loop
___________________________________________________________________
total                      1     177.4946      177.4946      101.50
loop                       1     174.8781      174.8781      100.00
timestep                  10      17.4853      174.8534       99.99
  position               100       0.0101        1.0058        0.58
  velocity               200       0.0092        1.8390        1.05
  redistribute           101       0.4164       42.0534       24.05
    atomHalo             101       0.3795       38.3317       21.92
  force                  101       1.2488      126.1272       72.12
commHalo                 303       0.1212       36.7162       21.00
commReduce                39       0.1519        5.9238        3.39

Timing Statistics Across 384 Ranks:
        Timer        Rank: Min(s)       Rank: Max(s)      Avg(s)    Stdev(s)
_____________________________________________________________________________
total              239:  177.4641     243:  177.5063    177.4927      0.0123
loop                 2:  174.8779     119:  174.8785    174.8781      0.0001
timestep           155:  174.8423     182:  174.8630    174.8537      0.0015
  position         111:    0.9600     251:    1.3164      1.1213      0.0672
  velocity         280:    1.5119     259:    2.2637      1.9208      0.1367
  redistribute     199:   32.7078      64:   43.5841     41.5537      0.9050
    atomHalo       199:   28.7922      64:   39.9188     37.8446      0.9651
  force            137:  125.3344     199:  136.6984    125.9805      0.8194
commHalo           199:   27.3410      64:   38.4649     36.3482      1.0114
commReduce          70:    4.6119     219:    7.4576      6.3597      0.5815

---------------------------------------------------
 Average atom update rate:       3.51 us/atom/task
---------------------------------------------------


---------------------------------------------------
 Average all atom update rate:   0.01 us/atom
---------------------------------------------------


---------------------------------------------------
 Average atom rate:            109.29 atoms/us
---------------------------------------------------

Wed Dec 23 20:55:10 2015: CoMD Ending

real 177.76
user 4094.44
sys 152.89
