Wed Dec 23 20:21:29 2015: Starting Initialization


Mini-Application Name    : CoMD-mpi
Mini-Application Version : 1.1
Platform:
  hostname: test-c16595bc-1016-4b8b-bbe3-01bc27f9c84c.novalocal
  kernel name: 'Linux'
  kernel release: '3.10.0-229.4.2.el7.x86_64'
  processor: 'x86_64'
Build:
  CC: '/usr/lib64/mpich/bin/mpicc'
  compiler version: 'cc (GCC) 4.8.3 20140911 (Red Hat 4.8.3-9)'
  CFLAGS: '-std=c99 -DDOUBLE -DDO_MPI -g -O5   '
  LDFLAGS: ' -lm '
  using MPI: true
  Threading: none
  Double Precision: true
Run Date/Time: 2015-12-23, 20:21:29

Command Line Parameters:
  doeam: 0
  potDir: pots
  potName: Cu_u6.eam
  potType: funcfl
  nx: 288
  ny: 288
  nz: 144
  xproc: 4
  yproc: 8
  zproc: 3
  Lattice constant: -1 Angstroms
  nSteps: 100
  printRate: 10
  Time step: 1 fs
  Initial Temperature: 600 K
  Initial Delta: 0 Angstroms

Simulation data: 
  Total atoms        : 47775744
  Min global bounds  : [   0.0000000000,   0.0000000000,   0.0000000000 ]
  Max global bounds  : [ 1041.1200000000, 1041.1200000000, 520.5600000000 ]

Decomposition data: 
  Processors         :      4,     8,     3
  Local boxes        :     44,    22,    29 =    28072
  Box size           : [   5.9154545455,   5.9154545455,   5.9834482759 ]
  Box factor         : [   1.0221087768,   1.0221087768,   1.0338571535 ] 
  Max Link Cell Occupancy: 32 of 64

Potential data: 
  Potential type   : Lennard-Jones
  Species name     : Cu
  Atomic number    : 29
  Mass             : 63.55 amu
  Lattice Type     : FCC
  Lattice spacing  : 3.615 Angstroms
  Cutoff           : 5.7875 Angstroms
  Epsilon          : 0.167 eV
  Sigma            : 2.315 Angstroms

Memory data: 
  Intrinsic atom footprint =   88 B/atom 
  Total atom footprint     = -86.500 MB ( 41.77 MB/node)
  Link cell atom footprint = 150.777 MB/node
  Link cell atom footprint = 183.820 MB/node (including halo cell data


Initial energy : -1.166063303635, atom count : 47775744 

Wed Dec 23 20:21:31 2015: Initialization Finished

Wed Dec 23 20:21:31 2015: Starting simulation

#                                                                                         Performance
#  Loop   Time(fs)       Total Energy   Potential Energy     Kinetic Energy  Temperature   (us/atom)     # Atoms
      0       0.00    -1.166063303635    -1.243619295235     0.077555991600     600.0000     0.0000     47775744
     10      10.00    -1.166059648385    -1.233154418541     0.067094770156     519.0684     2.9726     47775744
     20      20.00    -1.166048429555    -1.208172856271     0.042124426716     325.8891     2.8698     47775744
     30      30.00    -1.166037579552    -1.186574421118     0.020536841566     158.8801     2.9360     47775744
     40      40.00    -1.166042088391    -1.183621357039     0.017579268648     135.9993     3.0161     47775744
     50      50.00    -1.166051681932    -1.193717450331     0.027665768399     214.0320     2.9702     47775744
     60      60.00    -1.166054640360    -1.202668818304     0.036614177944     283.2600     2.9383     47775744
     70      70.00    -1.166052133769    -1.204922091127     0.038869957358     300.7114     2.9790     47775744
     80      80.00    -1.166048799604    -1.203654382409     0.037605582805     290.9298     3.0632     47775744
     90      90.00    -1.166048012593    -1.203846535070     0.037798522478     292.4225     3.0537     47775744
    100     100.00    -1.166049797799    -1.206881718934     0.040831921134     315.8899     2.9351     47775744
Wed Dec 23 20:23:59 2015: Ending simulation



Simulation Validation:
  Initial energy  : -1.166063303635
  Final energy    : -1.166049797799
  eFinal/eInitial : 0.999988
  Final atom count : 47775744, no atoms lost


Timings for Rank 0
        Timer        # Calls    Avg/Call (s)   Total (s)    % Loop
___________________________________________________________________
total                      1     149.8945      149.8945      101.30
loop                       1     147.9777      147.9777      100.00
timestep                  10      14.7975      147.9753      100.00
  position               100       0.0146        1.4596        0.99
  velocity               200       0.0137        2.7444        1.85
  redistribute           101       0.1721       17.3824       11.75
    atomHalo             101       0.1320       13.3369        9.01
  force                  101       1.2509      126.3448       85.38
commHalo                 303       0.0388       11.7606        7.95
commReduce                39       0.0367        1.4299        0.97

Timing Statistics Across 96 Ranks:
        Timer        Rank: Min(s)       Rank: Max(s)      Avg(s)    Stdev(s)
_____________________________________________________________________________
total               18:  149.8644       0:  149.8945    149.8898      0.0081
loop                 1:  147.9777      28:  147.9777    147.9777      0.0000
timestep             0:  147.9753      45:  147.9763    147.9760      0.0002
  position          62:    1.2115       2:    1.6053      1.4654      0.0629
  velocity          18:    2.2913      60:    2.8583      2.6126      0.1306
  redistribute      90:   14.5792       2:   17.9656     17.2683      0.4685
    atomHalo        90:   10.5658       1:   13.7828     13.2550      0.4716
  force              2:  125.9470      38:  130.2151    126.5161      0.6296
commHalo            90:    9.1517       1:   12.3274     11.7612      0.4803
commReduce          38:    0.1851      78:    1.6997      1.4861      0.1864

---------------------------------------------------
 Average atom update rate:       2.97 us/atom/task
---------------------------------------------------


---------------------------------------------------
 Average all atom update rate:   0.03 us/atom
---------------------------------------------------


---------------------------------------------------
 Average atom rate:             32.29 atoms/us
---------------------------------------------------

Wed Dec 23 20:23:59 2015: CoMD Ending

real 150.09
user 3544.34
sys 52.69
