Wed Dec 23 19:23:24 2015: Starting Initialization


Mini-Application Name    : CoMD-mpi
Mini-Application Version : 1.1
Platform:
  hostname: test-c16595bc-1016-4b8b-bbe3-01bc27f9c84c.novalocal
  kernel name: 'Linux'
  kernel release: '3.10.0-229.4.2.el7.x86_64'
  processor: 'x86_64'
Build:
  CC: '/usr/lib64/mpich/bin/mpicc'
  compiler version: 'cc (GCC) 4.8.3 20140911 (Red Hat 4.8.3-9)'
  CFLAGS: '-std=c99 -DDOUBLE -DDO_MPI -g -O5   '
  LDFLAGS: ' -lm '
  using MPI: true
  Threading: none
  Double Precision: true
Run Date/Time: 2015-12-23, 19:23:24

Command Line Parameters:
  doeam: 0
  potDir: pots
  potName: Cu_u6.eam
  potType: funcfl
  nx: 144
  ny: 144
  nz: 144
  xproc: 2
  yproc: 4
  zproc: 3
  Lattice constant: -1 Angstroms
  nSteps: 100
  printRate: 10
  Time step: 1 fs
  Initial Temperature: 600 K
  Initial Delta: 0 Angstroms

Simulation data: 
  Total atoms        : 11943936
  Min global bounds  : [   0.0000000000,   0.0000000000,   0.0000000000 ]
  Max global bounds  : [ 520.5600000000, 520.5600000000, 520.5600000000 ]

Decomposition data: 
  Processors         :      2,     4,     3
  Local boxes        :     44,    22,    29 =    28072
  Box size           : [   5.9154545455,   5.9154545455,   5.9834482759 ]
  Box factor         : [   1.0221087768,   1.0221087768,   1.0338571535 ] 
  Max Link Cell Occupancy: 32 of 64

Potential data: 
  Potential type   : Lennard-Jones
  Species name     : Cu
  Atomic number    : 29
  Mass             : 63.55 amu
  Lattice Type     : FCC
  Lattice spacing  : 3.615 Angstroms
  Cutoff           : 5.7875 Angstroms
  Epsilon          : 0.167 eV
  Sigma            : 2.315 Angstroms

Memory data: 
  Intrinsic atom footprint =   88 B/atom 
  Total atom footprint     = 1002.375 MB ( 41.77 MB/node)
  Link cell atom footprint = 150.777 MB/node
  Link cell atom footprint = 183.820 MB/node (including halo cell data


Initial energy : -1.166063303635, atom count : 11943936 

Wed Dec 23 19:23:26 2015: Initialization Finished

Wed Dec 23 19:23:26 2015: Starting simulation

#                                                                                         Performance
#  Loop   Time(fs)       Total Energy   Potential Energy     Kinetic Energy  Temperature   (us/atom)     # Atoms
      0       0.00    -1.166063303635    -1.243619295235     0.077555991600     600.0000     0.0000     11943936
     10      10.00    -1.166059649406    -1.233156263032     0.067096613625     519.0826     2.7230     11943936
     20      20.00    -1.166048433442    -1.208179712497     0.042131279055     325.9422     2.7518     11943936
     30      30.00    -1.166037586894    -1.186585625849     0.020548038955     158.9667     2.7522     11943936
     40      40.00    -1.166042094066    -1.183631409992     0.017589315927     136.0770     2.7430     11943936
     50      50.00    -1.166051685471    -1.193722569562     0.027670884091     214.0715     2.7424     11943936
     60      60.00    -1.166054642785    -1.202668589764     0.036613946979     283.2582     2.7402     11943936
     70      70.00    -1.166052136306    -1.204917000628     0.038864864322     300.6720     2.7471     11943936
     80      80.00    -1.166048799577    -1.203645039062     0.037596239485     290.8575     2.7407     11943936
     90      90.00    -1.166048009737    -1.203836257034     0.037788247298     292.3430     2.7418     11943936
    100     100.00    -1.166049794039    -1.206876626326     0.040826832287     315.8505     2.7430     11943936
Wed Dec 23 19:25:43 2015: Ending simulation



Simulation Validation:
  Initial energy  : -1.166063303635
  Final energy    : -1.166049794039
  eFinal/eInitial : 0.999988
  Final atom count : 11943936, no atoms lost


Timings for Rank 0
        Timer        # Calls    Avg/Call (s)   Total (s)    % Loop
___________________________________________________________________
total                      1     138.2476      138.2476      101.29
loop                       1     136.4869      136.4869      100.00
timestep                  10      13.6486      136.4860      100.00
  position               100       0.0154        1.5402        1.13
  velocity               200       0.0157        3.1412        2.30
  redistribute           101       0.0643        6.4937        4.76
    atomHalo             101       0.0235        2.3694        1.74
  force                  101       1.2526      126.5145       92.69
commHalo                 303       0.0024        0.7285        0.53
commReduce                39       0.0012        0.0459        0.03

Timing Statistics Across 24 Ranks:
        Timer        Rank: Min(s)       Rank: Max(s)      Avg(s)    Stdev(s)
_____________________________________________________________________________
total               11:  138.2476       0:  138.2476    138.2476      0.0000
loop                 0:  136.4869      15:  136.4869    136.4869      0.0000
timestep             0:  136.4860      15:  136.4865    136.4865      0.0001
  position           0:    1.5402      13:    1.7271      1.6566      0.0472
  velocity          14:    2.8242       0:    3.1412      2.9917      0.0823
  redistribute       0:    6.4937      14:    6.9181      6.6488      0.1032
    atomHalo         0:    2.3694      14:    2.6732      2.4846      0.0751
  force             14:  126.1581      11:  126.5287    126.3565      0.0850
commHalo             0:    0.7285      14:    1.1778      0.9310      0.0944
commReduce          11:    0.0325       3:    0.0955      0.0670      0.0163

---------------------------------------------------
 Average atom update rate:       2.74 us/atom/task
---------------------------------------------------


---------------------------------------------------
 Average all atom update rate:   0.11 us/atom
---------------------------------------------------


---------------------------------------------------
 Average atom rate:              8.75 atoms/us
---------------------------------------------------

Wed Dec 23 19:25:43 2015: CoMD Ending

real 138.27
user 3299.08
sys 17.69
