Wed Dec 23 21:24:07 2015: Starting Initialization


Mini-Application Name    : CoMD-mpi
Mini-Application Version : 1.1
Platform:
  hostname: test-c16595bc-1016-4b8b-bbe3-01bc27f9c84c.novalocal
  kernel name: 'Linux'
  kernel release: '3.10.0-229.4.2.el7.x86_64'
  processor: 'x86_64'
Build:
  CC: '/usr/lib64/mpich/bin/mpicc'
  compiler version: 'cc (GCC) 4.8.3 20140911 (Red Hat 4.8.3-9)'
  CFLAGS: '-std=c99 -DDOUBLE -DDO_MPI -g -O5   '
  LDFLAGS: ' -lm '
  using MPI: true
  Threading: none
  Double Precision: true
Run Date/Time: 2015-12-23, 21:24:07

Command Line Parameters:
  doeam: 0
  potDir: pots
  potName: Cu_u6.eam
  potType: funcfl
  nx: 576
  ny: 576
  nz: 288
  xproc: 8
  yproc: 8
  zproc: 12
  Lattice constant: -1 Angstroms
  nSteps: 100
  printRate: 10
  Time step: 1 fs
  Initial Temperature: 600 K
  Initial Delta: 0 Angstroms

Simulation data: 
  Total atoms        : 382205952
  Min global bounds  : [   0.0000000000,   0.0000000000,   0.0000000000 ]
  Max global bounds  : [ 2082.2400000000, 2082.2400000000, 1041.1200000000 ]

Decomposition data: 
  Processors         :      8,     8,    12
  Local boxes        :     44,    44,    14 =    27104
  Box size           : [   5.9154545455,   5.9154545455,   6.1971428571 ]
  Box factor         : [   1.0221087768,   1.0221087768,   1.0707806233 ] 
  Max Link Cell Occupancy: 32 of 64

Potential data: 
  Potential type   : Lennard-Jones
  Species name     : Cu
  Atomic number    : 29
  Mass             : 63.55 amu
  Lattice Type     : FCC
  Lattice spacing  : 3.615 Angstroms
  Cutoff           : 5.7875 Angstroms
  Epsilon          : 0.167 eV
  Sigma            : 2.315 Angstroms

Memory data: 
  Intrinsic atom footprint =   88 B/atom 
  Total atom footprint     = -692.000 MB ( 41.77 MB/node)
  Link cell atom footprint = 145.578 MB/node
  Link cell atom footprint = 181.844 MB/node (including halo cell data


Initial energy : -1.166063303630, atom count : 382205952 

Wed Dec 23 21:24:09 2015: Initialization Finished

Wed Dec 23 21:24:09 2015: Starting simulation

#                                                                                         Performance
#  Loop   Time(fs)       Total Energy   Potential Energy     Kinetic Energy  Temperature   (us/atom)     # Atoms
      0       0.00    -1.166063303630    -1.243619295230     0.077555991600     600.0000     0.0000    382205952
     10      10.00    -1.166059648057    -1.233153833965     0.067094185908     519.0638     3.1918    382205952
     20      20.00    -1.166048424452    -1.208173088374     0.042124663922     325.8910     3.2846    382205952
     30      30.00    -1.166037576531    -1.186582597028     0.020545020496     158.9434     3.3835    382205952
     40      40.00    -1.166042094589    -1.183640748616     0.017598654027     136.1493     3.3216    382205952
     50      50.00    -1.166051690711    -1.193738808319     0.027687117608     214.1971     3.2350    382205952
     60      60.00    -1.166054646042    -1.202678133927     0.036623487885     283.3320     3.4452    382205952
     70      70.00    -1.166052132368    -1.204910124428     0.038857992060     300.6189     3.2358    382205952
     80      80.00    -1.166048789533    -1.203623187750     0.037574398217     290.6886     3.2031    382205952
     90      90.00    -1.166047997524    -1.203812115126     0.037764117602     292.1563     3.4147    382205952
    100     100.00    -1.166049788647    -1.206865872056     0.040816083408     315.7674     3.2843    382205952
Wed Dec 23 21:26:53 2015: Ending simulation



Simulation Validation:
  Initial energy  : -1.166063303630
  Final energy    : -1.166049788647
  eFinal/eInitial : 0.999988
  Final atom count : 382205952, no atoms lost


Timings for Rank 0
        Timer        # Calls    Avg/Call (s)   Total (s)    % Loop
___________________________________________________________________
total                      1     166.8621      166.8621      101.59
loop                       1     164.2532      164.2532      100.00
timestep                  10      16.4227      164.2268       99.98
  position               100       0.0099        0.9858        0.60
  velocity               200       0.0087        1.7302        1.05
  redistribute           101       0.3118       31.4926       19.17
    atomHalo             101       0.2749       27.7660       16.90
  force                  101       1.2664      127.9114       77.87
commHalo                 303       0.0856       25.9424       15.79
commReduce                39       0.1075        4.1906        2.55

Timing Statistics Across 768 Ranks:
        Timer        Rank: Min(s)       Rank: Max(s)      Avg(s)    Stdev(s)
_____________________________________________________________________________
total              398:  166.7861     513:  166.8626    166.8503      0.0177
loop               625:  164.2528     183:  164.2532    164.2530      0.0001
timestep           110:  164.2159     253:  164.2425    164.2271      0.0011
  position         166:    0.8824     675:    1.2022      1.0207      0.0534
  velocity         161:    1.4585     675:    2.1330      1.7150      0.1063
  redistribute     647:   27.6887     164:   32.5862     31.3324      0.5900
    atomHalo       647:   23.9034     164:   29.1017     27.6953      0.6586
  force            400:  127.2006     647:  131.4966    127.7070      0.5276
commHalo           647:   22.2460     164:   27.5606     26.0549      0.7381
commReduce         223:    3.2493     637:    5.2776      4.5406      0.3100

---------------------------------------------------
 Average atom update rate:       3.30 us/atom/task
---------------------------------------------------


---------------------------------------------------
 Average all atom update rate:   0.00 us/atom
---------------------------------------------------


---------------------------------------------------
 Average atom rate:            232.73 atoms/us
---------------------------------------------------

Wed Dec 23 21:26:53 2015: CoMD Ending

real 167.16
user 3891.10
sys 112.36
