Wed Dec 23 20:38:11 2015: Starting Initialization


Mini-Application Name    : CoMD-mpi
Mini-Application Version : 1.1
Platform:
  hostname: test-c16595bc-1016-4b8b-bbe3-01bc27f9c84c.novalocal
  kernel name: 'Linux'
  kernel release: '3.10.0-229.4.2.el7.x86_64'
  processor: 'x86_64'
Build:
  CC: '/usr/lib64/mpich/bin/mpicc'
  compiler version: 'cc (GCC) 4.8.3 20140911 (Red Hat 4.8.3-9)'
  CFLAGS: '-std=c99 -DDOUBLE -DDO_MPI -g -O5   '
  LDFLAGS: ' -lm '
  using MPI: true
  Threading: none
  Double Precision: true
Run Date/Time: 2015-12-23, 20:38:11

Command Line Parameters:
  doeam: 0
  potDir: pots
  potName: Cu_u6.eam
  potType: funcfl
  nx: 288
  ny: 288
  nz: 288
  xproc: 4
  yproc: 8
  zproc: 6
  Lattice constant: -1 Angstroms
  nSteps: 100
  printRate: 10
  Time step: 1 fs
  Initial Temperature: 600 K
  Initial Delta: 0 Angstroms

Simulation data: 
  Total atoms        : 95551488
  Min global bounds  : [   0.0000000000,   0.0000000000,   0.0000000000 ]
  Max global bounds  : [ 1041.1200000000, 1041.1200000000, 1041.1200000000 ]

Decomposition data: 
  Processors         :      4,     8,     6
  Local boxes        :     44,    22,    29 =    28072
  Box size           : [   5.9154545455,   5.9154545455,   5.9834482759 ]
  Box factor         : [   1.0221087768,   1.0221087768,   1.0338571535 ] 
  Max Link Cell Occupancy: 32 of 64

Potential data: 
  Potential type   : Lennard-Jones
  Species name     : Cu
  Atomic number    : 29
  Mass             : 63.55 amu
  Lattice Type     : FCC
  Lattice spacing  : 3.615 Angstroms
  Cutoff           : 5.7875 Angstroms
  Epsilon          : 0.167 eV
  Sigma            : 2.315 Angstroms

Memory data: 
  Intrinsic atom footprint =   88 B/atom 
  Total atom footprint     = -173.000 MB ( 41.77 MB/node)
  Link cell atom footprint = 150.777 MB/node
  Link cell atom footprint = 183.820 MB/node (including halo cell data


Initial energy : -1.166063303635, atom count : 95551488 

Wed Dec 23 20:38:14 2015: Initialization Finished

Wed Dec 23 20:38:14 2015: Starting simulation

#                                                                                         Performance
#  Loop   Time(fs)       Total Energy   Potential Energy     Kinetic Energy  Temperature   (us/atom)     # Atoms
      0       0.00    -1.166063303635    -1.243619295235     0.077555991600     600.0000     0.0000     95551488
     10      10.00    -1.166059650944    -1.233155048472     0.067095397528     519.0732     3.3158     95551488
     20      20.00    -1.166048430775    -1.208174729585     0.042126298809     325.9036     3.4038     95551488
     30      30.00    -1.166037581189    -1.186579920198     0.020542339009     158.9226     3.2878     95551488
     40      40.00    -1.166042096032    -1.183631183934     0.017589087902     136.0753     3.3981     95551488
     50      50.00    -1.166051689718    -1.193724708926     0.027673019208     214.0881     3.4904     95551488
     60      60.00    -1.166054644990    -1.202665414756     0.036610769766     283.2336     3.4308     95551488
     70      70.00    -1.166052134677    -1.204904461803     0.038852327126     300.5751     3.2655     95551488
     80      80.00    -1.166048795413    -1.203624981534     0.037576186121     290.7024     3.2446     95551488
     90      90.00    -1.166048005239    -1.203815131967     0.037767126727     292.1796     3.3826     95551488
    100     100.00    -1.166049792301    -1.206861213530     0.040811421230     315.7313     3.3800     95551488
Wed Dec 23 20:41:01 2015: Ending simulation



Simulation Validation:
  Initial energy  : -1.166063303635
  Final energy    : -1.166049792301
  eFinal/eInitial : 0.999988
  Final atom count : 95551488, no atoms lost


Timings for Rank 0
        Timer        # Calls    Avg/Call (s)   Total (s)    % Loop
___________________________________________________________________
total                      1     169.8528      169.8528      101.58
loop                       1     167.2138      167.2138      100.00
timestep                  10      16.7212      167.2121      100.00
  position               100       0.0113        1.1350        0.68
  velocity               200       0.0089        1.7701        1.06
  redistribute           101       0.3667       37.0367       22.15
    atomHalo             101       0.3308       33.4157       19.98
  force                  101       1.2408      125.3252       74.95
commHalo                 303       0.1056       31.9852       19.13
commReduce                39       0.1027        4.0043        2.39

Timing Statistics Across 192 Ranks:
        Timer        Rank: Min(s)       Rank: Max(s)      Avg(s)    Stdev(s)
_____________________________________________________________________________
total              135:  169.8363      13:  169.9043    169.8851      0.0238
loop                 2:  167.2136     159:  167.2141    167.2138      0.0001
timestep             6:  167.2118     184:  167.2125    167.2122      0.0002
  position         122:    0.9537     188:    1.2668      1.1102      0.0655
  velocity          82:    1.5545     132:    2.2246      1.8983      0.1250
  redistribute     103:   31.6095      59:   37.9105     36.7830      0.8692
    atomHalo       103:   27.7131      59:   34.3565     33.1288      0.9179
  force             59:  125.2052     103:  132.3170    125.9164      0.9558
commHalo           103:   26.1365      56:   32.9522     31.6374      0.9643
commReduce         127:    2.2133       6:    4.0821      3.5934      0.2949

---------------------------------------------------
 Average atom update rate:       3.36 us/atom/task
---------------------------------------------------


---------------------------------------------------
 Average all atom update rate:   0.02 us/atom
---------------------------------------------------


---------------------------------------------------
 Average atom rate:             57.14 atoms/us
---------------------------------------------------

Wed Dec 23 20:41:01 2015: CoMD Ending

real 170.13
user 3928.85
sys 135.08
