Wed Dec 23 20:49:26 2015: Starting Initialization


Mini-Application Name    : CoMD-mpi
Mini-Application Version : 1.1
Platform:
  hostname: test-c16595bc-1016-4b8b-bbe3-01bc27f9c84c.novalocal
  kernel name: 'Linux'
  kernel release: '3.10.0-229.4.2.el7.x86_64'
  processor: 'x86_64'
Build:
  CC: '/usr/lib64/mpich/bin/mpicc'
  compiler version: 'cc (GCC) 4.8.3 20140911 (Red Hat 4.8.3-9)'
  CFLAGS: '-std=c99 -DDOUBLE -DDO_MPI -g -O5   '
  LDFLAGS: ' -lm '
  using MPI: true
  Threading: none
  Double Precision: true
Run Date/Time: 2015-12-23, 20:49:26

Command Line Parameters:
  doeam: 0
  potDir: pots
  potName: Cu_u6.eam
  potType: funcfl
  nx: 288
  ny: 288
  nz: 288
  xproc: 4
  yproc: 8
  zproc: 6
  Lattice constant: -1 Angstroms
  nSteps: 100
  printRate: 10
  Time step: 1 fs
  Initial Temperature: 600 K
  Initial Delta: 0 Angstroms

Simulation data: 
  Total atoms        : 95551488
  Min global bounds  : [   0.0000000000,   0.0000000000,   0.0000000000 ]
  Max global bounds  : [ 1041.1200000000, 1041.1200000000, 1041.1200000000 ]

Decomposition data: 
  Processors         :      4,     8,     6
  Local boxes        :     44,    22,    29 =    28072
  Box size           : [   5.9154545455,   5.9154545455,   5.9834482759 ]
  Box factor         : [   1.0221087768,   1.0221087768,   1.0338571535 ] 
  Max Link Cell Occupancy: 32 of 64

Potential data: 
  Potential type   : Lennard-Jones
  Species name     : Cu
  Atomic number    : 29
  Mass             : 63.55 amu
  Lattice Type     : FCC
  Lattice spacing  : 3.615 Angstroms
  Cutoff           : 5.7875 Angstroms
  Epsilon          : 0.167 eV
  Sigma            : 2.315 Angstroms

Memory data: 
  Intrinsic atom footprint =   88 B/atom 
  Total atom footprint     = -173.000 MB ( 41.77 MB/node)
  Link cell atom footprint = 150.777 MB/node
  Link cell atom footprint = 183.820 MB/node (including halo cell data


Initial energy : -1.166063303635, atom count : 95551488 

Wed Dec 23 20:49:28 2015: Initialization Finished

Wed Dec 23 20:49:28 2015: Starting simulation

#                                                                                         Performance
#  Loop   Time(fs)       Total Energy   Potential Energy     Kinetic Energy  Temperature   (us/atom)     # Atoms
      0       0.00    -1.166063303635    -1.243619295235     0.077555991600     600.0000     0.0000     95551488
     10      10.00    -1.166059650944    -1.233155048472     0.067095397528     519.0732     3.3189     95551488
     20      20.00    -1.166048430775    -1.208174729585     0.042126298809     325.9036     3.4547     95551488
     30      30.00    -1.166037581189    -1.186579920198     0.020542339009     158.9226     3.2648     95551488
     40      40.00    -1.166042096032    -1.183631183934     0.017589087902     136.0753     3.2512     95551488
     50      50.00    -1.166051689718    -1.193724708926     0.027673019208     214.0881     3.2458     95551488
     60      60.00    -1.166054644990    -1.202665414756     0.036610769766     283.2336     3.1613     95551488
     70      70.00    -1.166052134677    -1.204904461803     0.038852327126     300.5751     3.3365     95551488
     80      80.00    -1.166048795413    -1.203624981534     0.037576186121     290.7024     3.2267     95551488
     90      90.00    -1.166048005239    -1.203815131967     0.037767126727     292.1796     3.4398     95551488
    100     100.00    -1.166049792301    -1.206861213530     0.040811421230     315.7313     3.1939     95551488
Wed Dec 23 20:52:12 2015: Ending simulation



Simulation Validation:
  Initial energy  : -1.166063303635
  Final energy    : -1.166049792301
  eFinal/eInitial : 0.999988
  Final atom count : 95551488, no atoms lost


Timings for Rank 0
        Timer        # Calls    Avg/Call (s)   Total (s)    % Loop
___________________________________________________________________
total                      1     165.8140      165.8140      101.29
loop                       1     163.7022      163.7022      100.00
timestep                  10      16.3700      163.7002      100.00
  position               100       0.0109        1.0931        0.67
  velocity               200       0.0100        1.9904        1.22
  redistribute           101       0.3351       33.8454       20.67
    atomHalo             101       0.2995       30.2486       18.48
  force                  101       1.2435      125.5907       76.72
commHalo                 303       0.0952       28.8522       17.62
commReduce                39       0.0707        2.7570        1.68

Timing Statistics Across 192 Ranks:
        Timer        Rank: Min(s)       Rank: Max(s)      Avg(s)    Stdev(s)
_____________________________________________________________________________
total              110:  165.7662      95:  165.8243    165.8107      0.0162
loop                 2:  163.7020      63:  163.7024    163.7022      0.0001
timestep             0:  163.7002      89:  163.7008    163.7006      0.0001
  position          34:    1.0014     123:    1.2996      1.1280      0.0492
  velocity          63:    1.6389     109:    2.2281      1.9227      0.1098
  redistribute     182:   29.5234     144:   35.7160     34.5666      0.8323
    atomHalo       182:   25.6425     144:   32.0958     30.8562      0.8766
  force            120:  125.2783     182:  131.9680    125.8899      0.8729
commHalo           182:   24.1860     144:   30.7550     29.3498      0.9436
commReduce         183:    0.7353      99:    2.9927      1.7575      0.4992

---------------------------------------------------
 Average atom update rate:       3.29 us/atom/task
---------------------------------------------------


---------------------------------------------------
 Average all atom update rate:   0.02 us/atom
---------------------------------------------------


---------------------------------------------------
 Average atom rate:             58.37 atoms/us
---------------------------------------------------

Wed Dec 23 20:52:12 2015: CoMD Ending

real 166.04
user 3853.21
sys 124.34
