Wed Dec 23 21:38:00 2015: Starting Initialization


Mini-Application Name    : CoMD-mpi
Mini-Application Version : 1.1
Platform:
  hostname: test-c16595bc-1016-4b8b-bbe3-01bc27f9c84c.novalocal
  kernel name: 'Linux'
  kernel release: '3.10.0-229.4.2.el7.x86_64'
  processor: 'x86_64'
Build:
  CC: '/usr/lib64/mpich/bin/mpicc'
  compiler version: 'cc (GCC) 4.8.3 20140911 (Red Hat 4.8.3-9)'
  CFLAGS: '-std=c99 -DDOUBLE -DDO_MPI -g -O5   '
  LDFLAGS: ' -lm '
  using MPI: true
  Threading: none
  Double Precision: true
Run Date/Time: 2015-12-23, 21:38:00

Command Line Parameters:
  doeam: 0
  potDir: pots
  potName: Cu_u6.eam
  potType: funcfl
  nx: 576
  ny: 576
  nz: 288
  xproc: 8
  yproc: 8
  zproc: 12
  Lattice constant: -1 Angstroms
  nSteps: 100
  printRate: 10
  Time step: 1 fs
  Initial Temperature: 600 K
  Initial Delta: 0 Angstroms

Simulation data: 
  Total atoms        : 382205952
  Min global bounds  : [   0.0000000000,   0.0000000000,   0.0000000000 ]
  Max global bounds  : [ 2082.2400000000, 2082.2400000000, 1041.1200000000 ]

Decomposition data: 
  Processors         :      8,     8,    12
  Local boxes        :     44,    44,    14 =    27104
  Box size           : [   5.9154545455,   5.9154545455,   6.1971428571 ]
  Box factor         : [   1.0221087768,   1.0221087768,   1.0707806233 ] 
  Max Link Cell Occupancy: 32 of 64

Potential data: 
  Potential type   : Lennard-Jones
  Species name     : Cu
  Atomic number    : 29
  Mass             : 63.55 amu
  Lattice Type     : FCC
  Lattice spacing  : 3.615 Angstroms
  Cutoff           : 5.7875 Angstroms
  Epsilon          : 0.167 eV
  Sigma            : 2.315 Angstroms

Memory data: 
  Intrinsic atom footprint =   88 B/atom 
  Total atom footprint     = -692.000 MB ( 41.77 MB/node)
  Link cell atom footprint = 145.578 MB/node
  Link cell atom footprint = 181.844 MB/node (including halo cell data


Initial energy : -1.166063303630, atom count : 382205952 

Wed Dec 23 21:38:02 2015: Initialization Finished

Wed Dec 23 21:38:02 2015: Starting simulation

#                                                                                         Performance
#  Loop   Time(fs)       Total Energy   Potential Energy     Kinetic Energy  Temperature   (us/atom)     # Atoms
      0       0.00    -1.166063303630    -1.243619295230     0.077555991600     600.0000     0.0000    382205952
     10      10.00    -1.166059648057    -1.233153833965     0.067094185908     519.0638     3.4308    382205952
     20      20.00    -1.166048424452    -1.208173088374     0.042124663922     325.8910     3.2782    382205952
     30      30.00    -1.166037576531    -1.186582597028     0.020545020496     158.9434     3.2924    382205952
     40      40.00    -1.166042094589    -1.183640748616     0.017598654027     136.1493     3.4884    382205952
     50      50.00    -1.166051690711    -1.193738808319     0.027687117608     214.1971     3.2778    382205952
     60      60.00    -1.166054646042    -1.202678133927     0.036623487885     283.3320     3.1866    382205952
     70      70.00    -1.166052132368    -1.204910124428     0.038857992060     300.6189     3.4067    382205952
     80      80.00    -1.166048789533    -1.203623187750     0.037574398217     290.6886     3.3001    382205952
     90      90.00    -1.166047997524    -1.203812115126     0.037764117602     292.1563     3.4135    382205952
    100     100.00    -1.166049788647    -1.206865872056     0.040816083408     315.7674     3.3276    382205952
Wed Dec 23 21:40:48 2015: Ending simulation



Simulation Validation:
  Initial energy  : -1.166063303630
  Final energy    : -1.166049788647
  eFinal/eInitial : 0.999988
  Final atom count : 382205952, no atoms lost


Timings for Rank 0
        Timer        # Calls    Avg/Call (s)   Total (s)    % Loop
___________________________________________________________________
total                      1     168.5389      168.5389      101.39
loop                       1     166.2333      166.2333      100.00
timestep                  10      16.6230      166.2299      100.00
  position               100       0.0101        1.0139        0.61
  velocity               200       0.0085        1.7041        1.03
  redistribute           101       0.3262       32.9431       19.82
    atomHalo             101       0.2908       29.3707       17.67
  force                  101       1.2644      127.6999       76.82
commHalo                 303       0.0917       27.7801       16.71
commReduce                39       0.1180        4.6015        2.77

Timing Statistics Across 768 Ranks:
        Timer        Rank: Min(s)       Rank: Max(s)      Avg(s)    Stdev(s)
_____________________________________________________________________________
total              202:  168.4872     198:  168.5488    168.5343      0.0155
loop               145:  166.2329     359:  166.2337    166.2332      0.0001
timestep            17:  166.2298     487:  166.2309    166.2303      0.0002
  position         560:    0.8900     227:    1.2487      1.0057      0.0503
  velocity         169:    1.4157     251:    2.2108      1.6827      0.1070
  redistribute     697:   28.4937     232:   34.8176     33.0730      0.7262
    atomHalo       697:   24.9081     232:   31.3927     29.4902      0.7713
  force             86:  127.1609     697:  132.0491    127.6673      0.5650
commHalo           697:   23.3076     232:   29.8442     27.8655      0.8261
commReduce         230:    3.1357     589:    5.5185      4.5331      0.5169

---------------------------------------------------
 Average atom update rate:       3.34 us/atom/task
---------------------------------------------------


---------------------------------------------------
 Average all atom update rate:   0.00 us/atom
---------------------------------------------------


---------------------------------------------------
 Average atom rate:            229.93 atoms/us
---------------------------------------------------

Wed Dec 23 21:40:48 2015: CoMD Ending

real 168.86
user 3926.28
sys 117.83
