Wed Dec 23 19:44:42 2015: Starting Initialization


Mini-Application Name    : CoMD-mpi
Mini-Application Version : 1.1
Platform:
  hostname: test-c16595bc-1016-4b8b-bbe3-01bc27f9c84c.novalocal
  kernel name: 'Linux'
  kernel release: '3.10.0-229.4.2.el7.x86_64'
  processor: 'x86_64'
Build:
  CC: '/usr/lib64/mpich/bin/mpicc'
  compiler version: 'cc (GCC) 4.8.3 20140911 (Red Hat 4.8.3-9)'
  CFLAGS: '-std=c99 -DDOUBLE -DDO_MPI -g -O5   '
  LDFLAGS: ' -lm '
  using MPI: true
  Threading: none
  Double Precision: true
Run Date/Time: 2015-12-23, 19:44:42

Command Line Parameters:
  doeam: 0
  potDir: pots
  potName: Cu_u6.eam
  potType: funcfl
  nx: 288
  ny: 144
  nz: 144
  xproc: 4
  yproc: 4
  zproc: 3
  Lattice constant: -1 Angstroms
  nSteps: 100
  printRate: 10
  Time step: 1 fs
  Initial Temperature: 600 K
  Initial Delta: 0 Angstroms

Simulation data: 
  Total atoms        : 23887872
  Min global bounds  : [   0.0000000000,   0.0000000000,   0.0000000000 ]
  Max global bounds  : [ 1041.1200000000, 520.5600000000, 520.5600000000 ]

Decomposition data: 
  Processors         :      4,     4,     3
  Local boxes        :     44,    22,    29 =    28072
  Box size           : [   5.9154545455,   5.9154545455,   5.9834482759 ]
  Box factor         : [   1.0221087768,   1.0221087768,   1.0338571535 ] 
  Max Link Cell Occupancy: 32 of 64

Potential data: 
  Potential type   : Lennard-Jones
  Species name     : Cu
  Atomic number    : 29
  Mass             : 63.55 amu
  Lattice Type     : FCC
  Lattice spacing  : 3.615 Angstroms
  Cutoff           : 5.7875 Angstroms
  Epsilon          : 0.167 eV
  Sigma            : 2.315 Angstroms

Memory data: 
  Intrinsic atom footprint =   88 B/atom 
  Total atom footprint     = 2004.750 MB ( 41.77 MB/node)
  Link cell atom footprint = 150.777 MB/node
  Link cell atom footprint = 183.820 MB/node (including halo cell data


Initial energy : -1.166063303635, atom count : 23887872 

Wed Dec 23 19:44:44 2015: Initialization Finished

Wed Dec 23 19:44:44 2015: Starting simulation

#                                                                                         Performance
#  Loop   Time(fs)       Total Energy   Potential Energy     Kinetic Energy  Temperature   (us/atom)     # Atoms
      0       0.00    -1.166063303635    -1.243619295235     0.077555991600     600.0000     0.0000     23887872
     10      10.00    -1.166059648926    -1.233156469342     0.067096820416     519.0842     2.8448     23887872
     20      20.00    -1.166048432327    -1.208180661376     0.042132229049     325.9495     2.9159     23887872
     30      30.00    -1.166037586321    -1.186587816413     0.020550230092     158.9837     2.9194     23887872
     40      40.00    -1.166042094457    -1.183634412875     0.017592318418     136.1003     2.8612     23887872
     50      50.00    -1.166051686250    -1.193724607851     0.027672921601     214.0873     2.8534     23887872
     60      60.00    -1.166054643092    -1.202667642611     0.036612999519     283.2508     2.8527     23887872
     70      70.00    -1.166052134605    -1.204912539995     0.038860405391     300.6375     2.8960     23887872
     80      80.00    -1.166048796113    -1.203639355020     0.037590558908     290.8136     2.8517     23887872
     90      90.00    -1.166048008331    -1.203833297592     0.037785289261     292.3201     2.9144     23887872
    100     100.00    -1.166049796301    -1.206878414776     0.040828618475     315.8643     2.8530     23887872
Wed Dec 23 19:47:08 2015: Ending simulation



Simulation Validation:
  Initial energy  : -1.166063303635
  Final energy    : -1.166049796301
  eFinal/eInitial : 0.999988
  Final atom count : 23887872, no atoms lost


Timings for Rank 0
        Timer        # Calls    Avg/Call (s)   Total (s)    % Loop
___________________________________________________________________
total                      1     145.0970      145.0970      101.37
loop                       1     143.1425      143.1425      100.00
timestep                  10      14.3141      143.1410      100.00
  position               100       0.0168        1.6816        1.17
  velocity               200       0.0129        2.5830        1.80
  redistribute           101       0.1371       13.8472        9.67
    atomHalo             101       0.0949        9.5859        6.70
  force                  101       1.2506      126.3092       88.24
commHalo                 303       0.0270        8.1760        5.71
commReduce                39       0.0032        0.1242        0.09

Timing Statistics Across 48 Ranks:
        Timer        Rank: Min(s)       Rank: Max(s)      Avg(s)    Stdev(s)
_____________________________________________________________________________
total               28:  145.0839      15:  145.1140    145.1041      0.0105
loop                 0:  143.1425      47:  143.1427    143.1426      0.0001
timestep             0:  143.1410      47:  143.1417    143.1416      0.0001
  position          26:    1.4847      37:    1.6858      1.6098      0.0489
  velocity           0:    2.5830       6:    3.0149      2.9012      0.0848
  redistribute       5:   13.0252       0:   13.8472     13.4715      0.1548
    atomHalo         5:    8.8282       0:    9.5859      9.2866      0.1613
  force             14:  126.2560       5:  126.8684    126.4553      0.1391
commHalo            13:    7.2422       0:    8.1760      7.7877      0.2124
commReduce           4:    0.0641      24:    0.1844      0.1207      0.0292

---------------------------------------------------
 Average atom update rate:       2.88 us/atom/task
---------------------------------------------------


---------------------------------------------------
 Average all atom update rate:   0.06 us/atom
---------------------------------------------------


---------------------------------------------------
 Average atom rate:             16.69 atoms/us
---------------------------------------------------

Wed Dec 23 19:47:08 2015: CoMD Ending

real 145.31
user 3435.93
sys 44.01
