      creating/filling mesh...0.07163s, total time: 0.07163
generating matrix structure...2.43421s, total time: 2.50584
         assembling FE data...3.34575s, total time: 5.85159
      imposing Dirichlet BC...0.510985s, total time: 6.36257
      imposing Dirichlet BC...0.0391741s, total time: 6.40175
making matrix indices local...1.56761s, total time: 7.96936
Starting CG solver ... 
Initial Residual = 928.454
Iteration = 20   Residual = 0.760612
Iteration = 40   Residual = 0.0342417
Iteration = 60   Residual = 0.0221406
Iteration = 80   Residual = 0.0161917
Iteration = 100   Residual = 0.143474
Iteration = 120   Residual = 0.0104745
Iteration = 140   Residual = 0.00874261
Iteration = 160   Residual = 0.00747958
Iteration = 180   Residual = 0.00650307
Iteration = 200   Residual = 0.0057274
Final Resid Norm: 0.0057274
real 68.43
user 1259.02
sys 355.07
