      creating/filling mesh...0.0656948s, total time: 0.0656948
generating matrix structure...1.46414s, total time: 1.52983
         assembling FE data...3.31788s, total time: 4.84771
      imposing Dirichlet BC...0.527804s, total time: 5.37552
      imposing Dirichlet BC...0.038959s, total time: 5.41448
making matrix indices local...0.846365s, total time: 6.26084
Starting CG solver ... 
Initial Residual = 328.937
Iteration = 20   Residual = 0.0935226
Iteration = 40   Residual = 0.0434758
Iteration = 60   Residual = 0.028646
Iteration = 80   Residual = 0.020005
Iteration = 100   Residual = 0.0153602
Iteration = 120   Residual = 0.0122445
Iteration = 140   Residual = 0.00998511
Iteration = 160   Residual = 0.00891977
Iteration = 180   Residual = 0.00708324
Iteration = 200   Residual = 0.0329312
Final Resid Norm: 0.0329312
real 57.76
user 1220.07
sys 149.99
