      creating/filling mesh...0.0671s, total time: 0.067101
generating matrix structure...1.83725s, total time: 1.90435
         assembling FE data...3.31568s, total time: 5.22002
      imposing Dirichlet BC...0.527706s, total time: 5.74773
      imposing Dirichlet BC...0.0390029s, total time: 5.78673
making matrix indices local...0.838473s, total time: 6.6252
Starting CG solver ... 
Initial Residual = 656.837
Iteration = 20   Residual = 0.0955272
Iteration = 40   Residual = 0.0468263
Iteration = 60   Residual = 0.0306024
Iteration = 80   Residual = 0.0224984
Iteration = 100   Residual = 0.0176423
Iteration = 120   Residual = 0.0144097
Iteration = 140   Residual = 0.0121047
Iteration = 160   Residual = 0.0103792
Iteration = 180   Residual = 0.00903973
Iteration = 200   Residual = 0.00797034
Final Resid Norm: 0.00797034
real 80.07
user 1514.56
sys 382.13
