      creating/filling mesh...0.113184s, total time: 0.113185
generating matrix structure...1.76708s, total time: 1.88026
         assembling FE data...3.30356s, total time: 5.18382
      imposing Dirichlet BC...0.510363s, total time: 5.69419
      imposing Dirichlet BC...0.0390899s, total time: 5.73328
making matrix indices local...0.910821s, total time: 6.6441
Starting CG solver ... 
Initial Residual = 656.836
Iteration = 20   Residual = 0.0884182
Iteration = 40   Residual = 0.046202
Iteration = 60   Residual = 0.0765588
Iteration = 80   Residual = 0.0232523
Iteration = 100   Residual = 0.0172792
Iteration = 120   Residual = 0.0140157
Iteration = 140   Residual = 0.0118412
Iteration = 160   Residual = 0.0120409
Iteration = 180   Residual = 0.00881928
Iteration = 200   Residual = 0.00776062
Final Resid Norm: 0.00776062
real 62.74
user 1247.77
sys 238.01
