      creating/filling mesh...0.0702889s, total time: 0.0702889
generating matrix structure...1.80546s, total time: 1.87575
         assembling FE data...3.33985s, total time: 5.2156
      imposing Dirichlet BC...0.510861s, total time: 5.72646
      imposing Dirichlet BC...0.0390091s, total time: 5.76547
making matrix indices local...0.868653s, total time: 6.63412
Starting CG solver ... 
Initial Residual = 656.836
Iteration = 20   Residual = 0.0884182
Iteration = 40   Residual = 0.046202
Iteration = 60   Residual = 0.0765588
Iteration = 80   Residual = 0.0232523
Iteration = 100   Residual = 0.0172792
Iteration = 120   Residual = 0.0140157
Iteration = 140   Residual = 0.0118412
Iteration = 160   Residual = 0.0120409
Iteration = 180   Residual = 0.00881928
Iteration = 200   Residual = 0.00776062
Final Resid Norm: 0.00776062
real 62.13
user 1227.94
sys 228.28
