      creating/filling mesh...0.0855601s, total time: 0.0855601
generating matrix structure...2.33515s, total time: 2.42071
         assembling FE data...3.3303s, total time: 5.75101
      imposing Dirichlet BC...0.510059s, total time: 6.26107
      imposing Dirichlet BC...0.039469s, total time: 6.30054
making matrix indices local...1.57644s, total time: 7.87698
Starting CG solver ... 
Initial Residual = 928.454
Iteration = 20   Residual = 0.760612
Iteration = 40   Residual = 0.0342417
Iteration = 60   Residual = 0.0221406
Iteration = 80   Residual = 0.0161917
Iteration = 100   Residual = 0.143474
Iteration = 120   Residual = 0.0104745
Iteration = 140   Residual = 0.00874261
Iteration = 160   Residual = 0.00747958
Iteration = 180   Residual = 0.00650307
Iteration = 200   Residual = 0.0057274
Final Resid Norm: 0.0057274
real 67.95
user 1246.58
sys 352.62
