      creating/filling mesh...0.06986s, total time: 0.06986
generating matrix structure...1.99925s, total time: 2.06911
         assembling FE data...3.33726s, total time: 5.40637
      imposing Dirichlet BC...0.509399s, total time: 5.91577
      imposing Dirichlet BC...0.0392592s, total time: 5.95503
making matrix indices local...1.58382s, total time: 7.53885
Starting CG solver ... 
Initial Residual = 464.73
Iteration = 20   Residual = 0.0662119
Iteration = 40   Residual = 0.0318145
Iteration = 60   Residual = 0.020377
Iteration = 80   Residual = 0.0146777
Iteration = 100   Residual = 0.011273
Iteration = 120   Residual = 0.00905943
Iteration = 140   Residual = 0.00854794
Iteration = 160   Residual = 0.0256261
Iteration = 180   Residual = 0.0539459
Iteration = 200   Residual = 0.016156
Final Resid Norm: 0.016156
real 60.73
user 1241.48
sys 200.02
