      creating/filling mesh...0.089905s, total time: 0.089905
generating matrix structure...1.90546s, total time: 1.99537
         assembling FE data...3.32519s, total time: 5.32056
      imposing Dirichlet BC...0.509826s, total time: 5.83039
      imposing Dirichlet BC...0.0391099s, total time: 5.8695
making matrix indices local...1.61057s, total time: 7.48007
Starting CG solver ... 
Initial Residual = 928.454
Iteration = 20   Residual = 0.760612
Iteration = 40   Residual = 0.0342417
Iteration = 60   Residual = 0.0221406
Iteration = 80   Residual = 0.0161917
Iteration = 100   Residual = 0.143474
Iteration = 120   Residual = 0.0104745
Iteration = 140   Residual = 0.00874261
Iteration = 160   Residual = 0.00747958
Iteration = 180   Residual = 0.00650307
Iteration = 200   Residual = 0.0057274
Final Resid Norm: 0.0057274
real 67.21
user 1238.60
sys 346.33
