      creating/filling mesh...0.082216s, total time: 0.082216
generating matrix structure...1.88635s, total time: 1.96856
         assembling FE data...3.32941s, total time: 5.29797
      imposing Dirichlet BC...0.509937s, total time: 5.80791
      imposing Dirichlet BC...0.0390871s, total time: 5.847
making matrix indices local...1.54144s, total time: 7.38844
Starting CG solver ... 
Initial Residual = 464.73
Iteration = 20   Residual = 0.0662119
Iteration = 40   Residual = 0.0318145
Iteration = 60   Residual = 0.020377
Iteration = 80   Residual = 0.0146777
Iteration = 100   Residual = 0.011273
Iteration = 120   Residual = 0.00905943
Iteration = 140   Residual = 0.00854794
Iteration = 160   Residual = 0.0256261
Iteration = 180   Residual = 0.0539459
Iteration = 200   Residual = 0.016156
Final Resid Norm: 0.016156
real 59.84
user 1215.24
sys 191.88
