      creating/filling mesh...0.0659318s, total time: 0.0659318
generating matrix structure...1.52049s, total time: 1.58642
         assembling FE data...3.32385s, total time: 4.91027
      imposing Dirichlet BC...0.52756s, total time: 5.43783
      imposing Dirichlet BC...0.039005s, total time: 5.47683
making matrix indices local...0.820608s, total time: 6.29744
Starting CG solver ... 
Initial Residual = 328.937
Iteration = 20   Residual = 0.0935226
Iteration = 40   Residual = 0.0434758
Iteration = 60   Residual = 0.028646
Iteration = 80   Residual = 0.020005
Iteration = 100   Residual = 0.0153602
Iteration = 120   Residual = 0.0122445
Iteration = 140   Residual = 0.00998511
Iteration = 160   Residual = 0.00891977
Iteration = 180   Residual = 0.00708324
Iteration = 200   Residual = 0.0329312
Final Resid Norm: 0.0329312
real 57.72
user 1231.02
sys 146.12
