      creating/filling mesh...0.109825s, total time: 0.109825
generating matrix structure...1.90394s, total time: 2.01377
         assembling FE data...3.34253s, total time: 5.3563
      imposing Dirichlet BC...0.509648s, total time: 5.86595
      imposing Dirichlet BC...0.0391362s, total time: 5.90509
making matrix indices local...1.54522s, total time: 7.45031
Starting CG solver ... 
Initial Residual = 464.73
Iteration = 20   Residual = 0.0662119
Iteration = 40   Residual = 0.0318145
Iteration = 60   Residual = 0.020377
Iteration = 80   Residual = 0.0146777
Iteration = 100   Residual = 0.011273
Iteration = 120   Residual = 0.00905943
Iteration = 140   Residual = 0.00854794
Iteration = 160   Residual = 0.0256261
Iteration = 180   Residual = 0.0539459
Iteration = 200   Residual = 0.016156
Final Resid Norm: 0.016156
real 58.96
user 1204.73
sys 194.41
