      creating/filling mesh...0.082859s, total time: 0.082859
generating matrix structure...1.50754s, total time: 1.5904
         assembling FE data...3.32372s, total time: 4.91412
      imposing Dirichlet BC...0.527625s, total time: 5.44174
      imposing Dirichlet BC...0.0390911s, total time: 5.48083
making matrix indices local...0.845824s, total time: 6.32666
Starting CG solver ... 
Initial Residual = 328.937
Iteration = 20   Residual = 0.0935226
Iteration = 40   Residual = 0.0434758
Iteration = 60   Residual = 0.028646
Iteration = 80   Residual = 0.020005
Iteration = 100   Residual = 0.0153602
Iteration = 120   Residual = 0.0122445
Iteration = 140   Residual = 0.00998511
Iteration = 160   Residual = 0.00891977
Iteration = 180   Residual = 0.00708324
Iteration = 200   Residual = 0.0329312
Final Resid Norm: 0.0329312
real 58.23
user 1221.73
sys 150.15
