      creating/filling mesh...0.138229s, total time: 0.138229
generating matrix structure...2.21719s, total time: 2.35542
         assembling FE data...3.40943s, total time: 5.76485
      imposing Dirichlet BC...0.510041s, total time: 6.27489
      imposing Dirichlet BC...0.040139s, total time: 6.31503
making matrix indices local...1.50916s, total time: 7.82419
Starting CG solver ... 
Initial Residual = 928.454
Iteration = 20   Residual = 0.760612
Iteration = 40   Residual = 0.0342417
Iteration = 60   Residual = 0.0221406
Iteration = 80   Residual = 0.0161917
Iteration = 100   Residual = 0.143474
Iteration = 120   Residual = 0.0104745
Iteration = 140   Residual = 0.00874261
Iteration = 160   Residual = 0.00747958
Iteration = 180   Residual = 0.00650307
Iteration = 200   Residual = 0.0057274
Final Resid Norm: 0.0057274
real 68.59
user 1266.89
sys 356.92
