      creating/filling mesh...0.0686851s, total time: 0.0686851
generating matrix structure...1.55519s, total time: 1.62387
         assembling FE data...3.29589s, total time: 4.91976
      imposing Dirichlet BC...0.509935s, total time: 5.42969
      imposing Dirichlet BC...0.039001s, total time: 5.46869
making matrix indices local...0.88785s, total time: 6.35654
Starting CG solver ... 
Initial Residual = 328.934
Iteration = 20   Residual = 0.530309
Iteration = 40   Residual = 0.0421271
Iteration = 60   Residual = 0.0260162
Iteration = 80   Residual = 0.0380579
Iteration = 100   Residual = 0.0147196
Iteration = 120   Residual = 0.0115025
Iteration = 140   Residual = 0.010997
Iteration = 160   Residual = 0.00779659
Iteration = 180   Residual = 0.00645927
Iteration = 200   Residual = 0.00546653
Final Resid Norm: 0.00546653
real 28.12
user 670.14
sys 4.15
