      creating/filling mesh...0.117013s, total time: 0.117013
generating matrix structure...1.73658s, total time: 1.85359
         assembling FE data...3.30924s, total time: 5.16283
      imposing Dirichlet BC...0.510549s, total time: 5.67338
      imposing Dirichlet BC...0.0390859s, total time: 5.71247
making matrix indices local...0.891107s, total time: 6.60357
Starting CG solver ... 
Initial Residual = 328.934
Iteration = 20   Residual = 0.530309
Iteration = 40   Residual = 0.0421271
Iteration = 60   Residual = 0.0260162
Iteration = 80   Residual = 0.0380579
Iteration = 100   Residual = 0.0147196
Iteration = 120   Residual = 0.0115025
Iteration = 140   Residual = 0.010997
Iteration = 160   Residual = 0.00779659
Iteration = 180   Residual = 0.00645927
Iteration = 200   Residual = 0.00546653
Final Resid Norm: 0.00546653
real 28.45
user 676.98
sys 4.02
