      creating/filling mesh...0.0788388s, total time: 0.0788388
generating matrix structure...1.88748s, total time: 1.96632
         assembling FE data...3.33852s, total time: 5.30484
      imposing Dirichlet BC...0.510413s, total time: 5.81525
      imposing Dirichlet BC...0.0391409s, total time: 5.85439
making matrix indices local...1.54071s, total time: 7.39511
Starting CG solver ... 
Initial Residual = 464.73
Iteration = 20   Residual = 0.0662119
Iteration = 40   Residual = 0.0318145
Iteration = 60   Residual = 0.020377
Iteration = 80   Residual = 0.0146777
Iteration = 100   Residual = 0.011273
Iteration = 120   Residual = 0.00905943
Iteration = 140   Residual = 0.00854794
Iteration = 160   Residual = 0.0256261
Iteration = 180   Residual = 0.0539459
Iteration = 200   Residual = 0.016156
Final Resid Norm: 0.016156
real 60.15
user 1230.17
sys 197.65
