      creating/filling mesh...0.064944s, total time: 0.064945
generating matrix structure...1.53237s, total time: 1.59732
         assembling FE data...3.32115s, total time: 4.91847
      imposing Dirichlet BC...0.526855s, total time: 5.44532
      imposing Dirichlet BC...0.0389831s, total time: 5.4843
making matrix indices local...0.854435s, total time: 6.33874
Starting CG solver ... 
Initial Residual = 328.937
Iteration = 20   Residual = 0.0935226
Iteration = 40   Residual = 0.0434758
Iteration = 60   Residual = 0.028646
Iteration = 80   Residual = 0.020005
Iteration = 100   Residual = 0.0153602
Iteration = 120   Residual = 0.0122445
Iteration = 140   Residual = 0.00998511
Iteration = 160   Residual = 0.00891977
Iteration = 180   Residual = 0.00708324
Iteration = 200   Residual = 0.0329312
Final Resid Norm: 0.0329312
real 57.98
user 1217.82
sys 147.50
