      creating/filling mesh...0.0991549s, total time: 0.0991549
generating matrix structure...1.83964s, total time: 1.93879
         assembling FE data...3.32132s, total time: 5.26011
      imposing Dirichlet BC...0.527953s, total time: 5.78806
      imposing Dirichlet BC...0.0389662s, total time: 5.82703
making matrix indices local...0.894518s, total time: 6.72155
Starting CG solver ... 
Initial Residual = 656.837
Iteration = 20   Residual = 0.0955272
Iteration = 40   Residual = 0.0468263
Iteration = 60   Residual = 0.0306024
Iteration = 80   Residual = 0.0224984
Iteration = 100   Residual = 0.0176423
Iteration = 120   Residual = 0.0144097
Iteration = 140   Residual = 0.0121047
Iteration = 160   Residual = 0.0103792
Iteration = 180   Residual = 0.00903973
Iteration = 200   Residual = 0.00797034
Final Resid Norm: 0.00797034
real 80.50
user 1521.79
sys 382.62
