Mon Dec 31 19:40:03 2007: Starting Initialization


Mini-Application Name    : CoMD-mpi
Mini-Application Version : 1.1
Platform:
  hostname: localhost.localdomain
  kernel name: 'Linux'
  kernel release: '3.10.0-229.el7.x86_64'
  processor: 'x86_64'
Build:
  CC: '/usr/lib64/mpich/bin/mpicc'
  compiler version: 'cc (GCC) 4.8.5 20150623 (Red Hat 4.8.5-4)'
  CFLAGS: '-std=c99 -DDOUBLE -DDO_MPI -g -O5   '
  LDFLAGS: ' -lm '
  using MPI: true
  Threading: none
  Double Precision: true
Run Date/Time: 2007-12-31, 19:40:03

Command Line Parameters:
  doeam: 0
  potDir: pots
  potName: Cu_u6.eam
  potType: funcfl
  nx: 288
  ny: 144
  nz: 144
  xproc: 4
  yproc: 4
  zproc: 3
  Lattice constant: -1 Angstroms
  nSteps: 100
  printRate: 10
  Time step: 1 fs
  Initial Temperature: 600 K
  Initial Delta: 0 Angstroms

Simulation data: 
  Total atoms        : 23887872
  Min global bounds  : [   0.0000000000,   0.0000000000,   0.0000000000 ]
  Max global bounds  : [ 1041.1200000000, 520.5600000000, 520.5600000000 ]

Decomposition data: 
  Processors         :      4,     4,     3
  Local boxes        :     44,    22,    29 =    28072
  Box size           : [   5.9154545455,   5.9154545455,   5.9834482759 ]
  Box factor         : [   1.0221087768,   1.0221087768,   1.0338571535 ] 
  Max Link Cell Occupancy: 32 of 64

Potential data: 
  Potential type   : Lennard-Jones
  Species name     : Cu
  Atomic number    : 29
  Mass             : 63.55 amu
  Lattice Type     : FCC
  Lattice spacing  : 3.615 Angstroms
  Cutoff           : 5.7875 Angstroms
  Epsilon          : 0.167 eV
  Sigma            : 2.315 Angstroms

Memory data: 
  Intrinsic atom footprint =   88 B/atom 
  Total atom footprint     = 2004.750 MB ( 41.77 MB/node)
  Link cell atom footprint = 150.777 MB/node
  Link cell atom footprint = 183.820 MB/node (including halo cell data


Initial energy : -1.166063303635, atom count : 23887872 

Mon Dec 31 19:40:06 2007: Initialization Finished

Mon Dec 31 19:40:06 2007: Starting simulation

#                                                                                         Performance
#  Loop   Time(fs)       Total Energy   Potential Energy     Kinetic Energy  Temperature   (us/atom)     # Atoms
      0       0.00    -1.166063303635    -1.243619295235     0.077555991600     600.0000     0.0000     23887872
     10      10.00    -1.166059648926    -1.233156469342     0.067096820416     519.0842     3.2988     23887872
     20      20.00    -1.166048432327    -1.208180661376     0.042132229049     325.9495     3.3159     23887872
     30      30.00    -1.166037586321    -1.186587816413     0.020550230092     158.9837     3.3890     23887872
     40      40.00    -1.166042094457    -1.183634412875     0.017592318418     136.1003     3.3434     23887872
     50      50.00    -1.166051686250    -1.193724607851     0.027672921601     214.0873     3.3052     23887872
     60      60.00    -1.166054643092    -1.202667642611     0.036612999519     283.2508     3.3503     23887872
     70      70.00    -1.166052134605    -1.204912539995     0.038860405391     300.6375     3.3575     23887872
     80      80.00    -1.166048796113    -1.203639355020     0.037590558908     290.8136     3.3458     23887872
     90      90.00    -1.166048008331    -1.203833297592     0.037785289261     292.3201     3.3093     23887872
    100     100.00    -1.166049796301    -1.206878414776     0.040828618475     315.8643     3.3555     23887872
Mon Dec 31 19:42:52 2007: Ending simulation



Simulation Validation:
  Initial energy  : -1.166063303635
  Final energy    : -1.166049796301
  eFinal/eInitial : 0.999988
  Final atom count : 23887872, no atoms lost


Timings for Rank 0
        Timer        # Calls    Avg/Call (s)   Total (s)    % Loop
___________________________________________________________________
total                      1     169.1020      169.1020      101.82
loop                       1     166.0760      166.0760      100.00
timestep                  10      16.6074      166.0740      100.00
  position               100       0.0162        1.6160        0.97
  velocity               200       0.0129        2.5900        1.56
  redistribute           101       0.3092       31.2330       18.81
    atomHalo             101       0.2636       26.6250       16.03
  force                  101       1.2927      130.5610       78.62
commHalo                 303       0.0827       25.0490       15.08
commReduce                39       0.0453        1.7650        1.06

Timing Statistics Across 48 Ranks:
        Timer        Rank: Min(s)       Rank: Max(s)      Avg(s)    Stdev(s)
_____________________________________________________________________________
total                1:  168.3360      34:  169.2374    168.7392      0.3729
loop                 1:  165.9240      47:  166.0936    166.0164      0.0689
timestep             1:  165.9220      47:  166.0903    166.0143      0.0688
  position          29:    1.1980      33:    4.0050      2.5499      1.0935
  velocity          37:    1.6880      19:    8.0090      4.6998      2.2699
  redistribute      19:   19.6670       2:   31.4880     26.2022      4.8423
    atomHalo        19:    8.3590       3:   26.8128     18.2102      8.1290
  force             39:  130.3740      43:  136.5389    133.0688      2.2787
commHalo            19:    4.9580       2:   25.1920     15.6744      8.8991
commReduce          44:    0.1950      37:    2.3934      1.1420      0.8558

---------------------------------------------------
 Average atom update rate:       3.34 us/atom/task
---------------------------------------------------


---------------------------------------------------
 Average all atom update rate:   0.07 us/atom
---------------------------------------------------


---------------------------------------------------
 Average atom rate:             14.39 atoms/us
---------------------------------------------------

Mon Dec 31 19:42:52 2007: CoMD Ending

real 171.98
user 4004.96
sys 63.32
