Mon Dec 31 22:00:43 2007: Starting Initialization


Mini-Application Name    : CoMD-mpi
Mini-Application Version : 1.1
Platform:
  hostname: localhost.localdomain
  kernel name: 'Linux'
  kernel release: '3.10.0-229.el7.x86_64'
  processor: 'x86_64'
Build:
  CC: '/usr/lib64/mpich/bin/mpicc'
  compiler version: 'cc (GCC) 4.8.5 20150623 (Red Hat 4.8.5-4)'
  CFLAGS: '-std=c99 -DDOUBLE -DDO_MPI -g -O5   '
  LDFLAGS: ' -lm '
  using MPI: true
  Threading: none
  Double Precision: true
Run Date/Time: 2007-12-31, 22:00:43

Command Line Parameters:
  doeam: 0
  potDir: pots
  potName: Cu_u6.eam
  potType: funcfl
  nx: 144
  ny: 144
  nz: 144
  xproc: 2
  yproc: 4
  zproc: 3
  Lattice constant: -1 Angstroms
  nSteps: 100
  printRate: 10
  Time step: 1 fs
  Initial Temperature: 600 K
  Initial Delta: 0 Angstroms

Simulation data: 
  Total atoms        : 11943936
  Min global bounds  : [   0.0000000000,   0.0000000000,   0.0000000000 ]
  Max global bounds  : [ 520.5600000000, 520.5600000000, 520.5600000000 ]

Decomposition data: 
  Processors         :      2,     4,     3
  Local boxes        :     44,    22,    29 =    28072
  Box size           : [   5.9154545455,   5.9154545455,   5.9834482759 ]
  Box factor         : [   1.0221087768,   1.0221087768,   1.0338571535 ] 
  Max Link Cell Occupancy: 32 of 64

Potential data: 
  Potential type   : Lennard-Jones
  Species name     : Cu
  Atomic number    : 29
  Mass             : 63.55 amu
  Lattice Type     : FCC
  Lattice spacing  : 3.615 Angstroms
  Cutoff           : 5.7875 Angstroms
  Epsilon          : 0.167 eV
  Sigma            : 2.315 Angstroms

Memory data: 
  Intrinsic atom footprint =   88 B/atom 
  Total atom footprint     = 1002.375 MB ( 41.77 MB/node)
  Link cell atom footprint = 150.777 MB/node
  Link cell atom footprint = 183.820 MB/node (including halo cell data


Initial energy : -1.166063303635, atom count : 11943936 

Mon Dec 31 22:00:45 2007: Initialization Finished

Mon Dec 31 22:00:45 2007: Starting simulation

#                                                                                         Performance
#  Loop   Time(fs)       Total Energy   Potential Energy     Kinetic Energy  Temperature   (us/atom)     # Atoms
      0       0.00    -1.166063303635    -1.243619295235     0.077555991600     600.0000     0.0000     11943936
     10      10.00    -1.166059649406    -1.233156263032     0.067096613625     519.0826     3.2387     11943936
     20      20.00    -1.166048433442    -1.208179712497     0.042131279055     325.9422     3.2845     11943936
     30      30.00    -1.166037586894    -1.186585625849     0.020548038955     158.9667     3.2721     11943936
     40      40.00    -1.166042094066    -1.183631409992     0.017589315927     136.0770     3.2659     11943936
     50      50.00    -1.166051685471    -1.193722569562     0.027670884091     214.0715     3.2659     11943936
     60      60.00    -1.166054642785    -1.202668589764     0.036613946979     283.2582     3.2616     11943936
     70      70.00    -1.166052136306    -1.204917000628     0.038864864322     300.6720     3.2725     11943936
     80      80.00    -1.166048799577    -1.203645039062     0.037596239485     290.8575     3.2640     11943936
     90      90.00    -1.166048009737    -1.203836257034     0.037788247298     292.3430     3.2614     11943936
    100     100.00    -1.166049794039    -1.206876626326     0.040826832287     315.8505     3.2771     11943936
Mon Dec 31 22:03:28 2007: Ending simulation



Simulation Validation:
  Initial energy  : -1.166063303635
  Final energy    : -1.166049794039
  eFinal/eInitial : 0.999988
  Final atom count : 11943936, no atoms lost


Timings for Rank 0
        Timer        # Calls    Avg/Call (s)   Total (s)    % Loop
___________________________________________________________________
total                      1     166.1570      166.1570      102.22
loop                       1     162.5560      162.5560      100.00
timestep                  10      16.2556      162.5560      100.00
  position               100       0.0152        1.5170        0.93
  velocity               200       0.0145        2.9090        1.79
  redistribute           101       0.2651       26.7800       16.47
    atomHalo             101       0.2211       22.3270       13.73
  force                  101       1.2923      130.5246       80.30
commHalo                 303       0.0682       20.6730       12.72
commReduce                39       0.0436        1.7013        1.05

Timing Statistics Across 24 Ranks:
        Timer        Rank: Min(s)       Rank: Max(s)      Avg(s)    Stdev(s)
_____________________________________________________________________________
total               14:  166.1351      20:  166.9739    166.3147      0.2788
loop                15:  161.8433      20:  163.2694    162.5561      0.2438
timestep            15:  161.8425      20:  163.2686    162.5559      0.2438
  position          12:    1.4474      23:    4.1803      2.7238      1.1576
  velocity           5:    2.6640       3:    7.6110      4.9760      2.1523
  redistribute      15:   16.8041      12:   27.3066     22.4814      4.4454
    atomHalo        17:    5.2450      12:   22.6887     14.1694      8.1855
  force             10:  129.8186      21:  135.3247    132.2373      1.9146
commHalo            17:    2.2440      12:   20.9201     11.7416      8.9498
commReduce          17:    0.1211       8:    2.9176      1.2437      0.9693

---------------------------------------------------
 Average atom update rate:       3.27 us/atom/task
---------------------------------------------------


---------------------------------------------------
 Average all atom update rate:   0.14 us/atom
---------------------------------------------------


---------------------------------------------------
 Average atom rate:              7.35 atoms/us
---------------------------------------------------

Mon Dec 31 22:03:29 2007: CoMD Ending

real 167.90
user 3960.45
sys 31.01
