Mon Dec 31 22:03:32 2007: Starting Initialization


Mini-Application Name    : CoMD-mpi
Mini-Application Version : 1.1
Platform:
  hostname: localhost.localdomain
  kernel name: 'Linux'
  kernel release: '3.10.0-229.el7.x86_64'
  processor: 'x86_64'
Build:
  CC: '/usr/lib64/mpich/bin/mpicc'
  compiler version: 'cc (GCC) 4.8.5 20150623 (Red Hat 4.8.5-4)'
  CFLAGS: '-std=c99 -DDOUBLE -DDO_MPI -g -O5   '
  LDFLAGS: ' -lm '
  using MPI: true
  Threading: none
  Double Precision: true
Run Date/Time: 2007-12-31, 22:03:32

Command Line Parameters:
  doeam: 0
  potDir: pots
  potName: Cu_u6.eam
  potType: funcfl
  nx: 144
  ny: 144
  nz: 144
  xproc: 2
  yproc: 4
  zproc: 3
  Lattice constant: -1 Angstroms
  nSteps: 100
  printRate: 10
  Time step: 1 fs
  Initial Temperature: 600 K
  Initial Delta: 0 Angstroms

Simulation data: 
  Total atoms        : 11943936
  Min global bounds  : [   0.0000000000,   0.0000000000,   0.0000000000 ]
  Max global bounds  : [ 520.5600000000, 520.5600000000, 520.5600000000 ]

Decomposition data: 
  Processors         :      2,     4,     3
  Local boxes        :     44,    22,    29 =    28072
  Box size           : [   5.9154545455,   5.9154545455,   5.9834482759 ]
  Box factor         : [   1.0221087768,   1.0221087768,   1.0338571535 ] 
  Max Link Cell Occupancy: 32 of 64

Potential data: 
  Potential type   : Lennard-Jones
  Species name     : Cu
  Atomic number    : 29
  Mass             : 63.55 amu
  Lattice Type     : FCC
  Lattice spacing  : 3.615 Angstroms
  Cutoff           : 5.7875 Angstroms
  Epsilon          : 0.167 eV
  Sigma            : 2.315 Angstroms

Memory data: 
  Intrinsic atom footprint =   88 B/atom 
  Total atom footprint     = 1002.375 MB ( 41.77 MB/node)
  Link cell atom footprint = 150.777 MB/node
  Link cell atom footprint = 183.820 MB/node (including halo cell data


Initial energy : -1.166063303635, atom count : 11943936 

Mon Dec 31 22:03:35 2007: Initialization Finished

Mon Dec 31 22:03:35 2007: Starting simulation

#                                                                                         Performance
#  Loop   Time(fs)       Total Energy   Potential Energy     Kinetic Energy  Temperature   (us/atom)     # Atoms
      0       0.00    -1.166063303635    -1.243619295235     0.077555991600     600.0000     0.0000     11943936
     10      10.00    -1.166059649406    -1.233156263032     0.067096613625     519.0826     3.2348     11943936
     20      20.00    -1.166048433442    -1.208179712497     0.042131279055     325.9422     3.2702     11943936
     30      30.00    -1.166037586894    -1.186585625849     0.020548038955     158.9667     3.2556     11943936
     40      40.00    -1.166042094066    -1.183631409992     0.017589315927     136.0770     3.2599     11943936
     50      50.00    -1.166051685471    -1.193722569562     0.027670884091     214.0715     3.2605     11943936
     60      60.00    -1.166054642785    -1.202668589764     0.036613946979     283.2582     3.2575     11943936
     70      70.00    -1.166052136306    -1.204917000628     0.038864864322     300.6720     3.2606     11943936
     80      80.00    -1.166048799577    -1.203645039062     0.037596239485     290.8575     3.2810     11943936
     90      90.00    -1.166048009737    -1.203836257034     0.037788247298     292.3430     3.2756     11943936
    100     100.00    -1.166049794039    -1.206876626326     0.040826832287     315.8505     3.2804     11943936
Mon Dec 31 22:06:17 2007: Ending simulation



Simulation Validation:
  Initial energy  : -1.166063303635
  Final energy    : -1.166049794039
  eFinal/eInitial : 0.999988
  Final atom count : 11943936, no atoms lost


Timings for Rank 0
        Timer        # Calls    Avg/Call (s)   Total (s)    % Loop
___________________________________________________________________
total                      1     164.7767      164.7767      101.45
loop                       1     162.4193      162.4193      100.00
timestep                  10      16.2418      162.4179      100.00
  position               100       0.0125        1.2460        0.77
  velocity               200       0.0142        2.8350        1.75
  redistribute           101       0.2612       26.3836       16.24
    atomHalo             101       0.2168       21.8928       13.48
  force                  101       1.3022      131.5269       80.98
commHalo                 303       0.0666       20.1671       12.42
commReduce                39       0.0568        2.2142        1.36

Timing Statistics Across 24 Ranks:
        Timer        Rank: Min(s)       Rank: Max(s)      Avg(s)    Stdev(s)
_____________________________________________________________________________
total               21:  164.7740      17:  164.7924    164.7766      0.0033
loop                 1:  162.4190      17:  162.4194    162.4190      0.0001
timestep             1:  162.4170      17:  162.4185    162.4171      0.0003
  position           0:    1.2460      13:    4.1220      2.6933      1.1859
  velocity          21:    2.1220      20:    8.0230      4.9659      2.3452
  redistribute      16:   16.4900      21:   27.4140     21.9653      4.9225
    atomHalo        16:    5.3460      21:   22.6690     13.9882      8.2568
  force             10:  130.4360      16:  135.3800    133.0114      2.1541
commHalo            20:    1.7700      21:   21.0740     11.4673      9.0872
commReduce           4:    0.3890      21:    2.3670      1.3278      0.9086

---------------------------------------------------
 Average atom update rate:       3.26 us/atom/task
---------------------------------------------------


---------------------------------------------------
 Average all atom update rate:   0.14 us/atom
---------------------------------------------------


---------------------------------------------------
 Average atom rate:              7.35 atoms/us
---------------------------------------------------

Mon Dec 31 22:06:17 2007: CoMD Ending

real 168.56
user 3962.66
sys 33.39
