Mon Dec 31 19:48:48 2007: Starting Initialization


Mini-Application Name    : CoMD-mpi
Mini-Application Version : 1.1
Platform:
  hostname: localhost.localdomain
  kernel name: 'Linux'
  kernel release: '3.10.0-229.el7.x86_64'
  processor: 'x86_64'
Build:
  CC: '/usr/lib64/mpich/bin/mpicc'
  compiler version: 'cc (GCC) 4.8.5 20150623 (Red Hat 4.8.5-4)'
  CFLAGS: '-std=c99 -DDOUBLE -DDO_MPI -g -O5   '
  LDFLAGS: ' -lm '
  using MPI: true
  Threading: none
  Double Precision: true
Run Date/Time: 2007-12-31, 19:48:48

Command Line Parameters:
  doeam: 0
  potDir: pots
  potName: Cu_u6.eam
  potType: funcfl
  nx: 288
  ny: 144
  nz: 144
  xproc: 4
  yproc: 4
  zproc: 3
  Lattice constant: -1 Angstroms
  nSteps: 100
  printRate: 10
  Time step: 1 fs
  Initial Temperature: 600 K
  Initial Delta: 0 Angstroms

Simulation data: 
  Total atoms        : 23887872
  Min global bounds  : [   0.0000000000,   0.0000000000,   0.0000000000 ]
  Max global bounds  : [ 1041.1200000000, 520.5600000000, 520.5600000000 ]

Decomposition data: 
  Processors         :      4,     4,     3
  Local boxes        :     44,    22,    29 =    28072
  Box size           : [   5.9154545455,   5.9154545455,   5.9834482759 ]
  Box factor         : [   1.0221087768,   1.0221087768,   1.0338571535 ] 
  Max Link Cell Occupancy: 32 of 64

Potential data: 
  Potential type   : Lennard-Jones
  Species name     : Cu
  Atomic number    : 29
  Mass             : 63.55 amu
  Lattice Type     : FCC
  Lattice spacing  : 3.615 Angstroms
  Cutoff           : 5.7875 Angstroms
  Epsilon          : 0.167 eV
  Sigma            : 2.315 Angstroms

Memory data: 
  Intrinsic atom footprint =   88 B/atom 
  Total atom footprint     = 2004.750 MB ( 41.77 MB/node)
  Link cell atom footprint = 150.777 MB/node
  Link cell atom footprint = 183.820 MB/node (including halo cell data


Initial energy : -1.166063303635, atom count : 23887872 

Mon Dec 31 19:48:52 2007: Initialization Finished

Mon Dec 31 19:48:52 2007: Starting simulation

#                                                                                         Performance
#  Loop   Time(fs)       Total Energy   Potential Energy     Kinetic Energy  Temperature   (us/atom)     # Atoms
      0       0.00    -1.166063303635    -1.243619295235     0.077555991600     600.0000     0.0000     23887872
     10      10.00    -1.166059648926    -1.233156469342     0.067096820416     519.0842     3.2809     23887872
     20      20.00    -1.166048432327    -1.208180661376     0.042132229049     325.9495     3.4176     23887872
     30      30.00    -1.166037586321    -1.186587816413     0.020550230092     158.9837     3.3496     23887872
     40      40.00    -1.166042094457    -1.183634412875     0.017592318418     136.1003     3.3533     23887872
     50      50.00    -1.166051686250    -1.193724607851     0.027672921601     214.0873     3.3141     23887872
     60      60.00    -1.166054643092    -1.202667642611     0.036612999519     283.2508     3.3631     23887872
     70      70.00    -1.166052134605    -1.204912539995     0.038860405391     300.6375     3.3159     23887872
     80      80.00    -1.166048796113    -1.203639355020     0.037590558908     290.8136     3.3902     23887872
     90      90.00    -1.166048008331    -1.203833297592     0.037785289261     292.3201     3.3507     23887872
    100     100.00    -1.166049796301    -1.206878414776     0.040828618475     315.8643     3.4093     23887872
Mon Dec 31 19:51:39 2007: Ending simulation



Simulation Validation:
  Initial energy  : -1.166063303635
  Final energy    : -1.166049796301
  eFinal/eInitial : 0.999988
  Final atom count : 23887872, no atoms lost


Timings for Rank 0
        Timer        # Calls    Avg/Call (s)   Total (s)    % Loop
___________________________________________________________________
total                      1     171.2260      171.2260      102.57
loop                       1     166.9410      166.9410      100.00
timestep                  10      16.6940      166.9400      100.00
  position               100       0.0369        3.6940        2.21
  velocity               200       0.0382        7.6370        4.57
  redistribute           101       0.2158       21.8000       13.06
    atomHalo             101       0.0959        9.6900        5.80
  force                  101       1.3440      135.7490       81.32
commHalo                 303       0.0217        6.5710        3.94
commReduce                39       0.0314        1.2238        0.73

Timing Statistics Across 48 Ranks:
        Timer        Rank: Min(s)       Rank: Max(s)      Avg(s)    Stdev(s)
_____________________________________________________________________________
total               42:  171.2201      24:  171.9660    171.5916      0.3217
loop                 1:  166.9210      23:  166.9585    166.9319      0.0105
timestep             1:  166.9190      23:  166.9567    166.9309      0.0113
  position           7:    1.2880      10:    4.0990      2.6484      1.1735
  velocity          45:    1.8390      31:    7.8530      4.8479      2.2975
  redistribute      31:   21.2200      44:   32.8540     27.2031      4.9983
    atomHalo         0:    9.6900      24:   28.0820     19.1453      8.4352
  force             36:  130.2320      29:  135.7740    133.0345      2.3020
commHalo            41:    6.2443      24:   26.5330     16.5862      9.2093
commReduce           8:    0.2210      38:    3.2483      1.8488      1.0235

---------------------------------------------------
 Average atom update rate:       3.35 us/atom/task
---------------------------------------------------


---------------------------------------------------
 Average all atom update rate:   0.07 us/atom
---------------------------------------------------


---------------------------------------------------
 Average atom rate:             14.31 atoms/us
---------------------------------------------------

Mon Dec 31 19:51:39 2007: CoMD Ending

real 174.66
user 4074.84
sys 67.03
