Mon Dec 31 21:57:55 2007: Starting Initialization


Mini-Application Name    : CoMD-mpi
Mini-Application Version : 1.1
Platform:
  hostname: localhost.localdomain
  kernel name: 'Linux'
  kernel release: '3.10.0-229.el7.x86_64'
  processor: 'x86_64'
Build:
  CC: '/usr/lib64/mpich/bin/mpicc'
  compiler version: 'cc (GCC) 4.8.5 20150623 (Red Hat 4.8.5-4)'
  CFLAGS: '-std=c99 -DDOUBLE -DDO_MPI -g -O5   '
  LDFLAGS: ' -lm '
  using MPI: true
  Threading: none
  Double Precision: true
Run Date/Time: 2007-12-31, 21:57:55

Command Line Parameters:
  doeam: 0
  potDir: pots
  potName: Cu_u6.eam
  potType: funcfl
  nx: 144
  ny: 144
  nz: 144
  xproc: 2
  yproc: 4
  zproc: 3
  Lattice constant: -1 Angstroms
  nSteps: 100
  printRate: 10
  Time step: 1 fs
  Initial Temperature: 600 K
  Initial Delta: 0 Angstroms

Simulation data: 
  Total atoms        : 11943936
  Min global bounds  : [   0.0000000000,   0.0000000000,   0.0000000000 ]
  Max global bounds  : [ 520.5600000000, 520.5600000000, 520.5600000000 ]

Decomposition data: 
  Processors         :      2,     4,     3
  Local boxes        :     44,    22,    29 =    28072
  Box size           : [   5.9154545455,   5.9154545455,   5.9834482759 ]
  Box factor         : [   1.0221087768,   1.0221087768,   1.0338571535 ] 
  Max Link Cell Occupancy: 32 of 64

Potential data: 
  Potential type   : Lennard-Jones
  Species name     : Cu
  Atomic number    : 29
  Mass             : 63.55 amu
  Lattice Type     : FCC
  Lattice spacing  : 3.615 Angstroms
  Cutoff           : 5.7875 Angstroms
  Epsilon          : 0.167 eV
  Sigma            : 2.315 Angstroms

Memory data: 
  Intrinsic atom footprint =   88 B/atom 
  Total atom footprint     = 1002.375 MB ( 41.77 MB/node)
  Link cell atom footprint = 150.777 MB/node
  Link cell atom footprint = 183.820 MB/node (including halo cell data


Initial energy : -1.166063303635, atom count : 11943936 

Mon Dec 31 21:57:58 2007: Initialization Finished

Mon Dec 31 21:57:58 2007: Starting simulation

#                                                                                         Performance
#  Loop   Time(fs)       Total Energy   Potential Energy     Kinetic Energy  Temperature   (us/atom)     # Atoms
      0       0.00    -1.166063303635    -1.243619295235     0.077555991600     600.0000     0.0000     11943936
     10      10.00    -1.166059649406    -1.233156263032     0.067096613625     519.0826     3.0834     11943936
     20      20.00    -1.166048433442    -1.208179712497     0.042131279055     325.9422     3.2679     11943936
     30      30.00    -1.166037586894    -1.186585625849     0.020548038955     158.9667     3.2683     11943936
     40      40.00    -1.166042094066    -1.183631409992     0.017589315927     136.0770     3.2618     11943936
     50      50.00    -1.166051685471    -1.193722569562     0.027670884091     214.0715     3.2580     11943936
     60      60.00    -1.166054642785    -1.202668589764     0.036613946979     283.2582     3.2630     11943936
     70      70.00    -1.166052136306    -1.204917000628     0.038864864322     300.6720     3.2590     11943936
     80      80.00    -1.166048799577    -1.203645039062     0.037596239485     290.8575     3.2584     11943936
     90      90.00    -1.166048009737    -1.203836257034     0.037788247298     292.3430     3.2653     11943936
    100     100.00    -1.166049794039    -1.206876626326     0.040826832287     315.8505     3.2598     11943936
Mon Dec 31 22:00:40 2007: Ending simulation



Simulation Validation:
  Initial energy  : -1.166063303635
  Final energy    : -1.166049794039
  eFinal/eInitial : 0.999988
  Final atom count : 11943936, no atoms lost


Timings for Rank 0
        Timer        # Calls    Avg/Call (s)   Total (s)    % Loop
___________________________________________________________________
total                      1     165.2650      165.2650      102.35
loop                       1     161.4710      161.4710      100.00
timestep                  10      16.1467      161.4670      100.00
  position               100       0.0368        3.6831        2.28
  velocity               200       0.0366        7.3239        4.54
  redistribute           101       0.1614       16.2991       10.09
    atomHalo             101       0.0535        5.4051        3.35
  force                  101       1.3410      135.4434       83.88
commHalo                 303       0.0079        2.3877        1.48
commReduce                39       0.0209        0.8139        0.50

Timing Statistics Across 24 Ranks:
        Timer        Rank: Min(s)       Rank: Max(s)      Avg(s)    Stdev(s)
_____________________________________________________________________________
total               21:  165.0890      16:  165.9060    165.4045      0.2541
loop                 0:  161.4710       1:  162.2698    161.6308      0.2761
timestep             0:  161.4670       1:  162.2689    161.6282      0.2770
  position           5:    1.1840      21:    4.1110      2.5932      1.2011
  velocity          10:    1.5150       6:    7.6953      4.7336      2.3929
  redistribute       0:   16.2991      10:   28.1749     22.3667      5.0799
    atomHalo         0:    5.4051      10:   23.5126     14.5653      8.2817
  force              3:  129.3573       0:  135.4434    132.4236      2.3170
commHalo            19:    1.9476      10:   21.8101     11.9902      9.1692
commReduce           6:    0.0602       5:    3.0633      1.5384      1.2712

---------------------------------------------------
 Average atom update rate:       3.25 us/atom/task
---------------------------------------------------


---------------------------------------------------
 Average all atom update rate:   0.14 us/atom
---------------------------------------------------


---------------------------------------------------
 Average atom rate:              7.39 atoms/us
---------------------------------------------------

Mon Dec 31 22:00:41 2007: CoMD Ending

real 170.62
user 4010.09
sys 32.17
