Mon Dec 31 19:45:55 2007: Starting Initialization


Mini-Application Name    : CoMD-mpi
Mini-Application Version : 1.1
Platform:
  hostname: localhost.localdomain
  kernel name: 'Linux'
  kernel release: '3.10.0-229.el7.x86_64'
  processor: 'x86_64'
Build:
  CC: '/usr/lib64/mpich/bin/mpicc'
  compiler version: 'cc (GCC) 4.8.5 20150623 (Red Hat 4.8.5-4)'
  CFLAGS: '-std=c99 -DDOUBLE -DDO_MPI -g -O5   '
  LDFLAGS: ' -lm '
  using MPI: true
  Threading: none
  Double Precision: true
Run Date/Time: 2007-12-31, 19:45:55

Command Line Parameters:
  doeam: 0
  potDir: pots
  potName: Cu_u6.eam
  potType: funcfl
  nx: 288
  ny: 144
  nz: 144
  xproc: 4
  yproc: 4
  zproc: 3
  Lattice constant: -1 Angstroms
  nSteps: 100
  printRate: 10
  Time step: 1 fs
  Initial Temperature: 600 K
  Initial Delta: 0 Angstroms

Simulation data: 
  Total atoms        : 23887872
  Min global bounds  : [   0.0000000000,   0.0000000000,   0.0000000000 ]
  Max global bounds  : [ 1041.1200000000, 520.5600000000, 520.5600000000 ]

Decomposition data: 
  Processors         :      4,     4,     3
  Local boxes        :     44,    22,    29 =    28072
  Box size           : [   5.9154545455,   5.9154545455,   5.9834482759 ]
  Box factor         : [   1.0221087768,   1.0221087768,   1.0338571535 ] 
  Max Link Cell Occupancy: 32 of 64

Potential data: 
  Potential type   : Lennard-Jones
  Species name     : Cu
  Atomic number    : 29
  Mass             : 63.55 amu
  Lattice Type     : FCC
  Lattice spacing  : 3.615 Angstroms
  Cutoff           : 5.7875 Angstroms
  Epsilon          : 0.167 eV
  Sigma            : 2.315 Angstroms

Memory data: 
  Intrinsic atom footprint =   88 B/atom 
  Total atom footprint     = 2004.750 MB ( 41.77 MB/node)
  Link cell atom footprint = 150.777 MB/node
  Link cell atom footprint = 183.820 MB/node (including halo cell data


Initial energy : -1.166063303635, atom count : 23887872 

Mon Dec 31 19:45:58 2007: Initialization Finished

Mon Dec 31 19:45:58 2007: Starting simulation

#                                                                                         Performance
#  Loop   Time(fs)       Total Energy   Potential Energy     Kinetic Energy  Temperature   (us/atom)     # Atoms
      0       0.00    -1.166063303635    -1.243619295235     0.077555991600     600.0000     0.0000     23887872
     10      10.00    -1.166059648926    -1.233156469342     0.067096820416     519.0842     3.2886     23887872
     20      20.00    -1.166048432327    -1.208180661376     0.042132229049     325.9495     3.3450     23887872
     30      30.00    -1.166037586321    -1.186587816413     0.020550230092     158.9837     3.3798     23887872
     40      40.00    -1.166042094457    -1.183634412875     0.017592318418     136.1003     3.3089     23887872
     50      50.00    -1.166051686250    -1.193724607851     0.027672921601     214.0873     3.3000     23887872
     60      60.00    -1.166054643092    -1.202667642611     0.036612999519     283.2508     3.3062     23887872
     70      70.00    -1.166052134605    -1.204912539995     0.038860405391     300.6375     3.3237     23887872
     80      80.00    -1.166048796113    -1.203639355020     0.037590558908     290.8136     3.3967     23887872
     90      90.00    -1.166048008331    -1.203833297592     0.037785289261     292.3201     3.4069     23887872
    100     100.00    -1.166049796301    -1.206878414776     0.040828618475     315.8643     3.3665     23887872
Mon Dec 31 19:48:44 2007: Ending simulation



Simulation Validation:
  Initial energy  : -1.166063303635
  Final energy    : -1.166049796301
  eFinal/eInitial : 0.999988
  Final atom count : 23887872, no atoms lost


Timings for Rank 0
        Timer        # Calls    Avg/Call (s)   Total (s)    % Loop
___________________________________________________________________
total                      1     168.8900      168.8900      101.54
loop                       1     166.3350      166.3350      100.00
timestep                  10      16.6331      166.3310      100.00
  position               100       0.0163        1.6310        0.98
  velocity               200       0.0132        2.6470        1.59
  redistribute           101       0.3067       30.9740       18.62
    atomHalo             101       0.2606       26.3170       15.82
  force                  101       1.2938      130.6710       78.56
commHalo                 303       0.0814       24.6510       14.82
commReduce                39       0.0570        2.2220        1.34

Timing Statistics Across 48 Ranks:
        Timer        Rank: Min(s)       Rank: Max(s)      Avg(s)    Stdev(s)
_____________________________________________________________________________
total               18:  168.7490      41:  169.1710    168.9402      0.1225
loop                 1:  166.1930      27:  166.3526    166.2985      0.0589
timestep             1:  166.1910      39:  166.3507    166.2961      0.0587
  position          11:    1.2590      37:    4.1736      2.6492      1.1501
  velocity          13:    1.9041      41:    7.8632      4.9071      2.2616
  redistribute      41:   19.9735      13:   31.5845     25.8925      4.8810
    atomHalo        41:    8.3728      13:   26.8506     17.8553      8.2637
  force             15:  130.5533      41:  135.9791    133.1932      2.2276
commHalo            43:    5.2580      13:   25.0800     15.4643      8.9199
commReduce          41:    0.2238      13:    2.3441      1.2800      0.8904

---------------------------------------------------
 Average atom update rate:       3.34 us/atom/task
---------------------------------------------------


---------------------------------------------------
 Average all atom update rate:   0.07 us/atom
---------------------------------------------------


---------------------------------------------------
 Average atom rate:             14.36 atoms/us
---------------------------------------------------

Mon Dec 31 19:48:44 2007: CoMD Ending

real 172.06
user 4021.70
sys 61.79
