
Clover Version    1.000
       MPI Version
   Task Count     24


Clover Version    1.000
       MPI Version
   Task Count     24

 Output file clover.out opened. All output will go there.
 Step       1 time   0.0000000 control    sound    timestep   7.70E-04       1,       1 x  6.51E-04 y  6.51E-04
 Wall clock    1.2755391597747803     
 Average time per cell    2.1625758866624287E-008
 Step time per cell       2.1625758866624287E-008
 Step       2 time   0.0007703 control    sound    timestep   4.70E-04       1,       1 x  6.51E-04 y  6.51E-04
 Wall clock    2.5554821491241455     
 Average time per cell    2.1663090592483058E-008
 Step time per cell       2.1698251657653600E-008
 Step       3 time   0.0012405 control    sound    timestep   5.97E-04       1,       1 x  6.51E-04 y  6.51E-04
 Wall clock    3.8365709781646729     
 Average time per cell    2.1682010103379271E-008
 Step time per cell       2.1716611324033391E-008
 Step       4 time   0.0018380 control    sound    timestep   6.29E-04       1,       1 x  6.51E-04 y  6.51E-04
 Wall clock    5.1163730621337891     
 Average time per cell    2.1686015922265750E-008
 Step time per cell       2.1695947604409109E-008
 Step       5 time   0.0024675 control    sound    timestep   6.93E-04       1,       1 x  6.51E-04 y  6.51E-04
 Wall clock    6.3947670459747314     
 Average time per cell    2.1683644768523260E-008
 Step time per cell       2.1671920775487606E-008
 Step       6 time   0.0031602 control    sound    timestep   6.91E-04       1,       1 x  6.51E-04 y  6.51E-04
 Wall clock    7.6766459941864014     
 Average time per cell    2.1691911469032575E-008
 Step time per cell       2.1730835821169119E-008
 Step       7 time   0.0038513 control    sound    timestep   7.04E-04       1,       1 x  6.51E-04 y  6.51E-04
 Wall clock    8.9552321434020996     
 Average time per cell    2.1689840997125776E-008
 Step time per cell       2.1675057521659053E-008
 Step       8 time   0.0045556 control    sound    timestep   7.41E-04       1,       1 x  6.51E-04 y  6.51E-04
 Wall clock    10.236082077026367     
 Average time per cell    2.1693085727747529E-008
 Step time per cell       2.1713749447371811E-008
 Step       9 time   0.0052964 control    sound    timestep   7.33E-04       1,       1 x  6.51E-04 y  6.51E-04
 Wall clock    11.516559123992920     
 Average time per cell    2.1694906962817007E-008
 Step time per cell       2.1707560841201079E-008
 Step      10 time   0.0060292 control    sound    timestep   7.28E-04       1,       1 x  6.51E-04 y  6.51E-04
 Wall clock    12.849583148956299     
 Average time per cell    2.1785453201219855E-008
 Step time per cell       2.2598049124806292E-008
 Step      11 time   0.0067568 control    sound    timestep   7.22E-04       1,       1 x  6.51E-04 y  6.51E-04
 Wall clock    14.123399972915649     
 Average time per cell    2.1768280912327081E-008
 Step time per cell       2.1595490882949281E-008
 Step      12 time   0.0074792 control    sound    timestep   7.20E-04       1,       1 x  6.51E-04 y  6.51E-04
 Wall clock    15.406911134719849     
 Average time per cell    2.1767667324941916E-008
 Step time per cell       2.1758710823228790E-008
 Step      13 time   0.0081988 control    sound    timestep   7.21E-04       1,       1 x  6.51E-04 y  6.51E-04
 Wall clock    16.683753967285156     
 Average time per cell    2.1758451500636898E-008
 Step time per cell       2.1645658610699076E-008
 Step      14 time   0.0089202 control    sound    timestep   7.24E-04       1,       1 x  6.51E-04 y  6.51E-04
 Wall clock    17.964272022247314     
 Average time per cell    2.1755002972130323E-008
 Step time per cell       2.1708102495823469E-008
 Step      15 time   0.0096444 control    sound    timestep   7.25E-04       1,       1 x  6.51E-04 y  6.51E-04
 Wall clock    19.246092081069946     
 Average time per cell    2.1753485877222070E-008
 Step time per cell       2.1730209280374563E-008
 Step      16 time   0.0103697 control    sound    timestep   7.26E-04       1,       1 x  6.51E-04 y  6.51E-04
 Wall clock    20.524340152740479     
 Average time per cell    2.1748373405393473E-008
 Step time per cell       2.1669212502375660E-008
 Step      17 time   0.0110953 control    sound    timestep   7.26E-04       1,       1 x  6.51E-04 y  6.51E-04
 Wall clock    21.803349971771240     
 Average time per cell    2.1744622096413246E-008
 Step time per cell       2.1682567926796360E-008
 Step      18 time   0.0118213 control    sound    timestep   7.26E-04       1,       1 x  6.51E-04 y  6.51E-04
 Wall clock    23.081894159317017     
 Average time per cell    2.1740849020985748E-008
 Step time per cell       2.1674685639380993E-008
 Step      19 time   0.0125475 control    sound    timestep   7.26E-04       1,       1 x  6.51E-04 y  6.51E-04
 Wall clock    24.361172199249268     
 Average time per cell    2.1738127947577998E-008
 Step time per cell       2.1686998176543663E-008
 Step      20 time   0.0132737 control    sound    timestep   7.26E-04       1,       1 x  6.51E-04 y  6.51E-04
 Wall clock    25.695634126663208     
 Average time per cell    2.1782458942551685E-008
 Step time per cell       2.2622730789913072E-008
 Step      21 time   0.0140001 control    sound    timestep   7.27E-04       1,       1 x  6.51E-04 y  6.51E-04
 Wall clock    26.971125125885010     
 Average time per cell    2.1774958152072650E-008
 Step time per cell       2.1623790315869781E-008
 Step      22 time   0.0147268 control    sound    timestep   7.27E-04       1,       1 x  6.51E-04 y  6.51E-04
 Wall clock    28.251645088195801     
 Average time per cell    2.1772014801484540E-008
 Step time per cell       2.1708219719585030E-008
 Step      23 time   0.0154537 control    sound    timestep   7.27E-04       1,       1 x  6.51E-04 y  6.51E-04
 Wall clock    29.529894113540649     
 Average time per cell    2.1767653396931265E-008
 Step time per cell       2.1669600553448416E-008
 Step      24 time   0.0161807 control    sound    timestep   7.27E-04       1,       1 x  6.51E-04 y  6.51E-04
 Wall clock    30.812771081924438     
 Average time per cell    2.1766924739360413E-008
 Step time per cell       2.1748180895681598E-008
 Step      25 time   0.0169080 control    sound    timestep   7.27E-04       1,       1 x  6.51E-04 y  6.51E-04
 Wall clock    32.090888977050781     
 Average time per cell    2.1763026921285522E-008
 Step time per cell       2.1666952913316587E-008
 Step      26 time   0.0176355 control    sound    timestep   7.28E-04       1,       1 x  6.51E-04 y  6.51E-04
 Wall clock    33.369017124176025     
 Average time per cell    2.1759435620544972E-008
 Step time per cell       2.1667817943832942E-008
 Step      27 time   0.0183631 control    sound    timestep   7.28E-04       1,       1 x  6.51E-04 y  6.51E-04
 Wall clock    34.646143198013306     
 Average time per cell    2.1755481106487827E-008
 Step time per cell       2.1650646683863468E-008
 Step      28 time   0.0190909 control    sound    timestep   7.28E-04       1,       1 x  6.51E-04 y  6.51E-04
 Wall clock    35.927247047424316     
 Average time per cell    2.1754217630673555E-008
 Step time per cell       2.1718155443927065E-008
 Step      29 time   0.0198188 control    sound    timestep   7.28E-04       1,       1 x  6.51E-04 y  6.51E-04
 Wall clock    37.206706047058105     
 Average time per cell    2.1752079665996278E-008
 Step time per cell       2.1690199597893904E-008
 Step      30 time   0.0205468 control    sound    timestep   7.28E-04       1,       1 x  6.51E-04 y  6.51E-04
 Wall clock    38.539961099624634     
 Average time per cell    2.1780486551708438E-008
 Step time per cell       2.2602216631639750E-008
 Step      31 time   0.0212748 control    sound    timestep   7.28E-04       1,       1 x  6.51E-04 y  6.51E-04
 Wall clock    39.812535047531128     
 Average time per cell    2.1773873632031037E-008
 Step time per cell       2.1574382521470803E-008
 Step      32 time   0.0220028 control    sound    timestep   7.28E-04       1,       1 x  6.51E-04 y  6.51E-04
 Wall clock    41.095671176910400     
 Average time per cell    2.1773270064942253E-008
 Step time per cell       2.1752421162091196E-008
 Step      33 time   0.0227308 control    sound    timestep   7.28E-04       1,       1 x  6.51E-04 y  6.51E-04
 Wall clock    42.371664047241211     
 Average time per cell    2.1769033128753152E-008
 Step time per cell       2.1630860121351564E-008
 Step      34 time   0.0234590 control    sound    timestep   7.28E-04       1,       1 x  6.51E-04 y  6.51E-04
 Wall clock    43.650892972946167     
 Average time per cell    2.1766659093593107E-008
 Step time per cell       2.1686468648517296E-008
 Step      35 time   0.0241873 control    sound    timestep   7.28E-04       1,       1 x  6.51E-04 y  6.51E-04
 Wall clock    44.928464174270630     
 Average time per cell    2.1763617705945517E-008
 Step time per cell       2.1658225806378241E-008
 Step      36 time   0.0249157 control    sound    timestep   7.29E-04       1,       1 x  6.51E-04 y  6.51E-04
 Wall clock    46.209383964538574     
 Average time per cell    2.1762322303177904E-008
 Step time per cell       2.1714897431795383E-008
 Step      37 time   0.0256442 control    sound    timestep   7.29E-04       1,       1 x  6.51E-04 y  6.51E-04
 Wall clock    47.488675117492676     
 Average time per cell    2.1760350644907301E-008
 Step time per cell       2.1687402396411118E-008
 Step      38 time   0.0263728 control    sound    timestep   7.29E-04       1,       1 x  6.51E-04 y  6.51E-04
 Wall clock    48.771157026290894     
 Average time per cell    2.1759906356673611E-008
 Step time per cell       2.1741434466093778E-008
 Step      39 time   0.0271016 control    sound    timestep   7.29E-04       1,       1 x  6.51E-04 y  6.51E-04
 Wall clock    50.048472166061401     
 Average time per cell    2.1757238737388417E-008
 Step time per cell       2.1653953202379248E-008
 Step      40 time   0.0278304 control    sound    timestep   7.29E-04       1,       1 x  6.51E-04 y  6.51E-04
 Wall clock    51.451605081558228     
 Average time per cell    2.1808033024070836E-008
 Step time per cell       2.3787215468473732E-008
 Step      41 time   0.0285593 control    sound    timestep   7.29E-04       1,       1 x  6.51E-04 y  6.51E-04
 Wall clock    52.725759983062744     
 Average time per cell    2.1803014898145203E-008
 Step time per cell       2.1601101454709552E-008
 Step      42 time   0.0292882 control    sound    timestep   7.29E-04       1,       1 x  6.51E-04 y  6.51E-04
 Wall clock    54.007606983184814     
 Average time per cell    2.1801340812878812E-008
 Step time per cell       2.1730787314785024E-008
 Step      43 time   0.0300171 control    sound    timestep   7.29E-04       1,       1 x  6.51E-04 y  6.51E-04
 Wall clock    55.287513017654419     
 Average time per cell    2.1798979300429241E-008
 Step time per cell       2.1697895944170239E-008
 Step      44 time   0.0307460 control    sound    timestep   7.29E-04       1,       1 x  6.51E-04 y  6.51E-04
 Wall clock    56.567263126373291     
 Average time per cell    2.1796665047683444E-008
 Step time per cell       2.1695268515031785E-008
 Step      45 time   0.0314750 control    sound    timestep   7.29E-04       1,       1 x  6.51E-04 y  6.51E-04
 Wall clock    57.854833126068115     
 Average time per cell    2.1797399874489158E-008
 Step time per cell       2.1827662648219200E-008
 Step      46 time   0.0322040 control    sound    timestep   7.29E-04       1,       1 x  6.51E-04 y  6.51E-04
 Wall clock    59.135560989379883     
 Average time per cell    2.1795580947573707E-008
 Step time per cell       2.1711643461862371E-008
 Step      47 time   0.0329331 control    sound    timestep   7.29E-04       1,       1 x  6.51E-04 y  6.51E-04
 Wall clock    60.415754079818726     
 Average time per cell    2.1793646514322167E-008
 Step time per cell       2.1702609147824759E-008
 Step      48 time   0.0336623 control    sound    timestep   7.29E-04       1,       1 x  6.51E-04 y  6.51E-04
 Wall clock    61.694041967391968     
 Average time per cell    2.1791119740589273E-008
 Step time per cell       2.1670328149209833E-008
 Step      49 time   0.0343915 control    sound    timestep   7.29E-04       1,       1 x  6.51E-04 y  6.51E-04
 Wall clock    62.976267099380493     
 Average time per cell    2.1790058403925300E-008
 Step time per cell       2.1737076975922618E-008
 Step      50 time   0.0351209 control    sound    timestep   7.29E-04       1,       1 x  6.51E-04 y  6.51E-04
 Wall clock    64.306980133056641     
 Average time per cell    2.1805481002148655E-008
 Step time per cell       2.2559187426749202E-008
 Step      51 time   0.0358503 control    sound    timestep   7.30E-04       1,       1 x  6.51E-04 y  6.51E-04
 Wall clock    65.583486080169678     
 Average time per cell    2.1802278433131027E-008
 Step time per cell       2.1641050504210094E-008
 Step      52 time   0.0365798 control    sound    timestep   7.30E-04       1,       1 x  6.51E-04 y  6.51E-04
 Wall clock    66.862092018127441     
 Average time per cell    2.1799883726112640E-008
 Step time per cell       2.1675837666003242E-008
 Step      53 time   0.0373094 control    sound    timestep   7.30E-04       1,       1 x  6.51E-04 y  6.51E-04
 Wall clock    68.145188093185425     
 Average time per cell    2.1799015738748491E-008
 Step time per cell       2.1751996731230369E-008
 Step      54 time   0.0380391 control    sound    timestep   7.30E-04       1,       1 x  6.51E-04 y  6.51E-04
 Wall clock    69.422722101211548     
 Average time per cell    2.1796433594381559E-008
 Step time per cell       2.1657425451040683E-008
 Step      55 time   0.0387688 control    sound    timestep   7.30E-04       1,       1 x  6.51E-04 y  6.51E-04
 Wall clock    70.701315164566040     
 Average time per cell    2.1794271808837287E-008
 Step time per cell       2.1675518332307953E-008
 Step      56 time   0.0394984 control    sound    timestep   7.30E-04       1,       1 x  6.51E-04 y  6.51E-04
 Wall clock    71.983375072479248     
 Average time per cell    2.1793236830114713E-008
 Step time per cell       2.1734332323022600E-008
 Step      57 time   0.0402281 control    sound    timestep   7.30E-04       1,       1 x  6.51E-04 y  6.51E-04
 Wall clock    73.263175964355469     
 Average time per cell    2.1791566239550101E-008
 Step time per cell       2.1695979941998504E-008
 Step      58 time   0.0409578 control    sound    timestep   7.30E-04       1,       1 x  6.51E-04 y  6.51E-04
 Wall clock    74.544406175613403     
 Average time per cell    2.1790371065574850E-008
 Step time per cell       2.1720326104615299E-008
 Step      59 time   0.0416876 control    sound    timestep   7.30E-04       1,       1 x  6.51E-04 y  6.51E-04
 Wall clock    75.823212146759033     
 Average time per cell    2.1788519777562785E-008
 Step time per cell       2.1679043129552156E-008
 Step      60 time   0.0424174 control    sound    timestep   7.30E-04       1,       1 x  6.51E-04 y  6.51E-04
 Wall clock    77.157577991485596     
 Average time per cell    2.1802429761953170E-008
 Step time per cell       2.2621170501224698E-008
 Step      61 time   0.0431473 control    sound    timestep   7.30E-04       1,       1 x  6.51E-04 y  6.51E-04
 Wall clock    78.433717966079712     
 Average time per cell    2.1799700506958596E-008
 Step time per cell       2.1634809349456595E-008
 Step      62 time   0.0438772 control    sound    timestep   7.30E-04       1,       1 x  6.51E-04 y  6.51E-04
 Wall clock    79.713057994842529     
 Average time per cell    2.1797934363264002E-008
 Step time per cell       2.1688178498556630E-008
 Step      63 time   0.0446072 control    sound    timestep   7.30E-04       1,       1 x  6.51E-04 y  6.51E-04
 Wall clock    80.994054079055786     
 Average time per cell    2.1796669956067548E-008
 Step time per cell       2.1716207104165935E-008
 Step      64 time   0.0453372 control    sound    timestep   7.30E-04       1,       1 x  6.51E-04 y  6.51E-04
 Wall clock    82.275326967239380     
 Average time per cell    2.1795518389606311E-008
 Step time per cell       2.1721086037966112E-008
 Step      65 time   0.0460673 control    sound    timestep   7.30E-04       1,       1 x  6.51E-04 y  6.51E-04
 Wall clock    83.555124044418335     
 Average time per cell    2.1794017314270107E-008
 Step time per cell       2.1695842507243570E-008
 Step      66 time   0.0467975 control    sound    timestep   7.30E-04       1,       1 x  6.51E-04 y  6.51E-04
 Wall clock    84.837355136871338     
 Average time per cell    2.1793186980705733E-008
 Step time per cell       2.1737283128055019E-008
 Step      67 time   0.0475278 control    sound    timestep   7.30E-04       1,       1 x  6.51E-04 y  6.51E-04
 Wall clock    86.118587970733643     
 Average time per cell    2.1792128825966409E-008
 Step time per cell       2.1720087614893499E-008
 Step      68 time   0.0482581 control    sound    timestep   7.30E-04       1,       1 x  6.51E-04 y  6.51E-04
 Wall clock    87.398437023162842     
 Average time per cell    2.1790756779879611E-008
 Step time per cell       2.1696760086342693E-008
 Step      69 time   0.0489885 control    sound    timestep   7.30E-04       1,       1 x  6.51E-04 y  6.51E-04
 Wall clock    88.677896976470947     
 Average time per cell    2.1789328896458563E-008
 Step time per cell       2.1690417876622328E-008
 Step      70 time   0.0497188 control    sound    timestep   7.30E-04       1,       1 x  6.51E-04 y  6.51E-04
 Wall clock    90.011278152465820     
 Average time per cell    2.1801001691658582E-008
 Step time per cell       2.2604403461122680E-008
 Step      71 time   0.0504492 control    sound    timestep   7.30E-04       1,       1 x  6.51E-04 y  6.51E-04
 Wall clock    91.288825035095215     
 Average time per cell    2.1799012910391034E-008
 Step time per cell       2.1658714912417863E-008
 Step      72 time   0.0511795 control    sound    timestep   7.30E-04       1,       1 x  6.51E-04 y  6.51E-04
 Wall clock    92.569610118865967     
 Average time per cell    2.1797841888914217E-008
 Step time per cell       2.1712629758338961E-008
 Step      73 time   0.0519100 control    sound    timestep   7.30E-04       1,       1 x  6.51E-04 y  6.51E-04
 Wall clock    93.851050138473511     
 Average time per cell    2.1796855058707440E-008
 Step time per cell       2.1724008547607809E-008
 Step      74 time   0.0526404 control    sound    timestep   7.30E-04       1,       1 x  6.51E-04 y  6.51E-04
 Wall clock    95.132328033447266     
 Average time per cell    2.1795857755058969E-008
 Step time per cell       2.1721122417754184E-008
 Step      75 time   0.0533709 control    sound    timestep   7.31E-04       1,       1 x  6.51E-04 y  6.51E-04
 Wall clock    96.413033962249756     
 Average time per cell    2.1794757749712855E-008
 Step time per cell       2.1711388803345876E-008
 Step      76 time   0.0541014 control    sound    timestep   7.31E-04       1,       1 x  6.51E-04 y  6.51E-04
 Wall clock    97.694889068603516     
 Average time per cell    2.1793943052370732E-008
 Step time per cell       2.1730819652374419E-008
 Step      77 time   0.0548320 control    sound    timestep   7.31E-04       1,       1 x  6.51E-04 y  6.51E-04
 Wall clock    98.974445104598999     
 Average time per cell    2.1792643296234660E-008
 Step time per cell       2.1691929658926610E-008
 Step      78 time   0.0555626 control    sound    timestep   7.31E-04       1,       1 x  6.51E-04 y  6.51E-04
 Wall clock    100.25801515579224     
 Average time per cell    2.1792249360215982E-008
 Step time per cell       2.1760052833188741E-008
 Step      79 time   0.0562933 control    sound    timestep   7.31E-04       1,       1 x  6.51E-04 y  6.51E-04
 Wall clock    101.54014301300049     
 Average time per cell    2.1791555887643566E-008
 Step time per cell       2.1735262028717745E-008
 Step      80 time   0.0570241 control    sound    timestep   7.31E-04       1,       1 x  6.51E-04 y  6.51E-04
 Wall clock    102.87272906303406     
 Average time per cell    2.1801573236896529E-008
 Step time per cell       2.2591128880675469E-008
 Step      81 time   0.0577549 control    sound    timestep   7.31E-04       1,       1 x  6.51E-04 y  6.51E-04
 Wall clock    104.15001416206360     
 Average time per cell    2.1799768133817781E-008
 Step time per cell       2.1654308915862605E-008
 Step      82 time   0.0584859 control    sound    timestep   7.31E-04       1,       1 x  6.51E-04 y  6.51E-04
 Wall clock    105.43089318275452     
 Average time per cell    2.1798750132068029E-008
 Step time per cell       2.1714157709437940E-008
 Step      83 time   0.0592168 control    sound    timestep   7.31E-04       1,       1 x  6.51E-04 y  6.51E-04
 Wall clock    106.71228909492493     
 Average time per cell    2.1797862244658347E-008
 Step time per cell       2.1723159685886153E-008
 Step      84 time   0.0599477 control    sound    timestep   7.31E-04       1,       1 x  6.51E-04 y  6.51E-04
 Wall clock    107.99489808082581     
 Average time per cell    2.1797240339173373E-008
 Step time per cell       2.1743621295576707E-008
 Step      85 time   0.0606786 control    sound    timestep   7.31E-04       1,       1 x  6.51E-04 y  6.51E-04
 Wall clock    109.27588915824890     
 Average time per cell    2.1796310356638572E-008
 Step time per cell       2.1716174766576540E-008
 Step      86 time   0.0614096 control    sound    timestep   7.31E-04       1,       1 x  6.51E-04 y  6.51E-04
 Wall clock    110.59876918792725     
 Average time per cell    2.1803660072489747E-008
 Step time per cell       2.2426575014833360E-008
 Step      87 time   0.0621405 control    sound    timestep   7.31E-04       1,       1 x  6.51E-04 y  6.51E-04
 Wall clock    111.92154502868652     
 First step overhead  -4.2757987976074219E-003
real 112.36
user 2688.86
sys 6.00
