
Clover Version    1.000
       MPI Version
   Task Count    192

 Output file clover.out opened. All output will go there.

Clover Version    1.000
       MPI Version
   Task Count    192

 Step       1 time   0.0000000 control    sound    timestep   1.93E-04       1,       1 x  1.63E-04 y  3.26E-04
 Wall clock    1.3346619606018066     
 Average time per cell    2.8285174064674519E-009
 Step time per cell       2.8285174064674519E-009
 Step       2 time   0.0001926 control    sound    timestep   1.62E-04       1,       1 x  1.63E-04 y  3.26E-04
 Wall clock    2.8730340003967285     
 Average time per cell    3.0443763737114043E-009
 Step time per cell       3.2599786613395230E-009
 Step       3 time   0.0003548 control    sound    timestep   1.48E-04       1,       1 x  1.63E-04 y  3.26E-04
 Wall clock    4.2546420097351074     
 Average time per cell    3.0055872668055126E-009
 Step time per cell       2.9277336782090262E-009
 Step       4 time   0.0005028 control    sound    timestep   1.54E-04       1,       1 x  1.63E-04 y  3.26E-04
 Wall clock    5.6382400989532471     
 Average time per cell    2.9872470956130806E-009
 Step time per cell       2.9319385753802232E-009
 Step       5 time   0.0006573 control    sound    timestep   1.68E-04       1,       1 x  1.63E-04 y  3.26E-04
 Wall clock    7.0114140510559082     
 Average time per cell    2.9718246676364084E-009
 Step time per cell       2.9098762550145491E-009
 Step       6 time   0.0008248 control    sound    timestep   1.74E-04       1,       1 x  1.63E-04 y  3.26E-04
 Wall clock    8.3253180980682373     
 Average time per cell    2.9406081651999286E-009
 Step time per cell       2.7842310777891219E-009
 Step       7 time   0.0009990 control    sound    timestep   1.77E-04       1,       1 x  1.63E-04 y  3.26E-04
 Wall clock    9.7483689785003662     
 Average time per cell    2.9513552767134064E-009
 Step time per cell       3.0155964244234687E-009
 Step       8 time   0.0011761 control    sound    timestep   1.83E-04       1,       1 x  1.63E-04 y  3.26E-04
 Wall clock    11.132560014724731     
 Average time per cell    2.9491212671928223E-009
 Step time per cell       2.9332416791779298E-009
 Step       9 time   0.0013593 control    sound    timestep   1.82E-04       1,       1 x  1.63E-04 y  3.26E-04
 Wall clock    12.520709991455078     
 Average time per cell    2.9483159363016855E-009
 Step time per cell       2.9415933669143771E-009
 Step      10 time   0.0015413 control    sound    timestep   1.82E-04       1,       1 x  1.63E-04 y  3.26E-04
 Wall clock    13.976567983627319     
 Average time per cell    2.9620208705536142E-009
 Step time per cell       3.0851363893210268E-009
 Step      11 time   0.0017234 control    sound    timestep   1.82E-04       1,       1 x  1.63E-04 y  3.26E-04
 Wall clock    15.281136035919189     
 Average time per cell    2.9440862551446758E-009
 Step time per cell       2.7646910893963649E-009
 Step      12 time   0.0019050 control    sound    timestep   1.81E-04       1,       1 x  1.63E-04 y  3.26E-04
 Wall clock    16.685573101043701     
 Average time per cell    2.9467782446267343E-009
 Step time per cell       2.9761122277704999E-009
 Step      13 time   0.0020863 control    sound    timestep   1.81E-04       1,       1 x  1.63E-04 y  3.26E-04
 Wall clock    18.062243938446045     
 Average time per cell    2.9445295967111905E-009
 Step time per cell       2.9172790366121465E-009
 Step      14 time   0.0022674 control    sound    timestep   1.81E-04       1,       1 x  1.63E-04 y  3.26E-04
 Wall clock    19.451333045959473     
 Average time per cell    2.9444820231421747E-009
 Step time per cell       2.9436048660297982E-009
 Step      15 time   0.0024489 control    sound    timestep   1.82E-04       1,       1 x  1.63E-04 y  3.26E-04
 Wall clock    20.872394084930420     
 Average time per cell    2.9489579497344997E-009
 Step time per cell       3.0113647476860529E-009
 Step      16 time   0.0026306 control    sound    timestep   1.82E-04       1,       1 x  1.63E-04 y  3.26E-04
 Wall clock    22.185622930526733     
 Average time per cell    2.9385914975440151E-009
 Step time per cell       2.7828850256304979E-009
 Step      17 time   0.0028124 control    sound    timestep   1.82E-04       1,       1 x  1.63E-04 y  3.26E-04
 Wall clock    23.579216957092285     
 Average time per cell    2.9394632173790385E-009
 Step time per cell       2.9531752766666209E-009
 Step      18 time   0.0029942 control    sound    timestep   1.82E-04       1,       1 x  1.63E-04 y  3.26E-04
 Wall clock    25.005414962768555     
 Average time per cell    2.9440767927250514E-009
 Step time per cell       3.0222554414649495E-009
 Step      19 time   0.0031760 control    sound    timestep   1.82E-04       1,       1 x  1.63E-04 y  3.26E-04
 Wall clock    26.337613105773926     
 Average time per cell    2.9377199034410805E-009
 Step time per cell       2.8230139529720568E-009
 Step      20 time   0.0033579 control    sound    timestep   1.82E-04       1,       1 x  1.63E-04 y  3.26E-04
 Wall clock    27.853260993957520     
 Average time per cell    2.9514377375663674E-009
 Step time per cell       3.2118244538044869E-009
 Step      21 time   0.0035397 control    sound    timestep   1.82E-04       1,       1 x  1.63E-04 y  3.26E-04
 Wall clock    29.203609943389893     
 Average time per cell    2.9471674867044571E-009
 Step time per cell       2.8617028470358089E-009
 Step      22 time   0.0037216 control    sound    timestep   1.82E-04       1,       1 x  1.63E-04 y  3.26E-04
 Wall clock    30.582149982452393     
 Average time per cell    2.9460011089645148E-009
 Step time per cell       2.9212484757105510E-009
 Step      23 time   0.0039035 control    sound    timestep   1.82E-04       1,       1 x  1.63E-04 y  3.26E-04
 Wall clock    31.965797901153564     
 Average time per cell    2.9454068078998034E-009
 Step time per cell       2.9320674204629741E-009
 Step      24 time   0.0040854 control    sound    timestep   1.82E-04       1,       1 x  1.63E-04 y  3.26E-04
 Wall clock    33.290405988693237     
 Average time per cell    2.9396486272364402E-009
 Step time per cell       2.8070088673201908E-009
 Step      25 time   0.0042673 control    sound    timestep   1.82E-04       1,       1 x  1.63E-04 y  3.26E-04
 Wall clock    34.721131086349487     
 Average time per cell    2.9433467514334349E-009
 Step time per cell       3.0318369681481272E-009
 Step      26 time   0.0044492 control    sound    timestep   1.82E-04       1,       1 x  1.63E-04 y  3.26E-04
 Wall clock    36.088328123092651     
 Average time per cell    2.9415821925670795E-009
 Step time per cell       2.8972266995373907E-009
 Step      27 time   0.0046311 control    sound    timestep   1.82E-04       1,       1 x  1.63E-04 y  3.26E-04
 Wall clock    37.519549131393433     
 Average time per cell    2.9449736929837320E-009
 Step time per cell       3.0329091613465508E-009
 Step      28 time   0.0048130 control    sound    timestep   1.82E-04       1,       1 x  1.63E-04 y  3.26E-04
 Wall clock    38.920783996582031     
 Average time per cell    2.9458533390425146E-009
 Step time per cell       2.9693476082886466E-009
 Step      29 time   0.0049950 control    sound    timestep   1.82E-04       1,       1 x  1.63E-04 y  3.26E-04
 Wall clock    40.399428129196167     
 Average time per cell    2.9523292723612707E-009
 Step time per cell       3.1334179261143114E-009
 Step      30 time   0.0051769 control    sound    timestep   1.82E-04       1,       1 x  1.63E-04 y  3.26E-04
 Wall clock    41.849713087081909     
 Average time per cell    2.9563701126015212E-009
 Step time per cell       3.0732942630291087E-009
 Step      31 time   0.0053588 control    sound    timestep   1.82E-04       1,       1 x  1.63E-04 y  3.26E-04
 Wall clock    43.213989973068237     
 Average time per cell    2.9542704191220352E-009
 Step time per cell       2.8912078657109910E-009
 Step      32 time   0.0055408 control    sound    timestep   1.82E-04       1,       1 x  1.63E-04 y  3.26E-04
 Wall clock    44.557960987091064     
 Average time per cell    2.9509571517236407E-009
 Step time per cell       2.8479937302310846E-009
 Step      33 time   0.0057227 control    sound    timestep   1.82E-04       1,       1 x  1.63E-04 y  3.26E-04
 Wall clock    46.021699905395508     
 Average time per cell    2.9555362422310870E-009
 Step time per cell       3.1018023744561814E-009
 Step      34 time   0.0059047 control    sound    timestep   1.82E-04       1,       1 x  1.63E-04 y  3.26E-04
 Wall clock    47.372616052627563     
 Average time per cell    2.9528135444683229E-009
 Step time per cell       2.8627649347375458E-009
 Step      35 time   0.0060866 control    sound    timestep   1.82E-04       1,       1 x  1.63E-04 y  3.26E-04
 Wall clock    48.758266925811768     
 Average time per cell    2.9523496431509209E-009
 Step time per cell       2.9363526563328279E-009
 Step      36 time   0.0062686 control    sound    timestep   1.82E-04       1,       1 x  1.63E-04 y  3.26E-04
 Wall clock    50.126681089401245     
 Average time per cell    2.9508968099783228E-009
 Step time per cell       2.8997975378944023E-009
 Step      37 time   0.0064506 control    sound    timestep   1.82E-04       1,       1 x  1.63E-04 y  3.26E-04
 Wall clock    51.527517080307007     
 Average time per cell    2.9513795572176071E-009
 Step time per cell       2.9685043045901695E-009
 Step      38 time   0.0066325 control    sound    timestep   1.82E-04       1,       1 x  1.63E-04 y  3.26E-04
 Wall clock    52.913954019546509     
 Average time per cell    2.9510338554352490E-009
 Step time per cell       2.9380119788887292E-009
 Step      39 time   0.0068145 control    sound    timestep   1.82E-04       1,       1 x  1.63E-04 y  3.26E-04
 Wall clock    54.261447906494141     
 Average time per cell    2.9485897002529427E-009
 Step time per cell       2.8554389549147646E-009
 Step      40 time   0.0069965 control    sound    timestep   1.82E-04       1,       1 x  1.63E-04 y  3.26E-04
 Wall clock    55.756232023239136     
 Average time per cell    2.9540714700083806E-009
 Step time per cell       3.1676270534969971E-009
 Step      41 time   0.0071785 control    sound    timestep   1.82E-04       1,       1 x  1.63E-04 y  3.26E-04
 Wall clock    57.091963052749634     
 Average time per cell    2.9510644355892623E-009
 Step time per cell       2.8306708878113162E-009
 Step      42 time   0.0073605 control    sound    timestep   1.82E-04       1,       1 x  1.63E-04 y  3.26E-04
 Wall clock    58.502715110778809     
 Average time per cell    2.9519860762529932E-009
 Step time per cell       2.9895126216514554E-009
 Step      43 time   0.0075424 control    sound    timestep   1.82E-04       1,       1 x  1.63E-04 y  3.26E-04
 Wall clock    59.857681035995483     
 Average time per cell    2.9501154027734546E-009
 Step time per cell       2.8712843737189865E-009
 Step      44 time   0.0077244 control    sound    timestep   1.82E-04       1,       1 x  1.63E-04 y  3.26E-04
 Wall clock    61.253381013870239     
 Average time per cell    2.9502917306047611E-009
 Step time per cell       2.9576388745529889E-009
 Step      45 time   0.0079064 control    sound    timestep   1.82E-04       1,       1 x  1.63E-04 y  3.26E-04
 Wall clock    62.620969057083130     
 Average time per cell    2.9491362892943548E-009
 Step time per cell       2.8980593924643470E-009
 Step      46 time   0.0080884 control    sound    timestep   1.82E-04       1,       1 x  1.63E-04 y  3.26E-04
 Wall clock    64.012031078338623     
 Average time per cell    2.9491125594401069E-009
 Step time per cell       2.9477966260553028E-009
 Step      47 time   0.0082705 control    sound    timestep   1.82E-04       1,       1 x  1.63E-04 y  3.26E-04
 Wall clock    65.434365987777710     
 Average time per cell    2.9504999646747177E-009
 Step time per cell       3.0140644311258155E-009
 Step      48 time   0.0084525 control    sound    timestep   1.82E-04       1,       1 x  1.63E-04 y  3.26E-04
 Wall clock    66.757618904113770     
 Average time per cell    2.9474549339485951E-009
 Step time per cell       2.8041207163672274E-009
 Step      49 time   0.0086345 control    sound    timestep   1.82E-04       1,       1 x  1.63E-04 y  3.26E-04
 Wall clock    68.206779956817627     
 Average time per cell    2.9499797845618850E-009
 Step time per cell       3.0709219976819845E-009
 Step      50 time   0.0088165 control    sound    timestep   1.82E-04       1,       1 x  1.63E-04 y  3.26E-04
 Wall clock    69.674638986587524     
 Average time per cell    2.9531961647282719E-009
 Step time per cell       3.1105992093216627E-009
 Step      51 time   0.0089986 control    sound    timestep   1.82E-04       1,       1 x  1.63E-04 y  3.26E-04
 Wall clock    71.040410995483398     
 Average time per cell    2.9520442437183737E-009
 Step time per cell       2.8943971604652080E-009
 Step      52 time   0.0091806 control    sound    timestep   1.82E-04       1,       1 x  1.63E-04 y  3.26E-04
 Wall clock    72.405297994613647     
 Average time per cell    2.9509005585129913E-009
 Step time per cell       2.8923159334226513E-009
 Step      53 time   0.0093626 control    sound    timestep   1.82E-04       1,       1 x  1.63E-04 y  3.26E-04
 Wall clock    73.757558107376099     
 Average time per cell    2.9492951282115790E-009
 Step time per cell       2.8655585992964917E-009
 Step      54 time   0.0095447 control    sound    timestep   1.82E-04       1,       1 x  1.63E-04 y  3.26E-04
 Wall clock    75.143227100372314     
 Average time per cell    2.9490603184159329E-009
 Step time per cell       2.9363678145778572E-009
 Step      55 time   0.0097267 control    sound    timestep   1.82E-04       1,       1 x  1.63E-04 y  3.26E-04
 Wall clock    76.521783113479614     
 Average time per cell    2.9485599677145451E-009
 Step time per cell       2.9213040559423260E-009
 Step      56 time   0.0099087 control    sound    timestep   1.82E-04       1,       1 x  1.63E-04 y  3.26E-04
 Wall clock    77.923624992370605     
 Average time per cell    2.9489587220831752E-009
 Step time per cell       2.9706593017585367E-009
 Step      57 time   0.0100908 control    sound    timestep   1.82E-04       1,       1 x  1.63E-04 y  3.26E-04
 Wall clock    79.270411014556885     
 Average time per cell    2.9472964926140353E-009
 Step time per cell       2.8539701209714016E-009
 Step      58 time   0.0102728 control    sound    timestep   1.82E-04       1,       1 x  1.63E-04 y  3.26E-04
 Wall clock    80.691854000091553     
 Average time per cell    2.9484194905398562E-009
 Step time per cell       3.0121802612686425E-009
 Step      59 time   0.0104549 control    sound    timestep   1.82E-04       1,       1 x  1.63E-04 y  3.26E-04
 Wall clock    82.032716035842896     
 Average time per cell    2.9466099581329754E-009
 Step time per cell       2.8414281890339529E-009
 Step      60 time   0.0106370 control    sound    timestep   1.82E-04       1,       1 x  1.63E-04 y  3.26E-04
 Wall clock    83.516010046005249     
 Average time per cell    2.9498916218370947E-009
 Step time per cell       3.1432510796649796E-009
 Step      61 time   0.0108190 control    sound    timestep   1.82E-04       1,       1 x  1.63E-04 y  3.26E-04
 Wall clock    84.856152057647705     
 Average time per cell    2.9480922698157371E-009
 Step time per cell       2.8400063456501811E-009
 Step      62 time   0.0110011 control    sound    timestep   1.82E-04       1,       1 x  1.63E-04 y  3.26E-04
 Wall clock    86.265532970428467     
 Average time per cell    2.9487176768815123E-009
 Step time per cell       2.9866406394931901E-009
 Step      63 time   0.0111832 control    sound    timestep   1.82E-04       1,       1 x  1.63E-04 y  3.26E-04
 Wall clock    87.593312025070190     
 Average time per cell    2.9465781999036391E-009
 Step time per cell       2.8136739476596834E-009
 Step      64 time   0.0113653 control    sound    timestep   1.82E-04       1,       1 x  1.63E-04 y  3.26E-04
 Wall clock    89.029096126556396     
 Average time per cell    2.9480820273874995E-009
 Step time per cell       3.0425962904701008E-009
 Step      65 time   0.0115474 control    sound    timestep   1.82E-04       1,       1 x  1.63E-04 y  3.26E-04
 Wall clock    90.416166067123413     
 Average time per cell    2.9479512945688172E-009
 Step time per cell       2.9393004297162407E-009
 Step      66 time   0.0117295 control    sound    timestep   1.82E-04       1,       1 x  1.63E-04 y  3.26E-04
 Wall clock    91.770653009414673     
 Average time per cell    2.9467782752494515E-009
 Step time per cell       2.8702925192192198E-009
 Step      67 time   0.0119116 control    sound    timestep   1.82E-04       1,       1 x  1.63E-04 y  3.26E-04
 Wall clock    93.225333929061890     
 Average time per cell    2.9488095060213096E-009
 Step time per cell       3.0826312366924764E-009
 Step      68 time   0.0120937 control    sound    timestep   1.82E-04       1,       1 x  1.63E-04 y  3.26E-04
 Wall clock    94.610328912734985     
 Average time per cell    2.9486091748634970E-009
 Step time per cell       2.9349474870185886E-009
 Step      69 time   0.0122759 control    sound    timestep   1.82E-04       1,       1 x  1.63E-04 y  3.26E-04
 Wall clock    95.982650041580200     
 Average time per cell    2.9480253837444224E-009
 Step time per cell       2.9080835399023879E-009
 Step      70 time   0.0124580 control    sound    timestep   1.82E-04       1,       1 x  1.63E-04 y  3.26E-04
 Wall clock    97.458941936492920     
 Average time per cell    2.9506060263162317E-009
 Step time per cell       3.1284712854863349E-009
 Step      71 time   0.0126401 control    sound    timestep   1.82E-04       1,       1 x  1.63E-04 y  3.26E-04
 Wall clock    98.863470077514648     
 Average time per cell    2.9509719012120040E-009
 Step time per cell       2.9764836047737238E-009
 Step      72 time   0.0128222 control    sound    timestep   1.82E-04       1,       1 x  1.63E-04 y  3.26E-04
 Wall clock    100.22993302345276     
 Average time per cell    2.9502071870242446E-009
 Step time per cell       2.8956623686503410E-009
 Step      73 time   0.0130043 control    sound    timestep   1.82E-04       1,       1 x  1.63E-04 y  3.26E-04
 Wall clock    101.64628291130066     
 Average time per cell    2.9509117007814597E-009
 Step time per cell       3.0014017385029647E-009
 Step      74 time   0.0131865 control    sound    timestep   1.82E-04       1,       1 x  1.63E-04 y  3.26E-04
 Wall clock    103.06935501098633     
 Average time per cell    2.9517896901662309E-009
 Step time per cell       3.0156408886088888E-009
 Step      75 time   0.0133686 control    sound    timestep   1.82E-04       1,       1 x  1.63E-04 y  3.26E-04
 Wall clock    104.44917011260986     
 Average time per cell    2.9514219527805432E-009
 Step time per cell       2.9239572540973315E-009
 Step      76 time   0.0135508 control    sound    timestep   1.82E-04       1,       1 x  1.63E-04 y  3.26E-04
 Wall clock    105.89455008506775     
 Average time per cell    2.9528921831439881E-009
 Step time per cell       3.0629305709024062E-009
 Step      77 time   0.0137329 control    sound    timestep   1.82E-04       1,       1 x  1.63E-04 y  3.26E-04
 Wall clock    107.21373295783997     
 Average time per cell    2.9508508943125616E-009
 Step time per cell       2.7954865799983964E-009
 Step      78 time   0.0139151 control    sound    timestep   1.82E-04       1,       1 x  1.63E-04 y  3.26E-04
 Wall clock    108.58817601203918     
 Average time per cell    2.9503633768684620E-009
 Step time per cell       2.9125617907589507E-009
 Step      79 time   0.0140973 control    sound    timestep   1.82E-04       1,       1 x  1.63E-04 y  3.26E-04
 Wall clock    109.98642611503601     
 Average time per cell    2.9505268562369476E-009
 Step time per cell       2.9630321781345022E-009
 Step      80 time   0.0142795 control    sound    timestep   1.82E-04       1,       1 x  1.63E-04 y  3.26E-04
 Wall clock    111.46930694580078     
 Average time per cell    2.9529281972726394E-009
 Step time per cell       3.1423865544234609E-009
 Step      81 time   0.0144617 control    sound    timestep   1.82E-04       1,       1 x  1.63E-04 y  3.26E-04
 Wall clock    112.84021496772766     
 Average time per cell    2.9523406000680926E-009
 Step time per cell       2.9052519797308679E-009
 Step      82 time   0.0146438 control    sound    timestep   1.82E-04       1,       1 x  1.63E-04 y  3.26E-04
 Wall clock    114.17549705505371     
 Average time per cell    2.9508465881930123E-009
 Step time per cell       2.8296664014406917E-009
 Step      83 time   0.0148260 control    sound    timestep   1.82E-04       1,       1 x  1.63E-04 y  3.26E-04
 Wall clock    115.54958796501160     
 Average time per cell    2.9503794996936087E-009
 Step time per cell       2.9118513743418993E-009
 Step      84 time   0.0150082 control    sound    timestep   1.82E-04       1,       1 x  1.63E-04 y  3.26E-04
 Wall clock    116.92054390907288     
 Average time per cell    2.9498444387918520E-009
 Step time per cell       2.9051928625752530E-009
 Step      85 time   0.0151904 control    sound    timestep   1.82E-04       1,       1 x  1.63E-04 y  3.26E-04
 Wall clock    118.33258891105652     
 Average time per cell    2.9503464271459769E-009
 Step time per cell       2.9922486848792888E-009
 Step      86 time   0.0153726 control    sound    timestep   1.82E-04       1,       1 x  1.63E-04 y  3.26E-04
 Wall clock    119.70793700218201     
 Average time per cell    2.9499324286552548E-009
 Step time per cell       2.9145217518412715E-009
 Step      87 time   0.0155548 control    sound    timestep   1.82E-04       1,       1 x  1.63E-04 y  3.26E-04
 Wall clock    121.23440003395081     
 First step overhead -0.20358896255493164     
real 122.37
user 2875.22
sys 57.43
