
Clover Version    1.000
       MPI Version
   Task Count    768

 Output file clover.out opened. All output will go there.

Clover Version    1.000
       MPI Version
   Task Count    768

 Step       1 time   0.0000000 control    sound    timestep   9.63E-05       1,       1 x  8.14E-05 y  1.63E-04
 Wall clock    1.3976709842681885     
 Average time per cell    7.4051273360156405E-010
 Step time per cell       7.4051273360156405E-010
 Step       2 time   0.0000963 control    sound    timestep   8.11E-05       1,       1 x  8.14E-05 y  1.63E-04
 Wall clock    2.9599587917327881     
 Average time per cell    7.8412129924901014E-010
 Step time per cell       8.2763449427147860E-010
 Step       3 time   0.0001774 control    sound    timestep   7.40E-05       1,       1 x  8.14E-05 y  1.63E-04
 Wall clock    4.3620088100433350     
 Average time per cell    7.7035847594002174E-010
 Step time per cell       7.4276966996775525E-010
 Step       4 time   0.0002514 control    sound    timestep   7.72E-05       1,       1 x  8.14E-05 y  1.63E-04
 Wall clock    5.7471349239349365     
 Average time per cell    7.6123541248307447E-010
 Step time per cell       7.3379788369089101E-010
 Step       5 time   0.0003286 control    sound    timestep   8.38E-05       1,       1 x  8.14E-05 y  1.63E-04
 Wall clock    7.1431620121002197     
 Average time per cell    7.5691668320764119E-010
 Step time per cell       7.3957128026652046E-010
 Step       6 time   0.0004124 control    sound    timestep   8.71E-05       1,       1 x  8.14E-05 y  1.63E-04
 Wall clock    8.5285639762878418     
 Average time per cell    7.5309929814937746E-010
 Step time per cell       7.3394618185476349E-010
 Step       7 time   0.0004995 control    sound    timestep   8.85E-05       1,       1 x  8.14E-05 y  1.63E-04
 Wall clock    9.9758169651031494     
 Average time per cell    7.5505400196735058E-010
 Step time per cell       7.6671552859705924E-010
 Step       8 time   0.0005881 control    sound    timestep   9.16E-05       1,       1 x  8.14E-05 y  1.63E-04
 Wall clock    11.328126907348633     
 Average time per cell    7.5023220031451070E-010
 Step time per cell       7.1641491356583879E-010
 Step       9 time   0.0006796 control    sound    timestep   9.10E-05       1,       1 x  8.14E-05 y  1.63E-04
 Wall clock    12.745455026626587     
 Average time per cell    7.5030945122251318E-010
 Step time per cell       7.5085810951552247E-010
 Step      10 time   0.0007707 control    sound    timestep   9.10E-05       1,       1 x  8.14E-05 y  1.63E-04
 Wall clock    14.273350000381470     
 Average time per cell    7.5622929469116369E-010
 Step time per cell       8.0944700029148305E-010
 Step      11 time   0.0008617 control    sound    timestep   9.08E-05       1,       1 x  8.14E-05 y  1.63E-04
 Wall clock    15.571569919586182     
 Average time per cell    7.5001041911280184E-010
 Step time per cell       6.8780372607256549E-010
 Step      12 time   0.0009525 control    sound    timestep   9.06E-05       1,       1 x  8.14E-05 y  1.63E-04
 Wall clock    16.987201929092407     
 Average time per cell    7.5001195311954322E-010
 Step time per cell       7.4996200459685905E-010
 Step      13 time   0.0010432 control    sound    timestep   9.06E-05       1,       1 x  8.14E-05 y  1.63E-04
 Wall clock    18.449363946914673     
 Average time per cell    7.5190959616256264E-010
 Step time per cell       7.7461663750000302E-010
 Step      14 time   0.0011337 control    sound    timestep   9.07E-05       1,       1 x  8.14E-05 y  1.63E-04
 Wall clock    19.968737840652466     
 Average time per cell    7.5570128609840706E-010
 Step time per cell       8.0491746403923667E-010
 Step      15 time   0.0012244 control    sound    timestep   9.09E-05       1,       1 x  8.14E-05 y  1.63E-04
 Wall clock    21.498355865478516     
 Average time per cell    7.5934925310624139E-010
 Step time per cell       8.1035510548746166E-010
 Step      16 time   0.0013153 control    sound    timestep   9.09E-05       1,       1 x  8.14E-05 y  1.63E-04
 Wall clock    22.911577939987183     
 Average time per cell    7.5868692464256228E-010
 Step time per cell       7.4868845937695980E-010
 Step      17 time   0.0014062 control    sound    timestep   9.09E-05       1,       1 x  8.14E-05 y  1.63E-04
 Wall clock    24.284196853637695     
 Average time per cell    7.5683708607410900E-010
 Step time per cell       7.2717764649294419E-010
 Step      18 time   0.0014971 control    sound    timestep   9.09E-05       1,       1 x  8.14E-05 y  1.63E-04
 Wall clock    25.658208847045898     
 Average time per cell    7.5523378958071891E-010
 Step time per cell       7.2791206346462583E-010
 Step      19 time   0.0015880 control    sound    timestep   9.09E-05       1,       1 x  8.14E-05 y  1.63E-04
 Wall clock    27.069098949432373     
 Average time per cell    7.5482761509745790E-010
 Step time per cell       7.4745230449480003E-010
 Step      20 time   0.0016789 control    sound    timestep   9.09E-05       1,       1 x  8.14E-05 y  1.63E-04
 Wall clock    28.952044963836670     
 Average time per cell    7.6696726915138748E-010
 Step time per cell       9.9755867369013779E-010
 Step      21 time   0.0017699 control    sound    timestep   9.09E-05       1,       1 x  8.14E-05 y  1.63E-04
 Wall clock    30.480386972427368     
 Average time per cell    7.6900429126263590E-010
 Step time per cell       8.0972995419870131E-010
 Step      22 time   0.0018608 control    sound    timestep   9.09E-05       1,       1 x  8.14E-05 y  1.63E-04
 Wall clock    31.923098802566528     
 Average time per cell    7.6879392495219227E-010
 Step time per cell       7.6431433626567009E-010
 Step      23 time   0.0019517 control    sound    timestep   9.09E-05       1,       1 x  8.14E-05 y  1.63E-04
 Wall clock    33.303699970245361     
 Average time per cell    7.6717109427349261E-010
 Step time per cell       7.3140149147042800E-010
 Step      24 time   0.0020427 control    sound    timestep   9.10E-05       1,       1 x  8.14E-05 y  1.63E-04
 Wall clock    34.660995960235596     
 Average time per cell    7.6516901917447854E-010
 Step time per cell       7.1906242737895805E-010
 Step      25 time   0.0021336 control    sound    timestep   9.10E-05       1,       1 x  8.14E-05 y  1.63E-04
 Wall clock    36.053130865097046     
 Average time per cell    7.6406544293503325E-010
 Step time per cell       7.3751556960309648E-010
 Step      26 time   0.0022246 control    sound    timestep   9.10E-05       1,       1 x  8.14E-05 y  1.63E-04
 Wall clock    37.544979810714722     
 Average time per cell    7.6507869562969702E-010
 Step time per cell       7.9034900106004597E-010
 Step      27 time   0.0023156 control    sound    timestep   9.10E-05       1,       1 x  8.14E-05 y  1.63E-04
 Wall clock    38.927361011505127     
 Average time per cell    7.6386881485898066E-010
 Step time per cell       7.3235469244536940E-010
 Step      28 time   0.0024065 control    sound    timestep   9.10E-05       1,       1 x  8.14E-05 y  1.63E-04
 Wall clock    40.303372859954834     
 Average time per cell    7.6262483256118321E-010
 Step time per cell       7.2896745627480821E-010
 Step      29 time   0.0024975 control    sound    timestep   9.10E-05       1,       1 x  8.14E-05 y  1.63E-04
 Wall clock    41.684781789779663     
 Average time per cell    7.6156524478758271E-010
 Step time per cell       7.3182857502413548E-010
 Step      30 time   0.0025884 control    sound    timestep   9.10E-05       1,       1 x  8.14E-05 y  1.63E-04
 Wall clock    43.194985866546631     
 Average time per cell    7.6285090034178677E-010
 Step time per cell       8.0007023623491274E-010
 Step      31 time   0.0026794 control    sound    timestep   9.10E-05       1,       1 x  8.14E-05 y  1.63E-04
 Wall clock    44.534623861312866     
 Average time per cell    7.6113847611733008E-010
 Step time per cell       7.0975147536955773E-010
 Step      32 time   0.0027704 control    sound    timestep   9.10E-05       1,       1 x  8.14E-05 y  1.63E-04
 Wall clock    45.934849977493286     
 Average time per cell    7.6053622658870757E-010
 Step time per cell       7.4180497399033310E-010
 Step      33 time   0.0028614 control    sound    timestep   9.10E-05       1,       1 x  8.14E-05 y  1.63E-04
 Wall clock    47.286748886108398     
 Average time per cell    7.5919457776150562E-010
 Step time per cell       7.1619612956257903E-010
 Step      34 time   0.0029523 control    sound    timestep   9.10E-05       1,       1 x  8.14E-05 y  1.63E-04
 Wall clock    48.704115867614746     
 Average time per cell    7.5895203278134455E-010
 Step time per cell       7.5088501540044992E-010
 Step      35 time   0.0030433 control    sound    timestep   9.10E-05       1,       1 x  8.14E-05 y  1.63E-04
 Wall clock    50.152622938156128     
 Average time per cell    7.5919473645280093E-010
 Step time per cell       7.6738463879640525E-010
 Step      36 time   0.0031343 control    sound    timestep   9.10E-05       1,       1 x  8.14E-05 y  1.63E-04
 Wall clock    51.498082876205444     
 Average time per cell    7.5790739171601294E-010
 Step time per cell       7.1278565074963908E-010
 Step      37 time   0.0032253 control    sound    timestep   9.10E-05       1,       1 x  8.14E-05 y  1.63E-04
 Wall clock    52.922765970230103     
 Average time per cell    7.5782406394875590E-010
 Step time per cell       7.5474746255268760E-010
 Step      38 time   0.0033163 control    sound    timestep   9.10E-05       1,       1 x  8.14E-05 y  1.63E-04
 Wall clock    54.357594013214111     
 Average time per cell    7.5788656888948002E-010
 Step time per cell       7.6013141854976612E-010
 Step      39 time   0.0034073 control    sound    timestep   9.10E-05       1,       1 x  8.14E-05 y  1.63E-04
 Wall clock    55.726617813110352     
 Average time per cell    7.5705191094801093E-010
 Step time per cell       7.2512054632372589E-010
 Step      40 time   0.0034982 control    sound    timestep   9.10E-05       1,       1 x  8.14E-05 y  1.63E-04
 Wall clock    57.227792024612427     
 Average time per cell    7.5800938109043475E-010
 Step time per cell       7.9529286267643332E-010
 Step      41 time   0.0035892 control    sound    timestep   9.10E-05       1,       1 x  8.14E-05 y  1.63E-04
 Wall clock    58.569164991378784     
 Average time per cell    7.5685512717666706E-010
 Step time per cell       7.1067019133705702E-010
 Step      42 time   0.0036802 control    sound    timestep   9.10E-05       1,       1 x  8.14E-05 y  1.63E-04
 Wall clock    59.946168899536133     
 Average time per cell    7.5620531278358106E-010
 Step time per cell       7.2950304759918557E-010
 Step      43 time   0.0037712 control    sound    timestep   9.10E-05       1,       1 x  8.14E-05 y  1.63E-04
 Wall clock    61.357213973999023     
 Average time per cell    7.5600515624348230E-010
 Step time per cell       7.4753655907342264E-010
 Step      44 time   0.0038622 control    sound    timestep   9.10E-05       1,       1 x  8.14E-05 y  1.63E-04
 Wall clock    62.717899799346924     
 Average time per cell    7.5520770476739726E-010
 Step time per cell       7.2085324771049067E-010
 Step      45 time   0.0039532 control    sound    timestep   9.10E-05       1,       1 x  8.14E-05 y  1.63E-04
 Wall clock    64.089798927307129     
 Average time per cell    7.5457771827918078E-010
 Step time per cell       7.2679464816853089E-010
 Step      46 time   0.0040442 control    sound    timestep   9.10E-05       1,       1 x  8.14E-05 y  1.63E-04
 Wall clock    65.529904842376709     
 Average time per cell    7.5476071503285289E-010
 Step time per cell       7.6293089376930665E-010
 Step      47 time   0.0041352 control    sound    timestep   9.10E-05       1,       1 x  8.14E-05 y  1.63E-04
 Wall clock    66.911684989929199     
 Average time per cell    7.5427843312483528E-010
 Step time per cell       7.3203144287011428E-010
 Step      48 time   0.0042262 control    sound    timestep   9.10E-05       1,       1 x  8.14E-05 y  1.63E-04
 Wall clock    68.351346015930176     
 Average time per cell    7.5445512948135726E-010
 Step time per cell       7.6270263586290335E-010
 Step      49 time   0.0043173 control    sound    timestep   9.10E-05       1,       1 x  8.14E-05 y  1.63E-04
 Wall clock    69.740199804306030     
 Average time per cell    7.5407525367808215E-010
 Step time per cell       7.3578576120780780E-010
 Step      50 time   0.0044083 control    sound    timestep   9.10E-05       1,       1 x  8.14E-05 y  1.63E-04
 Wall clock    71.251494884490967     
 Average time per cell    7.5500800752100380E-010
 Step time per cell       8.0064928119504150E-010
 Step      51 time   0.0044993 control    sound    timestep   9.10E-05       1,       1 x  8.14E-05 y  1.63E-04
 Wall clock    72.579933881759644     
 Average time per cell    7.5400456241283170E-010
 Step time per cell       7.0381904353982670E-010
 Step      52 time   0.0045903 control    sound    timestep   9.10E-05       1,       1 x  8.14E-05 y  1.63E-04
 Wall clock    73.950421810150146     
 Average time per cell    7.5346814068107671E-010
 Step time per cell       7.2604608350148842E-010
 Step      53 time   0.0046813 control    sound    timestep   9.10E-05       1,       1 x  8.14E-05 y  1.63E-04
 Wall clock    75.406493902206421     
 Average time per cell    7.5380751074191585E-010
 Step time per cell       7.7139058400158926E-010
 Step      54 time   0.0047723 control    sound    timestep   9.10E-05       1,       1 x  8.14E-05 y  1.63E-04
 Wall clock    76.761497974395752     
 Average time per cell    7.5314268628653925E-010
 Step time per cell       7.1785507316235450E-010
 Step      55 time   0.0048633 control    sound    timestep   9.10E-05       1,       1 x  8.14E-05 y  1.63E-04
 Wall clock    78.362185001373291     
 Average time per cell    7.5486871932610876E-010
 Step time per cell       8.4801462839499840E-010
 Step      56 time   0.0049544 control    sound    timestep   9.10E-05       1,       1 x  8.14E-05 y  1.63E-04
 Wall clock    79.754673957824707     
 Average time per cell    7.5456333498940309E-010
 Step time per cell       7.3773018508897319E-010
 Step      57 time   0.0050454 control    sound    timestep   9.10E-05       1,       1 x  8.14E-05 y  1.63E-04
 Wall clock    81.083453893661499     
 Average time per cell    7.5367648600287841E-010
 Step time per cell       7.0397113126495651E-010
 Step      58 time   0.0051364 control    sound    timestep   9.10E-05       1,       1 x  8.14E-05 y  1.63E-04
 Wall clock    82.486866950988770     
 Average time per cell    7.5350197750936317E-010
 Step time per cell       7.4350193952139105E-010
 Step      59 time   0.0052275 control    sound    timestep   9.10E-05       1,       1 x  8.14E-05 y  1.63E-04
 Wall clock    83.927704811096191     
 Average time per cell    7.5366945869366945E-010
 Step time per cell       7.6332993456970955E-010
 Step      60 time   0.0053185 control    sound    timestep   9.10E-05       1,       1 x  8.14E-05 y  1.63E-04
 Wall clock    85.416918992996216     
 Average time per cell    7.5425853546457123E-010
 Step time per cell       7.8898324318288363E-010
 Step      61 time   0.0054095 control    sound    timestep   9.10E-05       1,       1 x  8.14E-05 y  1.63E-04
 Wall clock    86.757759809494019     
 Average time per cell    7.5353959270725720E-010
 Step time per cell       7.1038938484788460E-010
 Step      62 time   0.0055006 control    sound    timestep   9.10E-05       1,       1 x  8.14E-05 y  1.63E-04
 Wall clock    88.087066888809204     
 Average time per cell    7.5274528046072345E-010
 Step time per cell       7.0423235835429897E-010
 Step      63 time   0.0055916 control    sound    timestep   9.11E-05       1,       1 x  8.14E-05 y  1.63E-04
 Wall clock    89.565920829772949     
 Average time per cell    7.5323384762460341E-010
 Step time per cell       7.8346576831083645E-010
 Step      64 time   0.0056827 control    sound    timestep   9.10E-05       1,       1 x  8.14E-05 y  1.63E-04
 Wall clock    90.975154876708984     
 Average time per cell    7.5313080414060901E-010
 Step time per cell       7.4657918958109799E-010
 Step      65 time   0.0057737 control    sound    timestep   9.11E-05       1,       1 x  8.14E-05 y  1.63E-04
 Wall clock    92.422959804534912     
 Average time per cell    7.5334532488745427E-010
 Step time per cell       7.6700100887844906E-010
 Step      66 time   0.0058648 control    sound    timestep   9.11E-05       1,       1 x  8.14E-05 y  1.63E-04
 Wall clock    93.823554992675781     
 Average time per cell    7.5317436591283062E-010
 Step time per cell       7.4199040985452789E-010
 Step      67 time   0.0059558 control    sound    timestep   9.11E-05       1,       1 x  8.14E-05 y  1.63E-04
 Wall clock    95.184047937393188     
 Average time per cell    7.5269139178667642E-010
 Step time per cell       7.2074789790753535E-010
 Step      68 time   0.0060469 control    sound    timestep   9.11E-05       1,       1 x  8.14E-05 y  1.63E-04
 Wall clock    96.582440853118896     
 Average time per cell    7.5251791876997741E-010
 Step time per cell       7.4083219361556174E-010
 Step      69 time   0.0061379 control    sound    timestep   9.11E-05       1,       1 x  8.14E-05 y  1.63E-04
 Wall clock    98.018617868423462     
 Average time per cell    7.5263960056967947E-010
 Step time per cell       7.6085092991383541E-010
 Step      70 time   0.0062290 control    sound    timestep   9.11E-05       1,       1 x  8.14E-05 y  1.63E-04
 Wall clock    99.532773971557617     
 Average time per cell    7.5334801728050007E-010
 Step time per cell       8.0216245300511625E-010
 Step      71 time   0.0063200 control    sound    timestep   9.11E-05       1,       1 x  8.14E-05 y  1.63E-04
 Wall clock    100.84130096435547     
 Average time per cell    7.5250202474725058E-010
 Step time per cell       6.9326246274512309E-010
 Step      72 time   0.0064111 control    sound    timestep   9.11E-05       1,       1 x  8.14E-05 y  1.63E-04
 Wall clock    102.27572798728943     
 Average time per cell    7.5260597973171155E-010
 Step time per cell       7.5992690856057583E-010
 Step      73 time   0.0065022 control    sound    timestep   9.11E-05       1,       1 x  8.14E-05 y  1.63E-04
 Wall clock    103.64793086051941     
 Average time per cell    7.5225547648651527E-010
 Step time per cell       7.2694724116849505E-010
 Step      74 time   0.0065932 control    sound    timestep   9.11E-05       1,       1 x  8.14E-05 y  1.63E-04
 Wall clock    105.06741786003113     
 Average time per cell    7.5225298726903161E-010
 Step time per cell       7.5200293597137922E-010
 Step      75 time   0.0066843 control    sound    timestep   9.11E-05       1,       1 x  8.14E-05 y  1.63E-04
 Wall clock    106.40757894515991     
 Average time per cell    7.5169018600718123E-010
 Step time per cell       7.0997341734053204E-010
 Step      76 time   0.0067754 control    sound    timestep   9.11E-05       1,       1 x  8.14E-05 y  1.63E-04
 Wall clock    107.82068490982056     
 Average time per cell    7.5165071619756424E-010
 Step time per cell       7.4862530002267000E-010
 Step      77 time   0.0068665 control    sound    timestep   9.11E-05       1,       1 x  8.14E-05 y  1.63E-04
 Wall clock    109.25990080833435     
 Average time per cell    7.5179192795095922E-010
 Step time per cell       7.6245997762372205E-010
 Step      78 time   0.0069576 control    sound    timestep   9.11E-05       1,       1 x  8.14E-05 y  1.63E-04
 Wall clock    110.63831686973572     
 Average time per cell    7.5151653282822859E-010
 Step time per cell       7.3024693847401064E-010
 Step      79 time   0.0070486 control    sound    timestep   9.11E-05       1,       1 x  8.14E-05 y  1.63E-04
 Wall clock    112.05661201477051     
 Average time per cell    7.5151556161734632E-010
 Step time per cell       7.5137563726457302E-010
 Step      80 time   0.0071397 control    sound    timestep   9.11E-05       1,       1 x  8.14E-05 y  1.63E-04
 Wall clock    113.54908895492554     
 Average time per cell    7.5200590130306311E-010
 Step time per cell       7.9069081948546225E-010
 Step      81 time   0.0072308 control    sound    timestep   9.11E-05       1,       1 x  8.14E-05 y  1.63E-04
 Wall clock    114.87815284729004     
 Average time per cell    7.5141525299486987E-010
 Step time per cell       7.0414595635763062E-010
 Step      82 time   0.0073219 control    sound    timestep   9.11E-05       1,       1 x  8.14E-05 y  1.63E-04
 Wall clock    116.30025601387024     
 Average time per cell    7.5144015685568810E-010
 Step time per cell       7.5339951561343499E-010
 Step      83 time   0.0074130 control    sound    timestep   9.11E-05       1,       1 x  8.14E-05 y  1.63E-04
 Wall clock    117.70065093040466     
 Average time per cell    7.5132588900016283E-010
 Step time per cell       7.4189352340504730E-010
 Step      84 time   0.0075041 control    sound    timestep   9.11E-05       1,       1 x  8.14E-05 y  1.63E-04
 Wall clock    119.08675384521484     
 Average time per cell    7.5112419686755706E-010
 Step time per cell       7.3432021155086760E-010
 Step      85 time   0.0075952 control    sound    timestep   9.11E-05       1,       1 x  8.14E-05 y  1.63E-04
 Wall clock    120.49550890922546     
 Average time per cell    7.5106844502633203E-010
 Step time per cell       7.4631000441311494E-010
 Step      86 time   0.0076863 control    sound    timestep   9.11E-05       1,       1 x  8.14E-05 y  1.63E-04
 Wall clock    121.82929587364197     
 Average time per cell    7.5055213475807672E-010
 Step time per cell       7.0660639216334350E-010
 Step      87 time   0.0077774 control    sound    timestep   9.11E-05       1,       1 x  8.14E-05 y  1.63E-04
 Wall clock    123.38229179382324     
 First step overhead -0.16443705558776855     
real 124.73
user 2937.63
sys 49.39
