
Clover Version    1.000
       MPI Version
   Task Count     96


Clover Version    1.000
       MPI Version
   Task Count     96

 Output file clover.out opened. All output will go there.
 Step       1 time   0.0000000 control    sound    timestep   3.85E-04       1,       1 x  3.26E-04 y  3.26E-04
 Wall clock    1.4319000244140625     
 Average time per cell    6.0691834530896612E-009
 Step time per cell       6.0691834530896612E-009
 Step       2 time   0.0003852 control    sound    timestep   2.35E-04       1,       1 x  3.26E-04 y  3.26E-04
 Wall clock    2.9051640033721924     
 Average time per cell    6.1568450999200451E-009
 Step time per cell       6.2441378961213762E-009
 Step       3 time   0.0006203 control    sound    timestep   2.99E-04       1,       1 x  3.26E-04 y  3.26E-04
 Wall clock    4.3247740268707275     
 Average time per cell    6.1102606128702902E-009
 Step time per cell       6.0165368470027009E-009
 Step       4 time   0.0009190 control    sound    timestep   3.15E-04       1,       1 x  3.26E-04 y  3.26E-04
 Wall clock    5.7219200134277344     
 Average time per cell    6.0631646192632620E-009
 Step time per cell       5.9212874879853591E-009
 Step       5 time   0.0012337 control    sound    timestep   3.46E-04       1,       1 x  3.26E-04 y  3.26E-04
 Wall clock    7.0933530330657959     
 Average time per cell    6.0131098709664205E-009
 Step time per cell       5.8124199616334715E-009
 Step       6 time   0.0015801 control    sound    timestep   3.46E-04       1,       1 x  3.26E-04 y  3.26E-04
 Wall clock    8.4997580051422119     
 Average time per cell    6.0044451149426298E-009
 Step time per cell       5.9605574481085770E-009
 Step       7 time   0.0019257 control    sound    timestep   3.52E-04       1,       1 x  3.26E-04 y  3.26E-04
 Wall clock    9.8844780921936035     
 Average time per cell    5.9851256429239933E-009
 Step time per cell       5.8686368396997249E-009
 Step       8 time   0.0022778 control    sound    timestep   3.70E-04       1,       1 x  3.26E-04 y  3.26E-04
 Wall clock    11.260780096054077     
 Average time per cell    5.9661759779474883E-009
 Step time per cell       5.8330917656551015E-009
 Step       9 time   0.0026482 control    sound    timestep   3.66E-04       1,       1 x  3.26E-04 y  3.26E-04
 Wall clock    12.628407001495361     
 Average time per cell    5.9473518096054271E-009
 Step time per cell       5.7962966416703745E-009
 Step      10 time   0.0030146 control    sound    timestep   3.64E-04       1,       1 x  3.26E-04 y  3.26E-04
 Wall clock    14.080471038818359     
 Average time per cell    5.9680815967213774E-009
 Step time per cell       6.1542050389107316E-009
 Step      11 time   0.0033784 control    sound    timestep   3.61E-04       1,       1 x  3.26E-04 y  3.26E-04
 Wall clock    15.451675891876221     
 Average time per cell    5.9538854317236319E-009
 Step time per cell       5.8117964524879225E-009
 Step      12 time   0.0037396 control    sound    timestep   3.60E-04       1,       1 x  3.26E-04 y  3.26E-04
 Wall clock    16.832516908645630     
 Average time per cell    5.9454589097219500E-009
 Step time per cell       5.8523144414519067E-009
 Step      13 time   0.0040994 control    sound    timestep   3.61E-04       1,       1 x  3.26E-04 y  3.26E-04
 Wall clock    18.216240882873535     
 Average time per cell    5.9392687423815391E-009
 Step time per cell       5.8645592717867760E-009
 Step      14 time   0.0044601 control    sound    timestep   3.62E-04       1,       1 x  3.26E-04 y  3.26E-04
 Wall clock    19.597439050674438     
 Average time per cell    5.9331981872905059E-009
 Step time per cell       5.8538100549614885E-009
 Step      15 time   0.0048222 control    sound    timestep   3.63E-04       1,       1 x  3.26E-04 y  3.26E-04
 Wall clock    21.040999889373779     
 Average time per cell    5.9455588699266725E-009
 Step time per cell       6.1181759115748314E-009
 Step      16 time   0.0051849 control    sound    timestep   3.63E-04       1,       1 x  3.26E-04 y  3.26E-04
 Wall clock    22.417020082473755     
 Average time per cell    5.9384823063939819E-009
 Step time per cell       5.8317911882315659E-009
 Step      17 time   0.0055477 control    sound    timestep   3.63E-04       1,       1 x  3.26E-04 y  3.26E-04
 Wall clock    23.800118923187256     
 Average time per cell    5.9340031750217153E-009
 Step time per cell       5.8618964734099185E-009
 Step      18 time   0.0059107 control    sound    timestep   3.63E-04       1,       1 x  3.26E-04 y  3.26E-04
 Wall clock    25.124555110931396     
 Average time per cell    5.9162081285009026E-009
 Step time per cell       5.6132982232763118E-009
 Step      19 time   0.0062737 control    sound    timestep   3.63E-04       1,       1 x  3.26E-04 y  3.26E-04
 Wall clock    26.571835041046143     
 Average time per cell    5.9276904370594897E-009
 Step time per cell       6.1337616191142131E-009
 Step      20 time   0.0066369 control    sound    timestep   3.63E-04       1,       1 x  3.26E-04 y  3.26E-04
 Wall clock    28.005173921585083     
 Average time per cell    5.9350700212235097E-009
 Step time per cell       6.0748283835386654E-009
 Step      21 time   0.0070000 control    sound    timestep   3.63E-04       1,       1 x  3.26E-04 y  3.26E-04
 Wall clock    29.362601041793823     
 Average time per cell    5.9264250743792951E-009
 Step time per cell       5.7533220064619353E-009
 Step      22 time   0.0073634 control    sound    timestep   3.63E-04       1,       1 x  3.26E-04 y  3.26E-04
 Wall clock    30.755779981613159     
 Average time per cell    5.9254540302032238E-009
 Step time per cell       5.9045194373336724E-009
 Step      23 time   0.0077269 control    sound    timestep   3.64E-04       1,       1 x  3.26E-04 y  3.26E-04
 Wall clock    32.107923030853271     
 Average time per cell    5.9170051299852146E-009
 Step time per cell       5.7306462824473985E-009
 Step      24 time   0.0080904 control    sound    timestep   3.64E-04       1,       1 x  3.26E-04 y  3.26E-04
 Wall clock    33.517864942550659     
 Average time per cell    5.9194679512007430E-009
 Step time per cell       5.9754984249593691E-009
 Step      25 time   0.0084540 control    sound    timestep   3.64E-04       1,       1 x  3.26E-04 y  3.26E-04
 Wall clock    34.908171892166138     
 Average time per cell    5.9184047940006067E-009
 Step time per cell       5.8923928413100336E-009
 Step      26 time   0.0088177 control    sound    timestep   3.64E-04       1,       1 x  3.26E-04 y  3.26E-04
 Wall clock    36.281841993331909     
 Average time per cell    5.9147112582821171E-009
 Step time per cell       5.8220252362338623E-009
 Step      27 time   0.0091816 control    sound    timestep   3.64E-04       1,       1 x  3.26E-04 y  3.26E-04
 Wall clock    37.682550907135010     
 Average time per cell    5.9155359632601965E-009
 Step time per cell       5.9365033343460207E-009
 Step      28 time   0.0095455 control    sound    timestep   3.64E-04       1,       1 x  3.26E-04 y  3.26E-04
 Wall clock    39.064662933349609     
 Average time per cell    5.9134866220004386E-009
 Step time per cell       5.8577006711857390E-009
 Step      29 time   0.0099094 control    sound    timestep   3.64E-04       1,       1 x  3.26E-04 y  3.26E-04
 Wall clock    40.443057060241699     
 Average time per cell    5.9110352176712592E-009
 Step time per cell       5.8419926871364519E-009
 Step      30 time   0.0102734 control    sound    timestep   3.64E-04       1,       1 x  3.26E-04 y  3.26E-04
 Wall clock    41.871144056320190     
 Average time per cell    5.9157681014901886E-009
 Step time per cell       6.0526154912723639E-009
 Step      31 time   0.0106374 control    sound    timestep   3.64E-04       1,       1 x  3.26E-04 y  3.26E-04
 Wall clock    43.235110044479370     
 Average time per cell    5.9114285328197640E-009
 Step time per cell       5.7810302678262819E-009
 Step      32 time   0.0110014 control    sound    timestep   3.64E-04       1,       1 x  3.26E-04 y  3.26E-04
 Wall clock    44.602613925933838     
 Average time per cell    5.9078287980203946E-009
 Step time per cell       5.7958358310214758E-009
 Step      33 time   0.0113654 control    sound    timestep   3.64E-04       1,       1 x  3.26E-04 y  3.26E-04
 Wall clock    45.965042114257812     
 Average time per cell    5.9037953019393013E-009
 Step time per cell       5.7742909120861438E-009
 Step      34 time   0.0117295 control    sound    timestep   3.64E-04       1,       1 x  3.26E-04 y  3.26E-04
 Wall clock    47.353609085083008     
 Average time per cell    5.9032576174621345E-009
 Step time per cell       5.8849804594905838E-009
 Step      35 time   0.0120936 control    sound    timestep   3.64E-04       1,       1 x  3.26E-04 y  3.26E-04
 Wall clock    48.732841014862061     
 Average time per cell    5.9016201703343537E-009
 Step time per cell       5.8456377397912241E-009
 Step      36 time   0.0124578 control    sound    timestep   3.64E-04       1,       1 x  3.26E-04 y  3.26E-04
 Wall clock    50.112972974777222     
 Average time per cell    5.9001796598525368E-009
 Step time per cell       5.8493211933334046E-009
 Step      37 time   0.0128221 control    sound    timestep   3.64E-04       1,       1 x  3.26E-04 y  3.26E-04
 Wall clock    51.493288040161133     
 Average time per cell    5.8988379905358313E-009
 Step time per cell       5.8500801161345509E-009
 Step      38 time   0.0131864 control    sound    timestep   3.64E-04       1,       1 x  3.26E-04 y  3.26E-04
 Wall clock    52.865590095520020     
 Average time per cell    5.8966731573986052E-009
 Step time per cell       5.8161680903544442E-009
 Step      39 time   0.0135508 control    sound    timestep   3.64E-04       1,       1 x  3.26E-04 y  3.26E-04
 Wall clock    54.237216949462891     
 Average time per cell    5.8945459598924788E-009
 Step time per cell       5.8132001059776585E-009
 Step      40 time   0.0139152 control    sound    timestep   3.64E-04       1,       1 x  3.26E-04 y  3.26E-04
 Wall clock    55.687729120254517     
 Average time per cell    5.9008841112194606E-009
 Step time per cell       6.1475626959387833E-009
 Step      41 time   0.0142797 control    sound    timestep   3.64E-04       1,       1 x  3.26E-04 y  3.26E-04
 Wall clock    57.059072017669678     
 Average time per cell    5.8987286180190915E-009
 Step time per cell       5.8123098117195897E-009
 Step      42 time   0.0146441 control    sound    timestep   3.64E-04       1,       1 x  3.26E-04 y  3.26E-04
 Wall clock    58.438468933105469     
 Average time per cell    5.8974885620748402E-009
 Step time per cell       5.8460611601023828E-009
 Step      43 time   0.0150085 control    sound    timestep   3.64E-04       1,       1 x  3.26E-04 y  3.26E-04
 Wall clock    59.802254915237427     
 Average time per cell    5.8947673980197787E-009
 Step time per cell       5.7800793405880941E-009
 Step      44 time   0.0153730 control    sound    timestep   3.64E-04       1,       1 x  3.26E-04 y  3.26E-04
 Wall clock    61.185483932495117     
 Average time per cell    5.8940428851826137E-009
 Step time per cell       5.8624896660654080E-009
 Step      45 time   0.0157375 control    sound    timestep   3.65E-04       1,       1 x  3.26E-04 y  3.26E-04
 Wall clock    62.559289932250977     
 Average time per cell    5.8924630183703557E-009
 Step time per cell       5.8225881123992923E-009
 Step      46 time   0.0161020 control    sound    timestep   3.65E-04       1,       1 x  3.26E-04 y  3.26E-04
 Wall clock    63.934624910354614     
 Average time per cell    5.8910927252243899E-009
 Step time per cell       5.8289333537686612E-009
 Step      47 time   0.0164666 control    sound    timestep   3.65E-04       1,       1 x  3.26E-04 y  3.26E-04
 Wall clock    65.306401014328003     
 Average time per cell    5.8894597961505140E-009
 Step time per cell       5.8138872797523313E-009
 Step      48 time   0.0168311 control    sound    timestep   3.65E-04       1,       1 x  3.26E-04 y  3.26E-04
 Wall clock    66.673712015151978     
 Average time per cell    5.8875006229923371E-009
 Step time per cell       5.7949697899554542E-009
 Step      49 time   0.0171958 control    sound    timestep   3.65E-04       1,       1 x  3.26E-04 y  3.26E-04
 Wall clock    68.067404031753540     
 Average time per cell    5.8879034022249961E-009
 Step time per cell       5.9068042901344601E-009
 Step      50 time   0.0175604 control    sound    timestep   3.65E-04       1,       1 x  3.26E-04 y  3.26E-04
 Wall clock    69.558017969131470     
 Average time per cell    5.8965062433142320E-009
 Step time per cell       6.3175118864617415E-009
 Step      51 time   0.0179251 control    sound    timestep   3.65E-04       1,       1 x  3.26E-04 y  3.26E-04
 Wall clock    70.886646032333374     
 Average time per cell    5.8913092546594635E-009
 Step time per cell       5.6313405770601495E-009
 Step      52 time   0.0182899 control    sound    timestep   3.65E-04       1,       1 x  3.26E-04 y  3.26E-04
 Wall clock    72.308046102523804     
 Average time per cell    5.8938740544868378E-009
 Step time per cell       6.0240987901731083E-009
 Step      53 time   0.0186547 control    sound    timestep   3.65E-04       1,       1 x  3.26E-04 y  3.26E-04
 Wall clock    73.675122976303101     
 Average time per cell    5.8919976973226215E-009
 Step time per cell       5.7939440820417881E-009
 Step      54 time   0.0190195 control    sound    timestep   3.65E-04       1,       1 x  3.26E-04 y  3.26E-04
 Wall clock    75.094479084014893     
 Average time per cell    5.8942943215087523E-009
 Step time per cell       6.0154808225989754E-009
 Step      55 time   0.0193844 control    sound    timestep   3.65E-04       1,       1 x  3.26E-04 y  3.26E-04
 Wall clock    76.460684061050415     
 Average time per cell    5.8924113619294147E-009
 Step time per cell       5.7903717889631577E-009
 Step      56 time   0.0197492 control    sound    timestep   3.65E-04       1,       1 x  3.26E-04 y  3.26E-04
 Wall clock    77.813694953918457     
 Average time per cell    5.8895970112875121E-009
 Step time per cell       5.7344014850160517E-009
 Step      57 time   0.0201141 control    sound    timestep   3.65E-04       1,       1 x  3.26E-04 y  3.26E-04
 Wall clock    79.193819999694824     
 Average time per cell    5.8888976336692845E-009
 Step time per cell       5.8492029590221741E-009
 Step      58 time   0.0204789 control    sound    timestep   3.65E-04       1,       1 x  3.26E-04 y  3.26E-04
 Wall clock    80.658410072326660     
 Average time per cell    5.8943949492828442E-009
 Step time per cell       6.2072083690307210E-009
 Step      59 time   0.0208438 control    sound    timestep   3.65E-04       1,       1 x  3.26E-04 y  3.26E-04
 Wall clock    82.042849063873291     
 Average time per cell    5.8939478717145396E-009
 Step time per cell       5.8674918869251591E-009
 Step      60 time   0.0212087 control    sound    timestep   3.65E-04       1,       1 x  3.26E-04 y  3.26E-04
 Wall clock    83.510518074035645     
 Average time per cell    5.8993952768139056E-009
 Step time per cell       6.2202414281071270E-009
 Step      61 time   0.0215736 control    sound    timestep   3.65E-04       1,       1 x  3.26E-04 y  3.26E-04
 Wall clock    84.868246078491211     
 Average time per cell    5.8970248862296914E-009
 Step time per cell       5.7546872590642630E-009
 Step      62 time   0.0219386 control    sound    timestep   3.65E-04       1,       1 x  3.26E-04 y  3.26E-04
 Wall clock    86.233120918273926     
 Average time per cell    5.8952195443234686E-009
 Step time per cell       5.7845611283684975E-009
 Step      63 time   0.0223036 control    sound    timestep   3.65E-04       1,       1 x  3.26E-04 y  3.26E-04
 Wall clock    87.633682966232300     
 Average time per cell    5.8958725006690388E-009
 Step time per cell       5.9357747280349330E-009
 Step      64 time   0.0226686 control    sound    timestep   3.65E-04       1,       1 x  3.26E-04 y  3.26E-04
 Wall clock    89.019047021865845     
 Average time per cell    5.8954985288690096E-009
 Step time per cell       5.8713825031494104E-009
 Step      65 time   0.0230337 control    sound    timestep   3.65E-04       1,       1 x  3.26E-04 y  3.26E-04
 Wall clock    90.420706033706665     
 Average time per cell    5.8961986335497905E-009
 Step time per cell       5.9403828345239166E-009
 Step      66 time   0.0233988 control    sound    timestep   3.65E-04       1,       1 x  3.26E-04 y  3.26E-04
 Wall clock    91.792304992675781     
 Average time per cell    5.8949470515315883E-009
 Step time per cell       5.8130727767194100E-009
 Step      67 time   0.0237639 control    sound    timestep   3.65E-04       1,       1 x  3.26E-04 y  3.26E-04
 Wall clock    93.166837930679321     
 Average time per cell    5.8939184394873957E-009
 Step time per cell       5.8255429596303860E-009
 Step      68 time   0.0241291 control    sound    timestep   3.65E-04       1,       1 x  3.26E-04 y  3.26E-04
 Wall clock    94.506846904754639     
 Average time per cell    5.8907681449413076E-009
 Step time per cell       5.6793376441217130E-009
 Step      69 time   0.0244942 control    sound    timestep   3.65E-04       1,       1 x  3.26E-04 y  3.26E-04
 Wall clock    95.916707038879395     
 Average time per cell    5.8920000011105867E-009
 Step time per cell       5.9752528613898900E-009
 Step      70 time   0.0248594 control    sound    timestep   3.65E-04       1,       1 x  3.26E-04 y  3.26E-04
 Wall clock    97.361872911453247     
 Average time per cell    5.8953344503404675E-009
 Step time per cell       6.1248475604871700E-009
 Step      71 time   0.0252246 control    sound    timestep   3.65E-04       1,       1 x  3.26E-04 y  3.26E-04
 Wall clock    98.707665920257568     
 Average time per cell    5.8926426178753139E-009
 Step time per cell       5.7039435180033457E-009
 Step      72 time   0.0255898 control    sound    timestep   3.65E-04       1,       1 x  3.26E-04 y  3.26E-04
 Wall clock    100.08602404594421     
 Average time per cell    5.8919426273972441E-009
 Step time per cell       5.8417511657656484E-009
 Step      73 time   0.0259550 control    sound    timestep   3.65E-04       1,       1 x  3.26E-04 y  3.26E-04
 Wall clock    101.44596910476685     
 Average time per cell    5.8901927085636581E-009
 Step time per cell       5.7636811511151284E-009
 Step      74 time   0.0263202 control    sound    timestep   3.65E-04       1,       1 x  3.26E-04 y  3.26E-04
 Wall clock    102.86682796478271     
 Average time per cell    5.8919790895011100E-009
 Step time per cell       6.0218594121074095E-009
 Step      75 time   0.0266854 control    sound    timestep   3.65E-04       1,       1 x  3.26E-04 y  3.26E-04
 Wall clock    104.22962093353271     
 Average time per cell    5.8904362958855923E-009
 Step time per cell       5.7757097238209099E-009
 Step      76 time   0.0270507 control    sound    timestep   3.65E-04       1,       1 x  3.26E-04 y  3.26E-04
 Wall clock    105.62272596359253     
 Average time per cell    5.8906246187306305E-009
 Step time per cell       5.9042273884794362E-009
 Step      77 time   0.0274160 control    sound    timestep   3.65E-04       1,       1 x  3.26E-04 y  3.26E-04
 Wall clock    107.01680493354797     
 Average time per cell    5.8908616617017239E-009
 Step time per cell       5.9083726632201837E-009
 Step      78 time   0.0277813 control    sound    timestep   3.65E-04       1,       1 x  3.26E-04 y  3.26E-04
 Wall clock    108.40078496932983     
 Average time per cell    5.8905438463547877E-009
 Step time per cell       5.8655678003560754E-009
 Step      79 time   0.0281467 control    sound    timestep   3.65E-04       1,       1 x  3.26E-04 y  3.26E-04
 Wall clock    109.79223489761353     
 Average time per cell    5.8906348558478764E-009
 Step time per cell       5.8971788045406960E-009
 Step      80 time   0.0285121 control    sound    timestep   3.65E-04       1,       1 x  3.26E-04 y  3.26E-04
 Wall clock    111.24080491065979     
 Average time per cell    5.8937499210919164E-009
 Step time per cell       6.1392761886559631E-009
 Step      81 time   0.0288775 control    sound    timestep   3.65E-04       1,       1 x  3.26E-04 y  3.26E-04
 Wall clock    112.61008310317993     
 Average time per cell    5.8926389039163851E-009
 Step time per cell       5.8034856920130551E-009
 Step      82 time   0.0292429 control    sound    timestep   3.65E-04       1,       1 x  3.26E-04 y  3.26E-04
 Wall clock    113.97248005867004     
 Average time per cell    5.8911992958849380E-009
 Step time per cell       5.7742060259139784E-009
 Step      83 time   0.0296084 control    sound    timestep   3.65E-04       1,       1 x  3.26E-04 y  3.26E-04
 Wall clock    115.34398293495178     
 Average time per cell    5.8902593883300831E-009
 Step time per cell       5.8126958416930092E-009
 Step      84 time   0.0299738 control    sound    timestep   3.65E-04       1,       1 x  3.26E-04 y  3.26E-04
 Wall clock    116.72022700309753     
 Average time per cell    5.8895810951302312E-009
 Step time per cell       5.8327865796551725E-009
 Step      85 time   0.0303393 control    sound    timestep   3.65E-04       1,       1 x  3.26E-04 y  3.26E-04
 Wall clock    118.10387706756592     
 Average time per cell    5.8892880641745734E-009
 Step time per cell       5.8641601046676646E-009
 Step      86 time   0.0307048 control    sound    timestep   3.65E-04       1,       1 x  3.26E-04 y  3.26E-04
 Wall clock    119.46512103080750     
 Average time per cell    5.8878975521160338E-009
 Step time per cell       5.7691532775707953E-009
 Step      87 time   0.0310703 control    sound    timestep   3.66E-04       1,       1 x  3.26E-04 y  3.26E-04
 Wall clock    120.93173789978027     
 First step overhead  -4.1275978088378906E-002
real 122.07
user 2874.91
sys 49.49
