
Clover Version    1.000
       MPI Version
   Task Count     48


Clover Version    1.000
       MPI Version
   Task Count     48

 Output file clover.out opened. All output will go there.
 Step       1 time   0.0000000 control    sound    timestep   3.85E-04       1,       1 x  3.26E-04 y  6.51E-04
 Wall clock    1.3164269924163818     
 Average time per cell    1.1159489885257143E-008
 Step time per cell       1.1159489885257143E-008
 Step       2 time   0.0003852 control    sound    timestep   3.24E-04       1,       1 x  3.26E-04 y  6.51E-04
 Wall clock    2.7546081542968750     
 Average time per cell    1.1675551326738463E-008
 Step time per cell       1.2190288948153871E-008
 Step       3 time   0.0007096 control    sound    timestep   2.96E-04       1,       1 x  3.26E-04 y  6.51E-04
 Wall clock    4.1429920196533203     
 Average time per cell    1.1706859502872383E-008
 Step time per cell       1.1767525494279754E-008
 Step       4 time   0.0010056 control    sound    timestep   3.09E-04       1,       1 x  3.26E-04 y  6.51E-04
 Wall clock    5.4636039733886719     
 Average time per cell    1.1578886187635363E-008
 Step time per cell       1.1193652527355072E-008
 Step       5 time   0.0013145 control    sound    timestep   3.35E-04       1,       1 x  3.26E-04 y  6.51E-04
 Wall clock    6.8909480571746826     
 Average time per cell    1.1683058093896964E-008
 Step time per cell       1.2098702831685336E-008
 Step       6 time   0.0016496 control    sound    timestep   3.49E-04       1,       1 x  3.26E-04 y  6.51E-04
 Wall clock    8.2831389904022217     
 Average time per cell    1.1702839873140436E-008
 Step time per cell       1.1800629080324952E-008
 Step       7 time   0.0019981 control    sound    timestep   3.54E-04       1,       1 x  3.26E-04 y  6.51E-04
 Wall clock    9.6619660854339600     
 Average time per cell    1.1700785906878226E-008
 Step time per cell       1.1687461665133014E-008
 Step       8 time   0.0023523 control    sound    timestep   3.66E-04       1,       1 x  3.26E-04 y  6.51E-04
 Wall clock    11.038970947265625     
 Average time per cell    1.1697314524402222E-008
 Step time per cell       1.1671897179136674E-008
 Step       9 time   0.0027186 control    sound    timestep   3.64E-04       1,       1 x  3.26E-04 y  6.51E-04
 Wall clock    12.409877061843872     
 Average time per cell    1.1688870146804501E-008
 Step time per cell       1.1620084276526339E-008
 Step      10 time   0.0030826 control    sound    timestep   3.64E-04       1,       1 x  3.26E-04 y  6.51E-04
 Wall clock    13.853512048721313     
 Average time per cell    1.1743767673680042E-008
 Step time per cell       1.2236786359507177E-008
 Step      11 time   0.0034468 control    sound    timestep   3.63E-04       1,       1 x  3.26E-04 y  6.51E-04
 Wall clock    15.225587129592896     
 Average time per cell    1.1733536482988527E-008
 Step time per cell       1.1630664731556964E-008
 Step      12 time   0.0038101 control    sound    timestep   3.63E-04       1,       1 x  3.26E-04 y  6.51E-04
 Wall clock    16.604911088943481     
 Average time per cell    1.1730131282766470E-008
 Step time per cell       1.1691548327992981E-008
 Step      13 time   0.0041727 control    sound    timestep   3.62E-04       1,       1 x  3.26E-04 y  6.51E-04
 Wall clock    17.966279983520508     
 Average time per cell    1.1715541731040829E-008
 Step time per cell       1.1539432307472452E-008
 Step      14 time   0.0045349 control    sound    timestep   3.63E-04       1,       1 x  3.26E-04 y  6.51E-04
 Wall clock    19.344753026962280     
 Average time per cell    1.1713393091451421E-008
 Step time per cell       1.1684434058325779E-008
 Step      15 time   0.0048977 control    sound    timestep   3.64E-04       1,       1 x  3.26E-04 y  6.51E-04
 Wall clock    20.721500158309937     
 Average time per cell    1.1710555554600432E-008
 Step time per cell       1.1669686096461697E-008
 Step      16 time   0.0052612 control    sound    timestep   3.64E-04       1,       1 x  3.26E-04 y  6.51E-04
 Wall clock    22.096910953521729     
 Average time per cell    1.1707364693494228E-008
 Step time per cell       1.1658392193365014E-008
 Step      17 time   0.0056248 control    sound    timestep   3.64E-04       1,       1 x  3.26E-04 y  6.51E-04
 Wall clock    23.457983016967773     
 Average time per cell    1.1697399172797994E-008
 Step time per cell       1.1536950397486281E-008
 Step      18 time   0.0059884 control    sound    timestep   3.64E-04       1,       1 x  3.26E-04 y  6.51E-04
 Wall clock    24.838425159454346     
 Average time per cell    1.1697663276321197E-008
 Step time per cell       1.1701118233354969E-008
 Step      19 time   0.0063520 control    sound    timestep   3.64E-04       1,       1 x  3.26E-04 y  6.51E-04
 Wall clock    26.208203077316284     
 Average time per cell    1.1693141592512649E-008
 Step time per cell       1.1610572983045130E-008
 Step      20 time   0.0067157 control    sound    timestep   3.64E-04       1,       1 x  3.26E-04 y  6.51E-04
 Wall clock    27.638754129409790     
 Average time per cell    1.1714831089193468E-008
 Step time per cell       1.2125880554473649E-008
 Step      21 time   0.0070795 control    sound    timestep   3.64E-04       1,       1 x  3.26E-04 y  6.51E-04
 Wall clock    29.016117095947266     
 Average time per cell    1.1712984396292577E-008
 Step time per cell       1.1675482609360996E-008
 Step      22 time   0.0074432 control    sound    timestep   3.64E-04       1,       1 x  3.26E-04 y  6.51E-04
 Wall clock    30.393698930740356     
 Average time per cell    1.1711389919527751E-008
 Step time per cell       1.1676848872512992E-008
 Step      23 time   0.0078069 control    sound    timestep   3.64E-04       1,       1 x  3.26E-04 y  6.51E-04
 Wall clock    31.778027057647705     
 Average time per cell    1.1712420572344537E-008
 Step time per cell       1.1734118743333965E-008
 Step      24 time   0.0081707 control    sound    timestep   3.64E-04       1,       1 x  3.26E-04 y  6.51E-04
 Wall clock    33.168121099472046     
 Average time per cell    1.1715401931858785E-008
 Step time per cell       1.1782728203494722E-008
 Step      25 time   0.0085346 control    sound    timestep   3.64E-04       1,       1 x  3.26E-04 y  6.51E-04
 Wall clock    34.527487039566040     
 Average time per cell    1.1707725368776463E-008
 Step time per cell       1.1522479326231405E-008
 Step      26 time   0.0088984 control    sound    timestep   3.64E-04       1,       1 x  3.26E-04 y  6.51E-04
 Wall clock    35.903562068939209     
 Average time per cell    1.1706087183810244E-008
 Step time per cell       1.1664081587999438E-008
 Step      27 time   0.0092622 control    sound    timestep   3.64E-04       1,       1 x  3.26E-04 y  6.51E-04
 Wall clock    37.272361040115356     
 Average time per cell    1.1702285904783196E-008
 Step time per cell       1.1602444121510618E-008
 Step      28 time   0.0096261 control    sound    timestep   3.64E-04       1,       1 x  3.26E-04 y  6.51E-04
 Wall clock    38.666450977325439     
 Average time per cell    1.1706413080525910E-008
 Step time per cell       1.1816830212612534E-008
 Step      29 time   0.0099899 control    sound    timestep   3.64E-04       1,       1 x  3.26E-04 y  6.51E-04
 Wall clock    40.022030115127563     
 Average time per cell    1.1698998378922492E-008
 Step time per cell       1.1490343846768761E-008
 Step      30 time   0.0103538 control    sound    timestep   3.64E-04       1,       1 x  3.26E-04 y  6.51E-04
 Wall clock    41.471590042114258     
 Average time per cell    1.1718634158131424E-008
 Step time per cell       1.2287020783535102E-008
 Step      31 time   0.0107177 control    sound    timestep   3.64E-04       1,       1 x  3.26E-04 y  6.51E-04
 Wall clock    42.835027933120728     
 Average time per cell    1.1713452611429830E-008
 Step time per cell       1.1557448386964905E-008
 Step      32 time   0.0110815 control    sound    timestep   3.64E-04       1,       1 x  3.26E-04 y  6.51E-04
 Wall clock    44.203285932540894     
 Average time per cell    1.1709871804062763E-008
 Step time per cell       1.1597848141617659E-008
 Step      33 time   0.0114454 control    sound    timestep   3.64E-04       1,       1 x  3.26E-04 y  6.51E-04
 Wall clock    45.585562944412231     
 Average time per cell    1.1710109246870415E-008
 Step time per cell       1.1716654423960587E-008
 Step      34 time   0.0118093 control    sound    timestep   3.64E-04       1,       1 x  3.26E-04 y  6.51E-04
 Wall clock    46.914484024047852     
 Average time per cell    1.1697029668283862E-008
 Step time per cell       1.1264360687669574E-008
 Step      35 time   0.0121733 control    sound    timestep   3.64E-04       1,       1 x  3.26E-04 y  6.51E-04
 Wall clock    48.307670116424561     
 Average time per cell    1.1700262673132654E-008
 Step time per cell       1.1809176309422279E-008
 Step      36 time   0.0125372 control    sound    timestep   3.64E-04       1,       1 x  3.26E-04 y  6.51E-04
 Wall clock    49.702811002731323     
 Average time per cell    1.1703776371975022E-008
 Step time per cell       1.1825577530544252E-008
 Step      37 time   0.0129011 control    sound    timestep   3.64E-04       1,       1 x  3.26E-04 y  6.51E-04
 Wall clock    51.076383113861084     
 Average time per cell    1.1702158498646295E-008
 Step time per cell       1.1642906530242827E-008
 Step      38 time   0.0132651 control    sound    timestep   3.64E-04       1,       1 x  3.26E-04 y  6.51E-04
 Wall clock    52.446813106536865     
 Average time per cell    1.1699924827383134E-008
 Step time per cell       1.1616278546474253E-008
 Step      39 time   0.0136290 control    sound    timestep   3.64E-04       1,       1 x  3.26E-04 y  6.51E-04
 Wall clock    53.830171108245850     
 Average time per cell    1.1700615756965887E-008
 Step time per cell       1.1725743307680305E-008
 Step      40 time   0.0139930 control    sound    timestep   3.64E-04       1,       1 x  3.26E-04 y  6.51E-04
 Wall clock    55.263909101486206     
 Average time per cell    1.1711949052065998E-008
 Step time per cell       1.2152862230626245E-008
 Step      41 time   0.0143570 control    sound    timestep   3.64E-04       1,       1 x  3.26E-04 y  6.51E-04
 Wall clock    56.620345115661621     
 Average time per cell    1.1706746649943535E-008
 Step time per cell       1.1498082636131181E-008
 Step      42 time   0.0147209 control    sound    timestep   3.64E-04       1,       1 x  3.26E-04 y  6.51E-04
 Wall clock    57.993181943893433     
 Average time per cell    1.1705102253241449E-008
 Step time per cell       1.1636681544284025E-008
 Step      43 time   0.0150849 control    sound    timestep   3.64E-04       1,       1 x  3.26E-04 y  6.51E-04
 Wall clock    59.369858980178833     
 Average time per cell    1.1704291406316798E-008
 Step time per cell       1.1669243475706834E-008
 Step      44 time   0.0154489 control    sound    timestep   3.64E-04       1,       1 x  3.26E-04 y  6.51E-04
 Wall clock    60.742918968200684     
 Average time per cell    1.1702820550205863E-008
 Step time per cell       1.1638530850177631E-008
 Step      45 time   0.0158129 control    sound    timestep   3.64E-04       1,       1 x  3.26E-04 y  6.51E-04
 Wall clock    62.115374088287354     
 Average time per cell    1.1701301120388333E-008
 Step time per cell       1.1633360878072886E-008
 Step      46 time   0.0161769 control    sound    timestep   3.64E-04       1,       1 x  3.26E-04 y  6.51E-04
 Wall clock    63.463923931121826     
 Average time per cell    1.1695442371298717E-008
 Step time per cell       1.1430834597882090E-008
 Step      47 time   0.0165409 control    sound    timestep   3.64E-04       1,       1 x  3.26E-04 y  6.51E-04
 Wall clock    64.852499961853027     
 Average time per cell    1.1697052211509511E-008
 Step time per cell       1.1770078142742731E-008
 Step      48 time   0.0169050 control    sound    timestep   3.64E-04       1,       1 x  3.26E-04 y  6.51E-04
 Wall clock    66.225887060165405     
 Average time per cell    1.1695912513055696E-008
 Step time per cell       1.1641346241554453E-008
 Step      49 time   0.0172690 control    sound    timestep   3.64E-04       1,       1 x  3.26E-04 y  6.51E-04
 Wall clock    67.585819959640503     
 Average time per cell    1.1692491727667310E-008
 Step time per cell       1.1527253162866045E-008
 Step      50 time   0.0176331 control    sound    timestep   3.64E-04       1,       1 x  3.26E-04 y  6.51E-04
 Wall clock    69.033534049987793     
 Average time per cell    1.1704090381196389E-008
 Step time per cell       1.2271389601260631E-008
 Step      51 time   0.0179971 control    sound    timestep   3.64E-04       1,       1 x  3.26E-04 y  6.51E-04
 Wall clock    70.411002159118652     
 Average time per cell    1.1703558056919646E-008
 Step time per cell       1.1676602298393845E-008
 Step      52 time   0.0183612 control    sound    timestep   3.64E-04       1,       1 x  3.26E-04 y  6.51E-04
 Wall clock    71.798063039779663     
 Average time per cell    1.1704610032265762E-008
 Step time per cell       1.1757278520639779E-008
 Step      53 time   0.0187253 control    sound    timestep   3.64E-04       1,       1 x  3.26E-04 y  6.51E-04
 Wall clock    73.165449142456055     
 Average time per cell    1.1702475420626924E-008
 Step time per cell       1.1590424643751855E-008
 Step      54 time   0.0190893 control    sound    timestep   3.64E-04       1,       1 x  3.26E-04 y  6.51E-04
 Wall clock    74.550572156906128     
 Average time per cell    1.1703204269865393E-008
 Step time per cell       1.1740816666537689E-008
 Step      55 time   0.0194534 control    sound    timestep   3.64E-04       1,       1 x  3.26E-04 y  6.51E-04
 Wall clock    75.906909942626953     
 Average time per cell    1.1699469971724532E-008
 Step time per cell       1.1496954862700983E-008
 Step      56 time   0.0198175 control    sound    timestep   3.64E-04       1,       1 x  3.26E-04 y  6.51E-04
 Wall clock    77.284981966018677     
 Average time per cell    1.1699159102367019E-008
 Step time per cell       1.1681008294949101E-008
 Step      57 time   0.0201816 control    sound    timestep   3.64E-04       1,       1 x  3.26E-04 y  6.51E-04
 Wall clock    78.662492036819458     
 Average time per cell    1.1698775566475772E-008
 Step time per cell       1.1676244563811148E-008
 Step      58 time   0.0205457 control    sound    timestep   3.64E-04       1,       1 x  3.26E-04 y  6.51E-04
 Wall clock    80.015098094940186     
 Average time per cell    1.1694765360593276E-008
 Step time per cell       1.1465132653635616E-008
 Step      59 time   0.0209098 control    sound    timestep   3.64E-04       1,       1 x  3.26E-04 y  6.51E-04
 Wall clock    81.372731924057007     
 Average time per cell    1.1691613482754666E-008
 Step time per cell       1.1507814229440150E-008
 Step      60 time   0.0212739 control    sound    timestep   3.64E-04       1,       1 x  3.26E-04 y  6.51E-04
 Wall clock    82.819159984588623     
 Average time per cell    1.1701111967947024E-008
 Step time per cell       1.2260487791435379E-008
 Step      61 time   0.0216381 control    sound    timestep   3.64E-04       1,       1 x  3.26E-04 y  6.51E-04
 Wall clock    84.176939964294434     
 Average time per cell    1.1697979698013617E-008
 Step time per cell       1.1509568543664904E-008
 Step      62 time   0.0220023 control    sound    timestep   3.64E-04       1,       1 x  3.26E-04 y  6.51E-04
 Wall clock    85.560143947601318     
 Average time per cell    1.1698424629512406E-008
 Step time per cell       1.1724522563680593E-008
 Step      63 time   0.0223664 control    sound    timestep   3.64E-04       1,       1 x  3.26E-04 y  6.51E-04
 Wall clock    86.941913127899170     
 Average time per cell    1.1698662373093589E-008
 Step time per cell       1.1712375756663581E-008
 Step      64 time   0.0227306 control    sound    timestep   3.64E-04       1,       1 x  3.26E-04 y  6.51E-04
 Wall clock    88.390850067138672     
 Average time per cell    1.1707789376992473E-008
 Step time per cell       1.2281765925258192E-008
 Step      65 time   0.0230948 control    sound    timestep   3.64E-04       1,       1 x  3.26E-04 y  6.51E-04
 Wall clock    89.761418104171753     
 Average time per cell    1.1706414912841243E-008
 Step time per cell       1.1617424509798487E-008
 Step      66 time   0.0234590 control    sound    timestep   3.64E-04       1,       1 x  3.26E-04 y  6.51E-04
 Wall clock    91.134833097457886     
 Average time per cell    1.1705447764985297E-008
 Step time per cell       1.1641404853435234E-008
 Step      67 time   0.0238233 control    sound    timestep   3.64E-04       1,       1 x  3.26E-04 y  6.51E-04
 Wall clock    92.511969089508057     
 Average time per cell    1.1704980282697542E-008
 Step time per cell       1.1673075480050303E-008
 Step      68 time   0.0241875 control    sound    timestep   3.64E-04       1,       1 x  3.26E-04 y  6.51E-04
 Wall clock    93.885717153549194     
 Average time per cell    1.1704104199571446E-008
 Step time per cell       1.1644363742865001E-008
 Step      69 time   0.0245517 control    sound    timestep   3.64E-04       1,       1 x  3.26E-04 y  6.51E-04
 Wall clock    95.246534109115601     
 Average time per cell    1.1701664838206171E-008
 Step time per cell       1.1534872707367565E-008
 Step      70 time   0.0249159 control    sound    timestep   3.64E-04       1,       1 x  3.26E-04 y  6.51E-04
 Wall clock    96.686923980712891     
 Average time per cell    1.1708931572410086E-008
 Step time per cell       1.2209303450718936E-008
 Step      71 time   0.0252802 control    sound    timestep   3.64E-04       1,       1 x  3.26E-04 y  6.51E-04
 Wall clock    98.039263963699341     
 Average time per cell    1.1705480818973755E-008
 Step time per cell       1.1463428866894296E-008
 Step      72 time   0.0256444 control    sound    timestep   3.64E-04       1,       1 x  3.26E-04 y  6.51E-04
 Wall clock    99.404286146163940     
 Average time per cell    1.1703619091147428E-008
 Step time per cell       1.1570401612617490E-008
 Step      73 time   0.0260087 control    sound    timestep   3.64E-04       1,       1 x  3.26E-04 y  6.51E-04
 Wall clock    100.79953598976135     
 Average time per cell    1.1705318548444792E-008
 Step time per cell       1.1826721472769148E-008
 Step      74 time   0.0263730 control    sound    timestep   3.64E-04       1,       1 x  3.26E-04 y  6.51E-04
 Wall clock    102.18790912628174     
 Average time per cell    1.1706184310028916E-008
 Step time per cell       1.1768323828517977E-008
 Step      75 time   0.0267372 control    sound    timestep   3.64E-04       1,       1 x  3.26E-04 y  6.51E-04
 Wall clock    103.56918001174927     
 Average time per cell    1.1706224230928691E-008
 Step time per cell       1.1708220376426147E-008
 Step      76 time   0.0271015 control    sound    timestep   3.64E-04       1,       1 x  3.26E-04 y  6.51E-04
 Wall clock    104.96969914436340     
 Average time per cell    1.1708410067236315E-008
 Step time per cell       1.1871278628758671E-008
 Step      77 time   0.0274659 control    sound    timestep   3.64E-04       1,       1 x  3.26E-04 y  6.51E-04
 Wall clock    106.33956098556519     
 Average time per cell    1.1707163997673837E-008
 Step time per cell       1.1611438013561483E-008
 Step      78 time   0.0278302 control    sound    timestep   3.64E-04       1,       1 x  3.26E-04 y  6.51E-04
 Wall clock    107.69891810417175     
 Average time per cell    1.1704808216602701E-008
 Step time per cell       1.1522293385092375E-008
 Step      79 time   0.0281946 control    sound    timestep   3.64E-04       1,       1 x  3.26E-04 y  6.51E-04
 Wall clock    109.06940102577209     
 Average time per cell    1.1703705931262149E-008
 Step time per cell       1.1616599901268879E-008
 Step      80 time   0.0285589 control    sound    timestep   3.64E-04       1,       1 x  3.26E-04 y  6.51E-04
 Wall clock    110.49659204483032     
 Average time per cell    1.1708640209285983E-008
 Step time per cell       1.2097405285910807E-008
 Step      81 time   0.0289233 control    sound    timestep   3.64E-04       1,       1 x  3.26E-04 y  6.51E-04
 Wall clock    111.86695098876953     
 Average time per cell    1.1707504857357065E-008
 Step time per cell       1.1616124942924620E-008
 Step      82 time   0.0292877 control    sound    timestep   3.64E-04       1,       1 x  3.26E-04 y  6.51E-04
 Wall clock    113.24374008178711     
 Average time per cell    1.1707061941440149E-008
 Step time per cell       1.1670167118103968E-008
 Step      83 time   0.0296521 control    sound    timestep   3.64E-04       1,       1 x  3.26E-04 y  6.51E-04
 Wall clock    114.61023592948914     
 Average time per cell    1.1705578409982820E-008
 Step time per cell       1.1583039546773458E-008
 Step      84 time   0.0300165 control    sound    timestep   3.64E-04       1,       1 x  3.26E-04 y  6.51E-04
 Wall clock    115.99103307723999     
 Average time per cell    1.1705573458115512E-008
 Step time per cell       1.1704162008956902E-008
 Step      85 time   0.0303809 control    sound    timestep   3.64E-04       1,       1 x  3.26E-04 y  6.51E-04
 Wall clock    117.36039304733276     
 Average time per cell    1.1704427985629688E-008
 Step time per cell       1.1607242211337305E-008
 Step      86 time   0.0307453 control    sound    timestep   3.64E-04       1,       1 x  3.26E-04 y  6.51E-04
 Wall clock    118.74103903770447     
 Average time per cell    1.1704421626217121E-008
 Step time per cell       1.1702923075063154E-008
 Step      87 time   0.0311097 control    sound    timestep   3.64E-04       1,       1 x  3.26E-04 y  6.51E-04
 Wall clock    120.16637206077576     
 First step overhead -0.12159800529479980     
real 120.99
user 2842.71
sys 56.74
