
Clover Version    1.000
       MPI Version
   Task Count     24


Clover Version    1.000
       MPI Version
   Task Count     24

 Output file clover.out opened. All output will go there.
 Step       1 time   0.0000000 control    sound    timestep   7.70E-04       1,       1 x  6.51E-04 y  6.51E-04
 Wall clock    1.3036770820617676     
 Average time per cell    2.2102815111995570E-008
 Step time per cell       2.2102815111995570E-008
 Step       2 time   0.0007703 control    sound    timestep   4.70E-04       1,       1 x  6.51E-04 y  6.51E-04
 Wall clock    2.6110908985137939     
 Average time per cell    2.2134491801908653E-008
 Step time per cell       2.2164236320855304E-008
 Step       3 time   0.0012405 control    sound    timestep   5.97E-04       1,       1 x  6.51E-04 y  6.51E-04
 Wall clock    3.9101319313049316     
 Average time per cell    2.2097732720862107E-008
 Step time per cell       2.2022060066875484E-008
 Step       4 time   0.0018380 control    sound    timestep   6.29E-04       1,       1 x  6.51E-04 y  6.51E-04
 Wall clock    5.1819710731506348     
 Average time per cell    2.1964056536995081E-008
 Step time per cell       2.1561160489606360E-008
 Step       5 time   0.0024675 control    sound    timestep   6.93E-04       1,       1 x  6.51E-04 y  6.51E-04
 Wall clock    6.4668149948120117     
 Average time per cell    2.1927947980455227E-008
 Step time per cell       2.1781427979779741E-008
 Step       6 time   0.0031602 control    sound    timestep   6.91E-04       1,       1 x  6.51E-04 y  6.51E-04
 Wall clock    7.7495789527893066     
 Average time per cell    2.1897998252555865E-008
 Step time per cell       2.1746317442092631E-008
 Step       7 time   0.0038513 control    sound    timestep   7.04E-04       1,       1 x  6.51E-04 y  6.51E-04
 Wall clock    9.0269439220428467     
 Average time per cell    2.1863529077058450E-008
 Step time per cell       2.1654846528286321E-008
 Step       8 time   0.0045556 control    sound    timestep   7.41E-04       1,       1 x  6.51E-04 y  6.51E-04
 Wall clock    10.312712907791138     
 Average time per cell    2.1855487628070274E-008
 Step time per cell       2.1797382537948176E-008
 Step       9 time   0.0052964 control    sound    timestep   7.33E-04       1,       1 x  6.51E-04 y  6.51E-04
 Wall clock    11.592668056488037     
 Average time per cell    2.1838281055004050E-008
 Step time per cell       2.1698627582130333E-008
 Step      10 time   0.0060292 control    sound    timestep   7.28E-04       1,       1 x  6.51E-04 y  6.51E-04
 Wall clock    12.928168058395386     
 Average time per cell    2.1918687707511707E-008
 Step time per cell       2.2640500295286376E-008
 Step      11 time   0.0067568 control    sound    timestep   7.22E-04       1,       1 x  6.51E-04 y  6.51E-04
 Wall clock    14.204139947891235     
 Average time per cell    2.1892724775666879E-008
 Step time per cell       2.1632468916424032E-008
 Step      12 time   0.0074792 control    sound    timestep   7.20E-04       1,       1 x  6.51E-04 y  6.51E-04
 Wall clock    15.484976053237915     
 Average time per cell    2.1877961410576030E-008
 Step time per cell       2.1714036443477705E-008
 Step      13 time   0.0081988 control    sound    timestep   7.21E-04       1,       1 x  6.51E-04 y  6.51E-04
 Wall clock    16.771399974822998     
 Average time per cell    2.1872756794755720E-008
 Step time per cell       2.1808539006289923E-008
 Step      14 time   0.0089202 control    sound    timestep   7.24E-04       1,       1 x  6.51E-04 y  6.51E-04
 Wall clock    18.053266048431396     
 Average time per cell    2.1862776073191078E-008
 Step time per cell       2.1731078353089591E-008
 Step      15 time   0.0096444 control    sound    timestep   7.25E-04       1,       1 x  6.51E-04 y  6.51E-04
 Wall clock    19.342187881469727     
 Average time per cell    2.1862101103006691E-008
 Step time per cell       2.1851091231736873E-008
 Step      16 time   0.0103697 control    sound    timestep   7.26E-04       1,       1 x  6.51E-04 y  6.51E-04
 Wall clock    20.639636993408203     
 Average time per cell    2.1870546333957462E-008
 Step time per cell       2.1995543243570459E-008
 Step      17 time   0.0110953 control    sound    timestep   7.26E-04       1,       1 x  6.51E-04 y  6.51E-04
 Wall clock    21.939296960830688     
 Average time per cell    2.1880202908814561E-008
 Step time per cell       2.2032824441945803E-008
 Step      18 time   0.0118213 control    sound    timestep   7.26E-04       1,       1 x  6.51E-04 y  6.51E-04
 Wall clock    23.220086097717285     
 Average time per cell    2.1871012085071408E-008
 Step time per cell       2.1713001640617021E-008
 Step      19 time   0.0125475 control    sound    timestep   7.26E-04       1,       1 x  6.51E-04 y  6.51E-04
 Wall clock    24.499713897705078     
 Average time per cell    2.1861752424367339E-008
 Step time per cell       2.1693332301866678E-008
 Step      20 time   0.0132737 control    sound    timestep   7.26E-04       1,       1 x  6.51E-04 y  6.51E-04
 Wall clock    25.834013938903809     
 Average time per cell    2.1899764962856555E-008
 Step time per cell       2.2620459074257976E-008
 Step      21 time   0.0140001 control    sound    timestep   7.27E-04       1,       1 x  6.51E-04 y  6.51E-04
 Wall clock    27.114815950393677     
 Average time per cell    2.1890965981776063E-008
 Step time per cell       2.1714052612272401E-008
 Step      22 time   0.0147268 control    sound    timestep   7.27E-04       1,       1 x  6.51E-04 y  6.51E-04
 Wall clock    28.397206068038940     
 Average time per cell    2.1884190775583396E-008
 Step time per cell       2.1739959063577570E-008
 Step      23 time   0.0154537 control    sound    timestep   7.27E-04       1,       1 x  6.51E-04 y  6.51E-04
 Wall clock    29.676999092102051     
 Average time per cell    2.1876090297313487E-008
 Step time per cell       2.1696064828170670E-008
 Step      24 time   0.0161807 control    sound    timestep   7.27E-04       1,       1 x  6.51E-04 y  6.51E-04
 Wall clock    30.961005926132202     
 Average time per cell    2.1871641601373322E-008
 Step time per cell       2.1767644082299537E-008
 Step      25 time   0.0169080 control    sound    timestep   7.27E-04       1,       1 x  6.51E-04 y  6.51E-04
 Wall clock    32.241959095001221     
 Average time per cell    2.1865477901883423E-008
 Step time per cell       2.1715867559477274E-008
 Step      26 time   0.0176355 control    sound    timestep   7.28E-04       1,       1 x  6.51E-04 y  6.51E-04
 Wall clock    33.522731065750122     
 Average time per cell    2.1859670176546878E-008
 Step time per cell       2.1712751024299199E-008
 Step      27 time   0.0183631 control    sound    timestep   7.28E-04       1,       1 x  6.51E-04 y  6.51E-04
 Wall clock    34.806372880935669     
 Average time per cell    2.1856094725140649E-008
 Step time per cell       2.1761386758751338E-008
 Step      28 time   0.0190909 control    sound    timestep   7.28E-04       1,       1 x  6.51E-04 y  6.51E-04
 Wall clock    36.085566997528076     
 Average time per cell    2.1850081548253665E-008
 Step time per cell       2.1685502563034079E-008
 Step      29 time   0.0198188 control    sound    timestep   7.28E-04       1,       1 x  6.51E-04 y  6.51E-04
 Wall clock    37.366053104400635     
 Average time per cell    2.1845238406828450E-008
 Step time per cell       2.1707815499717578E-008
 Step      30 time   0.0205468 control    sound    timestep   7.28E-04       1,       1 x  6.51E-04 y  6.51E-04
 Wall clock    38.699167013168335     
 Average time per cell    2.1870460235125696E-008
 Step time per cell       2.2600167236911755E-008
 Step      31 time   0.0212748 control    sound    timestep   7.28E-04       1,       1 x  6.51E-04 y  6.51E-04
 Wall clock    39.975001096725464     
 Average time per cell    2.1862727939359857E-008
 Step time per cell       2.1630181031974240E-008
 Step      32 time   0.0220028 control    sound    timestep   7.28E-04       1,       1 x  6.51E-04 y  6.51E-04
 Wall clock    41.255568027496338     
 Average time per cell    2.1857986464763397E-008
 Step time per cell       2.1709359619611253E-008
 Step      33 time   0.0227308 control    sound    timestep   7.28E-04       1,       1 x  6.51E-04 y  6.51E-04
 Wall clock    42.535971879959106     
 Average time per cell    2.1853448568509345E-008
 Step time per cell       2.1706711979479427E-008
 Step      34 time   0.0234590 control    sound    timestep   7.28E-04       1,       1 x  6.51E-04 y  6.51E-04
 Wall clock    43.818586111068726     
 Average time per cell    2.1850279819797056E-008
 Step time per cell       2.1744013388848140E-008
 Step      35 time   0.0241873 control    sound    timestep   7.28E-04       1,       1 x  6.51E-04 y  6.51E-04
 Wall clock    45.098721027374268     
 Average time per cell    2.1846091147467849E-008
 Step time per cell       2.1702120041785141E-008
 Step      36 time   0.0249157 control    sound    timestep   7.29E-04       1,       1 x  6.51E-04 y  6.51E-04
 Wall clock    46.379492998123169     
 Average time per cell    2.1842435200125220E-008
 Step time per cell       2.1712831868272689E-008
 Step      37 time   0.0256442 control    sound    timestep   7.29E-04       1,       1 x  6.51E-04 y  6.51E-04
 Wall clock    47.661252021789551     
 Average time per cell    2.1839429160814968E-008
 Step time per cell       2.1729465515818446E-008
 Step      38 time   0.0263728 control    sound    timestep   7.29E-04       1,       1 x  6.51E-04 y  6.51E-04
 Wall clock    48.943823099136353     
 Average time per cell    2.1836943642749608E-008
 Step time per cell       2.1742845193431195E-008
 Step      39 time   0.0271016 control    sound    timestep   7.29E-04       1,       1 x  6.51E-04 y  6.51E-04
 Wall clock    50.223247051239014     
 Average time per cell    2.1833217458366987E-008
 Step time per cell       2.1689981319165477E-008
 Step      40 time   0.0278304 control    sound    timestep   7.29E-04       1,       1 x  6.51E-04 y  6.51E-04
 Wall clock    51.557049036026001     
 Average time per cell    2.1852725997935826E-008
 Step time per cell       2.2611982583637453E-008
 Step      41 time   0.0285593 control    sound    timestep   7.29E-04       1,       1 x  6.51E-04 y  6.51E-04
 Wall clock    52.832117080688477     
 Average time per cell    2.1846995399987231E-008
 Step time per cell       2.1616857945142936E-008
 Step      42 time   0.0292882 control    sound    timestep   7.29E-04       1,       1 x  6.51E-04 y  6.51E-04
 Wall clock    54.116719007492065     
 Average time per cell    2.1845386245764703E-008
 Step time per cell       2.1777616186429644E-008
 Step      43 time   0.0300171 control    sound    timestep   7.29E-04       1,       1 x  6.51E-04 y  6.51E-04
 Wall clock    55.396794080734253     
 Average time per cell    2.1842067070198259E-008
 Step time per cell       2.1700899297785429E-008
 Step      44 time   0.0307460 control    sound    timestep   7.29E-04       1,       1 x  6.51E-04 y  6.51E-04
 Wall clock    56.678775072097778     
 Average time per cell    2.1839633160253113E-008
 Step time per cell       2.1733313688956615E-008
 Step      45 time   0.0314750 control    sound    timestep   7.29E-04       1,       1 x  6.51E-04 y  6.51E-04
 Wall clock    57.958822011947632     
 Average time per cell    2.1836578750402241E-008
 Step time per cell       2.1700555710898091E-008
 Step      46 time   0.0322040 control    sound    timestep   7.29E-04       1,       1 x  6.51E-04 y  6.51E-04
 Wall clock    59.244932889938354     
 Average time per cell    2.1835892125351155E-008
 Step time per cell       2.1803215430635546E-008
 Step      47 time   0.0329331 control    sound    timestep   7.29E-04       1,       1 x  6.51E-04 y  6.51E-04
 Wall clock    60.524230003356934     
 Average time per cell    2.1832776803580547E-008
 Step time per cell       2.1687487282583284E-008
 Step      48 time   0.0336623 control    sound    timestep   7.29E-04       1,       1 x  6.51E-04 y  6.51E-04
 Wall clock    61.806662082672119     
 Average time per cell    2.1830898596683121E-008
 Step time per cell       2.1740961528848855E-008
 Step      49 time   0.0343915 control    sound    timestep   7.29E-04       1,       1 x  6.51E-04 y  6.51E-04
 Wall clock    63.088865995407104     
 Average time per cell    2.1829018104676784E-008
 Step time per cell       2.1737161862094784E-008
 Step      50 time   0.0351209 control    sound    timestep   7.29E-04       1,       1 x  6.51E-04 y  6.51E-04
 Wall clock    64.422566890716553     
 Average time per cell    2.1844674645560897E-008
 Step time per cell       2.2609912977916085E-008
 Step      51 time   0.0358503 control    sound    timestep   7.30E-04       1,       1 x  6.51E-04 y  6.51E-04
 Wall clock    65.698559045791626     
 Average time per cell    2.1840532771022563E-008
 Step time per cell       2.1632521465006803E-008
 Step      52 time   0.0365798 control    sound    timestep   7.30E-04       1,       1 x  6.51E-04 y  6.51E-04
 Wall clock    66.980709075927734     
 Average time per cell    2.1838557928338901E-008
 Step time per cell       2.1736110890439401E-008
 Step      53 time   0.0373094 control    sound    timestep   7.30E-04       1,       1 x  6.51E-04 y  6.51E-04
 Wall clock    68.261765956878662     
 Average time per cell    2.1836307919701363E-008
 Step time per cell       2.1717561240721908E-008
 Step      54 time   0.0380391 control    sound    timestep   7.30E-04       1,       1 x  6.51E-04 y  6.51E-04
 Wall clock    69.543644905090332     
 Average time per cell    2.1834399346587989E-008
 Step time per cell       2.1731632134308003E-008
 Step      55 time   0.0387688 control    sound    timestep   7.30E-04       1,       1 x  6.51E-04 y  6.51E-04
 Wall clock    70.821899890899658     
 Average time per cell    2.1831443059408678E-008
 Step time per cell       2.1670020942110567E-008
 Step      56 time   0.0394984 control    sound    timestep   7.30E-04       1,       1 x  6.51E-04 y  6.51E-04
 Wall clock    72.108352899551392     
 Average time per cell    2.1831074336082638E-008
 Step time per cell       2.1809201926872547E-008
 Step      57 time   0.0402281 control    sound    timestep   7.30E-04       1,       1 x  6.51E-04 y  6.51E-04
 Wall clock    73.389157056808472     
 Average time per cell    2.1829038343168105E-008
 Step time per cell       2.1713393733888450E-008
 Step      58 time   0.0409578 control    sound    timestep   7.30E-04       1,       1 x  6.51E-04 y  6.51E-04
 Wall clock    74.671046018600464     
 Average time per cell    2.1827389660422509E-008
 Step time per cell       2.1731721062678843E-008
 Step      59 time   0.0416876 control    sound    timestep   7.30E-04       1,       1 x  6.51E-04 y  6.51E-04
 Wall clock    75.951720952987671     
 Average time per cell    2.1825448002928443E-008
 Step time per cell       2.1710984583478421E-008
 Step      60 time   0.0424174 control    sound    timestep   7.30E-04       1,       1 x  6.51E-04 y  6.51E-04
 Wall clock    77.286595106124878     
 Average time per cell    2.1838886149688967E-008
 Step time per cell       2.2630022916321952E-008
 Step      61 time   0.0431473 control    sound    timestep   7.30E-04       1,       1 x  6.51E-04 y  6.51E-04
 Wall clock    78.564867973327637     
 Average time per cell    2.1836152060622373E-008
 Step time per cell       2.1671294234693051E-008
 Step      62 time   0.0438772 control    sound    timestep   7.30E-04       1,       1 x  6.51E-04 y  6.51E-04
 Wall clock    79.848915100097656     
 Average time per cell    2.1835085168133715E-008
 Step time per cell       2.1768391889054327E-008
 Step      63 time   0.0446072 control    sound    timestep   7.30E-04       1,       1 x  6.51E-04 y  6.51E-04
 Wall clock    81.197284936904907     
 Average time per cell    2.1851362315695603E-008
 Step time per cell       2.2858714348533088E-008
 Step      64 time   0.0453372 control    sound    timestep   7.30E-04       1,       1 x  6.51E-04 y  6.51E-04
 Wall clock    82.480695009231567     
 Average time per cell    2.1849922341567031E-008
 Step time per cell       2.1757389024262212E-008
 Step      65 time   0.0460673 control    sound    timestep   7.30E-04       1,       1 x  6.51E-04 y  6.51E-04
 Wall clock    83.760881900787354     
 Average time per cell    2.1847685959198089E-008
 Step time per cell       2.1702710202791625E-008
 Step      66 time   0.0467975 control    sound    timestep   7.30E-04       1,       1 x  6.51E-04 y  6.51E-04
 Wall clock    85.043349981307983     
 Average time per cell    2.1846103342308784E-008
 Step time per cell       2.1741503183471245E-008
 Step      67 time   0.0475278 control    sound    timestep   7.30E-04       1,       1 x  6.51E-04 y  6.51E-04
 Wall clock    86.324100971221924     
 Average time per cell    2.1844133461522832E-008
 Step time per cell       2.1712544872166795E-008
 Step      68 time   0.0482581 control    sound    timestep   7.30E-04       1,       1 x  6.51E-04 y  6.51E-04
 Wall clock    87.608628988265991     
 Average time per cell    2.1843163231810026E-008
 Step time per cell       2.1776443948814026E-008
 Step      69 time   0.0489885 control    sound    timestep   7.30E-04       1,       1 x  6.51E-04 y  6.51E-04
 Wall clock    88.890671014785767     
 Average time per cell    2.1841610284037017E-008
 Step time per cell       2.1734348491817299E-008
 Step      70 time   0.0497188 control    sound    timestep   7.30E-04       1,       1 x  6.51E-04 y  6.51E-04
 Wall clock    90.227663993835449     
 Average time per cell    2.1853410991810498E-008
 Step time per cell       2.2665998484525417E-008
 Step      71 time   0.0504492 control    sound    timestep   7.30E-04       1,       1 x  6.51E-04 y  6.51E-04
 Wall clock    91.505486011505127     
 Average time per cell    2.1850749751347438E-008
 Step time per cell       2.1663565550827317E-008
 Step      72 time   0.0511795 control    sound    timestep   7.30E-04       1,       1 x  6.51E-04 y  6.51E-04
 Wall clock    92.788918972015381     
 Average time per cell    2.1849483671780664E-008
 Step time per cell       2.1757829623917739E-008
 Step      73 time   0.0519100 control    sound    timestep   7.30E-04       1,       1 x  6.51E-04 y  6.51E-04
 Wall clock    94.070983886718750     
 Average time per cell    2.1847934551434973E-008
 Step time per cell       2.1734599108135121E-008
 Step      74 time   0.0526404 control    sound    timestep   7.30E-04       1,       1 x  6.51E-04 y  6.51E-04
 Wall clock    95.354527950286865     
 Average time per cell    2.1846766188403721E-008
 Step time per cell       2.1759814343466941E-008
 Step      75 time   0.0533709 control    sound    timestep   7.31E-04       1,       1 x  6.51E-04 y  6.51E-04
 Wall clock    96.636138916015625     
 Average time per cell    2.1845191993095255E-008
 Step time per cell       2.1726939141646855E-008
 Step      76 time   0.0541014 control    sound    timestep   7.31E-04       1,       1 x  6.51E-04 y  6.51E-04
 Wall clock    97.919689893722534     
 Average time per cell    2.1844092005171420E-008
 Step time per cell       2.1759980073612597E-008
 Step      77 time   0.0548320 control    sound    timestep   7.31E-04       1,       1 x  6.51E-04 y  6.51E-04
 Wall clock    99.200802087783813     
 Average time per cell    2.1842483605891816E-008
 Step time per cell       2.1718733478337526E-008
 Step      78 time   0.0555626 control    sound    timestep   7.31E-04       1,       1 x  6.51E-04 y  6.51E-04
 Wall clock    100.48645091056824     
 Average time per cell    2.1841902536803729E-008
 Step time per cell       2.1795365480809575E-008
 Step      79 time   0.0562933 control    sound    timestep   7.31E-04       1,       1 x  6.51E-04 y  6.51E-04
 Wall clock    101.76903796195984     
 Average time per cell    2.1840679090789032E-008
 Step time per cell       2.1743111978543717E-008
 Step      80 time   0.0570241 control    sound    timestep   7.31E-04       1,       1 x  6.51E-04 y  6.51E-04
 Wall clock    103.10487508773804     
 Average time per cell    2.1850771392766747E-008
 Step time per cell       2.2646062360662552E-008
 Step      81 time   0.0577549 control    sound    timestep   7.31E-04       1,       1 x  6.51E-04 y  6.51E-04
 Wall clock    104.38300800323486     
 Average time per cell    2.1848536362559811E-008
 Step time per cell       2.1668719354137365E-008
 Step      82 time   0.0584859 control    sound    timestep   7.31E-04       1,       1 x  6.51E-04 y  6.51E-04
 Wall clock    105.66687297821045     
 Average time per cell    2.1847540998218082E-008
 Step time per cell       2.1765117708127946E-008
 Step      83 time   0.0592168 control    sound    timestep   7.31E-04       1,       1 x  6.51E-04 y  6.51E-04
 Wall clock    106.94931101799011     
 Average time per cell    2.1846278141944020E-008
 Step time per cell       2.1741163638782583E-008
 Step      84 time   0.0599477 control    sound    timestep   7.31E-04       1,       1 x  6.51E-04 y  6.51E-04
 Wall clock    108.23254799842834     
 Average time per cell    2.1845206608530751E-008
 Step time per cell       2.1754490767812564E-008
 Step      85 time   0.0606786 control    sound    timestep   7.31E-04       1,       1 x  6.51E-04 y  6.51E-04
 Wall clock    109.51447701454163     
 Average time per cell    2.1843899399410397E-008
 Step time per cell       2.1732485038228332E-008
 Step      86 time   0.0614096 control    sound    timestep   7.31E-04       1,       1 x  6.51E-04 y  6.51E-04
 Wall clock    110.79908299446106     
 Average time per cell    2.1843150332440726E-008
 Step time per cell       2.1777701072601810E-008
 Step      87 time   0.0621405 control    sound    timestep   7.31E-04       1,       1 x  6.51E-04 y  6.51E-04
 Wall clock    112.13291788101196     
 First step overhead  -3.6249160766601562E-003
real 112.67
user 2695.88
sys 5.95
