
Clover Version    1.000
       MPI Version
   Task Count    384


Clover Version    1.000
       MPI Version
   Task Count    384

 Output file clover.out opened. All output will go there.
 Step       1 time   0.0000000 control    sound    timestep   1.93E-04       1,       1 x  1.63E-04 y  1.63E-04
 Wall clock    1.4294090270996094     
 Average time per cell    1.5146563075379365E-009
 Step time per cell       1.5146563075379365E-009
 Step       2 time   0.0001926 control    sound    timestep   1.18E-04       1,       1 x  1.63E-04 y  1.63E-04
 Wall clock    3.0484371185302734     
 Average time per cell    1.6151201028454427E-009
 Step time per cell       1.7153835566811420E-009
 Step       3 time   0.0003101 control    sound    timestep   1.49E-04       1,       1 x  1.63E-04 y  1.63E-04
 Wall clock    4.4444541931152344     
 Average time per cell    1.5698377090437269E-009
 Step time per cell       1.4791521607548930E-009
 Step       4 time   0.0004595 control    sound    timestep   1.57E-04       1,       1 x  1.63E-04 y  1.63E-04
 Wall clock    5.7937741279602051     
 Average time per cell    1.5348259946929628E-009
 Step time per cell       1.4296521536986498E-009
 Step       5 time   0.0006169 control    sound    timestep   1.73E-04       1,       1 x  1.63E-04 y  1.63E-04
 Wall clock    7.2151350975036621     
 Average time per cell    1.5290864515312325E-009
 Step time per cell       1.5059936231409666E-009
 Step       6 time   0.0007900 control    sound    timestep   1.73E-04       1,       1 x  1.63E-04 y  1.63E-04
 Wall clock    8.5714640617370605     
 Average time per cell    1.5137750240144130E-009
 Step time per cell       1.4370673145296881E-009
 Step       7 time   0.0009628 control    sound    timestep   1.76E-04       1,       1 x  1.63E-04 y  1.63E-04
 Wall clock    9.9471800327301025     
 Average time per cell    1.5057730345847270E-009
 Step time per cell       1.4576127998427384E-009
 Step       8 time   0.0011389 control    sound    timestep   1.85E-04       1,       1 x  1.63E-04 y  1.63E-04
 Wall clock    11.427248001098633     
 Average time per cell    1.5135934619239479E-009
 Step time per cell       1.5682103872273323E-009
 Step       9 time   0.0013241 control    sound    timestep   1.83E-04       1,       1 x  1.63E-04 y  1.63E-04
 Wall clock    12.806148052215576     
 Average time per cell    1.5077647517893729E-009
 Step time per cell       1.4609918252972421E-009
 Step      10 time   0.0015073 control    sound    timestep   1.82E-04       1,       1 x  1.63E-04 y  1.63E-04
 Wall clock    14.311388015747070     
 Average time per cell    1.5164892425269095E-009
 Step time per cell       1.5948878879296697E-009
 Step      11 time   0.0016892 control    sound    timestep   1.81E-04       1,       1 x  1.63E-04 y  1.63E-04
 Wall clock    15.633664131164551     
 Average time per cell    1.5060024195164912E-009
 Step time per cell       1.4010798723676189E-009
 Step      12 time   0.0018698 control    sound    timestep   1.80E-04       1,       1 x  1.63E-04 y  1.63E-04
 Wall clock    17.065968036651611     
 Average time per cell    1.5069792038115406E-009
 Step time per cell       1.5175831120157253E-009
 Step      13 time   0.0020497 control    sound    timestep   1.80E-04       1,       1 x  1.63E-04 y  1.63E-04
 Wall clock    18.376104116439819     
 Average time per cell    1.4978477377312667E-009
 Step time per cell       1.3881364995743044E-009
 Step      14 time   0.0022300 control    sound    timestep   1.81E-04       1,       1 x  1.63E-04 y  1.63E-04
 Wall clock    19.854876041412354     
 Average time per cell    1.5027845504860919E-009
 Step time per cell       1.5668244183567973E-009
 Step      15 time   0.0024111 control    sound    timestep   1.81E-04       1,       1 x  1.63E-04 y  1.63E-04
 Wall clock    21.158151149749756     
 Average time per cell    1.4946655803079785E-009
 Step time per cell       1.3809120799932216E-009
 Step      16 time   0.0025924 control    sound    timestep   1.81E-04       1,       1 x  1.63E-04 y  1.63E-04
 Wall clock    22.568790197372437     
 Average time per cell    1.4946719141385579E-009
 Step time per cell       1.4946345395906571E-009
 Step      17 time   0.0027738 control    sound    timestep   1.81E-04       1,       1 x  1.63E-04 y  1.63E-04
 Wall clock    23.972188234329224     
 Average time per cell    1.4942261586363315E-009
 Step time per cell       1.4869637096934539E-009
 Step      18 time   0.0029553 control    sound    timestep   1.82E-04       1,       1 x  1.63E-04 y  1.63E-04
 Wall clock    25.350300073623657     
 Average time per cell    1.4923413637905156E-009
 Step time per cell       1.4601525637974394E-009
 Step      19 time   0.0031369 control    sound    timestep   1.82E-04       1,       1 x  1.63E-04 y  1.63E-04
 Wall clock    26.750511169433594     
 Average time per cell    1.4918874533934116E-009
 Step time per cell       1.4835856947886187E-009
 Step      20 time   0.0033184 control    sound    timestep   1.82E-04       1,       1 x  1.63E-04 y  1.63E-04
 Wall clock    28.244537115097046     
 Average time per cell    1.4964494236361739E-009
 Step time per cell       1.5829901814059768E-009
 Step      21 time   0.0035000 control    sound    timestep   1.82E-04       1,       1 x  1.63E-04 y  1.63E-04
 Wall clock    29.622457027435303     
 Average time per cell    1.4947183310006813E-009
 Step time per cell       1.4600669197130223E-009
 Step      22 time   0.0036817 control    sound    timestep   1.82E-04       1,       1 x  1.63E-04 y  1.63E-04
 Wall clock    30.988470077514648     
 Average time per cell    1.4925711120024907E-009
 Step time per cell       1.4473807318103759E-009
 Step      23 time   0.0038634 control    sound    timestep   1.82E-04       1,       1 x  1.63E-04 y  1.63E-04
 Wall clock    32.374535083770752     
 Average time per cell    1.4915344258446971E-009
 Step time per cell       1.4686002537524070E-009
 Step      24 time   0.0040452 control    sound    timestep   1.82E-04       1,       1 x  1.63E-04 y  1.63E-04
 Wall clock    33.762760162353516     
 Average time per cell    1.4906795008250305E-009
 Step time per cell       1.4708699483081647E-009
 Step      25 time   0.0042270 control    sound    timestep   1.82E-04       1,       1 x  1.63E-04 y  1.63E-04
 Wall clock    35.126370191574097     
 Average time per cell    1.4888496480125468E-009
 Step time per cell       1.4448048407050212E-009
 Step      26 time   0.0044089 control    sound    timestep   1.82E-04       1,       1 x  1.63E-04 y  1.63E-04
 Wall clock    36.596099138259888     
 Average time per cell    1.4914854627698869E-009
 Step time per cell       1.5572315229898474E-009
 Step      27 time   0.0045908 control    sound    timestep   1.82E-04       1,       1 x  1.63E-04 y  1.63E-04
 Wall clock    37.932458162307739     
 Average time per cell    1.4886918151254120E-009
 Step time per cell       1.4159617320627957E-009
 Step      28 time   0.0047727 control    sound    timestep   1.82E-04       1,       1 x  1.63E-04 y  1.63E-04
 Wall clock    39.351856231689453     
 Average time per cell    1.4892402615505344E-009
 Step time per cell       1.5039358913782053E-009
 Step      29 time   0.0049547 control    sound    timestep   1.82E-04       1,       1 x  1.63E-04 y  1.63E-04
 Wall clock    40.725318193435669     
 Average time per cell    1.4880724133544742E-009
 Step time per cell       1.4552263868002532E-009
 Step      30 time   0.0051367 control    sound    timestep   1.82E-04       1,       1 x  1.63E-04 y  1.63E-04
 Wall clock    42.230815172195435     
 Average time per cell    1.4916460663193397E-009
 Step time per cell       1.5951463360074234E-009
 Step      31 time   0.0053187 control    sound    timestep   1.82E-04       1,       1 x  1.63E-04 y  1.63E-04
 Wall clock    43.569234132766724     
 Average time per cell    1.4892781210720488E-009
 Step time per cell       1.4181740779248585E-009
 Step      32 time   0.0055007 control    sound    timestep   1.82E-04       1,       1 x  1.63E-04 y  1.63E-04
 Wall clock    44.959679126739502     
 Average time per cell    1.4887809464249181E-009
 Step time per cell       1.4732391820062832E-009
 Step      33 time   0.0056827 control    sound    timestep   1.82E-04       1,       1 x  1.63E-04 y  1.63E-04
 Wall clock    46.356813192367554     
 Average time per cell    1.4885286913132443E-009
 Step time per cell       1.4803188403473339E-009
 Step      34 time   0.0058648 control    sound    timestep   1.82E-04       1,       1 x  1.63E-04 y  1.63E-04
 Wall clock    47.761969089508057     
 Average time per cell    1.4885412817533673E-009
 Step time per cell       1.4888168051483161E-009
 Step      35 time   0.0060468 control    sound    timestep   1.82E-04       1,       1 x  1.63E-04 y  1.63E-04
 Wall clock    49.174507141113281     
 Average time per cell    1.4887766502354117E-009
 Step time per cell       1.4966435123319066E-009
 Step      36 time   0.0062289 control    sound    timestep   1.82E-04       1,       1 x  1.63E-04 y  1.63E-04
 Wall clock    50.531082153320312     
 Average time per cell    1.4873517046245620E-009
 Step time per cell       1.4374086276802700E-009
 Step      37 time   0.0064110 control    sound    timestep   1.82E-04       1,       1 x  1.63E-04 y  1.63E-04
 Wall clock    51.924592018127441     
 Average time per cell    1.4870615554823156E-009
 Step time per cell       1.4764784989690978E-009
 Step      38 time   0.0065932 control    sound    timestep   1.82E-04       1,       1 x  1.63E-04 y  1.63E-04
 Wall clock    53.259174108505249     
 Average time per cell    1.4851434637511752E-009
 Step time per cell       1.4140437087917234E-009
 Step      39 time   0.0067754 control    sound    timestep   1.82E-04       1,       1 x  1.63E-04 y  1.63E-04
 Wall clock    54.724876165390015     
 Average time per cell    1.4868862925198008E-009
 Step time per cell       1.5529697823997898E-009
 Step      40 time   0.0069576 control    sound    timestep   1.82E-04       1,       1 x  1.63E-04 y  1.63E-04
 Wall clock    56.169906139373779     
 Average time per cell    1.4879943566686253E-009
 Step time per cell       1.5311315514231359E-009
 Step      41 time   0.0071398 control    sound    timestep   1.82E-04       1,       1 x  1.63E-04 y  1.63E-04
 Wall clock    57.527443170547485     
 Average time per cell    1.4867871284626361E-009
 Step time per cell       1.4384545465873089E-009
 Step      42 time   0.0073220 control    sound    timestep   1.82E-04       1,       1 x  1.63E-04 y  1.63E-04
 Wall clock    58.839408159255981     
 Average time per cell    1.4844876284134069E-009
 Step time per cell       1.3900608387808058E-009
 Step      43 time   0.0075043 control    sound    timestep   1.82E-04       1,       1 x  1.63E-04 y  1.63E-04
 Wall clock    60.257352113723755     
 Average time per cell    1.4849066947159227E-009
 Step time per cell       1.5023601918073836E-009
 Step      44 time   0.0076865 control    sound    timestep   1.82E-04       1,       1 x  1.63E-04 y  1.63E-04
 Wall clock    61.620476007461548     
 Average time per cell    1.4839864983091823E-009
 Step time per cell       1.4442879445495135E-009
 Step      45 time   0.0078687 control    sound    timestep   1.82E-04       1,       1 x  1.63E-04 y  1.63E-04
 Wall clock    63.045430183410645     
 Average time per cell    1.4845631489556076E-009
 Step time per cell       1.5097915214331199E-009
 Step      46 time   0.0080510 control    sound    timestep   1.82E-04       1,       1 x  1.63E-04 y  1.63E-04
 Wall clock    64.455498218536377     
 Average time per cell    1.4847718164779455E-009
 Step time per cell       1.4940241675908004E-009
 Step      47 time   0.0082333 control    sound    timestep   1.82E-04       1,       1 x  1.63E-04 y  1.63E-04
 Wall clock    65.870126008987427     
 Average time per cell    1.4850744064589748E-009
 Step time per cell       1.4988495422585402E-009
 Step      48 time   0.0084156 control    sound    timestep   1.82E-04       1,       1 x  1.63E-04 y  1.63E-04
 Wall clock    67.237908124923706     
 Average time per cell    1.4843302330468255E-009
 Step time per cell       1.4492724807900636E-009
 Step      49 time   0.0085979 control    sound    timestep   1.82E-04       1,       1 x  1.63E-04 y  1.63E-04
 Wall clock    68.561999082565308     
 Average time per cell    1.4826716010546804E-009
 Step time per cell       1.4029046724317595E-009
 Step      50 time   0.0087802 control    sound    timestep   1.82E-04       1,       1 x  1.63E-04 y  1.63E-04
 Wall clock    70.108381032943726     
 Average time per cell    1.4857902745764779E-009
 Step time per cell       1.6384663265651195E-009
 Step      51 time   0.0089626 control    sound    timestep   1.82E-04       1,       1 x  1.63E-04 y  1.63E-04
 Wall clock    71.493454217910767     
 Average time per cell    1.4854350997557206E-009
 Step time per cell       1.4676445264032938E-009
 Step      52 time   0.0091450 control    sound    timestep   1.82E-04       1,       1 x  1.63E-04 y  1.63E-04
 Wall clock    72.884360074996948     
 Average time per cell    1.4852124416929422E-009
 Step time per cell       1.4737234879349773E-009
 Step      53 time   0.0093274 control    sound    timestep   1.82E-04       1,       1 x  1.63E-04 y  1.63E-04
 Wall clock    74.279654026031494     
 Average time per cell    1.4850859177393782E-009
 Step time per cell       1.4783783323461345E-009
 Step      54 time   0.0095098 control    sound    timestep   1.82E-04       1,       1 x  1.63E-04 y  1.63E-04
 Wall clock    75.572120189666748     
 Average time per cell    1.4829462975566131E-009
 Step time per cell       1.3694094983899655E-009
 Step      55 time   0.0096922 control    sound    timestep   1.82E-04       1,       1 x  1.63E-04 y  1.63E-04
 Wall clock    76.992398023605347     
 Average time per cell    1.4833469202755504E-009
 Step time per cell       1.5048428597058067E-009
 Step      56 time   0.0098746 control    sound    timestep   1.82E-04       1,       1 x  1.63E-04 y  1.63E-04
 Wall clock    78.388657093048096     
 Average time per cell    1.4832787493495354E-009
 Step time per cell       1.4794053034468863E-009
 Step      57 time   0.0100570 control    sound    timestep   1.82E-04       1,       1 x  1.63E-04 y  1.63E-04
 Wall clock    79.818944215774536     
 Average time per cell    1.4838455567494617E-009
 Step time per cell       1.5154617156238399E-009
 Step      58 time   0.0102395 control    sound    timestep   1.82E-04       1,       1 x  1.63E-04 y  1.63E-04
 Wall clock    81.208929061889648     
 Average time per cell    1.4836565116701391E-009
 Step time per cell       1.4727654868491097E-009
 Step      59 time   0.0104219 control    sound    timestep   1.82E-04       1,       1 x  1.63E-04 y  1.63E-04
 Wall clock    82.629819154739380     
 Average time per cell    1.4840289321500592E-009
 Step time per cell       1.5055042644639292E-009
 Step      60 time   0.0106044 control    sound    timestep   1.82E-04       1,       1 x  1.63E-04 y  1.63E-04
 Wall clock    84.088186025619507     
 Average time per cell    1.4850508023300791E-009
 Step time per cell       1.5451971396234714E-009
 Step      61 time   0.0107868 control    sound    timestep   1.82E-04       1,       1 x  1.63E-04 y  1.63E-04
 Wall clock    85.449297189712524     
 Average time per cell    1.4843497283204662E-009
 Step time per cell       1.4422458763066161E-009
 Step      62 time   0.0109693 control    sound    timestep   1.82E-04       1,       1 x  1.63E-04 y  1.63E-04
 Wall clock    86.740969181060791     
 Average time per cell    1.4824844890351926E-009
 Step time per cell       1.3685715000772486E-009
 Step      63 time   0.0111518 control    sound    timestep   1.83E-04       1,       1 x  1.63E-04 y  1.63E-04
 Wall clock    88.222378015518188     
 Average time per cell    1.4838697715288022E-009
 Step time per cell       1.5696163144538230E-009
 Step      64 time   0.0113343 control    sound    timestep   1.83E-04       1,       1 x  1.63E-04 y  1.63E-04
 Wall clock    89.627111196517944     
 Average time per cell    1.4839422569758021E-009
 Step time per cell       1.4883709001070303E-009
 Step      65 time   0.0115168 control    sound    timestep   1.83E-04       1,       1 x  1.63E-04 y  1.63E-04
 Wall clock    90.977366209030151     
 Average time per cell    1.4831244021852632E-009
 Step time per cell       1.4306566400692747E-009
 Step      66 time   0.0116994 control    sound    timestep   1.83E-04       1,       1 x  1.63E-04 y  1.63E-04
 Wall clock    92.421859025955200     
 Average time per cell    1.4838443304305156E-009
 Step time per cell       1.5305082949150044E-009
 Step      67 time   0.0118819 control    sound    timestep   1.83E-04       1,       1 x  1.63E-04 y  1.63E-04
 Wall clock    93.797051191329956     
 Average time per cell    1.4834467442091814E-009
 Step time per cell       1.4570820086292870E-009
 Step      68 time   0.0120645 control    sound    timestep   1.83E-04       1,       1 x  1.63E-04 y  1.63E-04
 Wall clock    95.235521078109741     
 Average time per cell    1.4840469029699234E-009
 Step time per cell       1.5241271790323987E-009
 Step      69 time   0.0122471 control    sound    timestep   1.83E-04       1,       1 x  1.63E-04 y  1.63E-04
 Wall clock    96.735440015792847     
 Average time per cell    1.4855733434672953E-009
 Step time per cell       1.5892492734160948E-009
 Step      70 time   0.0124297 control    sound    timestep   1.83E-04       1,       1 x  1.63E-04 y  1.63E-04
 Wall clock    98.294865131378174     
 Average time per cell    1.4879569573081210E-009
 Step time per cell       1.6522896354823993E-009
 Step      71 time   0.0126123 control    sound    timestep   1.83E-04       1,       1 x  1.63E-04 y  1.63E-04
 Wall clock    99.626246213912964     
 Average time per cell    1.4868699883282347E-009
 Step time per cell       1.4107366850011103E-009
 Step      72 time   0.0127949 control    sound    timestep   1.83E-04       1,       1 x  1.63E-04 y  1.63E-04
 Wall clock    100.95799803733826     
 Average time per cell    1.4858186691975631E-009
 Step time per cell       1.4110355550656096E-009
 Step      73 time   0.0129775 control    sound    timestep   1.83E-04       1,       1 x  1.63E-04 y  1.63E-04
 Wall clock    102.34006905555725     
 Average time per cell    1.4855265661724045E-009
 Step time per cell       1.4643678191027398E-009
 Step      74 time   0.0131601 control    sound    timestep   1.83E-04       1,       1 x  1.63E-04 y  1.63E-04
 Wall clock    103.79550004005432     
 Average time per cell    1.4862928310321876E-009
 Step time per cell       1.5421063734619464E-009
 Step      75 time   0.0133427 control    sound    timestep   1.83E-04       1,       1 x  1.63E-04 y  1.63E-04
 Wall clock    105.18736600875854     
 Average time per cell    1.4861405833033604E-009
 Step time per cell       1.4747481852989747E-009
 Step      76 time   0.0135254 control    sound    timestep   1.83E-04       1,       1 x  1.63E-04 y  1.63E-04
 Wall clock    106.62648701667786     
 Average time per cell    1.4866512005326044E-009
 Step time per cell       1.5248171318186601E-009
 Step      77 time   0.0137080 control    sound    timestep   1.83E-04       1,       1 x  1.63E-04 y  1.63E-04
 Wall clock    107.99632120132446     
 Average time per cell    1.4861950619922498E-009
 Step time per cell       1.4514191409236649E-009
 Step      78 time   0.0138907 control    sound    timestep   1.83E-04       1,       1 x  1.63E-04 y  1.63E-04
 Wall clock    109.35451006889343     
 Average time per cell    1.4855924164657026E-009
 Step time per cell       1.4390477392427986E-009
 Step      79 time   0.0140733 control    sound    timestep   1.83E-04       1,       1 x  1.63E-04 y  1.63E-04
 Wall clock    110.72070312500000     
 Average time per cell    1.4851123890963955E-009
 Step time per cell       1.4475472198682837E-009
 Step      80 time   0.0142560 control    sound    timestep   1.83E-04       1,       1 x  1.63E-04 y  1.63E-04
 Wall clock    112.24208307266235     
 Average time per cell    1.4866998867546499E-009
 Step time per cell       1.6119735038147256E-009
 Step      81 time   0.0144387 control    sound    timestep   1.83E-04       1,       1 x  1.63E-04 y  1.63E-04
 Wall clock    113.61005020141602     
 Average time per cell    1.4862412477738707E-009
 Step time per cell       1.4495140021608676E-009
 Step      82 time   0.0146215 control    sound    timestep   1.83E-04       1,       1 x  1.63E-04 y  1.63E-04
 Wall clock    115.00895500183105     
 Average time per cell    1.4861935845795176E-009
 Step time per cell       1.4821782517376252E-009
 Step      83 time   0.0148042 control    sound    timestep   1.83E-04       1,       1 x  1.63E-04 y  1.63E-04
 Wall clock    116.36068415641785     
 Average time per cell    1.4855447914248375E-009
 Step time per cell       1.4322419398619483E-009
 Step      84 time   0.0149869 control    sound    timestep   1.83E-04       1,       1 x  1.63E-04 y  1.63E-04
 Wall clock    117.74571609497070     
 Average time per cell    1.4853315516750738E-009
 Step time per cell       1.4674969861516729E-009
 Step      85 time   0.0151697 control    sound    timestep   1.83E-04       1,       1 x  1.63E-04 y  1.63E-04
 Wall clock    119.18649101257324     
 Average time per cell    1.4858182397552345E-009
 Step time per cell       1.5265600773596412E-009
 Step      86 time   0.0153524 control    sound    timestep   1.83E-04       1,       1 x  1.63E-04 y  1.63E-04
 Wall clock    120.56288909912109     
 Average time per cell    1.4855003985215354E-009
 Step time per cell       1.4583745016554734E-009
 Step      87 time   0.0155351 control    sound    timestep   1.83E-04       1,       1 x  1.63E-04 y  1.63E-04
 Wall clock    122.03135013580322     
 First step overhead -0.18942999839782715     
real 123.19
user 2907.75
sys 44.37
