
Clover Version    1.000
       MPI Version
   Task Count    192


Clover Version    1.000
       MPI Version
   Task Count    192

 Output file clover.out opened. All output will go there.
 Step       1 time   0.0000000 control    sound    timestep   1.93E-04       1,       1 x  1.63E-04 y  3.26E-04
 Wall clock    1.5914950370788574     
 Average time per cell    3.3728176478891530E-009
 Step time per cell       3.3728176478891530E-009
 Step       2 time   0.0001926 control    sound    timestep   1.62E-04       1,       1 x  1.63E-04 y  3.26E-04
 Wall clock    3.1045548915863037     
 Average time per cell    3.2897047377547199E-009
 Step time per cell       3.2062654200773168E-009
 Step       3 time   0.0003548 control    sound    timestep   1.48E-04       1,       1 x  1.63E-04 y  3.26E-04
 Wall clock    4.5237479209899902     
 Average time per cell    3.1956905230698695E-009
 Step time per cell       3.0072063357996135E-009
 Step       4 time   0.0005028 control    sound    timestep   1.54E-04       1,       1 x  1.63E-04 y  3.26E-04
 Wall clock    5.8935139179229736     
 Average time per cell    3.1224960316143954E-009
 Step time per cell       2.9026897310460401E-009
 Step       5 time   0.0006573 control    sound    timestep   1.68E-04       1,       1 x  1.63E-04 y  3.26E-04
 Wall clock    7.2473230361938477     
 Average time per cell    3.0718159299188603E-009
 Step time per cell       2.8688241905506908E-009
 Step       6 time   0.0008248 control    sound    timestep   1.74E-04       1,       1 x  1.63E-04 y  3.26E-04
 Wall clock    8.6416199207305908     
 Average time per cell    3.0523299890908810E-009
 Step time per cell       2.9546395631364755E-009
 Step       7 time   0.0009990 control    sound    timestep   1.77E-04       1,       1 x  1.63E-04 y  3.26E-04
 Wall clock    10.044826030731201     
 Average time per cell    3.0411087613578678E-009
 Step time per cell       2.9735398735889854E-009
 Step       8 time   0.0011761 control    sound    timestep   1.83E-04       1,       1 x  1.63E-04 y  3.26E-04
 Wall clock    11.439807891845703     
 Average time per cell    3.0305141586318818E-009
 Step time per cell       2.9561149656526849E-009
 Step       9 time   0.0013593 control    sound    timestep   1.82E-04       1,       1 x  1.63E-04 y  3.26E-04
 Wall clock    12.812939882278442     
 Average time per cell    3.0171288107126593E-009
 Step time per cell       2.9097408413589518E-009
 Step      10 time   0.0015413 control    sound    timestep   1.82E-04       1,       1 x  1.63E-04 y  3.26E-04
 Wall clock    14.300798892974854     
 Average time per cell    3.0307343574046777E-009
 Step time per cell       3.1529341665898552E-009
 Step      11 time   0.0017234 control    sound    timestep   1.82E-04       1,       1 x  1.63E-04 y  3.26E-04
 Wall clock    15.662669897079468     
 Average time per cell    3.0175931327664669E-009
 Step time per cell       2.8860601256989563E-009
 Step      12 time   0.0019050 control    sound    timestep   1.81E-04       1,       1 x  1.63E-04 y  3.26E-04
 Wall clock    17.086120843887329     
 Average time per cell    3.0175175214497828E-009
 Step time per cell       3.0164190118537388E-009
 Step      13 time   0.0020863 control    sound    timestep   1.81E-04       1,       1 x  1.63E-04 y  3.26E-04
 Wall clock    18.459390878677368     
 Average time per cell    3.0092729876065651E-009
 Step time per cell       2.9101541561734243E-009
 Step      14 time   0.0022674 control    sound    timestep   1.81E-04       1,       1 x  1.63E-04 y  3.26E-04
 Wall clock    19.872027873992920     
 Average time per cell    3.0081654917993878E-009
 Step time per cell       2.9935093455909132E-009
 Step      15 time   0.0024489 control    sound    timestep   1.82E-04       1,       1 x  1.63E-04 y  3.26E-04
 Wall clock    21.223918914794922     
 Average time per cell    2.9986231648190704E-009
 Step time per cell       2.8647759285781327E-009
 Step      16 time   0.0026306 control    sound    timestep   1.82E-04       1,       1 x  1.63E-04 y  3.26E-04
 Wall clock    22.654664039611816     
 Average time per cell    3.0007182279708409E-009
 Step time per cell       3.0319238754196300E-009
 Step      17 time   0.0028124 control    sound    timestep   1.82E-04       1,       1 x  1.63E-04 y  3.26E-04
 Wall clock    24.040967941284180     
 Average time per cell    2.9970266231567009E-009
 Step time per cell       2.9377659100444159E-009
 Step      18 time   0.0029942 control    sound    timestep   1.82E-04       1,       1 x  1.63E-04 y  3.26E-04
 Wall clock    25.455684900283813     
 Average time per cell    2.9970904809791441E-009
 Step time per cell       2.9979345425898725E-009
 Step      19 time   0.0031760 control    sound    timestep   1.82E-04       1,       1 x  1.63E-04 y  3.26E-04
 Wall clock    26.848871946334839     
 Average time per cell    2.9947461520116750E-009
 Step time per cell       2.9523087303257653E-009
 Step      20 time   0.0033579 control    sound    timestep   1.82E-04       1,       1 x  1.63E-04 y  3.26E-04
 Wall clock    28.296510934829712     
 Average time per cell    2.9984061913839670E-009
 Step time per cell       3.0677114813847259E-009
 Step      21 time   0.0035397 control    sound    timestep   1.82E-04       1,       1 x  1.63E-04 y  3.26E-04
 Wall clock    29.661862850189209     
 Average time per cell    2.9934134155545116E-009
 Step time per cell       2.8934795813660863E-009
 Step      22 time   0.0037216 control    sound    timestep   1.82E-04       1,       1 x  1.63E-04 y  3.26E-04
 Wall clock    31.040201902389526     
 Average time per cell    2.9901255889265974E-009
 Step time per cell       2.9208882147536820E-009
 Step      23 time   0.0039035 control    sound    timestep   1.82E-04       1,       1 x  1.63E-04 y  3.26E-04
 Wall clock    32.441403865814209     
 Average time per cell    2.9892303048298978E-009
 Step time per cell       2.9693117337754099E-009
 Step      24 time   0.0040854 control    sound    timestep   1.82E-04       1,       1 x  1.63E-04 y  3.26E-04
 Wall clock    33.831037044525146     
 Average time per cell    2.9873880672918556E-009
 Step time per cell       2.9448064095858069E-009
 Step      25 time   0.0042673 control    sound    timestep   1.82E-04       1,       1 x  1.63E-04 y  3.26E-04
 Wall clock    35.205678939819336     
 Average time per cell    2.9844223819155660E-009
 Step time per cell       2.9130109800866599E-009
 Step      26 time   0.0044492 control    sound    timestep   1.82E-04       1,       1 x  1.63E-04 y  3.26E-04
 Wall clock    36.587913990020752     
 Average time per cell    2.9823037489883514E-009
 Step time per cell       2.9290751828941412E-009
 Step      27 time   0.0046311 control    sound    timestep   1.82E-04       1,       1 x  1.63E-04 y  3.26E-04
 Wall clock    37.979701042175293     
 Average time per cell    2.9810918048321206E-009
 Step time per cell       2.9493311457271276E-009
 Step      28 time   0.0048130 control    sound    timestep   1.82E-04       1,       1 x  1.63E-04 y  3.26E-04
 Wall clock    39.357718944549561     
 Average time per cell    2.9789242626787792E-009
 Step time per cell       2.9201318183267077E-009
 Step      29 time   0.0049950 control    sound    timestep   1.82E-04       1,       1 x  1.63E-04 y  3.26E-04
 Wall clock    40.749094009399414     
 Average time per cell    2.9778823274780081E-009
 Step time per cell       2.9484388303697214E-009
 Step      30 time   0.0051769 control    sound    timestep   1.82E-04       1,       1 x  1.63E-04 y  3.26E-04
 Wall clock    42.266347885131836     
 Average time per cell    2.9858022538031002E-009
 Step time per cell       3.2152279850884549E-009
 Step      31 time   0.0053588 control    sound    timestep   1.82E-04       1,       1 x  1.63E-04 y  3.26E-04
 Wall clock    43.604019880294800     
 Average time per cell    2.9809343263014108E-009
 Step time per cell       2.8347459293500935E-009
 Step      32 time   0.0055408 control    sound    timestep   1.82E-04       1,       1 x  1.63E-04 y  3.26E-04
 Wall clock    45.020128011703491     
 Average time per cell    2.9815652643113328E-009
 Step time per cell       3.0008358306885282E-009
 Step      33 time   0.0057227 control    sound    timestep   1.82E-04       1,       1 x  1.63E-04 y  3.26E-04
 Wall clock    46.405403852462769     
 Average time per cell    2.9801778987578039E-009
 Step time per cell       2.9355684697899656E-009
 Step      34 time   0.0059047 control    sound    timestep   1.82E-04       1,       1 x  1.63E-04 y  3.26E-04
 Wall clock    47.799255847930908     
 Average time per cell    2.9794067088564023E-009
 Step time per cell       2.9536921728221284E-009
 Step      35 time   0.0060866 control    sound    timestep   1.82E-04       1,       1 x  1.63E-04 y  3.26E-04
 Wall clock    49.155519008636475     
 Average time per cell    2.9764035548035438E-009
 Step time per cell       2.8740734908044234E-009
 Step      36 time   0.0062686 control    sound    timestep   1.82E-04       1,       1 x  1.63E-04 y  3.26E-04
 Wall clock    50.565497875213623     
 Average time per cell    2.9767294209806195E-009
 Step time per cell       2.9878765417379326E-009
 Step      37 time   0.0064506 control    sound    timestep   1.82E-04       1,       1 x  1.63E-04 y  3.26E-04
 Wall clock    51.970304965972900     
 Average time per cell    2.9767414451560686E-009
 Step time per cell       2.9769282466279240E-009
 Step      38 time   0.0066325 control    sound    timestep   1.82E-04       1,       1 x  1.63E-04 y  3.26E-04
 Wall clock    53.332984924316406     
 Average time per cell    2.9744033882808354E-009
 Step time per cell       2.8876830684667867E-009
 Step      39 time   0.0068145 control    sound    timestep   1.82E-04       1,       1 x  1.63E-04 y  3.26E-04
 Wall clock    54.702646970748901     
 Average time per cell    2.9725646413356910E-009
 Step time per cell       2.9024189037348454E-009
 Step      40 time   0.0069965 control    sound    timestep   1.82E-04       1,       1 x  1.63E-04 y  3.26E-04
 Wall clock    56.180258035659790     
 Average time per cell    2.9765371765380324E-009
 Step time per cell       3.1312624236711093E-009
 Step      41 time   0.0071785 control    sound    timestep   1.82E-04       1,       1 x  1.63E-04 y  3.26E-04
 Wall clock    57.539963960647583     
 Average time per cell    2.9742214523691513E-009
 Step time per cell       2.8815187154881035E-009
 Step      42 time   0.0073605 control    sound    timestep   1.82E-04       1,       1 x  1.63E-04 y  3.26E-04
 Wall clock    58.920531034469604     
 Average time per cell    2.9730686326238643E-009
 Step time per cell       2.9255675649943037E-009
 Step      43 time   0.0075424 control    sound    timestep   1.82E-04       1,       1 x  1.63E-04 y  3.26E-04
 Wall clock    60.294438838958740     
 Average time per cell    2.9716412270202806E-009
 Step time per cell       2.9114426070009358E-009
 Step      44 time   0.0077244 control    sound    timestep   1.82E-04       1,       1 x  1.63E-04 y  3.26E-04
 Wall clock    61.688772916793823     
 Average time per cell    2.9712625424931179E-009
 Step time per cell       2.9547097963384457E-009
 Step      45 time   0.0079064 control    sound    timestep   1.82E-04       1,       1 x  1.63E-04 y  3.26E-04
 Wall clock    63.071822881698608     
 Average time per cell    2.9703692627753084E-009
 Step time per cell       2.9308234338208827E-009
 Step      46 time   0.0080884 control    sound    timestep   1.82E-04       1,       1 x  1.63E-04 y  3.26E-04
 Wall clock    64.482943058013916     
 Average time per cell    2.9708080502760659E-009
 Step time per cell       2.9902841763234594E-009
 Step      47 time   0.0082705 control    sound    timestep   1.82E-04       1,       1 x  1.63E-04 y  3.26E-04
 Wall clock    65.892593860626221     
 Average time per cell    2.9711619104618145E-009
 Step time per cell       2.9872212002778218E-009
 Step      48 time   0.0084525 control    sound    timestep   1.82E-04       1,       1 x  1.63E-04 y  3.26E-04
 Wall clock    67.275502920150757     
 Average time per cell    2.9703203360306225E-009
 Step time per cell       2.9305414904633331E-009
 Step      49 time   0.0086345 control    sound    timestep   1.82E-04       1,       1 x  1.63E-04 y  3.26E-04
 Wall clock    68.637922048568726     
 Average time per cell    2.9686269110754762E-009
 Step time per cell       2.8870858336126224E-009
 Step      50 time   0.0088165 control    sound    timestep   1.82E-04       1,       1 x  1.63E-04 y  3.26E-04
 Wall clock    70.117465972900391     
 Average time per cell    2.9719656191041898E-009
 Step time per cell       3.1353041170708214E-009
 Step      51 time   0.0089986 control    sound    timestep   1.82E-04       1,       1 x  1.63E-04 y  3.26E-04
 Wall clock    71.454349040985107     
 Average time per cell    2.9692452059222248E-009
 Step time per cell       2.8330891331683638E-009
 Step      52 time   0.0091806 control    sound    timestep   1.82E-04       1,       1 x  1.63E-04 y  3.26E-04
 Wall clock    72.851116895675659     
 Average time per cell    2.9690700472186023E-009
 Step time per cell       2.9598509677776344E-009
 Step      53 time   0.0093626 control    sound    timestep   1.82E-04       1,       1 x  1.63E-04 y  3.26E-04
 Wall clock    74.215637922286987     
 Average time per cell    2.9676120655006629E-009
 Step time per cell       2.8915848007373926E-009
 Step      54 time   0.0095447 control    sound    timestep   1.82E-04       1,       1 x  1.63E-04 y  3.26E-04
 Wall clock    75.594413995742798     
 Average time per cell    2.9667675346304967E-009
 Step time per cell       2.9217911408826090E-009
 Step      55 time   0.0097267 control    sound    timestep   1.82E-04       1,       1 x  1.63E-04 y  3.26E-04
 Wall clock    77.017395973205566     
 Average time per cell    2.9676570689347995E-009
 Step time per cell       3.0154675793407173E-009
 Step      56 time   0.0099087 control    sound    timestep   1.82E-04       1,       1 x  1.63E-04 y  3.26E-04
 Wall clock    78.377143859863281     
 Average time per cell    2.9661217893821201E-009
 Step time per cell       2.8814358504152755E-009
 Step      57 time   0.0100908 control    sound    timestep   1.82E-04       1,       1 x  1.63E-04 y  3.26E-04
 Wall clock    79.774672985076904     
 Average time per cell    2.9660450965136589E-009
 Step time per cell       2.9614769421944705E-009
 Step      58 time   0.0102728 control    sound    timestep   1.82E-04       1,       1 x  1.63E-04 y  3.26E-04
 Wall clock    81.152112960815430     
 Average time per cell    2.9652370058554956E-009
 Step time per cell       2.9189641281845979E-009
 Step      59 time   0.0104549 control    sound    timestep   1.82E-04       1,       1 x  1.63E-04 y  3.26E-04
 Wall clock    82.522855997085571     
 Average time per cell    2.9642157544599620E-009
 Step time per cell       2.9047012301614611E-009
 Step      60 time   0.0106370 control    sound    timestep   1.82E-04       1,       1 x  1.63E-04 y  3.26E-04
 Wall clock    83.998409032821655     
 Average time per cell    2.9669305671699542E-009
 Step time per cell       3.1269054387747828E-009
 Step      61 time   0.0108190 control    sound    timestep   1.82E-04       1,       1 x  1.63E-04 y  3.26E-04
 Wall clock    85.354042053222656     
 Average time per cell    2.9653900804232218E-009
 Step time per cell       2.8728380938345154E-009
 Step      62 time   0.0110011 control    sound    timestep   1.82E-04       1,       1 x  1.63E-04 y  3.26E-04
 Wall clock    86.760010957717896     
 Average time per cell    2.9656198617025223E-009
 Step time per cell       2.9793889350710539E-009
 Step      63 time   0.0111832 control    sound    timestep   1.82E-04       1,       1 x  1.63E-04 y  3.26E-04
 Wall clock    88.156641006469727     
 Average time per cell    2.9655281957148575E-009
 Step time per cell       2.9596013620094809E-009
 Step      64 time   0.0113653 control    sound    timestep   1.82E-04       1,       1 x  1.63E-04 y  3.26E-04
 Wall clock    89.537878036499023     
 Average time per cell    2.9649296746154304E-009
 Step time per cell       2.9270429675105131E-009
 Step      65 time   0.0115474 control    sound    timestep   1.82E-04       1,       1 x  1.63E-04 y  3.26E-04
 Wall clock    90.916672945022583     
 Average time per cell    2.9642699460094021E-009
 Step time per cell       2.9217315184521591E-009
 Step      66 time   0.0117295 control    sound    timestep   1.82E-04       1,       1 x  1.63E-04 y  3.26E-04
 Wall clock    92.283839941024780     
 Average time per cell    2.9632568340437912E-009
 Step time per cell       2.8971524241367456E-009
 Step      67 time   0.0119116 control    sound    timestep   1.82E-04       1,       1 x  1.63E-04 y  3.26E-04
 Wall clock    93.699090003967285     
 Average time per cell    2.9637948791847825E-009
 Step time per cell       2.9990663582187455E-009
 Step      68 time   0.0120937 control    sound    timestep   1.82E-04       1,       1 x  1.63E-04 y  3.26E-04
 Wall clock    95.048501968383789     
 Average time per cell    2.9622652006580562E-009
 Step time per cell       2.8595311757979087E-009
 Step      69 time   0.0122759 control    sound    timestep   1.82E-04       1,       1 x  1.63E-04 y  3.26E-04
 Wall clock    96.449522018432617     
 Average time per cell    2.9623649590543732E-009
 Step time per cell       2.9688771974178963E-009
 Step      70 time   0.0124580 control    sound    timestep   1.82E-04       1,       1 x  1.63E-04 y  3.26E-04
 Wall clock    97.915858983993530     
 Average time per cell    2.9644393613298667E-009
 Step time per cell       3.1073295758687892E-009
 Step      71 time   0.0126401 control    sound    timestep   1.82E-04       1,       1 x  1.63E-04 y  3.26E-04
 Wall clock    99.247307062149048     
 Average time per cell    2.9624290365463592E-009
 Step time per cell       2.8215622983730605E-009
 Step      72 time   0.0128222 control    sound    timestep   1.82E-04       1,       1 x  1.63E-04 y  3.26E-04
 Wall clock    100.67598795890808     
 Average time per cell    2.9633365430628245E-009
 Step time per cell       3.0275684063478064E-009
 Step      73 time   0.0130043 control    sound    timestep   1.82E-04       1,       1 x  1.63E-04 y  3.26E-04
 Wall clock    102.11882185935974     
 Average time per cell    2.9646300648078088E-009
 Step time per cell       3.0575792051321415E-009
 Step      74 time   0.0131865 control    sound    timestep   1.82E-04       1,       1 x  1.63E-04 y  3.26E-04
 Wall clock    103.47971892356873     
 Average time per cell    2.9635420482385976E-009
 Step time per cell       2.8838515693981511E-009
 Step      75 time   0.0133686 control    sound    timestep   1.82E-04       1,       1 x  1.63E-04 y  3.26E-04
 Wall clock    104.83921599388123     
 Average time per cell    2.9624434857935368E-009
 Step time per cell       2.8808891430445427E-009
 Step      76 time   0.0135508 control    sound    timestep   1.82E-04       1,       1 x  1.63E-04 y  3.26E-04
 Wall clock    106.24692583084106     
 Average time per cell    2.9627182561986228E-009
 Step time per cell       2.9830931048814414E-009
 Step      77 time   0.0137329 control    sound    timestep   1.82E-04       1,       1 x  1.63E-04 y  3.26E-04
 Wall clock    107.63850784301758     
 Average time per cell    2.9625420024871160E-009
 Step time per cell       2.9488905460716017E-009
 Step      78 time   0.0139151 control    sound    timestep   1.82E-04       1,       1 x  1.63E-04 y  3.26E-04
 Wall clock    109.02684497833252     
 Average time per cell    2.9622821041208394E-009
 Step time per cell       2.9420450826162575E-009
 Step      79 time   0.0140973 control    sound    timestep   1.82E-04       1,       1 x  1.63E-04 y  3.26E-04
 Wall clock    110.43390202522278     
 Average time per cell    2.9625309710823945E-009
 Step time per cell       2.9817647373420187E-009
 Step      80 time   0.0142795 control    sound    timestep   1.82E-04       1,       1 x  1.63E-04 y  3.26E-04
 Wall clock    111.89742994308472     
 Average time per cell    2.9642695835718771E-009
 Step time per cell       3.1013658169993304E-009
 Step      81 time   0.0144617 control    sound    timestep   1.82E-04       1,       1 x  1.63E-04 y  3.26E-04
 Wall clock    113.23040890693665     
 Average time per cell    2.9625495970020019E-009
 Step time per cell       2.8248784171106915E-009
 Step      82 time   0.0146438 control    sound    timestep   1.82E-04       1,       1 x  1.63E-04 y  3.26E-04
 Wall clock    114.66060185432434     
 Average time per cell    2.9633840404377228E-009
 Step time per cell       3.0307243529629583E-009
 Step      83 time   0.0148260 control    sound    timestep   1.82E-04       1,       1 x  1.63E-04 y  3.26E-04
 Wall clock    116.06512284278870     
 Average time per cell    2.9635428831513773E-009
 Step time per cell       2.9763603177141501E-009
 Step      84 time   0.0150082 control    sound    timestep   1.82E-04       1,       1 x  1.63E-04 y  3.26E-04
 Wall clock    117.42516899108887     
 Average time per cell    2.9625758668377000E-009
 Step time per cell       2.8821629409018595E-009
 Step      85 time   0.0151904 control    sound    timestep   1.82E-04       1,       1 x  1.63E-04 y  3.26E-04
 Wall clock    118.80774402618408     
 Average time per cell    2.9621933089657473E-009
 Step time per cell       2.9298421900926363E-009
 Step      86 time   0.0153726 control    sound    timestep   1.82E-04       1,       1 x  1.63E-04 y  3.26E-04
 Wall clock    120.17639088630676     
 Average time per cell    2.9614764192937699E-009
 Step time per cell       2.9002972547055430E-009
 Step      87 time   0.0155548 control    sound    timestep   1.82E-04       1,       1 x  1.63E-04 y  3.26E-04
 Wall clock    121.65955805778503     
 First step overhead   7.8589916229248047E-002
real 122.83
user 2886.78
sys 55.34
