
Clover Version    1.000
       MPI Version
   Task Count    768


Clover Version    1.000
       MPI Version
   Task Count    768

 Output file clover.out opened. All output will go there.
 Step       1 time   0.0000000 control    sound    timestep   9.63E-05       1,       1 x  8.14E-05 y  1.63E-04
 Wall clock    1.4444119930267334     
 Average time per cell    7.6527701114375503E-010
 Step time per cell       7.6527701114375503E-010
 Step       2 time   0.0000963 control    sound    timestep   8.11E-05       1,       1 x  8.14E-05 y  1.63E-04
 Wall clock    2.9114789962768555     
 Average time per cell    7.7127853930707913E-010
 Step time per cell       7.7716132788433851E-010
 Step       3 time   0.0001774 control    sound    timestep   7.40E-05       1,       1 x  8.14E-05 y  1.63E-04
 Wall clock    4.3914101123809814     
 Average time per cell    7.7555093277489367E-010
 Step time per cell       7.8401929689183207E-010
 Step       4 time   0.0002514 control    sound    timestep   7.72E-05       1,       1 x  8.14E-05 y  1.63E-04
 Wall clock    5.7368311882019043     
 Average time per cell    7.5987063357590365E-010
 Step time per cell       7.1276771349302082E-010
 Step       5 time   0.0003286 control    sound    timestep   8.38E-05       1,       1 x  8.14E-05 y  1.63E-04
 Wall clock    7.1650819778442383     
 Average time per cell    7.5923940635726059E-010
 Step time per cell       7.5665159076581603E-010
 Step       6 time   0.0004124 control    sound    timestep   8.71E-05       1,       1 x  8.14E-05 y  1.63E-04
 Wall clock    8.5835630893707275     
 Average time per cell    7.5795589459125444E-010
 Step time per cell       7.5147580800047659E-010
 Step       7 time   0.0004995 control    sound    timestep   8.85E-05       1,       1 x  8.14E-05 y  1.63E-04
 Wall clock    9.9955811500549316     
 Average time per cell    7.5654992225093928E-010
 Step time per cell       7.4805105517346718E-010
 Step       8 time   0.0005881 control    sound    timestep   9.16E-05       1,       1 x  8.14E-05 y  1.63E-04
 Wall clock    11.368283033370972     
 Average time per cell    7.5289163545575224E-010
 Step time per cell       7.2722059485386124E-010
 Step       9 time   0.0006796 control    sound    timestep   9.10E-05       1,       1 x  8.14E-05 y  1.63E-04
 Wall clock    12.807423114776611     
 Average time per cell    7.5395743727840675E-010
 Step time per cell       7.6241968195568509E-010
 Step      10 time   0.0007707 control    sound    timestep   9.10E-05       1,       1 x  8.14E-05 y  1.63E-04
 Wall clock    14.297970056533813     
 Average time per cell    7.5753371220343984E-010
 Step time per cell       7.8966826953951059E-010
 Step      11 time   0.0008617 control    sound    timestep   9.08E-05       1,       1 x  8.14E-05 y  1.63E-04
 Wall clock    15.644165039062500     
 Average time per cell    7.5350698986739824E-010
 Step time per cell       7.1322751359225039E-010
 Step      12 time   0.0009525 control    sound    timestep   9.06E-05       1,       1 x  8.14E-05 y  1.63E-04
 Wall clock    16.955640077590942     
 Average time per cell    7.4861844723272947E-010
 Step time per cell       6.9478245576546118E-010
 Step      13 time   0.0010432 control    sound    timestep   9.06E-05       1,       1 x  8.14E-05 y  1.63E-04
 Wall clock    18.446448087692261     
 Average time per cell    7.5179075940826045E-010
 Step time per cell       7.8979648302871885E-010
 Step      14 time   0.0011337 control    sound    timestep   9.07E-05       1,       1 x  8.14E-05 y  1.63E-04
 Wall clock    19.836982965469360     
 Average time per cell    7.5071512576017533E-010
 Step time per cell       7.3666253936405864E-010
 Step      15 time   0.0012244 control    sound    timestep   9.09E-05       1,       1 x  8.14E-05 y  1.63E-04
 Wall clock    21.177560091018677     
 Average time per cell    7.4801833862794509E-010
 Step time per cell       7.1019864359792943E-010
 Step      16 time   0.0013153 control    sound    timestep   9.09E-05       1,       1 x  8.14E-05 y  1.63E-04
 Wall clock    22.643541097640991     
 Average time per cell    7.4981123532325002E-010
 Step time per cell       7.7664481068495656E-010
 Step      17 time   0.0014062 control    sound    timestep   9.09E-05       1,       1 x  8.14E-05 y  1.63E-04
 Wall clock    24.087269067764282     
 Average time per cell    7.5069966870240237E-010
 Step time per cell       7.6485207500809338E-010
 Step      18 time   0.0014971 control    sound    timestep   9.09E-05       1,       1 x  8.14E-05 y  1.63E-04
 Wall clock    25.664271116256714     
 Average time per cell    7.5541222879199959E-010
 Step time per cell       8.3545526447576573E-010
 Step      19 time   0.0015880 control    sound    timestep   9.09E-05       1,       1 x  8.14E-05 y  1.63E-04
 Wall clock    27.113080978393555     
 Average time per cell    7.5605406338411622E-010
 Step time per cell       7.6755100053560452E-010
 Step      20 time   0.0016789 control    sound    timestep   9.09E-05       1,       1 x  8.14E-05 y  1.63E-04
 Wall clock    28.594204187393188     
 Average time per cell    7.5748772587758138E-010
 Step time per cell       7.8466150120625062E-010
 Step      21 time   0.0017699 control    sound    timestep   9.09E-05       1,       1 x  8.14E-05 y  1.63E-04
 Wall clock    29.938863039016724     
 Average time per cell    7.5534192441043963E-010
 Step time per cell       7.1241212632836932E-010
 Step      22 time   0.0018608 control    sound    timestep   9.09E-05       1,       1 x  8.14E-05 y  1.63E-04
 Wall clock    31.314640998840332     
 Average time per cell    7.5414062747667133E-010
 Step time per cell       7.2884720086424043E-010
 Step      23 time   0.0019517 control    sound    timestep   9.09E-05       1,       1 x  8.14E-05 y  1.63E-04
 Wall clock    32.743024110794067     
 Average time per cell    7.5425558299359651E-010
 Step time per cell       7.5671298165818570E-010
 Step      24 time   0.0020427 control    sound    timestep   9.10E-05       1,       1 x  8.14E-05 y  1.63E-04
 Wall clock    34.148598194122314     
 Average time per cell    7.5385743145859492E-010
 Step time per cell       7.4464436592178467E-010
 Step      25 time   0.0021336 control    sound    timestep   9.10E-05       1,       1 x  8.14E-05 y  1.63E-04
 Wall clock    35.586537122726440     
 Average time per cell    7.5417703252848390E-010
 Step time per cell       7.6178493044507277E-010
 Step      26 time   0.0022246 control    sound    timestep   9.10E-05       1,       1 x  8.14E-05 y  1.63E-04
 Wall clock    36.996819972991943     
 Average time per cell    7.5390848284077323E-010
 Step time per cell       7.4713600244851679E-010
 Step      27 time   0.0023156 control    sound    timestep   9.10E-05       1,       1 x  8.14E-05 y  1.63E-04
 Wall clock    38.399013996124268     
 Average time per cell    7.5350109924748637E-010
 Step time per cell       7.4284975602899471E-010
 Step      28 time   0.0024065 control    sound    timestep   9.10E-05       1,       1 x  8.14E-05 y  1.63E-04
 Wall clock    39.809678077697754     
 Average time per cell    7.5328308585518419E-010
 Step time per cell       7.4733103853456365E-010
 Step      29 time   0.0024975 control    sound    timestep   9.10E-05       1,       1 x  8.14E-05 y  1.63E-04
 Wall clock    41.261234998703003     
 Average time per cell    7.5382720462578011E-010
 Step time per cell       7.6900581310231552E-010
 Step      30 time   0.0025884 control    sound    timestep   9.10E-05       1,       1 x  8.14E-05 y  1.63E-04
 Wall clock    42.744014978408813     
 Average time per cell    7.5488646787023218E-010
 Step time per cell       7.8554156364892455E-010
 Step      31 time   0.0026794 control    sound    timestep   9.10E-05       1,       1 x  8.14E-05 y  1.63E-04
 Wall clock    44.095724105834961     
 Average time per cell    7.5363726779696691E-010
 Step time per cell       7.1614850740944448E-010
 Step      32 time   0.0027704 control    sound    timestep   9.10E-05       1,       1 x  8.14E-05 y  1.63E-04
 Wall clock    45.417347192764282     
 Average time per cell    7.5196801279591655E-010
 Step time per cell       7.0016173797032231E-010
 Step      33 time   0.0028614 control    sound    timestep   9.10E-05       1,       1 x  8.14E-05 y  1.63E-04
 Wall clock    46.921574115753174     
 Average time per cell    7.5333165184421048E-010
 Step time per cell       7.9690936319012609E-010
 Step      34 time   0.0029523 control    sound    timestep   9.10E-05       1,       1 x  8.14E-05 y  1.63E-04
 Wall clock    48.288130044937134     
 Average time per cell    7.5246976161995956E-010
 Step time per cell       7.2397546723045197E-010
 Step      35 time   0.0030433 control    sound    timestep   9.10E-05       1,       1 x  8.14E-05 y  1.63E-04
 Wall clock    49.661008119583130     
 Average time per cell    7.5175282492839158E-010
 Step time per cell       7.2732556570069084E-010
 Step      36 time   0.0031343 control    sound    timestep   9.10E-05       1,       1 x  8.14E-05 y  1.63E-04
 Wall clock    51.074079990386963     
 Average time per cell    7.5166725803874106E-010
 Step time per cell       7.4861633139436082E-010
 Step      37 time   0.0032253 control    sound    timestep   9.10E-05       1,       1 x  8.14E-05 y  1.63E-04
 Wall clock    52.536067008972168     
 Average time per cell    7.5228675362544256E-010
 Step time per cell       7.7452076160019114E-010
 Step      38 time   0.0033163 control    sound    timestep   9.10E-05       1,       1 x  8.14E-05 y  1.63E-04
 Wall clock    53.941351175308228     
 Average time per cell    7.5208305859856055E-010
 Step time per cell       7.4447901473225410E-010
 Step      39 time   0.0034073 control    sound    timestep   9.10E-05       1,       1 x  8.14E-05 y  1.63E-04
 Wall clock    55.341747999191284     
 Average time per cell    7.5182341441389891E-010
 Step time per cell       7.4189238653667016E-010
 Step      40 time   0.0034982 control    sound    timestep   9.10E-05       1,       1 x  8.14E-05 y  1.63E-04
 Wall clock    56.852248191833496     
 Average time per cell    7.5303512403479542E-010
 Step time per cell       8.0023508214960907E-010
 Step      41 time   0.0035892 control    sound    timestep   9.10E-05       1,       1 x  8.14E-05 y  1.63E-04
 Wall clock    58.164013147354126     
 Average time per cell    7.5161958641933714E-010
 Step time per cell       6.9498595520498287E-010
 Step      42 time   0.0036802 control    sound    timestep   9.10E-05       1,       1 x  8.14E-05 y  1.63E-04
 Wall clock    59.560723066329956     
 Average time per cell    7.5134301395428820E-010
 Step time per cell       7.3994581523745893E-010
 Step      43 time   0.0037712 control    sound    timestep   9.10E-05       1,       1 x  8.14E-05 y  1.63E-04
 Wall clock    61.006355047225952     
 Average time per cell    7.5168209232687585E-010
 Step time per cell       7.6586300363285566E-010
 Step      44 time   0.0038622 control    sound    timestep   9.10E-05       1,       1 x  8.14E-05 y  1.63E-04
 Wall clock    62.398801088333130     
 Average time per cell    7.5136532793542506E-010
 Step time per cell       7.3768875255255910E-010
 Step      45 time   0.0039532 control    sound    timestep   9.10E-05       1,       1 x  8.14E-05 y  1.63E-04
 Wall clock    63.798087120056152     
 Average time per cell    7.5114317434871524E-010
 Step time per cell       7.4130273080502063E-010
 Step      46 time   0.0040442 control    sound    timestep   9.10E-05       1,       1 x  8.14E-05 y  1.63E-04
 Wall clock    65.214980125427246     
 Average time per cell    7.5113347331599049E-010
 Step time per cell       7.5063604122583963E-010
 Step      47 time   0.0041352 control    sound    timestep   9.10E-05       1,       1 x  8.14E-05 y  1.63E-04
 Wall clock    66.597295045852661     
 Average time per cell    7.5073439512244536E-010
 Step time per cell       7.3231477573345826E-010
 Step      48 time   0.0042262 control    sound    timestep   9.10E-05       1,       1 x  8.14E-05 y  1.63E-04
 Wall clock    68.034906148910522     
 Average time per cell    7.5096229876534274E-010
 Step time per cell       7.6161174749561015E-010
 Step      49 time   0.0043173 control    sound    timestep   9.10E-05       1,       1 x  8.14E-05 y  1.63E-04
 Wall clock    69.410815000534058     
 Average time per cell    7.5051373635867344E-010
 Step time per cell       7.2893726610345768E-010
 Step      50 time   0.0044083 control    sound    timestep   9.10E-05       1,       1 x  8.14E-05 y  1.63E-04
 Wall clock    70.914096117019653     
 Average time per cell    7.5143280153295357E-010
 Step time per cell       7.9640813055448231E-010
 Step      51 time   0.0044993 control    sound    timestep   9.10E-05       1,       1 x  8.14E-05 y  1.63E-04
 Wall clock    72.237365007400513     
 Average time per cell    7.5044574828345808E-010
 Step time per cell       7.0108032761911296E-010
 Step      52 time   0.0045903 control    sound    timestep   9.10E-05       1,       1 x  8.14E-05 y  1.63E-04
 Wall clock    73.672567129135132     
 Average time per cell    7.5063712708089217E-010
 Step time per cell       7.6033807595700236E-010
 Step      53 time   0.0046813 control    sound    timestep   9.10E-05       1,       1 x  8.14E-05 y  1.63E-04
 Wall clock    74.988264083862305     
 Average time per cell    7.4962664034243959E-010
 Step time per cell       6.9701880218215391E-010
 Step      54 time   0.0047723 control    sound    timestep   9.10E-05       1,       1 x  8.14E-05 y  1.63E-04
 Wall clock    76.471187114715576     
 Average time per cell    7.5029431169136636E-010
 Step time per cell       7.8562202866628972E-010
 Step      55 time   0.0048633 control    sound    timestep   9.10E-05       1,       1 x  8.14E-05 y  1.63E-04
 Wall clock    77.840697050094604     
 Average time per cell    7.4984518735186846E-010
 Step time per cell       7.2552628201568349E-010
 Step      56 time   0.0049544 control    sound    timestep   9.10E-05       1,       1 x  8.14E-05 y  1.63E-04
 Wall clock    79.168357133865356     
 Average time per cell    7.4901615943100109E-010
 Step time per cell       7.0335494860450534E-010
 Step      57 time   0.0050454 control    sound    timestep   9.10E-05       1,       1 x  8.14E-05 y  1.63E-04
 Wall clock    80.643638134002686     
 Average time per cell    7.4958836715358680E-010
 Step time per cell       7.8157427196856590E-010
 Step      58 time   0.0051364 control    sound    timestep   9.10E-05       1,       1 x  8.14E-05 y  1.63E-04
 Wall clock    82.100000143051147     
 Average time per cell    7.4996802215878673E-010
 Step time per cell       7.7155328249823974E-010
 Step      59 time   0.0052275 control    sound    timestep   9.10E-05       1,       1 x  8.14E-05 y  1.63E-04
 Wall clock    83.378745079040527     
 Average time per cell    7.4873980900249486E-010
 Step time per cell       6.7746315026953300E-010
 Step      60 time   0.0053185 control    sound    timestep   9.10E-05       1,       1 x  8.14E-05 y  1.63E-04
 Wall clock    84.952576160430908     
 Average time per cell    7.5015824071063742E-010
 Step time per cell       8.3378899439089257E-010
 Step      61 time   0.0054095 control    sound    timestep   9.10E-05       1,       1 x  8.14E-05 y  1.63E-04
 Wall clock    86.238603115081787     
 Average time per cell    7.4903042689986820E-010
 Step time per cell       6.8134833478931488E-010
 Step      62 time   0.0055006 control    sound    timestep   9.10E-05       1,       1 x  8.14E-05 y  1.63E-04
 Wall clock    87.657001972198486     
 Average time per cell    7.4907017414030192E-010
 Step time per cell       7.5143450178277114E-010
 Step      63 time   0.0055916 control    sound    timestep   9.11E-05       1,       1 x  8.14E-05 y  1.63E-04
 Wall clock    89.079611063003540     
 Average time per cell    7.4914406689809989E-010
 Step time per cell       7.5366339539565764E-010
 Step      64 time   0.0056827 control    sound    timestep   9.10E-05       1,       1 x  8.14E-05 y  1.63E-04
 Wall clock    90.509572982788086     
 Average time per cell    7.4927652033491336E-010
 Step time per cell       7.5755906436825176E-010
 Step      65 time   0.0057737 control    sound    timestep   9.11E-05       1,       1 x  8.14E-05 y  1.63E-04
 Wall clock    92.262592077255249     
 Average time per cell    7.5203815751406066E-010
 Step time per cell       9.2872243031807653E-010
 Step      66 time   0.0058648 control    sound    timestep   9.11E-05       1,       1 x  8.14E-05 y  1.63E-04
 Wall clock    93.854238986968994     
 Average time per cell    7.5342068356672112E-010
 Step time per cell       8.4321439115026603E-010
 Step      67 time   0.0059558 control    sound    timestep   9.11E-05       1,       1 x  8.14E-05 y  1.63E-04
 Wall clock    95.182495117187500     
 Average time per cell    7.5267911247699017E-010
 Step time per cell       7.0367491389333738E-010
 Step      68 time   0.0060469 control    sound    timestep   9.11E-05       1,       1 x  8.14E-05 y  1.63E-04
 Wall clock    96.722692966461182     
 Average time per cell    7.5361068705687475E-010
 Step time per cell       8.1596277191743462E-010
 Step      69 time   0.0061379 control    sound    timestep   9.11E-05       1,       1 x  8.14E-05 y  1.63E-04
 Wall clock    98.132425069808960     
 Average time per cell    7.5351347339563294E-010
 Step time per cell       7.4685304854129853E-010
 Step      70 time   0.0062290 control    sound    timestep   9.11E-05       1,       1 x  8.14E-05 y  1.63E-04
 Wall clock    99.654136180877686     
 Average time per cell    7.5426658888376084E-010
 Step time per cell       8.0617218777155760E-010
 Step      71 time   0.0063200 control    sound    timestep   9.11E-05       1,       1 x  8.14E-05 y  1.63E-04
 Wall clock    101.02206110954285     
 Average time per cell    7.5385090039588173E-010
 Step time per cell       7.2473792695543830E-010
 Step      72 time   0.0064111 control    sound    timestep   9.11E-05       1,       1 x  8.14E-05 y  1.63E-04
 Wall clock    102.43989706039429     
 Average time per cell    7.5381403396449187E-010
 Step time per cell       7.5114144237886645E-010
 Step      73 time   0.0065022 control    sound    timestep   9.11E-05       1,       1 x  8.14E-05 y  1.63E-04
 Wall clock    103.78345108032227     
 Average time per cell    7.5323905451528023E-010
 Step time per cell       7.1180453334010153E-010
 Step      74 time   0.0065932 control    sound    timestep   9.11E-05       1,       1 x  8.14E-05 y  1.63E-04
 Wall clock    105.18735408782959     
 Average time per cell    7.5311169672892680E-010
 Step time per cell       7.4375634540047027E-010
 Step      75 time   0.0066843 control    sound    timestep   9.11E-05       1,       1 x  8.14E-05 y  1.63E-04
 Wall clock    106.57884812355042     
 Average time per cell    7.5290007501920360E-010
 Step time per cell       7.3717804601377189E-010
 Step      76 time   0.0067754 control    sound    timestep   9.11E-05       1,       1 x  8.14E-05 y  1.63E-04
 Wall clock    107.98867297172546     
 Average time per cell    7.5282181195854065E-010
 Step time per cell       7.4689271261579249E-010
 Step      77 time   0.0068665 control    sound    timestep   9.11E-05       1,       1 x  8.14E-05 y  1.63E-04
 Wall clock    109.42302513122559     
 Average time per cell    7.5291434842081872E-010
 Step time per cell       7.5988396019965878E-010
 Step      78 time   0.0069576 control    sound    timestep   9.11E-05       1,       1 x  8.14E-05 y  1.63E-04
 Wall clock    110.79993605613708     
 Average time per cell    7.5261433957402240E-010
 Step time per cell       7.2946224665631436E-010
 Step      79 time   0.0070486 control    sound    timestep   9.11E-05       1,       1 x  8.14E-05 y  1.63E-04
 Wall clock    112.18000912666321     
 Average time per cell    7.5234313304020690E-010
 Step time per cell       7.3113495899532505E-010
 Step      80 time   0.0071397 control    sound    timestep   9.11E-05       1,       1 x  8.14E-05 y  1.63E-04
 Wall clock    113.72293019294739     
 Average time per cell    7.5315720632968598E-010
 Step time per cell       8.1740962640550503E-010
 Step      81 time   0.0072308 control    sound    timestep   9.11E-05       1,       1 x  8.14E-05 y  1.63E-04
 Wall clock    115.05542016029358     
 Average time per cell    7.5257475425378497E-010
 Step time per cell       7.0596595631084508E-010
 Step      82 time   0.0073219 control    sound    timestep   9.11E-05       1,       1 x  8.14E-05 y  1.63E-04
 Wall clock    116.47036004066467     
 Average time per cell    7.5253923437243024E-010
 Step time per cell       7.4960818589412759E-010
 Step      83 time   0.0074130 control    sound    timestep   9.11E-05       1,       1 x  8.14E-05 y  1.63E-04
 Wall clock    117.85678005218506     
 Average time per cell    7.5232251773834903E-010
 Step time per cell       7.3449933147963339E-010
 Step      84 time   0.0075041 control    sound    timestep   9.11E-05       1,       1 x  8.14E-05 y  1.63E-04
 Wall clock    119.38869118690491     
 Average time per cell    7.5302862734330963E-010
 Step time per cell       8.1157736531167757E-010
 Step      85 time   0.0075952 control    sound    timestep   9.11E-05       1,       1 x  8.14E-05 y  1.63E-04
 Wall clock    120.82598114013672     
 Average time per cell    7.5312833312375387E-010
 Step time per cell       7.6143313284167861E-010
 Step      86 time   0.0076863 control    sound    timestep   9.11E-05       1,       1 x  8.14E-05 y  1.63E-04
 Wall clock    122.32273101806641     
 Average time per cell    7.5359203413824339E-010
 Step time per cell       7.9294573475231624E-010
 Step      87 time   0.0077774 control    sound    timestep   9.11E-05       1,       1 x  8.14E-05 y  1.63E-04
 Wall clock    124.22734498977661     
 First step overhead  -2.2429943084716797E-002
real 125.63
user 2960.92
sys 48.08
