Thu Dec 24 07:51:00 2015: Starting Initialization


Mini-Application Name    : CoMD-mpi
Mini-Application Version : 1.1
Platform:
  hostname: test-c16595bc-1016-4b8b-bbe3-01bc27f9c84c.novalocal
  kernel name: 'Linux'
  kernel release: '3.10.0-229.4.2.el7.x86_64'
  processor: 'x86_64'
Build:
  CC: '/usr/lib64/mpich/bin/mpicc'
  compiler version: 'cc (GCC) 4.8.3 20140911 (Red Hat 4.8.3-9)'
  CFLAGS: '-std=c99 -DDOUBLE -DDO_MPI -g -O5   '
  LDFLAGS: ' -lm '
  using MPI: true
  Threading: none
  Double Precision: true
Run Date/Time: 2015-12-24, 07:51:00

Command Line Parameters:
  doeam: 0
  potDir: pots
  potName: Cu_u6.eam
  potType: funcfl
  nx: 288
  ny: 288
  nz: 144
  xproc: 4
  yproc: 8
  zproc: 3
  Lattice constant: -1 Angstroms
  nSteps: 100
  printRate: 10
  Time step: 1 fs
  Initial Temperature: 600 K
  Initial Delta: 0 Angstroms

Simulation data: 
  Total atoms        : 47775744
  Min global bounds  : [   0.0000000000,   0.0000000000,   0.0000000000 ]
  Max global bounds  : [ 1041.1200000000, 1041.1200000000, 520.5600000000 ]

Decomposition data: 
  Processors         :      4,     8,     3
  Local boxes        :     44,    22,    29 =    28072
  Box size           : [   5.9154545455,   5.9154545455,   5.9834482759 ]
  Box factor         : [   1.0221087768,   1.0221087768,   1.0338571535 ] 
  Max Link Cell Occupancy: 32 of 64

Potential data: 
  Potential type   : Lennard-Jones
  Species name     : Cu
  Atomic number    : 29
  Mass             : 63.55 amu
  Lattice Type     : FCC
  Lattice spacing  : 3.615 Angstroms
  Cutoff           : 5.7875 Angstroms
  Epsilon          : 0.167 eV
  Sigma            : 2.315 Angstroms

Memory data: 
  Intrinsic atom footprint =   88 B/atom 
  Total atom footprint     = -86.500 MB ( 41.77 MB/node)
  Link cell atom footprint = 150.777 MB/node
  Link cell atom footprint = 183.820 MB/node (including halo cell data


Initial energy : -1.166063303635, atom count : 47775744 

Thu Dec 24 07:51:02 2015: Initialization Finished

Thu Dec 24 07:51:02 2015: Starting simulation

#                                                                                         Performance
#  Loop   Time(fs)       Total Energy   Potential Energy     Kinetic Energy  Temperature   (us/atom)     # Atoms
      0       0.00    -1.166063303635    -1.243619295235     0.077555991600     600.0000     0.0000     47775744
     10      10.00    -1.166059648385    -1.233154418541     0.067094770156     519.0684     2.8366     47775744
     20      20.00    -1.166048429555    -1.208172856271     0.042124426716     325.8891     3.0847     47775744
     30      30.00    -1.166037579552    -1.186574421118     0.020536841566     158.8801     3.4627     47775744
     40      40.00    -1.166042088391    -1.183621357039     0.017579268648     135.9993     3.1332     47775744
     50      50.00    -1.166051681932    -1.193717450331     0.027665768399     214.0320     2.9008     47775744
     60      60.00    -1.166054640360    -1.202668818304     0.036614177944     283.2600     2.9869     47775744
     70      70.00    -1.166052133769    -1.204922091127     0.038869957358     300.7114     2.8991     47775744
     80      80.00    -1.166048799604    -1.203654382409     0.037605582805     290.9298     2.8633     47775744
     90      90.00    -1.166048012593    -1.203846535070     0.037798522478     292.4225     3.0425     47775744
    100     100.00    -1.166049797799    -1.206881718934     0.040831921134     315.8899     3.0075     47775744
Thu Dec 24 07:53:32 2015: Ending simulation



Simulation Validation:
  Initial energy  : -1.166063303635
  Final energy    : -1.166049797799
  eFinal/eInitial : 0.999988
  Final atom count : 47775744, no atoms lost


Timings for Rank 0
        Timer        # Calls    Avg/Call (s)   Total (s)    % Loop
___________________________________________________________________
total                      1     152.4196      152.4196      101.35
loop                       1     150.3889      150.3889      100.00
timestep                  10      15.0381      150.3812       99.99
  position               100       0.0144        1.4428        0.96
  velocity               200       0.0129        2.5885        1.72
  redistribute           101       0.1882       19.0087       12.64
    atomHalo             101       0.1483       14.9775        9.96
  force                  101       1.2517      126.4202       84.06
commHalo                 303       0.0443       13.4346        8.93
commReduce                39       0.0615        2.3976        1.59

Timing Statistics Across 96 Ranks:
        Timer        Rank: Min(s)       Rank: Max(s)      Avg(s)    Stdev(s)
_____________________________________________________________________________
total               88:  152.4017      33:  152.4716    152.4409      0.0247
loop                 0:  150.3889      63:  150.3890    150.3889      0.0000
timestep            94:  150.3577      30:  150.3875    150.3818      0.0027
  position          42:    1.3092      57:    1.5616      1.4623      0.0538
  velocity           2:    2.1947      81:    2.8603      2.6013      0.1177
  redistribute      42:   15.4352      20:   20.0695     19.3532      0.5658
    atomHalo        42:   11.4230      20:   15.9846     15.3195      0.5732
  force              1:  126.0480      42:  130.7048    126.6437      0.5902
commHalo            42:    9.9504      63:   14.6108     13.8168      0.6042
commReduce          18:    1.0445       3:    2.4989      1.7988      0.3281

---------------------------------------------------
 Average atom update rate:       3.02 us/atom/task
---------------------------------------------------


---------------------------------------------------
 Average all atom update rate:   0.03 us/atom
---------------------------------------------------


---------------------------------------------------
 Average atom rate:             31.77 atoms/us
---------------------------------------------------

Thu Dec 24 07:53:32 2015: CoMD Ending

real 152.65
user 3589.86
sys 57.70
