Thu Dec 24 09:17:14 2015: Starting Initialization


Mini-Application Name    : CoMD-mpi
Mini-Application Version : 1.1
Platform:
  hostname: test-c16595bc-1016-4b8b-bbe3-01bc27f9c84c.novalocal
  kernel name: 'Linux'
  kernel release: '3.10.0-229.4.2.el7.x86_64'
  processor: 'x86_64'
Build:
  CC: '/usr/lib64/mpich/bin/mpicc'
  compiler version: 'cc (GCC) 4.8.3 20140911 (Red Hat 4.8.3-9)'
  CFLAGS: '-std=c99 -DDOUBLE -DDO_MPI -g -O5   '
  LDFLAGS: ' -lm '
  using MPI: true
  Threading: none
  Double Precision: true
Run Date/Time: 2015-12-24, 09:17:14

Command Line Parameters:
  doeam: 0
  potDir: pots
  potName: Cu_u6.eam
  potType: funcfl
  nx: 576
  ny: 576
  nz: 288
  xproc: 8
  yproc: 8
  zproc: 12
  Lattice constant: -1 Angstroms
  nSteps: 100
  printRate: 10
  Time step: 1 fs
  Initial Temperature: 600 K
  Initial Delta: 0 Angstroms

Simulation data: 
  Total atoms        : 382205952
  Min global bounds  : [   0.0000000000,   0.0000000000,   0.0000000000 ]
  Max global bounds  : [ 2082.2400000000, 2082.2400000000, 1041.1200000000 ]

Decomposition data: 
  Processors         :      8,     8,    12
  Local boxes        :     44,    44,    14 =    27104
  Box size           : [   5.9154545455,   5.9154545455,   6.1971428571 ]
  Box factor         : [   1.0221087768,   1.0221087768,   1.0707806233 ] 
  Max Link Cell Occupancy: 32 of 64

Potential data: 
  Potential type   : Lennard-Jones
  Species name     : Cu
  Atomic number    : 29
  Mass             : 63.55 amu
  Lattice Type     : FCC
  Lattice spacing  : 3.615 Angstroms
  Cutoff           : 5.7875 Angstroms
  Epsilon          : 0.167 eV
  Sigma            : 2.315 Angstroms

Memory data: 
  Intrinsic atom footprint =   88 B/atom 
  Total atom footprint     = -692.000 MB ( 41.77 MB/node)
  Link cell atom footprint = 145.578 MB/node
  Link cell atom footprint = 181.844 MB/node (including halo cell data


Initial energy : -1.166063303630, atom count : 382205952 

Thu Dec 24 09:17:17 2015: Initialization Finished

Thu Dec 24 09:17:17 2015: Starting simulation

#                                                                                         Performance
#  Loop   Time(fs)       Total Energy   Potential Energy     Kinetic Energy  Temperature   (us/atom)     # Atoms
      0       0.00    -1.166063303630    -1.243619295230     0.077555991600     600.0000     0.0000    382205952
     10      10.00    -1.166059648057    -1.233153833965     0.067094185908     519.0638     3.2702    382205952
     20      20.00    -1.166048424452    -1.208173088374     0.042124663922     325.8910     3.1727    382205952
     30      30.00    -1.166037576531    -1.186582597028     0.020545020496     158.9434     3.2761    382205952
     40      40.00    -1.166042094589    -1.183640748616     0.017598654027     136.1493     3.3430    382205952
     50      50.00    -1.166051690711    -1.193738808319     0.027687117608     214.1971     3.2637    382205952
     60      60.00    -1.166054646042    -1.202678133927     0.036623487885     283.3320     3.2687    382205952
     70      70.00    -1.166052132368    -1.204910124428     0.038857992060     300.6189     3.3026    382205952
     80      80.00    -1.166048789533    -1.203623187750     0.037574398217     290.6886     3.2402    382205952
     90      90.00    -1.166047997524    -1.203812115126     0.037764117602     292.1563     3.2938    382205952
    100     100.00    -1.166049788647    -1.206865872056     0.040816083408     315.7674     3.3118    382205952
Thu Dec 24 09:20:00 2015: Ending simulation



Simulation Validation:
  Initial energy  : -1.166063303630
  Final energy    : -1.166049788647
  eFinal/eInitial : 0.999988
  Final atom count : 382205952, no atoms lost


Timings for Rank 0
        Timer        # Calls    Avg/Call (s)   Total (s)    % Loop
___________________________________________________________________
total                      1     165.7391      165.7391      101.71
loop                       1     162.9519      162.9519      100.00
timestep                  10      16.2949      162.9487      100.00
  position               100       0.0096        0.9607        0.59
  velocity               200       0.0078        1.5640        0.96
  redistribute           101       0.3029       30.5913       18.77
    atomHalo             101       0.2677       27.0368       16.59
  force                  101       1.2632      127.5805       78.29
commHalo                 303       0.0834       25.2616       15.50
commReduce                39       0.1147        4.4719        2.74

Timing Statistics Across 768 Ranks:
        Timer        Rank: Min(s)       Rank: Max(s)      Avg(s)    Stdev(s)
_____________________________________________________________________________
total              108:  165.6821     488:  165.7650    165.7521      0.0158
loop                17:  162.9516     235:  162.9522    162.9519      0.0001
timestep            17:  162.9487     488:  162.9497    162.9492      0.0002
  position         168:    0.8252     307:    1.2347      1.0064      0.0594
  velocity         752:    1.3751     187:    2.0145      1.6814      0.1079
  redistribute     274:   25.8544     528:   32.2779     30.3733      0.6847
    atomHalo       274:   22.2189     528:   28.9161     26.7701      0.7585
  force            296:  127.0997     274:  132.6025    127.6498      0.4954
commHalo           274:   20.5723     528:   27.4203     25.1424      0.8262
commReduce         464:    3.0648     213:    5.4549      4.4564      0.4617

---------------------------------------------------
 Average atom update rate:       3.27 us/atom/task
---------------------------------------------------


---------------------------------------------------
 Average all atom update rate:   0.00 us/atom
---------------------------------------------------


---------------------------------------------------
 Average atom rate:            234.56 atoms/us
---------------------------------------------------

Thu Dec 24 09:20:00 2015: CoMD Ending

real 166.10
user 3863.90
sys 111.06
