Thu Dec 24 09:08:51 2015: Starting Initialization


Mini-Application Name    : CoMD-mpi
Mini-Application Version : 1.1
Platform:
  hostname: test-c16595bc-1016-4b8b-bbe3-01bc27f9c84c.novalocal
  kernel name: 'Linux'
  kernel release: '3.10.0-229.4.2.el7.x86_64'
  processor: 'x86_64'
Build:
  CC: '/usr/lib64/mpich/bin/mpicc'
  compiler version: 'cc (GCC) 4.8.3 20140911 (Red Hat 4.8.3-9)'
  CFLAGS: '-std=c99 -DDOUBLE -DDO_MPI -g -O5   '
  LDFLAGS: ' -lm '
  using MPI: true
  Threading: none
  Double Precision: true
Run Date/Time: 2015-12-24, 09:08:51

Command Line Parameters:
  doeam: 0
  potDir: pots
  potName: Cu_u6.eam
  potType: funcfl
  nx: 576
  ny: 576
  nz: 288
  xproc: 8
  yproc: 8
  zproc: 12
  Lattice constant: -1 Angstroms
  nSteps: 100
  printRate: 10
  Time step: 1 fs
  Initial Temperature: 600 K
  Initial Delta: 0 Angstroms

Simulation data: 
  Total atoms        : 382205952
  Min global bounds  : [   0.0000000000,   0.0000000000,   0.0000000000 ]
  Max global bounds  : [ 2082.2400000000, 2082.2400000000, 1041.1200000000 ]

Decomposition data: 
  Processors         :      8,     8,    12
  Local boxes        :     44,    44,    14 =    27104
  Box size           : [   5.9154545455,   5.9154545455,   6.1971428571 ]
  Box factor         : [   1.0221087768,   1.0221087768,   1.0707806233 ] 
  Max Link Cell Occupancy: 32 of 64

Potential data: 
  Potential type   : Lennard-Jones
  Species name     : Cu
  Atomic number    : 29
  Mass             : 63.55 amu
  Lattice Type     : FCC
  Lattice spacing  : 3.615 Angstroms
  Cutoff           : 5.7875 Angstroms
  Epsilon          : 0.167 eV
  Sigma            : 2.315 Angstroms

Memory data: 
  Intrinsic atom footprint =   88 B/atom 
  Total atom footprint     = -692.000 MB ( 41.77 MB/node)
  Link cell atom footprint = 145.578 MB/node
  Link cell atom footprint = 181.844 MB/node (including halo cell data


Initial energy : -1.166063303630, atom count : 382205952 

Thu Dec 24 09:08:53 2015: Initialization Finished

Thu Dec 24 09:08:53 2015: Starting simulation

#                                                                                         Performance
#  Loop   Time(fs)       Total Energy   Potential Energy     Kinetic Energy  Temperature   (us/atom)     # Atoms
      0       0.00    -1.166063303630    -1.243619295230     0.077555991600     600.0000     0.0000    382205952
     10      10.00    -1.166059648057    -1.233153833965     0.067094185908     519.0638     3.2426    382205952
     20      20.00    -1.166048424452    -1.208173088374     0.042124663922     325.8910     3.3528    382205952
     30      30.00    -1.166037576531    -1.186582597028     0.020545020496     158.9434     3.2904    382205952
     40      40.00    -1.166042094589    -1.183640748616     0.017598654027     136.1493     3.4233    382205952
     50      50.00    -1.166051690711    -1.193738808319     0.027687117608     214.1971     3.2426    382205952
     60      60.00    -1.166054646042    -1.202678133927     0.036623487885     283.3320     3.2787    382205952
     70      70.00    -1.166052132368    -1.204910124428     0.038857992060     300.6189     3.3483    382205952
     80      80.00    -1.166048789533    -1.203623187750     0.037574398217     290.6886     3.3750    382205952
     90      90.00    -1.166047997524    -1.203812115126     0.037764117602     292.1563     3.1758    382205952
    100     100.00    -1.166049788647    -1.206865872056     0.040816083408     315.7674     3.2630    382205952
Thu Dec 24 09:11:38 2015: Ending simulation



Simulation Validation:
  Initial energy  : -1.166063303630
  Final energy    : -1.166049788647
  eFinal/eInitial : 0.999988
  Final atom count : 382205952, no atoms lost


Timings for Rank 0
        Timer        # Calls    Avg/Call (s)   Total (s)    % Loop
___________________________________________________________________
total                      1     166.9545      166.9545      101.68
loop                       1     164.1959      164.1959      100.00
timestep                  10      16.4192      164.1924      100.00
  position               100       0.0097        0.9694        0.59
  velocity               200       0.0084        1.6742        1.02
  redistribute           101       0.3054       30.8440       18.78
    atomHalo             101       0.2698       27.2542       16.60
  force                  101       1.2644      127.7003       77.77
commHalo                 303       0.0841       25.4856       15.52
commReduce                39       0.1316        5.1330        3.13

Timing Statistics Across 768 Ranks:
        Timer        Rank: Min(s)       Rank: Max(s)      Avg(s)    Stdev(s)
_____________________________________________________________________________
total              546:  166.8310     704:  166.9546    166.9326      0.0221
loop                22:  164.1957     511:  164.1960    164.1959      0.0001
timestep            22:  164.1923     683:  164.1936    164.1928      0.0004
  position         103:    0.8249     443:    1.1621      1.0051      0.0543
  velocity         688:    1.3238      86:    2.0622      1.6802      0.1132
  redistribute     530:   26.3645     400:   33.7693     31.4635      0.7705
    atomHalo       530:   22.7249     400:   30.3158     27.8599      0.8161
  force            223:  127.1553     530:  132.4157    127.6667      0.5275
commHalo           530:   21.1165     400:   28.6164     26.2260      0.8719
commReduce         279:    2.7097     636:    5.4597      4.4943      0.6373

---------------------------------------------------
 Average atom update rate:       3.30 us/atom/task
---------------------------------------------------


---------------------------------------------------
 Average all atom update rate:   0.00 us/atom
---------------------------------------------------


---------------------------------------------------
 Average atom rate:            232.78 atoms/us
---------------------------------------------------

Thu Dec 24 09:11:38 2015: CoMD Ending

real 167.25
user 3893.19
sys 112.82
