Thu Dec 24 07:53:33 2015: Starting Initialization


Mini-Application Name    : CoMD-mpi
Mini-Application Version : 1.1
Platform:
  hostname: test-c16595bc-1016-4b8b-bbe3-01bc27f9c84c.novalocal
  kernel name: 'Linux'
  kernel release: '3.10.0-229.4.2.el7.x86_64'
  processor: 'x86_64'
Build:
  CC: '/usr/lib64/mpich/bin/mpicc'
  compiler version: 'cc (GCC) 4.8.3 20140911 (Red Hat 4.8.3-9)'
  CFLAGS: '-std=c99 -DDOUBLE -DDO_MPI -g -O5   '
  LDFLAGS: ' -lm '
  using MPI: true
  Threading: none
  Double Precision: true
Run Date/Time: 2015-12-24, 07:53:33

Command Line Parameters:
  doeam: 0
  potDir: pots
  potName: Cu_u6.eam
  potType: funcfl
  nx: 288
  ny: 288
  nz: 144
  xproc: 4
  yproc: 8
  zproc: 3
  Lattice constant: -1 Angstroms
  nSteps: 100
  printRate: 10
  Time step: 1 fs
  Initial Temperature: 600 K
  Initial Delta: 0 Angstroms

Simulation data: 
  Total atoms        : 47775744
  Min global bounds  : [   0.0000000000,   0.0000000000,   0.0000000000 ]
  Max global bounds  : [ 1041.1200000000, 1041.1200000000, 520.5600000000 ]

Decomposition data: 
  Processors         :      4,     8,     3
  Local boxes        :     44,    22,    29 =    28072
  Box size           : [   5.9154545455,   5.9154545455,   5.9834482759 ]
  Box factor         : [   1.0221087768,   1.0221087768,   1.0338571535 ] 
  Max Link Cell Occupancy: 32 of 64

Potential data: 
  Potential type   : Lennard-Jones
  Species name     : Cu
  Atomic number    : 29
  Mass             : 63.55 amu
  Lattice Type     : FCC
  Lattice spacing  : 3.615 Angstroms
  Cutoff           : 5.7875 Angstroms
  Epsilon          : 0.167 eV
  Sigma            : 2.315 Angstroms

Memory data: 
  Intrinsic atom footprint =   88 B/atom 
  Total atom footprint     = -86.500 MB ( 41.77 MB/node)
  Link cell atom footprint = 150.777 MB/node
  Link cell atom footprint = 183.820 MB/node (including halo cell data


Initial energy : -1.166063303635, atom count : 47775744 

Thu Dec 24 07:53:35 2015: Initialization Finished

Thu Dec 24 07:53:35 2015: Starting simulation

#                                                                                         Performance
#  Loop   Time(fs)       Total Energy   Potential Energy     Kinetic Energy  Temperature   (us/atom)     # Atoms
      0       0.00    -1.166063303635    -1.243619295235     0.077555991600     600.0000     0.0000     47775744
     10      10.00    -1.166059648385    -1.233154418541     0.067094770156     519.0684     2.8852     47775744
     20      20.00    -1.166048429555    -1.208172856271     0.042124426716     325.8891     2.9059     47775744
     30      30.00    -1.166037579552    -1.186574421118     0.020536841566     158.8801     3.0662     47775744
     40      40.00    -1.166042088391    -1.183621357039     0.017579268648     135.9993     2.9458     47775744
     50      50.00    -1.166051681932    -1.193717450331     0.027665768399     214.0320     2.9991     47775744
     60      60.00    -1.166054640360    -1.202668818304     0.036614177944     283.2600     2.9479     47775744
     70      70.00    -1.166052133769    -1.204922091127     0.038869957358     300.7114     3.1569     47775744
     80      80.00    -1.166048799604    -1.203654382409     0.037605582805     290.9298     3.0433     47775744
     90      90.00    -1.166048012593    -1.203846535070     0.037798522478     292.4225     3.0156     47775744
    100     100.00    -1.166049797799    -1.206881718934     0.040831921134     315.8899     2.9510     47775744
Thu Dec 24 07:56:04 2015: Ending simulation



Simulation Validation:
  Initial energy  : -1.166063303635
  Final energy    : -1.166049797799
  eFinal/eInitial : 0.999988
  Final atom count : 47775744, no atoms lost


Timings for Rank 0
        Timer        # Calls    Avg/Call (s)   Total (s)    % Loop
___________________________________________________________________
total                      1     150.9128      150.9128      101.36
loop                       1     148.8875      148.8875      100.00
timestep                  10      14.8886      148.8857      100.00
  position               100       0.0148        1.4770        0.99
  velocity               200       0.0125        2.4913        1.67
  redistribute           101       0.1852       18.7054       12.56
    atomHalo             101       0.1453       14.6781        9.86
  force                  101       1.2499      126.2445       84.79
commHalo                 303       0.0438       13.2673        8.91
commReduce                39       0.0367        1.4319        0.96

Timing Statistics Across 96 Ranks:
        Timer        Rank: Min(s)       Rank: Max(s)      Avg(s)    Stdev(s)
_____________________________________________________________________________
total               21:  150.9095      39:  150.9500    150.9335      0.0170
loop                80:  148.8874      79:  148.8876    148.8876      0.0001
timestep             0:  148.8857      61:  148.8862    148.8861      0.0001
  position          46:    1.2598       3:    1.5810      1.4246      0.0616
  velocity           2:    2.0458       5:    2.7464      2.5157      0.1511
  redistribute      42:   15.7821       2:   19.3859     18.3736      0.4994
    atomHalo        42:   11.8498       2:   15.2502     14.3491      0.5102
  force              2:  125.9264      74:  129.6871    126.4966      0.6134
commHalo            42:   10.4382       2:   13.7415     12.8468      0.5448
commReduce          74:    0.5739      56:    1.9187      1.5724      0.1946

---------------------------------------------------
 Average atom update rate:       2.99 us/atom/task
---------------------------------------------------


---------------------------------------------------
 Average all atom update rate:   0.03 us/atom
---------------------------------------------------


---------------------------------------------------
 Average atom rate:             32.09 atoms/us
---------------------------------------------------

Thu Dec 24 07:56:04 2015: CoMD Ending

real 151.10
user 3562.05
sys 56.02
