Thu Dec 24 09:03:20 2015: Starting Initialization


Mini-Application Name    : CoMD-mpi
Mini-Application Version : 1.1
Platform:
  hostname: test-c16595bc-1016-4b8b-bbe3-01bc27f9c84c.novalocal
  kernel name: 'Linux'
  kernel release: '3.10.0-229.4.2.el7.x86_64'
  processor: 'x86_64'
Build:
  CC: '/usr/lib64/mpich/bin/mpicc'
  compiler version: 'cc (GCC) 4.8.3 20140911 (Red Hat 4.8.3-9)'
  CFLAGS: '-std=c99 -DDOUBLE -DDO_MPI -g -O5   '
  LDFLAGS: ' -lm '
  using MPI: true
  Threading: none
  Double Precision: true
Run Date/Time: 2015-12-24, 09:03:20

Command Line Parameters:
  doeam: 0
  potDir: pots
  potName: Cu_u6.eam
  potType: funcfl
  nx: 576
  ny: 576
  nz: 288
  xproc: 8
  yproc: 8
  zproc: 12
  Lattice constant: -1 Angstroms
  nSteps: 100
  printRate: 10
  Time step: 1 fs
  Initial Temperature: 600 K
  Initial Delta: 0 Angstroms

Simulation data: 
  Total atoms        : 382205952
  Min global bounds  : [   0.0000000000,   0.0000000000,   0.0000000000 ]
  Max global bounds  : [ 2082.2400000000, 2082.2400000000, 1041.1200000000 ]

Decomposition data: 
  Processors         :      8,     8,    12
  Local boxes        :     44,    44,    14 =    27104
  Box size           : [   5.9154545455,   5.9154545455,   6.1971428571 ]
  Box factor         : [   1.0221087768,   1.0221087768,   1.0707806233 ] 
  Max Link Cell Occupancy: 32 of 64

Potential data: 
  Potential type   : Lennard-Jones
  Species name     : Cu
  Atomic number    : 29
  Mass             : 63.55 amu
  Lattice Type     : FCC
  Lattice spacing  : 3.615 Angstroms
  Cutoff           : 5.7875 Angstroms
  Epsilon          : 0.167 eV
  Sigma            : 2.315 Angstroms

Memory data: 
  Intrinsic atom footprint =   88 B/atom 
  Total atom footprint     = -692.000 MB ( 41.77 MB/node)
  Link cell atom footprint = 145.578 MB/node
  Link cell atom footprint = 181.844 MB/node (including halo cell data


Initial energy : -1.166063303630, atom count : 382205952 

Thu Dec 24 09:03:22 2015: Initialization Finished

Thu Dec 24 09:03:22 2015: Starting simulation

#                                                                                         Performance
#  Loop   Time(fs)       Total Energy   Potential Energy     Kinetic Energy  Temperature   (us/atom)     # Atoms
      0       0.00    -1.166063303630    -1.243619295230     0.077555991600     600.0000     0.0000    382205952
     10      10.00    -1.166059648057    -1.233153833965     0.067094185908     519.0638     3.2658    382205952
     20      20.00    -1.166048424452    -1.208173088374     0.042124663922     325.8910     3.4340    382205952
     30      30.00    -1.166037576531    -1.186582597028     0.020545020496     158.9434     3.3014    382205952
     40      40.00    -1.166042094589    -1.183640748616     0.017598654027     136.1493     3.2644    382205952
     50      50.00    -1.166051690711    -1.193738808319     0.027687117608     214.1971     3.1500    382205952
     60      60.00    -1.166054646042    -1.202678133927     0.036623487885     283.3320     3.2381    382205952
     70      70.00    -1.166052132368    -1.204910124428     0.038857992060     300.6189     3.3165    382205952
     80      80.00    -1.166048789533    -1.203623187750     0.037574398217     290.6886     3.2906    382205952
     90      90.00    -1.166047997524    -1.203812115126     0.037764117602     292.1563     3.3887    382205952
    100     100.00    -1.166049788647    -1.206865872056     0.040816083408     315.7674     3.1527    382205952
Thu Dec 24 09:06:06 2015: Ending simulation



Simulation Validation:
  Initial energy  : -1.166063303630
  Final energy    : -1.166049788647
  eFinal/eInitial : 0.999988
  Final atom count : 382205952, no atoms lost


Timings for Rank 0
        Timer        # Calls    Avg/Call (s)   Total (s)    % Loop
___________________________________________________________________
total                      1     165.8969      165.8969      101.62
loop                       1     163.2485      163.2485      100.00
timestep                  10      16.3245      163.2450      100.00
  position               100       0.0096        0.9632        0.59
  velocity               200       0.0080        1.5990        0.98
  redistribute           101       0.3119       31.4969       19.29
    atomHalo             101       0.2760       27.8763       17.08
  force                  101       1.2630      127.5646       78.14
commHalo                 303       0.0867       26.2771       16.10
commReduce                39       0.0949        3.7019        2.27

Timing Statistics Across 768 Ranks:
        Timer        Rank: Min(s)       Rank: Max(s)      Avg(s)    Stdev(s)
_____________________________________________________________________________
total              502:  165.8485     129:  165.9103    165.8949      0.0155
loop                17:  163.2482     481:  163.2485    163.2484      0.0001
timestep             5:  163.2447     506:  163.2464    163.2455      0.0004
  position         189:    0.8663     181:    1.2380      1.0002      0.0544
  velocity         581:    1.3960     164:    2.0480      1.6727      0.1070
  redistribute     249:   28.1654      47:   32.7916     31.3251      0.5332
    atomHalo       249:   24.5495      47:   29.2949     27.7181      0.6076
  force            208:  127.1645     583:  131.3902    127.6489      0.4446
commHalo           249:   22.8967      47:   27.7410     26.0821      0.6851
commReduce          31:    2.8341     146:    4.4224      3.6761      0.2962

---------------------------------------------------
 Average atom update rate:       3.28 us/atom/task
---------------------------------------------------


---------------------------------------------------
 Average all atom update rate:   0.00 us/atom
---------------------------------------------------


---------------------------------------------------
 Average atom rate:            234.13 atoms/us
---------------------------------------------------

Thu Dec 24 09:06:06 2015: CoMD Ending

real 166.23
user 3869.94
sys 110.89
