Thu Dec 24 08:23:30 2015: Starting Initialization


Mini-Application Name    : CoMD-mpi
Mini-Application Version : 1.1
Platform:
  hostname: test-c16595bc-1016-4b8b-bbe3-01bc27f9c84c.novalocal
  kernel name: 'Linux'
  kernel release: '3.10.0-229.4.2.el7.x86_64'
  processor: 'x86_64'
Build:
  CC: '/usr/lib64/mpich/bin/mpicc'
  compiler version: 'cc (GCC) 4.8.3 20140911 (Red Hat 4.8.3-9)'
  CFLAGS: '-std=c99 -DDOUBLE -DDO_MPI -g -O5   '
  LDFLAGS: ' -lm '
  using MPI: true
  Threading: none
  Double Precision: true
Run Date/Time: 2015-12-24, 08:23:30

Command Line Parameters:
  doeam: 0
  potDir: pots
  potName: Cu_u6.eam
  potType: funcfl
  nx: 288
  ny: 288
  nz: 288
  xproc: 4
  yproc: 8
  zproc: 6
  Lattice constant: -1 Angstroms
  nSteps: 100
  printRate: 10
  Time step: 1 fs
  Initial Temperature: 600 K
  Initial Delta: 0 Angstroms

Simulation data: 
  Total atoms        : 95551488
  Min global bounds  : [   0.0000000000,   0.0000000000,   0.0000000000 ]
  Max global bounds  : [ 1041.1200000000, 1041.1200000000, 1041.1200000000 ]

Decomposition data: 
  Processors         :      4,     8,     6
  Local boxes        :     44,    22,    29 =    28072
  Box size           : [   5.9154545455,   5.9154545455,   5.9834482759 ]
  Box factor         : [   1.0221087768,   1.0221087768,   1.0338571535 ] 
  Max Link Cell Occupancy: 32 of 64

Potential data: 
  Potential type   : Lennard-Jones
  Species name     : Cu
  Atomic number    : 29
  Mass             : 63.55 amu
  Lattice Type     : FCC
  Lattice spacing  : 3.615 Angstroms
  Cutoff           : 5.7875 Angstroms
  Epsilon          : 0.167 eV
  Sigma            : 2.315 Angstroms

Memory data: 
  Intrinsic atom footprint =   88 B/atom 
  Total atom footprint     = -173.000 MB ( 41.77 MB/node)
  Link cell atom footprint = 150.777 MB/node
  Link cell atom footprint = 183.820 MB/node (including halo cell data


Initial energy : -1.166063303635, atom count : 95551488 

Thu Dec 24 08:23:32 2015: Initialization Finished

Thu Dec 24 08:23:32 2015: Starting simulation

#                                                                                         Performance
#  Loop   Time(fs)       Total Energy   Potential Energy     Kinetic Energy  Temperature   (us/atom)     # Atoms
      0       0.00    -1.166063303635    -1.243619295235     0.077555991600     600.0000     0.0000     95551488
     10      10.00    -1.166059650944    -1.233155048472     0.067095397528     519.0732     3.3709     95551488
     20      20.00    -1.166048430775    -1.208174729585     0.042126298809     325.9036     3.2327     95551488
     30      30.00    -1.166037581189    -1.186579920198     0.020542339009     158.9226     3.5066     95551488
     40      40.00    -1.166042096032    -1.183631183934     0.017589087902     136.0753     3.7577     95551488
     50      50.00    -1.166051689718    -1.193724708926     0.027673019208     214.0881     3.2677     95551488
     60      60.00    -1.166054644990    -1.202665414756     0.036610769766     283.2336     3.3414     95551488
     70      70.00    -1.166052134677    -1.204904461803     0.038852327126     300.5751     3.3575     95551488
     80      80.00    -1.166048795413    -1.203624981534     0.037576186121     290.7024     3.3028     95551488
     90      90.00    -1.166048005239    -1.203815131967     0.037767126727     292.1796     3.1798     95551488
    100     100.00    -1.166049792301    -1.206861213530     0.040811421230     315.7313     3.4510     95551488
Thu Dec 24 08:26:20 2015: Ending simulation



Simulation Validation:
  Initial energy  : -1.166063303635
  Final energy    : -1.166049792301
  eFinal/eInitial : 0.999988
  Final atom count : 95551488, no atoms lost


Timings for Rank 0
        Timer        # Calls    Avg/Call (s)   Total (s)    % Loop
___________________________________________________________________
total                      1     170.5438      170.5438      101.47
loop                       1     168.0752      168.0752      100.00
timestep                  10      16.8052      168.0520       99.99
  position               100       0.0112        1.1239        0.67
  velocity               200       0.0099        1.9841        1.18
  redistribute           101       0.3625       36.6175       21.79
    atomHalo             101       0.3236       32.6795       19.44
  force                  101       1.2498      126.2250       75.10
commHalo                 303       0.1012       30.6780       18.25
commReduce                39       0.1045        4.0761        2.43

Timing Statistics Across 192 Ranks:
        Timer        Rank: Min(s)       Rank: Max(s)      Avg(s)    Stdev(s)
_____________________________________________________________________________
total               81:  170.5026     106:  170.5450    170.5355      0.0099
loop                 5:  168.0751      60:  168.0752    168.0752      0.0000
timestep           189:  168.0412     125:  168.0738    168.0526      0.0032
  position          22:    0.9800     191:    1.2686      1.1162      0.0531
  velocity         105:    1.6309      76:    2.1555      1.8988      0.1224
  redistribute      15:   31.7508     100:   38.1007     37.0147      0.9034
    atomHalo        15:   27.9018     100:   34.4836     33.3142      0.9423
  force             66:  125.1695      15:  131.6633    125.9697      0.9608
commHalo            15:   26.3399     104:   33.1353     31.8068      0.9924
commReduce          95:    2.9434     130:    5.0146      4.0153      0.4131

---------------------------------------------------
 Average atom update rate:       3.38 us/atom/task
---------------------------------------------------


---------------------------------------------------
 Average all atom update rate:   0.02 us/atom
---------------------------------------------------


---------------------------------------------------
 Average atom rate:             56.86 atoms/us
---------------------------------------------------

Thu Dec 24 08:26:20 2015: CoMD Ending

real 170.77
user 3952.02
sys 138.60
