Thu Dec 24 08:15:06 2015: Starting Initialization


Mini-Application Name    : CoMD-mpi
Mini-Application Version : 1.1
Platform:
  hostname: test-c16595bc-1016-4b8b-bbe3-01bc27f9c84c.novalocal
  kernel name: 'Linux'
  kernel release: '3.10.0-229.4.2.el7.x86_64'
  processor: 'x86_64'
Build:
  CC: '/usr/lib64/mpich/bin/mpicc'
  compiler version: 'cc (GCC) 4.8.3 20140911 (Red Hat 4.8.3-9)'
  CFLAGS: '-std=c99 -DDOUBLE -DDO_MPI -g -O5   '
  LDFLAGS: ' -lm '
  using MPI: true
  Threading: none
  Double Precision: true
Run Date/Time: 2015-12-24, 08:15:06

Command Line Parameters:
  doeam: 0
  potDir: pots
  potName: Cu_u6.eam
  potType: funcfl
  nx: 288
  ny: 288
  nz: 288
  xproc: 4
  yproc: 8
  zproc: 6
  Lattice constant: -1 Angstroms
  nSteps: 100
  printRate: 10
  Time step: 1 fs
  Initial Temperature: 600 K
  Initial Delta: 0 Angstroms

Simulation data: 
  Total atoms        : 95551488
  Min global bounds  : [   0.0000000000,   0.0000000000,   0.0000000000 ]
  Max global bounds  : [ 1041.1200000000, 1041.1200000000, 1041.1200000000 ]

Decomposition data: 
  Processors         :      4,     8,     6
  Local boxes        :     44,    22,    29 =    28072
  Box size           : [   5.9154545455,   5.9154545455,   5.9834482759 ]
  Box factor         : [   1.0221087768,   1.0221087768,   1.0338571535 ] 
  Max Link Cell Occupancy: 32 of 64

Potential data: 
  Potential type   : Lennard-Jones
  Species name     : Cu
  Atomic number    : 29
  Mass             : 63.55 amu
  Lattice Type     : FCC
  Lattice spacing  : 3.615 Angstroms
  Cutoff           : 5.7875 Angstroms
  Epsilon          : 0.167 eV
  Sigma            : 2.315 Angstroms

Memory data: 
  Intrinsic atom footprint =   88 B/atom 
  Total atom footprint     = -173.000 MB ( 41.77 MB/node)
  Link cell atom footprint = 150.777 MB/node
  Link cell atom footprint = 183.820 MB/node (including halo cell data


Initial energy : -1.166063303635, atom count : 95551488 

Thu Dec 24 08:15:09 2015: Initialization Finished

Thu Dec 24 08:15:09 2015: Starting simulation

#                                                                                         Performance
#  Loop   Time(fs)       Total Energy   Potential Energy     Kinetic Energy  Temperature   (us/atom)     # Atoms
      0       0.00    -1.166063303635    -1.243619295235     0.077555991600     600.0000     0.0000     95551488
     10      10.00    -1.166059650944    -1.233155048472     0.067095397528     519.0732     3.2378     95551488
     20      20.00    -1.166048430775    -1.208174729585     0.042126298809     325.9036     3.3417     95551488
     30      30.00    -1.166037581189    -1.186579920198     0.020542339009     158.9226     3.2956     95551488
     40      40.00    -1.166042096032    -1.183631183934     0.017589087902     136.0753     3.2492     95551488
     50      50.00    -1.166051689718    -1.193724708926     0.027673019208     214.0881     3.3192     95551488
     60      60.00    -1.166054644990    -1.202665414756     0.036610769766     283.2336     3.3142     95551488
     70      70.00    -1.166052134677    -1.204904461803     0.038852327126     300.5751     3.4335     95551488
     80      80.00    -1.166048795413    -1.203624981534     0.037576186121     290.7024     3.3466     95551488
     90      90.00    -1.166048005239    -1.203815131967     0.037767126727     292.1796     3.3624     95551488
    100     100.00    -1.166049792301    -1.206861213530     0.040811421230     315.7313     3.2139     95551488
Thu Dec 24 08:17:54 2015: Ending simulation



Simulation Validation:
  Initial energy  : -1.166063303635
  Final energy    : -1.166049792301
  eFinal/eInitial : 0.999988
  Final atom count : 95551488, no atoms lost


Timings for Rank 0
        Timer        # Calls    Avg/Call (s)   Total (s)    % Loop
___________________________________________________________________
total                      1     167.3372      167.3372      101.54
loop                       1     164.7995      164.7995      100.00
timestep                  10      16.4798      164.7976      100.00
  position               100       0.0102        1.0218        0.62
  velocity               200       0.0089        1.7884        1.09
  redistribute           101       0.3523       35.5850       21.59
    atomHalo             101       0.3151       31.8235       19.31
  force                  101       1.2458      125.8238       76.35
commHalo                 303       0.1001       30.3258       18.40
commReduce                39       0.0661        2.5779        1.56

Timing Statistics Across 192 Ranks:
        Timer        Rank: Min(s)       Rank: Max(s)      Avg(s)    Stdev(s)
_____________________________________________________________________________
total              146:  167.3005      76:  167.3468    167.3342      0.0138
loop               134:  164.7994     185:  164.7995    164.7995      0.0000
timestep             0:  164.7976     121:  164.7982    164.7979      0.0002
  position          22:    0.9521     174:    1.2536      1.0760      0.0513
  velocity         181:    1.5671     174:    2.2957      1.8274      0.1069
  redistribute      95:   29.6642     157:   36.1386     35.1809      0.7745
    atomHalo        95:   25.8281      35:   32.5954     31.5233      0.8229
  force            114:  125.2336      95:  132.8188    125.8359      0.8711
commHalo            95:   24.3156      35:   31.2714     30.0213      0.8860
commReduce          95:    1.4503     115:    3.5578      2.8738      0.3053

---------------------------------------------------
 Average atom update rate:       3.31 us/atom/task
---------------------------------------------------


---------------------------------------------------
 Average all atom update rate:   0.02 us/atom
---------------------------------------------------


---------------------------------------------------
 Average atom rate:             57.98 atoms/us
---------------------------------------------------

Thu Dec 24 08:17:54 2015: CoMD Ending

real 167.56
user 3881.34
sys 129.03
