Thu Dec 24 08:09:29 2015: Starting Initialization


Mini-Application Name    : CoMD-mpi
Mini-Application Version : 1.1
Platform:
  hostname: test-c16595bc-1016-4b8b-bbe3-01bc27f9c84c.novalocal
  kernel name: 'Linux'
  kernel release: '3.10.0-229.4.2.el7.x86_64'
  processor: 'x86_64'
Build:
  CC: '/usr/lib64/mpich/bin/mpicc'
  compiler version: 'cc (GCC) 4.8.3 20140911 (Red Hat 4.8.3-9)'
  CFLAGS: '-std=c99 -DDOUBLE -DDO_MPI -g -O5   '
  LDFLAGS: ' -lm '
  using MPI: true
  Threading: none
  Double Precision: true
Run Date/Time: 2015-12-24, 08:09:29

Command Line Parameters:
  doeam: 0
  potDir: pots
  potName: Cu_u6.eam
  potType: funcfl
  nx: 288
  ny: 288
  nz: 288
  xproc: 4
  yproc: 8
  zproc: 6
  Lattice constant: -1 Angstroms
  nSteps: 100
  printRate: 10
  Time step: 1 fs
  Initial Temperature: 600 K
  Initial Delta: 0 Angstroms

Simulation data: 
  Total atoms        : 95551488
  Min global bounds  : [   0.0000000000,   0.0000000000,   0.0000000000 ]
  Max global bounds  : [ 1041.1200000000, 1041.1200000000, 1041.1200000000 ]

Decomposition data: 
  Processors         :      4,     8,     6
  Local boxes        :     44,    22,    29 =    28072
  Box size           : [   5.9154545455,   5.9154545455,   5.9834482759 ]
  Box factor         : [   1.0221087768,   1.0221087768,   1.0338571535 ] 
  Max Link Cell Occupancy: 32 of 64

Potential data: 
  Potential type   : Lennard-Jones
  Species name     : Cu
  Atomic number    : 29
  Mass             : 63.55 amu
  Lattice Type     : FCC
  Lattice spacing  : 3.615 Angstroms
  Cutoff           : 5.7875 Angstroms
  Epsilon          : 0.167 eV
  Sigma            : 2.315 Angstroms

Memory data: 
  Intrinsic atom footprint =   88 B/atom 
  Total atom footprint     = -173.000 MB ( 41.77 MB/node)
  Link cell atom footprint = 150.777 MB/node
  Link cell atom footprint = 183.820 MB/node (including halo cell data


Initial energy : -1.166063303635, atom count : 95551488 

Thu Dec 24 08:09:31 2015: Initialization Finished

Thu Dec 24 08:09:31 2015: Starting simulation

#                                                                                         Performance
#  Loop   Time(fs)       Total Energy   Potential Energy     Kinetic Energy  Temperature   (us/atom)     # Atoms
      0       0.00    -1.166063303635    -1.243619295235     0.077555991600     600.0000     0.0000     95551488
     10      10.00    -1.166059650944    -1.233155048472     0.067095397528     519.0732     3.2557     95551488
     20      20.00    -1.166048430775    -1.208174729585     0.042126298809     325.9036     3.4174     95551488
     30      30.00    -1.166037581189    -1.186579920198     0.020542339009     158.9226     3.3095     95551488
     40      40.00    -1.166042096032    -1.183631183934     0.017589087902     136.0753     3.2516     95551488
     50      50.00    -1.166051689718    -1.193724708926     0.027673019208     214.0881     3.3072     95551488
     60      60.00    -1.166054644990    -1.202665414756     0.036610769766     283.2336     3.2701     95551488
     70      70.00    -1.166052134677    -1.204904461803     0.038852327126     300.5751     3.3908     95551488
     80      80.00    -1.166048795413    -1.203624981534     0.037576186121     290.7024     3.3351     95551488
     90      90.00    -1.166048005239    -1.203815131967     0.037767126727     292.1796     3.4339     95551488
    100     100.00    -1.166049792301    -1.206861213530     0.040811421230     315.7313     3.2831     95551488
Thu Dec 24 08:12:17 2015: Ending simulation



Simulation Validation:
  Initial energy  : -1.166063303635
  Final energy    : -1.166049792301
  eFinal/eInitial : 0.999988
  Final atom count : 95551488, no atoms lost


Timings for Rank 0
        Timer        # Calls    Avg/Call (s)   Total (s)    % Loop
___________________________________________________________________
total                      1     167.6328      167.6328      101.28
loop                       1     165.5193      165.5193      100.00
timestep                  10      16.5495      165.4952       99.99
  position               100       0.0122        1.2166        0.74
  velocity               200       0.0092        1.8413        1.11
  redistribute           101       0.3367       34.0042       20.54
    atomHalo             101       0.2969       29.9828       18.11
  force                  101       1.2456      125.8063       76.01
commHalo                 303       0.0925       28.0367       16.94
commReduce                39       0.1083        4.2227        2.55

Timing Statistics Across 192 Ranks:
        Timer        Rank: Min(s)       Rank: Max(s)      Avg(s)    Stdev(s)
_____________________________________________________________________________
total               35:  167.5778      80:  167.6328    167.6124      0.0160
loop                 5:  165.5192      92:  165.5194    165.5193      0.0001
timestep           120:  165.4943     184:  165.4957    165.4953      0.0002
  position          58:    0.9929     132:    1.3084      1.1274      0.0606
  velocity         107:    1.5919     132:    2.4377      1.9246      0.1300
  redistribute     127:   27.4217      98:   35.5553     34.4574      0.9347
    atomHalo       127:   23.4750      98:   31.9544     30.7486      1.0000
  force             42:  125.2468     127:  134.5587    125.8981      1.0591
commHalo           127:   21.9346      98:   30.6017     29.2370      1.0591
commReduce         127:    2.3122       6:    4.4367      3.6783      0.3640

---------------------------------------------------
 Average atom update rate:       3.33 us/atom/task
---------------------------------------------------


---------------------------------------------------
 Average all atom update rate:   0.02 us/atom
---------------------------------------------------


---------------------------------------------------
 Average atom rate:             57.74 atoms/us
---------------------------------------------------

Thu Dec 24 08:12:17 2015: CoMD Ending

real 167.86
user 3883.14
sys 128.61
