Thu Dec 24 07:43:41 2015: Starting Initialization


Mini-Application Name    : CoMD-mpi
Mini-Application Version : 1.1
Platform:
  hostname: test-c16595bc-1016-4b8b-bbe3-01bc27f9c84c.novalocal
  kernel name: 'Linux'
  kernel release: '3.10.0-229.4.2.el7.x86_64'
  processor: 'x86_64'
Build:
  CC: '/usr/lib64/mpich/bin/mpicc'
  compiler version: 'cc (GCC) 4.8.3 20140911 (Red Hat 4.8.3-9)'
  CFLAGS: '-std=c99 -DDOUBLE -DDO_MPI -g -O5   '
  LDFLAGS: ' -lm '
  using MPI: true
  Threading: none
  Double Precision: true
Run Date/Time: 2015-12-24, 07:43:41

Command Line Parameters:
  doeam: 0
  potDir: pots
  potName: Cu_u6.eam
  potType: funcfl
  nx: 288
  ny: 288
  nz: 144
  xproc: 4
  yproc: 8
  zproc: 3
  Lattice constant: -1 Angstroms
  nSteps: 100
  printRate: 10
  Time step: 1 fs
  Initial Temperature: 600 K
  Initial Delta: 0 Angstroms

Simulation data: 
  Total atoms        : 47775744
  Min global bounds  : [   0.0000000000,   0.0000000000,   0.0000000000 ]
  Max global bounds  : [ 1041.1200000000, 1041.1200000000, 520.5600000000 ]

Decomposition data: 
  Processors         :      4,     8,     3
  Local boxes        :     44,    22,    29 =    28072
  Box size           : [   5.9154545455,   5.9154545455,   5.9834482759 ]
  Box factor         : [   1.0221087768,   1.0221087768,   1.0338571535 ] 
  Max Link Cell Occupancy: 32 of 64

Potential data: 
  Potential type   : Lennard-Jones
  Species name     : Cu
  Atomic number    : 29
  Mass             : 63.55 amu
  Lattice Type     : FCC
  Lattice spacing  : 3.615 Angstroms
  Cutoff           : 5.7875 Angstroms
  Epsilon          : 0.167 eV
  Sigma            : 2.315 Angstroms

Memory data: 
  Intrinsic atom footprint =   88 B/atom 
  Total atom footprint     = -86.500 MB ( 41.77 MB/node)
  Link cell atom footprint = 150.777 MB/node
  Link cell atom footprint = 183.820 MB/node (including halo cell data


Initial energy : -1.166063303635, atom count : 47775744 

Thu Dec 24 07:43:43 2015: Initialization Finished

Thu Dec 24 07:43:43 2015: Starting simulation

#                                                                                         Performance
#  Loop   Time(fs)       Total Energy   Potential Energy     Kinetic Energy  Temperature   (us/atom)     # Atoms
      0       0.00    -1.166063303635    -1.243619295235     0.077555991600     600.0000     0.0000     47775744
     10      10.00    -1.166059648385    -1.233154418541     0.067094770156     519.0684     2.8397     47775744
     20      20.00    -1.166048429555    -1.208172856271     0.042124426716     325.8891     2.8450     47775744
     30      30.00    -1.166037579552    -1.186574421118     0.020536841566     158.8801     3.2397     47775744
     40      40.00    -1.166042088391    -1.183621357039     0.017579268648     135.9993     3.0240     47775744
     50      50.00    -1.166051681932    -1.193717450331     0.027665768399     214.0320     2.8718     47775744
     60      60.00    -1.166054640360    -1.202668818304     0.036614177944     283.2600     2.8452     47775744
     70      70.00    -1.166052133769    -1.204922091127     0.038869957358     300.7114     2.9746     47775744
     80      80.00    -1.166048799604    -1.203654382409     0.037605582805     290.9298     2.8940     47775744
     90      90.00    -1.166048012593    -1.203846535070     0.037798522478     292.4225     2.8581     47775744
    100     100.00    -1.166049797799    -1.206881718934     0.040831921134     315.8899     2.8403     47775744
Thu Dec 24 07:46:09 2015: Ending simulation



Simulation Validation:
  Initial energy  : -1.166063303635
  Final energy    : -1.166049797799
  eFinal/eInitial : 0.999988
  Final atom count : 47775744, no atoms lost


Timings for Rank 0
        Timer        # Calls    Avg/Call (s)   Total (s)    % Loop
___________________________________________________________________
total                      1     147.3857      147.3857      101.31
loop                       1     145.4861      145.4861      100.00
timestep                  10      14.5480      145.4796      100.00
  position               100       0.0135        1.3485        0.93
  velocity               200       0.0117        2.3333        1.60
  redistribute           101       0.1548       15.6391       10.75
    atomHalo             101       0.1154       11.6567        8.01
  force                  101       1.2520      126.4472       86.91
commHalo                 303       0.0333       10.0779        6.93
commReduce                39       0.0285        1.1115        0.76

Timing Statistics Across 96 Ranks:
        Timer        Rank: Min(s)       Rank: Max(s)      Avg(s)    Stdev(s)
_____________________________________________________________________________
total               72:  147.3837      13:  147.4162    147.4084      0.0132
loop                 3:  145.4860      38:  145.4862    145.4861      0.0001
timestep            77:  145.4718      29:  145.4847    145.4798      0.0010
  position          87:    1.2302      27:    1.5073      1.3745      0.0589
  velocity           1:    2.0451      23:    3.1072      2.4397      0.1640
  redistribute      25:   14.5563      39:   16.9143     15.9552      0.4918
    atomHalo        23:   10.3538      39:   12.9960     11.9080      0.5485
  force              1:  125.8806      13:  127.6325    126.4464      0.3184
commHalo            23:    8.4522      39:   11.5009     10.3810      0.5797
commReduce          21:    0.2789       3:    1.3161      0.6563      0.4099

---------------------------------------------------
 Average atom update rate:       2.92 us/atom/task
---------------------------------------------------


---------------------------------------------------
 Average all atom update rate:   0.03 us/atom
---------------------------------------------------


---------------------------------------------------
 Average atom rate:             32.84 atoms/us
---------------------------------------------------

Thu Dec 24 07:46:09 2015: CoMD Ending

real 147.61
user 3487.50
sys 49.87
