Thu Dec 24 08:52:05 2015: Starting Initialization


Mini-Application Name    : CoMD-mpi
Mini-Application Version : 1.1
Platform:
  hostname: test-c16595bc-1016-4b8b-bbe3-01bc27f9c84c.novalocal
  kernel name: 'Linux'
  kernel release: '3.10.0-229.4.2.el7.x86_64'
  processor: 'x86_64'
Build:
  CC: '/usr/lib64/mpich/bin/mpicc'
  compiler version: 'cc (GCC) 4.8.3 20140911 (Red Hat 4.8.3-9)'
  CFLAGS: '-std=c99 -DDOUBLE -DDO_MPI -g -O5   '
  LDFLAGS: ' -lm '
  using MPI: true
  Threading: none
  Double Precision: true
Run Date/Time: 2015-12-24, 08:52:05

Command Line Parameters:
  doeam: 0
  potDir: pots
  potName: Cu_u6.eam
  potType: funcfl
  nx: 576
  ny: 288
  nz: 288
  xproc: 8
  yproc: 8
  zproc: 6
  Lattice constant: -1 Angstroms
  nSteps: 100
  printRate: 10
  Time step: 1 fs
  Initial Temperature: 600 K
  Initial Delta: 0 Angstroms

Simulation data: 
  Total atoms        : 191102976
  Min global bounds  : [   0.0000000000,   0.0000000000,   0.0000000000 ]
  Max global bounds  : [ 2082.2400000000, 1041.1200000000, 1041.1200000000 ]

Decomposition data: 
  Processors         :      8,     8,     6
  Local boxes        :     44,    22,    29 =    28072
  Box size           : [   5.9154545455,   5.9154545455,   5.9834482759 ]
  Box factor         : [   1.0221087768,   1.0221087768,   1.0338571535 ] 
  Max Link Cell Occupancy: 32 of 64

Potential data: 
  Potential type   : Lennard-Jones
  Species name     : Cu
  Atomic number    : 29
  Mass             : 63.55 amu
  Lattice Type     : FCC
  Lattice spacing  : 3.615 Angstroms
  Cutoff           : 5.7875 Angstroms
  Epsilon          : 0.167 eV
  Sigma            : 2.315 Angstroms

Memory data: 
  Intrinsic atom footprint =   88 B/atom 
  Total atom footprint     = -346.000 MB ( 41.77 MB/node)
  Link cell atom footprint = 150.777 MB/node
  Link cell atom footprint = 183.820 MB/node (including halo cell data


Initial energy : -1.166063303635, atom count : 191102976 

Thu Dec 24 08:52:08 2015: Initialization Finished

Thu Dec 24 08:52:08 2015: Starting simulation

#                                                                                         Performance
#  Loop   Time(fs)       Total Energy   Potential Energy     Kinetic Energy  Temperature   (us/atom)     # Atoms
      0       0.00    -1.166063303635    -1.243619295235     0.077555991600     600.0000     0.0000    191102976
     10      10.00    -1.166059650602    -1.233154651512     0.067095000910     519.0702     3.2845    191102976
     20      20.00    -1.166048429207    -1.208173529549     0.042125100342     325.8944     3.3421    191102976
     30      30.00    -1.166037579478    -1.186579219108     0.020541639630     158.9172     3.3993    191102976
     40      40.00    -1.166042096597    -1.183632459803     0.017590363206     136.0851     3.4181    191102976
     50      50.00    -1.166051690423    -1.193726530690     0.027674840267     214.1021     3.7610    191102976
     60      60.00    -1.166054644204    -1.202665951990     0.036611307786     283.2378     3.3413    191102976
     70      70.00    -1.166052132921    -1.204903766985     0.038851634064     300.5697     3.4037    191102976
     80      80.00    -1.166048794316    -1.203624406040     0.037575611724     290.6979     3.2330    191102976
     90      90.00    -1.166048004903    -1.203815558312     0.037767553409     292.1829     3.4181    191102976
    100     100.00    -1.166049792314    -1.206862591607     0.040812799293     315.7419     3.4194    191102976
Thu Dec 24 08:54:57 2015: Ending simulation



Simulation Validation:
  Initial energy  : -1.166063303635
  Final energy    : -1.166049792314
  eFinal/eInitial : 0.999988
  Final atom count : 191102976, no atoms lost


Timings for Rank 0
        Timer        # Calls    Avg/Call (s)   Total (s)    % Loop
___________________________________________________________________
total                      1     172.1498      172.1498      101.67
loop                       1     169.3195      169.3195      100.00
timestep                  10      16.9308      169.3078       99.99
  position               100       0.0115        1.1528        0.68
  velocity               200       0.0113        2.2651        1.34
  redistribute           101       0.3604       36.4053       21.50
    atomHalo             101       0.3166       31.9806       18.89
  force                  101       1.2477      126.0179       74.43
commHalo                 303       0.0980       29.7078       17.55
commReduce                39       0.1475        5.7530        3.40

Timing Statistics Across 384 Ranks:
        Timer        Rank: Min(s)       Rank: Max(s)      Avg(s)    Stdev(s)
_____________________________________________________________________________
total              156:  172.0878     208:  172.1498    172.1331      0.0198
loop                 5:  169.3193     176:  169.3195    169.3194      0.0001
timestep           146:  169.2960     242:  169.3163    169.3082      0.0009
  position          54:    0.9380      19:    1.3656      1.1766      0.0705
  velocity         341:    1.7332     298:    2.4209      2.0188      0.1433
  redistribute     167:   32.8920     175:   37.8994     36.5875      0.7935
    atomHalo       167:   29.0472     175:   34.2913     32.7954      0.8717
  force            175:  125.3936      54:  131.6525    125.9854      0.7103
commHalo           167:   27.4753     175:   32.8756     31.2775      0.9280
commReduce          54:    3.9677      73:    6.7649      5.8252      0.4659

---------------------------------------------------
 Average atom update rate:       3.40 us/atom/task
---------------------------------------------------


---------------------------------------------------
 Average all atom update rate:   0.01 us/atom
---------------------------------------------------


---------------------------------------------------
 Average atom rate:            112.87 atoms/us
---------------------------------------------------

Thu Dec 24 08:54:57 2015: CoMD Ending

real 172.39
user 3990.99
sys 138.94
