      creating/filling mesh...0.0892279s, total time: 0.0892279
generating matrix structure...1.93925s, total time: 2.02848
         assembling FE data...3.32532s, total time: 5.3538
      imposing Dirichlet BC...0.50998s, total time: 5.86378
      imposing Dirichlet BC...0.0393369s, total time: 5.90312
making matrix indices local...0.945035s, total time: 6.84815
Starting CG solver ... 
Initial Residual = 656.836
Iteration = 20   Residual = 0.0884182
Iteration = 40   Residual = 0.046202
Iteration = 60   Residual = 0.0765588
Iteration = 80   Residual = 0.0232523
Iteration = 100   Residual = 0.0172792
Iteration = 120   Residual = 0.0140157
Iteration = 140   Residual = 0.0118412
Iteration = 160   Residual = 0.0120409
Iteration = 180   Residual = 0.00881928
Iteration = 200   Residual = 0.00776062
Final Resid Norm: 0.00776062
real 62.43
user 1240.28
sys 238.52
