      creating/filling mesh...0.0718651s, total time: 0.0718651
generating matrix structure...2.13478s, total time: 2.20665
         assembling FE data...3.3564s, total time: 5.56305
      imposing Dirichlet BC...0.509584s, total time: 6.07263
      imposing Dirichlet BC...0.039181s, total time: 6.11181
making matrix indices local...1.55883s, total time: 7.67065
Starting CG solver ... 
Initial Residual = 928.454
Iteration = 20   Residual = 0.760612
Iteration = 40   Residual = 0.0342417
Iteration = 60   Residual = 0.0221406
Iteration = 80   Residual = 0.0161917
Iteration = 100   Residual = 0.143474
Iteration = 120   Residual = 0.0104745
Iteration = 140   Residual = 0.00874261
Iteration = 160   Residual = 0.00747958
Iteration = 180   Residual = 0.00650307
Iteration = 200   Residual = 0.0057274
Final Resid Norm: 0.0057274
real 68.26
user 1250.01
sys 356.30
