      creating/filling mesh...0.102902s, total time: 0.102902
generating matrix structure...1.8763s, total time: 1.9792
         assembling FE data...3.29203s, total time: 5.27123
      imposing Dirichlet BC...0.511225s, total time: 5.78246
      imposing Dirichlet BC...0.0389352s, total time: 5.82139
making matrix indices local...0.935467s, total time: 6.75686
Starting CG solver ... 
Initial Residual = 656.836
Iteration = 20   Residual = 0.0884182
Iteration = 40   Residual = 0.046202
Iteration = 60   Residual = 0.0765588
Iteration = 80   Residual = 0.0232523
Iteration = 100   Residual = 0.0172792
Iteration = 120   Residual = 0.0140157
Iteration = 140   Residual = 0.0118412
Iteration = 160   Residual = 0.0120409
Iteration = 180   Residual = 0.00881928
Iteration = 200   Residual = 0.00776062
Final Resid Norm: 0.00776062
real 62.59
user 1247.19
sys 235.95
