      creating/filling mesh...0.0695782s, total time: 0.0695782
generating matrix structure...1.96825s, total time: 2.03783
         assembling FE data...3.28165s, total time: 5.31948
      imposing Dirichlet BC...0.510174s, total time: 5.82965
      imposing Dirichlet BC...0.0390651s, total time: 5.86872
making matrix indices local...0.987206s, total time: 6.85592
Starting CG solver ... 
Initial Residual = 656.836
Iteration = 20   Residual = 0.0884182
Iteration = 40   Residual = 0.046202
Iteration = 60   Residual = 0.0765588
Iteration = 80   Residual = 0.0232523
Iteration = 100   Residual = 0.0172792
Iteration = 120   Residual = 0.0140157
Iteration = 140   Residual = 0.0118412
Iteration = 160   Residual = 0.0120409
Iteration = 180   Residual = 0.00881928
Iteration = 200   Residual = 0.00776062
Final Resid Norm: 0.00776062
real 61.88
user 1225.94
sys 237.34
