      creating/filling mesh...0.0713758s, total time: 0.0713758
generating matrix structure...2.32407s, total time: 2.39544
         assembling FE data...3.3307s, total time: 5.72614
      imposing Dirichlet BC...0.509661s, total time: 6.2358
      imposing Dirichlet BC...0.0391402s, total time: 6.27494
making matrix indices local...1.57673s, total time: 7.85167
Starting CG solver ... 
Initial Residual = 928.454
Iteration = 20   Residual = 0.760612
Iteration = 40   Residual = 0.0342417
Iteration = 60   Residual = 0.0221406
Iteration = 80   Residual = 0.0161917
Iteration = 100   Residual = 0.143474
Iteration = 120   Residual = 0.0104745
Iteration = 140   Residual = 0.00874261
Iteration = 160   Residual = 0.00747958
Iteration = 180   Residual = 0.00650307
Iteration = 200   Residual = 0.0057274
Final Resid Norm: 0.0057274
real 69.79
user 1286.11
sys 366.88
