      creating/filling mesh...0.0670481s, total time: 0.0670481
generating matrix structure...1.68316s, total time: 1.7502
         assembling FE data...3.32609s, total time: 5.0763
      imposing Dirichlet BC...0.527988s, total time: 5.60429
      imposing Dirichlet BC...0.0390129s, total time: 5.6433
making matrix indices local...0.835545s, total time: 6.47884
Starting CG solver ... 
Initial Residual = 656.837
Iteration = 20   Residual = 0.0955272
Iteration = 40   Residual = 0.0468263
Iteration = 60   Residual = 0.0306024
Iteration = 80   Residual = 0.0224984
Iteration = 100   Residual = 0.0176423
Iteration = 120   Residual = 0.0144097
Iteration = 140   Residual = 0.0121047
Iteration = 160   Residual = 0.0103792
Iteration = 180   Residual = 0.00903973
Iteration = 200   Residual = 0.00797034
Final Resid Norm: 0.00797034
real 79.72
user 1510.90
sys 383.44
