      creating/filling mesh...0.0731409s, total time: 0.0731421
generating matrix structure...1.94123s, total time: 2.01437
         assembling FE data...3.32839s, total time: 5.34277
      imposing Dirichlet BC...0.509971s, total time: 5.85274
      imposing Dirichlet BC...0.039113s, total time: 5.89185
making matrix indices local...1.57794s, total time: 7.46979
Starting CG solver ... 
Initial Residual = 928.454
Iteration = 20   Residual = 0.760612
Iteration = 40   Residual = 0.0342417
Iteration = 60   Residual = 0.0221406
Iteration = 80   Residual = 0.0161917
Iteration = 100   Residual = 0.143474
Iteration = 120   Residual = 0.0104745
Iteration = 140   Residual = 0.00874261
Iteration = 160   Residual = 0.00747958
Iteration = 180   Residual = 0.00650307
Iteration = 200   Residual = 0.0057274
Final Resid Norm: 0.0057274
real 67.53
user 1234.06
sys 351.29
