      creating/filling mesh...0.0685771s, total time: 0.0685771
generating matrix structure...1.89237s, total time: 1.96095
         assembling FE data...3.32682s, total time: 5.28777
      imposing Dirichlet BC...0.510048s, total time: 5.79782
      imposing Dirichlet BC...0.0391371s, total time: 5.83695
making matrix indices local...1.55569s, total time: 7.39265
Starting CG solver ... 
Initial Residual = 464.73
Iteration = 20   Residual = 0.0662119
Iteration = 40   Residual = 0.0318145
Iteration = 60   Residual = 0.020377
Iteration = 80   Residual = 0.0146777
Iteration = 100   Residual = 0.011273
Iteration = 120   Residual = 0.00905943
Iteration = 140   Residual = 0.00854794
Iteration = 160   Residual = 0.0256261
Iteration = 180   Residual = 0.0539459
Iteration = 200   Residual = 0.016156
Final Resid Norm: 0.016156
real 60.44
user 1235.90
sys 194.09
