      creating/filling mesh...0.0657392s, total time: 0.0657401
generating matrix structure...1.5615s, total time: 1.62724
         assembling FE data...3.32245s, total time: 4.94969
      imposing Dirichlet BC...0.527291s, total time: 5.47698
      imposing Dirichlet BC...0.0389991s, total time: 5.51598
making matrix indices local...0.837301s, total time: 6.35328
Starting CG solver ... 
Initial Residual = 328.937
Iteration = 20   Residual = 0.0935226
Iteration = 40   Residual = 0.0434758
Iteration = 60   Residual = 0.028646
Iteration = 80   Residual = 0.020005
Iteration = 100   Residual = 0.0153602
Iteration = 120   Residual = 0.0122445
Iteration = 140   Residual = 0.00998511
Iteration = 160   Residual = 0.00891977
Iteration = 180   Residual = 0.00708324
Iteration = 200   Residual = 0.0329312
Final Resid Norm: 0.0329312
real 57.42
user 1222.16
sys 148.17
