      creating/filling mesh...0.0704441s, total time: 0.0704441
generating matrix structure...1.82653s, total time: 1.89698
         assembling FE data...3.32186s, total time: 5.21883
      imposing Dirichlet BC...0.527244s, total time: 5.74608
      imposing Dirichlet BC...0.039001s, total time: 5.78508
making matrix indices local...0.875286s, total time: 6.66036
Starting CG solver ... 
Initial Residual = 656.837
Iteration = 20   Residual = 0.0955272
Iteration = 40   Residual = 0.0468263
Iteration = 60   Residual = 0.0306024
Iteration = 80   Residual = 0.0224984
Iteration = 100   Residual = 0.0176423
Iteration = 120   Residual = 0.0144097
Iteration = 140   Residual = 0.0121047
Iteration = 160   Residual = 0.0103792
Iteration = 180   Residual = 0.00903973
Iteration = 200   Residual = 0.00797034
Final Resid Norm: 0.00797034
real 79.99
user 1502.28
sys 377.43
