      creating/filling mesh...0.0730419s, total time: 0.0730431
generating matrix structure...1.76908s, total time: 1.84213
         assembling FE data...3.325s, total time: 5.16713
      imposing Dirichlet BC...0.528087s, total time: 5.69521
      imposing Dirichlet BC...0.0389872s, total time: 5.7342
making matrix indices local...0.893025s, total time: 6.62723
Starting CG solver ... 
Initial Residual = 656.837
Iteration = 20   Residual = 0.0955272
Iteration = 40   Residual = 0.0468263
Iteration = 60   Residual = 0.0306024
Iteration = 80   Residual = 0.0224984
Iteration = 100   Residual = 0.0176423
Iteration = 120   Residual = 0.0144097
Iteration = 140   Residual = 0.0121047
Iteration = 160   Residual = 0.0103792
Iteration = 180   Residual = 0.00903973
Iteration = 200   Residual = 0.00797034
Final Resid Norm: 0.00797034
real 78.92
user 1493.19
sys 370.76
