      creating/filling mesh...0.085392s, total time: 0.085393
generating matrix structure...1.93544s, total time: 2.02083
         assembling FE data...3.33148s, total time: 5.35232
      imposing Dirichlet BC...0.509629s, total time: 5.86195
      imposing Dirichlet BC...0.0392489s, total time: 5.90119
making matrix indices local...1.65536s, total time: 7.55656
Starting CG solver ... 
Initial Residual = 928.454
Iteration = 20   Residual = 0.760612
Iteration = 40   Residual = 0.0342417
Iteration = 60   Residual = 0.0221406
Iteration = 80   Residual = 0.0161917
Iteration = 100   Residual = 0.143474
Iteration = 120   Residual = 0.0104745
Iteration = 140   Residual = 0.00874261
Iteration = 160   Residual = 0.00747958
Iteration = 180   Residual = 0.00650307
Iteration = 200   Residual = 0.0057274
Final Resid Norm: 0.0057274
real 68.32
user 1257.46
sys 357.53
