
Clover Version    1.000
       MPI Version
   Task Count    192


Clover Version    1.000
       MPI Version
   Task Count    192

 Output file clover.out opened. All output will go there.
 Step       1 time   0.0000000 control    sound    timestep   1.93E-04       1,       1 x  1.63E-04 y  3.26E-04
 Wall clock    3.7425141334533691     
 Average time per cell    7.9314213508041580E-009
 Step time per cell       7.9314213508041580E-009
 Step       2 time   0.0001926 control    sound    timestep   1.62E-04       1,       1 x  1.63E-04 y  3.26E-04
 Wall clock    7.1984579563140869     
 Average time per cell    7.6277605229632984E-009
 Step time per cell       7.3238435207814394E-009
 Step       3 time   0.0003548 control    sound    timestep   1.48E-04       1,       1 x  1.63E-04 y  3.26E-04
 Wall clock    10.977878093719482     
 Average time per cell    7.7550521382363517E-009
 Step time per cell       8.0093362460805416E-009
 Step       4 time   0.0005028 control    sound    timestep   1.54E-04       1,       1 x  1.63E-04 y  3.26E-04
 Wall clock    14.501150131225586     
 Average time per cell    7.6829857991672017E-009
 Step time per cell       7.4665048386022040E-009
 Step       5 time   0.0006573 control    sound    timestep   1.68E-04       1,       1 x  1.63E-04 y  3.26E-04
 Wall clock    18.360673904418945     
 Average time per cell    7.7822680598021383E-009
 Step time per cell       8.1791070745869844E-009
 Step       6 time   0.0008248 control    sound    timestep   1.74E-04       1,       1 x  1.63E-04 y  3.26E-04
 Wall clock    21.875859022140503     
 Average time per cell    7.7268314439775332E-009
 Step time per cell       7.4493724847949735E-009
 Step       7 time   0.0009990 control    sound    timestep   1.77E-04       1,       1 x  1.63E-04 y  3.26E-04
 Wall clock    25.501425981521606     
 Average time per cell    7.7206523778768892E-009
 Step time per cell       7.6832980590148111E-009
 Step       8 time   0.0011761 control    sound    timestep   1.83E-04       1,       1 x  1.63E-04 y  3.26E-04
 Wall clock    29.636343002319336     
 Average time per cell    7.8509497648661230E-009
 Step time per cell       8.7628152161616726E-009
 Step       9 time   0.0013593 control    sound    timestep   1.82E-04       1,       1 x  1.63E-04 y  3.26E-04
 Wall clock    33.342941045761108     
 Average time per cell    7.8514337058741036E-009
 Step time per cell       7.8550359224512548E-009
 Step      10 time   0.0015413 control    sound    timestep   1.82E-04       1,       1 x  1.63E-04 y  3.26E-04
 Wall clock    37.576712131500244     
 Average time per cell    7.9635433899562086E-009
 Step time per cell       8.9722379925660788E-009
 Step      11 time   0.0017234 control    sound    timestep   1.82E-04       1,       1 x  1.63E-04 y  3.26E-04
 Wall clock    40.647629976272583     
 Average time per cell    7.8312324709405963E-009
 Step time per cell       6.5080621425295245E-009
 Step      12 time   0.0019050 control    sound    timestep   1.81E-04       1,       1 x  1.63E-04 y  3.26E-04
 Wall clock    44.348941087722778     
 Average time per cell    7.8323048287361252E-009
 Step time per cell       7.8438294319009094E-009
 Step      13 time   0.0020863 control    sound    timestep   1.81E-04       1,       1 x  1.63E-04 y  3.26E-04
 Wall clock    47.841910123825073     
 Average time per cell    7.7992480227193383E-009
 Step time per cell       7.4022869335345203E-009
 Step      14 time   0.0022674 control    sound    timestep   1.81E-04       1,       1 x  1.63E-04 y  3.26E-04
 Wall clock    51.548614025115967     
 Average time per cell    7.8032681336654121E-009
 Step time per cell       7.8552819912955689E-009
 Step      15 time   0.0024489 control    sound    timestep   1.82E-04       1,       1 x  1.63E-04 y  3.26E-04
 Wall clock    55.525329113006592     
 Average time per cell    7.8449007829746095E-009
 Step time per cell       8.4274188338895329E-009
 Step      16 time   0.0026306 control    sound    timestep   1.82E-04       1,       1 x  1.63E-04 y  3.26E-04
 Wall clock    59.202732086181641     
 Average time per cell    7.8416840349543947E-009
 Step time per cell       7.7931407657969329E-009
 Step      17 time   0.0028124 control    sound    timestep   1.82E-04       1,       1 x  1.63E-04 y  3.26E-04
 Wall clock    62.768996000289917     
 Average time per cell    7.8249907649781863E-009
 Step time per cell       7.5576165020013130E-009
 Step      18 time   0.0029942 control    sound    timestep   1.82E-04       1,       1 x  1.63E-04 y  3.26E-04
 Wall clock    66.567789077758789     
 Average time per cell    7.8375297214082774E-009
 Step time per cell       8.0504034687894288E-009
 Step      19 time   0.0031760 control    sound    timestep   1.82E-04       1,       1 x  1.63E-04 y  3.26E-04
 Wall clock    70.692075014114380     
 Average time per cell    7.8850545396988162E-009
 Step time per cell       8.7402132622729467E-009
 Step      20 time   0.0033579 control    sound    timestep   1.82E-04       1,       1 x  1.63E-04 y  3.26E-04
 Wall clock    75.031254053115845     
 Average time per cell    7.9505977686898808E-009
 Step time per cell       9.1955568374639060E-009
 Step      21 time   0.0035397 control    sound    timestep   1.82E-04       1,       1 x  1.63E-04 y  3.26E-04
 Wall clock    77.848706007003784     
 Average time per cell    7.8563292576021646E-009
 Step time per cell       5.9708973923180668E-009
 Step      22 time   0.0037216 control    sound    timestep   1.82E-04       1,       1 x  1.63E-04 y  3.26E-04
 Wall clock    82.014039993286133     
 Average time per cell    7.9004730834658588E-009
 Step time per cell       8.8271710612591252E-009
 Step      23 time   0.0039035 control    sound    timestep   1.82E-04       1,       1 x  1.63E-04 y  3.26E-04
 Wall clock    85.526924133300781     
 Average time per cell    7.8806599910294516E-009
 Step time per cell       7.4444834454981090E-009
 Step      24 time   0.0040854 control    sound    timestep   1.82E-04       1,       1 x  1.63E-04 y  3.26E-04
 Wall clock    89.313519001007080     
 Average time per cell    7.8866675165853746E-009
 Step time per cell       8.0245611873882202E-009
 Step      25 time   0.0042673 control    sound    timestep   1.82E-04       1,       1 x  1.63E-04 y  3.26E-04
 Wall clock    93.048620939254761     
 Average time per cell    7.8878293303811604E-009
 Step time per cell       7.9154182862516290E-009
 Step      26 time   0.0044492 control    sound    timestep   1.82E-04       1,       1 x  1.63E-04 y  3.26E-04
 Wall clock    96.703346014022827     
 Average time per cell    7.8823502054803659E-009
 Step time per cell       7.7450749813579016E-009
 Step      27 time   0.0046311 control    sound    timestep   1.82E-04       1,       1 x  1.63E-04 y  3.26E-04
 Wall clock    100.27552294731140     
 Average time per cell    7.8707975966301586E-009
 Step time per cell       7.5701286227235371E-009
 Step      28 time   0.0048130 control    sound    timestep   1.82E-04       1,       1 x  1.63E-04 y  3.26E-04
 Wall clock    103.77474498748779     
 Average time per cell    7.8545483322361382E-009
 Step time per cell       7.4155529243095468E-009
 Step      29 time   0.0049950 control    sound    timestep   1.82E-04       1,       1 x  1.63E-04 y  3.26E-04
 Wall clock    107.29160213470459     
 Average time per cell    7.8407084537889465E-009
 Step time per cell       7.4528315963107165E-009
 Step      30 time   0.0051769 control    sound    timestep   1.82E-04       1,       1 x  1.63E-04 y  3.26E-04
 Wall clock    111.77130913734436     
 Average time per cell    7.8958093952139649E-009
 Step time per cell       9.4933405610693934E-009
 Step      31 time   0.0053588 control    sound    timestep   1.82E-04       1,       1 x  1.63E-04 y  3.26E-04
 Wall clock    114.90378403663635     
 Average time per cell    7.8552535981097166E-009
 Step time per cell       6.6385205678266679E-009
 Step      32 time   0.0055408 control    sound    timestep   1.82E-04       1,       1 x  1.63E-04 y  3.26E-04
 Wall clock    118.66632699966431     
 Average time per cell    7.8589602973503734E-009
 Step time per cell       7.9735754196816636E-009
 Step      33 time   0.0057227 control    sound    timestep   1.82E-04       1,       1 x  1.63E-04 y  3.26E-04
 Wall clock    122.21158003807068     
 Average time per cell    7.8484878821370217E-009
 Step time per cell       7.5130739989819835E-009
 Step      34 time   0.0059047 control    sound    timestep   1.82E-04       1,       1 x  1.63E-04 y  3.26E-04
 Wall clock    125.97967696189880     
 Average time per cell    7.8525217194587611E-009
 Step time per cell       7.9853629762914750E-009
 Step      35 time   0.0060866 control    sound    timestep   1.82E-04       1,       1 x  1.63E-04 y  3.26E-04
 Wall clock    129.71224999427795     
 Average time per cell    7.8541740535117229E-009
 Step time per cell       7.9100588360840137E-009
 Step      36 time   0.0062686 control    sound    timestep   1.82E-04       1,       1 x  1.63E-04 y  3.26E-04
 Wall clock    133.31447196006775     
 Average time per cell    7.8480609823196164E-009
 Step time per cell       7.6338175050396893E-009
 Step      37 time   0.0064506 control    sound    timestep   1.82E-04       1,       1 x  1.63E-04 y  3.26E-04
 Wall clock    137.02928209304810     
 Average time per cell    7.8487271428064167E-009
 Step time per cell       7.8724037343312783E-009
 Step      38 time   0.0066325 control    sound    timestep   1.82E-04       1,       1 x  1.63E-04 y  3.26E-04
 Wall clock    140.72890090942383     
 Average time per cell    7.8485110159881680E-009
 Step time per cell       7.8401990322163323E-009
 Step      39 time   0.0068145 control    sound    timestep   1.82E-04       1,       1 x  1.63E-04 y  3.26E-04
 Wall clock    144.33268499374390     
 Average time per cell    7.8430982733041216E-009
 Step time per cell       7.6371427187243366E-009
 Step      40 time   0.0069965 control    sound    timestep   1.82E-04       1,       1 x  1.63E-04 y  3.26E-04
 Wall clock    149.34978103637695     
 Average time per cell    7.9128361297383277E-009
 Step time per cell       1.0632438716129400E-008
 Step      41 time   0.0071785 control    sound    timestep   1.82E-04       1,       1 x  1.63E-04 y  3.26E-04
 Wall clock    152.29637908935547     
 Average time per cell    7.8721487923679225E-009
 Step time per cell       6.2445956751212684E-009
 Step      42 time   0.0073605 control    sound    timestep   1.82E-04       1,       1 x  1.63E-04 y  3.26E-04
 Wall clock    155.80019593238831     
 Average time per cell    7.8615156270783188E-009
 Step time per cell       7.4252683488238193E-009
 Step      43 time   0.0075424 control    sound    timestep   1.82E-04       1,       1 x  1.63E-04 y  3.26E-04
 Wall clock    159.67793393135071     
 Average time per cell    7.8698059166482288E-009
 Step time per cell       8.2177206827004239E-009
 Step      44 time   0.0077244 control    sound    timestep   1.82E-04       1,       1 x  1.63E-04 y  3.26E-04
 Wall clock    163.39414811134338     
 Average time per cell    7.8699395204478262E-009
 Step time per cell       7.8754065826716315E-009
 Step      45 time   0.0079064 control    sound    timestep   1.82E-04       1,       1 x  1.63E-04 y  3.26E-04
 Wall clock    166.89175009727478     
 Average time per cell    7.8597716389067269E-009
 Step time per cell       7.4120968444428095E-009
 Step      46 time   0.0080884 control    sound    timestep   1.82E-04       1,       1 x  1.63E-04 y  3.26E-04
 Wall clock    170.39532613754272     
 Average time per cell    7.8503210711614057E-009
 Step time per cell       7.4247256836517609E-009
 Step      47 time   0.0082705 control    sound    timestep   1.82E-04       1,       1 x  1.63E-04 y  3.26E-04
 Wall clock    174.09298801422119     
 Average time per cell    7.8500241766233501E-009
 Step time per cell       7.8361002427603427E-009
 Step      48 time   0.0084525 control    sound    timestep   1.82E-04       1,       1 x  1.63E-04 y  3.26E-04
 Wall clock    177.89064502716064     
 Average time per cell    7.8541545968214957E-009
 Step time per cell       8.0479407592469615E-009
 Step      49 time   0.0086345 control    sound    timestep   1.82E-04       1,       1 x  1.63E-04 y  3.26E-04
 Wall clock    181.51075291633606     
 Average time per cell    7.8504373336902735E-009
 Step time per cell       7.6717055384910461E-009
 Step      50 time   0.0088165 control    sound    timestep   1.82E-04       1,       1 x  1.63E-04 y  3.26E-04
 Wall clock    185.75249791145325     
 Average time per cell    7.8732171762870465E-009
 Step time per cell       8.9891732891879248E-009
 Step      51 time   0.0089986 control    sound    timestep   1.82E-04       1,       1 x  1.63E-04 y  3.26E-04
 Wall clock    188.66539692878723     
 Average time per cell    7.8398842459945530E-009
 Step time per cell       6.1731442555254843E-009
 Step      52 time   0.0091806 control    sound    timestep   1.82E-04       1,       1 x  1.63E-04 y  3.26E-04
 Wall clock    192.23398399353027     
 Average time per cell    7.8345561228666663E-009
 Step time per cell       7.5625080676723473E-009
 Step      53 time   0.0093626 control    sound    timestep   1.82E-04       1,       1 x  1.63E-04 y  3.26E-04
 Wall clock    195.72890710830688     
 Average time per cell    7.8264835089080490E-009
 Step time per cell       7.4064317030004328E-009
 Step      54 time   0.0095447 control    sound    timestep   1.82E-04       1,       1 x  1.63E-04 y  3.26E-04
 Wall clock    199.23004698753357     
 Average time per cell    7.8189538628979888E-009
 Step time per cell       7.4195456060503302E-009
 Step      55 time   0.0097267 control    sound    timestep   1.82E-04       1,       1 x  1.63E-04 y  3.26E-04
 Wall clock    202.87501692771912     
 Average time per cell    7.8172401246241993E-009
 Step time per cell       7.7244183355813026E-009
 Step      56 time   0.0099087 control    sound    timestep   1.82E-04       1,       1 x  1.63E-04 y  3.26E-04
 Wall clock    206.66325807571411     
 Average time per cell    7.8210095782398848E-009
 Step time per cell       8.0280283833013128E-009
 Step      57 time   0.0100908 control    sound    timestep   1.82E-04       1,       1 x  1.63E-04 y  3.26E-04
 Wall clock    210.34174990653992     
 Average time per cell    7.8205662594079479E-009
 Step time per cell       7.7954609878361232E-009
 Step      58 time   0.0102728 control    sound    timestep   1.82E-04       1,       1 x  1.63E-04 y  3.26E-04
 Wall clock    214.08143997192383     
 Average time per cell    7.8223743647697349E-009
 Step time per cell       7.9251392687890788E-009
 Step      59 time   0.0104549 control    sound    timestep   1.82E-04       1,       1 x  1.63E-04 y  3.26E-04
 Wall clock    217.97050094604492     
 Average time per cell    7.8294865719942467E-009
 Step time per cell       8.2417126476583581E-009
 Step      60 time   0.0106370 control    sound    timestep   1.82E-04       1,       1 x  1.63E-04 y  3.26E-04
 Wall clock    222.52551412582397     
 Average time per cell    7.8598839839590555E-009
 Step time per cell       9.6531635386377781E-009
 Step      61 time   0.0108190 control    sound    timestep   1.82E-04       1,       1 x  1.63E-04 y  3.26E-04
 Wall clock    225.71179199218750     
 Average time per cell    7.8417318372669985E-009
 Step time per cell       6.7525439185879398E-009
 Step      62 time   0.0110011 control    sound    timestep   1.82E-04       1,       1 x  1.63E-04 y  3.26E-04
 Wall clock    229.22997498512268     
 Average time per cell    7.8355103832888416E-009
 Step time per cell       7.4556202081213192E-009
 Step      63 time   0.0111832 control    sound    timestep   1.82E-04       1,       1 x  1.63E-04 y  3.26E-04
 Wall clock    233.38255500793457     
 Average time per cell    7.8508271114051512E-009
 Step time per cell       8.8001757426860012E-009
 Step      64 time   0.0113653 control    sound    timestep   1.82E-04       1,       1 x  1.63E-04 y  3.26E-04
 Wall clock    237.02359199523926     
 Average time per cell    7.8487261134796427E-009
 Step time per cell       7.7160600792720090E-009
 Step      65 time   0.0115474 control    sound    timestep   1.82E-04       1,       1 x  1.63E-04 y  3.26E-04
 Wall clock    240.60466098785400     
 Average time per cell    7.8447345501452718E-009
 Step time per cell       7.5889713318449333E-009
 Step      66 time   0.0117295 control    sound    timestep   1.82E-04       1,       1 x  1.63E-04 y  3.26E-04
 Wall clock    244.15707206726074     
 Average time per cell    7.8399437306227752E-009
 Step time per cell       7.5282564972035790E-009
 Step      67 time   0.0119116 control    sound    timestep   1.82E-04       1,       1 x  1.63E-04 y  3.26E-04
 Wall clock    247.98975396156311     
 Average time per cell    7.8441611636831786E-009
 Step time per cell       8.1223849216864126E-009
 Step      68 time   0.0120937 control    sound    timestep   1.82E-04       1,       1 x  1.63E-04 y  3.26E-04
 Wall clock    251.78125500679016     
 Average time per cell    7.8469711193630174E-009
 Step time per cell       8.0349284164387630E-009
 Step      69 time   0.0122759 control    sound    timestep   1.82E-04       1,       1 x  1.63E-04 y  3.26E-04
 Wall clock    255.21056199073792     
 Average time per cell    7.8385751448042463E-009
 Step time per cell       7.2673689525496833E-009
 Step      70 time   0.0124580 control    sound    timestep   1.82E-04       1,       1 x  1.63E-04 y  3.26E-04
 Wall clock    259.94906997680664     
 Average time per cell    7.8700556066848103E-009
 Step time per cell       1.0042101368728456E-008
 Step      71 time   0.0126401 control    sound    timestep   1.82E-04       1,       1 x  1.63E-04 y  3.26E-04
 Wall clock    262.92386007308960     
 Average time per cell    7.8480041477964395E-009
 Step time per cell       6.3043489717529155E-009
 Step      72 time   0.0128222 control    sound    timestep   1.82E-04       1,       1 x  1.63E-04 y  3.26E-04
 Wall clock    266.65655708312988     
 Average time per cell    7.8488737589968547E-009
 Step time per cell       7.9103342108687182E-009
 Step      73 time   0.0130043 control    sound    timestep   1.82E-04       1,       1 x  1.63E-04 y  3.26E-04
 Wall clock    270.31165194511414     
 Average time per cell    7.8474666631781102E-009
 Step time per cell       7.7458525993279187E-009
 Step      74 time   0.0131865 control    sound    timestep   1.82E-04       1,       1 x  1.63E-04 y  3.26E-04
 Wall clock    274.11747193336487     
 Average time per cell    7.8504141940258606E-009
 Step time per cell       8.0652974550806305E-009
 Step      75 time   0.0133686 control    sound    timestep   1.82E-04       1,       1 x  1.63E-04 y  3.26E-04
 Wall clock    277.62196493148804     
 Average time per cell    7.8447685222339787E-009
 Step time per cell       7.4267028240784489E-009
 Step      76 time   0.0135508 control    sound    timestep   1.82E-04       1,       1 x  1.63E-04 y  3.26E-04
 Wall clock    281.12560892105103     
 Average time per cell    7.8392477459670796E-009
 Step time per cell       7.4248949507212576E-009
 Step      77 time   0.0137329 control    sound    timestep   1.82E-04       1,       1 x  1.63E-04 y  3.26E-04
 Wall clock    284.74377202987671     
 Average time per cell    7.8370222840268328E-009
 Step time per cell       7.6675117573662041E-009
 Step      78 time   0.0139151 control    sound    timestep   1.82E-04       1,       1 x  1.63E-04 y  3.26E-04
 Wall clock    288.26446413993835     
 Average time per cell    7.8322055778595344E-009
 Step time per cell       7.4610311963220338E-009
 Step      79 time   0.0140973 control    sound    timestep   1.82E-04       1,       1 x  1.63E-04 y  3.26E-04
 Wall clock    292.05466103553772     
 Average time per cell    7.8347406249317998E-009
 Step time per cell       8.0321504153996814E-009
 Step      80 time   0.0142795 control    sound    timestep   1.82E-04       1,       1 x  1.63E-04 y  3.26E-04
 Wall clock    296.52315497398376     
 Average time per cell    7.8551810310677355E-009
 Step time per cell       9.4696679298067467E-009
 Step      81 time   0.0144617 control    sound    timestep   1.82E-04       1,       1 x  1.63E-04 y  3.26E-04
 Wall clock    299.46205806732178     
 Average time per cell    7.8350966671320128E-009
 Step time per cell       6.2282904562178169E-009
 Step      82 time   0.0146438 control    sound    timestep   1.82E-04       1,       1 x  1.63E-04 y  3.26E-04
 Wall clock    303.02801203727722     
 Average time per cell    7.8317081905581368E-009
 Step time per cell       7.5569616658160354E-009
 Step      83 time   0.0148260 control    sound    timestep   1.82E-04       1,       1 x  1.63E-04 y  3.26E-04
 Wall clock    306.67828392982483     
 Average time per cell    7.8305542913900285E-009
 Step time per cell       7.7357652925355885E-009
 Step      84 time   0.0150082 control    sound    timestep   1.82E-04       1,       1 x  1.63E-04 y  3.26E-04
 Wall clock    310.35221791267395     
 Average time per cell    7.8300248482283827E-009
 Step time per cell       7.7857991224542874E-009
 Step      85 time   0.0151904 control    sound    timestep   1.82E-04       1,       1 x  1.63E-04 y  3.26E-04
 Wall clock    313.88046598434448     
 Average time per cell    7.8258755249907179E-009
 Step time per cell       7.4770544718679353E-009
 Step      86 time   0.0153726 control    sound    timestep   1.82E-04       1,       1 x  1.63E-04 y  3.26E-04
 Wall clock    317.39970302581787     
 Average time per cell    7.8216006411031942E-009
 Step time per cell       7.4579323457631598E-009
 Step      87 time   0.0155548 control    sound    timestep   1.82E-04       1,       1 x  1.63E-04 y  3.26E-04
 Wall clock    321.82543301582336     
 First step overhead  0.28669095039367676     
real 346.58
user 7962.96
sys 260.63
