Mon Dec 31 22:50:52 2007: Starting Initialization


Mini-Application Name    : CoMD-mpi
Mini-Application Version : 1.1
Platform:
  hostname: localhost.localdomain
  kernel name: 'Linux'
  kernel release: '3.10.0-229.el7.x86_64'
  processor: 'x86_64'
Build:
  CC: '/usr/lib64/mpich/bin/mpicc'
  compiler version: 'cc (GCC) 4.8.5 20150623 (Red Hat 4.8.5-4)'
  CFLAGS: '-std=c99 -DDOUBLE -DDO_MPI -g -O5   '
  LDFLAGS: ' -lm '
  using MPI: true
  Threading: none
  Double Precision: true
Run Date/Time: 2007-12-31, 22:50:52

Command Line Parameters:
  doeam: 0
  potDir: pots
  potName: Cu_u6.eam
  potType: funcfl
  nx: 288
  ny: 288
  nz: 288
  xproc: 4
  yproc: 8
  zproc: 6
  Lattice constant: -1 Angstroms
  nSteps: 100
  printRate: 10
  Time step: 1 fs
  Initial Temperature: 600 K
  Initial Delta: 0 Angstroms

Simulation data: 
  Total atoms        : 95551488
  Min global bounds  : [   0.0000000000,   0.0000000000,   0.0000000000 ]
  Max global bounds  : [ 1041.1200000000, 1041.1200000000, 1041.1200000000 ]

Decomposition data: 
  Processors         :      4,     8,     6
  Local boxes        :     44,    22,    29 =    28072
  Box size           : [   5.9154545455,   5.9154545455,   5.9834482759 ]
  Box factor         : [   1.0221087768,   1.0221087768,   1.0338571535 ] 
  Max Link Cell Occupancy: 32 of 64

Potential data: 
  Potential type   : Lennard-Jones
  Species name     : Cu
  Atomic number    : 29
  Mass             : 63.55 amu
  Lattice Type     : FCC
  Lattice spacing  : 3.615 Angstroms
  Cutoff           : 5.7875 Angstroms
  Epsilon          : 0.167 eV
  Sigma            : 2.315 Angstroms

Memory data: 
  Intrinsic atom footprint =   88 B/atom 
  Total atom footprint     = -173.000 MB ( 41.77 MB/node)
  Link cell atom footprint = 150.777 MB/node
  Link cell atom footprint = 183.820 MB/node (including halo cell data


Initial energy : -1.166063303635, atom count : 95551488 

Mon Dec 31 22:50:58 2007: Initialization Finished

Mon Dec 31 22:50:58 2007: Starting simulation

#                                                                                         Performance
#  Loop   Time(fs)       Total Energy   Potential Energy     Kinetic Energy  Temperature   (us/atom)     # Atoms
      0       0.00    -1.166063303635    -1.243619295235     0.077555991600     600.0000     0.0000     95551488
     10      10.00    -1.166059650944    -1.233155048472     0.067095397528     519.0732     3.6844     95551488
     20      20.00    -1.166048430775    -1.208174729585     0.042126298809     325.9036     3.6737     95551488
     30      30.00    -1.166037581189    -1.186579920198     0.020542339009     158.9226     3.7356     95551488
     40      40.00    -1.166042096032    -1.183631183934     0.017589087902     136.0753     3.6687     95551488
     50      50.00    -1.166051689718    -1.193724708926     0.027673019208     214.0881     3.6730     95551488
     60      60.00    -1.166054644990    -1.202665414756     0.036610769766     283.2336     3.7191     95551488
     70      70.00    -1.166052134677    -1.204904461803     0.038852327126     300.5751     3.5916     95551488
     80      80.00    -1.166048795413    -1.203624981534     0.037576186121     290.7024     3.5318     95551488
     90      90.00    -1.166048005239    -1.203815131967     0.037767126727     292.1796     3.5754     95551488
    100     100.00    -1.166049792301    -1.206861213530     0.040811421230     315.7313     3.6813     95551488
Mon Dec 31 22:54:00 2007: Ending simulation



Simulation Validation:
  Initial energy  : -1.166063303635
  Final energy    : -1.166049792301
  eFinal/eInitial : 0.999988
  Final atom count : 95551488, no atoms lost


Timings for Rank 0
        Timer        # Calls    Avg/Call (s)   Total (s)    % Loop
___________________________________________________________________
total                      1     188.6960      188.6960      103.70
loop                       1     181.9638      181.9638      100.00
timestep                  10      18.1820      181.8197       99.92
  position               100       0.0113        1.1319        0.62
  velocity               200       0.0118        2.3691        1.30
  redistribute           101       0.4622       46.6780       25.65
    atomHalo             101       0.4196       42.3746       23.29
  force                  101       1.2906      130.3474       71.63
commHalo                 303       0.1330       40.2986       22.15
commReduce                39       0.1399        5.4578        3.00

Timing Statistics Across 192 Ranks:
        Timer        Rank: Min(s)       Rank: Max(s)      Avg(s)    Stdev(s)
_____________________________________________________________________________
total                9:  187.4540     116:  190.3651    189.1285      0.8054
loop                28:  180.9240      86:  182.0381    181.8861      0.2472
timestep            28:  180.7790      94:  181.9680    181.7428      0.2476
  position          87:    1.1220      17:    3.6185      2.2938      1.0560
  velocity          71:    1.7650     138:    7.2290      4.1425      2.0563
  redistribute     169:   35.4950      10:   49.1660     42.6614      4.9053
    atomHalo       169:   25.2060      10:   44.9420     35.5771      7.6547
  force            124:  128.4350      75:  136.3290    132.5422      2.4742
commHalo           169:   21.4900      78:   43.0830     33.2073      8.2346
commReduce         108:    2.5645      51:    6.4363      4.7415      0.9186

---------------------------------------------------
 Average atom update rate:       3.65 us/atom/task
---------------------------------------------------


---------------------------------------------------
 Average all atom update rate:   0.02 us/atom
---------------------------------------------------


---------------------------------------------------
 Average atom rate:             52.58 atoms/us
---------------------------------------------------

Mon Dec 31 22:54:01 2007: CoMD Ending

real 196.74
user 4461.22
sys 144.05
