Mon Dec 31 23:00:36 2007: Starting Initialization


Mini-Application Name    : CoMD-mpi
Mini-Application Version : 1.1
Platform:
  hostname: localhost.localdomain
  kernel name: 'Linux'
  kernel release: '3.10.0-229.el7.x86_64'
  processor: 'x86_64'
Build:
  CC: '/usr/lib64/mpich/bin/mpicc'
  compiler version: 'cc (GCC) 4.8.5 20150623 (Red Hat 4.8.5-4)'
  CFLAGS: '-std=c99 -DDOUBLE -DDO_MPI -g -O5   '
  LDFLAGS: ' -lm '
  using MPI: true
  Threading: none
  Double Precision: true
Run Date/Time: 2007-12-31, 23:00:36

Command Line Parameters:
  doeam: 0
  potDir: pots
  potName: Cu_u6.eam
  potType: funcfl
  nx: 288
  ny: 288
  nz: 288
  xproc: 4
  yproc: 8
  zproc: 6
  Lattice constant: -1 Angstroms
  nSteps: 100
  printRate: 10
  Time step: 1 fs
  Initial Temperature: 600 K
  Initial Delta: 0 Angstroms

Simulation data: 
  Total atoms        : 95551488
  Min global bounds  : [   0.0000000000,   0.0000000000,   0.0000000000 ]
  Max global bounds  : [ 1041.1200000000, 1041.1200000000, 1041.1200000000 ]

Decomposition data: 
  Processors         :      4,     8,     6
  Local boxes        :     44,    22,    29 =    28072
  Box size           : [   5.9154545455,   5.9154545455,   5.9834482759 ]
  Box factor         : [   1.0221087768,   1.0221087768,   1.0338571535 ] 
  Max Link Cell Occupancy: 32 of 64

Potential data: 
  Potential type   : Lennard-Jones
  Species name     : Cu
  Atomic number    : 29
  Mass             : 63.55 amu
  Lattice Type     : FCC
  Lattice spacing  : 3.615 Angstroms
  Cutoff           : 5.7875 Angstroms
  Epsilon          : 0.167 eV
  Sigma            : 2.315 Angstroms

Memory data: 
  Intrinsic atom footprint =   88 B/atom 
  Total atom footprint     = -173.000 MB ( 41.77 MB/node)
  Link cell atom footprint = 150.777 MB/node
  Link cell atom footprint = 183.820 MB/node (including halo cell data


Initial energy : -1.166063303635, atom count : 95551488 

Mon Dec 31 23:00:40 2007: Initialization Finished

Mon Dec 31 23:00:41 2007: Starting simulation

#                                                                                         Performance
#  Loop   Time(fs)       Total Energy   Potential Energy     Kinetic Energy  Temperature   (us/atom)     # Atoms
      0       0.00    -1.166063303635    -1.243619295235     0.077555991600     600.0000     0.0000     95551488
     10      10.00    -1.166059650944    -1.233155048472     0.067095397528     519.0732     3.6792     95551488
     20      20.00    -1.166048430775    -1.208174729585     0.042126298809     325.9036     3.5715     95551488
     30      30.00    -1.166037581189    -1.186579920198     0.020542339009     158.9226     3.6842     95551488
     40      40.00    -1.166042096032    -1.183631183934     0.017589087902     136.0753     3.7483     95551488
     50      50.00    -1.166051689718    -1.193724708926     0.027673019208     214.0881     3.6105     95551488
     60      60.00    -1.166054644990    -1.202665414756     0.036610769766     283.2336     3.6237     95551488
     70      70.00    -1.166052134677    -1.204904461803     0.038852327126     300.5751     3.7051     95551488
     80      80.00    -1.166048795413    -1.203624981534     0.037576186121     290.7024     3.7176     95551488
     90      90.00    -1.166048005239    -1.203815131967     0.037767126727     292.1796     3.5974     95551488
    100     100.00    -1.166049792301    -1.206861213530     0.040811421230     315.7313     3.5066     95551488
Mon Dec 31 23:03:42 2007: Ending simulation



Simulation Validation:
  Initial energy  : -1.166063303635
  Final energy    : -1.166049792301
  eFinal/eInitial : 0.999988
  Final atom count : 95551488, no atoms lost


Timings for Rank 0
        Timer        # Calls    Avg/Call (s)   Total (s)    % Loop
___________________________________________________________________
total                      1     187.2390      187.2390      103.19
loop                       1     181.4430      181.4430      100.00
timestep                  10      18.1369      181.3690       99.96
  position               100       0.0325        3.2490        1.79
  velocity               200       0.0258        5.1640        2.85
  redistribute           101       0.3767       38.0460       20.97
    atomHalo             101       0.2812       28.4000       15.65
  force                  101       1.3346      134.7960       74.29
commHalo                 303       0.0854       25.8900       14.27
commReduce                39       0.0851        3.3170        1.83

Timing Statistics Across 192 Ranks:
        Timer        Rank: Min(s)       Rank: Max(s)      Avg(s)    Stdev(s)
_____________________________________________________________________________
total              186:  186.7554      33:  188.8027    187.6982      0.4158
loop                85:  180.9902       6:  181.6851    181.4349      0.0678
timestep            85:  180.9877       6:  181.6114    181.3711      0.0629
  position          43:    1.1175       5:    3.7171      2.2634      1.0295
  velocity          79:    1.7830      57:    7.0321      4.0702      2.0222
  redistribute       1:   34.4813     187:   49.0200     42.6246      4.8280
    atomHalo         1:   23.7676      67:   44.7040     35.5674      7.5546
  force            129:  128.9292       1:  138.0082    132.5008      2.4314
commHalo             1:   20.5876     187:   43.0760     33.1616      8.1367
commReduce           1:    1.2389     104:    5.2260      3.1590      0.8578

---------------------------------------------------
 Average atom update rate:       3.64 us/atom/task
---------------------------------------------------


---------------------------------------------------
 Average all atom update rate:   0.02 us/atom
---------------------------------------------------


---------------------------------------------------
 Average atom rate:             52.68 atoms/us
---------------------------------------------------

Mon Dec 31 23:03:42 2007: CoMD Ending

real 192.55
user 4398.75
sys 142.94
