Mon Dec 31 22:54:09 2007: Starting Initialization


Mini-Application Name    : CoMD-mpi
Mini-Application Version : 1.1
Platform:
  hostname: localhost.localdomain
  kernel name: 'Linux'
  kernel release: '3.10.0-229.el7.x86_64'
  processor: 'x86_64'
Build:
  CC: '/usr/lib64/mpich/bin/mpicc'
  compiler version: 'cc (GCC) 4.8.5 20150623 (Red Hat 4.8.5-4)'
  CFLAGS: '-std=c99 -DDOUBLE -DDO_MPI -g -O5   '
  LDFLAGS: ' -lm '
  using MPI: true
  Threading: none
  Double Precision: true
Run Date/Time: 2007-12-31, 22:54:09

Command Line Parameters:
  doeam: 0
  potDir: pots
  potName: Cu_u6.eam
  potType: funcfl
  nx: 288
  ny: 288
  nz: 288
  xproc: 4
  yproc: 8
  zproc: 6
  Lattice constant: -1 Angstroms
  nSteps: 100
  printRate: 10
  Time step: 1 fs
  Initial Temperature: 600 K
  Initial Delta: 0 Angstroms

Simulation data: 
  Total atoms        : 95551488
  Min global bounds  : [   0.0000000000,   0.0000000000,   0.0000000000 ]
  Max global bounds  : [ 1041.1200000000, 1041.1200000000, 1041.1200000000 ]

Decomposition data: 
  Processors         :      4,     8,     6
  Local boxes        :     44,    22,    29 =    28072
  Box size           : [   5.9154545455,   5.9154545455,   5.9834482759 ]
  Box factor         : [   1.0221087768,   1.0221087768,   1.0338571535 ] 
  Max Link Cell Occupancy: 32 of 64

Potential data: 
  Potential type   : Lennard-Jones
  Species name     : Cu
  Atomic number    : 29
  Mass             : 63.55 amu
  Lattice Type     : FCC
  Lattice spacing  : 3.615 Angstroms
  Cutoff           : 5.7875 Angstroms
  Epsilon          : 0.167 eV
  Sigma            : 2.315 Angstroms

Memory data: 
  Intrinsic atom footprint =   88 B/atom 
  Total atom footprint     = -173.000 MB ( 41.77 MB/node)
  Link cell atom footprint = 150.777 MB/node
  Link cell atom footprint = 183.820 MB/node (including halo cell data


Initial energy : -1.166063303635, atom count : 95551488 

Mon Dec 31 22:54:15 2007: Initialization Finished

Mon Dec 31 22:54:15 2007: Starting simulation

#                                                                                         Performance
#  Loop   Time(fs)       Total Energy   Potential Energy     Kinetic Energy  Temperature   (us/atom)     # Atoms
      0       0.00    -1.166063303635    -1.243619295235     0.077555991600     600.0000     0.0000     95551488
     10      10.00    -1.166059650944    -1.233155048472     0.067095397528     519.0732     3.6908     95551488
     20      20.00    -1.166048430775    -1.208174729585     0.042126298809     325.9036     3.7109     95551488
     30      30.00    -1.166037581189    -1.186579920198     0.020542339009     158.9226     3.6967     95551488
     40      40.00    -1.166042096032    -1.183631183934     0.017589087902     136.0753     3.5506     95551488
     50      50.00    -1.166051689718    -1.193724708926     0.027673019208     214.0881     3.6163     95551488
     60      60.00    -1.166054644990    -1.202665414756     0.036610769766     283.2336     3.5797     95551488
     70      70.00    -1.166052134677    -1.204904461803     0.038852327126     300.5751     3.5052     95551488
     80      80.00    -1.166048795413    -1.203624981534     0.037576186121     290.7024     3.5430     95551488
     90      90.00    -1.166048005239    -1.203815131967     0.037767126727     292.1796     3.5709     95551488
    100     100.00    -1.166049792301    -1.206861213530     0.040811421230     315.7313     3.5512     95551488
Mon Dec 31 22:57:14 2007: Ending simulation



Simulation Validation:
  Initial energy  : -1.166063303635
  Final energy    : -1.166049792301
  eFinal/eInitial : 0.999988
  Final atom count : 95551488, no atoms lost


Timings for Rank 0
        Timer        # Calls    Avg/Call (s)   Total (s)    % Loop
___________________________________________________________________
total                      1     187.6790      187.6790      104.71
loop                       1     179.2410      179.2410      100.00
timestep                  10      17.9235      179.2350      100.00
  position               100       0.0126        1.2620        0.70
  velocity               200       0.0104        2.0870        1.16
  redistribute           101       0.4554       45.9940       25.66
    atomHalo             101       0.4139       41.8080       23.33
  force                  101       1.2893      130.2210       72.65
commHalo                 303       0.1298       39.3410       21.95
commReduce                39       0.1214        4.7350        2.64

Timing Statistics Across 192 Ranks:
        Timer        Rank: Min(s)       Rank: Max(s)      Avg(s)    Stdev(s)
_____________________________________________________________________________
total               87:  184.2300      46:  188.4125    186.8827      1.0020
loop                54:  177.8880     127:  179.2580    178.8287      0.4708
timestep            54:  177.8860     127:  179.2556    178.8261      0.4702
  position          85:    1.0267     127:    3.6406      2.2244      1.0260
  velocity           9:    1.7181     153:    6.8275      3.9861      1.9746
  redistribute     153:   32.8525      50:   47.3739     40.7913      4.7762
    atomHalo       153:   22.7625      14:   43.1782     33.8106      7.5227
  force              7:  127.9336     153:  136.9933    132.2171      2.4815
commHalo           153:   19.3637      14:   41.4924     31.4022      8.0797
commReduce         114:    1.1970     182:    6.0034      4.1123      0.9453

---------------------------------------------------
 Average atom update rate:       3.59 us/atom/task
---------------------------------------------------


---------------------------------------------------
 Average all atom update rate:   0.02 us/atom
---------------------------------------------------


---------------------------------------------------
 Average atom rate:             53.43 atoms/us
---------------------------------------------------

Mon Dec 31 22:57:14 2007: CoMD Ending

real 192.67
user 4402.09
sys 129.53
