Mon Dec 31 22:57:21 2007: Starting Initialization


Mini-Application Name    : CoMD-mpi
Mini-Application Version : 1.1
Platform:
  hostname: localhost.localdomain
  kernel name: 'Linux'
  kernel release: '3.10.0-229.el7.x86_64'
  processor: 'x86_64'
Build:
  CC: '/usr/lib64/mpich/bin/mpicc'
  compiler version: 'cc (GCC) 4.8.5 20150623 (Red Hat 4.8.5-4)'
  CFLAGS: '-std=c99 -DDOUBLE -DDO_MPI -g -O5   '
  LDFLAGS: ' -lm '
  using MPI: true
  Threading: none
  Double Precision: true
Run Date/Time: 2007-12-31, 22:57:21

Command Line Parameters:
  doeam: 0
  potDir: pots
  potName: Cu_u6.eam
  potType: funcfl
  nx: 288
  ny: 288
  nz: 288
  xproc: 4
  yproc: 8
  zproc: 6
  Lattice constant: -1 Angstroms
  nSteps: 100
  printRate: 10
  Time step: 1 fs
  Initial Temperature: 600 K
  Initial Delta: 0 Angstroms

Simulation data: 
  Total atoms        : 95551488
  Min global bounds  : [   0.0000000000,   0.0000000000,   0.0000000000 ]
  Max global bounds  : [ 1041.1200000000, 1041.1200000000, 1041.1200000000 ]

Decomposition data: 
  Processors         :      4,     8,     6
  Local boxes        :     44,    22,    29 =    28072
  Box size           : [   5.9154545455,   5.9154545455,   5.9834482759 ]
  Box factor         : [   1.0221087768,   1.0221087768,   1.0338571535 ] 
  Max Link Cell Occupancy: 32 of 64

Potential data: 
  Potential type   : Lennard-Jones
  Species name     : Cu
  Atomic number    : 29
  Mass             : 63.55 amu
  Lattice Type     : FCC
  Lattice spacing  : 3.615 Angstroms
  Cutoff           : 5.7875 Angstroms
  Epsilon          : 0.167 eV
  Sigma            : 2.315 Angstroms

Memory data: 
  Intrinsic atom footprint =   88 B/atom 
  Total atom footprint     = -173.000 MB ( 41.77 MB/node)
  Link cell atom footprint = 150.777 MB/node
  Link cell atom footprint = 183.820 MB/node (including halo cell data


Initial energy : -1.166063303635, atom count : 95551488 

Mon Dec 31 22:57:26 2007: Initialization Finished

Mon Dec 31 22:57:26 2007: Starting simulation

#                                                                                         Performance
#  Loop   Time(fs)       Total Energy   Potential Energy     Kinetic Energy  Temperature   (us/atom)     # Atoms
      0       0.00    -1.166063303635    -1.243619295235     0.077555991600     600.0000     0.0000     95551488
     10      10.00    -1.166059650944    -1.233155048472     0.067095397528     519.0732     3.5347     95551488
     20      20.00    -1.166048430775    -1.208174729585     0.042126298809     325.9036     3.6352     95551488
     30      30.00    -1.166037581189    -1.186579920198     0.020542339009     158.9226     3.6046     95551488
     40      40.00    -1.166042096032    -1.183631183934     0.017589087902     136.0753     3.6042     95551488
     50      50.00    -1.166051689718    -1.193724708926     0.027673019208     214.0881     3.7423     95551488
     60      60.00    -1.166054644990    -1.202665414756     0.036610769766     283.2336     3.6971     95551488
     70      70.00    -1.166052134677    -1.204904461803     0.038852327126     300.5751     3.6798     95551488
     80      80.00    -1.166048795413    -1.203624981534     0.037576186121     290.7024     3.5056     95551488
     90      90.00    -1.166048005239    -1.203815131967     0.037767126727     292.1796     3.6290     95551488
    100     100.00    -1.166049792301    -1.206861213530     0.040811421230     315.7313     3.6458     95551488
Mon Dec 31 23:00:27 2007: Ending simulation



Simulation Validation:
  Initial energy  : -1.166063303635
  Final energy    : -1.166049792301
  eFinal/eInitial : 0.999988
  Final atom count : 95551488, no atoms lost


Timings for Rank 0
        Timer        # Calls    Avg/Call (s)   Total (s)    % Loop
___________________________________________________________________
total                      1     187.2330      187.2330      103.55
loop                       1     180.8130      180.8130      100.00
timestep                  10      18.0544      180.5440       99.85
  position               100       0.0317        3.1690        1.75
  velocity               200       0.0286        5.7220        3.16
  redistribute           101       0.3649       36.8545       20.38
    atomHalo             101       0.2734       27.6110       15.27
  force                  101       1.3402      135.3610       74.86
commHalo                 303       0.0797       24.1620       13.36
commReduce                39       0.1028        4.0092        2.22

Timing Statistics Across 192 Ranks:
        Timer        Rank: Min(s)       Rank: Max(s)      Avg(s)    Stdev(s)
_____________________________________________________________________________
total               30:  186.3470      37:  189.0473    187.6957      0.5572
loop               102:  179.6746      49:  181.9280    180.7625      0.1826
timestep            89:  179.7629      49:  181.8523    180.5388      0.1331
  position         167:    1.0290      14:    3.5619      2.2295      1.0288
  velocity         113:    1.4688       3:    6.9740      3.9869      1.9622
  redistribute      42:   34.6049       1:   47.8678     41.6842      4.8375
    atomHalo       145:   24.7484       1:   43.7973     34.8551      7.4290
  force            124:  128.5450     145:  136.7160    132.3031      2.4519
commHalo           145:   21.5038      25:   41.9039     32.4371      7.9696
commReduce          87:    1.3750      54:    7.0671      4.5953      1.1318

---------------------------------------------------
 Average atom update rate:       3.63 us/atom/task
---------------------------------------------------


---------------------------------------------------
 Average all atom update rate:   0.02 us/atom
---------------------------------------------------


---------------------------------------------------
 Average atom rate:             52.93 atoms/us
---------------------------------------------------

Mon Dec 31 23:00:28 2007: CoMD Ending

real 194.61
user 4434.90
sys 140.75
