      creating/filling mesh...0.322s, total time: 0.322
generating matrix structure...2.11607s, total time: 2.43807
         assembling FE data...3.4084s, total time: 5.84647
      imposing Dirichlet BC...0.565025s, total time: 6.41149
      imposing Dirichlet BC...0.0468128s, total time: 6.45831
making matrix indices local...2.3463s, total time: 8.80461
Starting CG solver ... 
Initial Residual = 656.836
Iteration = 20   Residual = 0.0884182
Iteration = 40   Residual = 0.046202
Iteration = 60   Residual = 0.0765588
Iteration = 80   Residual = 0.0232523
Iteration = 100   Residual = 0.0172792
Iteration = 120   Residual = 0.0140157
Iteration = 140   Residual = 0.0118412
Iteration = 160   Residual = 0.0120409
Iteration = 180   Residual = 0.00881928
Iteration = 200   Residual = 0.00776062
Final Resid Norm: 0.00776062
real 98.35
user 2036.02
sys 204.04
