
Clover Version    1.000
       MPI Version
   Task Count     96

 Output file clover.out opened. All output will go there.

Clover Version    1.000
       MPI Version
   Task Count     96

 Step       1 time   0.0000000 control    sound    timestep   3.85E-04       1,       1 x  3.26E-04 y  3.26E-04
 Wall clock    1.5373220443725586     
 Average time per cell    6.5160202211700376E-009
 Step time per cell       6.5160161789713636E-009
 Step       2 time   0.0003852 control    sound    timestep   2.35E-04       1,       1 x  3.26E-04 y  3.26E-04
 Wall clock    3.0587120056152344     
 Average time per cell    6.4822557356415526E-009
 Step time per cell       6.4474999008881342E-009
 Step       3 time   0.0006203 control    sound    timestep   2.99E-04       1,       1 x  3.26E-04 y  3.26E-04
 Wall clock    4.4650380611419678     
 Average time per cell    6.3084327713888210E-009
 Step time per cell       5.9602613570556669E-009
 Step       4 time   0.0009190 control    sound    timestep   3.15E-04       1,       1 x  3.26E-04 y  3.26E-04
 Wall clock    5.8352909088134766     
 Average time per cell    6.1832967427714416E-009
 Step time per cell       5.8074733210054954E-009
 Step       5 time   0.0012337 control    sound    timestep   3.46E-04       1,       1 x  3.26E-04 y  3.26E-04
 Wall clock    7.2194330692291260     
 Average time per cell    6.1199892419002328E-009
 Step time per cell       5.8663479447002624E-009
 Step       6 time   0.0015801 control    sound    timestep   3.46E-04       1,       1 x  3.26E-04 y  3.26E-04
 Wall clock    8.5809800624847412     
 Average time per cell    6.0618224408783671E-009
 Step time per cell       5.7705225723717987E-009
 Step       7 time   0.0019257 control    sound    timestep   3.52E-04       1,       1 x  3.26E-04 y  3.26E-04
 Wall clock    9.9815440177917480     
 Average time per cell    6.0438997891088501E-009
 Step time per cell       5.9357999917766494E-009
 Step       8 time   0.0022778 control    sound    timestep   3.70E-04       1,       1 x  3.26E-04 y  3.26E-04
 Wall clock    11.355182886123657     
 Average time per cell    6.0161923758844046E-009
 Step time per cell       5.8219059913729626E-009
 Step       9 time   0.0026482 control    sound    timestep   3.66E-04       1,       1 x  3.26E-04 y  3.26E-04
 Wall clock    12.725558042526245     
 Average time per cell    5.9931051195527281E-009
 Step time per cell       5.8078169078928318E-009
 Step      10 time   0.0030146 control    sound    timestep   3.64E-04       1,       1 x  3.26E-04 y  3.26E-04
 Wall clock    14.163450002670288     
 Average time per cell    6.0032526663336386E-009
 Step time per cell       6.0941319033089612E-009
 Step      11 time   0.0033784 control    sound    timestep   3.61E-04       1,       1 x  3.26E-04 y  3.26E-04
 Wall clock    15.519177913665771     
 Average time per cell    5.9798955103039103E-009
 Step time per cell       5.7461127451258814E-009
 Step      12 time   0.0037396 control    sound    timestep   3.60E-04       1,       1 x  3.26E-04 y  3.26E-04
 Wall clock    16.893847942352295     
 Average time per cell    5.9671218103310960E-009
 Step time per cell       5.8260937091997932E-009
 Step      13 time   0.0040994 control    sound    timestep   3.61E-04       1,       1 x  3.26E-04 y  3.26E-04
 Wall clock    18.276005983352661     
 Average time per cell    5.9587547052343197E-009
 Step time per cell       5.8578360848413364E-009
 Step      14 time   0.0044601 control    sound    timestep   3.62E-04       1,       1 x  3.26E-04 y  3.26E-04
 Wall clock    19.669358015060425     
 Average time per cell    5.9549719235436649E-009
 Step time per cell       5.9053167610222270E-009
 Step      15 time   0.0048222 control    sound    timestep   3.63E-04       1,       1 x  3.26E-04 y  3.26E-04
 Wall clock    21.028079986572266     
 Average time per cell    5.9419080908237786E-009
 Step time per cell       5.7585990968315550E-009
 Step      16 time   0.0051849 control    sound    timestep   3.63E-04       1,       1 x  3.26E-04 y  3.26E-04
 Wall clock    22.425051927566528     
 Average time per cell    5.9406100187212966E-009
 Step time per cell       5.9206892425815265E-009
 Step      17 time   0.0055477 control    sound    timestep   3.63E-04       1,       1 x  3.26E-04 y  3.26E-04
 Wall clock    23.803404092788696     
 Average time per cell    5.9348222552501942E-009
 Step time per cell       5.8416369736530919E-009
 Step      18 time   0.0059107 control    sound    timestep   3.63E-04       1,       1 x  3.26E-04 y  3.26E-04
 Wall clock    25.177864074707031     
 Average time per cell    5.9287610642014094E-009
 Step time per cell       5.8252842589152150E-009
 Step      19 time   0.0062737 control    sound    timestep   3.63E-04       1,       1 x  3.26E-04 y  3.26E-04
 Wall clock    26.549242973327637     
 Average time per cell    5.9226505599278761E-009
 Step time per cell       5.8122168411500755E-009
 Step      20 time   0.0066369 control    sound    timestep   3.63E-04       1,       1 x  3.26E-04 y  3.26E-04
 Wall clock    27.971558094024658     
 Average time per cell    5.9279458986970387E-009
 Step time per cell       6.0281460415959977E-009
 Step      21 time   0.0070000 control    sound    timestep   3.63E-04       1,       1 x  3.26E-04 y  3.26E-04
 Wall clock    29.338968038558960     
 Average time per cell    5.9216550874576788E-009
 Step time per cell       5.7955811725049796E-009
 Step      22 time   0.0073634 control    sound    timestep   3.63E-04       1,       1 x  3.26E-04 y  3.26E-04
 Wall clock    30.725627899169922     
 Average time per cell    5.9196448854330661E-009
 Step time per cell       5.8770375390951008E-009
 Step      23 time   0.0077269 control    sound    timestep   3.64E-04       1,       1 x  3.26E-04 y  3.26E-04
 Wall clock    32.091330051422119     
 Average time per cell    5.9139472945618043E-009
 Step time per cell       5.7881506007914947E-009
 Step      24 time   0.0080904 control    sound    timestep   3.64E-04       1,       1 x  3.26E-04 y  3.26E-04
 Wall clock    33.471941947937012     
 Average time per cell    5.9113576585163917E-009
 Step time per cell       5.8511896996707141E-009
 Step      25 time   0.0084540 control    sound    timestep   3.64E-04       1,       1 x  3.26E-04 y  3.26E-04
 Wall clock    34.839683055877686     
 Average time per cell    5.9067930528221448E-009
 Step time per cell       5.7968312224450832E-009
 Step      26 time   0.0088177 control    sound    timestep   3.64E-04       1,       1 x  3.26E-04 y  3.26E-04
 Wall clock    36.187596082687378     
 Average time per cell    5.8993471720585257E-009
 Step time per cell       5.7127292368224720E-009
 Step      27 time   0.0091816 control    sound    timestep   3.64E-04       1,       1 x  3.26E-04 y  3.26E-04
 Wall clock    37.579603910446167     
 Average time per cell    5.8993749909650023E-009
 Step time per cell       5.8994970054805489E-009
 Step      28 time   0.0095455 control    sound    timestep   3.64E-04       1,       1 x  3.26E-04 y  3.26E-04
 Wall clock    38.932157993316650     
 Average time per cell    5.8934284381740282E-009
 Step time per cell       5.7324389975595597E-009
 Step      29 time   0.0099094 control    sound    timestep   3.64E-04       1,       1 x  3.26E-04 y  3.26E-04
 Wall clock    40.328038930892944     
 Average time per cell    5.8942245148542474E-009
 Step time per cell       5.9159891760726979E-009
 Step      30 time   0.0102734 control    sound    timestep   3.64E-04       1,       1 x  3.26E-04 y  3.26E-04
 Wall clock    41.757155895233154     
 Average time per cell    5.8996632745860280E-009
 Step time per cell       6.0568315044899158E-009
 Step      31 time   0.0106374 control    sound    timestep   3.64E-04       1,       1 x  3.26E-04 y  3.26E-04
 Wall clock    43.123306989669800     
 Average time per cell    5.8961419805806754E-009
 Step time per cell       5.7902949871883419E-009
 Step      32 time   0.0110014 control    sound    timestep   3.64E-04       1,       1 x  3.26E-04 y  3.26E-04
 Wall clock    44.500837087631226     
 Average time per cell    5.8943479707017505E-009
 Step time per cell       5.8382718432565322E-009
 Step      33 time   0.0113654 control    sound    timestep   3.64E-04       1,       1 x  3.26E-04 y  3.26E-04
 Wall clock    45.872854948043823     
 Average time per cell    5.8919546914718865E-009
 Step time per cell       5.8150100004341864E-009
 Step      34 time   0.0117295 control    sound    timestep   3.64E-04       1,       1 x  3.26E-04 y  3.26E-04
 Wall clock    47.245497941970825     
 Average time per cell    5.8897801245858720E-009
 Step time per cell       5.8175575961488199E-009
 Step      35 time   0.0120936 control    sound    timestep   3.64E-04       1,       1 x  3.26E-04 y  3.26E-04
 Wall clock    48.613761901855469     
 Average time per cell    5.8871995110715196E-009
 Step time per cell       5.7990554422657519E-009
 Step      36 time   0.0124578 control    sound    timestep   3.64E-04       1,       1 x  3.26E-04 y  3.26E-04
 Wall clock    49.993688106536865     
 Average time per cell    5.8861353493368905E-009
 Step time per cell       5.8484359518236790E-009
 Step      37 time   0.0128221 control    sound    timestep   3.64E-04       1,       1 x  3.26E-04 y  3.26E-04
 Wall clock    51.376207113265991     
 Average time per cell    5.8854257295243081E-009
 Step time per cell       5.8594469010131431E-009
 Step      38 time   0.0131864 control    sound    timestep   3.64E-04       1,       1 x  3.26E-04 y  3.26E-04
 Wall clock    52.752789974212646     
 Average time per cell    5.8840913353426574E-009
 Step time per cell       5.8342276234826485E-009
 Step      39 time   0.0135508 control    sound    timestep   3.64E-04       1,       1 x  3.26E-04 y  3.26E-04
 Wall clock    54.095597028732300     
 Average time per cell    5.8791545888278345E-009
 Step time per cell       5.6911934128341579E-009
 Step      40 time   0.0139152 control    sound    timestep   3.64E-04       1,       1 x  3.26E-04 y  3.26E-04
 Wall clock    55.561264038085938     
 Average time per cell    5.8874833889098632E-009
 Step time per cell       6.2117518003409108E-009
 Step      41 time   0.0142797 control    sound    timestep   3.64E-04       1,       1 x  3.26E-04 y  3.26E-04
 Wall clock    56.928627014160156     
 Average time per cell    5.8852433009946409E-009
 Step time per cell       5.7954912335844711E-009
 Step      42 time   0.0146441 control    sound    timestep   3.64E-04       1,       1 x  3.26E-04 y  3.26E-04
 Wall clock    58.316662073135376     
 Average time per cell    5.8851960674805993E-009
 Step time per cell       5.8827885772593112E-009
 Step      43 time   0.0150085 control    sound    timestep   3.64E-04       1,       1 x  3.26E-04 y  3.26E-04
 Wall clock    59.681217908859253     
 Average time per cell    5.8828366606226142E-009
 Step time per cell       5.7833060256800508E-009
 Step      44 time   0.0153730 control    sound    timestep   3.64E-04       1,       1 x  3.26E-04 y  3.26E-04
 Wall clock    61.062704086303711     
 Average time per cell    5.8822154118608909E-009
 Step time per cell       5.8550651576499353E-009
 Step      45 time   0.0157375 control    sound    timestep   3.65E-04       1,       1 x  3.26E-04 y  3.26E-04
 Wall clock    62.488481998443604     
 Average time per cell    5.8857936151239471E-009
 Step time per cell       6.0428364021289684E-009
 Step      46 time   0.0161020 control    sound    timestep   3.65E-04       1,       1 x  3.26E-04 y  3.26E-04
 Wall clock    63.856180906295776     
 Average time per cell    5.8838647028140542E-009
 Step time per cell       5.7966452813060540E-009
 Step      47 time   0.0164666 control    sound    timestep   3.65E-04       1,       1 x  3.26E-04 y  3.26E-04
 Wall clock    65.211659908294678     
 Average time per cell    5.8809158567148730E-009
 Step time per cell       5.7448374314440623E-009
 Step      48 time   0.0168311 control    sound    timestep   3.65E-04       1,       1 x  3.26E-04 y  3.26E-04
 Wall clock    66.626818895339966     
 Average time per cell    5.8833598115126263E-009
 Step time per cell       5.9976789796362737E-009
 Step      49 time   0.0171958 control    sound    timestep   3.65E-04       1,       1 x  3.26E-04 y  3.26E-04
 Wall clock    67.966967105865479     
 Average time per cell    5.8792155004891012E-009
 Step time per cell       5.6798257396116646E-009
 Step      50 time   0.0175604 control    sound    timestep   3.65E-04       1,       1 x  3.26E-04 y  3.26E-04
 Wall clock    69.418102979660034     
 Average time per cell    5.8846455026974175E-009
 Step time per cell       6.1501992200242562E-009
 Step      51 time   0.0179251 control    sound    timestep   3.65E-04       1,       1 x  3.26E-04 y  3.26E-04
 Wall clock    70.783080101013184     
 Average time per cell    5.8827020068376981E-009
 Step time per cell       5.7852978190769339E-009
 Step      52 time   0.0182899 control    sound    timestep   3.65E-04       1,       1 x  3.26E-04 y  3.26E-04
 Wall clock    72.150171041488647     
 Average time per cell    5.8810055595372394E-009
 Step time per cell       5.7941138543861198E-009
 Step      53 time   0.0186547 control    sound    timestep   3.65E-04       1,       1 x  3.26E-04 y  3.26E-04
 Wall clock    73.503216981887817     
 Average time per cell    5.8782499126928408E-009
 Step time per cell       5.7344136116120753E-009
 Step      54 time   0.0190195 control    sound    timestep   3.65E-04       1,       1 x  3.26E-04 y  3.26E-04
 Wall clock    74.905860900878906     
 Average time per cell    5.8794893571578061E-009
 Step time per cell       5.9447433563440829E-009
 Step      55 time   0.0193844 control    sound    timestep   3.65E-04       1,       1 x  3.26E-04 y  3.26E-04
 Wall clock    76.286756038665771     
 Average time per cell    5.8790076699818133E-009
 Step time per cell       5.8526863237299643E-009
 Step      56 time   0.0197492 control    sound    timestep   3.65E-04       1,       1 x  3.26E-04 y  3.26E-04
 Wall clock    77.640759944915771     
 Average time per cell    5.8765078306134372E-009
 Step time per cell       5.7386356881276394E-009
 Step      57 time   0.0201141 control    sound    timestep   3.65E-04       1,       1 x  3.26E-04 y  3.26E-04
 Wall clock    79.040193080902100     
 Average time per cell    5.8774738483467695E-009
 Step time per cell       5.9310999252678207E-009
 Step      58 time   0.0204789 control    sound    timestep   3.65E-04       1,       1 x  3.26E-04 y  3.26E-04
 Wall clock    80.414611101150513     
 Average time per cell    5.8765784881964874E-009
 Step time per cell       5.8251316659152509E-009
 Step      59 time   0.0208438 control    sound    timestep   3.65E-04       1,       1 x  3.26E-04 y  3.26E-04
 Wall clock    81.783165931701660     
 Average time per cell    5.8752922684334836E-009
 Step time per cell       5.8003236820998914E-009
 Step      60 time   0.0212087 control    sound    timestep   3.65E-04       1,       1 x  3.26E-04 y  3.26E-04
 Wall clock    83.218533039093018     
 Average time per cell    5.8787687117324419E-009
 Step time per cell       6.0834291717684309E-009
 Step      61 time   0.0215736 control    sound    timestep   3.65E-04       1,       1 x  3.26E-04 y  3.26E-04
 Wall clock    84.573945045471191     
 Average time per cell    5.8765755356662651E-009
 Step time per cell       5.7447818512122872E-009
 Step      62 time   0.0219386 control    sound    timestep   3.65E-04       1,       1 x  3.26E-04 y  3.26E-04
 Wall clock    85.951550006866455     
 Average time per cell    5.8759703008498913E-009
 Step time per cell       5.8385083118789933E-009
 Step      63 time   0.0223036 control    sound    timestep   3.65E-04       1,       1 x  3.26E-04 y  3.26E-04
 Wall clock    87.325674057006836     
 Average time per cell    5.8751500889616225E-009
 Step time per cell       5.8239452806042712E-009
 Step      64 time   0.0226686 control    sound    timestep   3.65E-04       1,       1 x  3.26E-04 y  3.26E-04
 Wall clock    88.716913938522339     
 Average time per cell    5.8754890454161390E-009
 Step time per cell       5.8963855230508163E-009
 Step      65 time   0.0230337 control    sound    timestep   3.65E-04       1,       1 x  3.26E-04 y  3.26E-04
 Wall clock    90.071324110031128     
 Average time per cell    5.8734159622864769E-009
 Step time per cell       5.7403273482729368E-009
 Step      66 time   0.0233988 control    sound    timestep   3.65E-04       1,       1 x  3.26E-04 y  3.26E-04
 Wall clock    91.462557077407837     
 Average time per cell    5.8737704779504741E-009
 Step time per cell       5.8963653120574438E-009
 Step      67 time   0.0237639 control    sound    timestep   3.65E-04       1,       1 x  3.26E-04 y  3.26E-04
 Wall clock    92.843921899795532     
 Average time per cell    5.8734901326874140E-009
 Step time per cell       5.8544921759878182E-009
 Step      68 time   0.0241291 control    sound    timestep   3.65E-04       1,       1 x  3.26E-04 y  3.26E-04
 Wall clock    94.217705011367798     
 Average time per cell    5.8727454522929345E-009
 Step time per cell       5.8224486565450210E-009
 Step      69 time   0.0244942 control    sound    timestep   3.65E-04       1,       1 x  3.26E-04 y  3.26E-04
 Wall clock    95.601814985275269     
 Average time per cell    5.8726567184076766E-009
 Step time per cell       5.8661104655281329E-009
 Step      70 time   0.0248594 control    sound    timestep   3.65E-04       1,       1 x  3.26E-04 y  3.26E-04
 Wall clock    97.028381109237671     
 Average time per cell    5.8751412715147519E-009
 Step time per cell       6.0461985008765215E-009
 Step      71 time   0.0252246 control    sound    timestep   3.65E-04       1,       1 x  3.26E-04 y  3.26E-04
 Wall clock    98.386935949325562     
 Average time per cell    5.8734957048374688E-009
 Step time per cell       5.7580857375998879E-009
 Step      72 time   0.0255898 control    sound    timestep   3.65E-04       1,       1 x  3.26E-04 y  3.26E-04
 Wall clock    99.768678903579712     
 Average time per cell    5.8732609044522247E-009
 Step time per cell       5.8560858128152583E-009
 Step      73 time   0.0259550 control    sound    timestep   3.65E-04       1,       1 x  3.26E-04 y  3.26E-04
 Wall clock    101.14499592781067     
 Average time per cell    5.8727174946342638E-009
 Step time per cell       5.8331079344497991E-009
 Step      74 time   0.0263202 control    sound    timestep   3.65E-04       1,       1 x  3.26E-04 y  3.26E-04
 Wall clock    102.51230096817017     
 Average time per cell    5.8716725855286152E-009
 Step time per cell       5.7948768193859400E-009
 Step      75 time   0.0266854 control    sound    timestep   3.65E-04       1,       1 x  3.26E-04 y  3.26E-04
 Wall clock    103.88517403602600     
 Average time per cell    5.8709702123586017E-009
 Step time per cell       5.8185408609764029E-009
 Step      76 time   0.0270507 control    sound    timestep   3.65E-04       1,       1 x  3.26E-04 y  3.26E-04
 Wall clock    105.25497508049011     
 Average time per cell    5.8701149946341100E-009
 Step time per cell       5.8055199284960205E-009
 Step      77 time   0.0274160 control    sound    timestep   3.65E-04       1,       1 x  3.26E-04 y  3.26E-04
 Wall clock    106.62533211708069     
 Average time per cell    5.8693125955755439E-009
 Step time per cell       5.8079452477007486E-009
 Step      78 time   0.0277813 control    sound    timestep   3.65E-04       1,       1 x  3.26E-04 y  3.26E-04
 Wall clock    107.99817800521851     
 Average time per cell    5.8686660160824654E-009
 Step time per cell       5.8183882679764389E-009
 Step      79 time   0.0281467 control    sound    timestep   3.65E-04       1,       1 x  3.26E-04 y  3.26E-04
 Wall clock    109.35911893844604     
 Average time per cell    5.8673970743410590E-009
 Step time per cell       5.7679406179684317E-009
 Step      80 time   0.0285121 control    sound    timestep   3.65E-04       1,       1 x  3.26E-04 y  3.26E-04
 Wall clock    110.78521203994751     
 Average time per cell    5.8696117422287995E-009
 Step time per cell       6.0441036314134379E-009
 Step      81 time   0.0288775 control    sound    timestep   3.65E-04       1,       1 x  3.26E-04 y  3.26E-04
 Wall clock    112.15129804611206     
 Average time per cell    5.8686316871440064E-009
 Step time per cell       5.7899604952480226E-009
 Step      82 time   0.0292429 control    sound    timestep   3.65E-04       1,       1 x  3.26E-04 y  3.26E-04
 Wall clock    113.51802492141724     
 Average time per cell    5.8677086621528579E-009
 Step time per cell       5.7924616056778982E-009
 Step      83 time   0.0296084 control    sound    timestep   3.65E-04       1,       1 x  3.26E-04 y  3.26E-04
 Wall clock    114.89884090423584     
 Average time per cell    5.8675273657412362E-009
 Step time per cell       5.8520840361274569E-009
 Step      84 time   0.0299738 control    sound    timestep   3.65E-04       1,       1 x  3.26E-04 y  3.26E-04
 Wall clock    116.27988791465759     
 Average time per cell    5.8673620433230925E-009
 Step time per cell       5.8530127312729340E-009
 Step      85 time   0.0303393 control    sound    timestep   3.65E-04       1,       1 x  3.26E-04 y  3.26E-04
 Wall clock    117.65399408340454     
 Average time per cell    5.8668545035271011E-009
 Step time per cell       5.8237502445182248E-009
 Step      86 time   0.0307048 control    sound    timestep   3.65E-04       1,       1 x  3.26E-04 y  3.26E-04
 Wall clock    119.01538896560669     
 Average time per cell    5.8657322849405120E-009
 Step time per cell       5.7698950210275749E-009
 Step      87 time   0.0310703 control    sound    timestep   3.66E-04       1,       1 x  3.26E-04 y  3.26E-04
 Wall clock    120.44179797172546     
 First step overhead   1.6165018081665039E-002
real 121.61
user 2859.54
sys 54.55
