
Clover Version    1.000
       MPI Version
   Task Count    384

 Output file clover.out opened. All output will go there.

Clover Version    1.000
       MPI Version
   Task Count    384

 Step       1 time   0.0000000 control    sound    timestep   1.93E-04       1,       1 x  1.63E-04 y  1.63E-04
 Wall clock    1.3587629795074463     
 Average time per cell    1.4397970618220926E-009
 Step time per cell       1.4397970618220926E-009
 Step       2 time   0.0001926 control    sound    timestep   1.18E-04       1,       1 x  1.63E-04 y  1.63E-04
 Wall clock    2.9308898448944092     
 Average time per cell    1.5528413162731643E-009
 Step time per cell       1.6656629971597188E-009
 Step       3 time   0.0003101 control    sound    timestep   1.49E-04       1,       1 x  1.63E-04 y  1.63E-04
 Wall clock    4.3492238521575928     
 Average time per cell    1.5362011422607961E-009
 Step time per cell       1.5027735066218561E-009
 Step       4 time   0.0004595 control    sound    timestep   1.57E-04       1,       1 x  1.63E-04 y  1.63E-04
 Wall clock    5.7302129268646240     
 Average time per cell    1.5179880266360771E-009
 Step time per cell       1.4632013921477160E-009
 Step       5 time   0.0006169 control    sound    timestep   1.73E-04       1,       1 x  1.63E-04 y  1.63E-04
 Wall clock    7.1289110183715820     
 Average time per cell    1.5108131871481116E-009
 Step time per cell       1.4819728575174748E-009
 Step       6 time   0.0007900 control    sound    timestep   1.73E-04       1,       1 x  1.63E-04 y  1.63E-04
 Wall clock    8.5315020084381104     
 Average time per cell    1.5067174714473637E-009
 Step time per cell       1.4860832682946542E-009
 Step       7 time   0.0009628 control    sound    timestep   1.76E-04       1,       1 x  1.63E-04 y  1.63E-04
 Wall clock    9.8864820003509521     
 Average time per cell    1.4965847560868872E-009
 Step time per cell       1.4356454711459162E-009
 Step       8 time   0.0011389 control    sound    timestep   1.85E-04       1,       1 x  1.63E-04 y  1.63E-04
 Wall clock    11.317950010299683     
 Average time per cell    1.4991164221100917E-009
 Step time per cell       1.5167024179795083E-009
 Step       9 time   0.0013241 control    sound    timestep   1.83E-04       1,       1 x  1.63E-04 y  1.63E-04
 Wall clock    12.689259052276611     
 Average time per cell    1.4940025249853971E-009
 Step time per cell       1.4529463341103918E-009
 Step      10 time   0.0015073 control    sound    timestep   1.82E-04       1,       1 x  1.63E-04 y  1.63E-04
 Wall clock    14.241329908370972     
 Average time per cell    1.5090656183423966E-009
 Step time per cell       1.6445053713848918E-009
 Step      11 time   0.0016892 control    sound    timestep   1.81E-04       1,       1 x  1.63E-04 y  1.63E-04
 Wall clock    15.591346979141235     
 Average time per cell    1.5019259769884009E-009
 Step time per cell       1.4304977311338816E-009
 Step      12 time   0.0018698 control    sound    timestep   1.80E-04       1,       1 x  1.63E-04 y  1.63E-04
 Wall clock    16.999377012252808     
 Average time per cell    1.5010990047678070E-009
 Step time per cell       1.4918476962419744E-009
 Step      13 time   0.0020497 control    sound    timestep   1.80E-04       1,       1 x  1.63E-04 y  1.63E-04
 Wall clock    18.393925905227661     
 Average time per cell    1.4993004028799318E-009
 Step time per cell       1.4775880825052606E-009
 Step      14 time   0.0022300 control    sound    timestep   1.81E-04       1,       1 x  1.63E-04 y  1.63E-04
 Wall clock    19.714761018753052     
 Average time per cell    1.4921794633072937E-009
 Step time per cell       1.3994566769623715E-009
 Step      15 time   0.0024111 control    sound    timestep   1.81E-04       1,       1 x  1.63E-04 y  1.63E-04
 Wall clock    21.170146942138672     
 Average time per cell    1.4955129935751083E-009
 Step time per cell       1.5420573618030175E-009
 Step      16 time   0.0025924 control    sound    timestep   1.81E-04       1,       1 x  1.63E-04 y  1.63E-04
 Wall clock    22.559182882308960     
 Average time per cell    1.4940356468034426E-009
 Step time per cell       1.4717430632218667E-009
 Step      17 time   0.0027738 control    sound    timestep   1.81E-04       1,       1 x  1.63E-04 y  1.63E-04
 Wall clock    23.918545961380005     
 Average time per cell    1.4908825470033038E-009
 Step time per cell       1.4402856625868784E-009
 Step      18 time   0.0029553 control    sound    timestep   1.82E-04       1,       1 x  1.63E-04 y  1.63E-04
 Wall clock    25.329273939132690     
 Average time per cell    1.4911035808005563E-009
 Step time per cell       1.4947244785111656E-009
 Step      19 time   0.0031369 control    sound    timestep   1.82E-04       1,       1 x  1.63E-04 y  1.63E-04
 Wall clock    26.783171892166138     
 Average time per cell    1.4937089558744228E-009
 Step time per cell       1.5404869676179563E-009
 Step      20 time   0.0033184 control    sound    timestep   1.82E-04       1,       1 x  1.63E-04 y  1.63E-04
 Wall clock    28.281647920608521     
 Average time per cell    1.4984156248626985E-009
 Step time per cell       1.5877013639611606E-009
 Step      21 time   0.0035000 control    sound    timestep   1.82E-04       1,       1 x  1.63E-04 y  1.63E-04
 Wall clock    29.645952939987183     
 Average time per cell    1.4959039102779964E-009
 Step time per cell       1.4456357651700576E-009
 Step      22 time   0.0036817 control    sound    timestep   1.82E-04       1,       1 x  1.63E-04 y  1.63E-04
 Wall clock    30.979204893112183     
 Average time per cell    1.4921248509721170E-009
 Step time per cell       1.4126332340917240E-009
 Step      23 time   0.0038634 control    sound    timestep   1.82E-04       1,       1 x  1.63E-04 y  1.63E-04
 Wall clock    32.410923957824707     
 Average time per cell    1.4932109057764941E-009
 Step time per cell       1.5169611186946793E-009
 Step      24 time   0.0040452 control    sound    timestep   1.82E-04       1,       1 x  1.63E-04 y  1.63E-04
 Wall clock    33.764576911926270     
 Average time per cell    1.4907597132049786E-009
 Step time per cell       1.4342499020535293E-009
 Step      25 time   0.0042270 control    sound    timestep   1.82E-04       1,       1 x  1.63E-04 y  1.63E-04
 Wall clock    35.184110879898071     
 Average time per cell    1.4912970174110442E-009
 Step time per cell       1.5040629679990363E-009
 Step      26 time   0.0044089 control    sound    timestep   1.82E-04       1,       1 x  1.63E-04 y  1.63E-04
 Wall clock    36.607210874557495     
 Average time per cell    1.4919383250569683E-009
 Step time per cell       1.5078419184849028E-009
 Step      27 time   0.0045908 control    sound    timestep   1.82E-04       1,       1 x  1.63E-04 y  1.63E-04
 Wall clock    38.016686916351318     
 Average time per cell    1.4919974447317601E-009
 Step time per cell       1.4933913108608169E-009
 Step      28 time   0.0047727 control    sound    timestep   1.82E-04       1,       1 x  1.63E-04 y  1.63E-04
 Wall clock    39.419275999069214     
 Average time per cell    1.4917917099857789E-009
 Step time per cell       1.4861201533575595E-009
 Step      29 time   0.0049547 control    sound    timestep   1.82E-04       1,       1 x  1.63E-04 y  1.63E-04
 Wall clock    40.759052038192749     
 Average time per cell    1.4893050226011586E-009
 Step time per cell       1.4195347830536776E-009
 Step      30 time   0.0051367 control    sound    timestep   1.82E-04       1,       1 x  1.63E-04 y  1.63E-04
 Wall clock    42.281939029693604     
 Average time per cell    1.4934518259434737E-009
 Step time per cell       1.6135820462497779E-009
 Step      31 time   0.0053187 control    sound    timestep   1.82E-04       1,       1 x  1.63E-04 y  1.63E-04
 Wall clock    43.551282882690430     
 Average time per cell    1.4886645136833339E-009
 Step time per cell       1.3450145767516611E-009
 Step      32 time   0.0055007 control    sound    timestep   1.82E-04       1,       1 x  1.63E-04 y  1.63E-04
 Wall clock    45.005507946014404     
 Average time per cell    1.4902985078101159E-009
 Step time per cell       1.5408209542834406E-009
 Step      33 time   0.0056827 control    sound    timestep   1.82E-04       1,       1 x  1.63E-04 y  1.63E-04
 Wall clock    46.452179908752441     
 Average time per cell    1.4915909400693476E-009
 Step time per cell       1.5328323065154513E-009
 Step      34 time   0.0058648 control    sound    timestep   1.82E-04       1,       1 x  1.63E-04 y  1.63E-04
 Wall clock    47.768795013427734     
 Average time per cell    1.4887540173196399E-009
 Step time per cell       1.3950264272150687E-009
 Step      35 time   0.0060468 control    sound    timestep   1.82E-04       1,       1 x  1.63E-04 y  1.63E-04
 Wall clock    49.209174871444702     
 Average time per cell    1.4898262287758934E-009
 Step time per cell       1.5261394360600712E-009
 Step      36 time   0.0062289 control    sound    timestep   1.82E-04       1,       1 x  1.63E-04 y  1.63E-04
 Wall clock    50.569833993911743     
 Average time per cell    1.4884923415099175E-009
 Step time per cell       1.4416653155219844E-009
 Step      37 time   0.0064110 control    sound    timestep   1.82E-04       1,       1 x  1.63E-04 y  1.63E-04
 Wall clock    52.033930063247681     
 Average time per cell    1.4901928733633139E-009
 Step time per cell       1.5512849434647553E-009
 Step      38 time   0.0065932 control    sound    timestep   1.82E-04       1,       1 x  1.63E-04 y  1.63E-04
 Wall clock    53.375612020492554     
 Average time per cell    1.4883903598365047E-009
 Step time per cell       1.4215457768942643E-009
 Step      39 time   0.0067754 control    sound    timestep   1.82E-04       1,       1 x  1.63E-04 y  1.63E-04
 Wall clock    54.832033872604370     
 Average time per cell    1.4897977897612627E-009
 Step time per cell       1.5431308181885267E-009
 Step      40 time   0.0069576 control    sound    timestep   1.82E-04       1,       1 x  1.63E-04 y  1.63E-04
 Wall clock    56.326357841491699     
 Average time per cell    1.4921389113927338E-009
 Step time per cell       1.5833229048843753E-009
 Step      41 time   0.0071398 control    sound    timestep   1.82E-04       1,       1 x  1.63E-04 y  1.63E-04
 Wall clock    57.664819002151489     
 Average time per cell    1.4903375838094027E-009
 Step time per cell       1.4182503744248405E-009
 Step      42 time   0.0073220 control    sound    timestep   1.82E-04       1,       1 x  1.63E-04 y  1.63E-04
 Wall clock    59.050893068313599     
 Average time per cell    1.4898232825423951E-009
 Step time per cell       1.4686002537524070E-009
 Step      43 time   0.0075043 control    sound    timestep   1.82E-04       1,       1 x  1.63E-04 y  1.63E-04
 Wall clock    60.492316007614136     
 Average time per cell    1.4906968505527718E-009
 Step time per cell       1.5272500301459029E-009
 Step      44 time   0.0076865 control    sound    timestep   1.82E-04       1,       1 x  1.63E-04 y  1.63E-04
 Wall clock    61.868484973907471     
 Average time per cell    1.4899592200651909E-009
 Step time per cell       1.4581064533558673E-009
 Step      45 time   0.0078687 control    sound    timestep   1.82E-04       1,       1 x  1.63E-04 y  1.63E-04
 Wall clock    63.231076955795288     
 Average time per cell    1.4889346689246682E-009
 Step time per cell       1.4437250683840829E-009
 Step      46 time   0.0080510 control    sound    timestep   1.82E-04       1,       1 x  1.63E-04 y  1.63E-04
 Wall clock    64.659816980361938     
 Average time per cell    1.4894784240990316E-009
 Step time per cell       1.5138286673593231E-009
 Step      47 time   0.0082333 control    sound    timestep   1.82E-04       1,       1 x  1.63E-04 y  1.63E-04
 Wall clock    66.068898916244507     
 Average time per cell    1.4895558394719412E-009
 Step time per cell       1.4929822908824361E-009
 Step      48 time   0.0084156 control    sound    timestep   1.82E-04       1,       1 x  1.63E-04 y  1.63E-04
 Wall clock    67.488553047180176     
 Average time per cell    1.4898634188082521E-009
 Step time per cell       1.5041913078069531E-009
 Step      49 time   0.0085979 control    sound    timestep   1.82E-04       1,       1 x  1.63E-04 y  1.63E-04
 Wall clock    68.861158847808838     
 Average time per cell    1.4891410111366504E-009
 Step time per cell       1.4543277555074181E-009
 Step      50 time   0.0087802 control    sound    timestep   1.82E-04       1,       1 x  1.63E-04 y  1.63E-04
 Wall clock    70.373870849609375     
 Average time per cell    1.4914167372302876E-009
 Step time per cell       1.6027949338119167E-009
 Step      51 time   0.0089626 control    sound    timestep   1.82E-04       1,       1 x  1.63E-04 y  1.63E-04
 Wall clock    71.728173971176147     
 Average time per cell    1.4903119232904137E-009
 Step time per cell       1.4350381307950657E-009
 Step      52 time   0.0091450 control    sound    timestep   1.82E-04       1,       1 x  1.63E-04 y  1.63E-04
 Wall clock    73.134037017822266     
 Average time per cell    1.4903002726282271E-009
 Step time per cell       1.4895767384991309E-009
 Step      53 time   0.0093274 control    sound    timestep   1.82E-04       1,       1 x  1.63E-04 y  1.63E-04
 Wall clock    74.544420003890991     
 Average time per cell    1.4903794295411138E-009
 Step time per cell       1.4943685123903885E-009
 Step      54 time   0.0095098 control    sound    timestep   1.82E-04       1,       1 x  1.63E-04 y  1.63E-04
 Wall clock    75.933012962341309     
 Average time per cell    1.4900280705664150E-009
 Step time per cell       1.4712683575150247E-009
 Step      55 time   0.0096922 control    sound    timestep   1.82E-04       1,       1 x  1.63E-04 y  1.63E-04
 Wall clock    77.307721853256226     
 Average time per cell    1.4894219957844171E-009
 Step time per cell       1.4565522279655043E-009
 Step      56 time   0.0098746 control    sound    timestep   1.82E-04       1,       1 x  1.63E-04 y  1.63E-04
 Wall clock    78.700469017028809     
 Average time per cell    1.4891788887036945E-009
 Step time per cell       1.4756816805553778E-009
 Step      57 time   0.0100570 control    sound    timestep   1.82E-04       1,       1 x  1.63E-04 y  1.63E-04
 Wall clock    80.128432989120483     
 Average time per cell    1.4895989971852533E-009
 Step time per cell       1.5129979955317040E-009
 Step      58 time   0.0102395 control    sound    timestep   1.82E-04       1,       1 x  1.63E-04 y  1.63E-04
 Wall clock    81.482682943344116     
 Average time per cell    1.4886578918571055E-009
 Step time per cell       1.4349153490103264E-009
 Step      59 time   0.0104219 control    sound    timestep   1.82E-04       1,       1 x  1.63E-04 y  1.63E-04
 Wall clock    82.897182941436768     
 Average time per cell    1.4888307772820821E-009
 Step time per cell       1.4987373712453215E-009
 Step      60 time   0.0106044 control    sound    timestep   1.82E-04       1,       1 x  1.63E-04 y  1.63E-04
 Wall clock    84.372387886047363     
 Average time per cell    1.4900699877923924E-009
 Step time per cell       1.5630477416076852E-009
 Step      61 time   0.0107868 control    sound    timestep   1.82E-04       1,       1 x  1.63E-04 y  1.63E-04
 Wall clock    85.773097038269043     
 Average time per cell    1.4899744933336643E-009
 Step time per cell       1.4842109723960876E-009
 Step      62 time   0.0109693 control    sound    timestep   1.82E-04       1,       1 x  1.63E-04 y  1.63E-04
 Wall clock    87.190587043762207     
 Average time per cell    1.4901688798569813E-009
 Step time per cell       1.5018887703869648E-009
 Step      63 time   0.0111518 control    sound    timestep   1.83E-04       1,       1 x  1.63E-04 y  1.63E-04
 Wall clock    88.586130857467651     
 Average time per cell    1.4899879680523821E-009
 Step time per cell       1.4786390541606427E-009
 Step      64 time   0.0113343 control    sound    timestep   1.83E-04       1,       1 x  1.63E-04 y  1.63E-04
 Wall clock    89.983482837677002     
 Average time per cell    1.4898426472756100E-009
 Step time per cell       1.4805282767661589E-009
 Step      65 time   0.0115168 control    sound    timestep   1.83E-04       1,       1 x  1.63E-04 y  1.63E-04
 Wall clock    91.387809991836548     
 Average time per cell    1.4898155080654526E-009
 Step time per cell       1.4879502588074603E-009
 Step      66 time   0.0116994 control    sound    timestep   1.83E-04       1,       1 x  1.63E-04 y  1.63E-04
 Wall clock    92.785454988479614     
 Average time per cell    1.4896819083936225E-009
 Step time per cell       1.4808857587114391E-009
 Step      67 time   0.0118819 control    sound    timestep   1.83E-04       1,       1 x  1.63E-04 y  1.63E-04
 Wall clock    94.156369924545288     
 Average time per cell    1.4891295476465128E-009
 Step time per cell       1.4525337772081710E-009
 Step      68 time   0.0120645 control    sound    timestep   1.83E-04       1,       1 x  1.63E-04 y  1.63E-04
 Wall clock    95.516376972198486     
 Average time per cell    1.4884234561203116E-009
 Step time per cell       1.4409776364724773E-009
 Step      69 time   0.0122471 control    sound    timestep   1.83E-04       1,       1 x  1.63E-04 y  1.63E-04
 Wall clock    96.914695024490356     
 Average time per cell    1.4883261759613694E-009
 Step time per cell       1.4815893539182272E-009
 Step      70 time   0.0124297 control    sound    timestep   1.83E-04       1,       1 x  1.63E-04 y  1.63E-04
 Wall clock    98.441504955291748     
 Average time per cell    1.4901767451466719E-009
 Step time per cell       1.6177250472537707E-009
 Step      71 time   0.0126123 control    sound    timestep   1.83E-04       1,       1 x  1.63E-04 y  1.63E-04
 Wall clock    99.765681028366089     
 Average time per cell    1.4889509805247420E-009
 Step time per cell       1.4031178984118419E-009
 Step      72 time   0.0127949 control    sound    timestep   1.83E-04       1,       1 x  1.63E-04 y  1.63E-04
 Wall clock    101.14086103439331     
 Average time per cell    1.4885098998104100E-009
 Step time per cell       1.4570628081855829E-009
 Step      73 time   0.0129775 control    sound    timestep   1.83E-04       1,       1 x  1.63E-04 y  1.63E-04
 Wall clock    102.58832406997681     
 Average time per cell    1.4891301343789647E-009
 Step time per cell       1.5336450410864523E-009
 Step      74 time   0.0131601 control    sound    timestep   1.83E-04       1,       1 x  1.63E-04 y  1.63E-04
 Wall clock    103.94735097885132     
 Average time per cell    1.4884672505555042E-009
 Step time per cell       1.4399410651498733E-009
 Step      75 time   0.0133427 control    sound    timestep   1.83E-04       1,       1 x  1.63E-04 y  1.63E-04
 Wall clock    105.37181186676025     
 Average time per cell    1.4887465281558603E-009
 Step time per cell       1.5092796780259556E-009
 Step      76 time   0.0135254 control    sound    timestep   1.83E-04       1,       1 x  1.63E-04 y  1.63E-04
 Wall clock    106.72757601737976     
 Average time per cell    1.4880606447378762E-009
 Step time per cell       1.4364857431953877E-009
 Step      77 time   0.0137080 control    sound    timestep   1.83E-04       1,       1 x  1.63E-04 y  1.63E-04
 Wall clock    108.15648889541626     
 Average time per cell    1.4883992151837845E-009
 Step time per cell       1.5139971765165683E-009
 Step      78 time   0.0138907 control    sound    timestep   1.83E-04       1,       1 x  1.63E-04 y  1.63E-04
 Wall clock    109.53725600242615     
 Average time per cell    1.4880750390189482E-009
 Step time per cell       1.4629841239689590E-009
 Step      79 time   0.0140733 control    sound    timestep   1.83E-04       1,       1 x  1.63E-04 y  1.63E-04
 Wall clock    111.00369405746460     
 Average time per cell    1.4889081863406619E-009
 Step time per cell       1.5537739272986072E-009
 Step      80 time   0.0142560 control    sound    timestep   1.83E-04       1,       1 x  1.63E-04 y  1.63E-04
 Wall clock    112.46487784385681     
 Average time per cell    1.4896509096868410E-009
 Step time per cell       1.5481886192800529E-009
 Step      81 time   0.0144387 control    sound    timestep   1.83E-04       1,       1 x  1.63E-04 y  1.63E-04
 Wall clock    113.79373097419739     
 Average time per cell    1.4886441508660414E-009
 Step time per cell       1.4080663075017381E-009
 Step      82 time   0.0146215 control    sound    timestep   1.83E-04       1,       1 x  1.63E-04 y  1.63E-04
 Wall clock    115.19377493858337     
 Average time per cell    1.4885819047264081E-009
 Step time per cell       1.4834192067307109E-009
 Step      83 time   0.0148042 control    sound    timestep   1.83E-04       1,       1 x  1.63E-04 y  1.63E-04
 Wall clock    116.57674789428711     
 Average time per cell    1.4883032176298260E-009
 Step time per cell       1.4653268307382757E-009
 Step      84 time   0.0149869 control    sound    timestep   1.83E-04       1,       1 x  1.63E-04 y  1.63E-04
 Wall clock    117.98401284217834     
 Average time per cell    1.4883376030969664E-009
 Step time per cell       1.4910781626693076E-009
 Step      85 time   0.0151697 control    sound    timestep   1.83E-04       1,       1 x  1.63E-04 y  1.63E-04
 Wall clock    119.36353588104248     
 Average time per cell    1.4880253396756350E-009
 Step time per cell       1.4616625776397996E-009
 Step      86 time   0.0153524 control    sound    timestep   1.83E-04       1,       1 x  1.63E-04 y  1.63E-04
 Wall clock    120.84910893440247     
 Average time per cell    1.4890270200429033E-009
 Step time per cell       1.5740415114527827E-009
 Step      87 time   0.0155351 control    sound    timestep   1.83E-04       1,       1 x  1.63E-04 y  1.63E-04
 Wall clock    122.31073999404907     
 First step overhead -0.21315383911132812     
real 123.62
user 2919.06
sys 43.07
