
Clover Version    1.000
       MPI Version
   Task Count     96

 Output file clover.out opened. All output will go there.

Clover Version    1.000
       MPI Version
   Task Count     96

 Step       1 time   0.0000000 control    sound    timestep   3.85E-04       1,       1 x  3.26E-04 y  3.26E-04
 Wall clock    1.4163901805877686     
 Average time per cell    6.0034441654958451E-009
 Step time per cell       6.0034441654958451E-009
 Step       2 time   0.0003852 control    sound    timestep   2.35E-04       1,       1 x  3.26E-04 y  3.26E-04
 Wall clock    2.7873702049255371     
 Average time per cell    5.9072074994522455E-009
 Step time per cell       5.8104332209849314E-009
 Step       3 time   0.0006203 control    sound    timestep   2.99E-04       1,       1 x  3.26E-04 y  3.26E-04
 Wall clock    4.2310090065002441     
 Average time per cell    5.9777846251597148E-009
 Step time per cell       6.1183669054622037E-009
 Step       4 time   0.0009190 control    sound    timestep   3.15E-04       1,       1 x  3.26E-04 y  3.26E-04
 Wall clock    5.6104731559753418     
 Average time per cell    5.9450712797115559E-009
 Step time per cell       5.8464855909632106E-009
 Step       5 time   0.0012337 control    sound    timestep   3.46E-04       1,       1 x  3.26E-04 y  3.26E-04
 Wall clock    7.0308580398559570     
 Average time per cell    5.9601322088080144E-009
 Step time per cell       6.0198969246509175E-009
 Step       6 time   0.0015801 control    sound    timestep   3.46E-04       1,       1 x  3.26E-04 y  3.26E-04
 Wall clock    8.4189701080322266     
 Average time per cell    5.9473744908313230E-009
 Step time per cell       5.8830553623718310E-009
 Step       7 time   0.0019257 control    sound    timestep   3.52E-04       1,       1 x  3.26E-04 y  3.26E-04
 Wall clock    9.7864542007446289     
 Average time per cell    5.9257714412293381E-009
 Step time per cell       5.7958095567300919E-009
 Step       8 time   0.0022778 control    sound    timestep   3.70E-04       1,       1 x  3.26E-04 y  3.26E-04
 Wall clock    11.154566049575806     
 Average time per cell    5.9099017511875391E-009
 Step time per cell       5.7983824161864401E-009
 Step       9 time   0.0026482 control    sound    timestep   3.66E-04       1,       1 x  3.26E-04 y  3.26E-04
 Wall clock    12.533249139785767     
 Average time per cell    5.9025371880169932E-009
 Step time per cell       5.8431588614540592E-009
 Step      10 time   0.0030146 control    sound    timestep   3.64E-04       1,       1 x  3.26E-04 y  3.26E-04
 Wall clock    13.966778993606567     
 Average time per cell    5.9198926262777404E-009
 Step time per cell       6.0756378338232428E-009
 Step      11 time   0.0033784 control    sound    timestep   3.61E-04       1,       1 x  3.26E-04 y  3.26E-04
 Wall clock    15.319470167160034     
 Average time per cell    5.9029435310595097E-009
 Step time per cell       5.7333080702745870E-009
 Step      12 time   0.0037396 control    sound    timestep   3.60E-04       1,       1 x  3.26E-04 y  3.26E-04
 Wall clock    16.705765008926392     
 Average time per cell    5.9006885277523432E-009
 Step time per cell       5.8753580055458263E-009
 Step      13 time   0.0040994 control    sound    timestep   3.61E-04       1,       1 x  3.26E-04 y  3.26E-04
 Wall clock    18.072554111480713     
 Average time per cell    5.8924207480278054E-009
 Step time per cell       5.7928041820155663E-009
 Step      14 time   0.0044601 control    sound    timestep   3.62E-04       1,       1 x  3.26E-04 y  3.26E-04
 Wall clock    19.449362993240356     
 Average time per cell    5.8883676054334964E-009
 Step time per cell       5.8352614157936643E-009
 Step      15 time   0.0048222 control    sound    timestep   3.63E-04       1,       1 x  3.26E-04 y  3.26E-04
 Wall clock    20.820456027984619     
 Average time per cell    5.8832397540013687E-009
 Step time per cell       5.8110082237463859E-009
 Step      16 time   0.0051849 control    sound    timestep   3.63E-04       1,       1 x  3.26E-04 y  3.26E-04
 Wall clock    22.201176166534424     
 Average time per cell    5.8813031955651238E-009
 Step time per cell       5.8518475675049966E-009
 Step      17 time   0.0055477 control    sound    timestep   3.63E-04       1,       1 x  3.26E-04 y  3.26E-04
 Wall clock    23.596023082733154     
 Average time per cell    5.8831166492370289E-009
 Step time per cell       5.9116104643584957E-009
 Step      18 time   0.0059107 control    sound    timestep   3.63E-04       1,       1 x  3.26E-04 y  3.26E-04
 Wall clock    24.970384120941162     
 Average time per cell    5.8799046930716152E-009
 Step time per cell       5.8248941867431215E-009
 Step      19 time   0.0062737 control    sound    timestep   3.63E-04       1,       1 x  3.26E-04 y  3.26E-04
 Wall clock    26.348448991775513     
 Average time per cell    5.8778570948763644E-009
 Step time per cell       5.8405506327593076E-009
 Step      20 time   0.0066369 control    sound    timestep   3.63E-04       1,       1 x  3.26E-04 y  3.26E-04
 Wall clock    27.772169113159180     
 Average time per cell    5.8856898653579673E-009
 Step time per cell       6.0341224323363147E-009
 Step      21 time   0.0070000 control    sound    timestep   3.63E-04       1,       1 x  3.26E-04 y  3.26E-04
 Wall clock    29.127025127410889     
 Average time per cell    5.8788774131917985E-009
 Step time per cell       5.7423828062989438E-009
 Step      22 time   0.0073634 control    sound    timestep   3.63E-04       1,       1 x  3.26E-04 y  3.26E-04
 Wall clock    30.525449037551880     
 Average time per cell    5.8810781300769918E-009
 Step time per cell       5.9267080764079258E-009
 Step      23 time   0.0077269 control    sound    timestep   3.64E-04       1,       1 x  3.26E-04 y  3.26E-04
 Wall clock    31.909176111221313     
 Average time per cell    5.8803790753537446E-009
 Step time per cell       5.8645249130980425E-009
 Step      24 time   0.0080904 control    sound    timestep   3.64E-04       1,       1 x  3.26E-04 y  3.26E-04
 Wall clock    33.293135166168213     
 Average time per cell    5.8797792445585837E-009
 Step time per cell       5.8655587054090574E-009
 Step      25 time   0.0084540 control    sound    timestep   3.64E-04       1,       1 x  3.26E-04 y  3.26E-04
 Wall clock    34.654515027999878     
 Average time per cell    5.8753992763942931E-009
 Step time per cell       5.7699586856566987E-009
 Step      26 time   0.0088177 control    sound    timestep   3.64E-04       1,       1 x  3.26E-04 y  3.26E-04
 Wall clock    36.045090198516846     
 Average time per cell    5.8761156845935341E-009
 Step time per cell       5.8935377940845986E-009
 Step      27 time   0.0091816 control    sound    timestep   3.64E-04       1,       1 x  3.26E-04 y  3.26E-04
 Wall clock    37.439980983734131     
 Average time per cell    5.8774565055021641E-009
 Step time per cell       5.9118600701266488E-009
 Step      28 time   0.0095455 control    sound    timestep   3.64E-04       1,       1 x  3.26E-04 y  3.26E-04
 Wall clock    38.799717187881470     
 Average time per cell    5.8733799628426493E-009
 Step time per cell       5.7628423948901599E-009
 Step      29 time   0.0099094 control    sound    timestep   3.64E-04       1,       1 x  3.26E-04 y  3.26E-04
 Wall clock    40.173451185226440     
 Average time per cell    5.8716304362836291E-009
 Step time per cell       5.8221950085781931E-009
 Step      30 time   0.0102734 control    sound    timestep   3.64E-04       1,       1 x  3.26E-04 y  3.26E-04
 Wall clock    41.611761093139648     
 Average time per cell    5.8791211577718729E-009
 Step time per cell       6.0959033968780808E-009
 Step      31 time   0.0106374 control    sound    timestep   3.64E-04       1,       1 x  3.26E-04 y  3.26E-04
 Wall clock    42.990375995635986     
 Average time per cell    5.8779666580194704E-009
 Step time per cell       5.8430557853878580E-009
 Step      32 time   0.0110014 control    sound    timestep   3.64E-04       1,       1 x  3.26E-04 y  3.26E-04
 Wall clock    44.313153982162476     
 Average time per cell    5.8694884488532908E-009
 Step time per cell       5.6062486287879033E-009
 Step      33 time   0.0113654 control    sound    timestep   3.64E-04       1,       1 x  3.26E-04 y  3.26E-04
 Wall clock    45.739912033081055     
 Average time per cell    5.8748793724754990E-009
 Step time per cell       6.0467997779293606E-009
 Step      34 time   0.0117295 control    sound    timestep   3.64E-04       1,       1 x  3.26E-04 y  3.26E-04
 Wall clock    47.092222213745117     
 Average time per cell    5.8706722650646529E-009
 Step time per cell       5.7314345111889352E-009
 Step      35 time   0.0120936 control    sound    timestep   3.64E-04       1,       1 x  3.26E-04 y  3.26E-04
 Wall clock    48.426836013793945     
 Average time per cell    5.8645625055457152E-009
 Step time per cell       5.6563698712529408E-009
 Step      36 time   0.0124578 control    sound    timestep   3.64E-04       1,       1 x  3.26E-04 y  3.26E-04
 Wall clock    49.841812133789062     
 Average time per cell    5.8682538413753110E-009
 Step time per cell       5.9969119724377786E-009
 Step      37 time   0.0128221 control    sound    timestep   3.64E-04       1,       1 x  3.26E-04 y  3.26E-04
 Wall clock    51.192428112030029     
 Average time per cell    5.8643728390289887E-009
 Step time per cell       5.7241817962171299E-009
 Step      38 time   0.0131864 control    sound    timestep   3.64E-04       1,       1 x  3.26E-04 y  3.26E-04
 Wall clock    52.603689193725586     
 Average time per cell    5.8674605066986071E-009
 Step time per cell       5.9812292521302070E-009
 Step      39 time   0.0135508 control    sound    timestep   3.64E-04       1,       1 x  3.26E-04 y  3.26E-04
 Wall clock    53.944955110549927     
 Average time per cell    5.8627826995577830E-009
 Step time per cell       5.6847168000078657E-009
 Step      40 time   0.0139152 control    sound    timestep   3.64E-04       1,       1 x  3.26E-04 y  3.26E-04
 Wall clock    55.386229991912842     
 Average time per cell    5.8689361139840911E-009
 Step time per cell       6.1084150123254708E-009
 Step      41 time   0.0142797 control    sound    timestep   3.64E-04       1,       1 x  3.26E-04 y  3.26E-04
 Wall clock    56.768523216247559     
 Average time per cell    5.8686918776853361E-009
 Step time per cell       5.8587223369007311E-009
 Step      42 time   0.0146441 control    sound    timestep   3.64E-04       1,       1 x  3.26E-04 y  3.26E-04
 Wall clock    58.144158124923706     
 Average time per cell    5.8677873283389969E-009
 Step time per cell       5.8302521210862326E-009
 Step      43 time   0.0150085 control    sound    timestep   3.64E-04       1,       1 x  3.26E-04 y  3.26E-04
 Wall clock    59.524344205856323     
 Average time per cell    5.8673734646046881E-009
 Step time per cell       5.8495879784459245E-009
 Step      44 time   0.0153730 control    sound    timestep   3.64E-04       1,       1 x  3.26E-04 y  3.26E-04
 Wall clock    60.891164064407349     
 Average time per cell    5.8656908347782316E-009
 Step time per cell       5.7928425829029746E-009
 Step      45 time   0.0157375 control    sound    timestep   3.65E-04       1,       1 x  3.26E-04 y  3.26E-04
 Wall clock    62.249461174011230     
 Average time per cell    5.8632802302995118E-009
 Step time per cell       5.7568872256928844E-009
 Step      46 time   0.0161020 control    sound    timestep   3.65E-04       1,       1 x  3.26E-04 y  3.26E-04
 Wall clock    63.568818092346191     
 Average time per cell    5.8573863902387930E-009
 Step time per cell       5.5916471966257729E-009
 Step      47 time   0.0164666 control    sound    timestep   3.65E-04       1,       1 x  3.26E-04 y  3.26E-04
 Wall clock    64.992945194244385     
 Average time per cell    5.8611917332718564E-009
 Step time per cell       6.0357372907067963E-009
 Step      48 time   0.0168311 control    sound    timestep   3.65E-04       1,       1 x  3.26E-04 y  3.26E-04
 Wall clock    66.367166996002197     
 Average time per cell    5.8604317237714663E-009
 Step time per cell       5.8242029707697739E-009
 Step      49 time   0.0171958 control    sound    timestep   3.65E-04       1,       1 x  3.26E-04 y  3.26E-04
 Wall clock    67.728959083557129     
 Average time per cell    5.8586275514665053E-009
 Step time per cell       5.7716321559079610E-009
 Step      50 time   0.0175604 control    sound    timestep   3.65E-04       1,       1 x  3.26E-04 y  3.26E-04
 Wall clock    69.209746122360229     
 Average time per cell    5.8669828730570673E-009
 Step time per cell       6.2758681451668966E-009
 Step      51 time   0.0179251 control    sound    timestep   3.65E-04       1,       1 x  3.26E-04 y  3.26E-04
 Wall clock    70.565211057662964     
 Average time per cell    5.8645951562073617E-009
 Step time per cell       5.7450354991791151E-009
 Step      52 time   0.0182899 control    sound    timestep   3.65E-04       1,       1 x  3.26E-04 y  3.26E-04
 Wall clock    71.931547164916992     
 Average time per cell    5.8631853906449691E-009
 Step time per cell       5.7908720110491330E-009
 Step      53 time   0.0186547 control    sound    timestep   3.65E-04       1,       1 x  3.26E-04 y  3.26E-04
 Wall clock    73.317022085189819     
 Average time per cell    5.8633594061245566E-009
 Step time per cell       5.8718443243479774E-009
 Step      54 time   0.0190195 control    sound    timestep   3.65E-04       1,       1 x  3.26E-04 y  3.26E-04
 Wall clock    74.668744087219238     
 Average time per cell    5.8608776522051049E-009
 Step time per cell       5.7289505801034264E-009
 Step      55 time   0.0193844 control    sound    timestep   3.65E-04       1,       1 x  3.26E-04 y  3.26E-04
 Wall clock    76.063940048217773     
 Average time per cell    5.8618364467596016E-009
 Step time per cell       5.9130646453316636E-009
 Step      56 time   0.0197492 control    sound    timestep   3.65E-04       1,       1 x  3.26E-04 y  3.26E-04
 Wall clock    77.455260992050171     
 Average time per cell    5.8624677046556455E-009
 Step time per cell       5.8967038461964371E-009
 Step      57 time   0.0201141 control    sound    timestep   3.65E-04       1,       1 x  3.26E-04 y  3.26E-04
 Wall clock    78.746598005294800     
 Average time per cell    5.8556419510344866E-009
 Step time per cell       5.4730137182761808E-009
 Step      58 time   0.0204789 control    sound    timestep   3.65E-04       1,       1 x  3.26E-04 y  3.26E-04
 Wall clock    80.178132057189941     
 Average time per cell    5.8592969563502417E-009
 Step time per cell       6.0671108157192875E-009
 Step      59 time   0.0208438 control    sound    timestep   3.65E-04       1,       1 x  3.26E-04 y  3.26E-04
 Wall clock    81.540171146392822     
 Average time per cell    5.8578355538745619E-009
 Step time per cell       5.7725911675434976E-009
 Step      60 time   0.0212087 control    sound    timestep   3.65E-04       1,       1 x  3.26E-04 y  3.26E-04
 Wall clock    82.995887041091919     
 Average time per cell    5.8630404324773093E-009
 Step time per cell       6.1696108686090963E-009
 Step      61 time   0.0215736 control    sound    timestep   3.65E-04       1,       1 x  3.26E-04 y  3.26E-04
 Wall clock    84.376236200332642     
 Average time per cell    5.8628378418422238E-009
 Step time per cell       5.8504621039092956E-009
 Step      62 time   0.0219386 control    sound    timestep   3.65E-04       1,       1 x  3.26E-04 y  3.26E-04
 Wall clock    85.708583116531372     
 Average time per cell    5.8593601730327105E-009
 Step time per cell       5.6467565122552012E-009
 Step      63 time   0.0223036 control    sound    timestep   3.65E-04       1,       1 x  3.26E-04 y  3.26E-04
 Wall clock    87.062524080276489     
 Average time per cell    5.8574457239407664E-009
 Step time per cell       5.7382365210085280E-009
 Step      64 time   0.0226686 control    sound    timestep   3.65E-04       1,       1 x  3.26E-04 y  3.26E-04
 Wall clock    88.470365047454834     
 Average time per cell    5.8591607575585338E-009
 Step time per cell       5.9666611681071417E-009
 Step      65 time   0.0230337 control    sound    timestep   3.65E-04       1,       1 x  3.26E-04 y  3.26E-04
 Wall clock    89.835097074508667     
 Average time per cell    5.8580119515775152E-009
 Step time per cell       5.7839204398785818E-009
 Step      66 time   0.0233988 control    sound    timestep   3.65E-04       1,       1 x  3.26E-04 y  3.26E-04
 Wall clock    91.228672981262207     
 Average time per cell    5.8587503260642803E-009
 Step time per cell       5.9062232240749934E-009
 Step      67 time   0.0237639 control    sound    timestep   3.65E-04       1,       1 x  3.26E-04 y  3.26E-04
 Wall clock    92.608349084854126     
 Average time per cell    5.8585873304815672E-009
 Step time per cell       5.8473920540159778E-009
 Step      68 time   0.0241291 control    sound    timestep   3.65E-04       1,       1 x  3.26E-04 y  3.26E-04
 Wall clock    93.992444038391113     
 Average time per cell    5.8587045631153827E-009
 Step time per cell       5.8661094549784646E-009
 Step      69 time   0.0244942 control    sound    timestep   3.65E-04       1,       1 x  3.26E-04 y  3.26E-04
 Wall clock    95.334452152252197     
 Average time per cell    5.8562330747995790E-009
 Step time per cell       5.6876716472389594E-009
 Step      70 time   0.0248594 control    sound    timestep   3.65E-04       1,       1 x  3.26E-04 y  3.26E-04
 Wall clock    96.791455030441284     
 Average time per cell    5.8607952196903094E-009
 Step time per cell       6.1750324675813321E-009
 Step      71 time   0.0252246 control    sound    timestep   3.65E-04       1,       1 x  3.26E-04 y  3.26E-04
 Wall clock    98.089840173721313     
 Average time per cell    5.8557597041672606E-009
 Step time per cell       5.5030785814677884E-009
 Step      72 time   0.0255898 control    sound    timestep   3.65E-04       1,       1 x  3.26E-04 y  3.26E-04
 Wall clock    99.568258047103882     
 Average time per cell    5.8614623721501784E-009
 Step time per cell       6.2658182287123056E-009
 Step      73 time   0.0259550 control    sound    timestep   3.65E-04       1,       1 x  3.26E-04 y  3.26E-04
 Wall clock    100.95889520645142     
 Average time per cell    5.8619120469493322E-009
 Step time per cell       5.8936610811441723E-009
 Step      74 time   0.0263202 control    sound    timestep   3.65E-04       1,       1 x  3.26E-04 y  3.26E-04
 Wall clock    102.32963609695435     
 Average time per cell    5.8612099551269228E-009
 Step time per cell       5.8095510111242123E-009
 Step      75 time   0.0266854 control    sound    timestep   3.65E-04       1,       1 x  3.26E-04 y  3.26E-04
 Wall clock    103.69063401222229     
 Average time per cell    5.8599759709236591E-009
 Step time per cell       5.7682538883657095E-009
 Step      76 time   0.0270507 control    sound    timestep   3.65E-04       1,       1 x  3.26E-04 y  3.26E-04
 Wall clock    105.06456208229065     
 Average time per cell    5.8594955802544185E-009
 Step time per cell       5.8229276570879547E-009
 Step      77 time   0.0274160 control    sound    timestep   3.65E-04       1,       1 x  3.26E-04 y  3.26E-04
 Wall clock    106.45293402671814     
 Average time per cell    5.8598227467457463E-009
 Step time per cell       5.8841447349146217E-009
 Step      78 time   0.0277813 control    sound    timestep   3.65E-04       1,       1 x  3.26E-04 y  3.26E-04
 Wall clock    107.83538103103638     
 Average time per cell    5.8598195606371005E-009
 Step time per cell       5.8591497994105638E-009
 Step      79 time   0.0281467 control    sound    timestep   3.65E-04       1,       1 x  3.26E-04 y  3.26E-04
 Wall clock    109.21018910408020     
 Average time per cell    5.8594066069440773E-009
 Step time per cell       5.8267596614314245E-009
 Step      80 time   0.0285121 control    sound    timestep   3.65E-04       1,       1 x  3.26E-04 y  3.26E-04
 Wall clock    110.63866400718689     
 Average time per cell    5.8618473480641517E-009
 Step time per cell       6.0542384340401943E-009
 Step      81 time   0.0288775 control    sound    timestep   3.65E-04       1,       1 x  3.26E-04 y  3.26E-04
 Wall clock    111.98879909515381     
 Average time per cell    5.8601284730989123E-009
 Step time per cell       5.7223719017606020E-009
 Step      82 time   0.0292429 control    sound    timestep   3.65E-04       1,       1 x  3.26E-04 y  3.26E-04
 Wall clock    113.36838603019714     
 Average time per cell    5.8599738780177844E-009
 Step time per cell       5.8469383172147597E-009
 Step      83 time   0.0296084 control    sound    timestep   3.65E-04       1,       1 x  3.26E-04 y  3.26E-04
 Wall clock    114.75700211524963     
 Average time per cell    5.8602840988000682E-009
 Step time per cell       5.8852048015170213E-009
 Step      84 time   0.0299738 control    sound    timestep   3.65E-04       1,       1 x  3.26E-04 y  3.26E-04
 Wall clock    116.14318013191223     
 Average time per cell    5.8604639109814470E-009
 Step time per cell       5.8749477223803603E-009
 Step      85 time   0.0303393 control    sound    timestep   3.65E-04       1,       1 x  3.26E-04 y  3.26E-04
 Wall clock    117.51534700393677     
 Average time per cell    5.8599408220247138E-009
 Step time per cell       5.8156961636591910E-009
 Step      86 time   0.0307048 control    sound    timestep   3.65E-04       1,       1 x  3.26E-04 y  3.26E-04
 Wall clock    118.88313817977905     
 Average time per cell    5.8592142395778057E-009
 Step time per cell       5.7970687016172127E-009
 Step      87 time   0.0310703 control    sound    timestep   3.66E-04       1,       1 x  3.26E-04 y  3.26E-04
 Wall clock    120.30691218376160     
 First step overhead   4.5539140701293945E-002
real 121.44
user 2855.92
sys 53.15
