
Clover Version    1.000
       MPI Version
   Task Count    384


Clover Version    1.000
       MPI Version
   Task Count    384

 Output file clover.out opened. All output will go there.
 Step       1 time   0.0000000 control    sound    timestep   1.93E-04       1,       1 x  1.63E-04 y  1.63E-04
 Wall clock    1.4033949375152588     
 Average time per cell    1.4870907863142849E-009
 Step time per cell       1.4870907863142849E-009
 Step       2 time   0.0001926 control    sound    timestep   1.18E-04       1,       1 x  1.63E-04 y  1.63E-04
 Wall clock    2.9126129150390625     
 Average time per cell    1.5431578503921628E-009
 Step time per cell       1.5990541315760412E-009
 Step       3 time   0.0003101 control    sound    timestep   1.49E-04       1,       1 x  1.63E-04 y  1.63E-04
 Wall clock    4.2971091270446777     
 Average time per cell    1.5177935589842188E-009
 Step time per cell       1.4669737740607363E-009
 Step       4 time   0.0004595 control    sound    timestep   1.57E-04       1,       1 x  1.63E-04 y  1.63E-04
 Wall clock    5.6901800632476807     
 Average time per cell    1.5073829394572790E-009
 Step time per cell       1.4760282990917201E-009
 Step       5 time   0.0006169 control    sound    timestep   1.73E-04       1,       1 x  1.63E-04 y  1.63E-04
 Wall clock    7.1020259857177734     
 Average time per cell    1.5051155060064048E-009
 Step time per cell       1.4959144007459852E-009
 Step       6 time   0.0007900 control    sound    timestep   1.73E-04       1,       1 x  1.63E-04 y  1.63E-04
 Wall clock    8.4406859874725342     
 Average time per cell    1.4906787850190152E-009
 Step time per cell       1.4184059990738105E-009
 Step       7 time   0.0009628 control    sound    timestep   1.76E-04       1,       1 x  1.63E-04 y  1.63E-04
 Wall clock    9.8440320491790771     
 Average time per cell    1.4901588151082655E-009
 Step time per cell       1.4869169717712793E-009
 Step       8 time   0.0011389 control    sound    timestep   1.85E-04       1,       1 x  1.63E-04 y  1.63E-04
 Wall clock    11.265764951705933     
 Average time per cell    1.4922042623766173E-009
 Step time per cell       1.5063996114703413E-009
 Step       9 time   0.0013241 control    sound    timestep   1.83E-04       1,       1 x  1.63E-04 y  1.63E-04
 Wall clock    12.655938148498535     
 Average time per cell    1.4900794027468051E-009
 Step time per cell       1.4729711337066774E-009
 Step      10 time   0.0015073 control    sound    timestep   1.82E-04       1,       1 x  1.63E-04 y  1.63E-04
 Wall clock    14.111972093582153     
 Average time per cell    1.4953583710545596E-009
 Step time per cell       1.5427980947101282E-009
 Step      11 time   0.0016892 control    sound    timestep   1.81E-04       1,       1 x  1.63E-04 y  1.63E-04
 Wall clock    15.458153963088989     
 Average time per cell    1.4890953953183289E-009
 Step time per cell       1.4264181421215955E-009
 Step      12 time   0.0018698 control    sound    timestep   1.80E-04       1,       1 x  1.63E-04 y  1.63E-04
 Wall clock    16.836590051651001     
 Average time per cell    1.4867243989000497E-009
 Step time per cell       1.4604971612344445E-009
 Step      13 time   0.0020497 control    sound    timestep   1.80E-04       1,       1 x  1.63E-04 y  1.63E-04
 Wall clock    18.228074073791504     
 Average time per cell    1.4857817163868036E-009
 Step time per cell       1.4743414390573486E-009
 Step      14 time   0.0022300 control    sound    timestep   1.81E-04       1,       1 x  1.63E-04 y  1.63E-04
 Wall clock    19.600965023040771     
 Average time per cell    1.4835664221627955E-009
 Step time per cell       1.4546235939229115E-009
 Step      15 time   0.0024111 control    sound    timestep   1.81E-04       1,       1 x  1.63E-04 y  1.63E-04
 Wall clock    21.005207061767578     
 Average time per cell    1.4838612211557727E-009
 Step time per cell       1.4878633515359575E-009
 Step      16 time   0.0025924 control    sound    timestep   1.81E-04       1,       1 x  1.63E-04 y  1.63E-04
 Wall clock    22.406825065612793     
 Average time per cell    1.4839453873112992E-009
 Step time per cell       1.4850891400581330E-009
 Step      17 time   0.0027738 control    sound    timestep   1.81E-04       1,       1 x  1.63E-04 y  1.63E-04
 Wall clock    23.813696146011353     
 Average time per cell    1.4843470845198383E-009
 Step time per cell       1.4906524686213946E-009
 Step      18 time   0.0029553 control    sound    timestep   1.82E-04       1,       1 x  1.63E-04 y  1.63E-04
 Wall clock    25.179060935974121     
 Average time per cell    1.4822607238189156E-009
 Step time per cell       1.4467216007890077E-009
 Step      19 time   0.0031369 control    sound    timestep   1.82E-04       1,       1 x  1.63E-04 y  1.63E-04
 Wall clock    26.533447027206421     
 Average time per cell    1.4797816933083350E-009
 Step time per cell       1.4350181724391101E-009
 Step      20 time   0.0033184 control    sound    timestep   1.82E-04       1,       1 x  1.63E-04 y  1.63E-04
 Wall clock    28.019180059432983     
 Average time per cell    1.4845095771912990E-009
 Step time per cell       1.5742153259957883E-009
 Step      21 time   0.0035000 control    sound    timestep   1.82E-04       1,       1 x  1.63E-04 y  1.63E-04
 Wall clock    29.447337150573730     
 Average time per cell    1.4858819643945911E-009
 Step time per cell       1.5132988866955404E-009
 Step      22 time   0.0036817 control    sound    timestep   1.82E-04       1,       1 x  1.63E-04 y  1.63E-04
 Wall clock    30.863296031951904     
 Average time per cell    1.4865420578442151E-009
 Step time per cell       1.5002812385015810E-009
 Step      23 time   0.0038634 control    sound    timestep   1.82E-04       1,       1 x  1.63E-04 y  1.63E-04
 Wall clock    32.269572973251343     
 Average time per cell    1.4866986930428538E-009
 Step time per cell       1.4900577601414018E-009
 Step      24 time   0.0040452 control    sound    timestep   1.82E-04       1,       1 x  1.63E-04 y  1.63E-04
 Wall clock    33.674447059631348     
 Average time per cell    1.4867803370348325E-009
 Step time per cell       1.4885702310291688E-009
 Step      25 time   0.0042270 control    sound    timestep   1.82E-04       1,       1 x  1.63E-04 y  1.63E-04
 Wall clock    35.046706914901733     
 Average time per cell    1.4854730781937379E-009
 Step time per cell       1.4540225695074898E-009
 Step      26 time   0.0044089 control    sound    timestep   1.82E-04       1,       1 x  1.63E-04 y  1.63E-04
 Wall clock    36.429151058197021     
 Average time per cell    1.4846814415677805E-009
 Step time per cell       1.4648129662317742E-009
 Step      27 time   0.0045908 control    sound    timestep   1.82E-04       1,       1 x  1.63E-04 y  1.63E-04
 Wall clock    37.843666076660156     
 Average time per cell    1.4852070936611220E-009
 Step time per cell       1.4987406555317446E-009
 Step      28 time   0.0047727 control    sound    timestep   1.82E-04       1,       1 x  1.63E-04 y  1.63E-04
 Wall clock    39.230487108230591     
 Average time per cell    1.4846471418740481E-009
 Step time per cell       1.4694511365733990E-009
 Step      29 time   0.0049547 control    sound    timestep   1.82E-04       1,       1 x  1.63E-04 y  1.63E-04
 Wall clock    40.627578973770142     
 Average time per cell    1.4845010959789722E-009
 Step time per cell       1.4802943345178695E-009
 Step      30 time   0.0051367 control    sound    timestep   1.82E-04       1,       1 x  1.63E-04 y  1.63E-04
 Wall clock    42.082720994949341     
 Average time per cell    1.4864151917545651E-009
 Step time per cell       1.5418411041739292E-009
 Step      31 time   0.0053187 control    sound    timestep   1.82E-04       1,       1 x  1.63E-04 y  1.63E-04
 Wall clock    43.447824001312256     
 Average time per cell    1.4851280951179399E-009
 Step time per cell       1.4464631527112538E-009
 Step      32 time   0.0055007 control    sound    timestep   1.82E-04       1,       1 x  1.63E-04 y  1.63E-04
 Wall clock    44.855787992477417     
 Average time per cell    1.4853407274510269E-009
 Step time per cell       1.4918401171194597E-009
 Step      33 time   0.0056827 control    sound    timestep   1.82E-04       1,       1 x  1.63E-04 y  1.63E-04
 Wall clock    46.236624956130981     
 Average time per cell    1.4846694174400798E-009
 Step time per cell       1.4631154954258819E-009
 Step      34 time   0.0058648 control    sound    timestep   1.82E-04       1,       1 x  1.63E-04 y  1.63E-04
 Wall clock    47.627116918563843     
 Average time per cell    1.4843385022781673E-009
 Step time per cell       1.4733091625708363E-009
 Step      35 time   0.0060468 control    sound    timestep   1.82E-04       1,       1 x  1.63E-04 y  1.63E-04
 Wall clock    49.013492107391357     
 Average time per cell    1.4839018596888757E-009
 Step time per cell       1.4689296929443824E-009
 Step      36 time   0.0062289 control    sound    timestep   1.82E-04       1,       1 x  1.63E-04 y  1.63E-04
 Wall clock    50.427119016647339     
 Average time per cell    1.4842916128561037E-009
 Step time per cell       1.4978069076379245E-009
 Step      37 time   0.0064110 control    sound    timestep   1.82E-04       1,       1 x  1.63E-04 y  1.63E-04
 Wall clock    51.810554027557373     
 Average time per cell    1.4837956364822782E-009
 Step time per cell       1.4658419584318633E-009
 Step      38 time   0.0065932 control    sound    timestep   1.82E-04       1,       1 x  1.63E-04 y  1.63E-04
 Wall clock    53.199799060821533     
 Average time per cell    1.4834877778444104E-009
 Step time per cell       1.4720025218492892E-009
 Step      39 time   0.0067754 control    sound    timestep   1.82E-04       1,       1 x  1.63E-04 y  1.63E-04
 Wall clock    54.512382984161377     
 Average time per cell    1.4811128084927578E-009
 Step time per cell       1.3907823712442122E-009
 Step      40 time   0.0069576 control    sound    timestep   1.82E-04       1,       1 x  1.63E-04 y  1.63E-04
 Wall clock    56.027529001235962     
 Average time per cell    1.4842226505606960E-009
 Step time per cell       1.6053897727235583E-009
 Step      41 time   0.0071398 control    sound    timestep   1.82E-04       1,       1 x  1.63E-04 y  1.63E-04
 Wall clock    57.387119054794312     
 Average time per cell    1.4831604752060989E-009
 Step time per cell       1.4406161123285225E-009
 Step      42 time   0.0073220 control    sound    timestep   1.82E-04       1,       1 x  1.63E-04 y  1.63E-04
 Wall clock    58.815858125686646     
 Average time per cell    1.4838934733296614E-009
 Step time per cell       1.5138289199967404E-009
 Step      43 time   0.0075043 control    sound    timestep   1.82E-04       1,       1 x  1.63E-04 y  1.63E-04
 Wall clock    60.174606084823608     
 Average time per cell    1.4828676052444321E-009
 Step time per cell       1.4396732694876846E-009
 Step      44 time   0.0076865 control    sound    timestep   1.82E-04       1,       1 x  1.63E-04 y  1.63E-04
 Wall clock    61.565634012222290     
 Average time per cell    1.4826657558263501E-009
 Step time per cell       1.4738664807130893E-009
 Step      45 time   0.0078687 control    sound    timestep   1.82E-04       1,       1 x  1.63E-04 y  1.63E-04
 Wall clock    62.930189132690430     
 Average time per cell    1.4818495087020882E-009
 Step time per cell       1.4458042743273028E-009
 Step      46 time   0.0080510 control    sound    timestep   1.82E-04       1,       1 x  1.63E-04 y  1.63E-04
 Wall clock    64.369827985763550     
 Average time per cell    1.4827983502780423E-009
 Step time per cell       1.5253870818317713E-009
 Step      47 time   0.0082333 control    sound    timestep   1.82E-04       1,       1 x  1.63E-04 y  1.63E-04
 Wall clock    65.759268999099731     
 Average time per cell    1.4825750806168119E-009
 Step time per cell       1.4721816417780550E-009
 Step      48 time   0.0084156 control    sound    timestep   1.82E-04       1,       1 x  1.63E-04 y  1.63E-04
 Wall clock    67.135684013366699     
 Average time per cell    1.4820735545813309E-009
 Step time per cell       1.4583777859418963E-009
 Step      49 time   0.0085979 control    sound    timestep   1.82E-04       1,       1 x  1.63E-04 y  1.63E-04
 Wall clock    68.522830009460449     
 Average time per cell    1.4818245593536024E-009
 Step time per cell       1.4697404064160461E-009
 Step      50 time   0.0087802 control    sound    timestep   1.82E-04       1,       1 x  1.63E-04 y  1.63E-04
 Wall clock    69.989262104034424     
 Average time per cell    1.4832658153965087E-009
 Step time per cell       1.5537367895982849E-009
 Step      51 time   0.0089626 control    sound    timestep   1.82E-04       1,       1 x  1.63E-04 y  1.63E-04
 Wall clock    71.382148027420044     
 Average time per cell    1.4831224667463957E-009
 Step time per cell       1.4759115806049926E-009
 Step      52 time   0.0091450 control    sound    timestep   1.82E-04       1,       1 x  1.63E-04 y  1.63E-04
 Wall clock    72.749047994613647     
 Average time per cell    1.4824550986211248E-009
 Step time per cell       1.4483420171826664E-009
 Step      53 time   0.0093274 control    sound    timestep   1.82E-04       1,       1 x  1.63E-04 y  1.63E-04
 Wall clock    74.119019985198975     
 Average time per cell    1.4818743336915266E-009
 Step time per cell       1.4515495018309189E-009
 Step      54 time   0.0095098 control    sound    timestep   1.82E-04       1,       1 x  1.63E-04 y  1.63E-04
 Wall clock    75.529813051223755     
 Average time per cell    1.4821161076114747E-009
 Step time per cell       1.4948050698472395E-009
 Step      55 time   0.0096922 control    sound    timestep   1.82E-04       1,       1 x  1.63E-04 y  1.63E-04
 Wall clock    76.924765110015869     
 Average time per cell    1.4820438945657724E-009
 Step time per cell       1.4780521774405821E-009
 Step      56 time   0.0098746 control    sound    timestep   1.82E-04       1,       1 x  1.63E-04 y  1.63E-04
 Wall clock    78.308797121047974     
 Average time per cell    1.4817676302184751E-009
 Step time per cell       1.4664523304317199E-009
 Step      57 time   0.0100570 control    sound    timestep   1.82E-04       1,       1 x  1.63E-04 y  1.63E-04
 Wall clock    79.674797058105469     
 Average time per cell    1.4811658405301254E-009
 Step time per cell       1.4473873003832219E-009
 Step      58 time   0.0102395 control    sound    timestep   1.82E-04       1,       1 x  1.63E-04 y  1.63E-04
 Wall clock    81.099039077758789     
 Average time per cell    1.4816488630974209E-009
 Step time per cell       1.5090593781981927E-009
 Step      59 time   0.0104219 control    sound    timestep   1.82E-04       1,       1 x  1.63E-04 y  1.63E-04
 Wall clock    82.497570037841797     
 Average time per cell    1.4816537422036818E-009
 Step time per cell       1.4818073800092357E-009
 Step      60 time   0.0106044 control    sound    timestep   1.82E-04       1,       1 x  1.63E-04 y  1.63E-04
 Wall clock    83.959834098815918     
 Average time per cell    1.4827840257364895E-009
 Step time per cell       1.5493489829370649E-009
 Step      61 time   0.0107868 control    sound    timestep   1.82E-04       1,       1 x  1.63E-04 y  1.63E-04
 Wall clock    85.339605093002319     
 Average time per cell    1.4824442540883119E-009
 Step time per cell       1.4619826692473401E-009
 Step      62 time   0.0109693 control    sound    timestep   1.82E-04       1,       1 x  1.63E-04 y  1.63E-04
 Wall clock    86.732958078384399     
 Average time per cell    1.4823475717794835E-009
 Step time per cell       1.4763049370635095E-009
 Step      63 time   0.0111518 control    sound    timestep   1.83E-04       1,       1 x  1.63E-04 y  1.63E-04
 Wall clock    88.096853971481323     
 Average time per cell    1.4817585006841919E-009
 Step time per cell       1.4451375641834198E-009
 Step      64 time   0.0113343 control    sound    timestep   1.83E-04       1,       1 x  1.63E-04 y  1.63E-04
 Wall clock    89.543823003768921     
 Average time per cell    1.4825632672139161E-009
 Step time per cell       1.5331584614210037E-009
 Step      65 time   0.0115168 control    sound    timestep   1.83E-04       1,       1 x  1.63E-04 y  1.63E-04
 Wall clock    90.964793920516968     
 Average time per cell    1.4829194471655458E-009
 Step time per cell       1.5055782872271569E-009
 Step      66 time   0.0116994 control    sound    timestep   1.83E-04       1,       1 x  1.63E-04 y  1.63E-04
 Wall clock    92.365808010101318     
 Average time per cell    1.4829444244670759E-009
 Step time per cell       1.4844449146443770E-009
 Step      67 time   0.0118819 control    sound    timestep   1.83E-04       1,       1 x  1.63E-04 y  1.63E-04
 Wall clock    93.706534147262573     
 Average time per cell    1.4820151723994952E-009
 Step time per cell       1.4205849967968080E-009
 Step      68 time   0.0120645 control    sound    timestep   1.83E-04       1,       1 x  1.63E-04 y  1.63E-04
 Wall clock    95.157665967941284     
 Average time per cell    1.4828336935096517E-009
 Step time per cell       1.5375518261054013E-009
 Step      69 time   0.0122471 control    sound    timestep   1.83E-04       1,       1 x  1.63E-04 y  1.63E-04
 Wall clock    96.514734983444214     
 Average time per cell    1.4821839598786884E-009
 Step time per cell       1.4378800491006890E-009
 Step      70 time   0.0124297 control    sound    timestep   1.83E-04       1,       1 x  1.63E-04 y  1.63E-04
 Wall clock    98.036093950271606     
 Average time per cell    1.4840397600184789E-009
 Step time per cell       1.6119649141425423E-009
 Step      71 time   0.0126123 control    sound    timestep   1.83E-04       1,       1 x  1.63E-04 y  1.63E-04
 Wall clock    99.365682125091553     
 Average time per cell    1.4829812046148265E-009
 Step time per cell       1.4088578205296978E-009
 Step      72 time   0.0127949 control    sound    timestep   1.83E-04       1,       1 x  1.63E-04 y  1.63E-04
 Wall clock    100.79114603996277     
 Average time per cell    1.4833630756090124E-009
 Step time per cell       1.5103415130902755E-009
 Step      73 time   0.0129775 control    sound    timestep   1.83E-04       1,       1 x  1.63E-04 y  1.63E-04
 Wall clock    102.14843893051147     
 Average time per cell    1.4827449416898190E-009
 Step time per cell       1.4381534027860552E-009
 Step      74 time   0.0131601 control    sound    timestep   1.83E-04       1,       1 x  1.63E-04 y  1.63E-04
 Wall clock    103.55745005607605     
 Average time per cell    1.4828840899549956E-009
 Step time per cell       1.4929155946043061E-009
 Step      75 time   0.0133427 control    sound    timestep   1.83E-04       1,       1 x  1.63E-04 y  1.63E-04
 Wall clock    104.99424695968628     
 Average time per cell    1.4834120991980416E-009
 Step time per cell       1.5223513906271870E-009
 Step      76 time   0.0135254 control    sound    timestep   1.83E-04       1,       1 x  1.63E-04 y  1.63E-04
 Wall clock    106.32100296020508     
 Average time per cell    1.4823919563991295E-009
 Step time per cell       1.4058132870155128E-009
 Step      77 time   0.0137080 control    sound    timestep   1.83E-04       1,       1 x  1.63E-04 y  1.63E-04
 Wall clock    107.75897192955017     
 Average time per cell    1.4829287718838967E-009
 Step time per cell       1.5236059880407993E-009
 Step      78 time   0.0138907 control    sound    timestep   1.83E-04       1,       1 x  1.63E-04 y  1.63E-04
 Wall clock    109.15759491920471     
 Average time per cell    1.4829173036342294E-009
 Step time per cell       1.4819609835588684E-009
 Step      79 time   0.0140733 control    sound    timestep   1.83E-04       1,       1 x  1.63E-04 y  1.63E-04
 Wall clock    110.54338502883911     
 Average time per cell    1.4827339964924195E-009
 Step time per cell       1.4683438267739905E-009
 Step      80 time   0.0142560 control    sound    timestep   1.83E-04       1,       1 x  1.63E-04 y  1.63E-04
 Wall clock    112.02248406410217     
 Average time per cell    1.4837911932217039E-009
 Step time per cell       1.5672397542706069E-009
 Step      81 time   0.0144387 control    sound    timestep   1.83E-04       1,       1 x  1.63E-04 y  1.63E-04
 Wall clock    113.37757205963135     
 Average time per cell    1.4831999798322260E-009
 Step time per cell       1.4358763817451997E-009
 Step      82 time   0.0146215 control    sound    timestep   1.83E-04       1,       1 x  1.63E-04 y  1.63E-04
 Wall clock    114.75755810737610     
 Average time per cell    1.4829449292751004E-009
 Step time per cell       1.4621660840121978E-009
 Step      83 time   0.0148042 control    sound    timestep   1.83E-04       1,       1 x  1.63E-04 y  1.63E-04
 Wall clock    116.18129301071167     
 Average time per cell    1.4832545540988578E-009
 Step time per cell       1.5084965020327623E-009
 Step      84 time   0.0149869 control    sound    timestep   1.83E-04       1,       1 x  1.63E-04 y  1.63E-04
 Wall clock    117.58040809631348     
 Average time per cell    1.4832462343124294E-009
 Step time per cell       1.4824263416812755E-009
 Step      85 time   0.0151697 control    sound    timestep   1.83E-04       1,       1 x  1.63E-04 y  1.63E-04
 Wall clock    118.96323013305664     
 Average time per cell    1.4830349957466953E-009
 Step time per cell       1.4651893959833412E-009
 Step      86 time   0.0153524 control    sound    timestep   1.83E-04       1,       1 x  1.63E-04 y  1.63E-04
 Wall clock    120.33281302452087     
 Average time per cell    1.4826655452506594E-009
 Step time per cell       1.4511510926240588E-009
 Step      87 time   0.0155351 control    sound    timestep   1.83E-04       1,       1 x  1.63E-04 y  1.63E-04
 Wall clock    121.81006503105164     
 First step overhead -0.10566282272338867     
real 122.97
user 2904.78
sys 40.93
