
Clover Version    1.000
       MPI Version
   Task Count    768


Clover Version    1.000
       MPI Version
   Task Count    768

 Output file clover.out opened. All output will go there.
 Step       1 time   0.0000000 control    sound    timestep   9.63E-05       1,       1 x  8.14E-05 y  1.63E-04
 Wall clock    1.4152028560638428     
 Average time per cell    7.4980145351825442E-010
 Step time per cell       7.4980145351825442E-010
 Step       2 time   0.0000963 control    sound    timestep   8.11E-05       1,       1 x  8.14E-05 y  1.63E-04
 Wall clock    2.8554279804229736     
 Average time per cell    7.5643009091032181E-010
 Step time per cell       7.6297864224114974E-010
 Step       3 time   0.0001774 control    sound    timestep   7.40E-05       1,       1 x  8.14E-05 y  1.63E-04
 Wall clock    4.2487189769744873     
 Average time per cell    7.5035077147563078E-010
 Step time per cell       7.3811533083143233E-010
 Step       4 time   0.0002514 control    sound    timestep   7.72E-05       1,       1 x  8.14E-05 y  1.63E-04
 Wall clock    5.6600828170776367     
 Average time per cell    7.4970494602489954E-010
 Step time per cell       7.4770178394424468E-010
 Step       5 time   0.0003286 control    sound    timestep   8.38E-05       1,       1 x  8.14E-05 y  1.63E-04
 Wall clock    7.0283489227294922     
 Average time per cell    7.4475065048318353E-010
 Step time per cell       7.2486664571948092E-010
 Step       6 time   0.0004124 control    sound    timestep   8.71E-05       1,       1 x  8.14E-05 y  1.63E-04
 Wall clock    8.3117508888244629     
 Average time per cell    7.3395401361469543E-010
 Step time per cell       6.7989188007939240E-010
 Step       7 time   0.0004995 control    sound    timestep   8.85E-05       1,       1 x  8.14E-05 y  1.63E-04
 Wall clock    9.8139359951019287     
 Average time per cell    7.4280148423678749E-010
 Step time per cell       7.9582479075826187E-010
 Step       8 time   0.0005881 control    sound    timestep   9.16E-05       1,       1 x  8.14E-05 y  1.63E-04
 Wall clock    11.195660829544067     
 Average time per cell    7.4145931863414367E-010
 Step time per cell       7.3198735764081999E-010
 Step       9 time   0.0006796 control    sound    timestep   9.10E-05       1,       1 x  8.14E-05 y  1.63E-04
 Wall clock    12.620836973190308     
 Average time per cell    7.4297333783222169E-010
 Step time per cell       7.5500856332332152E-010
 Step      10 time   0.0007707 control    sound    timestep   9.10E-05       1,       1 x  8.14E-05 y  1.63E-04
 Wall clock    14.131901025772095     
 Average time per cell    7.4873505834855475E-010
 Step time per cell       8.0052435199225632E-010
 Step      11 time   0.0008617 control    sound    timestep   9.08E-05       1,       1 x  8.14E-05 y  1.63E-04
 Wall clock    15.465984821319580     
 Average time per cell    7.4492487383946410E-010
 Step time per cell       7.0680824945965370E-010
 Step      12 time   0.0009525 control    sound    timestep   9.06E-05       1,       1 x  8.14E-05 y  1.63E-04
 Wall clock    16.860505819320679     
 Average time per cell    7.4441811858815965E-010
 Step time per cell       7.3877484080892626E-010
 Step      13 time   0.0010432 control    sound    timestep   9.06E-05       1,       1 x  8.14E-05 y  1.63E-04
 Wall clock    18.295049905776978     
 Average time per cell    7.4562047916709780E-010
 Step time per cell       7.5997566758208752E-010
 Step      14 time   0.0011337 control    sound    timestep   9.07E-05       1,       1 x  8.14E-05 y  1.63E-04
 Wall clock    19.713327884674072     
 Average time per cell    7.4603549581384174E-010
 Step time per cell       7.5135327885315443E-010
 Step      15 time   0.0012244 control    sound    timestep   9.09E-05       1,       1 x  8.14E-05 y  1.63E-04
 Wall clock    21.092192888259888     
 Average time per cell    7.4500306052666724E-010
 Step time per cell       7.3050336545242717E-010
 Step      16 time   0.0013153 control    sound    timestep   9.09E-05       1,       1 x  8.14E-05 y  1.63E-04
 Wall clock    22.467551946640015     
 Average time per cell    7.4398358486228569E-010
 Step time per cell       7.2862197460684304E-010
 Step      17 time   0.0014062 control    sound    timestep   9.09E-05       1,       1 x  8.14E-05 y  1.63E-04
 Wall clock    23.853462934494019     
 Average time per cell    7.4341290712337929E-010
 Step time per cell       7.3422117768334117E-010
 Step      18 time   0.0014971 control    sound    timestep   9.09E-05       1,       1 x  8.14E-05 y  1.63E-04
 Wall clock    25.274070024490356     
 Average time per cell    7.4392689671017085E-010
 Step time per cell       7.5259789708878893E-010
 Step      19 time   0.0015880 control    sound    timestep   9.09E-05       1,       1 x  8.14E-05 y  1.63E-04
 Wall clock    26.690351009368896     
 Average time per cell    7.4426614776323824E-010
 Step time per cell       7.5030015977972653E-010
 Step      20 time   0.0016789 control    sound    timestep   9.09E-05       1,       1 x  8.14E-05 y  1.63E-04
 Wall clock    28.154999971389771     
 Average time per cell    7.4585278753147580E-010
 Step time per cell       7.7595978432832960E-010
 Step      21 time   0.0017699 control    sound    timestep   9.09E-05       1,       1 x  8.14E-05 y  1.63E-04
 Wall clock    29.512809991836548     
 Average time per cell    7.4459282788868425E-010
 Step time per cell       7.1937304508335529E-010
 Step      22 time   0.0018608 control    sound    timestep   9.09E-05       1,       1 x  8.14E-05 y  1.63E-04
 Wall clock    30.956141948699951     
 Average time per cell    7.4550700786619358E-010
 Step time per cell       7.6463594369771371E-010
 Step      23 time   0.0019517 control    sound    timestep   9.09E-05       1,       1 x  8.14E-05 y  1.63E-04
 Wall clock    32.338852882385254     
 Average time per cell    7.4494525159350351E-010
 Step time per cell       7.3252774907612348E-010
 Step      24 time   0.0020427 control    sound    timestep   9.10E-05       1,       1 x  8.14E-05 y  1.63E-04
 Wall clock    33.746469020843506     
 Average time per cell    7.4498011052263021E-010
 Step time per cell       7.4571188532799068E-010
 Step      25 time   0.0021336 control    sound    timestep   9.10E-05       1,       1 x  8.14E-05 y  1.63E-04
 Wall clock    35.167490959167480     
 Average time per cell    7.4529628667126724E-010
 Step time per cell       7.5282097592814048E-010
 Step      26 time   0.0022246 control    sound    timestep   9.10E-05       1,       1 x  8.14E-05 y  1.63E-04
 Wall clock    36.581377983093262     
 Average time per cell    7.4544274874412632E-010
 Step time per cell       7.4904126753002246E-010
 Step      27 time   0.0023156 control    sound    timestep   9.10E-05       1,       1 x  8.14E-05 y  1.63E-04
 Wall clock    38.030822992324829     
 Average time per cell    7.4627611357145018E-010
 Step time per cell       7.6787740807857419E-010
 Step      28 time   0.0024065 control    sound    timestep   9.10E-05       1,       1 x  8.14E-05 y  1.63E-04
 Wall clock    39.424916982650757     
 Average time per cell    7.4600259430163921E-010
 Step time per cell       7.3857677307387350E-010
 Step      29 time   0.0024975 control    sound    timestep   9.10E-05       1,       1 x  8.14E-05 y  1.63E-04
 Wall clock    40.838156938552856     
 Average time per cell    7.4609772800125573E-010
 Step time per cell       7.4870210179748638E-010
 Step      30 time   0.0025884 control    sound    timestep   9.10E-05       1,       1 x  8.14E-05 y  1.63E-04
 Wall clock    42.312640905380249     
 Average time per cell    7.4726812760706739E-010
 Step time per cell       7.8114819896452702E-010
 Step      31 time   0.0026794 control    sound    timestep   9.10E-05       1,       1 x  8.14E-05 y  1.63E-04
 Wall clock    43.702155828475952     
 Average time per cell    7.4691081693908989E-010
 Step time per cell       7.3617608601731869E-010
 Step      32 time   0.0027704 control    sound    timestep   9.10E-05       1,       1 x  8.14E-05 y  1.63E-04
 Wall clock    45.110196828842163     
 Average time per cell    7.4688257159196935E-010
 Step time per cell       7.4596300692064692E-010
 Step      33 time   0.0028614 control    sound    timestep   9.10E-05       1,       1 x  8.14E-05 y  1.63E-04
 Wall clock    46.489408969879150     
 Average time per cell    7.4639318719663443E-010
 Step time per cell       7.3068513807407326E-010
 Step      34 time   0.0029523 control    sound    timestep   9.10E-05       1,       1 x  8.14E-05 y  1.63E-04
 Wall clock    47.916350841522217     
 Average time per cell    7.4667635839004480E-010
 Step time per cell       7.5595317462607956E-010
 Step      35 time   0.0030433 control    sound    timestep   9.10E-05       1,       1 x  8.14E-05 y  1.63E-04
 Wall clock    49.245666980743408     
 Average time per cell    7.4546552053698902E-010
 Step time per cell       7.0423185307946472E-010
 Step      36 time   0.0031343 control    sound    timestep   9.10E-05       1,       1 x  8.14E-05 y  1.63E-04
 Wall clock    50.731117963790894     
 Average time per cell    7.4661981859017143E-010
 Step time per cell       7.8695304889859267E-010
 Step      37 time   0.0032253 control    sound    timestep   9.10E-05       1,       1 x  8.14E-05 y  1.63E-04
 Wall clock    52.121373891830444     
 Average time per cell    7.4634858282951903E-010
 Step time per cell       7.3652586252137555E-010
 Step      38 time   0.0033163 control    sound    timestep   9.10E-05       1,       1 x  8.14E-05 y  1.63E-04
 Wall clock    53.592458963394165     
 Average time per cell    7.4721859161469208E-010
 Step time per cell       7.7935169429110829E-010
 Step      39 time   0.0034073 control    sound    timestep   9.10E-05       1,       1 x  8.14E-05 y  1.63E-04
 Wall clock    55.071032047271729     
 Average time per cell    7.4814570999242950E-010
 Step time per cell       7.8330951206832350E-010
 Step      40 time   0.0034982 control    sound    timestep   9.10E-05       1,       1 x  8.14E-05 y  1.63E-04
 Wall clock    56.518090009689331     
 Average time per cell    7.4860903964690806E-010
 Step time per cell       7.6663076874360238E-010
 Step      41 time   0.0035892 control    sound    timestep   9.10E-05       1,       1 x  8.14E-05 y  1.63E-04
 Wall clock    57.885581016540527     
 Average time per cell    7.4802157053831832E-010
 Step time per cell       7.2449905827751433E-010
 Step      42 time   0.0036802 control    sound    timestep   9.10E-05       1,       1 x  8.14E-05 y  1.63E-04
 Wall clock    59.296707868576050     
 Average time per cell    7.4801253097493873E-010
 Step time per cell       7.4758948661231748E-010
 Step      43 time   0.0037712 control    sound    timestep   9.10E-05       1,       1 x  8.14E-05 y  1.63E-04
 Wall clock    60.660367012023926     
 Average time per cell    7.4741904448506660E-010
 Step time per cell       7.2245863217782852E-010
 Step      44 time   0.0038622 control    sound    timestep   9.10E-05       1,       1 x  8.14E-05 y  1.63E-04
 Wall clock    62.084291934967041     
 Average time per cell    7.4757821553845645E-010
 Step time per cell       7.5435739038059389E-010
 Step      45 time   0.0039532 control    sound    timestep   9.10E-05       1,       1 x  8.14E-05 y  1.63E-04
 Wall clock    63.470859050750732     
 Average time per cell    7.4729047057953270E-010
 Step time per cell       7.3456400665842615E-010
 Step      46 time   0.0040442 control    sound    timestep   9.10E-05       1,       1 x  8.14E-05 y  1.63E-04
 Wall clock    64.915937900543213     
 Average time per cell    7.4768916305762227E-010
 Step time per cell       7.6556362829352208E-010
 Step      47 time   0.0041352 control    sound    timestep   9.10E-05       1,       1 x  8.14E-05 y  1.63E-04
 Wall clock    66.293283939361572     
 Average time per cell    7.4730735512052102E-010
 Step time per cell       7.2969644154202093E-010
 Step      48 time   0.0042262 control    sound    timestep   9.10E-05       1,       1 x  8.14E-05 y  1.63E-04
 Wall clock    67.756187915802002     
 Average time per cell    7.4788583556592466E-010
 Step time per cell       7.7500708862822245E-010
 Step      49 time   0.0043173 control    sound    timestep   9.10E-05       1,       1 x  8.14E-05 y  1.63E-04
 Wall clock    69.113586902618408     
 Average time per cell    7.4729991772946217E-010
 Step time per cell       7.1913026052546534E-010
 Step      50 time   0.0044083 control    sound    timestep   9.10E-05       1,       1 x  8.14E-05 y  1.63E-04
 Wall clock    70.650061845779419     
 Average time per cell    7.4863499372036633E-010
 Step time per cell       8.1398550517203851E-010
 Step      51 time   0.0044993 control    sound    timestep   9.10E-05       1,       1 x  8.14E-05 y  1.63E-04
 Wall clock    72.015952825546265     
 Average time per cell    7.4814558367372097E-010
 Step time per cell       7.2364324902688777E-010
 Step      52 time   0.0045903 control    sound    timestep   9.10E-05       1,       1 x  8.14E-05 y  1.63E-04
 Wall clock    73.443809986114502     
 Average time per cell    7.4830635985874215E-010
 Step time per cell       7.5643912269798526E-010
 Step      53 time   0.0046813 control    sound    timestep   9.10E-05       1,       1 x  8.14E-05 y  1.63E-04
 Wall clock    74.885231971740723     
 Average time per cell    7.4859667095988771E-010
 Step time per cell       7.6364408919794695E-010
 Step      54 time   0.0047723 control    sound    timestep   9.10E-05       1,       1 x  8.14E-05 y  1.63E-04
 Wall clock    76.256935834884644     
 Average time per cell    7.4819219293795147E-010
 Step time per cell       7.2670521452285663E-010
 Step      55 time   0.0048633 control    sound    timestep   9.10E-05       1,       1 x  8.14E-05 y  1.63E-04
 Wall clock    77.688169002532959     
 Average time per cell    7.4837587339741251E-010
 Step time per cell       7.5822463764375750E-010
 Step      56 time   0.0049544 control    sound    timestep   9.10E-05       1,       1 x  8.14E-05 y  1.63E-04
 Wall clock    79.101443052291870     
 Average time per cell    7.4838308164327744E-010
 Step time per cell       7.4874037636618593E-010
 Step      57 time   0.0050454 control    sound    timestep   9.10E-05       1,       1 x  8.14E-05 y  1.63E-04
 Wall clock    80.484073877334595     
 Average time per cell    7.4810520600932936E-010
 Step time per cell       7.3250134846603028E-010
 Step      58 time   0.0051364 control    sound    timestep   9.10E-05       1,       1 x  8.14E-05 y  1.63E-04
 Wall clock    81.903574943542480     
 Average time per cell    7.4817371499531549E-010
 Step time per cell       7.5201569416094573E-010
 Step      59 time   0.0052275 control    sound    timestep   9.10E-05       1,       1 x  8.14E-05 y  1.63E-04
 Wall clock    83.314009904861450     
 Average time per cell    7.4815848816461663E-010
 Step time per cell       7.4721229894849882E-010
 Step      60 time   0.0053185 control    sound    timestep   9.10E-05       1,       1 x  8.14E-05 y  1.63E-04
 Wall clock    84.973182916641235     
 Average time per cell    7.5034020491565808E-010
 Step time per cell       8.7901639744814018E-010
 Step      61 time   0.0054095 control    sound    timestep   9.10E-05       1,       1 x  8.14E-05 y  1.63E-04
 Wall clock    86.422925949096680     
 Average time per cell    7.5063137364601767E-010
 Step time per cell       7.6808457076064467E-010
 Step      62 time   0.0055006 control    sound    timestep   9.10E-05       1,       1 x  8.14E-05 y  1.63E-04
 Wall clock    87.877133846282959     
 Average time per cell    7.5095130419887485E-010
 Step time per cell       7.7039771895215378E-010
 Step      63 time   0.0055916 control    sound    timestep   9.11E-05       1,       1 x  8.14E-05 y  1.63E-04
 Wall clock    89.293251037597656     
 Average time per cell    7.5094074200152219E-010
 Step time per cell       7.5024293740474001E-010
 Step      64 time   0.0056827 control    sound    timestep   9.10E-05       1,       1 x  8.14E-05 y  1.63E-04
 Wall clock    90.676089048385620     
 Average time per cell    7.5065501074315454E-010
 Step time per cell       7.3260366661997980E-010
 Step      65 time   0.0057737 control    sound    timestep   9.11E-05       1,       1 x  8.14E-05 y  1.63E-04
 Wall clock    92.064523935317993     
 Average time per cell    7.5042369170325833E-010
 Step time per cell       7.3555308214660418E-010
 Step      66 time   0.0058648 control    sound    timestep   9.11E-05       1,       1 x  8.14E-05 y  1.63E-04
 Wall clock    93.513476848602295     
 Average time per cell    7.5068519451483564E-010
 Step time per cell       7.6761150719701413E-010
 Step      67 time   0.0059558 control    sound    timestep   9.11E-05       1,       1 x  8.14E-05 y  1.63E-04
 Wall clock    94.949043989181519     
 Average time per cell    7.5083303996525415E-010
 Step time per cell       7.6054309122102700E-010
 Step      68 time   0.0060469 control    sound    timestep   9.11E-05       1,       1 x  8.14E-05 y  1.63E-04
 Wall clock    96.385185003280640     
 Average time per cell    7.5098100833083005E-010
 Step time per cell       7.6085674057443005E-010
 Step      69 time   0.0061379 control    sound    timestep   9.11E-05       1,       1 x  8.14E-05 y  1.63E-04
 Wall clock    97.798362016677856     
 Average time per cell    7.5094835782533184E-010
 Step time per cell       7.4868100657315357E-010
 Step      70 time   0.0062290 control    sound    timestep   9.11E-05       1,       1 x  8.14E-05 y  1.63E-04
 Wall clock    99.258152961730957     
 Average time per cell    7.5126945375814101E-010
 Step time per cell       7.7337580882562585E-010
 Step      71 time   0.0063200 control    sound    timestep   9.11E-05       1,       1 x  8.14E-05 y  1.63E-04
 Wall clock    100.61419296264648     
 Average time per cell    7.5080729025366521E-010
 Step time per cell       7.1843626554052920E-010
 Step      72 time   0.0064111 control    sound    timestep   9.11E-05       1,       1 x  8.14E-05 y  1.63E-04
 Wall clock    101.97811293601990     
 Average time per cell    7.5041595017483127E-010
 Step time per cell       7.2256246615628089E-010
 Step      73 time   0.0065022 control    sound    timestep   9.11E-05       1,       1 x  8.14E-05 y  1.63E-04
 Wall clock    103.42315483093262     
 Average time per cell    7.5062409805150245E-010
 Step time per cell       7.6554985955428697E-010
 Step      74 time   0.0065932 control    sound    timestep   9.11E-05       1,       1 x  8.14E-05 y  1.63E-04
 Wall clock    104.77877688407898     
 Average time per cell    7.5018639954059315E-010
 Step time per cell       7.1816278553645437E-010
 Step      75 time   0.0066843 control    sound    timestep   9.11E-05       1,       1 x  8.14E-05 y  1.63E-04
 Wall clock    106.23168992996216     
 Average time per cell    7.5044766129361013E-010
 Step time per cell       7.6971951380579006E-010
 Step      76 time   0.0067754 control    sound    timestep   9.11E-05       1,       1 x  8.14E-05 y  1.63E-04
 Wall clock    107.62399601936340     
 Average time per cell    7.5027953825055089E-010
 Step time per cell       7.3760197159976493E-010
 Step      77 time   0.0068665 control    sound    timestep   9.11E-05       1,       1 x  8.14E-05 y  1.63E-04
 Wall clock    109.01255989074707     
 Average time per cell    7.5009003270926122E-010
 Step time per cell       7.3561977842473424E-010
 Step      78 time   0.0069576 control    sound    timestep   9.11E-05       1,       1 x  8.14E-05 y  1.63E-04
 Wall clock    110.47619199752808     
 Average time per cell    7.5041529118524372E-010
 Step time per cell       7.7539337123905883E-010
 Step      79 time   0.0070486 control    sound    timestep   9.11E-05       1,       1 x  8.14E-05 y  1.63E-04
 Wall clock    111.88183784484863     
 Average time per cell    7.5034342633587153E-010
 Step time per cell       7.4469085120654198E-010
 Step      80 time   0.0071397 control    sound    timestep   9.11E-05       1,       1 x  8.14E-05 y  1.63E-04
 Wall clock    113.37300395965576     
 Average time per cell    7.5083973645935962E-010
 Step time per cell       7.8999151911476571E-010
 Step      81 time   0.0072308 control    sound    timestep   9.11E-05       1,       1 x  8.14E-05 y  1.63E-04
 Wall clock    114.72721886634827     
 Average time per cell    7.5042799743178953E-010
 Step time per cell       7.1747396961856997E-010
 Step      82 time   0.0073219 control    sound    timestep   9.11E-05       1,       1 x  8.14E-05 y  1.63E-04
 Wall clock    116.15168285369873     
 Average time per cell    7.5048019474889352E-010
 Step time per cell       7.5463819686976621E-010
 Step      83 time   0.0074130 control    sound    timestep   9.11E-05       1,       1 x  8.14E-05 y  1.63E-04
 Wall clock    117.54149699211121     
 Average time per cell    7.5030995176250966E-010
 Step time per cell       7.3630606796844709E-010
 Step      84 time   0.0075041 control    sound    timestep   9.11E-05       1,       1 x  8.14E-05 y  1.63E-04
 Wall clock    118.88339996337891     
 Average time per cell    7.4984156873099330E-010
 Step time per cell       7.1090855474014664E-010
 Step      85 time   0.0075952 control    sound    timestep   9.11E-05       1,       1 x  8.14E-05 y  1.63E-04
 Wall clock    120.31534504890442     
 Average time per cell    7.4994545387383020E-010
 Step time per cell       7.5859550937214707E-010
 Step      86 time   0.0076863 control    sound    timestep   9.11E-05       1,       1 x  8.14E-05 y  1.63E-04
 Wall clock    121.69916391372681     
 Average time per cell    7.4975043251056572E-010
 Step time per cell       7.3310641508012652E-010
 Step      87 time   0.0077774 control    sound    timestep   9.11E-05       1,       1 x  8.14E-05 y  1.63E-04
 Wall clock    123.27109789848328     
 First step overhead  -2.4872064590454102E-002
real 124.53
user 2937.44
sys 44.47
