
Clover Version    1.000
       MPI Version
   Task Count    192


Clover Version    1.000
       MPI Version
   Task Count    192

 Output file clover.out opened. All output will go there.
 Step       1 time   0.0000000 control    sound    timestep   1.93E-04       1,       1 x  1.63E-04 y  3.26E-04
 Wall clock    1.3579881191253662     
 Average time per cell    2.8779519804326507E-009
 Step time per cell       2.8779519804326507E-009
 Step       2 time   0.0001926 control    sound    timestep   1.62E-04       1,       1 x  1.63E-04 y  3.26E-04
 Wall clock    2.8154139518737793     
 Average time per cell    2.9833199732820505E-009
 Step time per cell       3.0884403814626342E-009
 Step       3 time   0.0003548 control    sound    timestep   1.48E-04       1,       1 x  1.63E-04 y  3.26E-04
 Wall clock    4.1786510944366455     
 Average time per cell    2.9519053525830342E-009
 Step time per cell       2.8888002311254646E-009
 Step       4 time   0.0005028 control    sound    timestep   1.54E-04       1,       1 x  1.63E-04 y  3.26E-04
 Wall clock    5.5834491252899170     
 Average time per cell    2.9582177931944090E-009
 Step time per cell       2.9768777191444921E-009
 Step       5 time   0.0006573 control    sound    timestep   1.68E-04       1,       1 x  1.63E-04 y  3.26E-04
 Wall clock    6.9427020549774170     
 Average time per cell    2.9427007272412690E-009
 Step time per cell       2.8803717416142011E-009
 Step       6 time   0.0008248 control    sound    timestep   1.74E-04       1,       1 x  1.63E-04 y  3.26E-04
 Wall clock    8.3408229351043701     
 Average time per cell    2.9460846707041600E-009
 Step time per cell       2.9627229499358993E-009
 Step       7 time   0.0009990 control    sound    timestep   1.77E-04       1,       1 x  1.63E-04 y  3.26E-04
 Wall clock    9.7393879890441895     
 Average time per cell    2.9486362484657015E-009
 Step time per cell       2.9637036883893111E-009
 Step       8 time   0.0011761 control    sound    timestep   1.83E-04       1,       1 x  1.63E-04 y  3.26E-04
 Wall clock    11.096408128738403     
 Average time per cell    2.9395442879831536E-009
 Step time per cell       2.8756524746616683E-009
 Step       9 time   0.0013593 control    sound    timestep   1.82E-04       1,       1 x  1.63E-04 y  3.26E-04
 Wall clock    12.531225919723511     
 Average time per cell    2.9507921759813830E-009
 Step time per cell       3.0404746414407984E-009
 Step      10 time   0.0015413 control    sound    timestep   1.82E-04       1,       1 x  1.63E-04 y  3.26E-04
 Wall clock    13.990571022033691     
 Average time per cell    2.9649885012380156E-009
 Step time per cell       3.0925179493755826E-009
 Step      11 time   0.0017234 control    sound    timestep   1.82E-04       1,       1 x  1.63E-04 y  3.26E-04
 Wall clock    15.349944114685059     
 Average time per cell    2.9573429213023059E-009
 Step time per cell       2.8807385711439161E-009
 Step      12 time   0.0019050 control    sound    timestep   1.81E-04       1,       1 x  1.63E-04 y  3.26E-04
 Wall clock    16.774178028106689     
 Average time per cell    2.9624264378206272E-009
 Step time per cell       3.0180379124228948E-009
 Step      13 time   0.0020863 control    sound    timestep   1.81E-04       1,       1 x  1.63E-04 y  3.26E-04
 Wall clock    18.153564929962158     
 Average time per cell    2.9594168589603648E-009
 Step time per cell       2.9230497804948955E-009
 Step      14 time   0.0022674 control    sound    timestep   1.81E-04       1,       1 x  1.63E-04 y  3.26E-04
 Wall clock    19.584892988204956     
 Average time per cell    2.9646999099072889E-009
 Step time per cell       3.0330824706147218E-009
 Step      15 time   0.0024489 control    sound    timestep   1.82E-04       1,       1 x  1.63E-04 y  3.26E-04
 Wall clock    20.941324949264526     
 Average time per cell    2.9586968526860734E-009
 Step time per cell       2.8744676051751918E-009
 Step      16 time   0.0026306 control    sound    timestep   1.82E-04       1,       1 x  1.63E-04 y  3.26E-04
 Wall clock    22.351192951202393     
 Average time per cell    2.9605220359169633E-009
 Step time per cell       2.9876304728936198E-009
 Step      17 time   0.0028124 control    sound    timestep   1.82E-04       1,       1 x  1.63E-04 y  3.26E-04
 Wall clock    23.731050968170166     
 Average time per cell    2.9583913476694850E-009
 Step time per cell       2.9240987310509406E-009
 Step      18 time   0.0029942 control    sound    timestep   1.82E-04       1,       1 x  1.63E-04 y  3.26E-04
 Wall clock    25.116734027862549     
 Average time per cell    2.9571832289357300E-009
 Step time per cell       2.9364036890910940E-009
 Step      19 time   0.0031760 control    sound    timestep   1.82E-04       1,       1 x  1.63E-04 y  3.26E-04
 Wall clock    26.523252964019775     
 Average time per cell    2.9584263320855677E-009
 Step time per cell       2.9805035713555602E-009
 Step      20 time   0.0033579 control    sound    timestep   1.82E-04       1,       1 x  1.63E-04 y  3.26E-04
 Wall clock    28.006618976593018     
 Average time per cell    2.9676881341502950E-009
 Step time per cell       3.1433971040920977E-009
 Step      21 time   0.0035397 control    sound    timestep   1.82E-04       1,       1 x  1.63E-04 y  3.26E-04
 Wall clock    29.336333036422729     
 Average time per cell    2.9605616248017497E-009
 Step time per cell       2.8179612046288742E-009
 Step      22 time   0.0037216 control    sound    timestep   1.82E-04       1,       1 x  1.63E-04 y  3.26E-04
 Wall clock    30.743299007415771     
 Average time per cell    2.9615247136333516E-009
 Step time per cell       2.9815014891533388E-009
 Step      23 time   0.0039035 control    sound    timestep   1.82E-04       1,       1 x  1.63E-04 y  3.26E-04
 Wall clock    32.128556966781616     
 Average time per cell    2.9604038263202628E-009
 Step time per cell       2.9354643831740961E-009
 Step      24 time   0.0040854 control    sound    timestep   1.82E-04       1,       1 x  1.63E-04 y  3.26E-04
 Wall clock    33.533631086349487     
 Average time per cell    2.9611261761938633E-009
 Step time per cell       2.9774729328993190E-009
 Step      25 time   0.0042673 control    sound    timestep   1.82E-04       1,       1 x  1.63E-04 y  3.26E-04
 Wall clock    34.902868032455444     
 Average time per cell    2.9587527832417336E-009
 Step time per cell       2.9015750947615337E-009
 Step      26 time   0.0044492 control    sound    timestep   1.82E-04       1,       1 x  1.63E-04 y  3.26E-04
 Wall clock    36.271742105484009     
 Average time per cell    2.9565323809667741E-009
 Step time per cell       2.9007681708511275E-009
 Step      27 time   0.0046311 control    sound    timestep   1.82E-04       1,       1 x  1.63E-04 y  3.26E-04
 Wall clock    37.661497116088867     
 Average time per cell    2.9561154334997536E-009
 Step time per cell       2.9450166039168834E-009
 Step      28 time   0.0048130 control    sound    timestep   1.82E-04       1,       1 x  1.63E-04 y  3.26E-04
 Wall clock    39.072011947631836     
 Average time per cell    2.9572995464106846E-009
 Step time per cell       2.9890230103370009E-009
 Step      29 time   0.0049950 control    sound    timestep   1.82E-04       1,       1 x  1.63E-04 y  3.26E-04
 Wall clock    40.479511022567749     
 Average time per cell    2.9581816094181274E-009
 Step time per cell       2.9826439155537326E-009
 Step      30 time   0.0051769 control    sound    timestep   1.82E-04       1,       1 x  1.63E-04 y  3.26E-04
 Wall clock    41.911499977111816     
 Average time per cell    2.9607348955727907E-009
 Step time per cell       3.0345790946739724E-009
 Step      31 time   0.0053588 control    sound    timestep   1.82E-04       1,       1 x  1.63E-04 y  3.26E-04
 Wall clock    43.279139041900635     
 Average time per cell    2.9587242537946691E-009
 Step time per cell       2.8982690815205894E-009
 Step      32 time   0.0055408 control    sound    timestep   1.82E-04       1,       1 x  1.63E-04 y  3.26E-04
 Wall clock    44.647417068481445     
 Average time per cell    2.9568815938950542E-009
 Step time per cell       2.8995049837653320E-009
 Step      33 time   0.0057227 control    sound    timestep   1.82E-04       1,       1 x  1.63E-04 y  3.26E-04
 Wall clock    46.058815002441406     
 Average time per cell    2.9579197920495109E-009
 Step time per cell       2.9908859586511323E-009
 Step      34 time   0.0059047 control    sound    timestep   1.82E-04       1,       1 x  1.63E-04 y  3.26E-04
 Wall clock    47.492238998413086     
 Average time per cell    2.9602698406152841E-009
 Step time per cell       3.0375753744414801E-009
 Step      35 time   0.0060866 control    sound    timestep   1.82E-04       1,       1 x  1.63E-04 y  3.26E-04
 Wall clock    48.876791954040527     
 Average time per cell    2.9595264225333397E-009
 Step time per cell       2.9340723510055492E-009
 Step      36 time   0.0062686 control    sound    timestep   1.82E-04       1,       1 x  1.63E-04 y  3.26E-04
 Wall clock    50.279036998748779     
 Average time per cell    2.9598658172435985E-009
 Step time per cell       2.9715622278874637E-009
 Step      37 time   0.0064506 control    sound    timestep   1.82E-04       1,       1 x  1.63E-04 y  3.26E-04
 Wall clock    51.674065113067627     
 Average time per cell    2.9597734968550642E-009
 Step time per cell       2.9561892410533295E-009
 Step      38 time   0.0066325 control    sound    timestep   1.82E-04       1,       1 x  1.63E-04 y  3.26E-04
 Wall clock    53.081821918487549     
 Average time per cell    2.9603959199831527E-009
 Step time per cell       2.9831992125966484E-009
 Step      39 time   0.0068145 control    sound    timestep   1.82E-04       1,       1 x  1.63E-04 y  3.26E-04
 Wall clock    54.450882911682129     
 Average time per cell    2.9588836774082743E-009
 Step time per cell       2.9011425795033575E-009
 Step      40 time   0.0069965 control    sound    timestep   1.82E-04       1,       1 x  1.63E-04 y  3.26E-04
 Wall clock    55.901695013046265     
 Average time per cell    2.9617783765287538E-009
 Step time per cell       3.0744361841546684E-009
 Step      41 time   0.0071785 control    sound    timestep   1.82E-04       1,       1 x  1.63E-04 y  3.26E-04
 Wall clock    57.264697074890137     
 Average time per cell    2.9599929993011833E-009
 Step time per cell       2.8884526020394534E-009
 Step      42 time   0.0073605 control    sound    timestep   1.82E-04       1,       1 x  1.63E-04 y  3.26E-04
 Wall clock    58.691215038299561     
 Average time per cell    2.9614975862805584E-009
 Step time per cell       3.0229355413919418E-009
 Step      43 time   0.0075424 control    sound    timestep   1.82E-04       1,       1 x  1.63E-04 y  3.26E-04
 Wall clock    60.048690080642700     
 Average time per cell    2.9595293779714572E-009
 Step time per cell       2.8766761614759970E-009
 Step      44 time   0.0077244 control    sound    timestep   1.82E-04       1,       1 x  1.63E-04 y  3.26E-04
 Wall clock    61.421694993972778     
 Average time per cell    2.9583986356510191E-009
 Step time per cell       2.9095013410874849E-009
 Step      45 time   0.0079064 control    sound    timestep   1.82E-04       1,       1 x  1.63E-04 y  3.26E-04
 Wall clock    62.814301967620850     
 Average time per cell    2.9582413081237817E-009
 Step time per cell       2.9510667647830109E-009
 Step      46 time   0.0080884 control    sound    timestep   1.82E-04       1,       1 x  1.63E-04 y  3.26E-04
 Wall clock    64.234286069869995     
 Average time per cell    2.9593521187211002E-009
 Step time per cell       3.0091051586269816E-009
 Step      47 time   0.0082705 control    sound    timestep   1.82E-04       1,       1 x  1.63E-04 y  3.26E-04
 Wall clock    65.609221935272217     
 Average time per cell    2.9583843914452328E-009
 Step time per cell       2.9136824903414688E-009
 Step      48 time   0.0084525 control    sound    timestep   1.82E-04       1,       1 x  1.63E-04 y  3.26E-04
 Wall clock    66.985538005828857     
 Average time per cell    2.9575179243895239E-009
 Step time per cell       2.9165372931553674E-009
 Step      49 time   0.0086345 control    sound    timestep   1.82E-04       1,       1 x  1.63E-04 y  3.26E-04
 Wall clock    68.369039058685303     
 Average time per cell    2.9569975776709257E-009
 Step time per cell       2.9317854771054245E-009
 Step      50 time   0.0088165 control    sound    timestep   1.82E-04       1,       1 x  1.63E-04 y  3.26E-04
 Wall clock    69.838629007339478     
 Average time per cell    2.9601469678810746E-009
 Step time per cell       3.1142786206651688E-009
 Step      51 time   0.0089986 control    sound    timestep   1.82E-04       1,       1 x  1.63E-04 y  3.26E-04
 Wall clock    71.206641912460327     
 Average time per cell    2.9589518757930385E-009
 Step time per cell       2.8990957111495339E-009
 Step      52 time   0.0091806 control    sound    timestep   1.82E-04       1,       1 x  1.63E-04 y  3.26E-04
 Wall clock    72.599426984786987     
 Average time per cell    2.9588123462052216E-009
 Step time per cell       2.9514436998094120E-009
 Step      53 time   0.0093626 control    sound    timestep   1.82E-04       1,       1 x  1.63E-04 y  3.26E-04
 Wall clock    73.952744007110596     
 Average time per cell    2.9570998988405703E-009
 Step time per cell       2.8678298096767525E-009
 Step      54 time   0.0095447 control    sound    timestep   1.82E-04       1,       1 x  1.63E-04 y  3.26E-04
 Wall clock    75.331975936889648     
 Average time per cell    2.9564679281952804E-009
 Step time per cell       2.9227299415247723E-009
 Step      55 time   0.0097267 control    sound    timestep   1.82E-04       1,       1 x  1.63E-04 y  3.26E-04
 Wall clock    76.737169981002808     
 Average time per cell    2.9568593181649721E-009
 Step time per cell       2.9777356758131644E-009
 Step      56 time   0.0099087 control    sound    timestep   1.82E-04       1,       1 x  1.63E-04 y  3.26E-04
 Wall clock    78.093461990356445     
 Average time per cell    2.9553860706131209E-009
 Step time per cell       2.8742109255593582E-009
 Step      57 time   0.0100908 control    sound    timestep   1.82E-04       1,       1 x  1.63E-04 y  3.26E-04
 Wall clock    79.494009017944336     
 Average time per cell    2.9556099301590774E-009
 Step time per cell       2.9679126277591825E-009
 Step      58 time   0.0102728 control    sound    timestep   1.82E-04       1,       1 x  1.63E-04 y  3.26E-04
 Wall clock    80.833512067794800     
 Average time per cell    2.9535955695007879E-009
 Step time per cell       2.8385289220346346E-009
 Step      59 time   0.0104549 control    sound    timestep   1.82E-04       1,       1 x  1.63E-04 y  3.26E-04
 Wall clock    82.275777101516724     
 Average time per cell    2.9553406961989439E-009
 Step time per cell       3.0562953017781385E-009
 Step      60 time   0.0106370 control    sound    timestep   1.82E-04       1,       1 x  1.63E-04 y  3.26E-04
 Wall clock    83.723475933074951     
 Average time per cell    2.9572195806529768E-009
 Step time per cell       3.0678514425138322E-009
 Step      61 time   0.0108190 control    sound    timestep   1.82E-04       1,       1 x  1.63E-04 y  3.26E-04
 Wall clock    85.091792106628418     
 Average time per cell    2.9562789314780179E-009
 Step time per cell       2.8997677266791774E-009
 Step      62 time   0.0110011 control    sound    timestep   1.82E-04       1,       1 x  1.63E-04 y  3.26E-04
 Wall clock    86.443691015243530     
 Average time per cell    2.9548074529245687E-009
 Step time per cell       2.8647931079224995E-009
 Step      63 time   0.0111832 control    sound    timestep   1.82E-04       1,       1 x  1.63E-04 y  3.26E-04
 Wall clock    87.878009080886841     
 Average time per cell    2.9561552111942501E-009
 Step time per cell       3.0394489335271323E-009
 Step      64 time   0.0113653 control    sound    timestep   1.82E-04       1,       1 x  1.63E-04 y  3.26E-04
 Wall clock    89.277060031890869     
 Average time per cell    2.9562930276622664E-009
 Step time per cell       2.9647319226771488E-009
 Step      65 time   0.0115474 control    sound    timestep   1.82E-04       1,       1 x  1.63E-04 y  3.26E-04
 Wall clock    90.617290973663330     
 Average time per cell    2.9545088213297306E-009
 Step time per cell       2.8401286221600861E-009
 Step      66 time   0.0117295 control    sound    timestep   1.82E-04       1,       1 x  1.63E-04 y  3.26E-04
 Wall clock    91.995968103408813     
 Average time per cell    2.9540131984225447E-009
 Step time per cell       2.9216153052402659E-009
 Step      67 time   0.0119116 control    sound    timestep   1.82E-04       1,       1 x  1.63E-04 y  3.26E-04
 Wall clock    93.410484075546265     
 Average time per cell    2.9546659882561687E-009
 Step time per cell       2.9975338596462582E-009
 Step      68 time   0.0120937 control    sound    timestep   1.82E-04       1,       1 x  1.63E-04 y  3.26E-04
 Wall clock    95.042361021041870     
 Average time per cell    2.9620738129535337E-009
 Step time per cell       3.4581312825644595E-009
 Step      69 time   0.0122759 control    sound    timestep   1.82E-04       1,       1 x  1.63E-04 y  3.26E-04
 Wall clock    96.510576963424683     
 Average time per cell    2.9642402097122967E-009
 Step time per cell       3.1113136679373888E-009
 Step      70 time   0.0124580 control    sound    timestep   1.82E-04       1,       1 x  1.63E-04 y  3.26E-04
 Wall clock    98.084487915039062     
 Average time per cell    2.9695446654740308E-009
 Step time per cell       3.3353020019906884E-009
 Step      71 time   0.0126401 control    sound    timestep   1.82E-04       1,       1 x  1.63E-04 y  3.26E-04
 Wall clock    99.444365024566650     
 Average time per cell    2.9683110120581282E-009
 Step time per cell       2.8818996927131795E-009
 Step      72 time   0.0128222 control    sound    timestep   1.82E-04       1,       1 x  1.63E-04 y  3.26E-04
 Wall clock    101.05019497871399     
 Average time per cell    2.9743510993531895E-009
 Step time per cell       3.4029406176867068E-009
 Step      73 time   0.0130043 control    sound    timestep   1.82E-04       1,       1 x  1.63E-04 y  3.26E-04
 Wall clock    102.39189004898071     
 Average time per cell    2.9725575570169131E-009
 Step time per cell       2.8425408042191218E-009
 Step      74 time   0.0131865 control    sound    timestep   1.82E-04       1,       1 x  1.63E-04 y  3.26E-04
 Wall clock    103.77740502357483     
 Average time per cell    2.9720674412694371E-009
 Step time per cell       2.9360813237467987E-009
 Step      75 time   0.0133686 control    sound    timestep   1.82E-04       1,       1 x  1.63E-04 y  3.26E-04
 Wall clock    105.14575195312500     
 Average time per cell    2.9711052775382995E-009
 Step time per cell       2.8996171547785503E-009
 Step      76 time   0.0135508 control    sound    timestep   1.82E-04       1,       1 x  1.63E-04 y  3.26E-04
 Wall clock    106.54187202453613     
 Average time per cell    2.9709428939076512E-009
 Step time per cell       2.9585246213375487E-009
 Step      77 time   0.0137329 control    sound    timestep   1.82E-04       1,       1 x  1.63E-04 y  3.26E-04
 Wall clock    108.00219106674194     
 Average time per cell    2.9725516806912646E-009
 Step time per cell       3.0945926078452934E-009
 Step      78 time   0.0139151 control    sound    timestep   1.82E-04       1,       1 x  1.63E-04 y  3.26E-04
 Wall clock    109.37479805946350     
 Average time per cell    2.9717360618641166E-009
 Step time per cell       2.9087489868591850E-009
 Step      79 time   0.0140973 control    sound    timestep   1.82E-04       1,       1 x  1.63E-04 y  3.26E-04
 Wall clock    110.76544094085693     
 Average time per cell    2.9714249274460926E-009
 Step time per cell       2.9469043106978966E-009
 Step      80 time   0.0142795 control    sound    timestep   1.82E-04       1,       1 x  1.63E-04 y  3.26E-04
 Wall clock    112.22061991691589     
 Average time per cell    2.9728311940541769E-009
 Step time per cell       3.0836822083478585E-009
 Step      81 time   0.0144617 control    sound    timestep   1.82E-04       1,       1 x  1.63E-04 y  3.26E-04
 Wall clock    113.55049109458923     
 Average time per cell    2.9709241967688989E-009
 Step time per cell       2.8183027704168732E-009
 Step      82 time   0.0146438 control    sound    timestep   1.82E-04       1,       1 x  1.63E-04 y  3.26E-04
 Wall clock    114.93806505203247     
 Average time per cell    2.9705550302860206E-009
 Step time per cell       2.9403918233583680E-009
 Step      83 time   0.0148260 control    sound    timestep   1.82E-04       1,       1 x  1.63E-04 y  3.26E-04
 Wall clock    116.35744094848633     
 Average time per cell    2.9710067725656842E-009
 Step time per cell       3.0077702225147126E-009
 Step      84 time   0.0150082 control    sound    timestep   1.82E-04       1,       1 x  1.63E-04 y  3.26E-04
 Wall clock    117.72826910018921     
 Average time per cell    2.9702229247569837E-009
 Step time per cell       2.9049897420918570E-009
 Step      85 time   0.0151904 control    sound    timestep   1.82E-04       1,       1 x  1.63E-04 y  3.26E-04
 Wall clock    119.11397004127502     
 Average time per cell    2.9698283386548367E-009
 Step time per cell       2.9364289528328099E-009
 Step      86 time   0.0153726 control    sound    timestep   1.82E-04       1,       1 x  1.63E-04 y  3.26E-04
 Wall clock    120.47727894783020     
 Average time per cell    2.9688911277275727E-009
 Step time per cell       2.8890821744830142E-009
 Step      87 time   0.0155548 control    sound    timestep   1.82E-04       1,       1 x  1.63E-04 y  3.26E-04
 Wall clock    121.90968894958496     
 First step overhead  -9.9321126937866211E-002
real 122.97
user 2892.33
sys 54.36
