Thu Dec 24 18:37:11 2015: Starting Initialization


Mini-Application Name    : CoMD-mpi
Mini-Application Version : 1.1
Platform:
  hostname: test-c16595bc-1016-4b8b-bbe3-01bc27f9c84c.novalocal
  kernel name: 'Linux'
  kernel release: '3.10.0-229.4.2.el7.x86_64'
  processor: 'x86_64'
Build:
  CC: '/usr/lib64/mpich/bin/mpicc'
  compiler version: 'cc (GCC) 4.8.3 20140911 (Red Hat 4.8.3-9)'
  CFLAGS: '-std=c99 -DDOUBLE -DDO_MPI -g -O5   '
  LDFLAGS: ' -lm '
  using MPI: true
  Threading: none
  Double Precision: true
Run Date/Time: 2015-12-24, 18:37:11

Command Line Parameters:
  doeam: 0
  potDir: pots
  potName: Cu_u6.eam
  potType: funcfl
  nx: 576
  ny: 288
  nz: 288
  xproc: 8
  yproc: 8
  zproc: 6
  Lattice constant: -1 Angstroms
  nSteps: 100
  printRate: 10
  Time step: 1 fs
  Initial Temperature: 600 K
  Initial Delta: 0 Angstroms

Simulation data: 
  Total atoms        : 191102976
  Min global bounds  : [   0.0000000000,   0.0000000000,   0.0000000000 ]
  Max global bounds  : [ 2082.2400000000, 1041.1200000000, 1041.1200000000 ]

Decomposition data: 
  Processors         :      8,     8,     6
  Local boxes        :     44,    22,    29 =    28072
  Box size           : [   5.9154545455,   5.9154545455,   5.9834482759 ]
  Box factor         : [   1.0221087768,   1.0221087768,   1.0338571535 ] 
  Max Link Cell Occupancy: 32 of 64

Potential data: 
  Potential type   : Lennard-Jones
  Species name     : Cu
  Atomic number    : 29
  Mass             : 63.55 amu
  Lattice Type     : FCC
  Lattice spacing  : 3.615 Angstroms
  Cutoff           : 5.7875 Angstroms
  Epsilon          : 0.167 eV
  Sigma            : 2.315 Angstroms

Memory data: 
  Intrinsic atom footprint =   88 B/atom 
  Total atom footprint     = -346.000 MB ( 41.77 MB/node)
  Link cell atom footprint = 150.777 MB/node
  Link cell atom footprint = 183.820 MB/node (including halo cell data


Initial energy : -1.166063303635, atom count : 191102976 

Thu Dec 24 18:37:13 2015: Initialization Finished

Thu Dec 24 18:37:13 2015: Starting simulation

#                                                                                         Performance
#  Loop   Time(fs)       Total Energy   Potential Energy     Kinetic Energy  Temperature   (us/atom)     # Atoms
      0       0.00    -1.166063303635    -1.243619295235     0.077555991600     600.0000     0.0000    191102976
     10      10.00    -1.166059650602    -1.233154651512     0.067095000910     519.0702     3.3369    191102976
     20      20.00    -1.166048429207    -1.208173529549     0.042125100342     325.8944     3.4462    191102976
     30      30.00    -1.166037579478    -1.186579219108     0.020541639630     158.9172     3.3703    191102976
     40      40.00    -1.166042096597    -1.183632459803     0.017590363206     136.0851     3.4771    191102976
     50      50.00    -1.166051690423    -1.193726530690     0.027674840267     214.1021     3.3250    191102976
     60      60.00    -1.166054644204    -1.202665951990     0.036611307786     283.2378     3.5630    191102976
     70      70.00    -1.166052132921    -1.204903766985     0.038851634064     300.5697     3.2607    191102976
     80      80.00    -1.166048794316    -1.203624406040     0.037575611724     290.6979     3.4506    191102976
     90      90.00    -1.166048004903    -1.203815558312     0.037767553409     292.1829     3.3793    191102976
    100     100.00    -1.166049792314    -1.206862591607     0.040812799293     315.7419     3.3013    191102976
Thu Dec 24 18:40:02 2015: Ending simulation



Simulation Validation:
  Initial energy  : -1.166063303635
  Final energy    : -1.166049792314
  eFinal/eInitial : 0.999988
  Final atom count : 191102976, no atoms lost


Timings for Rank 0
        Timer        # Calls    Avg/Call (s)   Total (s)    % Loop
___________________________________________________________________
total                      1     171.4062      171.4062      101.53
loop                       1     168.8208      168.8208      100.00
timestep                  10      16.8760      168.7600       99.96
  position               100       0.0108        1.0790        0.64
  velocity               200       0.0089        1.7847        1.06
  redistribute           101       0.3840       38.7815       22.97
    atomHalo             101       0.3479       35.1399       20.81
  force                  101       1.2431      125.5500       74.37
commHalo                 303       0.1110       33.6292       19.92
commReduce                39       0.0953        3.7151        2.20

Timing Statistics Across 384 Ranks:
        Timer        Rank: Min(s)       Rank: Max(s)      Avg(s)    Stdev(s)
_____________________________________________________________________________
total              340:  171.3625     113:  171.4221    171.4058      0.0178
loop                 5:  168.8207     249:  168.8208    168.8208      0.0000
timestep             0:  168.7600     382:  168.7712    168.7607      0.0011
  position          70:    0.9485     320:    1.3429      1.1334      0.0649
  velocity          15:    1.5926     115:    2.2836      1.9356      0.1297
  redistribute     343:   31.3525     256:   38.9162     37.6323      0.6509
    atomHalo       343:   27.5934     256:   35.2791     33.9109      0.7021
  force            255:  125.3280     343:  133.9205    125.9468      0.6762
commHalo           343:   26.1388     120:   33.8492     32.4001      0.7662
commReduce         130:    2.9071     109:    4.9660      4.2598      0.3486

---------------------------------------------------
 Average atom update rate:       3.39 us/atom/task
---------------------------------------------------


---------------------------------------------------
 Average all atom update rate:   0.01 us/atom
---------------------------------------------------


---------------------------------------------------
 Average atom rate:            113.24 atoms/us
---------------------------------------------------

Thu Dec 24 18:40:02 2015: CoMD Ending

real 171.68
user 3964.35
sys 140.41
