Thu Dec 24 18:17:17 2015: Starting Initialization


Mini-Application Name    : CoMD-mpi
Mini-Application Version : 1.1
Platform:
  hostname: test-c16595bc-1016-4b8b-bbe3-01bc27f9c84c.novalocal
  kernel name: 'Linux'
  kernel release: '3.10.0-229.4.2.el7.x86_64'
  processor: 'x86_64'
Build:
  CC: '/usr/lib64/mpich/bin/mpicc'
  compiler version: 'cc (GCC) 4.8.3 20140911 (Red Hat 4.8.3-9)'
  CFLAGS: '-std=c99 -DDOUBLE -DDO_MPI -g -O5   '
  LDFLAGS: ' -lm '
  using MPI: true
  Threading: none
  Double Precision: true
Run Date/Time: 2015-12-24, 18:17:17

Command Line Parameters:
  doeam: 0
  potDir: pots
  potName: Cu_u6.eam
  potType: funcfl
  nx: 288
  ny: 288
  nz: 288
  xproc: 4
  yproc: 8
  zproc: 6
  Lattice constant: -1 Angstroms
  nSteps: 100
  printRate: 10
  Time step: 1 fs
  Initial Temperature: 600 K
  Initial Delta: 0 Angstroms

Simulation data: 
  Total atoms        : 95551488
  Min global bounds  : [   0.0000000000,   0.0000000000,   0.0000000000 ]
  Max global bounds  : [ 1041.1200000000, 1041.1200000000, 1041.1200000000 ]

Decomposition data: 
  Processors         :      4,     8,     6
  Local boxes        :     44,    22,    29 =    28072
  Box size           : [   5.9154545455,   5.9154545455,   5.9834482759 ]
  Box factor         : [   1.0221087768,   1.0221087768,   1.0338571535 ] 
  Max Link Cell Occupancy: 32 of 64

Potential data: 
  Potential type   : Lennard-Jones
  Species name     : Cu
  Atomic number    : 29
  Mass             : 63.55 amu
  Lattice Type     : FCC
  Lattice spacing  : 3.615 Angstroms
  Cutoff           : 5.7875 Angstroms
  Epsilon          : 0.167 eV
  Sigma            : 2.315 Angstroms

Memory data: 
  Intrinsic atom footprint =   88 B/atom 
  Total atom footprint     = -173.000 MB ( 41.77 MB/node)
  Link cell atom footprint = 150.777 MB/node
  Link cell atom footprint = 183.820 MB/node (including halo cell data


Initial energy : -1.166063303635, atom count : 95551488 

Thu Dec 24 18:17:19 2015: Initialization Finished

Thu Dec 24 18:17:19 2015: Starting simulation

#                                                                                         Performance
#  Loop   Time(fs)       Total Energy   Potential Energy     Kinetic Energy  Temperature   (us/atom)     # Atoms
      0       0.00    -1.166063303635    -1.243619295235     0.077555991600     600.0000     0.0000     95551488
     10      10.00    -1.166059650944    -1.233155048472     0.067095397528     519.0732     3.2852     95551488
     20      20.00    -1.166048430775    -1.208174729585     0.042126298809     325.9036     3.3223     95551488
     30      30.00    -1.166037581189    -1.186579920198     0.020542339009     158.9226     3.2991     95551488
     40      40.00    -1.166042096032    -1.183631183934     0.017589087902     136.0753     3.2699     95551488
     50      50.00    -1.166051689718    -1.193724708926     0.027673019208     214.0881     3.4086     95551488
     60      60.00    -1.166054644990    -1.202665414756     0.036610769766     283.2336     3.4917     95551488
     70      70.00    -1.166052134677    -1.204904461803     0.038852327126     300.5751     3.3388     95551488
     80      80.00    -1.166048795413    -1.203624981534     0.037576186121     290.7024     3.2927     95551488
     90      90.00    -1.166048005239    -1.203815131967     0.037767126727     292.1796     3.4063     95551488
    100     100.00    -1.166049792301    -1.206861213530     0.040811421230     315.7313     3.4034     95551488
Thu Dec 24 18:20:06 2015: Ending simulation



Simulation Validation:
  Initial energy  : -1.166063303635
  Final energy    : -1.166049792301
  eFinal/eInitial : 0.999988
  Final atom count : 95551488, no atoms lost


Timings for Rank 0
        Timer        # Calls    Avg/Call (s)   Total (s)    % Loop
___________________________________________________________________
total                      1     168.9095      168.9095      101.26
loop                       1     166.8089      166.8089      100.00
timestep                  10      16.6807      166.8070      100.00
  position               100       0.0107        1.0674        0.64
  velocity               200       0.0091        1.8201        1.09
  redistribute           101       0.3653       36.8954       22.12
    atomHalo             101       0.3297       33.3002       19.96
  force                  101       1.2465      125.8965       75.47
commHalo                 303       0.1052       31.8891       19.12
commReduce                39       0.0689        2.6887        1.61

Timing Statistics Across 192 Ranks:
        Timer        Rank: Min(s)       Rank: Max(s)      Avg(s)    Stdev(s)
_____________________________________________________________________________
total              102:  168.8970      99:  168.9344    168.9147      0.0116
loop                 6:  166.8088     185:  166.8090    166.8089      0.0000
timestep             6:  166.8069     121:  166.8078    166.8074      0.0002
  position          58:    0.9182      47:    1.2339      1.0813      0.0621
  velocity          74:    1.4617     156:    2.1604      1.8403      0.1450
  redistribute      31:   30.8710      58:   38.2399     36.6981      1.0288
    atomHalo        31:   26.8801      58:   34.7312     33.0683      1.0997
  force            130:  125.1666      31:  132.8178    125.9028      1.1125
commHalo            31:   25.3832      58:   33.2933     31.5837      1.1581
commReduce          31:    1.6157      10:    3.8191      2.8553      0.4532

---------------------------------------------------
 Average atom update rate:       3.35 us/atom/task
---------------------------------------------------


---------------------------------------------------
 Average all atom update rate:   0.02 us/atom
---------------------------------------------------


---------------------------------------------------
 Average atom rate:             57.28 atoms/us
---------------------------------------------------

Thu Dec 24 18:20:06 2015: CoMD Ending

real 169.19
user 3916.72
sys 132.28
