Thu Dec 24 19:25:32 2015: Starting Initialization


Mini-Application Name    : CoMD-mpi
Mini-Application Version : 1.1
Platform:
  hostname: test-c16595bc-1016-4b8b-bbe3-01bc27f9c84c.novalocal
  kernel name: 'Linux'
  kernel release: '3.10.0-229.4.2.el7.x86_64'
  processor: 'x86_64'
Build:
  CC: '/usr/lib64/mpich/bin/mpicc'
  compiler version: 'cc (GCC) 4.8.3 20140911 (Red Hat 4.8.3-9)'
  CFLAGS: '-std=c99 -DDOUBLE -DDO_MPI -g -O5   '
  LDFLAGS: ' -lm '
  using MPI: true
  Threading: none
  Double Precision: true
Run Date/Time: 2015-12-24, 19:25:32

Command Line Parameters:
  doeam: 0
  potDir: pots
  potName: Cu_u6.eam
  potType: funcfl
  nx: 576
  ny: 576
  nz: 288
  xproc: 8
  yproc: 8
  zproc: 12
  Lattice constant: -1 Angstroms
  nSteps: 100
  printRate: 10
  Time step: 1 fs
  Initial Temperature: 600 K
  Initial Delta: 0 Angstroms

Simulation data: 
  Total atoms        : 382205952
  Min global bounds  : [   0.0000000000,   0.0000000000,   0.0000000000 ]
  Max global bounds  : [ 2082.2400000000, 2082.2400000000, 1041.1200000000 ]

Decomposition data: 
  Processors         :      8,     8,    12
  Local boxes        :     44,    44,    14 =    27104
  Box size           : [   5.9154545455,   5.9154545455,   6.1971428571 ]
  Box factor         : [   1.0221087768,   1.0221087768,   1.0707806233 ] 
  Max Link Cell Occupancy: 32 of 64

Potential data: 
  Potential type   : Lennard-Jones
  Species name     : Cu
  Atomic number    : 29
  Mass             : 63.55 amu
  Lattice Type     : FCC
  Lattice spacing  : 3.615 Angstroms
  Cutoff           : 5.7875 Angstroms
  Epsilon          : 0.167 eV
  Sigma            : 2.315 Angstroms

Memory data: 
  Intrinsic atom footprint =   88 B/atom 
  Total atom footprint     = -692.000 MB ( 41.77 MB/node)
  Link cell atom footprint = 145.578 MB/node
  Link cell atom footprint = 181.844 MB/node (including halo cell data


Initial energy : -1.166063303630, atom count : 382205952 

Thu Dec 24 19:25:35 2015: Initialization Finished

Thu Dec 24 19:25:35 2015: Starting simulation

#                                                                                         Performance
#  Loop   Time(fs)       Total Energy   Potential Energy     Kinetic Energy  Temperature   (us/atom)     # Atoms
      0       0.00    -1.166063303630    -1.243619295230     0.077555991600     600.0000     0.0000    382205952
     10      10.00    -1.166059648057    -1.233153833965     0.067094185908     519.0638     3.1865    382205952
     20      20.00    -1.166048424452    -1.208173088374     0.042124663922     325.8910     3.2915    382205952
     30      30.00    -1.166037576531    -1.186582597028     0.020545020496     158.9434     3.2165    382205952
     40      40.00    -1.166042094589    -1.183640748616     0.017598654027     136.1493     3.2663    382205952
     50      50.00    -1.166051690711    -1.193738808319     0.027687117608     214.1971     3.3909    382205952
     60      60.00    -1.166054646042    -1.202678133927     0.036623487885     283.3320     3.3625    382205952
     70      70.00    -1.166052132368    -1.204910124428     0.038857992060     300.6189     3.3010    382205952
     80      80.00    -1.166048789533    -1.203623187750     0.037574398217     290.6886     3.3170    382205952
     90      90.00    -1.166047997524    -1.203812115126     0.037764117602     292.1563     3.2957    382205952
    100     100.00    -1.166049788647    -1.206865872056     0.040816083408     315.7674     3.2887    382205952
Thu Dec 24 19:28:19 2015: Ending simulation



Simulation Validation:
  Initial energy  : -1.166063303630
  Final energy    : -1.166049788647
  eFinal/eInitial : 0.999988
  Final atom count : 382205952, no atoms lost


Timings for Rank 0
        Timer        # Calls    Avg/Call (s)   Total (s)    % Loop
___________________________________________________________________
total                      1     166.6787      166.6787      101.75
loop                       1     163.8169      163.8169      100.00
timestep                  10      16.3814      163.8137      100.00
  position               100       0.0103        1.0305        0.63
  velocity               200       0.0085        1.7049        1.04
  redistribute           101       0.3149       31.8012       19.41
    atomHalo             101       0.2790       28.1806       17.20
  force                  101       1.2646      127.7251       77.97
commHalo                 303       0.0878       26.5913       16.23
commReduce                39       0.0988        3.8531        2.35

Timing Statistics Across 768 Ranks:
        Timer        Rank: Min(s)       Rank: Max(s)      Avg(s)    Stdev(s)
_____________________________________________________________________________
total               66:  166.6267     104:  166.6792    166.6634      0.0163
loop                17:  163.8166     738:  163.8170    163.8168      0.0001
timestep             0:  163.8137     483:  163.8145    163.8141      0.0002
  position         104:    0.8394     316:    1.2095      1.0028      0.0576
  velocity         573:    1.2893     205:    2.1758      1.6759      0.1208
  redistribute      57:   27.1750     208:   32.9628     31.5634      0.6746
    atomHalo        57:   23.4906     208:   29.4234     27.9686      0.7394
  force             41:  127.1316     304:  132.7126    127.6671      0.5819
commHalo            57:   21.8574     208:   27.8519     26.3362      0.7914
commReduce         359:    2.7784     578:    5.0366      4.2045      0.3903

---------------------------------------------------
 Average atom update rate:       3.29 us/atom/task
---------------------------------------------------


---------------------------------------------------
 Average all atom update rate:   0.00 us/atom
---------------------------------------------------


---------------------------------------------------
 Average atom rate:            233.32 atoms/us
---------------------------------------------------

Thu Dec 24 19:28:19 2015: CoMD Ending

real 166.98
user 3885.21
sys 112.04
