Thu Dec 24 19:31:05 2015: Starting Initialization


Mini-Application Name    : CoMD-mpi
Mini-Application Version : 1.1
Platform:
  hostname: test-c16595bc-1016-4b8b-bbe3-01bc27f9c84c.novalocal
  kernel name: 'Linux'
  kernel release: '3.10.0-229.4.2.el7.x86_64'
  processor: 'x86_64'
Build:
  CC: '/usr/lib64/mpich/bin/mpicc'
  compiler version: 'cc (GCC) 4.8.3 20140911 (Red Hat 4.8.3-9)'
  CFLAGS: '-std=c99 -DDOUBLE -DDO_MPI -g -O5   '
  LDFLAGS: ' -lm '
  using MPI: true
  Threading: none
  Double Precision: true
Run Date/Time: 2015-12-24, 19:31:05

Command Line Parameters:
  doeam: 0
  potDir: pots
  potName: Cu_u6.eam
  potType: funcfl
  nx: 576
  ny: 576
  nz: 288
  xproc: 8
  yproc: 8
  zproc: 12
  Lattice constant: -1 Angstroms
  nSteps: 100
  printRate: 10
  Time step: 1 fs
  Initial Temperature: 600 K
  Initial Delta: 0 Angstroms

Simulation data: 
  Total atoms        : 382205952
  Min global bounds  : [   0.0000000000,   0.0000000000,   0.0000000000 ]
  Max global bounds  : [ 2082.2400000000, 2082.2400000000, 1041.1200000000 ]

Decomposition data: 
  Processors         :      8,     8,    12
  Local boxes        :     44,    44,    14 =    27104
  Box size           : [   5.9154545455,   5.9154545455,   6.1971428571 ]
  Box factor         : [   1.0221087768,   1.0221087768,   1.0707806233 ] 
  Max Link Cell Occupancy: 32 of 64

Potential data: 
  Potential type   : Lennard-Jones
  Species name     : Cu
  Atomic number    : 29
  Mass             : 63.55 amu
  Lattice Type     : FCC
  Lattice spacing  : 3.615 Angstroms
  Cutoff           : 5.7875 Angstroms
  Epsilon          : 0.167 eV
  Sigma            : 2.315 Angstroms

Memory data: 
  Intrinsic atom footprint =   88 B/atom 
  Total atom footprint     = -692.000 MB ( 41.77 MB/node)
  Link cell atom footprint = 145.578 MB/node
  Link cell atom footprint = 181.844 MB/node (including halo cell data


Initial energy : -1.166063303630, atom count : 382205952 

Thu Dec 24 19:31:08 2015: Initialization Finished

Thu Dec 24 19:31:08 2015: Starting simulation

#                                                                                         Performance
#  Loop   Time(fs)       Total Energy   Potential Energy     Kinetic Energy  Temperature   (us/atom)     # Atoms
      0       0.00    -1.166063303630    -1.243619295230     0.077555991600     600.0000     0.0000    382205952
     10      10.00    -1.166059648057    -1.233153833965     0.067094185908     519.0638     3.3726    382205952
     20      20.00    -1.166048424452    -1.208173088374     0.042124663922     325.8910     3.3249    382205952
     30      30.00    -1.166037576531    -1.186582597028     0.020545020496     158.9434     3.4393    382205952
     40      40.00    -1.166042094589    -1.183640748616     0.017598654027     136.1493     3.4044    382205952
     50      50.00    -1.166051690711    -1.193738808319     0.027687117608     214.1971     3.2472    382205952
     60      60.00    -1.166054646042    -1.202678133927     0.036623487885     283.3320     3.3277    382205952
     70      70.00    -1.166052132368    -1.204910124428     0.038857992060     300.6189     3.3180    382205952
     80      80.00    -1.166048789533    -1.203623187750     0.037574398217     290.6886     3.3222    382205952
     90      90.00    -1.166047997524    -1.203812115126     0.037764117602     292.1563     3.3252    382205952
    100     100.00    -1.166049788647    -1.206865872056     0.040816083408     315.7674     3.4243    382205952
Thu Dec 24 19:33:55 2015: Ending simulation



Simulation Validation:
  Initial energy  : -1.166063303630
  Final energy    : -1.166049788647
  eFinal/eInitial : 0.999988
  Final atom count : 382205952, no atoms lost


Timings for Rank 0
        Timer        # Calls    Avg/Call (s)   Total (s)    % Loop
___________________________________________________________________
total                      1     169.5693      169.5693      101.69
loop                       1     166.7502      166.7502      100.00
timestep                  10      16.6746      166.7460      100.00
  position               100       0.0101        1.0120        0.61
  velocity               200       0.0087        1.7354        1.04
  redistribute           101       0.3239       32.7100       19.62
    atomHalo             101       0.2879       29.0785       17.44
  force                  101       1.2645      127.7156       76.59
commHalo                 303       0.0904       27.3991       16.43
commReduce                39       0.1500        5.8501        3.51

Timing Statistics Across 768 Ranks:
        Timer        Rank: Min(s)       Rank: Max(s)      Avg(s)    Stdev(s)
_____________________________________________________________________________
total              122:  169.5246     302:  169.5834    169.5683      0.0149
loop               529:  166.7498     419:  166.7503    166.7502      0.0001
timestep           318:  166.7453     766:  166.7478    166.7462      0.0003
  position         575:    0.8513     149:    1.1724      0.9823      0.0524
  velocity         687:    1.3399     149:    2.1229      1.6487      0.1138
  redistribute     646:   29.5732      38:   34.4402     32.7541      0.6966
    atomHalo       646:   25.7602      38:   30.9465     29.1841      0.7547
  force            182:  127.0943     213:  131.1613    127.6743      0.5559
commHalo           646:   23.8228     358:   29.2977     27.5576      0.8084
commReduce          85:    3.7491     568:    7.1686      5.9717      0.4903

---------------------------------------------------
 Average atom update rate:       3.35 us/atom/task
---------------------------------------------------


---------------------------------------------------
 Average all atom update rate:   0.00 us/atom
---------------------------------------------------


---------------------------------------------------
 Average atom rate:            229.21 atoms/us
---------------------------------------------------

Thu Dec 24 19:33:55 2015: CoMD Ending

real 169.89
user 3949.00
sys 119.72
