Thu Dec 24 18:11:43 2015: Starting Initialization


Mini-Application Name    : CoMD-mpi
Mini-Application Version : 1.1
Platform:
  hostname: test-c16595bc-1016-4b8b-bbe3-01bc27f9c84c.novalocal
  kernel name: 'Linux'
  kernel release: '3.10.0-229.4.2.el7.x86_64'
  processor: 'x86_64'
Build:
  CC: '/usr/lib64/mpich/bin/mpicc'
  compiler version: 'cc (GCC) 4.8.3 20140911 (Red Hat 4.8.3-9)'
  CFLAGS: '-std=c99 -DDOUBLE -DDO_MPI -g -O5   '
  LDFLAGS: ' -lm '
  using MPI: true
  Threading: none
  Double Precision: true
Run Date/Time: 2015-12-24, 18:11:43

Command Line Parameters:
  doeam: 0
  potDir: pots
  potName: Cu_u6.eam
  potType: funcfl
  nx: 288
  ny: 288
  nz: 288
  xproc: 4
  yproc: 8
  zproc: 6
  Lattice constant: -1 Angstroms
  nSteps: 100
  printRate: 10
  Time step: 1 fs
  Initial Temperature: 600 K
  Initial Delta: 0 Angstroms

Simulation data: 
  Total atoms        : 95551488
  Min global bounds  : [   0.0000000000,   0.0000000000,   0.0000000000 ]
  Max global bounds  : [ 1041.1200000000, 1041.1200000000, 1041.1200000000 ]

Decomposition data: 
  Processors         :      4,     8,     6
  Local boxes        :     44,    22,    29 =    28072
  Box size           : [   5.9154545455,   5.9154545455,   5.9834482759 ]
  Box factor         : [   1.0221087768,   1.0221087768,   1.0338571535 ] 
  Max Link Cell Occupancy: 32 of 64

Potential data: 
  Potential type   : Lennard-Jones
  Species name     : Cu
  Atomic number    : 29
  Mass             : 63.55 amu
  Lattice Type     : FCC
  Lattice spacing  : 3.615 Angstroms
  Cutoff           : 5.7875 Angstroms
  Epsilon          : 0.167 eV
  Sigma            : 2.315 Angstroms

Memory data: 
  Intrinsic atom footprint =   88 B/atom 
  Total atom footprint     = -173.000 MB ( 41.77 MB/node)
  Link cell atom footprint = 150.777 MB/node
  Link cell atom footprint = 183.820 MB/node (including halo cell data


Initial energy : -1.166063303635, atom count : 95551488 

Thu Dec 24 18:11:45 2015: Initialization Finished

Thu Dec 24 18:11:45 2015: Starting simulation

#                                                                                         Performance
#  Loop   Time(fs)       Total Energy   Potential Energy     Kinetic Energy  Temperature   (us/atom)     # Atoms
      0       0.00    -1.166063303635    -1.243619295235     0.077555991600     600.0000     0.0000     95551488
     10      10.00    -1.166059650944    -1.233155048472     0.067095397528     519.0732     3.2824     95551488
     20      20.00    -1.166048430775    -1.208174729585     0.042126298809     325.9036     3.3094     95551488
     30      30.00    -1.166037581189    -1.186579920198     0.020542339009     158.9226     3.5394     95551488
     40      40.00    -1.166042096032    -1.183631183934     0.017589087902     136.0753     3.1253     95551488
     50      50.00    -1.166051689718    -1.193724708926     0.027673019208     214.0881     3.3579     95551488
     60      60.00    -1.166054644990    -1.202665414756     0.036610769766     283.2336     3.3984     95551488
     70      70.00    -1.166052134677    -1.204904461803     0.038852327126     300.5751     3.4174     95551488
     80      80.00    -1.166048795413    -1.203624981534     0.037576186121     290.7024     3.2900     95551488
     90      90.00    -1.166048005239    -1.203815131967     0.037767126727     292.1796     3.3279     95551488
    100     100.00    -1.166049792301    -1.206861213530     0.040811421230     315.7313     3.3594     95551488
Thu Dec 24 18:14:31 2015: Ending simulation



Simulation Validation:
  Initial energy  : -1.166063303635
  Final energy    : -1.166049792301
  eFinal/eInitial : 0.999988
  Final atom count : 95551488, no atoms lost


Timings for Rank 0
        Timer        # Calls    Avg/Call (s)   Total (s)    % Loop
___________________________________________________________________
total                      1     168.3504      168.3504      101.26
loop                       1     166.2592      166.2592      100.00
timestep                  10      16.6258      166.2577      100.00
  position               100       0.0110        1.0987        0.66
  velocity               200       0.0096        1.9292        1.16
  redistribute           101       0.3571       36.0631       21.69
    atomHalo             101       0.3208       32.4007       19.49
  force                  101       1.2461      125.8511       75.70
commHalo                 303       0.1022       30.9719       18.63
commReduce                39       0.0736        2.8720        1.73

Timing Statistics Across 192 Ranks:
        Timer        Rank: Min(s)       Rank: Max(s)      Avg(s)    Stdev(s)
_____________________________________________________________________________
total               33:  168.3111      60:  168.3756    168.3602      0.0185
loop                 2:  166.2591      89:  166.2593    166.2592      0.0001
timestep             7:  166.2574     184:  166.2582    166.2578      0.0002
  position          16:    0.9915     164:    1.3104      1.1296      0.0579
  velocity         154:    1.6401     111:    2.1763      1.9217      0.1110
  redistribute      95:   31.0747      42:   36.9612     35.9770      0.7982
    atomHalo        95:   27.2235      42:   33.3434     32.2560      0.8380
  force             83:  125.2477      95:  130.9664    125.9437      0.8466
commHalo            95:   25.6113     186:   31.9412     30.7439      0.8855
commReduce         143:    1.9728      83:    3.3768      2.8413      0.2404

---------------------------------------------------
 Average atom update rate:       3.34 us/atom/task
---------------------------------------------------


---------------------------------------------------
 Average all atom update rate:   0.02 us/atom
---------------------------------------------------


---------------------------------------------------
 Average atom rate:             57.47 atoms/us
---------------------------------------------------

Thu Dec 24 18:14:31 2015: CoMD Ending

real 168.55
user 3904.09
sys 133.87
