Thu Dec 24 17:29:31 2015: Starting Initialization


Mini-Application Name    : CoMD-mpi
Mini-Application Version : 1.1
Platform:
  hostname: test-c16595bc-1016-4b8b-bbe3-01bc27f9c84c.novalocal
  kernel name: 'Linux'
  kernel release: '3.10.0-229.4.2.el7.x86_64'
  processor: 'x86_64'
Build:
  CC: '/usr/lib64/mpich/bin/mpicc'
  compiler version: 'cc (GCC) 4.8.3 20140911 (Red Hat 4.8.3-9)'
  CFLAGS: '-std=c99 -DDOUBLE -DDO_MPI -g -O5   '
  LDFLAGS: ' -lm '
  using MPI: true
  Threading: none
  Double Precision: true
Run Date/Time: 2015-12-24, 17:29:31

Command Line Parameters:
  doeam: 0
  potDir: pots
  potName: Cu_u6.eam
  potType: funcfl
  nx: 288
  ny: 144
  nz: 144
  xproc: 4
  yproc: 4
  zproc: 3
  Lattice constant: -1 Angstroms
  nSteps: 100
  printRate: 10
  Time step: 1 fs
  Initial Temperature: 600 K
  Initial Delta: 0 Angstroms

Simulation data: 
  Total atoms        : 23887872
  Min global bounds  : [   0.0000000000,   0.0000000000,   0.0000000000 ]
  Max global bounds  : [ 1041.1200000000, 520.5600000000, 520.5600000000 ]

Decomposition data: 
  Processors         :      4,     4,     3
  Local boxes        :     44,    22,    29 =    28072
  Box size           : [   5.9154545455,   5.9154545455,   5.9834482759 ]
  Box factor         : [   1.0221087768,   1.0221087768,   1.0338571535 ] 
  Max Link Cell Occupancy: 32 of 64

Potential data: 
  Potential type   : Lennard-Jones
  Species name     : Cu
  Atomic number    : 29
  Mass             : 63.55 amu
  Lattice Type     : FCC
  Lattice spacing  : 3.615 Angstroms
  Cutoff           : 5.7875 Angstroms
  Epsilon          : 0.167 eV
  Sigma            : 2.315 Angstroms

Memory data: 
  Intrinsic atom footprint =   88 B/atom 
  Total atom footprint     = 2004.750 MB ( 41.77 MB/node)
  Link cell atom footprint = 150.777 MB/node
  Link cell atom footprint = 183.820 MB/node (including halo cell data


Initial energy : -1.166063303635, atom count : 23887872 

Thu Dec 24 17:29:33 2015: Initialization Finished

Thu Dec 24 17:29:33 2015: Starting simulation

#                                                                                         Performance
#  Loop   Time(fs)       Total Energy   Potential Energy     Kinetic Energy  Temperature   (us/atom)     # Atoms
      0       0.00    -1.166063303635    -1.243619295235     0.077555991600     600.0000     0.0000     23887872
     10      10.00    -1.166059648926    -1.233156469342     0.067096820416     519.0842     2.8355     23887872
     20      20.00    -1.166048432327    -1.208180661376     0.042132229049     325.9495     2.8787     23887872
     30      30.00    -1.166037586321    -1.186587816413     0.020550230092     158.9837     2.8990     23887872
     40      40.00    -1.166042094457    -1.183634412875     0.017592318418     136.1003     2.8527     23887872
     50      50.00    -1.166051686250    -1.193724607851     0.027672921601     214.0873     2.8510     23887872
     60      60.00    -1.166054643092    -1.202667642611     0.036612999519     283.2508     2.8526     23887872
     70      70.00    -1.166052134605    -1.204912539995     0.038860405391     300.6375     2.8759     23887872
     80      80.00    -1.166048796113    -1.203639355020     0.037590558908     290.8136     2.8763     23887872
     90      90.00    -1.166048008331    -1.203833297592     0.037785289261     292.3201     2.8562     23887872
    100     100.00    -1.166049796301    -1.206878414776     0.040828618475     315.8643     2.8549     23887872
Thu Dec 24 17:31:56 2015: Ending simulation



Simulation Validation:
  Initial energy  : -1.166063303635
  Final energy    : -1.166049796301
  eFinal/eInitial : 0.999988
  Final atom count : 23887872, no atoms lost


Timings for Rank 0
        Timer        # Calls    Avg/Call (s)   Total (s)    % Loop
___________________________________________________________________
total                      1     144.3834      144.3834      101.32
loop                       1     142.4968      142.4968      100.00
timestep                  10      14.2495      142.4953      100.00
  position               100       0.0167        1.6697        1.17
  velocity               200       0.0140        2.8006        1.97
  redistribute           101       0.1269       12.8178        9.00
    atomHalo             101       0.0856        8.6495        6.07
  force                  101       1.2510      126.3553       88.67
commHalo                 303       0.0237        7.1745        5.03
commReduce                39       0.0054        0.2088        0.15

Timing Statistics Across 48 Ranks:
        Timer        Rank: Min(s)       Rank: Max(s)      Avg(s)    Stdev(s)
_____________________________________________________________________________
total               16:  144.3833      47:  144.3870    144.3852      0.0018
loop                 0:  142.4968       7:  142.4969    142.4969      0.0000
timestep             0:  142.4953      43:  142.4958    142.4957      0.0001
  position          11:    1.4439       1:    1.7224      1.6086      0.0672
  velocity           1:    2.4655      43:    3.0889      2.8920      0.1220
  redistribute      44:   12.4194       1:   13.2281     12.7636      0.1369
    atomHalo        10:    8.0737       1:    8.9079      8.5693      0.1573
  force             23:  126.1895      44:  126.8209    126.4183      0.1145
commHalo            10:    6.0856       1:    7.4902      7.0482      0.2433
commReduce          30:    0.1120      16:    0.2280      0.1771      0.0267

---------------------------------------------------
 Average atom update rate:       2.86 us/atom/task
---------------------------------------------------


---------------------------------------------------
 Average all atom update rate:   0.06 us/atom
---------------------------------------------------


---------------------------------------------------
 Average atom rate:             16.76 atoms/us
---------------------------------------------------

Thu Dec 24 17:31:56 2015: CoMD Ending

real 144.53
user 3419.18
sys 42.69
