Thu Dec 24 18:45:47 2015: Starting Initialization


Mini-Application Name    : CoMD-mpi
Mini-Application Version : 1.1
Platform:
  hostname: test-c16595bc-1016-4b8b-bbe3-01bc27f9c84c.novalocal
  kernel name: 'Linux'
  kernel release: '3.10.0-229.4.2.el7.x86_64'
  processor: 'x86_64'
Build:
  CC: '/usr/lib64/mpich/bin/mpicc'
  compiler version: 'cc (GCC) 4.8.3 20140911 (Red Hat 4.8.3-9)'
  CFLAGS: '-std=c99 -DDOUBLE -DDO_MPI -g -O5   '
  LDFLAGS: ' -lm '
  using MPI: true
  Threading: none
  Double Precision: true
Run Date/Time: 2015-12-24, 18:45:47

Command Line Parameters:
  doeam: 0
  potDir: pots
  potName: Cu_u6.eam
  potType: funcfl
  nx: 576
  ny: 288
  nz: 288
  xproc: 8
  yproc: 8
  zproc: 6
  Lattice constant: -1 Angstroms
  nSteps: 100
  printRate: 10
  Time step: 1 fs
  Initial Temperature: 600 K
  Initial Delta: 0 Angstroms

Simulation data: 
  Total atoms        : 191102976
  Min global bounds  : [   0.0000000000,   0.0000000000,   0.0000000000 ]
  Max global bounds  : [ 2082.2400000000, 1041.1200000000, 1041.1200000000 ]

Decomposition data: 
  Processors         :      8,     8,     6
  Local boxes        :     44,    22,    29 =    28072
  Box size           : [   5.9154545455,   5.9154545455,   5.9834482759 ]
  Box factor         : [   1.0221087768,   1.0221087768,   1.0338571535 ] 
  Max Link Cell Occupancy: 32 of 64

Potential data: 
  Potential type   : Lennard-Jones
  Species name     : Cu
  Atomic number    : 29
  Mass             : 63.55 amu
  Lattice Type     : FCC
  Lattice spacing  : 3.615 Angstroms
  Cutoff           : 5.7875 Angstroms
  Epsilon          : 0.167 eV
  Sigma            : 2.315 Angstroms

Memory data: 
  Intrinsic atom footprint =   88 B/atom 
  Total atom footprint     = -346.000 MB ( 41.77 MB/node)
  Link cell atom footprint = 150.777 MB/node
  Link cell atom footprint = 183.820 MB/node (including halo cell data


Initial energy : -1.166063303635, atom count : 191102976 

Thu Dec 24 18:45:50 2015: Initialization Finished

Thu Dec 24 18:45:50 2015: Starting simulation

#                                                                                         Performance
#  Loop   Time(fs)       Total Energy   Potential Energy     Kinetic Energy  Temperature   (us/atom)     # Atoms
      0       0.00    -1.166063303635    -1.243619295235     0.077555991600     600.0000     0.0000    191102976
     10      10.00    -1.166059650602    -1.233154651512     0.067095000910     519.0702     3.4326    191102976
     20      20.00    -1.166048429207    -1.208173529549     0.042125100342     325.8944     3.4829    191102976
     30      30.00    -1.166037579478    -1.186579219108     0.020541639630     158.9172     3.4242    191102976
     40      40.00    -1.166042096597    -1.183632459803     0.017590363206     136.0851     3.5144    191102976
     50      50.00    -1.166051690423    -1.193726530690     0.027674840267     214.1021     3.2838    191102976
     60      60.00    -1.166054644204    -1.202665951990     0.036611307786     283.2378     3.3262    191102976
     70      70.00    -1.166052132921    -1.204903766985     0.038851634064     300.5697     3.4912    191102976
     80      80.00    -1.166048794316    -1.203624406040     0.037575611724     290.6979     3.8323    191102976
     90      90.00    -1.166048004903    -1.203815558312     0.037767553409     292.1829     3.5517    191102976
    100     100.00    -1.166049792314    -1.206862591607     0.040812799293     315.7419     3.4930    191102976
Thu Dec 24 18:48:43 2015: Ending simulation



Simulation Validation:
  Initial energy  : -1.166063303635
  Final energy    : -1.166049792314
  eFinal/eInitial : 0.999988
  Final atom count : 191102976, no atoms lost


Timings for Rank 0
        Timer        # Calls    Avg/Call (s)   Total (s)    % Loop
___________________________________________________________________
total                      1     176.1430      176.1430      101.56
loop                       1     173.4456      173.4456      100.00
timestep                  10      17.3348      173.3478       99.94
  position               100       0.0111        1.1080        0.64
  velocity               200       0.0095        1.9068        1.10
  redistribute           101       0.4183       42.2448       24.36
    atomHalo             101       0.3807       38.4533       22.17
  force                  101       1.2451      125.7554       72.50
commHalo                 303       0.1214       36.7764       21.20
commReduce                39       0.1170        4.5616        2.63

Timing Statistics Across 384 Ranks:
        Timer        Rank: Min(s)       Rank: Max(s)      Avg(s)    Stdev(s)
_____________________________________________________________________________
total              140:  176.0466     179:  176.1431    176.1268      0.0200
loop                 5:  173.4454     376:  173.4457    173.4456      0.0001
timestep             0:  173.3478     120:  173.3613    173.3483      0.0012
  position         188:    0.9812     289:    1.4040      1.1385      0.0651
  velocity         134:    1.5761     273:    2.3312      1.9471      0.1444
  redistribute     210:   36.1505      24:   43.0046     40.6941      1.0901
    atomHalo       210:   32.3244      24:   39.4317     36.9476      1.1474
  force             44:  125.3076     198:  131.9520    125.9558      0.6418
commHalo           210:   30.7705      24:   37.9632     35.4375      1.1928
commReduce           8:    3.4685     171:    7.4209      5.8462      0.9345

---------------------------------------------------
 Average atom update rate:       3.48 us/atom/task
---------------------------------------------------


---------------------------------------------------
 Average all atom update rate:   0.01 us/atom
---------------------------------------------------


---------------------------------------------------
 Average atom rate:            110.24 atoms/us
---------------------------------------------------

Thu Dec 24 18:48:43 2015: CoMD Ending

real 176.40
user 4073.17
sys 151.65
