Thu Dec 24 17:12:56 2015: Starting Initialization


Mini-Application Name    : CoMD-mpi
Mini-Application Version : 1.1
Platform:
  hostname: test-c16595bc-1016-4b8b-bbe3-01bc27f9c84c.novalocal
  kernel name: 'Linux'
  kernel release: '3.10.0-229.4.2.el7.x86_64'
  processor: 'x86_64'
Build:
  CC: '/usr/lib64/mpich/bin/mpicc'
  compiler version: 'cc (GCC) 4.8.3 20140911 (Red Hat 4.8.3-9)'
  CFLAGS: '-std=c99 -DDOUBLE -DDO_MPI -g -O5   '
  LDFLAGS: ' -lm '
  using MPI: true
  Threading: none
  Double Precision: true
Run Date/Time: 2015-12-24, 17:12:56

Command Line Parameters:
  doeam: 0
  potDir: pots
  potName: Cu_u6.eam
  potType: funcfl
  nx: 144
  ny: 144
  nz: 144
  xproc: 2
  yproc: 4
  zproc: 3
  Lattice constant: -1 Angstroms
  nSteps: 100
  printRate: 10
  Time step: 1 fs
  Initial Temperature: 600 K
  Initial Delta: 0 Angstroms

Simulation data: 
  Total atoms        : 11943936
  Min global bounds  : [   0.0000000000,   0.0000000000,   0.0000000000 ]
  Max global bounds  : [ 520.5600000000, 520.5600000000, 520.5600000000 ]

Decomposition data: 
  Processors         :      2,     4,     3
  Local boxes        :     44,    22,    29 =    28072
  Box size           : [   5.9154545455,   5.9154545455,   5.9834482759 ]
  Box factor         : [   1.0221087768,   1.0221087768,   1.0338571535 ] 
  Max Link Cell Occupancy: 32 of 64

Potential data: 
  Potential type   : Lennard-Jones
  Species name     : Cu
  Atomic number    : 29
  Mass             : 63.55 amu
  Lattice Type     : FCC
  Lattice spacing  : 3.615 Angstroms
  Cutoff           : 5.7875 Angstroms
  Epsilon          : 0.167 eV
  Sigma            : 2.315 Angstroms

Memory data: 
  Intrinsic atom footprint =   88 B/atom 
  Total atom footprint     = 1002.375 MB ( 41.77 MB/node)
  Link cell atom footprint = 150.777 MB/node
  Link cell atom footprint = 183.820 MB/node (including halo cell data


Initial energy : -1.166063303635, atom count : 11943936 

Thu Dec 24 17:12:58 2015: Initialization Finished

Thu Dec 24 17:12:58 2015: Starting simulation

#                                                                                         Performance
#  Loop   Time(fs)       Total Energy   Potential Energy     Kinetic Energy  Temperature   (us/atom)     # Atoms
      0       0.00    -1.166063303635    -1.243619295235     0.077555991600     600.0000     0.0000     11943936
     10      10.00    -1.166059649406    -1.233156263032     0.067096613625     519.0826     2.7333     11943936
     20      20.00    -1.166048433442    -1.208179712497     0.042131279055     325.9422     2.7530     11943936
     30      30.00    -1.166037586894    -1.186585625849     0.020548038955     158.9667     2.7514     11943936
     40      40.00    -1.166042094066    -1.183631409992     0.017589315927     136.0770     2.7448     11943936
     50      50.00    -1.166051685471    -1.193722569562     0.027670884091     214.0715     2.7477     11943936
     60      60.00    -1.166054642785    -1.202668589764     0.036613946979     283.2582     2.7418     11943936
     70      70.00    -1.166052136306    -1.204917000628     0.038864864322     300.6720     2.7426     11943936
     80      80.00    -1.166048799577    -1.203645039062     0.037596239485     290.8575     2.7424     11943936
     90      90.00    -1.166048009737    -1.203836257034     0.037788247298     292.3430     2.7457     11943936
    100     100.00    -1.166049794039    -1.206876626326     0.040826832287     315.8505     2.7463     11943936
Thu Dec 24 17:15:14 2015: Ending simulation



Simulation Validation:
  Initial energy  : -1.166063303635
  Final energy    : -1.166049794039
  eFinal/eInitial : 0.999988
  Final atom count : 11943936, no atoms lost


Timings for Rank 0
        Timer        # Calls    Avg/Call (s)   Total (s)    % Loop
___________________________________________________________________
total                      1     138.4876      138.4876      101.38
loop                       1     136.6055      136.6055      100.00
timestep                  10      13.6605      136.6047      100.00
  position               100       0.0163        1.6251        1.19
  velocity               200       0.0150        3.0028        2.20
  redistribute           101       0.0668        6.7435        4.94
    atomHalo             101       0.0250        2.5264        1.85
  force                  101       1.2525      126.5007       92.60
commHalo                 303       0.0035        1.0521        0.77
commReduce                39       0.0011        0.0420        0.03

Timing Statistics Across 24 Ranks:
        Timer        Rank: Min(s)       Rank: Max(s)      Avg(s)    Stdev(s)
_____________________________________________________________________________
total               17:  138.4806      21:  138.5006    138.4976      0.0059
loop                 0:  136.6055      11:  136.6055    136.6055      0.0000
timestep             0:  136.6047      11:  136.6052    136.6051      0.0001
  position           4:    1.5506       6:    1.7483      1.6542      0.0412
  velocity           6:    2.7771       8:    3.1014      2.9880      0.0758
  redistribute      22:    6.6189       6:    7.0360      6.7911      0.0958
    atomHalo        22:    2.5012       6:    2.7710      2.6217      0.0665
  force              6:  126.2163       4:  126.5324    126.3693      0.0832
commHalo            22:    0.9496       6:    1.3284      1.0929      0.0841
commReduce           0:    0.0420      19:    0.2203      0.1492      0.0404

---------------------------------------------------
 Average atom update rate:       2.74 us/atom/task
---------------------------------------------------


---------------------------------------------------
 Average all atom update rate:   0.11 us/atom
---------------------------------------------------


---------------------------------------------------
 Average atom rate:              8.74 atoms/us
---------------------------------------------------

Thu Dec 24 17:15:14 2015: CoMD Ending

real 138.56
user 3305.40
sys 17.64
