Thu Dec 24 19:17:06 2015: Starting Initialization


Mini-Application Name    : CoMD-mpi
Mini-Application Version : 1.1
Platform:
  hostname: test-c16595bc-1016-4b8b-bbe3-01bc27f9c84c.novalocal
  kernel name: 'Linux'
  kernel release: '3.10.0-229.4.2.el7.x86_64'
  processor: 'x86_64'
Build:
  CC: '/usr/lib64/mpich/bin/mpicc'
  compiler version: 'cc (GCC) 4.8.3 20140911 (Red Hat 4.8.3-9)'
  CFLAGS: '-std=c99 -DDOUBLE -DDO_MPI -g -O5   '
  LDFLAGS: ' -lm '
  using MPI: true
  Threading: none
  Double Precision: true
Run Date/Time: 2015-12-24, 19:17:06

Command Line Parameters:
  doeam: 0
  potDir: pots
  potName: Cu_u6.eam
  potType: funcfl
  nx: 576
  ny: 576
  nz: 288
  xproc: 8
  yproc: 8
  zproc: 12
  Lattice constant: -1 Angstroms
  nSteps: 100
  printRate: 10
  Time step: 1 fs
  Initial Temperature: 600 K
  Initial Delta: 0 Angstroms

Simulation data: 
  Total atoms        : 382205952
  Min global bounds  : [   0.0000000000,   0.0000000000,   0.0000000000 ]
  Max global bounds  : [ 2082.2400000000, 2082.2400000000, 1041.1200000000 ]

Decomposition data: 
  Processors         :      8,     8,    12
  Local boxes        :     44,    44,    14 =    27104
  Box size           : [   5.9154545455,   5.9154545455,   6.1971428571 ]
  Box factor         : [   1.0221087768,   1.0221087768,   1.0707806233 ] 
  Max Link Cell Occupancy: 32 of 64

Potential data: 
  Potential type   : Lennard-Jones
  Species name     : Cu
  Atomic number    : 29
  Mass             : 63.55 amu
  Lattice Type     : FCC
  Lattice spacing  : 3.615 Angstroms
  Cutoff           : 5.7875 Angstroms
  Epsilon          : 0.167 eV
  Sigma            : 2.315 Angstroms

Memory data: 
  Intrinsic atom footprint =   88 B/atom 
  Total atom footprint     = -692.000 MB ( 41.77 MB/node)
  Link cell atom footprint = 145.578 MB/node
  Link cell atom footprint = 181.844 MB/node (including halo cell data


Initial energy : -1.166063303630, atom count : 382205952 

Thu Dec 24 19:17:09 2015: Initialization Finished

Thu Dec 24 19:17:09 2015: Starting simulation

#                                                                                         Performance
#  Loop   Time(fs)       Total Energy   Potential Energy     Kinetic Energy  Temperature   (us/atom)     # Atoms
      0       0.00    -1.166063303630    -1.243619295230     0.077555991600     600.0000     0.0000    382205952
     10      10.00    -1.166059648057    -1.233153833965     0.067094185908     519.0638     3.2227    382205952
     20      20.00    -1.166048424452    -1.208173088374     0.042124663922     325.8910     3.4087    382205952
     30      30.00    -1.166037576531    -1.186582597028     0.020545020496     158.9434     3.0973    382205952
     40      40.00    -1.166042094589    -1.183640748616     0.017598654027     136.1493     3.2721    382205952
     50      50.00    -1.166051690711    -1.193738808319     0.027687117608     214.1971     3.2973    382205952
     60      60.00    -1.166054646042    -1.202678133927     0.036623487885     283.3320     3.3116    382205952
     70      70.00    -1.166052132368    -1.204910124428     0.038857992060     300.6189     3.3559    382205952
     80      80.00    -1.166048789533    -1.203623187750     0.037574398217     290.6886     3.4785    382205952
     90      90.00    -1.166047997524    -1.203812115126     0.037764117602     292.1563     3.3924    382205952
    100     100.00    -1.166049788647    -1.206865872056     0.040816083408     315.7674     3.6143    382205952
Thu Dec 24 19:19:56 2015: Ending simulation



Simulation Validation:
  Initial energy  : -1.166063303630
  Final energy    : -1.166049788647
  eFinal/eInitial : 0.999988
  Final atom count : 382205952, no atoms lost


Timings for Rank 0
        Timer        # Calls    Avg/Call (s)   Total (s)    % Loop
___________________________________________________________________
total                      1     169.2874      169.2874      101.69
loop                       1     166.4757      166.4757      100.00
timestep                  10      16.6472      166.4725      100.00
  position               100       0.0101        1.0053        0.60
  velocity               200       0.0077        1.5469        0.93
  redistribute           101       0.3339       33.7244       20.26
    atomHalo             101       0.2989       30.1926       18.14
  force                  101       1.2613      127.3913       76.52
commHalo                 303       0.0945       28.6254       17.19
commReduce                39       0.1295        5.0490        3.03

Timing Statistics Across 768 Ranks:
        Timer        Rank: Min(s)       Rank: Max(s)      Avg(s)    Stdev(s)
_____________________________________________________________________________
total              395:  169.2281     554:  169.3154    169.2919      0.0185
loop               145:  166.4753     760:  166.4758    166.4756      0.0001
timestep            23:  166.4723     749:  166.4733    166.4728      0.0002
  position         423:    0.8656     565:    1.1739      1.0133      0.0461
  velocity         120:    1.4042     501:    2.0121      1.6958      0.1025
  redistribute     423:   28.7269      81:   35.1873     32.8951      0.8247
    atomHalo       423:   25.0099      81:   31.7113     29.2992      0.8730
  force            363:  127.1541     423:  132.6924    127.6743      0.5448
commHalo           423:   23.1836      96:   30.1377     27.6726      0.9260
commReduce          25:    3.4285     523:    6.4724      5.4435      0.6463

---------------------------------------------------
 Average atom update rate:       3.35 us/atom/task
---------------------------------------------------


---------------------------------------------------
 Average all atom update rate:   0.00 us/atom
---------------------------------------------------


---------------------------------------------------
 Average atom rate:            229.59 atoms/us
---------------------------------------------------

Thu Dec 24 19:19:56 2015: CoMD Ending

real 169.63
user 3936.11
sys 121.00
