Thu Dec 24 17:59:02 2015: Starting Initialization


Mini-Application Name    : CoMD-mpi
Mini-Application Version : 1.1
Platform:
  hostname: test-c16595bc-1016-4b8b-bbe3-01bc27f9c84c.novalocal
  kernel name: 'Linux'
  kernel release: '3.10.0-229.4.2.el7.x86_64'
  processor: 'x86_64'
Build:
  CC: '/usr/lib64/mpich/bin/mpicc'
  compiler version: 'cc (GCC) 4.8.3 20140911 (Red Hat 4.8.3-9)'
  CFLAGS: '-std=c99 -DDOUBLE -DDO_MPI -g -O5   '
  LDFLAGS: ' -lm '
  using MPI: true
  Threading: none
  Double Precision: true
Run Date/Time: 2015-12-24, 17:59:02

Command Line Parameters:
  doeam: 0
  potDir: pots
  potName: Cu_u6.eam
  potType: funcfl
  nx: 288
  ny: 288
  nz: 144
  xproc: 4
  yproc: 8
  zproc: 3
  Lattice constant: -1 Angstroms
  nSteps: 100
  printRate: 10
  Time step: 1 fs
  Initial Temperature: 600 K
  Initial Delta: 0 Angstroms

Simulation data: 
  Total atoms        : 47775744
  Min global bounds  : [   0.0000000000,   0.0000000000,   0.0000000000 ]
  Max global bounds  : [ 1041.1200000000, 1041.1200000000, 520.5600000000 ]

Decomposition data: 
  Processors         :      4,     8,     3
  Local boxes        :     44,    22,    29 =    28072
  Box size           : [   5.9154545455,   5.9154545455,   5.9834482759 ]
  Box factor         : [   1.0221087768,   1.0221087768,   1.0338571535 ] 
  Max Link Cell Occupancy: 32 of 64

Potential data: 
  Potential type   : Lennard-Jones
  Species name     : Cu
  Atomic number    : 29
  Mass             : 63.55 amu
  Lattice Type     : FCC
  Lattice spacing  : 3.615 Angstroms
  Cutoff           : 5.7875 Angstroms
  Epsilon          : 0.167 eV
  Sigma            : 2.315 Angstroms

Memory data: 
  Intrinsic atom footprint =   88 B/atom 
  Total atom footprint     = -86.500 MB ( 41.77 MB/node)
  Link cell atom footprint = 150.777 MB/node
  Link cell atom footprint = 183.820 MB/node (including halo cell data


Initial energy : -1.166063303635, atom count : 47775744 

Thu Dec 24 17:59:04 2015: Initialization Finished

Thu Dec 24 17:59:04 2015: Starting simulation

#                                                                                         Performance
#  Loop   Time(fs)       Total Energy   Potential Energy     Kinetic Energy  Temperature   (us/atom)     # Atoms
      0       0.00    -1.166063303635    -1.243619295235     0.077555991600     600.0000     0.0000     47775744
     10      10.00    -1.166059648385    -1.233154418541     0.067094770156     519.0684     2.9484     47775744
     20      20.00    -1.166048429555    -1.208172856271     0.042124426716     325.8891     3.0008     47775744
     30      30.00    -1.166037579552    -1.186574421118     0.020536841566     158.8801     2.9516     47775744
     40      40.00    -1.166042088391    -1.183621357039     0.017579268648     135.9993     2.8738     47775744
     50      50.00    -1.166051681932    -1.193717450331     0.027665768399     214.0320     2.9009     47775744
     60      60.00    -1.166054640360    -1.202668818304     0.036614177944     283.2600     2.9005     47775744
     70      70.00    -1.166052133769    -1.204922091127     0.038869957358     300.7114     3.0363     47775744
     80      80.00    -1.166048799604    -1.203654382409     0.037605582805     290.9298     3.0146     47775744
     90      90.00    -1.166048012593    -1.203846535070     0.037798522478     292.4225     3.0120     47775744
    100     100.00    -1.166049797799    -1.206881718934     0.040831921134     315.8899     2.8356     47775744
Thu Dec 24 18:01:31 2015: Ending simulation



Simulation Validation:
  Initial energy  : -1.166063303635
  Final energy    : -1.166049797799
  eFinal/eInitial : 0.999988
  Final atom count : 47775744, no atoms lost


Timings for Rank 0
        Timer        # Calls    Avg/Call (s)   Total (s)    % Loop
___________________________________________________________________
total                      1     148.7584      148.7584      101.41
loop                       1     146.6858      146.6858      100.00
timestep                  10      14.6684      146.6840      100.00
  position               100       0.0147        1.4749        1.01
  velocity               200       0.0134        2.6855        1.83
  redistribute           101       0.1683       16.9997       11.59
    atomHalo             101       0.1268       12.8096        8.73
  force                  101       1.2509      126.3380       86.13
commHalo                 303       0.0365       11.0676        7.55
commReduce                39       0.0177        0.6885        0.47

Timing Statistics Across 96 Ranks:
        Timer        Rank: Min(s)       Rank: Max(s)      Avg(s)    Stdev(s)
_____________________________________________________________________________
total               63:  148.7177      26:  148.7792    148.7583      0.0199
loop                11:  146.6858      30:  146.6859    146.6858      0.0000
timestep             0:  146.6840      61:  146.6846    146.6844      0.0001
  position          38:    1.2547       1:    1.5817      1.4328      0.0569
  velocity          53:    2.1446       8:    2.9162      2.5309      0.1547
  redistribute      38:   13.1232       3:   17.5583     16.8302      0.5032
    atomHalo        38:    9.0671      61:   13.4184     12.8020      0.5344
  force              3:  126.0084      38:  130.4845    126.4237      0.5222
commHalo            38:    7.6123      62:   12.0476     11.3035      0.5686
commReduce          10:    0.5609      53:    1.2673      0.9682      0.2059

---------------------------------------------------
 Average atom update rate:       2.95 us/atom/task
---------------------------------------------------


---------------------------------------------------
 Average all atom update rate:   0.03 us/atom
---------------------------------------------------


---------------------------------------------------
 Average atom rate:             32.57 atoms/us
---------------------------------------------------

Thu Dec 24 18:01:31 2015: CoMD Ending

real 148.97
user 3516.51
sys 52.29
