Thu Dec 24 18:51:39 2015: Starting Initialization


Mini-Application Name    : CoMD-mpi
Mini-Application Version : 1.1
Platform:
  hostname: test-c16595bc-1016-4b8b-bbe3-01bc27f9c84c.novalocal
  kernel name: 'Linux'
  kernel release: '3.10.0-229.4.2.el7.x86_64'
  processor: 'x86_64'
Build:
  CC: '/usr/lib64/mpich/bin/mpicc'
  compiler version: 'cc (GCC) 4.8.3 20140911 (Red Hat 4.8.3-9)'
  CFLAGS: '-std=c99 -DDOUBLE -DDO_MPI -g -O5   '
  LDFLAGS: ' -lm '
  using MPI: true
  Threading: none
  Double Precision: true
Run Date/Time: 2015-12-24, 18:51:39

Command Line Parameters:
  doeam: 0
  potDir: pots
  potName: Cu_u6.eam
  potType: funcfl
  nx: 576
  ny: 288
  nz: 288
  xproc: 8
  yproc: 8
  zproc: 6
  Lattice constant: -1 Angstroms
  nSteps: 100
  printRate: 10
  Time step: 1 fs
  Initial Temperature: 600 K
  Initial Delta: 0 Angstroms

Simulation data: 
  Total atoms        : 191102976
  Min global bounds  : [   0.0000000000,   0.0000000000,   0.0000000000 ]
  Max global bounds  : [ 2082.2400000000, 1041.1200000000, 1041.1200000000 ]

Decomposition data: 
  Processors         :      8,     8,     6
  Local boxes        :     44,    22,    29 =    28072
  Box size           : [   5.9154545455,   5.9154545455,   5.9834482759 ]
  Box factor         : [   1.0221087768,   1.0221087768,   1.0338571535 ] 
  Max Link Cell Occupancy: 32 of 64

Potential data: 
  Potential type   : Lennard-Jones
  Species name     : Cu
  Atomic number    : 29
  Mass             : 63.55 amu
  Lattice Type     : FCC
  Lattice spacing  : 3.615 Angstroms
  Cutoff           : 5.7875 Angstroms
  Epsilon          : 0.167 eV
  Sigma            : 2.315 Angstroms

Memory data: 
  Intrinsic atom footprint =   88 B/atom 
  Total atom footprint     = -346.000 MB ( 41.77 MB/node)
  Link cell atom footprint = 150.777 MB/node
  Link cell atom footprint = 183.820 MB/node (including halo cell data


Initial energy : -1.166063303635, atom count : 191102976 

Thu Dec 24 18:51:41 2015: Initialization Finished

Thu Dec 24 18:51:41 2015: Starting simulation

#                                                                                         Performance
#  Loop   Time(fs)       Total Energy   Potential Energy     Kinetic Energy  Temperature   (us/atom)     # Atoms
      0       0.00    -1.166063303635    -1.243619295235     0.077555991600     600.0000     0.0000    191102976
     10      10.00    -1.166059650602    -1.233154651512     0.067095000910     519.0702     3.1632    191102976
     20      20.00    -1.166048429207    -1.208173529549     0.042125100342     325.8944     3.3422    191102976
     30      30.00    -1.166037579478    -1.186579219108     0.020541639630     158.9172     3.3556    191102976
     40      40.00    -1.166042096597    -1.183632459803     0.017590363206     136.0851     3.2979    191102976
     50      50.00    -1.166051690423    -1.193726530690     0.027674840267     214.1021     3.2368    191102976
     60      60.00    -1.166054644204    -1.202665951990     0.036611307786     283.2378     3.3820    191102976
     70      70.00    -1.166052132921    -1.204903766985     0.038851634064     300.5697     3.2725    191102976
     80      80.00    -1.166048794316    -1.203624406040     0.037575611724     290.6979     3.3252    191102976
     90      90.00    -1.166048004903    -1.203815558312     0.037767553409     292.1829     3.6899    191102976
    100     100.00    -1.166049792314    -1.206862591607     0.040812799293     315.7419     3.4934    191102976
Thu Dec 24 18:54:28 2015: Ending simulation



Simulation Validation:
  Initial energy  : -1.166063303635
  Final energy    : -1.166049792314
  eFinal/eInitial : 0.999988
  Final atom count : 191102976, no atoms lost


Timings for Rank 0
        Timer        # Calls    Avg/Call (s)   Total (s)    % Loop
___________________________________________________________________
total                      1     169.7428      169.7428      101.62
loop                       1     167.0310      167.0310      100.00
timestep                  10      16.7009      167.0090       99.99
  position               100       0.0118        1.1768        0.70
  velocity               200       0.0097        1.9481        1.17
  redistribute           101       0.3414       34.4858       20.65
    atomHalo             101       0.3045       30.7586       18.41
  force                  101       1.2451      125.7564       75.29
commHalo                 303       0.0964       29.1945       17.48
commReduce                39       0.1490        5.8097        3.48

Timing Statistics Across 384 Ranks:
        Timer        Rank: Min(s)       Rank: Max(s)      Avg(s)    Stdev(s)
_____________________________________________________________________________
total              355:  169.6852     113:  169.7470    169.7353      0.0152
loop                 6:  167.0309      51:  167.0310    167.0310      0.0000
timestep            43:  166.9984     347:  167.0248    167.0093      0.0013
  position         310:    0.9979     242:    1.3790      1.1794      0.0652
  velocity         248:    1.6576     242:    2.5400      2.0216      0.1361
  redistribute     338:   31.7244     309:   36.2089     34.5713      0.8166
    atomHalo       338:   27.5963     309:   32.5335     30.8017      0.8840
  force            200:  125.3597     359:  128.9789    125.9470      0.5343
commHalo           338:   25.7461     309:   31.0171     29.2888      0.9388
commReduce         117:    3.8824     202:    6.8462      5.4446      0.6012

---------------------------------------------------
 Average atom update rate:       3.36 us/atom/task
---------------------------------------------------


---------------------------------------------------
 Average all atom update rate:   0.01 us/atom
---------------------------------------------------


---------------------------------------------------
 Average atom rate:            114.43 atoms/us
---------------------------------------------------

Thu Dec 24 18:54:28 2015: CoMD Ending

real 169.99
user 3934.73
sys 135.95
