Thu Dec 24 19:28:19 2015: Starting Initialization


Mini-Application Name    : CoMD-mpi
Mini-Application Version : 1.1
Platform:
  hostname: test-c16595bc-1016-4b8b-bbe3-01bc27f9c84c.novalocal
  kernel name: 'Linux'
  kernel release: '3.10.0-229.4.2.el7.x86_64'
  processor: 'x86_64'
Build:
  CC: '/usr/lib64/mpich/bin/mpicc'
  compiler version: 'cc (GCC) 4.8.3 20140911 (Red Hat 4.8.3-9)'
  CFLAGS: '-std=c99 -DDOUBLE -DDO_MPI -g -O5   '
  LDFLAGS: ' -lm '
  using MPI: true
  Threading: none
  Double Precision: true
Run Date/Time: 2015-12-24, 19:28:19

Command Line Parameters:
  doeam: 0
  potDir: pots
  potName: Cu_u6.eam
  potType: funcfl
  nx: 576
  ny: 576
  nz: 288
  xproc: 8
  yproc: 8
  zproc: 12
  Lattice constant: -1 Angstroms
  nSteps: 100
  printRate: 10
  Time step: 1 fs
  Initial Temperature: 600 K
  Initial Delta: 0 Angstroms

Simulation data: 
  Total atoms        : 382205952
  Min global bounds  : [   0.0000000000,   0.0000000000,   0.0000000000 ]
  Max global bounds  : [ 2082.2400000000, 2082.2400000000, 1041.1200000000 ]

Decomposition data: 
  Processors         :      8,     8,    12
  Local boxes        :     44,    44,    14 =    27104
  Box size           : [   5.9154545455,   5.9154545455,   6.1971428571 ]
  Box factor         : [   1.0221087768,   1.0221087768,   1.0707806233 ] 
  Max Link Cell Occupancy: 32 of 64

Potential data: 
  Potential type   : Lennard-Jones
  Species name     : Cu
  Atomic number    : 29
  Mass             : 63.55 amu
  Lattice Type     : FCC
  Lattice spacing  : 3.615 Angstroms
  Cutoff           : 5.7875 Angstroms
  Epsilon          : 0.167 eV
  Sigma            : 2.315 Angstroms

Memory data: 
  Intrinsic atom footprint =   88 B/atom 
  Total atom footprint     = -692.000 MB ( 41.77 MB/node)
  Link cell atom footprint = 145.578 MB/node
  Link cell atom footprint = 181.844 MB/node (including halo cell data


Initial energy : -1.166063303630, atom count : 382205952 

Thu Dec 24 19:28:22 2015: Initialization Finished

Thu Dec 24 19:28:22 2015: Starting simulation

#                                                                                         Performance
#  Loop   Time(fs)       Total Energy   Potential Energy     Kinetic Energy  Temperature   (us/atom)     # Atoms
      0       0.00    -1.166063303630    -1.243619295230     0.077555991600     600.0000     0.0000    382205952
     10      10.00    -1.166059648057    -1.233153833965     0.067094185908     519.0638     3.1988    382205952
     20      20.00    -1.166048424452    -1.208173088374     0.042124663922     325.8910     3.2653    382205952
     30      30.00    -1.166037576531    -1.186582597028     0.020545020496     158.9434     3.3033    382205952
     40      40.00    -1.166042094589    -1.183640748616     0.017598654027     136.1493     3.3414    382205952
     50      50.00    -1.166051690711    -1.193738808319     0.027687117608     214.1971     3.2989    382205952
     60      60.00    -1.166054646042    -1.202678133927     0.036623487885     283.3320     3.2001    382205952
     70      70.00    -1.166052132368    -1.204910124428     0.038857992060     300.6189     3.3378    382205952
     80      80.00    -1.166048789533    -1.203623187750     0.037574398217     290.6886     3.2396    382205952
     90      90.00    -1.166047997524    -1.203812115126     0.037764117602     292.1563     3.2235    382205952
    100     100.00    -1.166049788647    -1.206865872056     0.040816083408     315.7674     3.3390    382205952
Thu Dec 24 19:31:05 2015: Ending simulation



Simulation Validation:
  Initial energy  : -1.166063303630
  Final energy    : -1.166049788647
  eFinal/eInitial : 0.999988
  Final atom count : 382205952, no atoms lost


Timings for Rank 0
        Timer        # Calls    Avg/Call (s)   Total (s)    % Loop
___________________________________________________________________
total                      1     165.6350      165.6350      101.63
loop                       1     162.9761      162.9761      100.00
timestep                  10      16.2973      162.9732      100.00
  position               100       0.0102        1.0194        0.63
  velocity               200       0.0077        1.5379        0.94
  redistribute           101       0.3166       31.9786       19.62
    atomHalo             101       0.2810       28.3820       17.41
  force                  101       1.2598      127.2427       78.07
commHalo                 303       0.0885       26.8259       16.46
commReduce                39       0.0834        3.2544        2.00

Timing Statistics Across 768 Ranks:
        Timer        Rank: Min(s)       Rank: Max(s)      Avg(s)    Stdev(s)
_____________________________________________________________________________
total              610:  165.5601     166:  165.6355    165.6252      0.0147
loop                17:  162.9760     505:  162.9763    162.9761      0.0001
timestep             0:  162.9732     505:  162.9740    162.9736      0.0001
  position         105:    0.8066      60:    1.1608      0.9704      0.0539
  velocity          24:    1.3498     188:    1.9993      1.6165      0.1045
  redistribute     665:   27.6051     184:   32.7349     31.4474      0.5598
    atomHalo       665:   24.0660     184:   29.3068     27.8973      0.6266
  force            105:  127.1002     665:  131.9023    127.6188      0.5152
commHalo           665:   22.2982     184:   27.8104     26.2722      0.7024
commReduce         198:    2.1855     329:    3.9836      3.3739      0.2782

---------------------------------------------------
 Average atom update rate:       3.27 us/atom/task
---------------------------------------------------


---------------------------------------------------
 Average all atom update rate:   0.00 us/atom
---------------------------------------------------


---------------------------------------------------
 Average atom rate:            234.52 atoms/us
---------------------------------------------------

Thu Dec 24 19:31:05 2015: CoMD Ending

real 165.94
user 3863.78
sys 110.44
