Thu Dec 24 17:41:35 2015: Starting Initialization


Mini-Application Name    : CoMD-mpi
Mini-Application Version : 1.1
Platform:
  hostname: test-c16595bc-1016-4b8b-bbe3-01bc27f9c84c.novalocal
  kernel name: 'Linux'
  kernel release: '3.10.0-229.4.2.el7.x86_64'
  processor: 'x86_64'
Build:
  CC: '/usr/lib64/mpich/bin/mpicc'
  compiler version: 'cc (GCC) 4.8.3 20140911 (Red Hat 4.8.3-9)'
  CFLAGS: '-std=c99 -DDOUBLE -DDO_MPI -g -O5   '
  LDFLAGS: ' -lm '
  using MPI: true
  Threading: none
  Double Precision: true
Run Date/Time: 2015-12-24, 17:41:35

Command Line Parameters:
  doeam: 0
  potDir: pots
  potName: Cu_u6.eam
  potType: funcfl
  nx: 288
  ny: 144
  nz: 144
  xproc: 4
  yproc: 4
  zproc: 3
  Lattice constant: -1 Angstroms
  nSteps: 100
  printRate: 10
  Time step: 1 fs
  Initial Temperature: 600 K
  Initial Delta: 0 Angstroms

Simulation data: 
  Total atoms        : 23887872
  Min global bounds  : [   0.0000000000,   0.0000000000,   0.0000000000 ]
  Max global bounds  : [ 1041.1200000000, 520.5600000000, 520.5600000000 ]

Decomposition data: 
  Processors         :      4,     4,     3
  Local boxes        :     44,    22,    29 =    28072
  Box size           : [   5.9154545455,   5.9154545455,   5.9834482759 ]
  Box factor         : [   1.0221087768,   1.0221087768,   1.0338571535 ] 
  Max Link Cell Occupancy: 32 of 64

Potential data: 
  Potential type   : Lennard-Jones
  Species name     : Cu
  Atomic number    : 29
  Mass             : 63.55 amu
  Lattice Type     : FCC
  Lattice spacing  : 3.615 Angstroms
  Cutoff           : 5.7875 Angstroms
  Epsilon          : 0.167 eV
  Sigma            : 2.315 Angstroms

Memory data: 
  Intrinsic atom footprint =   88 B/atom 
  Total atom footprint     = 2004.750 MB ( 41.77 MB/node)
  Link cell atom footprint = 150.777 MB/node
  Link cell atom footprint = 183.820 MB/node (including halo cell data


Initial energy : -1.166063303635, atom count : 23887872 

Thu Dec 24 17:41:37 2015: Initialization Finished

Thu Dec 24 17:41:37 2015: Starting simulation

#                                                                                         Performance
#  Loop   Time(fs)       Total Energy   Potential Energy     Kinetic Energy  Temperature   (us/atom)     # Atoms
      0       0.00    -1.166063303635    -1.243619295235     0.077555991600     600.0000     0.0000     23887872
     10      10.00    -1.166059648926    -1.233156469342     0.067096820416     519.0842     2.8359     23887872
     20      20.00    -1.166048432327    -1.208180661376     0.042132229049     325.9495     2.8663     23887872
     30      30.00    -1.166037586321    -1.186587816413     0.020550230092     158.9837     2.8701     23887872
     40      40.00    -1.166042094457    -1.183634412875     0.017592318418     136.1003     2.8632     23887872
     50      50.00    -1.166051686250    -1.193724607851     0.027672921601     214.0873     3.2110     23887872
     60      60.00    -1.166054643092    -1.202667642611     0.036612999519     283.2508     3.1528     23887872
     70      70.00    -1.166052134605    -1.204912539995     0.038860405391     300.6375     2.8635     23887872
     80      80.00    -1.166048796113    -1.203639355020     0.037590558908     290.8136     2.8617     23887872
     90      90.00    -1.166048008331    -1.203833297592     0.037785289261     292.3201     2.9072     23887872
    100     100.00    -1.166049796301    -1.206878414776     0.040828618475     315.8643     2.8657     23887872
Thu Dec 24 17:44:02 2015: Ending simulation



Simulation Validation:
  Initial energy  : -1.166063303635
  Final energy    : -1.166049796301
  eFinal/eInitial : 0.999988
  Final atom count : 23887872, no atoms lost


Timings for Rank 0
        Timer        # Calls    Avg/Call (s)   Total (s)    % Loop
___________________________________________________________________
total                      1     147.7984      147.7984      101.35
loop                       1     145.8252      145.8252      100.00
timestep                  10      14.5803      145.8032       99.98
  position               100       0.0163        1.6298        1.12
  velocity               200       0.0137        2.7366        1.88
  redistribute           101       0.1488       15.0299       10.31
    atomHalo             101       0.1071       10.8171        7.42
  force                  101       1.2551      126.7696       86.93
commHalo                 303       0.0306        9.2844        6.37
commReduce                39       0.0276        1.0765        0.74

Timing Statistics Across 48 Ranks:
        Timer        Rank: Min(s)       Rank: Max(s)      Avg(s)    Stdev(s)
_____________________________________________________________________________
total               19:  147.7501       0:  147.7984    147.7791      0.0178
loop                 1:  145.8252      46:  145.8253    145.8252      0.0000
timestep            46:  145.7926       2:  145.8241    145.8041      0.0034
  position          26:    1.4250      12:    1.7030      1.6037      0.0567
  velocity           1:    2.5661      27:    3.0213      2.8757      0.1114
  redistribute       6:   13.8047       1:   15.7473     15.1414      0.3080
    atomHalo         6:    9.6447       1:   11.4711     10.9416      0.3193
  force              1:  126.1263       6:  127.8996    126.6036      0.3430
commHalo             6:    8.1923       1:   10.0944      9.4136      0.3687
commReduce          16:    0.1581       1:    1.0932      1.0150      0.1494

---------------------------------------------------
 Average atom update rate:       2.93 us/atom/task
---------------------------------------------------


---------------------------------------------------
 Average all atom update rate:   0.06 us/atom
---------------------------------------------------


---------------------------------------------------
 Average atom rate:             16.38 atoms/us
---------------------------------------------------

Thu Dec 24 17:44:02 2015: CoMD Ending

real 148.05
user 3490.96
sys 47.58
