Thu Dec 24 18:06:27 2015: Starting Initialization


Mini-Application Name    : CoMD-mpi
Mini-Application Version : 1.1
Platform:
  hostname: test-c16595bc-1016-4b8b-bbe3-01bc27f9c84c.novalocal
  kernel name: 'Linux'
  kernel release: '3.10.0-229.4.2.el7.x86_64'
  processor: 'x86_64'
Build:
  CC: '/usr/lib64/mpich/bin/mpicc'
  compiler version: 'cc (GCC) 4.8.3 20140911 (Red Hat 4.8.3-9)'
  CFLAGS: '-std=c99 -DDOUBLE -DDO_MPI -g -O5   '
  LDFLAGS: ' -lm '
  using MPI: true
  Threading: none
  Double Precision: true
Run Date/Time: 2015-12-24, 18:06:27

Command Line Parameters:
  doeam: 0
  potDir: pots
  potName: Cu_u6.eam
  potType: funcfl
  nx: 288
  ny: 288
  nz: 144
  xproc: 4
  yproc: 8
  zproc: 3
  Lattice constant: -1 Angstroms
  nSteps: 100
  printRate: 10
  Time step: 1 fs
  Initial Temperature: 600 K
  Initial Delta: 0 Angstroms

Simulation data: 
  Total atoms        : 47775744
  Min global bounds  : [   0.0000000000,   0.0000000000,   0.0000000000 ]
  Max global bounds  : [ 1041.1200000000, 1041.1200000000, 520.5600000000 ]

Decomposition data: 
  Processors         :      4,     8,     3
  Local boxes        :     44,    22,    29 =    28072
  Box size           : [   5.9154545455,   5.9154545455,   5.9834482759 ]
  Box factor         : [   1.0221087768,   1.0221087768,   1.0338571535 ] 
  Max Link Cell Occupancy: 32 of 64

Potential data: 
  Potential type   : Lennard-Jones
  Species name     : Cu
  Atomic number    : 29
  Mass             : 63.55 amu
  Lattice Type     : FCC
  Lattice spacing  : 3.615 Angstroms
  Cutoff           : 5.7875 Angstroms
  Epsilon          : 0.167 eV
  Sigma            : 2.315 Angstroms

Memory data: 
  Intrinsic atom footprint =   88 B/atom 
  Total atom footprint     = -86.500 MB ( 41.77 MB/node)
  Link cell atom footprint = 150.777 MB/node
  Link cell atom footprint = 183.820 MB/node (including halo cell data


Initial energy : -1.166063303635, atom count : 47775744 

Thu Dec 24 18:06:29 2015: Initialization Finished

Thu Dec 24 18:06:29 2015: Starting simulation

#                                                                                         Performance
#  Loop   Time(fs)       Total Energy   Potential Energy     Kinetic Energy  Temperature   (us/atom)     # Atoms
      0       0.00    -1.166063303635    -1.243619295235     0.077555991600     600.0000     0.0000     47775744
     10      10.00    -1.166059648385    -1.233154418541     0.067094770156     519.0684     2.8659     47775744
     20      20.00    -1.166048429555    -1.208172856271     0.042124426716     325.8891     3.0988     47775744
     30      30.00    -1.166037579552    -1.186574421118     0.020536841566     158.8801     2.8306     47775744
     40      40.00    -1.166042088391    -1.183621357039     0.017579268648     135.9993     2.8562     47775744
     50      50.00    -1.166051681932    -1.193717450331     0.027665768399     214.0320     2.8461     47775744
     60      60.00    -1.166054640360    -1.202668818304     0.036614177944     283.2600     2.8923     47775744
     70      70.00    -1.166052133769    -1.204922091127     0.038869957358     300.7114     2.9445     47775744
     80      80.00    -1.166048799604    -1.203654382409     0.037605582805     290.9298     2.9261     47775744
     90      90.00    -1.166048012593    -1.203846535070     0.037798522478     292.4225     2.8565     47775744
    100     100.00    -1.166049797799    -1.206881718934     0.040831921134     315.8899     2.9028     47775744
Thu Dec 24 18:08:53 2015: Ending simulation



Simulation Validation:
  Initial energy  : -1.166063303635
  Final energy    : -1.166049797799
  eFinal/eInitial : 0.999988
  Final atom count : 47775744, no atoms lost


Timings for Rank 0
        Timer        # Calls    Avg/Call (s)   Total (s)    % Loop
___________________________________________________________________
total                      1     146.4156      146.4156      101.38
loop                       1     144.4252      144.4252      100.00
timestep                  10      14.4422      144.4223      100.00
  position               100       0.0140        1.3967        0.97
  velocity               200       0.0105        2.1013        1.45
  redistribute           101       0.1488       15.0256       10.40
    atomHalo             101       0.1093       11.0434        7.65
  force                  101       1.2508      126.3341       87.47
commHalo                 303       0.0313        9.4892        6.57
commReduce                39       0.0265        1.0341        0.72

Timing Statistics Across 96 Ranks:
        Timer        Rank: Min(s)       Rank: Max(s)      Avg(s)    Stdev(s)
_____________________________________________________________________________
total               76:  146.4026      42:  146.4303    146.4229      0.0056
loop                17:  144.4251      76:  144.4252    144.4251      0.0000
timestep            70:  144.4135      94:  144.4235    144.4229      0.0010
  position          42:    1.2963      76:    1.5948      1.4120      0.0545
  velocity           1:    2.0190      76:    3.0609      2.4970      0.1972
  redistribute      18:   13.3867       2:   15.2769     14.4494      0.4216
    atomHalo        76:    8.5563      65:   11.1547     10.3843      0.4952
  force              2:  125.9320      30:  127.8957    126.4298      0.3091
commHalo            76:    6.5908       3:    9.6685      8.8681      0.5296
commReduce          30:    0.5600      50:    1.4727      1.1055      0.2238

---------------------------------------------------
 Average atom update rate:       2.90 us/atom/task
---------------------------------------------------


---------------------------------------------------
 Average all atom update rate:   0.03 us/atom
---------------------------------------------------


---------------------------------------------------
 Average atom rate:             33.08 atoms/us
---------------------------------------------------

Thu Dec 24 18:08:53 2015: CoMD Ending

real 146.62
user 3463.79
sys 47.85
