Thu Dec 24 17:24:43 2015: Starting Initialization


Mini-Application Name    : CoMD-mpi
Mini-Application Version : 1.1
Platform:
  hostname: test-c16595bc-1016-4b8b-bbe3-01bc27f9c84c.novalocal
  kernel name: 'Linux'
  kernel release: '3.10.0-229.4.2.el7.x86_64'
  processor: 'x86_64'
Build:
  CC: '/usr/lib64/mpich/bin/mpicc'
  compiler version: 'cc (GCC) 4.8.3 20140911 (Red Hat 4.8.3-9)'
  CFLAGS: '-std=c99 -DDOUBLE -DDO_MPI -g -O5   '
  LDFLAGS: ' -lm '
  using MPI: true
  Threading: none
  Double Precision: true
Run Date/Time: 2015-12-24, 17:24:43

Command Line Parameters:
  doeam: 0
  potDir: pots
  potName: Cu_u6.eam
  potType: funcfl
  nx: 288
  ny: 144
  nz: 144
  xproc: 4
  yproc: 4
  zproc: 3
  Lattice constant: -1 Angstroms
  nSteps: 100
  printRate: 10
  Time step: 1 fs
  Initial Temperature: 600 K
  Initial Delta: 0 Angstroms

Simulation data: 
  Total atoms        : 23887872
  Min global bounds  : [   0.0000000000,   0.0000000000,   0.0000000000 ]
  Max global bounds  : [ 1041.1200000000, 520.5600000000, 520.5600000000 ]

Decomposition data: 
  Processors         :      4,     4,     3
  Local boxes        :     44,    22,    29 =    28072
  Box size           : [   5.9154545455,   5.9154545455,   5.9834482759 ]
  Box factor         : [   1.0221087768,   1.0221087768,   1.0338571535 ] 
  Max Link Cell Occupancy: 32 of 64

Potential data: 
  Potential type   : Lennard-Jones
  Species name     : Cu
  Atomic number    : 29
  Mass             : 63.55 amu
  Lattice Type     : FCC
  Lattice spacing  : 3.615 Angstroms
  Cutoff           : 5.7875 Angstroms
  Epsilon          : 0.167 eV
  Sigma            : 2.315 Angstroms

Memory data: 
  Intrinsic atom footprint =   88 B/atom 
  Total atom footprint     = 2004.750 MB ( 41.77 MB/node)
  Link cell atom footprint = 150.777 MB/node
  Link cell atom footprint = 183.820 MB/node (including halo cell data


Initial energy : -1.166063303635, atom count : 23887872 

Thu Dec 24 17:24:45 2015: Initialization Finished

Thu Dec 24 17:24:45 2015: Starting simulation

#                                                                                         Performance
#  Loop   Time(fs)       Total Energy   Potential Energy     Kinetic Energy  Temperature   (us/atom)     # Atoms
      0       0.00    -1.166063303635    -1.243619295235     0.077555991600     600.0000     0.0000     23887872
     10      10.00    -1.166059648926    -1.233156469342     0.067096820416     519.0842     2.8375     23887872
     20      20.00    -1.166048432327    -1.208180661376     0.042132229049     325.9495     2.8662     23887872
     30      30.00    -1.166037586321    -1.186587816413     0.020550230092     158.9837     2.8634     23887872
     40      40.00    -1.166042094457    -1.183634412875     0.017592318418     136.1003     2.8557     23887872
     50      50.00    -1.166051686250    -1.193724607851     0.027672921601     214.0873     2.8557     23887872
     60      60.00    -1.166054643092    -1.202667642611     0.036612999519     283.2508     2.8527     23887872
     70      70.00    -1.166052134605    -1.204912539995     0.038860405391     300.6375     2.8554     23887872
     80      80.00    -1.166048796113    -1.203639355020     0.037590558908     290.8136     2.8552     23887872
     90      90.00    -1.166048008331    -1.203833297592     0.037785289261     292.3201     2.8541     23887872
    100     100.00    -1.166049796301    -1.206878414776     0.040828618475     315.8643     2.8545     23887872
Thu Dec 24 17:27:07 2015: Ending simulation



Simulation Validation:
  Initial energy  : -1.166063303635
  Final energy    : -1.166049796301
  eFinal/eInitial : 0.999988
  Final atom count : 23887872, no atoms lost


Timings for Rank 0
        Timer        # Calls    Avg/Call (s)   Total (s)    % Loop
___________________________________________________________________
total                      1     143.9774      143.9774      101.33
loop                       1     142.0871      142.0871      100.00
timestep                  10      14.2086      142.0855      100.00
  position               100       0.0169        1.6881        1.19
  velocity               200       0.0141        2.8223        1.99
  redistribute           101       0.1245       12.5719        8.85
    atomHalo             101       0.0825        8.3309        5.86
  force                  101       1.2502      126.2718       88.87
commHalo                 303       0.0225        6.8207        4.80
commReduce                39       0.0020        0.0763        0.05

Timing Statistics Across 48 Ranks:
        Timer        Rank: Min(s)       Rank: Max(s)      Avg(s)    Stdev(s)
_____________________________________________________________________________
total                6:  143.9704      30:  143.9774    143.9750      0.0023
loop                 1:  142.0871      30:  142.0871    142.0871      0.0000
timestep             0:  142.0855      23:  142.0863    142.0861      0.0002
  position          41:    1.5372       2:    1.7063      1.6243      0.0445
  velocity          33:    2.7430       7:    3.0603      2.9346      0.0851
  redistribute       7:   12.1668      33:   12.6676     12.3806      0.1088
    atomHalo        10:    7.8043      33:    8.4555      8.1968      0.1205
  force             33:  126.2436      13:  126.6749    126.4367      0.0837
commHalo            10:    5.8208      33:    7.0753      6.6755      0.2178
commReduce          19:    0.0397      33:    0.1073      0.0675      0.0129

---------------------------------------------------
 Average atom update rate:       2.86 us/atom/task
---------------------------------------------------


---------------------------------------------------
 Average all atom update rate:   0.06 us/atom
---------------------------------------------------


---------------------------------------------------
 Average atom rate:             16.81 atoms/us
---------------------------------------------------

Thu Dec 24 17:27:07 2015: CoMD Ending

real 144.13
user 3412.39
sys 41.94
