      creating/filling mesh...0.0657449s, total time: 0.0657449
generating matrix structure...1.49448s, total time: 1.56023
         assembling FE data...3.32551s, total time: 4.88574
      imposing Dirichlet BC...0.527767s, total time: 5.41351
      imposing Dirichlet BC...0.0391231s, total time: 5.45263
making matrix indices local...0.828698s, total time: 6.28133
Starting CG solver ... 
Initial Residual = 328.937
Iteration = 20   Residual = 0.0935226
Iteration = 40   Residual = 0.0434758
Iteration = 60   Residual = 0.028646
Iteration = 80   Residual = 0.020005
Iteration = 100   Residual = 0.0153602
Iteration = 120   Residual = 0.0122445
Iteration = 140   Residual = 0.00998511
Iteration = 160   Residual = 0.00891977
Iteration = 180   Residual = 0.00708324
Iteration = 200   Residual = 0.0329312
Final Resid Norm: 0.0329312
real 57.05
user 1206.40
sys 146.12
