      creating/filling mesh...0.0661581s, total time: 0.0661581
generating matrix structure...1.7057s, total time: 1.77186
         assembling FE data...3.32245s, total time: 5.09431
      imposing Dirichlet BC...0.528316s, total time: 5.62262
      imposing Dirichlet BC...0.0389571s, total time: 5.66158
making matrix indices local...0.86398s, total time: 6.52556
Starting CG solver ... 
Initial Residual = 656.837
Iteration = 20   Residual = 0.0955272
Iteration = 40   Residual = 0.0468263
Iteration = 60   Residual = 0.0306024
Iteration = 80   Residual = 0.0224984
Iteration = 100   Residual = 0.0176423
Iteration = 120   Residual = 0.0144097
Iteration = 140   Residual = 0.0121047
Iteration = 160   Residual = 0.0103792
Iteration = 180   Residual = 0.00903973
Iteration = 200   Residual = 0.00797034
Final Resid Norm: 0.00797034
real 79.76
user 1499.56
sys 379.72
