      creating/filling mesh...0.0787139s, total time: 0.0787139
generating matrix structure...1.93882s, total time: 2.01753
         assembling FE data...3.30976s, total time: 5.3273
      imposing Dirichlet BC...0.510278s, total time: 5.83758
      imposing Dirichlet BC...0.0389409s, total time: 5.87652
making matrix indices local...0.90395s, total time: 6.78047
Starting CG solver ... 
Initial Residual = 656.836
Iteration = 20   Residual = 0.0884182
Iteration = 40   Residual = 0.046202
Iteration = 60   Residual = 0.0765588
Iteration = 80   Residual = 0.0232523
Iteration = 100   Residual = 0.0172792
Iteration = 120   Residual = 0.0140157
Iteration = 140   Residual = 0.0118412
Iteration = 160   Residual = 0.0120409
Iteration = 180   Residual = 0.00881928
Iteration = 200   Residual = 0.00776062
Final Resid Norm: 0.00776062
real 62.36
user 1251.80
sys 236.71
