      creating/filling mesh...0.0681639s, total time: 0.0681639
generating matrix structure...1.81942s, total time: 1.88759
         assembling FE data...3.31868s, total time: 5.20626
      imposing Dirichlet BC...0.528521s, total time: 5.73479
      imposing Dirichlet BC...0.0390129s, total time: 5.7738
making matrix indices local...1.22229s, total time: 6.99608
Starting CG solver ... 
Initial Residual = 656.837
Iteration = 20   Residual = 0.0955272
Iteration = 40   Residual = 0.0468263
Iteration = 60   Residual = 0.0306024
Iteration = 80   Residual = 0.0224984
Iteration = 100   Residual = 0.0176423
Iteration = 120   Residual = 0.0144097
Iteration = 140   Residual = 0.0121047
Iteration = 160   Residual = 0.0103792
Iteration = 180   Residual = 0.00903973
Iteration = 200   Residual = 0.00797034
Final Resid Norm: 0.00797034
real 80.95
user 1512.68
sys 383.31
