      creating/filling mesh...0.088305s, total time: 0.088305
generating matrix structure...1.90831s, total time: 1.99662
         assembling FE data...3.34691s, total time: 5.34352
      imposing Dirichlet BC...0.508496s, total time: 5.85202
      imposing Dirichlet BC...0.0394111s, total time: 5.89143
making matrix indices local...1.56958s, total time: 7.46101
Starting CG solver ... 
Initial Residual = 928.454
Iteration = 20   Residual = 0.760612
Iteration = 40   Residual = 0.0342417
Iteration = 60   Residual = 0.0221406
Iteration = 80   Residual = 0.0161917
Iteration = 100   Residual = 0.143474
Iteration = 120   Residual = 0.0104745
Iteration = 140   Residual = 0.00874261
Iteration = 160   Residual = 0.00747958
Iteration = 180   Residual = 0.00650307
Iteration = 200   Residual = 0.0057274
Final Resid Norm: 0.0057274
real 68.41
user 1260.60
sys 359.85
