      creating/filling mesh...0.098187s, total time: 0.098187
generating matrix structure...1.59518s, total time: 1.69336
         assembling FE data...3.31614s, total time: 5.00951
      imposing Dirichlet BC...0.5279s, total time: 5.53741
      imposing Dirichlet BC...0.0390592s, total time: 5.57647
making matrix indices local...0.836107s, total time: 6.41258
Starting CG solver ... 
Initial Residual = 328.937
Iteration = 20   Residual = 0.0935226
Iteration = 40   Residual = 0.0434758
Iteration = 60   Residual = 0.028646
Iteration = 80   Residual = 0.020005
Iteration = 100   Residual = 0.0153602
Iteration = 120   Residual = 0.0122445
Iteration = 140   Residual = 0.00998511
Iteration = 160   Residual = 0.00891977
Iteration = 180   Residual = 0.00708324
Iteration = 200   Residual = 0.0329312
Final Resid Norm: 0.0329312
real 57.34
user 1210.23
sys 149.28
