      creating/filling mesh...0.079751s, total time: 0.079751
generating matrix structure...1.78995s, total time: 1.8697
         assembling FE data...3.34998s, total time: 5.21969
      imposing Dirichlet BC...0.528482s, total time: 5.74817
      imposing Dirichlet BC...0.0389879s, total time: 5.78716
making matrix indices local...0.842467s, total time: 6.62962
Starting CG solver ... 
Initial Residual = 656.837
Iteration = 20   Residual = 0.0955272
Iteration = 40   Residual = 0.0468263
Iteration = 60   Residual = 0.0306024
Iteration = 80   Residual = 0.0224984
Iteration = 100   Residual = 0.0176423
Iteration = 120   Residual = 0.0144097
Iteration = 140   Residual = 0.0121047
Iteration = 160   Residual = 0.0103792
Iteration = 180   Residual = 0.00903973
Iteration = 200   Residual = 0.00797034
Final Resid Norm: 0.00797034
real 78.95
user 1495.88
sys 374.34
