      creating/filling mesh...0.0805552s, total time: 0.0805552
generating matrix structure...1.94384s, total time: 2.02439
         assembling FE data...3.34329s, total time: 5.36769
      imposing Dirichlet BC...0.510025s, total time: 5.87771
      imposing Dirichlet BC...0.0391231s, total time: 5.91684
making matrix indices local...1.56311s, total time: 7.47994
Starting CG solver ... 
Initial Residual = 928.454
Iteration = 20   Residual = 0.760612
Iteration = 40   Residual = 0.0342417
Iteration = 60   Residual = 0.0221406
Iteration = 80   Residual = 0.0161917
Iteration = 100   Residual = 0.143474
Iteration = 120   Residual = 0.0104745
Iteration = 140   Residual = 0.00874261
Iteration = 160   Residual = 0.00747958
Iteration = 180   Residual = 0.00650307
Iteration = 200   Residual = 0.0057274
Final Resid Norm: 0.0057274
real 68.82
user 1256.60
sys 360.42
