      creating/filling mesh...0.0668249s, total time: 0.0668249
generating matrix structure...1.67707s, total time: 1.74389
         assembling FE data...3.32528s, total time: 5.06917
      imposing Dirichlet BC...0.528308s, total time: 5.59748
      imposing Dirichlet BC...0.038954s, total time: 5.63644
making matrix indices local...0.840265s, total time: 6.4767
Starting CG solver ... 
Initial Residual = 656.837
Iteration = 20   Residual = 0.0955272
Iteration = 40   Residual = 0.0468263
Iteration = 60   Residual = 0.0306024
Iteration = 80   Residual = 0.0224984
Iteration = 100   Residual = 0.0176423
Iteration = 120   Residual = 0.0144097
Iteration = 140   Residual = 0.0121047
Iteration = 160   Residual = 0.0103792
Iteration = 180   Residual = 0.00903973
Iteration = 200   Residual = 0.00797034
Final Resid Norm: 0.00797034
real 79.47
user 1502.71
sys 378.37
