      creating/filling mesh...0.150182s, total time: 0.150183
generating matrix structure...1.90974s, total time: 2.05993
         assembling FE data...3.28239s, total time: 5.34232
      imposing Dirichlet BC...0.511085s, total time: 5.85341
      imposing Dirichlet BC...0.039057s, total time: 5.89246
making matrix indices local...0.938382s, total time: 6.83084
Starting CG solver ... 
Initial Residual = 656.836
Iteration = 20   Residual = 0.0884182
Iteration = 40   Residual = 0.046202
Iteration = 60   Residual = 0.0765588
Iteration = 80   Residual = 0.0232523
Iteration = 100   Residual = 0.0172792
Iteration = 120   Residual = 0.0140157
Iteration = 140   Residual = 0.0118412
Iteration = 160   Residual = 0.0120409
Iteration = 180   Residual = 0.00881928
Iteration = 200   Residual = 0.00776062
Final Resid Norm: 0.00776062
real 62.90
user 1255.56
sys 238.81
