      creating/filling mesh...0.126412s, total time: 0.126412
generating matrix structure...1.89974s, total time: 2.02615
         assembling FE data...3.34121s, total time: 5.36736
      imposing Dirichlet BC...0.510502s, total time: 5.87786
      imposing Dirichlet BC...0.0391769s, total time: 5.91704
making matrix indices local...1.55908s, total time: 7.47612
Starting CG solver ... 
Initial Residual = 928.454
Iteration = 20   Residual = 0.760612
Iteration = 40   Residual = 0.0342417
Iteration = 60   Residual = 0.0221406
Iteration = 80   Residual = 0.0161917
Iteration = 100   Residual = 0.143474
Iteration = 120   Residual = 0.0104745
Iteration = 140   Residual = 0.00874261
Iteration = 160   Residual = 0.00747958
Iteration = 180   Residual = 0.00650307
Iteration = 200   Residual = 0.0057274
Final Resid Norm: 0.0057274
real 68.95
user 1264.28
sys 365.13
