      creating/filling mesh...0.0865989s, total time: 0.0865989
generating matrix structure...1.71022s, total time: 1.79682
         assembling FE data...3.32378s, total time: 5.1206
      imposing Dirichlet BC...0.528138s, total time: 5.64874
      imposing Dirichlet BC...0.0389161s, total time: 5.68765
making matrix indices local...0.85477s, total time: 6.54242
Starting CG solver ... 
Initial Residual = 656.837
Iteration = 20   Residual = 0.0955272
Iteration = 40   Residual = 0.0468263
Iteration = 60   Residual = 0.0306024
Iteration = 80   Residual = 0.0224984
Iteration = 100   Residual = 0.0176423
Iteration = 120   Residual = 0.0144097
Iteration = 140   Residual = 0.0121047
Iteration = 160   Residual = 0.0103792
Iteration = 180   Residual = 0.00903973
Iteration = 200   Residual = 0.00797034
Final Resid Norm: 0.00797034
real 79.16
user 1493.98
sys 375.63
