      creating/filling mesh...0.121568s, total time: 0.121569
generating matrix structure...2.32632s, total time: 2.44789
         assembling FE data...3.34862s, total time: 5.79651
      imposing Dirichlet BC...0.510259s, total time: 6.30677
      imposing Dirichlet BC...0.0400879s, total time: 6.34685
making matrix indices local...1.55989s, total time: 7.90674
Starting CG solver ... 
Initial Residual = 928.454
Iteration = 20   Residual = 0.760612
Iteration = 40   Residual = 0.0342417
Iteration = 60   Residual = 0.0221406
Iteration = 80   Residual = 0.0161917
Iteration = 100   Residual = 0.143474
Iteration = 120   Residual = 0.0104745
Iteration = 140   Residual = 0.00874261
Iteration = 160   Residual = 0.00747958
Iteration = 180   Residual = 0.00650307
Iteration = 200   Residual = 0.0057274
Final Resid Norm: 0.0057274
real 68.22
user 1255.56
sys 356.84
