
Clover Version    1.000
       MPI Version
   Task Count     48


Clover Version    1.000
       MPI Version
   Task Count     48

 Output file clover.out opened. All output will go there.
 Step       1 time   0.0000000 control    sound    timestep   3.85E-04       1,       1 x  3.26E-04 y  6.51E-04
 Wall clock    1.3179779052734375     
 Average time per cell    1.1172637136446106E-008
 Step time per cell       1.1172637136446106E-008
 Step       2 time   0.0003852 control    sound    timestep   3.24E-04       1,       1 x  3.26E-04 y  6.51E-04
 Wall clock    2.7478618621826172     
 Average time per cell    1.1646956813314722E-008
 Step time per cell       1.2119851615150563E-008
 Step       3 time   0.0007096 control    sound    timestep   2.96E-04       1,       1 x  3.26E-04 y  6.51E-04
 Wall clock    4.1926519870758057     
 Average time per cell    1.1847183756159481E-008
 Step time per cell       1.2245848968935509E-008
 Step       4 time   0.0010056 control    sound    timestep   3.09E-04       1,       1 x  3.26E-04 y  6.51E-04
 Wall clock    5.5357179641723633     
 Average time per cell    1.1731715656221948E-008
 Step time per cell       1.1384066359217590E-008
 Step       5 time   0.0013145 control    sound    timestep   3.35E-04       1,       1 x  3.26E-04 y  6.51E-04
 Wall clock    6.9018528461456299     
 Average time per cell    1.1701546302194603E-008
 Step time per cell       1.1579733028257680E-008
 Step       6 time   0.0016496 control    sound    timestep   3.49E-04       1,       1 x  3.26E-04 y  6.51E-04
 Wall clock    8.3360359668731689     
 Average time per cell    1.1777575410734344E-008
 Step time per cell       1.2156457766347254E-008
 Step       7 time   0.0019981 control    sound    timestep   3.54E-04       1,       1 x  3.26E-04 y  6.51E-04
 Wall clock    9.6880600452423096     
 Average time per cell    1.1732386083744969E-008
 Step time per cell       1.1460122348378516E-008
 Step       8 time   0.0023523 control    sound    timestep   3.66E-04       1,       1 x  3.26E-04 y  6.51E-04
 Wall clock    11.137089014053345     
 Average time per cell    1.1801284169147644E-008
 Step time per cell       1.2282562238397076E-008
 Step       9 time   0.0027186 control    sound    timestep   3.64E-04       1,       1 x  3.26E-04 y  6.51E-04
 Wall clock    12.482676029205322     
 Average time per cell    1.1757439534886981E-008
 Step time per cell       1.1405546602974129E-008
 Step      10 time   0.0030826 control    sound    timestep   3.64E-04       1,       1 x  3.26E-04 y  6.51E-04
 Wall clock    13.938221931457520     
 Average time per cell    1.1815577131023424E-008
 Step time per cell       1.2337594752251688E-008
 Step      11 time   0.0034468 control    sound    timestep   3.63E-04       1,       1 x  3.26E-04 y  6.51E-04
 Wall clock    15.298954963684082     
 Average time per cell    1.1790077104421351E-008
 Step time per cell       1.1534559436970287E-008
 Step      12 time   0.0038101 control    sound    timestep   3.63E-04       1,       1 x  3.26E-04 y  6.51E-04
 Wall clock    16.674170970916748     
 Average time per cell    1.1779058223948124E-008
 Step time per cell       1.1656858178968024E-008
 Step      13 time   0.0041727 control    sound    timestep   3.62E-04       1,       1 x  3.26E-04 y  6.51E-04
 Wall clock    18.040488004684448     
 Average time per cell    1.1763931668719722E-008
 Step time per cell       1.1581362034323521E-008
 Step      14 time   0.0045349 control    sound    timestep   3.63E-04       1,       1 x  3.26E-04 y  6.51E-04
 Wall clock    19.404711961746216     
 Average time per cell    1.1749698676303812E-008
 Step time per cell       1.1563449030897270E-008
 Step      15 time   0.0048977 control    sound    timestep   3.64E-04       1,       1 x  3.26E-04 y  6.51E-04
 Wall clock    20.856713056564331     
 Average time per cell    1.1786969817303879E-008
 Step time per cell       1.2307749178338176E-008
 Step      16 time   0.0052612 control    sound    timestep   3.64E-04       1,       1 x  3.26E-04 y  6.51E-04
 Wall clock    22.199097871780396     
 Average time per cell    1.1761505270947560E-008
 Step time per cell       1.1378522483735449E-008
 Step      17 time   0.0056248 control    sound    timestep   3.64E-04       1,       1 x  3.26E-04 y  6.51E-04
 Wall clock    23.624441862106323     
 Average time per cell    1.1780404414809643E-008
 Step time per cell       1.2081679111967484E-008
 Step      18 time   0.0059884 control    sound    timestep   3.64E-04       1,       1 x  3.26E-04 y  6.51E-04
 Wall clock    25.017050027847290     
 Average time per cell    1.1781786708053443E-008
 Step time per cell       1.1804224616045960E-008
 Step      19 time   0.0063520 control    sound    timestep   3.64E-04       1,       1 x  3.26E-04 y  6.51E-04
 Wall clock    26.386256933212280     
 Average time per cell    1.1772582710316209E-008
 Step time per cell       1.1605886053681995E-008
 Step      20 time   0.0067157 control    sound    timestep   3.64E-04       1,       1 x  3.26E-04 y  6.51E-04
 Wall clock    27.833303928375244     
 Average time per cell    1.1797292043209179E-008
 Step time per cell       1.2265700206626207E-008
 Step      21 time   0.0070795 control    sound    timestep   3.64E-04       1,       1 x  3.26E-04 y  6.51E-04
 Wall clock    29.153317928314209     
 Average time per cell    1.1768368485189048E-008
 Step time per cell       1.1189353649064692E-008
 Step      22 time   0.0074432 control    sound    timestep   3.64E-04       1,       1 x  3.26E-04 y  6.51E-04
 Wall clock    30.547817945480347     
 Average time per cell    1.1770775513882241E-008
 Step time per cell       1.1820262039287223E-008
 Step      23 time   0.0078069 control    sound    timestep   3.64E-04       1,       1 x  3.26E-04 y  6.51E-04
 Wall clock    31.929725885391235     
 Average time per cell    1.1768332176536979E-008
 Step time per cell       1.1713442897113662E-008
 Step      24 time   0.0081707 control    sound    timestep   3.64E-04       1,       1 x  3.26E-04 y  6.51E-04
 Wall clock    33.311598062515259     
 Average time per cell    1.1766079818766296E-008
 Step time per cell       1.1713232702782584E-008
 Step      25 time   0.0085346 control    sound    timestep   3.64E-04       1,       1 x  3.26E-04 y  6.51E-04
 Wall clock    34.717824935913086     
 Average time per cell    1.1772265942353341E-008
 Step time per cell       1.1919673852389678E-008
 Step      26 time   0.0088984 control    sound    timestep   3.64E-04       1,       1 x  3.26E-04 y  6.51E-04
 Wall clock    36.181233882904053     
 Average time per cell    1.1796619996585701E-008
 Step time per cell       1.2404478992620069E-008
 Step      27 time   0.0092622 control    sound    timestep   3.64E-04       1,       1 x  3.26E-04 y  6.51E-04
 Wall clock    37.534283876419067     
 Average time per cell    1.1784520993462415E-008
 Step time per cell       1.1468835307621500E-008
 Step      28 time   0.0096261 control    sound    timestep   3.64E-04       1,       1 x  3.26E-04 y  6.51E-04
 Wall clock    38.893538951873779     
 Average time per cell    1.1775164816681931E-008
 Step time per cell       1.1521351552801207E-008
 Step      29 time   0.0099899 control    sound    timestep   3.64E-04       1,       1 x  3.26E-04 y  6.51E-04
 Wall clock    40.281543016433716     
 Average time per cell    1.1774857624516898E-008
 Step time per cell       1.1765213356637913E-008
 Step      30 time   0.0103538 control    sound    timestep   3.64E-04       1,       1 x  3.26E-04 y  6.51E-04
 Wall clock    41.759335041046143     
 Average time per cell    1.1799942310770146E-008
 Step time per cell       1.2526320966167582E-008
 Step      31 time   0.0107177 control    sound    timestep   3.64E-04       1,       1 x  3.26E-04 y  6.51E-04
 Wall clock    43.140959978103638     
 Average time per cell    1.1797111259133298E-008
 Step time per cell       1.1711587527922044E-008
 Step      32 time   0.0110815 control    sound    timestep   3.64E-04       1,       1 x  3.26E-04 y  6.51E-04
 Wall clock    44.496202945709229     
 Average time per cell    1.1787468313034171E-008
 Step time per cell       1.1487494096703206E-008
 Step      33 time   0.0114454 control    sound    timestep   3.64E-04       1,       1 x  3.26E-04 y  6.51E-04
 Wall clock    45.892714977264404     
 Average time per cell    1.1789011066389092E-008
 Step time per cell       1.1837166514144175E-008
 Step      34 time   0.0118093 control    sound    timestep   3.64E-04       1,       1 x  3.26E-04 y  6.51E-04
 Wall clock    47.260020971298218     
 Average time per cell    1.1783181226966763E-008
 Step time per cell       1.1589695026891099E-008
 Step      35 time   0.0121733 control    sound    timestep   3.64E-04       1,       1 x  3.26E-04 y  6.51E-04
 Wall clock    48.583832979202271     
 Average time per cell    1.1767150147259975E-008
 Step time per cell       1.1221092993057230E-008
 Step      36 time   0.0125372 control    sound    timestep   3.64E-04       1,       1 x  3.26E-04 y  6.51E-04
 Wall clock    50.023160934448242     
 Average time per cell    1.1779210816948089E-008
 Step time per cell       1.2200265094482651E-008
 Step      37 time   0.0129011 control    sound    timestep   3.64E-04       1,       1 x  3.26E-04 y  6.51E-04
 Wall clock    51.393319845199585     
 Average time per cell    1.1774772173265699E-008
 Step time per cell       1.1613869396064224E-008
 Step      38 time   0.0132651 control    sound    timestep   3.64E-04       1,       1 x  3.26E-04 y  6.51E-04
 Wall clock    52.754132986068726     
 Average time per cell    1.1768482272068653E-008
 Step time per cell       1.1534702935023234E-008
 Step      39 time   0.0136290 control    sound    timestep   3.64E-04       1,       1 x  3.26E-04 y  6.51E-04
 Wall clock    54.116765975952148     
 Average time per cell    1.1762910495323800E-008
 Step time per cell       1.1550047121191811E-008
 Step      40 time   0.0139930 control    sound    timestep   3.64E-04       1,       1 x  3.26E-04 y  6.51E-04
 Wall clock    55.600292921066284     
 Average time per cell    1.1783238076330033E-008
 Step time per cell       1.2574978932712434E-008
 Step      41 time   0.0143570 control    sound    timestep   3.64E-04       1,       1 x  3.26E-04 y  6.51E-04
 Wall clock    56.975085020065308     
 Average time per cell    1.1780092197007861E-008
 Step time per cell       1.1653731538293263E-008
 Step      42 time   0.0147209 control    sound    timestep   3.64E-04       1,       1 x  3.26E-04 y  6.51E-04
 Wall clock    58.361111879348755     
 Average time per cell    1.1779363698676528E-008
 Step time per cell       1.1748385683555776E-008
 Step      43 time   0.0150849 control    sound    timestep   3.64E-04       1,       1 x  3.26E-04 y  6.51E-04
 Wall clock    59.766069889068604     
 Average time per cell    1.1782401208422876E-008
 Step time per cell       1.1908883203027977E-008
 Step      44 time   0.0154489 control    sound    timestep   3.64E-04       1,       1 x  3.26E-04 y  6.51E-04
 Wall clock    61.160044908523560     
 Average time per cell    1.1783184650406416E-008
 Step time per cell       1.1815787325354500E-008
 Step      45 time   0.0158129 control    sound    timestep   3.64E-04       1,       1 x  3.26E-04 y  6.51E-04
 Wall clock    62.509172916412354     
 Average time per cell    1.1775484987689802E-008
 Step time per cell       1.1435606413417392E-008
 Step      46 time   0.0161769 control    sound    timestep   3.64E-04       1,       1 x  3.26E-04 y  6.51E-04
 Wall clock    63.917300939559937     
 Average time per cell    1.1778992904360847E-008
 Step time per cell       1.1935763824213710E-008
 Step      47 time   0.0165409 control    sound    timestep   3.64E-04       1,       1 x  3.26E-04 y  6.51E-04
 Wall clock    65.296686887741089     
 Average time per cell    1.1777167514186181E-008
 Step time per cell       1.1692140510098801E-008
 Step      48 time   0.0169050 control    sound    timestep   3.64E-04       1,       1 x  3.26E-04 y  6.51E-04
 Wall clock    66.675139904022217     
 Average time per cell    1.1775253420233236E-008
 Step time per cell       1.1684229927292715E-008
 Step      49 time   0.0172690 control    sound    timestep   3.64E-04       1,       1 x  3.26E-04 y  6.51E-04
 Wall clock    68.026784896850586     
 Average time per cell    1.1768779607041994E-008
 Step time per cell       1.1456908800432252E-008
 Step      50 time   0.0176331 control    sound    timestep   3.64E-04       1,       1 x  3.26E-04 y  6.51E-04
 Wall clock    69.453088998794556     
 Average time per cell    1.1775222608573839E-008
 Step time per cell       1.2089911049568198E-008
 Step      51 time   0.0179971 control    sound    timestep   3.64E-04       1,       1 x  3.26E-04 y  6.51E-04
 Wall clock    70.787668943405151     
 Average time per cell    1.1766166760713523E-008
 Step time per cell       1.1312848881870093E-008
 Step      52 time   0.0183612 control    sound    timestep   3.64E-04       1,       1 x  3.26E-04 y  6.51E-04
 Wall clock    72.204344987869263     
 Average time per cell    1.1770842623567053E-008
 Step time per cell       1.2008284910633746E-008
 Step      53 time   0.0187253 control    sound    timestep   3.64E-04       1,       1 x  3.26E-04 y  6.51E-04
 Wall clock    73.536365032196045     
 Average time per cell    1.1761801702822646E-008
 Step time per cell       1.1290487438802504E-008
 Step      54 time   0.0190893 control    sound    timestep   3.64E-04       1,       1 x  3.26E-04 y  6.51E-04
 Wall clock    74.952679872512817     
 Average time per cell    1.1766328516911137E-008
 Step time per cell       1.2005113805773564E-008
 Step      55 time   0.0194534 control    sound    timestep   3.64E-04       1,       1 x  3.26E-04 y  6.51E-04
 Wall clock    76.330312967300415     
 Average time per cell    1.1764728733764096E-008
 Step time per cell       1.1677255113479784E-008
 Step      56 time   0.0198175 control    sound    timestep   3.64E-04       1,       1 x  3.26E-04 y  6.51E-04
 Wall clock    77.655367851257324     
 Average time per cell    1.1755226960448208E-008
 Step time per cell       1.1231570372021654E-008
 Step      57 time   0.0201816 control    sound    timestep   3.64E-04       1,       1 x  3.26E-04 y  6.51E-04
 Wall clock    79.030694961547852     
 Average time per cell    1.1753535125546201E-008
 Step time per cell       1.1657731293881725E-008
 Step      58 time   0.0205457 control    sound    timestep   3.64E-04       1,       1 x  3.26E-04 y  6.51E-04
 Wall clock    80.441099882125854     
 Average time per cell    1.1757028496713141E-008
 Step time per cell       1.1955093618275391E-008
 Step      59 time   0.0209098 control    sound    timestep   3.64E-04       1,       1 x  3.26E-04 y  6.51E-04
 Wall clock    81.809754848480225     
 Average time per cell    1.1754404825685466E-008
 Step time per cell       1.1601154660133439E-008
 Step      60 time   0.0212739 control    sound    timestep   3.64E-04       1,       1 x  3.26E-04 y  6.51E-04
 Wall clock    83.258305072784424     
 Average time per cell    1.1763156618582326E-008
 Step time per cell       1.2278459406742412E-008
 Step      61 time   0.0216381 control    sound    timestep   3.64E-04       1,       1 x  3.26E-04 y  6.51E-04
 Wall clock    84.609591960906982     
 Average time per cell    1.1758104885206515E-008
 Step time per cell       1.1454527945412944E-008
 Step      62 time   0.0220023 control    sound    timestep   3.64E-04       1,       1 x  3.26E-04 y  6.51E-04
 Wall clock    85.994888067245483     
 Average time per cell    1.1757866106374526E-008
 Step time per cell       1.1742265794762513E-008
 Step      63 time   0.0223664 control    sound    timestep   3.64E-04       1,       1 x  3.26E-04 y  6.51E-04
 Wall clock    87.364219903945923     
 Average time per cell    1.1755486800036816E-008
 Step time per cell       1.1606799590582441E-008
 Step      64 time   0.0227306 control    sound    timestep   3.64E-04       1,       1 x  3.26E-04 y  6.51E-04
 Wall clock    88.711318969726562     
 Average time per cell    1.1750237010548719E-008
 Step time per cell       1.1418372499368464E-008
 Step      65 time   0.0230948 control    sound    timestep   3.64E-04       1,       1 x  3.26E-04 y  6.51E-04
 Wall clock    90.112685918807983     
 Average time per cell    1.1752226207610299E-008
 Step time per cell       1.1878518206584785E-008
 Step      66 time   0.0234590 control    sound    timestep   3.64E-04       1,       1 x  3.26E-04 y  6.51E-04
 Wall clock    91.479553937911987     
 Average time per cell    1.1749724049412376E-008
 Step time per cell       1.1585998436203227E-008
 Step      67 time   0.0238233 control    sound    timestep   3.64E-04       1,       1 x  3.26E-04 y  6.51E-04
 Wall clock    92.858146905899048     
 Average time per cell    1.1748780069417501E-008
 Step time per cell       1.1685375890616949E-008
 Step      68 time   0.0241875 control    sound    timestep   3.64E-04       1,       1 x  3.26E-04 y  6.51E-04
 Wall clock    94.230017900466919     
 Average time per cell    1.1747025870088430E-008
 Step time per cell       1.1628289939835668E-008
 Step      69 time   0.0245517 control    sound    timestep   3.64E-04       1,       1 x  3.26E-04 y  6.51E-04
 Wall clock    95.614419937133789     
 Average time per cell    1.1746862038277126E-008
 Step time per cell       1.1734660397956354E-008
 Step      70 time   0.0249159 control    sound    timestep   3.64E-04       1,       1 x  3.26E-04 y  6.51E-04
 Wall clock    97.068182945251465     
 Average time per cell    1.1755102605093270E-008
 Step time per cell       1.2322674996943938E-008
 Step      71 time   0.0252802 control    sound    timestep   3.64E-04       1,       1 x  3.26E-04 y  6.51E-04
 Wall clock    98.389199018478394     
 Average time per cell    1.1747261610729998E-008
 Step time per cell       1.1197848329579251E-008
 Step      72 time   0.0256444 control    sound    timestep   3.64E-04       1,       1 x  3.26E-04 y  6.51E-04
 Wall clock    99.792922019958496     
 Average time per cell    1.1749376134514337E-008
 Step time per cell       1.1898405824063553E-008
 Step      73 time   0.0260087 control    sound    timestep   3.64E-04       1,       1 x  3.26E-04 y  6.51E-04
 Wall clock    101.15968084335327     
 Average time per cell    1.1747140271069632E-008
 Step time per cell       1.1585040435117359E-008
 Step      74 time   0.0263730 control    sound    timestep   3.64E-04       1,       1 x  3.26E-04 y  6.51E-04
 Wall clock    102.55245590209961     
 Average time per cell    1.1747945138524558E-008
 Step time per cell       1.1805657575476087E-008
 Step      75 time   0.0267372 control    sound    timestep   3.64E-04       1,       1 x  3.26E-04 y  6.51E-04
 Wall clock    103.92854285240173     
 Average time per cell    1.1746842318205853E-008
 Step time per cell       1.1664166474171604E-008
 Step      76 time   0.0271015 control    sound    timestep   3.64E-04       1,       1 x  3.26E-04 y  6.51E-04
 Wall clock    105.27397704124451     
 Average time per cell    1.1742349484231124E-008
 Step time per cell       1.1404259162696286E-008
 Step      77 time   0.0274659 control    sound    timestep   3.64E-04       1,       1 x  3.26E-04 y  6.51E-04
 Wall clock    106.70340394973755     
 Average time per cell    1.1747220296679470E-008
 Step time per cell       1.2116266184926239E-008
 Step      78 time   0.0278302 control    sound    timestep   3.64E-04       1,       1 x  3.26E-04 y  6.51E-04
 Wall clock    108.06440496444702     
 Average time per cell    1.1744529633312500E-008
 Step time per cell       1.1536297582400342E-008
 Step      79 time   0.0281946 control    sound    timestep   3.64E-04       1,       1 x  3.26E-04 y  6.51E-04
 Wall clock    109.47846984863281     
 Average time per cell    1.1747601113259876E-008
 Step time per cell       1.1986075050016451E-008
 Step      80 time   0.0285589 control    sound    timestep   3.64E-04       1,       1 x  3.26E-04 y  6.51E-04
 Wall clock    110.92060494422913     
 Average time per cell    1.1753570232839491E-008
 Step time per cell       1.2224035243788320E-008
 Step      81 time   0.0289233 control    sound    timestep   3.64E-04       1,       1 x  3.26E-04 y  6.51E-04
 Wall clock    112.30186200141907     
 Average time per cell    1.1753020738035923E-008
 Step time per cell       1.1708501309234028E-008
 Step      82 time   0.0292877 control    sound    timestep   3.64E-04       1,       1 x  3.26E-04 y  6.51E-04
 Wall clock    113.64574599266052     
 Average time per cell    1.1748621043038358E-008
 Step time per cell       1.1391305937043701E-008
 Step      83 time   0.0296521 control    sound    timestep   3.64E-04       1,       1 x  3.26E-04 y  6.51E-04
 Wall clock    115.03969788551331     
 Average time per cell    1.1749440989616967E-008
 Step time per cell       1.1815577131023424E-008
 Step      84 time   0.0300165 control    sound    timestep   3.64E-04       1,       1 x  3.26E-04 y  6.51E-04
 Wall clock    116.40986394882202     
 Average time per cell    1.1747840997284382E-008
 Step time per cell       1.1613770362196696E-008
 Step      85 time   0.0303809 control    sound    timestep   3.64E-04       1,       1 x  3.26E-04 y  6.51E-04
 Wall clock    117.85380697250366     
 Average time per cell    1.1753636475856374E-008
 Step time per cell       1.2239448147334365E-008
 Step      86 time   0.0307453 control    sound    timestep   3.64E-04       1,       1 x  3.26E-04 y  6.51E-04
 Wall clock    119.20456600189209     
 Average time per cell    1.1750111937401359E-008
 Step time per cell       1.1449448922778377E-008
 Step      87 time   0.0311097 control    sound    timestep   3.64E-04       1,       1 x  3.26E-04 y  6.51E-04
 Wall clock    120.69193387031555     
 First step overhead -0.11173796653747559     
real 121.63
user 2852.81
sys 62.02
