
Clover Version    1.000
       MPI Version
   Task Count    192


Clover Version    1.000
       MPI Version
   Task Count    192

 Output file clover.out opened. All output will go there.
 Step       1 time   0.0000000 control    sound    timestep   1.93E-04       1,       1 x  1.63E-04 y  3.26E-04
 Wall clock    1.4081318378448486     
 Average time per cell    2.9842203730368055E-009
 Step time per cell       2.9842203730368055E-009
 Step       2 time   0.0001926 control    sound    timestep   1.62E-04       1,       1 x  1.63E-04 y  3.26E-04
 Wall clock    3.1273429393768311     
 Average time per cell    3.3138518220867909E-009
 Step time per cell       3.6432033488785642E-009
 Step       3 time   0.0003548 control    sound    timestep   1.48E-04       1,       1 x  1.63E-04 y  3.26E-04
 Wall clock    4.5244588851928711     
 Average time per cell    3.1961927662551818E-009
 Step time per cell       2.9605674474926975E-009
 Step       4 time   0.0005028 control    sound    timestep   1.54E-04       1,       1 x  1.63E-04 y  3.26E-04
 Wall clock    5.9383389949798584     
 Average time per cell    3.1462452120144411E-009
 Step time per cell       2.9960953421929542E-009
 Step       5 time   0.0006573 control    sound    timestep   1.68E-04       1,       1 x  1.63E-04 y  3.26E-04
 Wall clock    7.2624058723449707     
 Average time per cell    3.0782088692325890E-009
 Step time per cell       2.8057921655191523E-009
 Step       6 time   0.0008248 control    sound    timestep   1.74E-04       1,       1 x  1.63E-04 y  3.26E-04
 Wall clock    8.6925449371337891     
 Average time per cell    3.0703173521302504E-009
 Step time per cell       3.0305394223735977E-009
 Step       7 time   0.0009990 control    sound    timestep   1.77E-04       1,       1 x  1.63E-04 y  3.26E-04
 Wall clock    10.073714017868042     
 Average time per cell    3.0498547078293216E-009
 Step time per cell       2.9268095305370581E-009
 Step       8 time   0.0011761 control    sound    timestep   1.83E-04       1,       1 x  1.63E-04 y  3.26E-04
 Wall clock    11.528527975082397     
 Average time per cell    3.0540169543908430E-009
 Step time per cell       3.0828030301361446E-009
 Step       9 time   0.0013593 control    sound    timestep   1.82E-04       1,       1 x  1.63E-04 y  3.26E-04
 Wall clock    12.938513040542603     
 Average time per cell    3.0466981677167451E-009
 Step time per cell       2.9878745206385952E-009
 Step      10 time   0.0015413 control    sound    timestep   1.82E-04       1,       1 x  1.63E-04 y  3.26E-04
 Wall clock    14.457525014877319     
 Average time per cell    3.0639489523309747E-009
 Step time per cell       3.2189816718326052E-009
 Step      11 time   0.0017234 control    sound    timestep   1.82E-04       1,       1 x  1.63E-04 y  3.26E-04
 Wall clock    15.869005918502808     
 Average time per cell    3.0573461356312929E-009
 Step time per cell       2.9912310613629720E-009
 Step      12 time   0.0019050 control    sound    timestep   1.81E-04       1,       1 x  1.63E-04 y  3.26E-04
 Wall clock    17.262972831726074     
 Average time per cell    3.0487507063770427E-009
 Step time per cell       2.9538811456101638E-009
 Step      13 time   0.0020863 control    sound    timestep   1.81E-04       1,       1 x  1.63E-04 y  3.26E-04
 Wall clock    18.645622014999390     
 Average time per cell    3.0396326203630544E-009
 Step time per cell       2.9299376870363225E-009
 Step      14 time   0.0022674 control    sound    timestep   1.81E-04       1,       1 x  1.63E-04 y  3.26E-04
 Wall clock    20.069576025009155     
 Average time per cell    3.0380697136847412E-009
 Step time per cell       3.0174851417541506E-009
 Step      15 time   0.0024489 control    sound    timestep   1.82E-04       1,       1 x  1.63E-04 y  3.26E-04
 Wall clock    21.441323041915894     
 Average time per cell    3.0293391251621803E-009
 Step time per cell       2.9067910468762016E-009
 Step      16 time   0.0026306 control    sound    timestep   1.82E-04       1,       1 x  1.63E-04 y  3.26E-04
 Wall clock    22.849854946136475     
 Average time per cell    3.0265721938525936E-009
 Step time per cell       2.9847822386525676E-009
 Step      17 time   0.0028124 control    sound    timestep   1.82E-04       1,       1 x  1.63E-04 y  3.26E-04
 Wall clock    24.194988012313843     
 Average time per cell    3.0162272749151395E-009
 Step time per cell       2.8504498712007059E-009
 Step      18 time   0.0029942 control    sound    timestep   1.82E-04       1,       1 x  1.63E-04 y  3.26E-04
 Wall clock    25.653115034103394     
 Average time per cell    3.0203354251653639E-009
 Step time per cell       3.0899071943066598E-009
 Step      19 time   0.0031760 control    sound    timestep   1.82E-04       1,       1 x  1.63E-04 y  3.26E-04
 Wall clock    27.030983924865723     
 Average time per cell    3.0150590779338771E-009
 Step time per cell       2.9198200637539332E-009
 Step      20 time   0.0033579 control    sound    timestep   1.82E-04       1,       1 x  1.63E-04 y  3.26E-04
 Wall clock    28.563773870468140     
 Average time per cell    3.0267263911001566E-009
 Step time per cell       3.2481193557032382E-009
 Step      21 time   0.0035397 control    sound    timestep   1.82E-04       1,       1 x  1.63E-04 y  3.26E-04
 Wall clock    29.928951978683472     
 Average time per cell    3.0203674940768723E-009
 Step time per cell       2.8931319522800751E-009
 Step      22 time   0.0037216 control    sound    timestep   1.82E-04       1,       1 x  1.63E-04 y  3.26E-04
 Wall clock    31.364450931549072     
 Average time per cell    3.0213607375355994E-009
 Step time per cell       3.0419414542848245E-009
 Step      23 time   0.0039035 control    sound    timestep   1.82E-04       1,       1 x  1.63E-04 y  3.26E-04
 Wall clock    32.800302028656006     
 Average time per cell    3.0223000594296669E-009
 Step time per cell       3.0427362515992071E-009
 Step      24 time   0.0040854 control    sound    timestep   1.82E-04       1,       1 x  1.63E-04 y  3.26E-04
 Wall clock    34.262046813964844     
 Average time per cell    3.0254475994432274E-009
 Step time per cell       3.0975934350863100E-009
 Step      25 time   0.0042673 control    sound    timestep   1.82E-04       1,       1 x  1.63E-04 y  3.26E-04
 Wall clock    35.677417993545532     
 Average time per cell    3.0244121969897402E-009
 Step time per cell       2.9992209723180470E-009
 Step      26 time   0.0044492 control    sound    timestep   1.82E-04       1,       1 x  1.63E-04 y  3.26E-04
 Wall clock    37.127573966979980     
 Average time per cell    3.0262917711779587E-009
 Step time per cell       3.0729845295556716E-009
 Step      27 time   0.0046311 control    sound    timestep   1.82E-04       1,       1 x  1.63E-04 y  3.26E-04
 Wall clock    38.536182880401611     
 Average time per cell    3.0247710177261927E-009
 Step time per cell       2.9849348316525317E-009
 Step      28 time   0.0048130 control    sound    timestep   1.82E-04       1,       1 x  1.63E-04 y  3.26E-04
 Wall clock    39.956265926361084     
 Average time per cell    3.0242273486879956E-009
 Step time per cell       3.0093062580110402E-009
 Step      29 time   0.0049950 control    sound    timestep   1.82E-04       1,       1 x  1.63E-04 y  3.26E-04
 Wall clock    41.339308977127075     
 Average time per cell    3.0210143470857023E-009
 Step time per cell       2.9307789696354626E-009
 Step      30 time   0.0051769 control    sound    timestep   1.82E-04       1,       1 x  1.63E-04 y  3.26E-04
 Wall clock    42.909713983535767     
 Average time per cell    3.0312512704026797E-009
 Step time per cell       3.3278593036811799E-009
 Step      31 time   0.0053588 control    sound    timestep   1.82E-04       1,       1 x  1.63E-04 y  3.26E-04
 Wall clock    44.295617818832397     
 Average time per cell    3.0282145550657703E-009
 Step time per cell       2.9370453881306779E-009
 Step      32 time   0.0055408 control    sound    timestep   1.82E-04       1,       1 x  1.63E-04 y  3.26E-04
 Wall clock    45.659397840499878     
 Average time per cell    3.0239024321569257E-009
 Step time per cell       2.8899552893967162E-009
 Step      33 time   0.0057227 control    sound    timestep   1.82E-04       1,       1 x  1.63E-04 y  3.26E-04
 Wall clock    47.062902927398682     
 Average time per cell    3.0224028132916256E-009
 Step time per cell       2.9741371084431497E-009
 Step      34 time   0.0059047 control    sound    timestep   1.82E-04       1,       1 x  1.63E-04 y  3.26E-04
 Wall clock    48.489784955978394     
 Average time per cell    3.0224485307567817E-009
 Step time per cell       3.0236222098917804E-009
 Step      35 time   0.0060866 control    sound    timestep   1.82E-04       1,       1 x  1.63E-04 y  3.26E-04
 Wall clock    49.965940952301025     
 Average time per cell    3.0254752115098877E-009
 Step time per cell       3.1280751500162296E-009
 Step      36 time   0.0062686 control    sound    timestep   1.82E-04       1,       1 x  1.63E-04 y  3.26E-04
 Wall clock    51.279686927795410     
 Average time per cell    3.0187728627402345E-009
 Step time per cell       2.7838981016733062E-009
 Step      37 time   0.0064506 control    sound    timestep   1.82E-04       1,       1 x  1.63E-04 y  3.26E-04
 Wall clock    52.796388864517212     
 Average time per cell    3.0240576612064267E-009
 Step time per cell       3.2140370523039665E-009
 Step      38 time   0.0066325 control    sound    timestep   1.82E-04       1,       1 x  1.63E-04 y  3.26E-04
 Wall clock    54.176509857177734     
 Average time per cell    3.0214471346971017E-009
 Step time per cell       2.9245650997230161E-009
 Step      39 time   0.0068145 control    sound    timestep   1.82E-04       1,       1 x  1.63E-04 y  3.26E-04
 Wall clock    55.581379890441895     
 Average time per cell    3.0203153545261118E-009
 Step time per cell       2.9770510284126632E-009
 Step      40 time   0.0069965 control    sound    timestep   1.82E-04       1,       1 x  1.63E-04 y  3.26E-04
 Wall clock    57.103204965591431     
 Average time per cell    3.0254366644536883E-009
 Step time per cell       3.2248943979437979E-009
 Step      41 time   0.0071785 control    sound    timestep   1.82E-04       1,       1 x  1.63E-04 y  3.26E-04
 Wall clock    58.473640918731689     
 Average time per cell    3.0224829014068276E-009
 Step time per cell       2.9042606305059357E-009
 Step      42 time   0.0073605 control    sound    timestep   1.82E-04       1,       1 x  1.63E-04 y  3.26E-04
 Wall clock    59.926673889160156     
 Average time per cell    3.0238375532140254E-009
 Step time per cell       3.0790690491105326E-009
 Step      43 time   0.0075424 control    sound    timestep   1.82E-04       1,       1 x  1.63E-04 y  3.26E-04
 Wall clock    61.383198022842407     
 Average time per cell    3.0253012616673750E-009
 Step time per cell       3.0864864836783251E-009
 Step      44 time   0.0077244 control    sound    timestep   1.82E-04       1,       1 x  1.63E-04 y  3.26E-04
 Wall clock    62.817204952239990     
 Average time per cell    3.0256138884534734E-009
 Step time per cell       3.0387774232723234E-009
 Step      45 time   0.0079064 control    sound    timestep   1.82E-04       1,       1 x  1.63E-04 y  3.26E-04
 Wall clock    64.193498849868774     
 Average time per cell    3.0231946238703211E-009
 Step time per cell       2.9164695863275687E-009
 Step      46 time   0.0080884 control    sound    timestep   1.82E-04       1,       1 x  1.63E-04 y  3.26E-04
 Wall clock    65.590664863586426     
 Average time per cell    3.0218421486189482E-009
 Step time per cell       2.9606922503767741E-009
 Step      47 time   0.0082705 control    sound    timestep   1.82E-04       1,       1 x  1.63E-04 y  3.26E-04
 Wall clock    66.998523950576782     
 Average time per cell    3.0210293867042120E-009
 Step time per cell       2.9833689849409791E-009
 Step      48 time   0.0084525 control    sound    timestep   1.82E-04       1,       1 x  1.63E-04 y  3.26E-04
 Wall clock    68.386303901672363     
 Average time per cell    3.0193639641193268E-009
 Step time per cell       2.9407884641033079E-009
 Step      49 time   0.0086345 control    sound    timestep   1.82E-04       1,       1 x  1.63E-04 y  3.26E-04
 Wall clock    69.754482984542847     
 Average time per cell    3.0169187699118048E-009
 Step time per cell       2.8993246006494804E-009
 Step      50 time   0.0088165 control    sound    timestep   1.82E-04       1,       1 x  1.63E-04 y  3.26E-04
 Wall clock    71.303020000457764     
 Average time per cell    3.0222159491838989E-009
 Step time per cell       3.2814897268609557E-009
 Step      51 time   0.0089986 control    sound    timestep   1.82E-04       1,       1 x  1.63E-04 y  3.26E-04
 Wall clock    72.689630985260010     
 Average time per cell    3.0205766509669023E-009
 Step time per cell       2.9385460543886034E-009
 Step      52 time   0.0091806 control    sound    timestep   1.82E-04       1,       1 x  1.63E-04 y  3.26E-04
 Wall clock    74.083746910095215     
 Average time per cell    3.0193062688589185E-009
 Step time per cell       2.9542646492094113E-009
 Step      53 time   0.0093626 control    sound    timestep   1.82E-04       1,       1 x  1.63E-04 y  3.26E-04
 Wall clock    75.516911983489990     
 Average time per cell    3.0196452584052731E-009
 Step time per cell       3.0370054244283692E-009
 Step      54 time   0.0095447 control    sound    timestep   1.82E-04       1,       1 x  1.63E-04 y  3.26E-04
 Wall clock    76.958395004272461     
 Average time per cell    3.0202981377539796E-009
 Step time per cell       3.0546420425202490E-009
 Step      55 time   0.0097267 control    sound    timestep   1.82E-04       1,       1 x  1.63E-04 y  3.26E-04
 Wall clock    78.385812997817993     
 Average time per cell    3.0203853182481704E-009
 Step time per cell       3.0248813547789016E-009
 Step      56 time   0.0099087 control    sound    timestep   1.82E-04       1,       1 x  1.63E-04 y  3.26E-04
 Wall clock    79.830430984497070     
 Average time per cell    3.0211203054585939E-009
 Step time per cell       3.0612778169193513E-009
 Step      57 time   0.0100908 control    sound    timestep   1.82E-04       1,       1 x  1.63E-04 y  3.26E-04
 Wall clock    81.297477006912231     
 Average time per cell    3.0226633844101305E-009
 Step time per cell       3.1087433348552118E-009
 Step      58 time   0.0102728 control    sound    timestep   1.82E-04       1,       1 x  1.63E-04 y  3.26E-04
 Wall clock    82.722851991653442     
 Average time per cell    3.0226306254527008E-009
 Step time per cell       3.0204773793229835E-009
 Step      59 time   0.0104549 control    sound    timestep   1.82E-04       1,       1 x  1.63E-04 y  3.26E-04
 Wall clock    84.076928853988647     
 Average time per cell    3.0200379529327511E-009
 Step time per cell       2.8693769612194350E-009
 Step      60 time   0.0106370 control    sound    timestep   1.82E-04       1,       1 x  1.63E-04 y  3.26E-04
 Wall clock    85.605218887329102     
 Average time per cell    3.0236851334511476E-009
 Step time per cell       3.2385908828776640E-009
 Step      61 time   0.0108190 control    sound    timestep   1.82E-04       1,       1 x  1.63E-04 y  3.26E-04
 Wall clock    86.985646009445190     
 Average time per cell    3.0220756464558721E-009
 Step time per cell       2.9253982979248070E-009
 Step      62 time   0.0110011 control    sound    timestep   1.82E-04       1,       1 x  1.63E-04 y  3.26E-04
 Wall clock    88.399720907211304     
 Average time per cell    3.0216682224619363E-009
 Step time per cell       2.9965253310769588E-009
 Step      63 time   0.0111832 control    sound    timestep   1.82E-04       1,       1 x  1.63E-04 y  3.26E-04
 Wall clock    89.794109821319580     
 Average time per cell    3.0206115097409062E-009
 Step time per cell       2.9548391466960312E-009
 Step      64 time   0.0113653 control    sound    timestep   1.82E-04       1,       1 x  1.63E-04 y  3.26E-04
 Wall clock    91.194042921066284     
 Average time per cell    3.0197714077454900E-009
 Step time per cell       2.9665797127462509E-009
 Step      65 time   0.0115474 control    sound    timestep   1.82E-04       1,       1 x  1.63E-04 y  3.26E-04
 Wall clock    92.740001916885376     
 Average time per cell    3.0237182198837599E-009
 Step time per cell       3.2760155793059514E-009
 Step      66 time   0.0117295 control    sound    timestep   1.82E-04       1,       1 x  1.63E-04 y  3.26E-04
 Wall clock    94.150722026824951     
 Average time per cell    3.0232028777133722E-009
 Step time per cell       2.9894555255951775E-009
 Step      67 time   0.0119116 control    sound    timestep   1.82E-04       1,       1 x  1.63E-04 y  3.26E-04
 Wall clock    95.531538009643555     
 Average time per cell    3.0217570217772638E-009
 Step time per cell       2.9260384811398882E-009
 Step      68 time   0.0120937 control    sound    timestep   1.82E-04       1,       1 x  1.63E-04 y  3.26E-04
 Wall clock    96.941812992095947     
 Average time per cell    3.0212718051117524E-009
 Step time per cell       2.9885015667079845E-009
 Step      69 time   0.0122759 control    sound    timestep   1.82E-04       1,       1 x  1.63E-04 y  3.26E-04
 Wall clock    98.318051815032959     
 Average time per cell    3.0197552610336820E-009
 Step time per cell       2.9163528678408410E-009
 Step      70 time   0.0124580 control    sound    timestep   1.82E-04       1,       1 x  1.63E-04 y  3.26E-04
 Wall clock    99.811084985733032     
 Average time per cell    3.0218180394773039E-009
 Step time per cell       3.1638612401568227E-009
 Step      71 time   0.0126401 control    sound    timestep   1.82E-04       1,       1 x  1.63E-04 y  3.26E-04
 Wall clock    101.17771482467651     
 Average time per cell    3.0200497033167412E-009
 Step time per cell       2.8961969494250498E-009
 Step      72 time   0.0128222 control    sound    timestep   1.82E-04       1,       1 x  1.63E-04 y  3.26E-04
 Wall clock    102.55153989791870     
 Average time per cell    3.0185422749554287E-009
 Step time per cell       2.9112516131135634E-009
 Step      73 time   0.0130043 control    sound    timestep   1.82E-04       1,       1 x  1.63E-04 y  3.26E-04
 Wall clock    103.96945881843567     
 Average time per cell    3.0183562424900884E-009
 Step time per cell       3.0046840038266964E-009
 Step      74 time   0.0131865 control    sound    timestep   1.82E-04       1,       1 x  1.63E-04 y  3.26E-04
 Wall clock    105.42502999305725     
 Average time per cell    3.0192535558779965E-009
 Step time per cell       3.0844775109370756E-009
 Step      75 time   0.0133686 control    sound    timestep   1.82E-04       1,       1 x  1.63E-04 y  3.26E-04
 Wall clock    106.84301280975342     
 Average time per cell    3.0190648060481718E-009
 Step time per cell       3.0048391232008320E-009
 Step      76 time   0.0135508 control    sound    timestep   1.82E-04       1,       1 x  1.63E-04 y  3.26E-04
 Wall clock    108.29525494575500     
 Average time per cell    3.0198363517670603E-009
 Step time per cell       3.0774178109519805E-009
 Step      77 time   0.0137329 control    sound    timestep   1.82E-04       1,       1 x  1.63E-04 y  3.26E-04
 Wall clock    109.71272897720337     
 Average time per cell    3.0196309324213161E-009
 Step time per cell       3.0037477295587046E-009
 Step      78 time   0.0139151 control    sound    timestep   1.82E-04       1,       1 x  1.63E-04 y  3.26E-04
 Wall clock    111.15465497970581     
 Average time per cell    3.0200951453887039E-009
 Step time per cell       3.0555813484372469E-009
 Step      79 time   0.0140973 control    sound    timestep   1.82E-04       1,       1 x  1.63E-04 y  3.26E-04
 Wall clock    112.52418589591980     
 Average time per cell    3.0186055151465853E-009
 Step time per cell       2.9021243285064377E-009
 Step      80 time   0.0142795 control    sound    timestep   1.82E-04       1,       1 x  1.63E-04 y  3.26E-04
 Wall clock    114.03664803504944     
 Average time per cell    3.0209395100023862E-009
 Step time per cell       3.2050643817961422E-009
 Step      81 time   0.0144617 control    sound    timestep   1.82E-04       1,       1 x  1.63E-04 y  3.26E-04
 Wall clock    115.40422892570496     
 Average time per cell    3.0194252162170661E-009
 Step time per cell       2.8981417522623409E-009
 Step      82 time   0.0146438 control    sound    timestep   1.82E-04       1,       1 x  1.63E-04 y  3.26E-04
 Wall clock    116.84696197509766     
 Average time per cell    3.0198901513752937E-009
 Step time per cell       3.0572997881487635E-009
 Step      83 time   0.0148260 control    sound    timestep   1.82E-04       1,       1 x  1.63E-04 y  3.26E-04
 Wall clock    118.27829384803772     
 Average time per cell    3.0200527719203464E-009
 Step time per cell       3.0330890391875678E-009
 Step      84 time   0.0150082 control    sound    timestep   1.82E-04       1,       1 x  1.63E-04 y  3.26E-04
 Wall clock    119.67934894561768     
 Average time per cell    3.0194476532713492E-009
 Step time per cell       2.9689641046893991E-009
 Step      85 time   0.0151904 control    sound    timestep   1.82E-04       1,       1 x  1.63E-04 y  3.26E-04
 Wall clock    121.05878686904907     
 Average time per cell    3.0183177990146481E-009
 Step time per cell       2.9231321402928894E-009
 Step      86 time   0.0153726 control    sound    timestep   1.82E-04       1,       1 x  1.63E-04 y  3.26E-04
 Wall clock    122.53247880935669     
 Average time per cell    3.0195368983482315E-009
 Step time per cell       3.1228849669181123E-009
 Step      87 time   0.0155548 control    sound    timestep   1.82E-04       1,       1 x  1.63E-04 y  3.26E-04
 Wall clock    124.07098293304443     
 First step overhead -0.31094813346862793     
real 125.18
user 2941.78
sys 57.76
