
Clover Version    1.000
       MPI Version
   Task Count     48


Clover Version    1.000
       MPI Version
   Task Count     48

 Output file clover.out opened. All output will go there.
 Step       1 time   0.0000000 control    sound    timestep   3.85E-04       1,       1 x  3.26E-04 y  6.51E-04
 Wall clock    1.3781900405883789     
 Average time per cell    1.1683061731875770E-008
 Step time per cell       1.1683061731875770E-008
 Step       2 time   0.0003852 control    sound    timestep   3.24E-04       1,       1 x  3.26E-04 y  6.51E-04
 Wall clock    2.7779049873352051     
 Average time per cell    1.1774296177059618E-008
 Step time per cell       1.1864412954309955E-008
 Step       3 time   0.0007096 control    sound    timestep   2.96E-04       1,       1 x  3.26E-04 y  6.51E-04
 Wall clock    4.1915090084075928     
 Average time per cell    1.1843954039418518E-008
 Step time per cell       1.1982065188931301E-008
 Step       4 time   0.0010056 control    sound    timestep   3.09E-04       1,       1 x  3.26E-04 y  6.51E-04
 Wall clock    5.5538129806518555     
 Average time per cell    1.1770063995047370E-008
 Step time per cell       1.1547138759245475E-008
 Step       5 time   0.0013145 control    sound    timestep   3.35E-04       1,       1 x  3.26E-04 y  6.51E-04
 Wall clock    6.9304540157318115     
 Average time per cell    1.1750037325934196E-008
 Step time per cell       1.1668879677826125E-008
 Step       6 time   0.0016496 control    sound    timestep   3.49E-04       1,       1 x  3.26E-04 y  6.51E-04
 Wall clock    8.3377730846405029     
 Average time per cell    1.1780029699029573E-008
 Step time per cell       1.1928924424056377E-008
 Step       7 time   0.0019981 control    sound    timestep   3.54E-04       1,       1 x  3.26E-04 y  6.51E-04
 Wall clock    9.7065169811248779     
 Average time per cell    1.1754737710044349E-008
 Step time per cell       1.1601910551285578E-008
 Step       8 time   0.0023523 control    sound    timestep   3.66E-04       1,       1 x  3.26E-04 y  6.51E-04
 Wall clock    11.087975978851318     
 Average time per cell    1.1749242124399946E-008
 Step time per cell       1.1709695778942357E-008
 Step       9 time   0.0027186 control    sound    timestep   3.64E-04       1,       1 x  3.26E-04 y  6.51E-04
 Wall clock    12.447665929794312     
 Average time per cell    1.1724463502666625E-008
 Step time per cell       1.1525226000230760E-008
 Step      10 time   0.0030826 control    sound    timestep   3.64E-04       1,       1 x  3.26E-04 y  6.51E-04
 Wall clock    13.899740934371948     
 Average time per cell    1.1782956385609901E-008
 Step time per cell       1.2308307001755263E-008
 Step      11 time   0.0034468 control    sound    timestep   3.63E-04       1,       1 x  3.26E-04 y  6.51E-04
 Wall clock    15.228343009948730     
 Average time per cell    1.1735660290919394E-008
 Step time per cell       1.1262214280173390E-008
 Step      12 time   0.0038101 control    sound    timestep   3.63E-04       1,       1 x  3.26E-04 y  6.51E-04
 Wall clock    16.603965997695923     
 Average time per cell    1.1729463646285392E-008
 Step time per cell       1.1660257668053318E-008
 Step      13 time   0.0041727 control    sound    timestep   3.62E-04       1,       1 x  3.26E-04 y  6.51E-04
 Wall clock    17.977957963943481     
 Average time per cell    1.1723156766936136E-008
 Step time per cell       1.1646295913831435E-008
 Step      14 time   0.0045349 control    sound    timestep   3.63E-04       1,       1 x  3.26E-04 y  6.51E-04
 Wall clock    19.354450941085815     
 Average time per cell    1.1719265251211629E-008
 Step time per cell       1.1667640743932377E-008
 Step      15 time   0.0048977 control    sound    timestep   3.64E-04       1,       1 x  3.26E-04 y  6.51E-04
 Wall clock    20.722620010375977     
 Average time per cell    1.1711188428172910E-008
 Step time per cell       1.1597104377061542E-008
 Step      16 time   0.0052612 control    sound    timestep   3.64E-04       1,       1 x  3.26E-04 y  6.51E-04
 Wall clock    22.069497108459473     
 Average time per cell    1.1692840315744332E-008
 Step time per cell       1.1416448412799379E-008
 Step      17 time   0.0056248 control    sound    timestep   3.64E-04       1,       1 x  3.26E-04 y  6.51E-04
 Wall clock    23.457166910171509     
 Average time per cell    1.1696992218502025E-008
 Step time per cell       1.1762272657102181E-008
 Step      18 time   0.0059884 control    sound    timestep   3.64E-04       1,       1 x  3.26E-04 y  6.51E-04
 Wall clock    24.812871932983398     
 Average time per cell    1.1685628977167294E-008
 Step time per cell       1.1491410987218842E-008
 Step      19 time   0.0063520 control    sound    timestep   3.64E-04       1,       1 x  3.26E-04 y  6.51E-04
 Wall clock    26.187443971633911     
 Average time per cell    1.1683879638865470E-008
 Step time per cell       1.1651314303485884E-008
 Step      20 time   0.0067157 control    sound    timestep   3.64E-04       1,       1 x  3.26E-04 y  6.51E-04
 Wall clock    27.641045093536377     
 Average time per cell    1.1715802126370060E-008
 Step time per cell       1.2321328944785314E-008
 Step      21 time   0.0070795 control    sound    timestep   3.64E-04       1,       1 x  3.26E-04 y  6.51E-04
 Wall clock    28.986881017684937     
 Average time per cell    1.1701182619805285E-008
 Step time per cell       1.1408436775026429E-008
 Step      22 time   0.0074432 control    sound    timestep   3.64E-04       1,       1 x  3.26E-04 y  6.51E-04
 Wall clock    30.348424911499023     
 Average time per cell    1.1693944800598076E-008
 Step time per cell       1.1541010786054862E-008
 Step      23 time   0.0078069 control    sound    timestep   3.64E-04       1,       1 x  3.26E-04 y  6.51E-04
 Wall clock    31.730073928833008     
 Average time per cell    1.1694746498009504E-008
 Step time per cell       1.1711391481286328E-008
 Step      24 time   0.0081707 control    sound    timestep   3.64E-04       1,       1 x  3.26E-04 y  6.51E-04
 Wall clock    33.104369878768921     
 Average time per cell    1.1692884190442446E-008
 Step time per cell       1.1648931427367238E-008
 Step      25 time   0.0085346 control    sound    timestep   3.64E-04       1,       1 x  3.26E-04 y  6.51E-04
 Wall clock    34.465648889541626     
 Average time per cell    1.1686757029060067E-008
 Step time per cell       1.1538644078730916E-008
 Step      26 time   0.0088984 control    sound    timestep   3.64E-04       1,       1 x  3.26E-04 y  6.51E-04
 Wall clock    35.829299926757812     
 Average time per cell    1.1681874569218892E-008
 Step time per cell       1.1558701468554015E-008
 Step      27 time   0.0092622 control    sound    timestep   3.64E-04       1,       1 x  3.26E-04 y  6.51E-04
 Wall clock    37.206542015075684     
 Average time per cell    1.1681620912614888E-008
 Step time per cell       1.1673948594964006E-008
 Step      28 time   0.0096261 control    sound    timestep   3.64E-04       1,       1 x  3.26E-04 y  6.51E-04
 Wall clock    38.580524921417236     
 Average time per cell    1.1680398644770437E-008
 Step time per cell       1.1646338356917516E-008
 Step      29 time   0.0099899 control    sound    timestep   3.64E-04       1,       1 x  3.26E-04 y  6.51E-04
 Wall clock    39.967523097991943     
 Average time per cell    1.1683065216529800E-008
 Step time per cell       1.1756744950414738E-008
 Step      30 time   0.0103538 control    sound    timestep   3.64E-04       1,       1 x  3.26E-04 y  6.51E-04
 Wall clock    41.403610944747925     
 Average time per cell    1.1699425293180092E-008
 Step time per cell       1.2172731658210977E-008
 Step      31 time   0.0107177 control    sound    timestep   3.64E-04       1,       1 x  3.26E-04 y  6.51E-04
 Wall clock    42.753416061401367     
 Average time per cell    1.1691135436957401E-008
 Step time per cell       1.1441997129521849E-008
 Step      32 time   0.0110815 control    sound    timestep   3.64E-04       1,       1 x  3.26E-04 y  6.51E-04
 Wall clock    44.127496957778931     
 Average time per cell    1.1689794582202417E-008
 Step time per cell       1.1647110416864355E-008
 Step      33 time   0.0114454 control    sound    timestep   3.64E-04       1,       1 x  3.26E-04 y  6.51E-04
 Wall clock    45.465440034866333     
 Average time per cell    1.1679251837134142E-008
 Step time per cell       1.1340909825068795E-008
 Step      34 time   0.0118093 control    sound    timestep   3.64E-04       1,       1 x  3.26E-04 y  6.51E-04
 Wall clock    46.875850915908813     
 Average time per cell    1.1687397406062908E-008
 Step time per cell       1.1955229031930989E-008
 Step      35 time   0.0121733 control    sound    timestep   3.64E-04       1,       1 x  3.26E-04 y  6.51E-04
 Wall clock    48.228862047195435     
 Average time per cell    1.1681175122262969E-008
 Step time per cell       1.1468481615237478E-008
 Step      36 time   0.0125372 control    sound    timestep   3.64E-04       1,       1 x  3.26E-04 y  6.51E-04
 Wall clock    49.644161939620972     
 Average time per cell    1.1689965975636841E-008
 Step time per cell       1.1996560513378224E-008
 Step      37 time   0.0129011 control    sound    timestep   3.64E-04       1,       1 x  3.26E-04 y  6.51E-04
 Wall clock    50.998909950256348     
 Average time per cell    1.1684408548774685E-008
 Step time per cell       1.1483263935790294E-008
 Step      38 time   0.0132651 control    sound    timestep   3.64E-04       1,       1 x  3.26E-04 y  6.51E-04
 Wall clock    52.377322912216187     
 Average time per cell    1.1684422835905774E-008
 Step time per cell       1.1683908572498089E-008
 Step      39 time   0.0136290 control    sound    timestep   3.64E-04       1,       1 x  3.26E-04 y  6.51E-04
 Wall clock    53.760404109954834     
 Average time per cell    1.1685451085876907E-008
 Step time per cell       1.1723455423230512E-008
 Step      40 time   0.0139930 control    sound    timestep   3.64E-04       1,       1 x  3.26E-04 y  6.51E-04
 Wall clock    55.188746929168701     
 Average time per cell    1.1696020111331664E-008
 Step time per cell       1.2107195491100557E-008
 Step      41 time   0.0143570 control    sound    timestep   3.64E-04       1,       1 x  3.26E-04 y  6.51E-04
 Wall clock    56.551531076431274     
 Average time per cell    1.1692518751445507E-008
 Step time per cell       1.1551936849072162E-008
 Step      42 time   0.0147209 control    sound    timestep   3.64E-04       1,       1 x  3.26E-04 y  6.51E-04
 Wall clock    57.920562982559204     
 Average time per cell    1.1690445144604719E-008
 Step time per cell       1.1604275237510188E-008
 Step      43 time   0.0150849 control    sound    timestep   3.64E-04       1,       1 x  3.26E-04 y  6.51E-04
 Wall clock    59.297555923461914     
 Average time per cell    1.1690037438732594E-008
 Step time per cell       1.1671786018673124E-008
 Step      44 time   0.0154489 control    sound    timestep   3.64E-04       1,       1 x  3.26E-04 y  6.51E-04
 Wall clock    60.675765991210938     
 Average time per cell    1.1689882758402764E-008
 Step time per cell       1.1682026929015087E-008
 Step      45 time   0.0158129 control    sound    timestep   3.64E-04       1,       1 x  3.26E-04 y  6.51E-04
 Wall clock    62.025511980056763     
 Average time per cell    1.1684372886385838E-008
 Step time per cell       1.1440861271694303E-008
 Step      46 time   0.0161769 control    sound    timestep   3.64E-04       1,       1 x  3.26E-04 y  6.51E-04
 Wall clock    63.447206974029541     
 Average time per cell    1.1692361688665406E-008
 Step time per cell       1.2050968507537619E-008
 Step      47 time   0.0165409 control    sound    timestep   3.64E-04       1,       1 x  3.26E-04 y  6.51E-04
 Wall clock    64.813864946365356     
 Average time per cell    1.1690083848013615E-008
 Step time per cell       1.1584217847687089E-008
 Step      48 time   0.0169050 control    sound    timestep   3.64E-04       1,       1 x  3.26E-04 y  6.51E-04
 Wall clock    66.202161073684692     
 Average time per cell    1.1691722353067167E-008
 Step time per cell       1.1767689203326073E-008
 Step      49 time   0.0172690 control    sound    timestep   3.64E-04       1,       1 x  3.26E-04 y  6.51E-04
 Wall clock    67.575680017471313     
 Average time per cell    1.1690737495936407E-008
 Step time per cell       1.1642413382004532E-008
 Step      50 time   0.0176331 control    sound    timestep   3.64E-04       1,       1 x  3.26E-04 y  6.51E-04
 Wall clock    69.017013072967529     
 Average time per cell    1.1701289380046850E-008
 Step time per cell       1.2217246371114420E-008
 Step      51 time   0.0179971 control    sound    timestep   3.64E-04       1,       1 x  3.26E-04 y  6.51E-04
 Wall clock    70.365073919296265     
 Average time per cell    1.1695923968428779E-008
 Step time per cell       1.1427121838399520E-008
 Step      52 time   0.0183612 control    sound    timestep   3.64E-04       1,       1 x  3.26E-04 y  6.51E-04
 Wall clock    71.764026880264282     
 Average time per cell    1.1699061414973639E-008
 Step time per cell       1.1858080850086278E-008
 Step      53 time   0.0187253 control    sound    timestep   3.64E-04       1,       1 x  3.26E-04 y  6.51E-04
 Wall clock    73.115386962890625     
 Average time per cell    1.1694468206392145E-008
 Step time per cell       1.1454544114207642E-008
 Step      54 time   0.0190893 control    sound    timestep   3.64E-04       1,       1 x  3.26E-04 y  6.51E-04
 Wall clock    74.526714086532593     
 Average time per cell    1.1699458948226833E-008
 Step time per cell       1.1962941547002023E-008
 Step      55 time   0.0194534 control    sound    timestep   3.64E-04       1,       1 x  3.26E-04 y  6.51E-04
 Wall clock    75.895451068878174     
 Average time per cell    1.1697703824881841E-008
 Step time per cell       1.1601884276994193E-008
 Step      56 time   0.0198175 control    sound    timestep   3.64E-04       1,       1 x  3.26E-04 y  6.51E-04
 Wall clock    77.270055055618286     
 Average time per cell    1.1696899513307948E-008
 Step time per cell       1.1651645763777197E-008
 Step      57 time   0.0201816 control    sound    timestep   3.64E-04       1,       1 x  3.26E-04 y  6.51E-04
 Wall clock    78.646306037902832     
 Average time per cell    1.1696368366249313E-008
 Step time per cell       1.1665522631826914E-008
 Step      58 time   0.0205457 control    sound    timestep   3.64E-04       1,       1 x  3.26E-04 y  6.51E-04
 Wall clock    80.012332916259766     
 Average time per cell    1.1694361210418900E-008
 Step time per cell       1.1578971073807527E-008
 Step      59 time   0.0209098 control    sound    timestep   3.64E-04       1,       1 x  3.26E-04 y  6.51E-04
 Wall clock    81.388215065002441     
 Average time per cell    1.1693838096518427E-008
 Step time per cell       1.1662300999483300E-008
 Step      60 time   0.0212739 control    sound    timestep   3.64E-04       1,       1 x  3.26E-04 y  6.51E-04
 Wall clock    82.836359024047852     
 Average time per cell    1.1703541935680227E-008
 Step time per cell       1.2275059917657118E-008
 Step      61 time   0.0216381 control    sound    timestep   3.64E-04       1,       1 x  3.26E-04 y  6.51E-04
 Wall clock    84.180934906005859     
 Average time per cell    1.1698534870808623E-008
 Step time per cell       1.1397543049598526E-008
 Step      62 time   0.0220023 control    sound    timestep   3.64E-04       1,       1 x  3.26E-04 y  6.51E-04
 Wall clock    85.578918933868408     
 Average time per cell    1.1700991686457755E-008
 Step time per cell       1.1849806469399482E-008
 Step      63 time   0.0223664 control    sound    timestep   3.64E-04       1,       1 x  3.26E-04 y  6.51E-04
 Wall clock    86.954956054687500     
 Average time per cell    1.1700417393099063E-008
 Step time per cell       1.1663725874516079E-008
 Step      64 time   0.0227306 control    sound    timestep   3.64E-04       1,       1 x  3.26E-04 y  6.51E-04
 Wall clock    88.274780988693237     
 Average time per cell    1.1692415474347703E-008
 Step time per cell       1.1187235536959229E-008
 Step      65 time   0.0230948 control    sound    timestep   3.64E-04       1,       1 x  3.26E-04 y  6.51E-04
 Wall clock    89.670783042907715     
 Average time per cell    1.1694594560007954E-008
 Step time per cell       1.1833089956780896E-008
 Step      66 time   0.0234590 control    sound    timestep   3.64E-04       1,       1 x  3.26E-04 y  6.51E-04
 Wall clock    91.050297021865845     
 Average time per cell    1.1694589868136556E-008
 Step time per cell       1.1693217756045569E-008
 Step      67 time   0.0238233 control    sound    timestep   3.64E-04       1,       1 x  3.26E-04 y  6.51E-04
 Wall clock    92.469722986221313     
 Average time per cell    1.1699635138595013E-008
 Step time per cell       1.2031537658509073E-008
 Step      68 time   0.0241875 control    sound    timestep   3.64E-04       1,       1 x  3.26E-04 y  6.51E-04
 Wall clock    93.831439018249512     
 Average time per cell    1.1697337707600502E-008
 Step time per cell       1.1542383112504871E-008
 Step      69 time   0.0245517 control    sound    timestep   3.64E-04       1,       1 x  3.26E-04 y  6.51E-04
 Wall clock    95.203363895416260     
 Average time per cell    1.1696361092758333E-008
 Step time per cell       1.1628892227438175E-008
 Step      70 time   0.0249159 control    sound    timestep   3.64E-04       1,       1 x  3.26E-04 y  6.51E-04
 Wall clock    96.658281087875366     
 Average time per cell    1.1705462875108914E-008
 Step time per cell       1.2332451054438328E-008
 Step      71 time   0.0252802 control    sound    timestep   3.64E-04       1,       1 x  3.26E-04 y  6.51E-04
 Wall clock    97.996934890747070     
 Average time per cell    1.1700426903516870E-008
 Step time per cell       1.1347528925398364E-008
 Step      72 time   0.0256444 control    sound    timestep   3.64E-04       1,       1 x  3.26E-04 y  6.51E-04
 Wall clock    99.418215990066528     
 Average time per cell    1.1705259157117977E-008
 Step time per cell       1.2047245642558361E-008
 Step      73 time   0.0260087 control    sound    timestep   3.64E-04       1,       1 x  3.26E-04 y  6.51E-04
 Wall clock    100.78592705726624     
 Average time per cell    1.1703738214880798E-008
 Step time per cell       1.1593203655340605E-008
 Step      74 time   0.0263730 control    sound    timestep   3.64E-04       1,       1 x  3.26E-04 y  6.51E-04
 Wall clock    102.16424989700317     
 Average time per cell    1.1703474015817633E-008
 Step time per cell       1.1682984930100955E-008
 Step      75 time   0.0267372 control    sound    timestep   3.64E-04       1,       1 x  3.26E-04 y  6.51E-04
 Wall clock    103.54591798782349     
 Average time per cell    1.1703594969326838E-008
 Step time per cell       1.1711553169233311E-008
 Step      76 time   0.0271015 control    sound    timestep   3.64E-04       1,       1 x  3.26E-04 y  6.51E-04
 Wall clock    104.92225909233093     
 Average time per cell    1.1703118563237210E-008
 Step time per cell       1.1666371493548568E-008
 Step      77 time   0.0274659 control    sound    timestep   3.64E-04       1,       1 x  3.26E-04 y  6.51E-04
 Wall clock    106.30223202705383     
 Average time per cell    1.1703054367775947E-008
 Step time per cell       1.1697108372269819E-008
 Step      78 time   0.0278302 control    sound    timestep   3.64E-04       1,       1 x  3.26E-04 y  6.51E-04
 Wall clock    107.66686701774597     
 Average time per cell    1.1701324877806441E-008
 Step time per cell       1.1567018292326893E-008
 Step      79 time   0.0281946 control    sound    timestep   3.64E-04       1,       1 x  3.26E-04 y  6.51E-04
 Wall clock    109.03358697891235     
 Average time per cell    1.1699862900414699E-008
 Step time per cell       1.1584846409580981E-008
 Step      80 time   0.0285589 control    sound    timestep   3.64E-04       1,       1 x  3.26E-04 y  6.51E-04
 Wall clock    110.48519897460938     
 Average time per cell    1.1707432956124346E-008
 Step time per cell       1.2304408301133663E-008
 Step      81 time   0.0289233 control    sound    timestep   3.64E-04       1,       1 x  3.26E-04 y  6.51E-04
 Wall clock    111.83074188232422     
 Average time per cell    1.1703715370955209E-008
 Step time per cell       1.1405774987199240E-008
 Step      82 time   0.0292877 control    sound    timestep   3.64E-04       1,       1 x  3.26E-04 y  6.51E-04
 Wall clock    113.20648908615112     
 Average time per cell    1.1703210958480951E-008
 Step time per cell       1.1661342998397433E-008
 Step      83 time   0.0296521 control    sound    timestep   3.64E-04       1,       1 x  3.26E-04 y  6.51E-04
 Wall clock    114.58909010887146     
 Average time per cell    1.1703418707062079E-008
 Step time per cell       1.1719395034661931E-008
 Step      84 time   0.0300165 control    sound    timestep   3.64E-04       1,       1 x  3.26E-04 y  6.51E-04
 Wall clock    115.98607707023621     
 Average time per cell    1.1705073308211655E-008
 Step time per cell       1.1841380506262390E-008
 Step      85 time   0.0303809 control    sound    timestep   3.64E-04       1,       1 x  3.26E-04 y  6.51E-04
 Wall clock    117.37629103660583     
 Average time per cell    1.1706013502393320E-008
 Step time per cell       1.1783922673203051E-008
 Step      86 time   0.0307453 control    sound    timestep   3.64E-04       1,       1 x  3.26E-04 y  6.51E-04
 Wall clock    118.79920601844788     
 Average time per cell    1.1710155203023105E-008
 Step time per cell       1.2061259945363013E-008
 Step      87 time   0.0311097 control    sound    timestep   3.64E-04       1,       1 x  3.26E-04 y  6.51E-04
 Wall clock    120.25158596038818     
 First step overhead  -2.1394014358520508E-002
real 121.27
user 2841.29
sys 60.04
