Fri Dec 18 00:51:48 2015: Starting Initialization


Mini-Application Name    : CoMD-mpi
Mini-Application Version : 1.1
Platform:
  hostname: backup-data.novalocal
  kernel name: 'Linux'
  kernel release: '3.10.0-229.4.2.el7.x86_64'
  processor: 'x86_64'
Build:
  CC: '/usr/lib64/mpich/bin/mpicc'
  compiler version: 'cc (GCC) 4.8.3 20140911 (Red Hat 4.8.3-9)'
  CFLAGS: '-std=c99 -DDOUBLE -DDO_MPI -g -O5   '
  LDFLAGS: ' -lm '
  using MPI: true
  Threading: none
  Double Precision: true
Run Date/Time: 2015-12-18, 00:51:48

Command Line Parameters:
  doeam: 0
  potDir: pots
  potName: Cu_u6.eam
  potType: funcfl
  nx: 288
  ny: 288
  nz: 144
  xproc: 4
  yproc: 8
  zproc: 3
  Lattice constant: -1 Angstroms
  nSteps: 100
  printRate: 10
  Time step: 1 fs
  Initial Temperature: 600 K
  Initial Delta: 0 Angstroms

Simulation data: 
  Total atoms        : 47775744
  Min global bounds  : [   0.0000000000,   0.0000000000,   0.0000000000 ]
  Max global bounds  : [ 1041.1200000000, 1041.1200000000, 520.5600000000 ]

Decomposition data: 
  Processors         :      4,     8,     3
  Local boxes        :     44,    22,    29 =    28072
  Box size           : [   5.9154545455,   5.9154545455,   5.9834482759 ]
  Box factor         : [   1.0221087768,   1.0221087768,   1.0338571535 ] 
  Max Link Cell Occupancy: 32 of 64

Potential data: 
  Potential type   : Lennard-Jones
  Species name     : Cu
  Atomic number    : 29
  Mass             : 63.55 amu
  Lattice Type     : FCC
  Lattice spacing  : 3.615 Angstroms
  Cutoff           : 5.7875 Angstroms
  Epsilon          : 0.167 eV
  Sigma            : 2.315 Angstroms

Memory data: 
  Intrinsic atom footprint =   88 B/atom 
  Total atom footprint     = -86.500 MB ( 41.77 MB/node)
  Link cell atom footprint = 150.777 MB/node
  Link cell atom footprint = 183.820 MB/node (including halo cell data


Initial energy : -1.166063303635, atom count : 47775744 

Fri Dec 18 00:51:50 2015: Initialization Finished

Fri Dec 18 00:51:50 2015: Starting simulation

#                                                                                         Performance
#  Loop   Time(fs)       Total Energy   Potential Energy     Kinetic Energy  Temperature   (us/atom)     # Atoms
      0       0.00    -1.166063303635    -1.243619295235     0.077555991600     600.0000     0.0000     47775744
     10      10.00    -1.166059648385    -1.233154418541     0.067094770156     519.0684     3.2341     47775744
     20      20.00    -1.166048429555    -1.208172856271     0.042124426716     325.8891     3.1931     47775744
     30      30.00    -1.166037579552    -1.186574421118     0.020536841566     158.8801     3.2185     47775744
     40      40.00    -1.166042088391    -1.183621357039     0.017579268648     135.9993     3.0708     47775744
     50      50.00    -1.166051681932    -1.193717450331     0.027665768399     214.0320     3.0739     47775744
     60      60.00    -1.166054640360    -1.202668818304     0.036614177944     283.2600     3.0506     47775744
     70      70.00    -1.166052133769    -1.204922091127     0.038869957358     300.7114     3.1047     47775744
     80      80.00    -1.166048799604    -1.203654382409     0.037605582805     290.9298     3.1503     47775744
     90      90.00    -1.166048012593    -1.203846535070     0.037798522478     292.4225     3.5753     47775744
    100     100.00    -1.166049797799    -1.206881718934     0.040831921134     315.8899     3.1655     47775744
Fri Dec 18 00:54:29 2015: Ending simulation



Simulation Validation:
  Initial energy  : -1.166063303635
  Final energy    : -1.166049797799
  eFinal/eInitial : 0.999988
  Final atom count : 47775744, no atoms lost


Timings for Rank 0
        Timer        # Calls    Avg/Call (s)   Total (s)    % Loop
___________________________________________________________________
total                      1     160.8752      160.8752      101.53
loop                       1     158.4433      158.4433      100.00
timestep                  10      15.8441      158.4410      100.00
  position               100       0.0123        1.2307        0.78
  velocity               200       0.0109        2.1728        1.37
  redistribute           101       0.2876       29.0508       18.34
    atomHalo             101       0.2498       25.2342       15.93
  force                  101       1.2493      126.1755       79.63
commHalo                 303       0.0788       23.8899       15.08
commReduce                39       0.0435        1.6964        1.07

Timing Statistics Across 96 Ranks:
        Timer        Rank: Min(s)       Rank: Max(s)      Avg(s)    Stdev(s)
_____________________________________________________________________________
total                6:  160.8334       5:  160.8919    160.8786      0.0151
loop                 3:  158.4430      28:  158.4433    158.4432      0.0001
timestep             0:  158.4410      93:  158.4421    158.4417      0.0003
  position          60:    1.0390      84:    1.3541      1.2391      0.0567
  velocity          60:    1.8744      39:    2.3534      2.1575      0.1142
  redistribute      60:   24.4765       3:   29.4284     28.5395      0.8236
    atomHalo        60:   20.5673       3:   25.5661     24.7035      0.8560
  force              3:  125.7507      60:  131.6186    126.5474      0.9062
commHalo            60:   19.0392       3:   24.1833     23.2326      0.8741
commReduce          39:    1.2823      18:    2.2506      1.8434      0.2045

---------------------------------------------------
 Average atom update rate:       3.18 us/atom/task
---------------------------------------------------


---------------------------------------------------
 Average all atom update rate:   0.03 us/atom
---------------------------------------------------


---------------------------------------------------
 Average atom rate:             30.15 atoms/us
---------------------------------------------------

Fri Dec 18 00:54:29 2015: CoMD Ending

real 161.09
user 3781.41
sys 75.24
