Fri Dec 18 00:24:32 2015: Starting Initialization


Mini-Application Name    : CoMD-mpi
Mini-Application Version : 1.1
Platform:
  hostname: backup-data.novalocal
  kernel name: 'Linux'
  kernel release: '3.10.0-229.4.2.el7.x86_64'
  processor: 'x86_64'
Build:
  CC: '/usr/lib64/mpich/bin/mpicc'
  compiler version: 'cc (GCC) 4.8.3 20140911 (Red Hat 4.8.3-9)'
  CFLAGS: '-std=c99 -DDOUBLE -DDO_MPI -g -O5   '
  LDFLAGS: ' -lm '
  using MPI: true
  Threading: none
  Double Precision: true
Run Date/Time: 2015-12-18, 00:24:32

Command Line Parameters:
  doeam: 0
  potDir: pots
  potName: Cu_u6.eam
  potType: funcfl
  nx: 144
  ny: 144
  nz: 144
  xproc: 2
  yproc: 4
  zproc: 3
  Lattice constant: -1 Angstroms
  nSteps: 100
  printRate: 10
  Time step: 1 fs
  Initial Temperature: 600 K
  Initial Delta: 0 Angstroms

Simulation data: 
  Total atoms        : 11943936
  Min global bounds  : [   0.0000000000,   0.0000000000,   0.0000000000 ]
  Max global bounds  : [ 520.5600000000, 520.5600000000, 520.5600000000 ]

Decomposition data: 
  Processors         :      2,     4,     3
  Local boxes        :     44,    22,    29 =    28072
  Box size           : [   5.9154545455,   5.9154545455,   5.9834482759 ]
  Box factor         : [   1.0221087768,   1.0221087768,   1.0338571535 ] 
  Max Link Cell Occupancy: 32 of 64

Potential data: 
  Potential type   : Lennard-Jones
  Species name     : Cu
  Atomic number    : 29
  Mass             : 63.55 amu
  Lattice Type     : FCC
  Lattice spacing  : 3.615 Angstroms
  Cutoff           : 5.7875 Angstroms
  Epsilon          : 0.167 eV
  Sigma            : 2.315 Angstroms

Memory data: 
  Intrinsic atom footprint =   88 B/atom 
  Total atom footprint     = 1002.375 MB ( 41.77 MB/node)
  Link cell atom footprint = 150.777 MB/node
  Link cell atom footprint = 183.820 MB/node (including halo cell data


Initial energy : -1.166063303635, atom count : 11943936 

Fri Dec 18 00:24:34 2015: Initialization Finished

Fri Dec 18 00:24:34 2015: Starting simulation

#                                                                                         Performance
#  Loop   Time(fs)       Total Energy   Potential Energy     Kinetic Energy  Temperature   (us/atom)     # Atoms
      0       0.00    -1.166063303635    -1.243619295235     0.077555991600     600.0000     0.0000     11943936
     10      10.00    -1.166059649406    -1.233156263032     0.067096613625     519.0826     2.7316     11943936
     20      20.00    -1.166048433442    -1.208179712497     0.042131279055     325.9422     2.7616     11943936
     30      30.00    -1.166037586894    -1.186585625849     0.020548038955     158.9667     2.8250     11943936
     40      40.00    -1.166042094066    -1.183631409992     0.017589315927     136.0770     2.7449     11943936
     50      50.00    -1.166051685471    -1.193722569562     0.027670884091     214.0715     2.7422     11943936
     60      60.00    -1.166054642785    -1.202668589764     0.036613946979     283.2582     2.7416     11943936
     70      70.00    -1.166052136306    -1.204917000628     0.038864864322     300.6720     2.7504     11943936
     80      80.00    -1.166048799577    -1.203645039062     0.037596239485     290.8575     2.7443     11943936
     90      90.00    -1.166048009737    -1.203836257034     0.037788247298     292.3430     2.7428     11943936
    100     100.00    -1.166049794039    -1.206876626326     0.040826832287     315.8505     2.7443     11943936
Fri Dec 18 00:26:51 2015: Ending simulation



Simulation Validation:
  Initial energy  : -1.166063303635
  Final energy    : -1.166049794039
  eFinal/eInitial : 0.999988
  Final atom count : 11943936, no atoms lost


Timings for Rank 0
        Timer        # Calls    Avg/Call (s)   Total (s)    % Loop
___________________________________________________________________
total                      1     138.9039      138.9039      101.39
loop                       1     137.0012      137.0012      100.00
timestep                  10      13.7000      137.0003      100.00
  position               100       0.0158        1.5764        1.15
  velocity               200       0.0149        2.9810        2.18
  redistribute           101       0.0715        7.2175        5.27
    atomHalo             101       0.0305        3.0818        2.25
  force                  101       1.2520      126.4551       92.30
commHalo                 303       0.0047        1.4300        1.04
commReduce                39       0.0030        0.1158        0.08

Timing Statistics Across 24 Ranks:
        Timer        Rank: Min(s)       Rank: Max(s)      Avg(s)    Stdev(s)
_____________________________________________________________________________
total                5:  138.9039       2:  138.9239    138.9204      0.0070
loop                 0:  137.0012       7:  137.0012    137.0012      0.0000
timestep             0:  137.0003       7:  137.0008    137.0007      0.0001
  position          17:    1.5421      14:    1.7009      1.6416      0.0404
  velocity          12:    2.7159      17:    3.0918      2.9652      0.0855
  redistribute       4:    6.9339       7:    7.3378      7.1240      0.1045
    atomHalo         4:    2.7830       7:    3.1667      2.9689      0.0972
  force             10:  126.2765      12:  126.7435    126.4360      0.1090
commHalo             4:    1.2086       7:    1.6176      1.4161      0.1025
commReduce          11:    0.0751       3:    0.2486      0.1752      0.0397

---------------------------------------------------
 Average atom update rate:       2.75 us/atom/task
---------------------------------------------------


---------------------------------------------------
 Average all atom update rate:   0.11 us/atom
---------------------------------------------------


---------------------------------------------------
 Average atom rate:              8.72 atoms/us
---------------------------------------------------

Fri Dec 18 00:26:51 2015: CoMD Ending

real 139.03
user 3315.62
sys 18.22
