Fri Dec 18 00:41:34 2015: Starting Initialization


Mini-Application Name    : CoMD-mpi
Mini-Application Version : 1.1
Platform:
  hostname: backup-data.novalocal
  kernel name: 'Linux'
  kernel release: '3.10.0-229.4.2.el7.x86_64'
  processor: 'x86_64'
Build:
  CC: '/usr/lib64/mpich/bin/mpicc'
  compiler version: 'cc (GCC) 4.8.3 20140911 (Red Hat 4.8.3-9)'
  CFLAGS: '-std=c99 -DDOUBLE -DDO_MPI -g -O5   '
  LDFLAGS: ' -lm '
  using MPI: true
  Threading: none
  Double Precision: true
Run Date/Time: 2015-12-18, 00:41:34

Command Line Parameters:
  doeam: 0
  potDir: pots
  potName: Cu_u6.eam
  potType: funcfl
  nx: 288
  ny: 144
  nz: 144
  xproc: 4
  yproc: 4
  zproc: 3
  Lattice constant: -1 Angstroms
  nSteps: 100
  printRate: 10
  Time step: 1 fs
  Initial Temperature: 600 K
  Initial Delta: 0 Angstroms

Simulation data: 
  Total atoms        : 23887872
  Min global bounds  : [   0.0000000000,   0.0000000000,   0.0000000000 ]
  Max global bounds  : [ 1041.1200000000, 520.5600000000, 520.5600000000 ]

Decomposition data: 
  Processors         :      4,     4,     3
  Local boxes        :     44,    22,    29 =    28072
  Box size           : [   5.9154545455,   5.9154545455,   5.9834482759 ]
  Box factor         : [   1.0221087768,   1.0221087768,   1.0338571535 ] 
  Max Link Cell Occupancy: 32 of 64

Potential data: 
  Potential type   : Lennard-Jones
  Species name     : Cu
  Atomic number    : 29
  Mass             : 63.55 amu
  Lattice Type     : FCC
  Lattice spacing  : 3.615 Angstroms
  Cutoff           : 5.7875 Angstroms
  Epsilon          : 0.167 eV
  Sigma            : 2.315 Angstroms

Memory data: 
  Intrinsic atom footprint =   88 B/atom 
  Total atom footprint     = 2004.750 MB ( 41.77 MB/node)
  Link cell atom footprint = 150.777 MB/node
  Link cell atom footprint = 183.820 MB/node (including halo cell data


Initial energy : -1.166063303635, atom count : 23887872 

Fri Dec 18 00:41:36 2015: Initialization Finished

Fri Dec 18 00:41:36 2015: Starting simulation

#                                                                                         Performance
#  Loop   Time(fs)       Total Energy   Potential Energy     Kinetic Energy  Temperature   (us/atom)     # Atoms
      0       0.00    -1.166063303635    -1.243619295235     0.077555991600     600.0000     0.0000     23887872
     10      10.00    -1.166059648926    -1.233156469342     0.067096820416     519.0842     3.0974     23887872
     20      20.00    -1.166048432327    -1.208180661376     0.042132229049     325.9495     3.1003     23887872
     30      30.00    -1.166037586321    -1.186587816413     0.020550230092     158.9837     2.8888     23887872
     40      40.00    -1.166042094457    -1.183634412875     0.017592318418     136.1003     2.9605     23887872
     50      50.00    -1.166051686250    -1.193724607851     0.027672921601     214.0873     3.1617     23887872
     60      60.00    -1.166054643092    -1.202667642611     0.036612999519     283.2508     3.0631     23887872
     70      70.00    -1.166052134605    -1.204912539995     0.038860405391     300.6375     3.1498     23887872
     80      80.00    -1.166048796113    -1.203639355020     0.037590558908     290.8136     3.1960     23887872
     90      90.00    -1.166048008331    -1.203833297592     0.037785289261     292.3201     2.9077     23887872
    100     100.00    -1.166049796301    -1.206878414776     0.040828618475     315.8643     3.0046     23887872
Fri Dec 18 00:44:08 2015: Ending simulation



Simulation Validation:
  Initial energy  : -1.166063303635
  Final energy    : -1.166049796301
  eFinal/eInitial : 0.999988
  Final atom count : 23887872, no atoms lost


Timings for Rank 0
        Timer        # Calls    Avg/Call (s)   Total (s)    % Loop
___________________________________________________________________
total                      1     154.0500      154.0500      101.39
loop                       1     151.9378      151.9378      100.00
timestep                  10      15.1936      151.9362      100.00
  position               100       0.0150        1.5006        0.99
  velocity               200       0.0139        2.7900        1.84
  redistribute           101       0.2057       20.7728       13.67
    atomHalo             101       0.1648       16.6486       10.96
  force                  101       1.2620      127.4588       83.89
commHalo                 303       0.0502       15.2018       10.01
commReduce                39       0.0245        0.9536        0.63

Timing Statistics Across 48 Ranks:
        Timer        Rank: Min(s)       Rank: Max(s)      Avg(s)    Stdev(s)
_____________________________________________________________________________
total               37:  154.0182      12:  154.0609    154.0440      0.0154
loop                17:  151.9377      46:  151.9378    151.9377      0.0000
timestep             0:  151.9362      15:  151.9369    151.9368      0.0001
  position          11:    1.3676      38:    1.7239      1.5868      0.0798
  velocity          18:    2.3341      10:    3.0628      2.8576      0.1404
  redistribute      20:   17.5801      26:   21.8013     21.1925      0.7814
    atomHalo        20:   13.3030      26:   17.6084     17.0129      0.8101
  force              8:  126.4221      20:  131.1704    126.9195      0.9574
commHalo            20:   11.6590      26:   16.1919     15.5287      0.8408
commReduce          20:    0.6682       1:    0.9971      0.9138      0.0813

---------------------------------------------------
 Average atom update rate:       3.05 us/atom/task
---------------------------------------------------


---------------------------------------------------
 Average all atom update rate:   0.06 us/atom
---------------------------------------------------


---------------------------------------------------
 Average atom rate:             15.72 atoms/us
---------------------------------------------------

Fri Dec 18 00:44:08 2015: CoMD Ending

real 154.22
user 3634.89
sys 60.50
