Fri Dec 18 00:57:04 2015: Starting Initialization


Mini-Application Name    : CoMD-mpi
Mini-Application Version : 1.1
Platform:
  hostname: backup-data.novalocal
  kernel name: 'Linux'
  kernel release: '3.10.0-229.4.2.el7.x86_64'
  processor: 'x86_64'
Build:
  CC: '/usr/lib64/mpich/bin/mpicc'
  compiler version: 'cc (GCC) 4.8.3 20140911 (Red Hat 4.8.3-9)'
  CFLAGS: '-std=c99 -DDOUBLE -DDO_MPI -g -O5   '
  LDFLAGS: ' -lm '
  using MPI: true
  Threading: none
  Double Precision: true
Run Date/Time: 2015-12-18, 00:57:04

Command Line Parameters:
  doeam: 0
  potDir: pots
  potName: Cu_u6.eam
  potType: funcfl
  nx: 288
  ny: 288
  nz: 144
  xproc: 4
  yproc: 8
  zproc: 3
  Lattice constant: -1 Angstroms
  nSteps: 100
  printRate: 10
  Time step: 1 fs
  Initial Temperature: 600 K
  Initial Delta: 0 Angstroms

Simulation data: 
  Total atoms        : 47775744
  Min global bounds  : [   0.0000000000,   0.0000000000,   0.0000000000 ]
  Max global bounds  : [ 1041.1200000000, 1041.1200000000, 520.5600000000 ]

Decomposition data: 
  Processors         :      4,     8,     3
  Local boxes        :     44,    22,    29 =    28072
  Box size           : [   5.9154545455,   5.9154545455,   5.9834482759 ]
  Box factor         : [   1.0221087768,   1.0221087768,   1.0338571535 ] 
  Max Link Cell Occupancy: 32 of 64

Potential data: 
  Potential type   : Lennard-Jones
  Species name     : Cu
  Atomic number    : 29
  Mass             : 63.55 amu
  Lattice Type     : FCC
  Lattice spacing  : 3.615 Angstroms
  Cutoff           : 5.7875 Angstroms
  Epsilon          : 0.167 eV
  Sigma            : 2.315 Angstroms

Memory data: 
  Intrinsic atom footprint =   88 B/atom 
  Total atom footprint     = -86.500 MB ( 41.77 MB/node)
  Link cell atom footprint = 150.777 MB/node
  Link cell atom footprint = 183.820 MB/node (including halo cell data


Initial energy : -1.166063303635, atom count : 47775744 

Fri Dec 18 00:57:06 2015: Initialization Finished

Fri Dec 18 00:57:06 2015: Starting simulation

#                                                                                         Performance
#  Loop   Time(fs)       Total Energy   Potential Energy     Kinetic Energy  Temperature   (us/atom)     # Atoms
      0       0.00    -1.166063303635    -1.243619295235     0.077555991600     600.0000     0.0000     47775744
     10      10.00    -1.166059648385    -1.233154418541     0.067094770156     519.0684     3.0871     47775744
     20      20.00    -1.166048429555    -1.208172856271     0.042124426716     325.8891     2.9854     47775744
     30      30.00    -1.166037579552    -1.186574421118     0.020536841566     158.8801     3.0694     47775744
     40      40.00    -1.166042088391    -1.183621357039     0.017579268648     135.9993     3.0287     47775744
     50      50.00    -1.166051681932    -1.193717450331     0.027665768399     214.0320     3.1403     47775744
     60      60.00    -1.166054640360    -1.202668818304     0.036614177944     283.2600     3.0029     47775744
     70      70.00    -1.166052133769    -1.204922091127     0.038869957358     300.7114     3.0664     47775744
     80      80.00    -1.166048799604    -1.203654382409     0.037605582805     290.9298     2.9985     47775744
     90      90.00    -1.166048012593    -1.203846535070     0.037798522478     292.4225     3.1084     47775744
    100     100.00    -1.166049797799    -1.206881718934     0.040831921134     315.8899     3.0413     47775744
Fri Dec 18 00:59:38 2015: Ending simulation



Simulation Validation:
  Initial energy  : -1.166063303635
  Final energy    : -1.166049797799
  eFinal/eInitial : 0.999988
  Final atom count : 47775744, no atoms lost


Timings for Rank 0
        Timer        # Calls    Avg/Call (s)   Total (s)    % Loop
___________________________________________________________________
total                      1     153.9731      153.9731      101.34
loop                       1     151.9309      151.9309      100.00
timestep                  10      15.1929      151.9287      100.00
  position               100       0.0138        1.3801        0.91
  velocity               200       0.0118        2.3653        1.56
  redistribute           101       0.2022       20.4192       13.44
    atomHalo             101       0.1636       16.5251       10.88
  force                  101       1.2500      126.2488       83.10
commHalo                 303       0.0500       15.1527        9.97
commReduce                39       0.0783        3.0521        2.01

Timing Statistics Across 96 Ranks:
        Timer        Rank: Min(s)       Rank: Max(s)      Avg(s)    Stdev(s)
_____________________________________________________________________________
total               16:  153.9601      15:  154.0105    153.9920      0.0187
loop                 2:  151.9308      77:  151.9309    151.9308      0.0001
timestep             0:  151.9287      63:  151.9294    151.9292      0.0002
  position          45:    1.2491       2:    1.4937      1.3592      0.0528
  velocity           1:    1.9808      58:    2.6725      2.3882      0.1312
  redistribute      83:   17.4293       1:   20.9384     20.2847      0.4633
    atomHalo        83:   13.4461      24:   17.0119     16.3484      0.4916
  force              3:  125.9695      83:  130.7004    126.4967      0.6157
commHalo            83:   11.9848      42:   15.5013     14.8646      0.5194
commReduce          83:    1.6662      61:    3.4101      2.9206      0.2804

---------------------------------------------------
 Average atom update rate:       3.05 us/atom/task
---------------------------------------------------


---------------------------------------------------
 Average all atom update rate:   0.03 us/atom
---------------------------------------------------


---------------------------------------------------
 Average atom rate:             31.45 atoms/us
---------------------------------------------------

Fri Dec 18 00:59:38 2015: CoMD Ending

real 154.22
user 3629.84
sys 63.39
