Fri Dec 18 00:46:40 2015: Starting Initialization


Mini-Application Name    : CoMD-mpi
Mini-Application Version : 1.1
Platform:
  hostname: backup-data.novalocal
  kernel name: 'Linux'
  kernel release: '3.10.0-229.4.2.el7.x86_64'
  processor: 'x86_64'
Build:
  CC: '/usr/lib64/mpich/bin/mpicc'
  compiler version: 'cc (GCC) 4.8.3 20140911 (Red Hat 4.8.3-9)'
  CFLAGS: '-std=c99 -DDOUBLE -DDO_MPI -g -O5   '
  LDFLAGS: ' -lm '
  using MPI: true
  Threading: none
  Double Precision: true
Run Date/Time: 2015-12-18, 00:46:40

Command Line Parameters:
  doeam: 0
  potDir: pots
  potName: Cu_u6.eam
  potType: funcfl
  nx: 288
  ny: 288
  nz: 144
  xproc: 4
  yproc: 8
  zproc: 3
  Lattice constant: -1 Angstroms
  nSteps: 100
  printRate: 10
  Time step: 1 fs
  Initial Temperature: 600 K
  Initial Delta: 0 Angstroms

Simulation data: 
  Total atoms        : 47775744
  Min global bounds  : [   0.0000000000,   0.0000000000,   0.0000000000 ]
  Max global bounds  : [ 1041.1200000000, 1041.1200000000, 520.5600000000 ]

Decomposition data: 
  Processors         :      4,     8,     3
  Local boxes        :     44,    22,    29 =    28072
  Box size           : [   5.9154545455,   5.9154545455,   5.9834482759 ]
  Box factor         : [   1.0221087768,   1.0221087768,   1.0338571535 ] 
  Max Link Cell Occupancy: 32 of 64

Potential data: 
  Potential type   : Lennard-Jones
  Species name     : Cu
  Atomic number    : 29
  Mass             : 63.55 amu
  Lattice Type     : FCC
  Lattice spacing  : 3.615 Angstroms
  Cutoff           : 5.7875 Angstroms
  Epsilon          : 0.167 eV
  Sigma            : 2.315 Angstroms

Memory data: 
  Intrinsic atom footprint =   88 B/atom 
  Total atom footprint     = -86.500 MB ( 41.77 MB/node)
  Link cell atom footprint = 150.777 MB/node
  Link cell atom footprint = 183.820 MB/node (including halo cell data


Initial energy : -1.166063303635, atom count : 47775744 

Fri Dec 18 00:46:42 2015: Initialization Finished

Fri Dec 18 00:46:42 2015: Starting simulation

#                                                                                         Performance
#  Loop   Time(fs)       Total Energy   Potential Energy     Kinetic Energy  Temperature   (us/atom)     # Atoms
      0       0.00    -1.166063303635    -1.243619295235     0.077555991600     600.0000     0.0000     47775744
     10      10.00    -1.166059648385    -1.233154418541     0.067094770156     519.0684     3.0489     47775744
     20      20.00    -1.166048429555    -1.208172856271     0.042124426716     325.8891     2.9371     47775744
     30      30.00    -1.166037579552    -1.186574421118     0.020536841566     158.8801     3.0986     47775744
     40      40.00    -1.166042088391    -1.183621357039     0.017579268648     135.9993     3.0817     47775744
     50      50.00    -1.166051681932    -1.193717450331     0.027665768399     214.0320     3.1577     47775744
     60      60.00    -1.166054640360    -1.202668818304     0.036614177944     283.2600     3.0333     47775744
     70      70.00    -1.166052133769    -1.204922091127     0.038869957358     300.7114     2.9834     47775744
     80      80.00    -1.166048799604    -1.203654382409     0.037605582805     290.9298     3.0752     47775744
     90      90.00    -1.166048012593    -1.203846535070     0.037798522478     292.4225     3.0669     47775744
    100     100.00    -1.166049797799    -1.206881718934     0.040831921134     315.8899     3.0718     47775744
Fri Dec 18 00:49:14 2015: Ending simulation



Simulation Validation:
  Initial energy  : -1.166063303635
  Final energy    : -1.166049797799
  eFinal/eInitial : 0.999988
  Final atom count : 47775744, no atoms lost


Timings for Rank 0
        Timer        # Calls    Avg/Call (s)   Total (s)    % Loop
___________________________________________________________________
total                      1     154.2393      154.2393      101.43
loop                       1     152.0613      152.0613      100.00
timestep                  10      15.2059      152.0592      100.00
  position               100       0.0127        1.2728        0.84
  velocity               200       0.0117        2.3444        1.54
  redistribute           101       0.2075       20.9534       13.78
    atomHalo             101       0.1687       17.0364       11.20
  force                  101       1.2585      127.1085       83.59
commHalo                 303       0.0512       15.5274       10.21
commReduce                39       0.0523        2.0391        1.34

Timing Statistics Across 96 Ranks:
        Timer        Rank: Min(s)       Rank: Max(s)      Avg(s)    Stdev(s)
_____________________________________________________________________________
total               56:  154.2263      18:  154.2722    154.2571      0.0153
loop                 0:  152.0613      53:  152.0614    152.0613      0.0000
timestep             0:  152.0592      79:  152.0599    152.0598      0.0001
  position          45:    1.1921      18:    1.4569      1.3413      0.0613
  velocity           2:    1.9412      41:    2.5955      2.3528      0.1200
  redistribute      12:   18.8630      75:   22.4596     21.6927      0.5589
    atomHalo        12:   14.8669      75:   18.5794     17.7507      0.5825
  force              2:  125.9415      12:  129.8716    126.4877      0.6282
commHalo            12:   13.4217      77:   17.1245     16.2759      0.5980
commReduce           4:    1.0160      88:    2.1766      1.8404      0.2445

---------------------------------------------------
 Average atom update rate:       3.06 us/atom/task
---------------------------------------------------


---------------------------------------------------
 Average all atom update rate:   0.03 us/atom
---------------------------------------------------


---------------------------------------------------
 Average atom rate:             31.42 atoms/us
---------------------------------------------------

Fri Dec 18 00:49:14 2015: CoMD Ending

real 154.48
user 3638.70
sys 61.89
