Fri Dec 18 01:20:09 2015: Starting Initialization


Mini-Application Name    : CoMD-mpi
Mini-Application Version : 1.1
Platform:
  hostname: backup-data.novalocal
  kernel name: 'Linux'
  kernel release: '3.10.0-229.4.2.el7.x86_64'
  processor: 'x86_64'
Build:
  CC: '/usr/lib64/mpich/bin/mpicc'
  compiler version: 'cc (GCC) 4.8.3 20140911 (Red Hat 4.8.3-9)'
  CFLAGS: '-std=c99 -DDOUBLE -DDO_MPI -g -O5   '
  LDFLAGS: ' -lm '
  using MPI: true
  Threading: none
  Double Precision: true
Run Date/Time: 2015-12-18, 01:20:09

Command Line Parameters:
  doeam: 0
  potDir: pots
  potName: Cu_u6.eam
  potType: funcfl
  nx: 576
  ny: 288
  nz: 288
  xproc: 8
  yproc: 8
  zproc: 6
  Lattice constant: -1 Angstroms
  nSteps: 100
  printRate: 10
  Time step: 1 fs
  Initial Temperature: 600 K
  Initial Delta: 0 Angstroms

Simulation data: 
  Total atoms        : 191102976
  Min global bounds  : [   0.0000000000,   0.0000000000,   0.0000000000 ]
  Max global bounds  : [ 2082.2400000000, 1041.1200000000, 1041.1200000000 ]

Decomposition data: 
  Processors         :      8,     8,     6
  Local boxes        :     44,    22,    29 =    28072
  Box size           : [   5.9154545455,   5.9154545455,   5.9834482759 ]
  Box factor         : [   1.0221087768,   1.0221087768,   1.0338571535 ] 
  Max Link Cell Occupancy: 32 of 64

Potential data: 
  Potential type   : Lennard-Jones
  Species name     : Cu
  Atomic number    : 29
  Mass             : 63.55 amu
  Lattice Type     : FCC
  Lattice spacing  : 3.615 Angstroms
  Cutoff           : 5.7875 Angstroms
  Epsilon          : 0.167 eV
  Sigma            : 2.315 Angstroms

Memory data: 
  Intrinsic atom footprint =   88 B/atom 
  Total atom footprint     = -346.000 MB ( 41.77 MB/node)
  Link cell atom footprint = 150.777 MB/node
  Link cell atom footprint = 183.820 MB/node (including halo cell data


Initial energy : -1.166063303635, atom count : 191102976 

Fri Dec 18 01:20:11 2015: Initialization Finished

Fri Dec 18 01:20:11 2015: Starting simulation

#                                                                                         Performance
#  Loop   Time(fs)       Total Energy   Potential Energy     Kinetic Energy  Temperature   (us/atom)     # Atoms
      0       0.00    -1.166063303635    -1.243619295235     0.077555991600     600.0000     0.0000    191102976
     10      10.00    -1.166059650602    -1.233154651512     0.067095000910     519.0702     3.4043    191102976
     20      20.00    -1.166048429207    -1.208173529549     0.042125100342     325.8944     3.6044    191102976
     30      30.00    -1.166037579478    -1.186579219108     0.020541639630     158.9172     3.4109    191102976
     40      40.00    -1.166042096597    -1.183632459803     0.017590363206     136.0851     3.5240    191102976
     50      50.00    -1.166051690423    -1.193726530690     0.027674840267     214.1021     3.6049    191102976
     60      60.00    -1.166054644204    -1.202665951990     0.036611307786     283.2378     3.4328    191102976
     70      70.00    -1.166052132921    -1.204903766985     0.038851634064     300.5697     3.3905    191102976
     80      80.00    -1.166048794316    -1.203624406040     0.037575611724     290.6979     3.8884    191102976
     90      90.00    -1.166048004903    -1.203815558312     0.037767553409     292.1829     3.6375    191102976
    100     100.00    -1.166049792314    -1.206862591607     0.040812799293     315.7419     3.5500    191102976
Fri Dec 18 01:23:08 2015: Ending simulation



Simulation Validation:
  Initial energy  : -1.166063303635
  Final energy    : -1.166049792314
  eFinal/eInitial : 0.999988
  Final atom count : 191102976, no atoms lost


Timings for Rank 0
        Timer        # Calls    Avg/Call (s)   Total (s)    % Loop
___________________________________________________________________
total                      1     178.9771      178.9771      101.45
loop                       1     176.4187      176.4187      100.00
timestep                  10      17.6410      176.4104      100.00
  position               100       0.0105        1.0456        0.59
  velocity               200       0.0090        1.8044        1.02
  redistribute           101       0.3904       39.4351       22.35
    atomHalo             101       0.3533       35.6878       20.23
  force                  101       1.2957      130.8656       74.18
commHalo                 303       0.1131       34.2832       19.43
commReduce                39       0.1341        5.2314        2.97

Timing Statistics Across 384 Ranks:
        Timer        Rank: Min(s)       Rank: Max(s)      Avg(s)    Stdev(s)
_____________________________________________________________________________
total              147:  178.8799     374:  178.9771    178.9589      0.0243
loop                10:  176.4167     254:  176.4188    176.4185      0.0005
timestep           145:  176.3962      49:  176.4153    176.4111      0.0014
  position          88:    0.9258     118:    1.2926      1.0937      0.0626
  velocity         345:    1.5540     164:    2.2613      1.8643      0.1214
  redistribute      67:   38.0049     345:   44.9660     43.1328      1.0312
    atomHalo        67:   34.2576     345:   41.4741     39.4724      1.0900
  force            313:  125.3034     375:  132.8991    126.0836      1.0042
commHalo            67:   32.7106     345:   39.9895     37.9930      1.1272
commReduce          33:    3.9336      43:    7.4849      6.2036      0.5921

---------------------------------------------------
 Average atom update rate:       3.54 us/atom/task
---------------------------------------------------


---------------------------------------------------
 Average all atom update rate:   0.01 us/atom
---------------------------------------------------


---------------------------------------------------
 Average atom rate:            108.33 atoms/us
---------------------------------------------------

Fri Dec 18 01:23:08 2015: CoMD Ending

real 179.22
user 4126.40
sys 159.66
