      creating/filling mesh...0.0651569s, total time: 0.0651579
generating matrix structure...1.47382s, total time: 1.53898
         assembling FE data...3.3209s, total time: 4.85987
      imposing Dirichlet BC...0.527189s, total time: 5.38706
      imposing Dirichlet BC...0.0390539s, total time: 5.42612
making matrix indices local...0.831266s, total time: 6.25738
Starting CG solver ... 
Initial Residual = 328.937
Iteration = 20   Residual = 0.0935226
Iteration = 40   Residual = 0.0434758
Iteration = 60   Residual = 0.028646
Iteration = 80   Residual = 0.020005
Iteration = 100   Residual = 0.0153602
Iteration = 120   Residual = 0.0122445
Iteration = 140   Residual = 0.00998511
Iteration = 160   Residual = 0.00891977
Iteration = 180   Residual = 0.00708324
Iteration = 200   Residual = 0.0329312
Final Resid Norm: 0.0329312
real 58.27
user 1229.02
sys 154.53
