      creating/filling mesh...0.0859911s, total time: 0.0859911
generating matrix structure...1.8778s, total time: 1.96379
         assembling FE data...3.35086s, total time: 5.31465
      imposing Dirichlet BC...0.510008s, total time: 5.82466
      imposing Dirichlet BC...0.0391238s, total time: 5.86378
making matrix indices local...1.54495s, total time: 7.40873
Starting CG solver ... 
Initial Residual = 464.73
Iteration = 20   Residual = 0.0662119
Iteration = 40   Residual = 0.0318145
Iteration = 60   Residual = 0.020377
Iteration = 80   Residual = 0.0146777
Iteration = 100   Residual = 0.011273
Iteration = 120   Residual = 0.00905943
Iteration = 140   Residual = 0.00854794
Iteration = 160   Residual = 0.0256261
Iteration = 180   Residual = 0.0539459
Iteration = 200   Residual = 0.016156
Final Resid Norm: 0.016156
real 60.09
user 1225.56
sys 202.59
