
Clover Version    1.000
       MPI Version
   Task Count    384


Clover Version    1.000
       MPI Version
   Task Count    384

 Output file clover.out opened. All output will go there.
 Step       1 time   0.0000000 control    sound    timestep   1.93E-04       1,       1 x  1.63E-04 y  1.63E-04
 Wall clock    1.4148099422454834     
 Average time per cell    1.4991865605730305E-009
 Step time per cell       1.4991868132104475E-009
 Step       2 time   0.0001926 control    sound    timestep   1.18E-04       1,       1 x  1.63E-04 y  1.63E-04
 Wall clock    2.8925349712371826     
 Average time per cell    1.5325201729865512E-009
 Step time per cell       1.5657095294348741E-009
 Step       3 time   0.0003101 control    sound    timestep   1.49E-04       1,       1 x  1.63E-04 y  1.63E-04
 Wall clock    4.3544261455535889     
 Average time per cell    1.5380386584082669E-009
 Step time per cell       1.5489250573510718E-009
 Step       4 time   0.0004595 control    sound    timestep   1.57E-04       1,       1 x  1.63E-04 y  1.63E-04
 Wall clock    5.7255210876464844     
 Average time per cell    1.5167451137030083E-009
 Step time per cell       1.4527384135160698E-009
 Step       5 time   0.0006169 control    sound    timestep   1.73E-04       1,       1 x  1.63E-04 y  1.63E-04
 Wall clock    7.0741839408874512     
 Average time per cell    1.4992150075462026E-009
 Step time per cell       1.4289664957484800E-009
 Step       6 time   0.0007900 control    sound    timestep   1.73E-04       1,       1 x  1.63E-04 y  1.63E-04
 Wall clock    8.5292689800262451     
 Average time per cell    1.5063231044391783E-009
 Step time per cell       1.5416917954603884E-009
 Step       7 time   0.0009628 control    sound    timestep   1.76E-04       1,       1 x  1.63E-04 y  1.63E-04
 Wall clock    9.9054059982299805     
 Average time per cell    1.4994494117600547E-009
 Step time per cell       1.4581137798409649E-009
 Step       8 time   0.0011389 control    sound    timestep   1.85E-04       1,       1 x  1.63E-04 y  1.63E-04
 Wall clock    11.283437967300415     
 Average time per cell    1.4945451375246598E-009
 Step time per cell       1.4600921834547383E-009
 Step       9 time   0.0013241 control    sound    timestep   1.83E-04       1,       1 x  1.63E-04 y  1.63E-04
 Wall clock    12.679188013076782     
 Average time per cell    1.4928167853033727E-009
 Step time per cell       1.4788659225612518E-009
 Step      10 time   0.0015073 control    sound    timestep   1.82E-04       1,       1 x  1.63E-04 y  1.63E-04
 Wall clock    14.170172929763794     
 Average time per cell    1.5015255535723150E-009
 Step time per cell       1.5797751176352096E-009
 Step      11 time   0.0016892 control    sound    timestep   1.81E-04       1,       1 x  1.63E-04 y  1.63E-04
 Wall clock    15.487208127975464     
 Average time per cell    1.4918942044937697E-009
 Step time per cell       1.3955519130427597E-009
 Step      12 time   0.0018698 control    sound    timestep   1.80E-04       1,       1 x  1.63E-04 y  1.63E-04
 Wall clock    16.851856946945190     
 Average time per cell    1.4880725142642472E-009
 Step time per cell       1.4458805708272849E-009
 Step      13 time   0.0020497 control    sound    timestep   1.80E-04       1,       1 x  1.63E-04 y  1.63E-04
 Wall clock    18.318763971328735     
 Average time per cell    1.4931739066465277E-009
 Step time per cell       1.5542589911395528E-009
 Step      14 time   0.0022300 control    sound    timestep   1.81E-04       1,       1 x  1.63E-04 y  1.63E-04
 Wall clock    19.714523077011108     
 Average time per cell    1.4921614538685562E-009
 Step time per cell       1.4788669331109203E-009
 Step      15 time   0.0024111 control    sound    timestep   1.81E-04       1,       1 x  1.63E-04 y  1.63E-04
 Wall clock    21.036093950271606     
 Average time per cell    1.4860431494728092E-009
 Step time per cell       1.4002502110896683E-009
 Step      16 time   0.0025924 control    sound    timestep   1.81E-04       1,       1 x  1.63E-04 y  1.63E-04
 Wall clock    22.477189064025879     
 Average time per cell    1.4886054107895082E-009
 Step time per cell       1.5268983588612173E-009
 Step      17 time   0.0027738 control    sound    timestep   1.81E-04       1,       1 x  1.63E-04 y  1.63E-04
 Wall clock    23.857854127883911     
 Average time per cell    1.4870995245967137E-009
 Step time per cell       1.4628739740550776E-009
 Step      18 time   0.0029553 control    sound    timestep   1.82E-04       1,       1 x  1.63E-04 y  1.63E-04
 Wall clock    25.305617094039917     
 Average time per cell    1.4897109310738786E-009
 Step time per cell       1.5339840805002800E-009
 Step      19 time   0.0031369 control    sound    timestep   1.82E-04       1,       1 x  1.63E-04 y  1.63E-04
 Wall clock    26.637369155883789     
 Average time per cell    1.4855774748887955E-009
 Step time per cell       1.4110512185854734E-009
 Step      20 time   0.0033184 control    sound    timestep   1.82E-04       1,       1 x  1.63E-04 y  1.63E-04
 Wall clock    28.232952117919922     
 Average time per cell    1.4958356283993150E-009
 Step time per cell       1.6906157422151106E-009
 Step      21 time   0.0035000 control    sound    timestep   1.82E-04       1,       1 x  1.63E-04 y  1.63E-04
 Wall clock    29.581877946853638     
 Average time per cell    1.4926707528560193E-009
 Step time per cell       1.4293446939619672E-009
 Step      22 time   0.0036817 control    sound    timestep   1.82E-04       1,       1 x  1.63E-04 y  1.63E-04
 Wall clock    30.937875986099243     
 Average time per cell    1.4901342288941684E-009
 Step time per cell       1.4367219591804315E-009
 Step      23 time   0.0038634 control    sound    timestep   1.82E-04       1,       1 x  1.63E-04 y  1.63E-04
 Wall clock    32.372316122055054     
 Average time per cell    1.4914321955646319E-009
 Step time per cell       1.5198348693148646E-009
 Step      24 time   0.0040452 control    sound    timestep   1.82E-04       1,       1 x  1.63E-04 y  1.63E-04
 Wall clock    33.761090993881226     
 Average time per cell    1.4906058043851334E-009
 Step time per cell       1.4714684463494148E-009
 Step      25 time   0.0042270 control    sound    timestep   1.82E-04       1,       1 x  1.63E-04 y  1.63E-04
 Wall clock    35.074836015701294     
 Average time per cell    1.4866653449037888E-009
 Step time per cell       1.3919639564442656E-009
 Step      26 time   0.0044089 control    sound    timestep   1.82E-04       1,       1 x  1.63E-04 y  1.63E-04
 Wall clock    36.515561103820801     
 Average time per cell    1.4882031099947417E-009
 Step time per cell       1.5265105604258780E-009
 Step      27 time   0.0045908 control    sound    timestep   1.82E-04       1,       1 x  1.63E-04 y  1.63E-04
 Wall clock    37.931538105010986     
 Average time per cell    1.4886557066886409E-009
 Step time per cell       1.5002802279519125E-009
 Step      28 time   0.0047727 control    sound    timestep   1.82E-04       1,       1 x  1.63E-04 y  1.63E-04
 Wall clock    39.315032005310059     
 Average time per cell    1.4878466774664251E-009
 Step time per cell       1.4658778329451000E-009
 Step      29 time   0.0049547 control    sound    timestep   1.82E-04       1,       1 x  1.63E-04 y  1.63E-04
 Wall clock    40.669307947158813     
 Average time per cell    1.4860258411962433E-009
 Step time per cell       1.4349087804374802E-009
 Step      30 time   0.0051367 control    sound    timestep   1.82E-04       1,       1 x  1.63E-04 y  1.63E-04
 Wall clock    42.205013990402222     
 Average time per cell    1.4907347357856687E-009
 Step time per cell       1.6271557493989045E-009
 Step      31 time   0.0053187 control    sound    timestep   1.82E-04       1,       1 x  1.63E-04 y  1.63E-04
 Wall clock    43.549472093582153     
 Average time per cell    1.4886026175161297E-009
 Step time per cell       1.4246092582147361E-009
 Step      32 time   0.0055007 control    sound    timestep   1.82E-04       1,       1 x  1.63E-04 y  1.63E-04
 Wall clock    44.915163993835449     
 Average time per cell    1.4873068860449874E-009
 Step time per cell       1.4470131443684093E-009
 Step      33 time   0.0056827 control    sound    timestep   1.82E-04       1,       1 x  1.63E-04 y  1.63E-04
 Wall clock    46.323084115982056     
 Average time per cell    1.4874456423615625E-009
 Step time per cell       1.4917575046840486E-009
 Step      34 time   0.0058648 control    sound    timestep   1.82E-04       1,       1 x  1.63E-04 y  1.63E-04
 Wall clock    47.661386966705322     
 Average time per cell    1.4854065566812566E-009
 Step time per cell       1.4179919263470866E-009
 Step      35 time   0.0060468 control    sound    timestep   1.82E-04       1,       1 x  1.63E-04 y  1.63E-04
 Wall clock    49.121314048767090     
 Average time per cell    1.4871662094106247E-009
 Step time per cell       1.5468607570154644E-009
 Step      36 time   0.0062289 control    sound    timestep   1.82E-04       1,       1 x  1.63E-04 y  1.63E-04
 Wall clock    50.487138986587524     
 Average time per cell    1.4860582642080614E-009
 Step time per cell       1.4471541160471841E-009
 Step      37 time   0.0064110 control    sound    timestep   1.82E-04       1,       1 x  1.63E-04 y  1.63E-04
 Wall clock    51.902359008789062     
 Average time per cell    1.4864248272546150E-009
 Step time per cell       1.4994970519587192E-009
 Step      38 time   0.0065932 control    sound    timestep   1.82E-04       1,       1 x  1.63E-04 y  1.63E-04
 Wall clock    53.285536050796509     
 Average time per cell    1.4858785721515775E-009
 Step time per cell       1.4655410672680269E-009
 Step      39 time   0.0067754 control    sound    timestep   1.82E-04       1,       1 x  1.63E-04 y  1.63E-04
 Wall clock    54.681728124618530     
 Average time per cell    1.4857139512580624E-009
 Step time per cell       1.4793194067250522E-009
 Step      40 time   0.0069576 control    sound    timestep   1.82E-04       1,       1 x  1.63E-04 y  1.63E-04
 Wall clock    56.184067964553833     
 Average time per cell    1.4883695169171713E-009
 Step time per cell       1.5917968691307276E-009
 Step      41 time   0.0071398 control    sound    timestep   1.82E-04       1,       1 x  1.63E-04 y  1.63E-04
 Wall clock    57.501306056976318     
 Average time per cell    1.4861116191423700E-009
 Step time per cell       1.3957616020990019E-009
 Step      42 time   0.0073220 control    sound    timestep   1.82E-04       1,       1 x  1.63E-04 y  1.63E-04
 Wall clock    58.920216083526611     
 Average time per cell    1.4865263702636450E-009
 Step time per cell       1.5034051001647539E-009
 Step      43 time   0.0075043 control    sound    timestep   1.82E-04       1,       1 x  1.63E-04 y  1.63E-04
 Wall clock    60.371567010879517     
 Average time per cell    1.4877212635523161E-009
 Step time per cell       1.5377721259331642E-009
 Step      44 time   0.0076865 control    sound    timestep   1.82E-04       1,       1 x  1.63E-04 y  1.63E-04
 Wall clock    61.707271099090576     
 Average time per cell    1.4860767571394028E-009
 Step time per cell       1.4152654633411052E-009
 Step      45 time   0.0078687 control    sound    timestep   1.82E-04       1,       1 x  1.63E-04 y  1.63E-04
 Wall clock    63.105491161346436     
 Average time per cell    1.4859774356735239E-009
 Step time per cell       1.4814769302675914E-009
 Step      46 time   0.0080510 control    sound    timestep   1.82E-04       1,       1 x  1.63E-04 y  1.63E-04
 Wall clock    64.579681158065796     
 Average time per cell    1.4876324464287918E-009
 Step time per cell       1.5619841380814452E-009
 Step      47 time   0.0082333 control    sound    timestep   1.82E-04       1,       1 x  1.63E-04 y  1.63E-04
 Wall clock    66.043823003768921     
 Average time per cell    1.4889904906849810E-009
 Step time per cell       1.5513238496269980E-009
 Step      48 time   0.0084156 control    sound    timestep   1.82E-04       1,       1 x  1.63E-04 y  1.63E-04
 Wall clock    67.421489953994751     
 Average time per cell    1.4883829477538610E-009
 Step time per cell       1.4597033744697304E-009
 Step      49 time   0.0085979 control    sound    timestep   1.82E-04       1,       1 x  1.63E-04 y  1.63E-04
 Wall clock    68.832468986511230     
 Average time per cell    1.4885205851987642E-009
 Step time per cell       1.4950051586816293E-009
 Step      50 time   0.0087802 control    sound    timestep   1.82E-04       1,       1 x  1.63E-04 y  1.63E-04
 Wall clock    70.360964059829712     
 Average time per cell    1.4911432066987295E-009
 Step time per cell       1.6195212992897722E-009
 Step      51 time   0.0089626 control    sound    timestep   1.82E-04       1,       1 x  1.63E-04 y  1.63E-04
 Wall clock    71.706969022750854     
 Average time per cell    1.4898713434495875E-009
 Step time per cell       1.4262506435140190E-009
 Step      52 time   0.0091450 control    sound    timestep   1.82E-04       1,       1 x  1.63E-04 y  1.63E-04
 Wall clock    73.105118036270142     
 Average time per cell    1.4897109715606441E-009
 Step time per cell       1.4813996232179407E-009
 Step      53 time   0.0093274 control    sound    timestep   1.82E-04       1,       1 x  1.63E-04 y  1.63E-04
 Wall clock    74.495519161224365     
 Average time per cell    1.4894017465704264E-009
 Step time per cell       1.4731959810079489E-009
 Step      54 time   0.0095098 control    sound    timestep   1.82E-04       1,       1 x  1.63E-04 y  1.63E-04
 Wall clock    75.923712015151978     
 Average time per cell    1.4898455587464002E-009
 Step time per cell       1.5132332009670791E-009
 Step      55 time   0.0096922 control    sound    timestep   1.82E-04       1,       1 x  1.63E-04 y  1.63E-04
 Wall clock    77.292369127273560     
 Average time per cell    1.4891262078964072E-009
 Step time per cell       1.4501804596673334E-009
 Step      56 time   0.0098746 control    sound    timestep   1.82E-04       1,       1 x  1.63E-04 y  1.63E-04
 Wall clock    78.696615934371948     
 Average time per cell    1.4891059802519318E-009
 Step time per cell       1.4878620883488717E-009
 Step      57 time   0.0100570 control    sound    timestep   1.82E-04       1,       1 x  1.63E-04 y  1.63E-04
 Wall clock    80.052809953689575     
 Average time per cell    1.4881931541712348E-009
 Step time per cell       1.4369339219734280E-009
 Step      58 time   0.0102395 control    sound    timestep   1.82E-04       1,       1 x  1.63E-04 y  1.63E-04
 Wall clock    81.526324987411499     
 Average time per cell    1.4894552155456599E-009
 Step time per cell       1.5612739743018109E-009
 Step      59 time   0.0104219 control    sound    timestep   1.82E-04       1,       1 x  1.63E-04 y  1.63E-04
 Wall clock    82.925882101058960     
 Average time per cell    1.4893462132789583E-009
 Step time per cell       1.4829053422242092E-009
 Step      60 time   0.0106044 control    sound    timestep   1.82E-04       1,       1 x  1.63E-04 y  1.63E-04
 Wall clock    84.415493965148926     
 Average time per cell    1.4908312685427652E-009
 Step time per cell       1.5783161365511155E-009
 Step      61 time   0.0107868 control    sound    timestep   1.82E-04       1,       1 x  1.63E-04 y  1.63E-04
 Wall clock    85.760432958602905     
 Average time per cell    1.4897545041256768E-009
 Step time per cell       1.4251157962361403E-009
 Step      62 time   0.0109693 control    sound    timestep   1.82E-04       1,       1 x  1.63E-04 y  1.63E-04
 Wall clock    87.129297971725464     
 Average time per cell    1.4891213921530778E-009
 Step time per cell       1.4503714535547058E-009
 Step      63 time   0.0111518 control    sound    timestep   1.83E-04       1,       1 x  1.63E-04 y  1.63E-04
 Wall clock    88.553116083145142     
 Average time per cell    1.4894326710094664E-009
 Step time per cell       1.5085940200757856E-009
 Step      64 time   0.0113343 control    sound    timestep   1.83E-04       1,       1 x  1.63E-04 y  1.63E-04
 Wall clock    89.951048135757446     
 Average time per cell    1.4893056309183017E-009
 Step time per cell       1.4811634072328970E-009
 Step      65 time   0.0115168 control    sound    timestep   1.83E-04       1,       1 x  1.63E-04 y  1.63E-04
 Wall clock    91.362638950347900     
 Average time per cell    1.4894051665990437E-009
 Step time per cell       1.4956450892592936E-009
 Step      66 time   0.0116994 control    sound    timestep   1.83E-04       1,       1 x  1.63E-04 y  1.63E-04
 Wall clock    92.756251096725464     
 Average time per cell    1.4892130363144130E-009
 Step time per cell       1.4766088598763518E-009
 Step      67 time   0.0118819 control    sound    timestep   1.83E-04       1,       1 x  1.63E-04 y  1.63E-04
 Wall clock    94.187528133392334     
 Average time per cell    1.4896223301261588E-009
 Step time per cell       1.5165023291451185E-009
 Step      68 time   0.0120645 control    sound    timestep   1.83E-04       1,       1 x  1.63E-04 y  1.63E-04
 Wall clock    95.585910081863403     
 Average time per cell    1.4895069845652019E-009
 Step time per cell       1.4816454394248366E-009
 Step      69 time   0.0122471 control    sound    timestep   1.83E-04       1,       1 x  1.63E-04 y  1.63E-04
 Wall clock    96.945443153381348     
 Average time per cell    1.4887983772625108E-009
 Step time per cell       1.4404933305437832E-009
 Step      70 time   0.0124297 control    sound    timestep   1.83E-04       1,       1 x  1.63E-04 y  1.63E-04
 Wall clock    98.436001062393188     
 Average time per cell    1.4900934289355988E-009
 Step time per cell       1.5793355285293527E-009
 Step      71 time   0.0126123 control    sound    timestep   1.83E-04       1,       1 x  1.63E-04 y  1.63E-04
 Wall clock    99.804404020309448     
 Average time per cell    1.4895289010704507E-009
 Step time per cell       1.4499834024819495E-009
 Step      72 time   0.0127949 control    sound    timestep   1.83E-04       1,       1 x  1.63E-04 y  1.63E-04
 Wall clock    101.16725516319275     
 Average time per cell    1.4888983473835572E-009
 Step time per cell       1.4439976641571977E-009
 Step      73 time   0.0129775 control    sound    timestep   1.83E-04       1,       1 x  1.63E-04 y  1.63E-04
 Wall clock    102.57626605033875     
 Average time per cell    1.4889551050998848E-009
 Step time per cell       1.4929082681192085E-009
 Step      74 time   0.0131601 control    sound    timestep   1.83E-04       1,       1 x  1.63E-04 y  1.63E-04
 Wall clock    103.93866515159607     
 Average time per cell    1.4883428744238213E-009
 Step time per cell       1.4435249795496929E-009
 Step      75 time   0.0133427 control    sound    timestep   1.83E-04       1,       1 x  1.63E-04 y  1.63E-04
 Wall clock    105.33968210220337     
 Average time per cell    1.4882925825077109E-009
 Step time per cell       1.4844449146443770E-009
 Step      76 time   0.0135254 control    sound    timestep   1.83E-04       1,       1 x  1.63E-04 y  1.63E-04
 Wall clock    106.75271606445312     
 Average time per cell    1.4884111625333017E-009
 Step time per cell       1.4971796089311182E-009
 Step      77 time   0.0137080 control    sound    timestep   1.83E-04       1,       1 x  1.63E-04 y  1.63E-04
 Wall clock    108.10340404510498     
 Average time per cell    1.4876686862035229E-009
 Step time per cell       1.4311081031337380E-009
 Step      78 time   0.0138907 control    sound    timestep   1.83E-04       1,       1 x  1.63E-04 y  1.63E-04
 Wall clock    109.56318402290344     
 Average time per cell    1.4884272738794105E-009
 Step time per cell       1.5467061429161631E-009
 Step      79 time   0.0140733 control    sound    timestep   1.83E-04       1,       1 x  1.63E-04 y  1.63E-04
 Wall clock    110.93818998336792     
 Average time per cell    1.4880295709667382E-009
 Step time per cell       1.4568773723213882E-009
 Step      80 time   0.0142560 control    sound    timestep   1.83E-04       1,       1 x  1.63E-04 y  1.63E-04
 Wall clock    112.42727303504944     
 Average time per cell    1.4891528160711054E-009
 Step time per cell       1.5777767556654807E-009
 Step      81 time   0.0144387 control    sound    timestep   1.83E-04       1,       1 x  1.63E-04 y  1.63E-04
 Wall clock    113.78401899337769     
 Average time per cell    1.4885170991970540E-009
 Step time per cell       1.4376301906951185E-009
 Step      82 time   0.0146215 control    sound    timestep   1.83E-04       1,       1 x  1.63E-04 y  1.63E-04
 Wall clock    115.30587100982666     
 Average time per cell    1.4900304568146841E-009
 Step time per cell       1.6124734732632836E-009
 Step      83 time   0.0148042 control    sound    timestep   1.83E-04       1,       1 x  1.63E-04 y  1.63E-04
 Wall clock    116.67582011222839     
 Average time per cell    1.4895680453369211E-009
 Step time per cell       1.4515527861173420E-009
 Step      84 time   0.0149869 control    sound    timestep   1.83E-04       1,       1 x  1.63E-04 y  1.63E-04
 Wall clock    118.04160904884338     
 Average time per cell    1.4890641642480096E-009
 Step time per cell       1.4471043464760038E-009
 Step      85 time   0.0151697 control    sound    timestep   1.83E-04       1,       1 x  1.63E-04 y  1.63E-04
 Wall clock    119.46326613426208     
 Average time per cell    1.4892686100163438E-009
 Step time per cell       1.5063106830995013E-009
 Step      86 time   0.0153524 control    sound    timestep   1.83E-04       1,       1 x  1.63E-04 y  1.63E-04
 Wall clock    120.84378409385681     
 Average time per cell    1.4889614106931958E-009
 Step time per cell       1.4627031911610781E-009
 Step      87 time   0.0155351 control    sound    timestep   1.83E-04       1,       1 x  1.63E-04 y  1.63E-04
 Wall clock    122.34194207191467     
 First step overhead  -6.2777996063232422E-002
real 123.58
user 2917.56
sys 42.57
