
Clover Version    1.000
       MPI Version
   Task Count     24

 Output file clover.out opened. All output will go there.

Clover Version    1.000
       MPI Version
   Task Count     24

 Step       1 time   0.0000000 control    sound    timestep   7.70E-04       1,       1 x  6.51E-04 y  6.51E-04
 Wall clock    1.2965328693389893     
 Average time per cell    2.1981690628712791E-008
 Step time per cell       2.1981690628712791E-008
 Step       2 time   0.0007703 control    sound    timestep   4.70E-04       1,       1 x  6.51E-04 y  6.51E-04
 Wall clock    2.5893478393554688     
 Average time per cell    2.1950173605647351E-008
 Step time per cell       2.1916655694238013E-008
 Step       3 time   0.0012405 control    sound    timestep   5.97E-04       1,       1 x  6.51E-04 y  6.51E-04
 Wall clock    3.8689949512481689     
 Average time per cell    2.1865251053693807E-008
 Step time per cell       2.1692354089787438E-008
 Step       4 time   0.0018380 control    sound    timestep   6.29E-04       1,       1 x  6.51E-04 y  6.51E-04
 Wall clock    5.1494710445404053     
 Average time per cell    2.1826303458914884E-008
 Step time per cell       2.1707326393677956E-008
 Step       5 time   0.0024675 control    sound    timestep   6.93E-04       1,       1 x  6.51E-04 y  6.51E-04
 Wall clock    6.4294619560241699     
 Average time per cell    2.1801289727186991E-008
 Step time per cell       2.1699153067958023E-008
 Step       6 time   0.0031602 control    sound    timestep   6.91E-04       1,       1 x  6.51E-04 y  6.51E-04
 Wall clock    7.7136819362640381     
 Average time per cell    2.1796563992716579E-008
 Step time per cell       2.1770732322086890E-008
 Step       7 time   0.0038513 control    sound    timestep   7.04E-04       1,       1 x  6.51E-04 y  6.51E-04
 Wall clock    8.9939119815826416     
 Average time per cell    2.1783524725977922E-008
 Step time per cell       2.1703001241096192E-008
 Step       8 time   0.0045556 control    sound    timestep   7.41E-04       1,       1 x  6.51E-04 y  6.51E-04
 Wall clock    10.272727966308594     
 Average time per cell    2.1770748490881589E-008
 Step time per cell       2.1679111846929623E-008
 Step       9 time   0.0052964 control    sound    timestep   7.33E-04       1,       1 x  6.51E-04 y  6.51E-04
 Wall clock    11.553172826766968     
 Average time per cell    2.1763879897067164E-008
 Step time per cell       2.1706930258207851E-008
 Step      10 time   0.0060292 control    sound    timestep   7.28E-04       1,       1 x  6.51E-04 y  6.51E-04
 Wall clock    12.886795997619629     
 Average time per cell    2.1848544646571909E-008
 Step time per cell       2.2608219296671450E-008
 Step      11 time   0.0067568 control    sound    timestep   7.22E-04       1,       1 x  6.51E-04 y  6.51E-04
 Wall clock    14.162349939346313     
 Average time per cell    2.1828314177151018E-008
 Step time per cell       2.1625011059869493E-008
 Step      12 time   0.0074792 control    sound    timestep   7.20E-04       1,       1 x  6.51E-04 y  6.51E-04
 Wall clock    15.443717956542969     
 Average time per cell    2.1819669874040067E-008
 Step time per cell       2.1722803972402795E-008
 Step      13 time   0.0081988 control    sound    timestep   7.21E-04       1,       1 x  6.51E-04 y  6.51E-04
 Wall clock    16.724407911300659     
 Average time per cell    2.1811471155020768E-008
 Step time per cell       2.1710968414683721E-008
 Step      14 time   0.0089202 control    sound    timestep   7.24E-04       1,       1 x  6.51E-04 y  6.51E-04
 Wall clock    18.005167007446289     
 Average time per cell    2.1804527412833913E-008
 Step time per cell       2.1712375099822465E-008
 Step      15 time   0.0096444 control    sound    timestep   7.25E-04       1,       1 x  6.51E-04 y  6.51E-04
 Wall clock    19.284631967544556     
 Average time per cell    2.1797046765978275E-008
 Step time per cell       2.1690454256410399E-008
 Step      16 time   0.0103697 control    sound    timestep   7.26E-04       1,       1 x  6.51E-04 y  6.51E-04
 Wall clock    20.563555955886841     
 Average time per cell    2.1789927965680060E-008
 Step time per cell       2.1680959131723891E-008
 Step      17 time   0.0110953 control    sound    timestep   7.26E-04       1,       1 x  6.51E-04 y  6.51E-04
 Wall clock    21.845620870590210     
 Average time per cell    2.1786779137495663E-008
 Step time per cell       2.1734481884373560E-008
 Step      18 time   0.0118213 control    sound    timestep   7.26E-04       1,       1 x  6.51E-04 y  6.51E-04
 Wall clock    23.124614000320435     
 Average time per cell    2.1781086863124928E-008
 Step time per cell       2.1682317310478537E-008
 Step      19 time   0.0125475 control    sound    timestep   7.26E-04       1,       1 x  6.51E-04 y  6.51E-04
 Wall clock    24.405879020690918     
 Average time per cell    2.1778021044538992E-008
 Step time per cell       2.1721005193992622E-008
 Step      20 time   0.0132737 control    sound    timestep   7.26E-04       1,       1 x  6.51E-04 y  6.51E-04
 Wall clock    25.734284877777100     
 Average time per cell    2.1815223590238020E-008
 Step time per cell       2.2519581964135998E-008
 Step      21 time   0.0140001 control    sound    timestep   7.27E-04       1,       1 x  6.51E-04 y  6.51E-04
 Wall clock    27.012065887451172     
 Average time per cell    2.1808011403120068E-008
 Step time per cell       2.1662680309317593E-008
 Step      22 time   0.0147268 control    sound    timestep   7.27E-04       1,       1 x  6.51E-04 y  6.51E-04
 Wall clock    28.294610023498535     
 Average time per cell    2.1805125553245571E-008
 Step time per cell       2.1742740096265656E-008
 Step      23 time   0.0154537 control    sound    timestep   7.27E-04       1,       1 x  6.51E-04 y  6.51E-04
 Wall clock    29.572371006011963     
 Average time per cell    2.1798964795107608E-008
 Step time per cell       2.1661362552549688E-008
 Step      24 time   0.0161807 control    sound    timestep   7.27E-04       1,       1 x  6.51E-04 y  6.51E-04
 Wall clock    30.855483055114746     
 Average time per cell    2.1797097562941618E-008
 Step time per cell       2.1752235220952168E-008
 Step      25 time   0.0169080 control    sound    timestep   7.27E-04       1,       1 x  6.51E-04 y  6.51E-04
 Wall clock    32.133281946182251     
 Average time per cell    2.1791776493450421E-008
 Step time per cell       2.1661698055039677E-008
 Step      26 time   0.0176355 control    sound    timestep   7.28E-04       1,       1 x  6.51E-04 y  6.51E-04
 Wall clock    33.442946910858154     
 Average time per cell    2.1807644125691048E-008
 Step time per cell       2.2202451267124463E-008
 Step      27 time   0.0183631 control    sound    timestep   7.28E-04       1,       1 x  6.51E-04 y  6.51E-04
 Wall clock    34.727153062820435     
 Average time per cell    2.1806349931141061E-008
 Step time per cell       2.1770631267120027E-008
 Step      28 time   0.0190909 control    sound    timestep   7.28E-04       1,       1 x  6.51E-04 y  6.51E-04
 Wall clock    36.008537054061890     
 Average time per cell    2.1803439339569266E-008
 Step time per cell       2.1722905027369658E-008
 Step      29 time   0.0198188 control    sound    timestep   7.28E-04       1,       1 x  6.51E-04 y  6.51E-04
 Wall clock    37.287842988967896     
 Average time per cell    2.1799514588669757E-008
 Step time per cell       2.1687640886132914E-008
 Step      30 time   0.0205468 control    sound    timestep   7.28E-04       1,       1 x  6.51E-04 y  6.51E-04
 Wall clock    38.620043039321899     
 Average time per cell    2.1825744085988307E-008
 Step time per cell       2.2584552223431982E-008
 Step      31 time   0.0212748 control    sound    timestep   7.28E-04       1,       1 x  6.51E-04 y  6.51E-04
 Wall clock    39.895804882049561     
 Average time per cell    2.1819414737414047E-008
 Step time per cell       2.1628535857113700E-008
 Step      32 time   0.0220028 control    sound    timestep   7.28E-04       1,       1 x  6.51E-04 y  6.51E-04
 Wall clock    41.177697896957397     
 Average time per cell    2.1816729385035514E-008
 Step time per cell       2.1731652345301376E-008
 Step      33 time   0.0227308 control    sound    timestep   7.28E-04       1,       1 x  6.51E-04 y  6.51E-04
 Wall clock    42.454314947128296     
 Average time per cell    2.1811496180847525E-008
 Step time per cell       2.1641454724077549E-008
 Step      34 time   0.0234590 control    sound    timestep   7.28E-04       1,       1 x  6.51E-04 y  6.51E-04
 Wall clock    43.735669851303101     
 Average time per cell    2.1808933358437085E-008
 Step time per cell       2.1722666537647858E-008
 Step      35 time   0.0241873 control    sound    timestep   7.28E-04       1,       1 x  6.51E-04 y  6.51E-04
 Wall clock    45.014588832855225     
 Average time per cell    2.1805337007482729E-008
 Step time per cell       2.1680991469313286E-008
 Step      36 time   0.0249157 control    sound    timestep   7.29E-04       1,       1 x  6.51E-04 y  6.51E-04
 Wall clock    46.296360969543457     
 Average time per cell    2.1803284148013013E-008
 Step time per cell       2.1729651456957475E-008
 Step      37 time   0.0256442 control    sound    timestep   7.29E-04       1,       1 x  6.51E-04 y  6.51E-04
 Wall clock    47.580704927444458     
 Average time per cell    2.1802520718706588E-008
 Step time per cell       2.1773088923914152E-008
 Step      38 time   0.0263728 control    sound    timestep   7.29E-04       1,       1 x  6.51E-04 y  6.51E-04
 Wall clock    48.859667062759399     
 Average time per cell    2.1799396297503643E-008
 Step time per cell       2.1681739276068077E-008
 Step      39 time   0.0271016 control    sound    timestep   7.29E-04       1,       1 x  6.51E-04 y  6.51E-04
 Wall clock    50.139101982116699     
 Average time per cell    2.1796637633284739E-008
 Step time per cell       2.1689657943271515E-008
 Step      40 time   0.0278304 control    sound    timestep   7.29E-04       1,       1 x  6.51E-04 y  6.51E-04
 Wall clock    51.470221042633057     
 Average time per cell    2.1815923496938517E-008
 Step time per cell       2.2566123839674724E-008
 Step      41 time   0.0285593 control    sound    timestep   7.29E-04       1,       1 x  6.51E-04 y  6.51E-04
 Wall clock    52.747954845428467     
 Average time per cell    2.1812192858121077E-008
 Step time per cell       2.1662001219940267E-008
 Step      42 time   0.0292882 control    sound    timestep   7.29E-04       1,       1 x  6.51E-04 y  6.51E-04
 Wall clock    54.029176950454712     
 Average time per cell    2.1810047997552260E-008
 Step time per cell       2.1720107825886872E-008
 Step      43 time   0.0300171 control    sound    timestep   7.29E-04       1,       1 x  6.51E-04 y  6.51E-04
 Wall clock    55.307790994644165     
 Average time per cell    2.1806974581398253E-008
 Step time per cell       2.1676059986930342E-008
 Step      44 time   0.0307460 control    sound    timestep   7.29E-04       1,       1 x  6.51E-04 y  6.51E-04
 Wall clock    56.591351032257080     
 Average time per cell    2.1805946670785415E-008
 Step time per cell       2.1759628402327913E-008
 Step      45 time   0.0314750 control    sound    timestep   7.29E-04       1,       1 x  6.51E-04 y  6.51E-04
 Wall clock    57.868870973587036     
 Average time per cell    2.1802688777061570E-008
 Step time per cell       2.1657562885795617E-008
 Step      46 time   0.0322040 control    sound    timestep   7.29E-04       1,       1 x  6.51E-04 y  6.51E-04
 Wall clock    59.150603055953979     
 Average time per cell    2.1801124998803614E-008
 Step time per cell       2.1728875354811962E-008
 Step      47 time   0.0329331 control    sound    timestep   7.29E-04       1,       1 x  6.51E-04 y  6.51E-04
 Wall clock    60.432673931121826     
 Average time per cell    2.1799749976308051E-008
 Step time per cell       2.1734396998201394E-008
 Step      48 time   0.0336623 control    sound    timestep   7.29E-04       1,       1 x  6.51E-04 y  6.51E-04
 Wall clock    61.712389945983887     
 Average time per cell    2.1797600479826710E-008
 Step time per cell       2.1694589425654462E-008
 Step      49 time   0.0343915 control    sound    timestep   7.29E-04       1,       1 x  6.51E-04 y  6.51E-04
 Wall clock    62.992856979370117     
 Average time per cell    2.1795798573524705E-008
 Step time per cell       2.1707306182684584E-008
 Step      50 time   0.0351209 control    sound    timestep   7.29E-04       1,       1 x  6.51E-04 y  6.51E-04
 Wall clock    64.323376893997192     
 Average time per cell    2.1811040884737546E-008
 Step time per cell       2.2556099186961849E-008
 Step      51 time   0.0358503 control    sound    timestep   7.30E-04       1,       1 x  6.51E-04 y  6.51E-04
 Wall clock    65.600765943527222     
 Average time per cell    2.1808022873000340E-008
 Step time per cell       2.1656087483279406E-008
 Step      52 time   0.0365798 control    sound    timestep   7.30E-04       1,       1 x  6.51E-04 y  6.51E-04
 Wall clock    66.882997035980225     
 Average time per cell    2.1806699650423823E-008
 Step time per cell       2.1737246748266947E-008
 Step      53 time   0.0373094 control    sound    timestep   7.30E-04       1,       1 x  6.51E-04 y  6.51E-04
 Wall clock    68.163236856460571     
 Average time per cell    2.1804789371277935E-008
 Step time per cell       2.1703453967347742E-008
 Step      54 time   0.0380391 control    sound    timestep   7.30E-04       1,       1 x  6.51E-04 y  6.51E-04
 Wall clock    69.443243980407715     
 Average time per cell    2.1802876784213255E-008
 Step time per cell       2.1699100519375255E-008
 Step      55 time   0.0387688 control    sound    timestep   7.30E-04       1,       1 x  6.51E-04 y  6.51E-04
 Wall clock    70.721287012100220     
 Average time per cell    2.1800428297902183E-008
 Step time per cell       2.1666140431383003E-008
 Step      56 time   0.0394984 control    sound    timestep   7.30E-04       1,       1 x  6.51E-04 y  6.51E-04
 Wall clock    72.002945899963379     
 Average time per cell    2.1799161971550404E-008
 Step time per cell       2.1727565682441411E-008
 Step      57 time   0.0402281 control    sound    timestep   7.30E-04       1,       1 x  6.51E-04 y  6.51E-04
 Wall clock    73.283879041671753     
 Average time per cell    2.1797724210109824E-008
 Step time per cell       2.1715293567265486E-008
 Step      58 time   0.0409578 control    sound    timestep   7.30E-04       1,       1 x  6.51E-04 y  6.51E-04
 Wall clock    74.564430952072144     
 Average time per cell    2.1796224587414077E-008
 Step time per cell       2.1708866471372958E-008
 Step      59 time   0.0416876 control    sound    timestep   7.30E-04       1,       1 x  6.51E-04 y  6.51E-04
 Wall clock    75.845309019088745     
 Average time per cell    2.1794869523585762E-008
 Step time per cell       2.1714307270788900E-008
 Step      60 time   0.0424174 control    sound    timestep   7.30E-04       1,       1 x  6.51E-04 y  6.51E-04
 Wall clock    77.177572011947632     
 Average time per cell    2.1808079475670606E-008
 Step time per cell       2.2585279819193399E-008
 Step      61 time   0.0431473 control    sound    timestep   7.30E-04       1,       1 x  6.51E-04 y  6.51E-04
 Wall clock    78.455648899078369     
 Average time per cell    2.1805795943763155E-008
 Step time per cell       2.1667939209793176E-008
 Step      62 time   0.0438772 control    sound    timestep   7.30E-04       1,       1 x  6.51E-04 y  6.51E-04
 Wall clock    79.736840963363647     
 Average time per cell    2.1804437934947584E-008
 Step time per cell       2.1719699563820743E-008
 Step      63 time   0.0446072 control    sound    timestep   7.30E-04       1,       1 x  6.51E-04 y  6.51E-04
 Wall clock    81.018553972244263     
 Average time per cell    2.1803263231238917E-008
 Step time per cell       2.1728632822891490E-008
 Step      64 time   0.0453372 control    sound    timestep   7.30E-04       1,       1 x  6.51E-04 y  6.51E-04
 Wall clock    82.300541877746582     
 Average time per cell    2.1802198059756645E-008
 Step time per cell       2.1733176254201681E-008
 Step      65 time   0.0460673 control    sound    timestep   7.30E-04       1,       1 x  6.51E-04 y  6.51E-04
 Wall clock    83.582787036895752     
 Average time per cell    2.1801232763279516E-008
 Step time per cell       2.1737586292955612E-008
 Step      66 time   0.0467975 control    sound    timestep   7.30E-04       1,       1 x  6.51E-04 y  6.51E-04
 Wall clock    84.866080999374390     
 Average time per cell    2.1800566136876986E-008
 Step time per cell       2.1755169857189888E-008
 Step      67 time   0.0475278 control    sound    timestep   7.30E-04       1,       1 x  6.51E-04 y  6.51E-04
 Wall clock    86.142988920211792     
 Average time per cell    2.1798303435270090E-008
 Step time per cell       2.1646454923837964E-008
 Step      68 time   0.0482581 control    sound    timestep   7.30E-04       1,       1 x  6.51E-04 y  6.51E-04
 Wall clock    87.425101041793823     
 Average time per cell    2.1797404829484982E-008
 Step time per cell       2.1735415632267379E-008
 Step      69 time   0.0489885 control    sound    timestep   7.30E-04       1,       1 x  6.51E-04 y  6.51E-04
 Wall clock    88.705405950546265     
 Average time per cell    2.1796088214216065E-008
 Step time per cell       2.1704747470923594E-008
 Step      70 time   0.0497188 control    sound    timestep   7.30E-04       1,       1 x  6.51E-04 y  6.51E-04
 Wall clock    90.038663864135742     
 Average time per cell    2.1807634593209342E-008
 Step time per cell       2.2602451079162873E-008
 Step      71 time   0.0504492 control    sound    timestep   7.30E-04       1,       1 x  6.51E-04 y  6.51E-04
 Wall clock    91.316526889801025     
 Average time per cell    2.1805627883123364E-008
 Step time per cell       2.1664171880628500E-008
 Step      72 time   0.0511795 control    sound    timestep   7.30E-04       1,       1 x  6.51E-04 y  6.51E-04
 Wall clock    92.598340988159180     
 Average time per cell    2.1804607294379147E-008
 Step time per cell       2.1730128436401073E-008
 Step      73 time   0.0519100 control    sound    timestep   7.30E-04       1,       1 x  6.51E-04 y  6.51E-04
 Wall clock    93.950507879257202     
 Average time per cell    2.1819954064601672E-008
 Step time per cell       2.2923191459590777E-008
 Step      74 time   0.0526404 control    sound    timestep   7.30E-04       1,       1 x  6.51E-04 y  6.51E-04
 Wall clock    95.234623908996582     
 Average time per cell    2.1819294859968440E-008
 Step time per cell       2.1769341805742848E-008
 Step      75 time   0.0533709 control    sound    timestep   7.31E-04       1,       1 x  6.51E-04 y  6.51E-04
 Wall clock    96.514838933944702     
 Average time per cell    2.1817771388062586E-008
 Step time per cell       2.1702964861308120E-008
 Step      76 time   0.0541014 control    sound    timestep   7.31E-04       1,       1 x  6.51E-04 y  6.51E-04
 Wall clock    97.798012971878052     
 Average time per cell    2.1816948109203596E-008
 Step time per cell       2.1753318530196947E-008
 Step      77 time   0.0548320 control    sound    timestep   7.31E-04       1,       1 x  6.51E-04 y  6.51E-04
 Wall clock    99.078091859817505     
 Average time per cell    2.1815464710013761E-008
 Step time per cell       2.1700826538209285E-008
 Step      78 time   0.0555626 control    sound    timestep   7.31E-04       1,       1 x  6.51E-04 y  6.51E-04
 Wall clock    100.36041188240051     
 Average time per cell    2.1814506483463932E-008
 Step time per cell       2.1738823205750020E-008
 Step      79 time   0.0562933 control    sound    timestep   7.31E-04       1,       1 x  6.51E-04 y  6.51E-04
 Wall clock    101.64287686347961     
 Average time per cell    2.1813603625393769E-008
 Step time per cell       2.1741313200133543E-008
 Step      80 time   0.0570241 control    sound    timestep   7.31E-04       1,       1 x  6.51E-04 y  6.51E-04
 Wall clock    102.97554898262024     
 Average time per cell    2.1823363618346369E-008
 Step time per cell       2.2592280907297715E-008
 Step      81 time   0.0577549 control    sound    timestep   7.31E-04       1,       1 x  6.51E-04 y  6.51E-04
 Wall clock    104.25432586669922     
 Average time per cell    2.1821601745584374E-008
 Step time per cell       2.1679754556518875E-008
 Step      82 time   0.0584859 control    sound    timestep   7.31E-04       1,       1 x  6.51E-04 y  6.51E-04
 Wall clock    105.53756904602051     
 Average time per cell    2.1820806290545478E-008
 Step time per cell       2.1754628202567498E-008
 Step      83 time   0.0592168 control    sound    timestep   7.31E-04       1,       1 x  6.51E-04 y  6.51E-04
 Wall clock    106.81884694099426     
 Average time per cell    2.1819628559198192E-008
 Step time per cell       2.1721037531582017E-008
 Step      84 time   0.0599477 control    sound    timestep   7.31E-04       1,       1 x  6.51E-04 y  6.51E-04
 Wall clock    108.10368084907532     
 Average time per cell    2.1819196599945252E-008
 Step time per cell       2.1781565414534675E-008
 Step      85 time   0.0606786 control    sound    timestep   7.31E-04       1,       1 x  6.51E-04 y  6.51E-04
 Wall clock    109.38290405273438     
 Average time per cell    2.1817655686069936E-008
 Step time per cell       2.1686096766239240E-008
 Step      86 time   0.0614096 control    sound    timestep   7.31E-04       1,       1 x  6.51E-04 y  6.51E-04
 Wall clock    110.66656303405762     
 Average time per cell    2.1817025085381719E-008
 Step time per cell       2.1761512066910249E-008
 Step      87 time   0.0621405 control    sound    timestep   7.31E-04       1,       1 x  6.51E-04 y  6.51E-04
 Wall clock    112.00000095367432     
 First step overhead   3.8340091705322266E-003
real 112.50
user 2692.25
sys 5.87
