
Clover Version    1.000
       MPI Version
   Task Count    768


Clover Version    1.000
       MPI Version
   Task Count    768

 Output file clover.out opened. All output will go there.
 Step       1 time   0.0000000 control    sound    timestep   9.63E-05       1,       1 x  8.14E-05 y  1.63E-04
 Wall clock    1.4144508838653564     
 Average time per cell    7.4940304431139441E-010
 Step time per cell       7.4940253903656006E-010
 Step       2 time   0.0000963 control    sound    timestep   8.11E-05       1,       1 x  8.14E-05 y  1.63E-04
 Wall clock    2.9342958927154541     
 Average time per cell    7.7732295267196602E-010
 Step time per cell       8.0518778607559706E-010
 Step       3 time   0.0001774 control    sound    timestep   7.40E-05       1,       1 x  8.14E-05 y  1.63E-04
 Wall clock    4.3249888420104980     
 Average time per cell    7.6382051432759643E-010
 Step time per cell       7.3674616234913826E-010
 Step       4 time   0.0002514 control    sound    timestep   7.72E-05       1,       1 x  8.14E-05 y  1.63E-04
 Wall clock    5.7009539604187012     
 Average time per cell    7.5511852375914008E-010
 Step time per cell       7.2895368753557299E-010
 Step       5 time   0.0003286 control    sound    timestep   8.38E-05       1,       1 x  8.14E-05 y  1.63E-04
 Wall clock    7.1404139995574951     
 Average time per cell    7.5662549332062348E-010
 Step time per cell       7.6258238045233557E-010
 Step       6 time   0.0004124 control    sound    timestep   8.71E-05       1,       1 x  8.14E-05 y  1.63E-04
 Wall clock    8.4897129535675049     
 Average time per cell    7.4966862939618292E-010
 Step time per cell       7.1481546607780422E-010
 Step       7 time   0.0004995 control    sound    timestep   8.85E-05       1,       1 x  8.14E-05 y  1.63E-04
 Wall clock    9.9237868785858154     
 Average time per cell    7.5111592599973342E-010
 Step time per cell       7.5973882000350086E-010
 Step       8 time   0.0005881 control    sound    timestep   9.16E-05       1,       1 x  8.14E-05 y  1.63E-04
 Wall clock    11.337435960769653     
 Average time per cell    7.5084871456157185E-010
 Step time per cell       7.4890711706151102E-010
 Step       9 time   0.0006796 control    sound    timestep   9.10E-05       1,       1 x  8.14E-05 y  1.63E-04
 Wall clock    12.711773872375488     
 Average time per cell    7.4832668259558785E-010
 Step time per cell       7.2807994102832806E-010
 Step      10 time   0.0007707 control    sound    timestep   9.10E-05       1,       1 x  8.14E-05 y  1.63E-04
 Wall clock    14.251296043395996     
 Average time per cell    7.5506083400493178E-010
 Step time per cell       8.1561198486370916E-010
 Step      11 time   0.0008617 control    sound    timestep   9.08E-05       1,       1 x  8.14E-05 y  1.63E-04
 Wall clock    15.543848991394043     
 Average time per cell    7.4867523036311574E-010
 Step time per cell       6.8480757262376651E-010
 Step      12 time   0.0009525 control    sound    timestep   9.06E-05       1,       1 x  8.14E-05 y  1.63E-04
 Wall clock    16.947231054306030     
 Average time per cell    7.4824717549509604E-010
 Step time per cell       7.4347604418613220E-010
 Step      13 time   0.0010432 control    sound    timestep   9.06E-05       1,       1 x  8.14E-05 y  1.63E-04
 Wall clock    18.360663890838623     
 Average time per cell    7.4829459764360865E-010
 Step time per cell       7.4880492522627015E-010
 Step      14 time   0.0011337 control    sound    timestep   9.07E-05       1,       1 x  8.14E-05 y  1.63E-04
 Wall clock    19.720397949218750     
 Average time per cell    7.4630305688414307E-010
 Step time per cell       7.2034784655746386E-010
 Step      15 time   0.0012244 control    sound    timestep   9.09E-05       1,       1 x  8.14E-05 y  1.63E-04
 Wall clock    21.145741939544678     
 Average time per cell    7.4689448107771262E-010
 Step time per cell       7.5509963911220737E-010
 Step      16 time   0.0013153 control    sound    timestep   9.09E-05       1,       1 x  8.14E-05 y  1.63E-04
 Wall clock    22.530120849609375     
 Average time per cell    7.4605547221532709E-010
 Step time per cell       7.3340894838717454E-010
 Step      17 time   0.0014062 control    sound    timestep   9.09E-05       1,       1 x  8.14E-05 y  1.63E-04
 Wall clock    23.922633886337280     
 Average time per cell    7.4556867706502283E-010
 Step time per cell       7.3771793217424093E-010
 Step      18 time   0.0014971 control    sound    timestep   9.09E-05       1,       1 x  8.14E-05 y  1.63E-04
 Wall clock    25.326375961303711     
 Average time per cell    7.4546649018345676E-010
 Step time per cell       7.4366779598575608E-010
 Step      19 time   0.0015880 control    sound    timestep   9.09E-05       1,       1 x  8.14E-05 y  1.63E-04
 Wall clock    26.735014915466309     
 Average time per cell    7.4551161033971427E-010
 Step time per cell       7.4626339280964910E-010
 Step      20 time   0.0016789 control    sound    timestep   9.09E-05       1,       1 x  8.14E-05 y  1.63E-04
 Wall clock    28.271371841430664     
 Average time per cell    7.4893558929842480E-010
 Step time per cell       8.1393560928214958E-010
 Step      21 time   0.0017699 control    sound    timestep   9.09E-05       1,       1 x  8.14E-05 y  1.63E-04
 Wall clock    29.654855012893677     
 Average time per cell    7.4817654980285270E-010
 Step time per cell       7.3297984373412975E-010
 Step      22 time   0.0018608 control    sound    timestep   9.09E-05       1,       1 x  8.14E-05 y  1.63E-04
 Wall clock    30.991065025329590     
 Average time per cell    7.4634804931143533E-010
 Step time per cell       7.0789395875989515E-010
 Step      23 time   0.0019517 control    sound    timestep   9.09E-05       1,       1 x  8.14E-05 y  1.63E-04
 Wall clock    32.364841938018799     
 Average time per cell    7.4554392538252192E-010
 Step time per cell       7.2778700794313211E-010
 Step      24 time   0.0020427 control    sound    timestep   9.10E-05       1,       1 x  8.14E-05 y  1.63E-04
 Wall clock    33.787341833114624     
 Average time per cell    7.4588241032129359E-010
 Step time per cell       7.5360933098838556E-010
 Step      25 time   0.0021336 control    sound    timestep   9.10E-05       1,       1 x  8.14E-05 y  1.63E-04
 Wall clock    35.168712854385376     
 Average time per cell    7.4532218200652599E-010
 Step time per cell       7.3181682738423757E-010
 Step      26 time   0.0022246 control    sound    timestep   9.10E-05       1,       1 x  8.14E-05 y  1.63E-04
 Wall clock    36.519492864608765     
 Average time per cell    7.4418167506749331E-010
 Step time per cell       7.1561026339218693E-010
 Step      27 time   0.0023156 control    sound    timestep   9.10E-05       1,       1 x  8.14E-05 y  1.63E-04
 Wall clock    38.099269866943359     
 Average time per cell    7.4761924168589394E-010
 Step time per cell       8.3693496182806687E-010
 Step      28 time   0.0024065 control    sound    timestep   9.10E-05       1,       1 x  8.14E-05 y  1.63E-04
 Wall clock    39.431221008300781     
 Average time per cell    7.4612187976498041E-010
 Step time per cell       7.0562994854602344E-010
 Step      29 time   0.0024975 control    sound    timestep   9.10E-05       1,       1 x  8.14E-05 y  1.63E-04
 Wall clock    40.886489868164062     
 Average time per cell    7.4698075239985493E-010
 Step time per cell       7.7096577418463615E-010
 Step      30 time   0.0025884 control    sound    timestep   9.10E-05       1,       1 x  8.14E-05 y  1.63E-04
 Wall clock    42.386055946350098     
 Average time per cell    7.4856468388504628E-010
 Step time per cell       7.9443086380908630E-010
 Step      31 time   0.0026794 control    sound    timestep   9.10E-05       1,       1 x  8.14E-05 y  1.63E-04
 Wall clock    43.687201976776123     
 Average time per cell    7.4665524159325706E-010
 Step time per cell       6.8935984624355719E-010
 Step      32 time   0.0027704 control    sound    timestep   9.10E-05       1,       1 x  8.14E-05 y  1.63E-04
 Wall clock    45.106633901596069     
 Average time per cell    7.4682358075506270E-010
 Step time per cell       7.5198436712121796E-010
 Step      33 time   0.0028614 control    sound    timestep   9.10E-05       1,       1 x  8.14E-05 y  1.63E-04
 Wall clock    46.572250843048096     
 Average time per cell    7.4772322367414639E-010
 Step time per cell       7.7644762718086387E-010
 Step      34 time   0.0029523 control    sound    timestep   9.10E-05       1,       1 x  8.14E-05 y  1.63E-04
 Wall clock    48.004236936569214     
 Average time per cell    7.4804587982167161E-010
 Step time per cell       7.5863100492925799E-010
 Step      35 time   0.0030433 control    sound    timestep   9.10E-05       1,       1 x  8.14E-05 y  1.63E-04
 Wall clock    49.381379842758179     
 Average time per cell    7.4751989944031397E-010
 Step time per cell       7.2956974387731562E-010
 Step      36 time   0.0031343 control    sound    timestep   9.10E-05       1,       1 x  8.14E-05 y  1.63E-04
 Wall clock    50.735905885696411     
 Average time per cell    7.4669028337644077E-010
 Step time per cell       7.1759586717234924E-010
 Step      37 time   0.0032253 control    sound    timestep   9.10E-05       1,       1 x  8.14E-05 y  1.63E-04
 Wall clock    52.154329061508179     
 Average time per cell    7.4682048221261909E-010
 Step time per cell       7.5143285963955954E-010
 Step      38 time   0.0033163 control    sound    timestep   9.10E-05       1,       1 x  8.14E-05 y  1.63E-04
 Wall clock    53.573081016540527     
 Average time per cell    7.4694841251792304E-010
 Step time per cell       7.5161412698637128E-010
 Step      39 time   0.0034073 control    sound    timestep   9.10E-05       1,       1 x  8.14E-05 y  1.63E-04
 Wall clock    54.944411993026733     
 Average time per cell    7.4642556335887653E-010
 Step time per cell       7.2650007294012335E-010
 Step      40 time   0.0034982 control    sound    timestep   9.10E-05       1,       1 x  8.14E-05 y  1.63E-04
 Wall clock    56.492887020111084     
 Average time per cell    7.4827521403777710E-010
 Step time per cell       8.2035335759024342E-010
 Step      41 time   0.0035892 control    sound    timestep   9.10E-05       1,       1 x  8.14E-05 y  1.63E-04
 Wall clock    57.826545953750610     
 Average time per cell    7.4725869488587693E-010
 Step time per cell       7.0658529693901069E-010
 Step      42 time   0.0036802 control    sound    timestep   9.10E-05       1,       1 x  8.14E-05 y  1.63E-04
 Wall clock    59.192307949066162     
 Average time per cell    7.4669555317240623E-010
 Step time per cell       7.2354522570903004E-010
 Step      43 time   0.0037712 control    sound    timestep   9.10E-05       1,       1 x  8.14E-05 y  1.63E-04
 Wall clock    60.594784975051880     
 Average time per cell    7.4661098370628312E-010
 Step time per cell       7.4299653836836413E-010
 Step      44 time   0.0038622 control    sound    timestep   9.10E-05       1,       1 x  8.14E-05 y  1.63E-04
 Wall clock    62.000220060348511     
 Average time per cell    7.4656587731174158E-010
 Step time per cell       7.4456491145408820E-010
 Step      45 time   0.0039532 control    sound    timestep   9.10E-05       1,       1 x  8.14E-05 y  1.63E-04
 Wall clock    63.437525033950806     
 Average time per cell    7.4689800396614085E-010
 Step time per cell       7.6144854372412532E-010
 Step      46 time   0.0040442 control    sound    timestep   9.10E-05       1,       1 x  8.14E-05 y  1.63E-04
 Wall clock    64.792225837707520     
 Average time per cell    7.4626427154849137E-010
 Step time per cell       7.1768820614832087E-010
 Step      47 time   0.0041352 control    sound    timestep   9.10E-05       1,       1 x  8.14E-05 y  1.63E-04
 Wall clock    66.258890867233276     
 Average time per cell    7.4691965075230519E-010
 Step time per cell       7.7700128208056812E-010
 Step      48 time   0.0042262 control    sound    timestep   9.10E-05       1,       1 x  8.14E-05 y  1.63E-04
 Wall clock    67.631207942962646     
 Average time per cell    7.4650631947608622E-010
 Step time per cell       7.2701671645821384E-010
 Step      49 time   0.0043173 control    sound    timestep   9.10E-05       1,       1 x  8.14E-05 y  1.63E-04
 Wall clock    69.008074045181274     
 Average time per cell    7.4615904582256393E-010
 Step time per cell       7.2942738269274643E-010
 Step      50 time   0.0044083 control    sound    timestep   9.10E-05       1,       1 x  8.14E-05 y  1.63E-04
 Wall clock    70.567081928253174     
 Average time per cell    7.4775570687456312E-010
 Step time per cell       8.2593171807982601E-010
 Step      51 time   0.0044993 control    sound    timestep   9.10E-05       1,       1 x  8.14E-05 y  1.63E-04
 Wall clock    71.826416969299316     
 Average time per cell    7.4617656975061872E-010
 Step time per cell       6.6720695536383167E-010
 Step      52 time   0.0045903 control    sound    timestep   9.10E-05       1,       1 x  8.14E-05 y  1.63E-04
 Wall clock    73.299129962921143     
 Average time per cell    7.4683223996326599E-010
 Step time per cell       7.8020573507981483E-010
 Step      53 time   0.0046813 control    sound    timestep   9.10E-05       1,       1 x  8.14E-05 y  1.63E-04
 Wall clock    74.680711984634399     
 Average time per cell    7.4655216929432128E-010
 Step time per cell       7.3193127213421071E-010
 Step      54 time   0.0047723 control    sound    timestep   9.10E-05       1,       1 x  8.14E-05 y  1.63E-04
 Wall clock    76.063751935958862     
 Average time per cell    7.4629677603724427E-010
 Step time per cell       7.3269524768370000E-010
 Step      55 time   0.0048633 control    sound    timestep   9.10E-05       1,       1 x  8.14E-05 y  1.63E-04
 Wall clock    77.506608009338379     
 Average time per cell    7.4662688293205014E-010
 Step time per cell       7.6438848534760637E-010
 Step      56 time   0.0049544 control    sound    timestep   9.10E-05       1,       1 x  8.14E-05 y  1.63E-04
 Wall clock    78.857152938842773     
 Average time per cell    7.4607183951085307E-010
 Step time per cell       7.1548672369519607E-010
 Step      57 time   0.0050454 control    sound    timestep   9.10E-05       1,       1 x  8.14E-05 y  1.63E-04
 Wall clock    80.264970064163208     
 Average time per cell    7.4606862044160789E-010
 Step time per cell       7.4582531952829512E-010
 Step      58 time   0.0051364 control    sound    timestep   9.10E-05       1,       1 x  8.14E-05 y  1.63E-04
 Wall clock    81.713166952133179     
 Average time per cell    7.4643437389334662E-010
 Step time per cell       7.6721562436432578E-010
 Step      59 time   0.0052275 control    sound    timestep   9.10E-05       1,       1 x  8.14E-05 y  1.63E-04
 Wall clock    83.149210929870605     
 Average time per cell    7.4667859598176495E-010
 Step time per cell       7.6078410731699681E-010
 Step      60 time   0.0053185 control    sound    timestep   9.10E-05       1,       1 x  8.14E-05 y  1.63E-04
 Wall clock    84.613560914993286     
 Average time per cell    7.4716462837319276E-010
 Step time per cell       7.7579607528201042E-010
 Step      61 time   0.0054095 control    sound    timestep   9.10E-05       1,       1 x  8.14E-05 y  1.63E-04
 Wall clock    85.944995880126953     
 Average time per cell    7.4648028410307878E-010
 Step time per cell       7.0540636443183754E-010
 Step      62 time   0.0055006 control    sound    timestep   9.10E-05       1,       1 x  8.14E-05 y  1.63E-04
 Wall clock    87.311065912246704     
 Average time per cell    7.4611398833837738E-010
 Step time per cell       7.2370527151280032E-010
 Step      63 time   0.0055916 control    sound    timestep   9.11E-05       1,       1 x  8.14E-05 y  1.63E-04
 Wall clock    88.739603042602539     
 Average time per cell    7.4628465846398548E-010
 Step time per cell       7.5681163656958642E-010
 Step      64 time   0.0056827 control    sound    timestep   9.10E-05       1,       1 x  8.14E-05 y  1.63E-04
 Wall clock    90.117689847946167     
 Average time per cell    7.4603234602300793E-010
 Step time per cell       7.3007097651295929E-010
 Step      65 time   0.0057737 control    sound    timestep   9.11E-05       1,       1 x  8.14E-05 y  1.63E-04
 Wall clock    91.543236017227173     
 Average time per cell    7.4617464128500110E-010
 Step time per cell       7.5521471545572341E-010
 Step      66 time   0.0058648 control    sound    timestep   9.11E-05       1,       1 x  8.14E-05 y  1.63E-04
 Wall clock    92.956568956375122     
 Average time per cell    7.4621458211230204E-010
 Step time per cell       7.4874403960873473E-010
 Step      67 time   0.0059558 control    sound    timestep   9.11E-05       1,       1 x  8.14E-05 y  1.63E-04
 Wall clock    94.405905961990356     
 Average time per cell    7.4653804173311672E-010
 Step time per cell       7.6782814378222815E-010
 Step      68 time   0.0060469 control    sound    timestep   9.11E-05       1,       1 x  8.14E-05 y  1.63E-04
 Wall clock    95.742712020874023     
 Average time per cell    7.4597520782179326E-010
 Step time per cell       7.0822238740220202E-010
 Step      69 time   0.0061379 control    sound    timestep   9.11E-05       1,       1 x  8.14E-05 y  1.63E-04
 Wall clock    97.127248048782349     
 Average time per cell    7.4579518427812228E-010
 Step time per cell       7.3349219241612845E-010
 Step      70 time   0.0062290 control    sound    timestep   9.11E-05       1,       1 x  8.14E-05 y  1.63E-04
 Wall clock    98.695304870605469     
 Average time per cell    7.4700934448397699E-010
 Step time per cell       8.3072134455303761E-010
 Step      71 time   0.0063200 control    sound    timestep   9.11E-05       1,       1 x  8.14E-05 y  1.63E-04
 Wall clock    100.03776788711548     
 Average time per cell    7.4650586779774623E-010
 Step time per cell       7.1125024684685438E-010
 Step      72 time   0.0064111 control    sound    timestep   9.11E-05       1,       1 x  8.14E-05 y  1.63E-04
 Wall clock    101.42273998260498     
 Average time per cell    7.4632918380370093E-010
 Step time per cell       7.3372676625796074E-010
 Step      73 time   0.0065022 control    sound    timestep   9.11E-05       1,       1 x  8.14E-05 y  1.63E-04
 Wall clock    102.78278398513794     
 Average time per cell    7.4597641746847548E-010
 Step time per cell       7.2050940818573710E-010
 Step      74 time   0.0065932 control    sound    timestep   9.11E-05       1,       1 x  8.14E-05 y  1.63E-04
 Wall clock    104.17529106140137     
 Average time per cell    7.4586561178231285E-010
 Step time per cell       7.3771060568914333E-010
 Step      75 time   0.0066843 control    sound    timestep   9.11E-05       1,       1 x  8.14E-05 y  1.63E-04
 Wall clock    105.68417882919312     
 Average time per cell    7.4657990370286387E-010
 Step time per cell       7.9937826234931380E-010
 Step      76 time   0.0067754 control    sound    timestep   9.11E-05       1,       1 x  8.14E-05 y  1.63E-04
 Wall clock    107.10937404632568     
 Average time per cell    7.4669195229774110E-010
 Step time per cell       7.5503509025212326E-010
 Step      77 time   0.0068665 control    sound    timestep   9.11E-05       1,       1 x  8.14E-05 y  1.63E-04
 Wall clock    108.50339198112488     
 Average time per cell    7.4658656692177962E-010
 Step time per cell       7.3852435080981291E-010
 Step      78 time   0.0069576 control    sound    timestep   9.11E-05       1,       1 x  8.14E-05 y  1.63E-04
 Wall clock    109.86363983154297     
 Average time per cell    7.4625449867698858E-010
 Step time per cell       7.2064406392908288E-010
 Step      79 time   0.0070486 control    sound    timestep   9.11E-05       1,       1 x  8.14E-05 y  1.63E-04
 Wall clock    111.27235198020935     
 Average time per cell    7.4625586645317720E-010
 Step time per cell       7.4629724622354843E-010
 Step      80 time   0.0071397 control    sound    timestep   9.11E-05       1,       1 x  8.14E-05 y  1.63E-04
 Wall clock    112.80035090446472     
 Average time per cell    7.4704720513333694E-010
 Step time per cell       8.0949778041233204E-010
 Step      81 time   0.0072308 control    sound    timestep   9.11E-05       1,       1 x  8.14E-05 y  1.63E-04
 Wall clock    114.11318087577820     
 Average time per cell    7.4641158960665666E-010
 Step time per cell       6.9554908400783056E-010
 Step      82 time   0.0073219 control    sound    timestep   9.11E-05       1,       1 x  8.14E-05 y  1.63E-04
 Wall clock    115.56240200996399     
 Average time per cell    7.4667272858480123E-010
 Step time per cell       7.6775715266800641E-010
 Step      83 time   0.0074130 control    sound    timestep   9.11E-05       1,       1 x  8.14E-05 y  1.63E-04
 Wall clock    116.88580203056335     
 Average time per cell    7.4612441331388065E-010
 Step time per cell       7.0109788591960551E-010
 Step      84 time   0.0075041 control    sound    timestep   9.11E-05       1,       1 x  8.14E-05 y  1.63E-04
 Wall clock    118.33533406257629     
 Average time per cell    7.4638471441026900E-010
 Step time per cell       7.6792667237492023E-010
 Step      85 time   0.0075952 control    sound    timestep   9.11E-05       1,       1 x  8.14E-05 y  1.63E-04
 Wall clock    119.71219491958618     
 Average time per cell    7.4618591931652352E-010
 Step time per cell       7.2942144571344315E-010
 Step      86 time   0.0076863 control    sound    timestep   9.11E-05       1,       1 x  8.14E-05 y  1.63E-04
 Wall clock    121.14413690567017     
 Average time per cell    7.4633108494922581E-010
 Step time per cell       7.5860978338621664E-010
 Step      87 time   0.0077774 control    sound    timestep   9.11E-05       1,       1 x  8.14E-05 y  1.63E-04
 Wall clock    122.67183089256287     
 First step overhead -0.10529112815856934     
real 124.06
user 2924.83
sys 46.71
