
Clover Version    1.000
       MPI Version
   Task Count    768


Clover Version    1.000
       MPI Version
   Task Count    768

 Output file clover.out opened. All output will go there.
 Step       1 time   0.0000000 control    sound    timestep   9.63E-05       1,       1 x  8.14E-05 y  1.63E-04
 Wall clock    1.4181659221649170     
 Average time per cell    7.5137134242848134E-010
 Step time per cell       7.5137134242848134E-010
 Step       2 time   0.0000963 control    sound    timestep   8.11E-05       1,       1 x  8.14E-05 y  1.63E-04
 Wall clock    2.9733898639678955     
 Average time per cell    7.8767931831357093E-010
 Step time per cell       8.2392261901986787E-010
 Step       3 time   0.0001774 control    sound    timestep   7.40E-05       1,       1 x  8.14E-05 y  1.63E-04
 Wall clock    4.3915638923645020     
 Average time per cell    7.7557809129723829E-010
 Step time per cell       7.5130249873230544E-010
 Step       4 time   0.0002514 control    sound    timestep   7.72E-05       1,       1 x  8.14E-05 y  1.63E-04
 Wall clock    5.8199169635772705     
 Average time per cell    7.7087574052509609E-010
 Step time per cell       7.5672258188003777E-010
 Step       5 time   0.0003286 control    sound    timestep   8.38E-05       1,       1 x  8.14E-05 y  1.63E-04
 Wall clock    7.2068459987640381     
 Average time per cell    7.6366488125737910E-010
 Step time per cell       7.3476851664761654E-010
 Step       6 time   0.0004124 control    sound    timestep   8.71E-05       1,       1 x  8.14E-05 y  1.63E-04
 Wall clock    8.6108160018920898     
 Average time per cell    7.6036241336152194E-010
 Step time per cell       7.4380194645426751E-010
 Step       7 time   0.0004995 control    sound    timestep   8.85E-05       1,       1 x  8.14E-05 y  1.63E-04
 Wall clock    10.021958827972412     
 Average time per cell    7.5854640748556922E-010
 Step time per cell       7.4761386612307327E-010
 Step       8 time   0.0005881 control    sound    timestep   9.16E-05       1,       1 x  8.14E-05 y  1.63E-04
 Wall clock    11.391481876373291     
 Average time per cell    7.5442803411836700E-010
 Step time per cell       7.2552893470856358E-010
 Step       9 time   0.0006796 control    sound    timestep   9.10E-05       1,       1 x  8.14E-05 y  1.63E-04
 Wall clock    12.764630794525146     
 Average time per cell    7.5143830537944051E-010
 Step time per cell       7.2745845298211661E-010
 Step      10 time   0.0007707 control    sound    timestep   9.10E-05       1,       1 x  8.14E-05 y  1.63E-04
 Wall clock    14.286996841430664     
 Average time per cell    7.5695233034720234E-010
 Step time per cell       8.0651969053886008E-010
 Step      11 time   0.0008617 control    sound    timestep   9.08E-05       1,       1 x  8.14E-05 y  1.63E-04
 Wall clock    15.631227970123291     
 Average time per cell    7.5288387116149420E-010
 Step time per cell       7.1218336314713167E-010
 Step      12 time   0.0009525 control    sound    timestep   9.06E-05       1,       1 x  8.14E-05 y  1.63E-04
 Wall clock    17.323657989501953     
 Average time per cell    7.6486702272194196E-010
 Step time per cell       8.9661650943324078E-010
 Step      13 time   0.0010432 control    sound    timestep   9.06E-05       1,       1 x  8.14E-05 y  1.63E-04
 Wall clock    18.754823923110962     
 Average time per cell    7.6435871299967648E-010
 Step time per cell       7.5819381587886408E-010
 Step      14 time   0.0011337 control    sound    timestep   9.07E-05       1,       1 x  8.14E-05 y  1.63E-04
 Wall clock    20.161753892898560     
 Average time per cell    7.6300582783178908E-010
 Step time per cell       7.4535692975688208E-010
 Step      15 time   0.0012244 control    sound    timestep   9.09E-05       1,       1 x  8.14E-05 y  1.63E-04
 Wall clock    21.596040964126587     
 Average time per cell    7.6279961494610353E-010
 Step time per cell       7.5985642272118844E-010
 Step      16 time   0.0013153 control    sound    timestep   9.09E-05       1,       1 x  8.14E-05 y  1.63E-04
 Wall clock    22.990849971771240     
 Average time per cell    7.6131191425095795E-010
 Step time per cell       7.3894347628488002E-010
 Step      17 time   0.0014062 control    sound    timestep   9.09E-05       1,       1 x  8.14E-05 y  1.63E-04
 Wall clock    24.393218994140625     
 Average time per cell    7.6023485128055600E-010
 Step time per cell       7.4293780016887465E-010
 Step      18 time   0.0014971 control    sound    timestep   9.09E-05       1,       1 x  8.14E-05 y  1.63E-04
 Wall clock    25.817778825759888     
 Average time per cell    7.5993063496247890E-010
 Step time per cell       7.5469756666279867E-010
 Step      19 time   0.0015880 control    sound    timestep   9.09E-05       1,       1 x  8.14E-05 y  1.63E-04
 Wall clock    27.208691835403442     
 Average time per cell    7.5872019258586819E-010
 Step time per cell       7.3687336528867792E-010
 Step      20 time   0.0016789 control    sound    timestep   9.09E-05       1,       1 x  8.14E-05 y  1.63E-04
 Wall clock    29.079980850219727     
 Average time per cell    7.7035641273444833E-010
 Step time per cell       9.9138787845731715E-010
 Step      21 time   0.0017699 control    sound    timestep   9.09E-05       1,       1 x  8.14E-05 y  1.63E-04
 Wall clock    30.503144979476929     
 Average time per cell    7.6957846392971952E-010
 Step time per cell       7.5400407695269677E-010
 Step      22 time   0.0018608 control    sound    timestep   9.09E-05       1,       1 x  8.14E-05 y  1.63E-04
 Wall clock    31.941765785217285     
 Average time per cell    7.6924347601074853E-010
 Step time per cell       7.6215479162379373E-010
 Step      23 time   0.0019517 control    sound    timestep   9.09E-05       1,       1 x  8.14E-05 y  1.63E-04
 Wall clock    33.355792999267578     
 Average time per cell    7.6837108905229194E-010
 Step time per cell       7.4912602738347942E-010
 Step      24 time   0.0020427 control    sound    timestep   9.10E-05       1,       1 x  8.14E-05 y  1.63E-04
 Wall clock    34.757883787155151     
 Average time per cell    7.6730789491766362E-010
 Step time per cell       7.4280466025003182E-010
 Step      25 time   0.0021336 control    sound    timestep   9.10E-05       1,       1 x  8.14E-05 y  1.63E-04
 Wall clock    36.161936998367310     
 Average time per cell    7.6637134548541833E-010
 Step time per cell       7.4383630514300119E-010
 Step      26 time   0.0022246 control    sound    timestep   9.10E-05       1,       1 x  8.14E-05 y  1.63E-04
 Wall clock    37.549410820007324     
 Average time per cell    7.6516898921427210E-010
 Step time per cell       7.3506827094307583E-010
 Step      27 time   0.0023156 control    sound    timestep   9.10E-05       1,       1 x  8.14E-05 y  1.63E-04
 Wall clock    38.944345951080322     
 Average time per cell    7.6420210911080317E-010
 Step time per cell       7.3899375113089466E-010
 Step      28 time   0.0024065 control    sound    timestep   9.10E-05       1,       1 x  8.14E-05 y  1.63E-04
 Wall clock    40.389135837554932     
 Average time per cell    7.6424764901030497E-010
 Step time per cell       7.6541684595415267E-010
 Step      29 time   0.0024975 control    sound    timestep   9.10E-05       1,       1 x  8.14E-05 y  1.63E-04
 Wall clock    41.782568931579590     
 Average time per cell    7.6335177899465867E-010
 Step time per cell       7.3822068063438765E-010
 Step      30 time   0.0025884 control    sound    timestep   9.10E-05       1,       1 x  8.14E-05 y  1.63E-04
 Wall clock    43.274616003036499     
 Average time per cell    7.6425721915627405E-010
 Step time per cell       7.9045826674296726E-010
 Step      31 time   0.0026794 control    sound    timestep   9.10E-05       1,       1 x  8.14E-05 y  1.63E-04
 Wall clock    44.619493961334229     
 Average time per cell    7.6258898569835517E-010
 Step time per cell       7.1252720267188525E-010
 Step      32 time   0.0027704 control    sound    timestep   9.10E-05       1,       1 x  8.14E-05 y  1.63E-04
 Wall clock    46.036224842071533     
 Average time per cell    7.6221467458657972E-010
 Step time per cell       7.5055380774655433E-010
 Step      33 time   0.0028614 control    sound    timestep   9.10E-05       1,       1 x  8.14E-05 y  1.63E-04
 Wall clock    47.458203792572021     
 Average time per cell    7.6194730740319235E-010
 Step time per cell       7.5333484043464223E-010
 Step      34 time   0.0029523 control    sound    timestep   9.10E-05       1,       1 x  8.14E-05 y  1.63E-04
 Wall clock    48.859730005264282     
 Average time per cell    7.6137695445366591E-010
 Step time per cell       7.4249960056881214E-010
 Step      35 time   0.0030433 control    sound    timestep   9.10E-05       1,       1 x  8.14E-05 y  1.63E-04
 Wall clock    50.284817934036255     
 Average time per cell    7.6119586299769466E-010
 Step time per cell       7.5497306776621070E-010
 Step      36 time   0.0031343 control    sound    timestep   9.10E-05       1,       1 x  8.14E-05 y  1.63E-04
 Wall clock    51.677630901336670     
 Average time per cell    7.6054983523652394E-010
 Step time per cell       7.3788593605665179E-010
 Step      37 time   0.0032253 control    sound    timestep   9.10E-05       1,       1 x  8.14E-05 y  1.63E-04
 Wall clock    53.076357841491699     
 Average time per cell    7.6002341263991148E-010
 Step time per cell       7.4102609283323146E-010
 Step      38 time   0.0033163 control    sound    timestep   9.10E-05       1,       1 x  8.14E-05 y  1.63E-04
 Wall clock    54.466981887817383     
 Average time per cell    7.5941172103181060E-010
 Step time per cell       7.3672342498159396E-010
 Step      39 time   0.0034073 control    sound    timestep   9.10E-05       1,       1 x  8.14E-05 y  1.63E-04
 Wall clock    55.884377002716064     
 Average time per cell    7.5919508598083194E-010
 Step time per cell       7.5090408952544543E-010
 Step      40 time   0.0034982 control    sound    timestep   9.10E-05       1,       1 x  8.14E-05 y  1.63E-04
 Wall clock    57.356854915618896     
 Average time per cell    7.5971888059535158E-010
 Step time per cell       7.8009659571560207E-010
 Step      41 time   0.0035892 control    sound    timestep   9.10E-05       1,       1 x  8.14E-05 y  1.63E-04
 Wall clock    58.720501899719238     
 Average time per cell    7.5881076569439908E-010
 Step time per cell       7.2247075877385215E-010
 Step      42 time   0.0036802 control    sound    timestep   9.10E-05       1,       1 x  8.14E-05 y  1.63E-04
 Wall clock    60.091003894805908     
 Average time per cell    7.5803236853894616E-010
 Step time per cell       7.2606781031936412E-010
 Step      43 time   0.0037712 control    sound    timestep   9.10E-05       1,       1 x  8.14E-05 y  1.63E-04
 Wall clock    61.538941860198975     
 Average time per cell    7.5824429342234133E-010
 Step time per cell       7.6707149471783645E-010
 Step      44 time   0.0038622 control    sound    timestep   9.10E-05       1,       1 x  8.14E-05 y  1.63E-04
 Wall clock    62.973592996597290     
 Average time per cell    7.5828659409943606E-010
 Step time per cell       7.6004564814664066E-010
 Step      45 time   0.0039532 control    sound    timestep   9.10E-05       1,       1 x  8.14E-05 y  1.63E-04
 Wall clock    64.387030839920044     
 Average time per cell    7.5807725458875165E-010
 Step time per cell       7.4881073588686478E-010
 Step      46 time   0.0040442 control    sound    timestep   9.10E-05       1,       1 x  8.14E-05 y  1.63E-04
 Wall clock    65.798993825912476     
 Average time per cell    7.5786002967567803E-010
 Step time per cell       7.4801972813373951E-010
 Step      47 time   0.0041352 control    sound    timestep   9.10E-05       1,       1 x  8.14E-05 y  1.63E-04
 Wall clock    67.196666955947876     
 Average time per cell    7.5749096245853471E-010
 Step time per cell       7.4046561672326386E-010
 Step      48 time   0.0042262 control    sound    timestep   9.10E-05       1,       1 x  8.14E-05 y  1.63E-04
 Wall clock    68.605372905731201     
 Average time per cell    7.5725905217209568E-010
 Step time per cell       7.4630949913828070E-010
 Step      49 time   0.0043173 control    sound    timestep   9.10E-05       1,       1 x  8.14E-05 y  1.63E-04
 Wall clock    70.029771804809570     
 Average time per cell    7.5720628972831576E-010
 Step time per cell       7.5461697532672486E-010
 Step      50 time   0.0044083 control    sound    timestep   9.10E-05       1,       1 x  8.14E-05 y  1.63E-04
 Wall clock    71.493868827819824     
 Average time per cell    7.5757629424010197E-010
 Step time per cell       7.7563805057757744E-010
 Step      51 time   0.0044993 control    sound    timestep   9.10E-05       1,       1 x  8.14E-05 y  1.63E-04
 Wall clock    72.833855867385864     
 Average time per cell    7.5664245866623701E-010
 Step time per cell       7.0993526909054103E-010
 Step      52 time   0.0045903 control    sound    timestep   9.10E-05       1,       1 x  8.14E-05 y  1.63E-04
 Wall clock    74.258224964141846     
 Average time per cell    7.5660429412627679E-010
 Step time per cell       7.5460017493848383E-010
 Step      53 time   0.0046813 control    sound    timestep   9.10E-05       1,       1 x  8.14E-05 y  1.63E-04
 Wall clock    75.659086942672729     
 Average time per cell    7.5633257882572802E-010
 Step time per cell       7.4214148702998909E-010
 Step      54 time   0.0047723 control    sound    timestep   9.10E-05       1,       1 x  8.14E-05 y  1.63E-04
 Wall clock    77.062663793563843     
 Average time per cell    7.5609756392769208E-010
 Step time per cell       7.4357773074653883E-010
 Step      55 time   0.0048633 control    sound    timestep   9.10E-05       1,       1 x  8.14E-05 y  1.63E-04
 Wall clock    78.486944913864136     
 Average time per cell    7.5607054078327654E-010
 Step time per cell       7.5455507915952084E-010
 Step      56 time   0.0049544 control    sound    timestep   9.10E-05       1,       1 x  8.14E-05 y  1.63E-04
 Wall clock    80.073531866073608     
 Average time per cell    7.5758006710924425E-010
 Step time per cell       8.4055525601595739E-010
 Step      57 time   0.0050454 control    sound    timestep   9.10E-05       1,       1 x  8.14E-05 y  1.63E-04
 Wall clock    81.470675945281982     
 Average time per cell    7.5727574258549615E-010
 Step time per cell       7.4016737825230742E-010
 Step      58 time   0.0051364 control    sound    timestep   9.10E-05       1,       1 x  8.14E-05 y  1.63E-04
 Wall clock    82.876558780670166     
 Average time per cell    7.5706173890093884E-010
 Step time per cell       7.4480049584558909E-010
 Step      59 time   0.0052275 control    sound    timestep   9.10E-05       1,       1 x  8.14E-05 y  1.63E-04
 Wall clock    84.268375873565674     
 Average time per cell    7.5672867943397059E-010
 Step time per cell       7.3734541830263977E-010
 Step      60 time   0.0053185 control    sound    timestep   9.10E-05       1,       1 x  8.14E-05 y  1.63E-04
 Wall clock    85.837990999221802     
 Average time per cell    7.5797673507285831E-010
 Step time per cell       8.3155050055615400E-010
 Step      61 time   0.0054095 control    sound    timestep   9.10E-05       1,       1 x  8.14E-05 y  1.63E-04
 Wall clock    87.167410850524902     
 Average time per cell    7.5709764076299702E-010
 Step time per cell       7.0433669760758579E-010
 Step      62 time   0.0055006 control    sound    timestep   9.10E-05       1,       1 x  8.14E-05 y  1.63E-04
 Wall clock    88.572354793548584     
 Average time per cell    7.5689229310241298E-010
 Step time per cell       7.4430141062799116E-010
 Step      63 time   0.0055916 control    sound    timestep   9.11E-05       1,       1 x  8.14E-05 y  1.63E-04
 Wall clock    89.998639822006226     
 Average time per cell    7.5687293923936592E-010
 Step time per cell       7.5560516658394283E-010
 Step      64 time   0.0056827 control    sound    timestep   9.10E-05       1,       1 x  8.14E-05 y  1.63E-04
 Wall clock    91.375307798385620     
 Average time per cell    7.5644343924510499E-010
 Step time per cell       7.2931761173499078E-010
 Step      65 time   0.0057737 control    sound    timestep   9.11E-05       1,       1 x  8.14E-05 y  1.63E-04
 Wall clock    92.819774866104126     
 Average time per cell    7.5657978926849470E-010
 Step time per cell       7.6523886289376401E-010
 Step      66 time   0.0058648 control    sound    timestep   9.11E-05       1,       1 x  8.14E-05 y  1.63E-04
 Wall clock    94.192147016525269     
 Average time per cell    7.5613326108435809E-010
 Step time per cell       7.2704109596896973E-010
 Step      67 time   0.0059558 control    sound    timestep   9.11E-05       1,       1 x  8.14E-05 y  1.63E-04
 Wall clock    95.610150814056396     
 Average time per cell    7.5606090563095938E-010
 Step time per cell       7.5122405481427757E-010
 Step      68 time   0.0060469 control    sound    timestep   9.11E-05       1,       1 x  8.14E-05 y  1.63E-04
 Wall clock    97.149534940719604     
 Average time per cell    7.5693640787398588E-010
 Step time per cell       8.1554314116753326E-010
 Step      69 time   0.0061379 control    sound    timestep   9.11E-05       1,       1 x  8.14E-05 y  1.63E-04
 Wall clock    98.519647836685181     
 Average time per cell    7.5648677780382634E-010
 Step time per cell       7.2586367928629944E-010
 Step      70 time   0.0062290 control    sound    timestep   9.11E-05       1,       1 x  8.14E-05 y  1.63E-04
 Wall clock    100.01124882698059     
 Average time per cell    7.5696951871433401E-010
 Step time per cell       7.9023253521073563E-010
 Step      71 time   0.0063200 control    sound    timestep   9.11E-05       1,       1 x  8.14E-05 y  1.63E-04
 Wall clock    101.38250398635864     
 Average time per cell    7.5654061177421358E-010
 Step time per cell       7.2650272563300355E-010
 Step      72 time   0.0064111 control    sound    timestep   9.11E-05       1,       1 x  8.14E-05 y  1.63E-04
 Wall clock    102.79698991775513     
 Average time per cell    7.5644173679348225E-010
 Step time per cell       7.4936173809368885E-010
 Step      73 time   0.0065022 control    sound    timestep   9.11E-05       1,       1 x  8.14E-05 y  1.63E-04
 Wall clock    104.17632889747620     
 Average time per cell    7.5609048133191236E-010
 Step time per cell       7.3075979243084369E-010
 Step      74 time   0.0065932 control    sound    timestep   9.11E-05       1,       1 x  8.14E-05 y  1.63E-04
 Wall clock    105.61281585693359     
 Average time per cell    7.5615788262838063E-010
 Step time per cell       7.6101615478465744E-010
 Step      75 time   0.0066843 control    sound    timestep   9.11E-05       1,       1 x  8.14E-05 y  1.63E-04
 Wall clock    106.98213195800781     
 Average time per cell    7.5574897453878765E-010
 Step time per cell       7.2543672205130049E-010
 Step      76 time   0.0067754 control    sound    timestep   9.11E-05       1,       1 x  8.14E-05 y  1.63E-04
 Wall clock    108.42411589622498     
 Average time per cell    7.5585741673453496E-010
 Step time per cell       7.6393386431542845E-010
 Step      77 time   0.0068665 control    sound    timestep   9.11E-05       1,       1 x  8.14E-05 y  1.63E-04
 Wall clock    109.75167679786682     
 Average time per cell    7.5517572398734001E-010
 Step time per cell       7.0333259019308675E-010
 Step      78 time   0.0069576 control    sound    timestep   9.11E-05       1,       1 x  8.14E-05 y  1.63E-04
 Wall clock    111.17001891136169     
 Average time per cell    7.5512814665358085E-010
 Step time per cell       7.5140001677532892E-010
 Step      79 time   0.0070486 control    sound    timestep   9.11E-05       1,       1 x  8.14E-05 y  1.63E-04
 Wall clock    112.60254693031311     
 Average time per cell    7.5517691258346720E-010
 Step time per cell       7.5891597993581345E-010
 Step      80 time   0.0071397 control    sound    timestep   9.11E-05       1,       1 x  8.14E-05 y  1.63E-04
 Wall clock    114.12303590774536     
 Average time per cell    7.5580700177447899E-010
 Step time per cell       8.0552581493975590E-010
 Step      81 time   0.0072308 control    sound    timestep   9.11E-05       1,       1 x  8.14E-05 y  1.63E-04
 Wall clock    115.50537180900574     
 Average time per cell    7.5551787723733396E-010
 Step time per cell       7.3237364025165637E-010
 Step      82 time   0.0073219 control    sound    timestep   9.11E-05       1,       1 x  8.14E-05 y  1.63E-04
 Wall clock    116.85768580436707     
 Average time per cell    7.5504182673642351E-010
 Step time per cell       7.1641971367676483E-010
 Step      83 time   0.0074130 control    sound    timestep   9.11E-05       1,       1 x  8.14E-05 y  1.63E-04
 Wall clock    118.29844999313354     
 Average time per cell    7.5514185695529174E-010
 Step time per cell       7.6328016499852915E-010
 Step      84 time   0.0075041 control    sound    timestep   9.11E-05       1,       1 x  8.14E-05 y  1.63E-04
 Wall clock    119.67059397697449     
 Average time per cell    7.5480669249286402E-010
 Step time per cell       7.2693397770409418E-010
 Step      85 time   0.0075952 control    sound    timestep   9.11E-05       1,       1 x  8.14E-05 y  1.63E-04
 Wall clock    121.11583781242371     
 Average time per cell    7.5493505772374784E-010
 Step time per cell       7.6566051474300268E-010
 Step      86 time   0.0076863 control    sound    timestep   9.11E-05       1,       1 x  8.14E-05 y  1.63E-04
 Wall clock    122.60495686531067     
 Average time per cell    7.5533073918955377E-010
 Step time per cell       7.8892488393951987E-010
 Step      87 time   0.0077774 control    sound    timestep   9.11E-05       1,       1 x  8.14E-05 y  1.63E-04
 Wall clock    124.07711791992188     
 First step overhead -0.13693594932556152     
real 125.36
user 2952.70
sys 49.24
