
Clover Version    1.000
       MPI Version
   Task Count    768


Clover Version    1.000
       MPI Version
   Task Count    768

 Output file clover.out opened. All output will go there.
 Step       1 time   0.0000000 control    sound    timestep   9.63E-05       1,       1 x  8.14E-05 y  1.63E-04
 Wall clock    1.3857409954071045     
 Average time per cell    7.3419199806165934E-010
 Step time per cell       7.3419199806165934E-010
 Step       2 time   0.0000963 control    sound    timestep   8.11E-05       1,       1 x  8.14E-05 y  1.63E-04
 Wall clock    2.9274859428405762     
 Average time per cell    7.7551893203538689E-010
 Step time per cell       8.1677651703810420E-010
 Step       3 time   0.0001774 control    sound    timestep   7.40E-05       1,       1 x  8.14E-05 y  1.63E-04
 Wall clock    4.3602290153503418     
 Average time per cell    7.7004415288683960E-010
 Step time per cell       7.5902524561873485E-010
 Step       4 time   0.0002514 control    sound    timestep   7.72E-05       1,       1 x  8.14E-05 y  1.63E-04
 Wall clock    5.7379038333892822     
 Average time per cell    7.6001271054337848E-010
 Step time per cell       7.2985118196003083E-010
 Step       5 time   0.0003286 control    sound    timestep   8.38E-05       1,       1 x  8.14E-05 y  1.63E-04
 Wall clock    7.1140909194946289     
 Average time per cell    7.5383619938899454E-010
 Step time per cell       7.2906118475657426E-010
 Step       6 time   0.0004124 control    sound    timestep   8.71E-05       1,       1 x  8.14E-05 y  1.63E-04
 Wall clock    8.5748698711395264     
 Average time per cell    7.5718825579921636E-010
 Step time per cell       7.7387805201093823E-010
 Step       7 time   0.0004995 control    sound    timestep   8.85E-05       1,       1 x  8.14E-05 y  1.63E-04
 Wall clock    9.9776070117950439     
 Average time per cell    7.5518948780506710E-010
 Step time per cell       7.4313965746518485E-010
 Step       8 time   0.0005881 control    sound    timestep   9.16E-05       1,       1 x  8.14E-05 y  1.63E-04
 Wall clock    11.336289882659912     
 Average time per cell    7.5077281280755418E-010
 Step time per cell       7.1979949704351988E-010
 Step       9 time   0.0006796 control    sound    timestep   9.10E-05       1,       1 x  8.14E-05 y  1.63E-04
 Wall clock    12.770102024078369     
 Average time per cell    7.5176039001549431E-010
 Step time per cell       7.5958951128995978E-010
 Step      10 time   0.0007707 control    sound    timestep   9.10E-05       1,       1 x  8.14E-05 y  1.63E-04
 Wall clock    14.257908821105957     
 Average time per cell    7.5541119157504805E-010
 Step time per cell       7.8820600416899347E-010
 Step      11 time   0.0008617 control    sound    timestep   9.08E-05       1,       1 x  8.14E-05 y  1.63E-04
 Wall clock    15.596861839294434     
 Average time per cell    7.5122861377130533E-010
 Step time per cell       7.0938477215855121E-010
 Step      12 time   0.0009525 control    sound    timestep   9.06E-05       1,       1 x  8.14E-05 y  1.63E-04
 Wall clock    17.034096002578735     
 Average time per cell    7.5208240096563482E-010
 Step time per cell       7.6141304816701450E-010
 Step      13 time   0.0010432 control    sound    timestep   9.06E-05       1,       1 x  8.14E-05 y  1.63E-04
 Wall clock    18.448558807373047     
 Average time per cell    7.5187678244880308E-010
 Step time per cell       7.4934531666157353E-010
 Step      14 time   0.0011337 control    sound    timestep   9.07E-05       1,       1 x  8.14E-05 y  1.63E-04
 Wall clock    19.889233827590942     
 Average time per cell    7.5269251882427998E-010
 Step time per cell       7.6321915306228520E-010
 Step      15 time   0.0012244 control    sound    timestep   9.09E-05       1,       1 x  8.14E-05 y  1.63E-04
 Wall clock    21.301697969436646     
 Average time per cell    7.5240304627018135E-010
 Step time per cell       7.4829737665519738E-010
 Step      16 time   0.0013153 control    sound    timestep   9.09E-05       1,       1 x  8.14E-05 y  1.63E-04
 Wall clock    22.689546823501587     
 Average time per cell    7.5133465473855828E-010
 Step time per cell       7.3523678010032094E-010
 Step      17 time   0.0014062 control    sound    timestep   9.09E-05       1,       1 x  8.14E-05 y  1.63E-04
 Wall clock    24.114711999893188     
 Average time per cell    7.5155495038665780E-010
 Step time per cell       7.5502447948060259E-010
 Step      18 time   0.0014971 control    sound    timestep   9.09E-05       1,       1 x  8.14E-05 y  1.63E-04
 Wall clock    25.502579927444458     
 Average time per cell    7.5065294687967114E-010
 Step time per cell       7.3525484367564785E-010
 Step      19 time   0.0015880 control    sound    timestep   9.09E-05       1,       1 x  8.14E-05 y  1.63E-04
 Wall clock    26.889769792556763     
 Average time per cell    7.4982698319409359E-010
 Step time per cell       7.3489723541165905E-010
 Step      20 time   0.0016789 control    sound    timestep   9.09E-05       1,       1 x  8.14E-05 y  1.63E-04
 Wall clock    28.412163972854614     
 Average time per cell    7.5266530706762244E-010
 Step time per cell       8.0653825938902123E-010
 Step      21 time   0.0017699 control    sound    timestep   9.09E-05       1,       1 x  8.14E-05 y  1.63E-04
 Wall clock    29.772185802459717     
 Average time per cell    7.5113674452594262E-010
 Step time per cell       7.2055121967827690E-010
 Step      22 time   0.0018608 control    sound    timestep   9.09E-05       1,       1 x  8.14E-05 y  1.63E-04
 Wall clock    31.180611848831177     
 Average time per cell    7.5091284570865380E-010
 Step time per cell       7.4615526399510494E-010
 Step      23 time   0.0019517 control    sound    timestep   9.09E-05       1,       1 x  8.14E-05 y  1.63E-04
 Wall clock    32.551153898239136     
 Average time per cell    7.4983573531733936E-010
 Step time per cell       7.2606831559419837E-010
 Step      24 time   0.0020427 control    sound    timestep   9.10E-05       1,       1 x  8.14E-05 y  1.63E-04
 Wall clock    33.998480796813965     
 Average time per cell    7.5054347066556888E-010
 Step time per cell       7.6675885591410201E-010
 Step      25 time   0.0021336 control    sound    timestep   9.10E-05       1,       1 x  8.14E-05 y  1.63E-04
 Wall clock    35.480219841003418     
 Average time per cell    7.5192387561805335E-010
 Step time per cell       7.8500167748845541E-010
 Step      26 time   0.0022246 control    sound    timestep   9.10E-05       1,       1 x  8.14E-05 y  1.63E-04
 Wall clock    36.858630895614624     
 Average time per cell    7.5109251331293937E-010
 Step time per cell       7.3026866529188634E-010
 Step      27 time   0.0023156 control    sound    timestep   9.10E-05       1,       1 x  8.14E-05 y  1.63E-04
 Wall clock    38.244334936141968     
 Average time per cell    7.5046584314067603E-010
 Step time per cell       7.3410622765853377E-010
 Step      28 time   0.0024065 control    sound    timestep   9.10E-05       1,       1 x  8.14E-05 y  1.63E-04
 Wall clock    39.631048917770386     
 Average time per cell    7.4990304533962949E-010
 Step time per cell       7.3464661909383727E-010
 Step      29 time   0.0024975 control    sound    timestep   9.10E-05       1,       1 x  8.14E-05 y  1.63E-04
 Wall clock    41.060376882553101     
 Average time per cell    7.5015760258336817E-010
 Step time per cell       7.5722533034018450E-010
 Step      30 time   0.0025884 control    sound    timestep   9.10E-05       1,       1 x  8.14E-05 y  1.63E-04
 Wall clock    42.552713871002197     
 Average time per cell    7.5150796874368096E-010
 Step time per cell       7.9060176479591370E-010
 Step      31 time   0.0026794 control    sound    timestep   9.10E-05       1,       1 x  8.14E-05 y  1.63E-04
 Wall clock    43.907569885253906     
 Average time per cell    7.5042153575948332E-010
 Step time per cell       7.1781364062594040E-010
 Step      32 time   0.0027704 control    sound    timestep   9.10E-05       1,       1 x  8.14E-05 y  1.63E-04
 Wall clock    45.295147895812988     
 Average time per cell    7.4994477788297649E-010
 Step time per cell       7.3510705078660973E-010
 Step      33 time   0.0028614 control    sound    timestep   9.10E-05       1,       1 x  8.14E-05 y  1.63E-04
 Wall clock    46.706871986389160     
 Average time per cell    7.4988458271201869E-010
 Step time per cell       7.4790477810893212E-010
 Step      34 time   0.0029523 control    sound    timestep   9.10E-05       1,       1 x  8.14E-05 y  1.63E-04
 Wall clock    48.086812973022461     
 Average time per cell    7.4933265506866651E-010
 Step time per cell       7.3105449397795987E-010
 Step      35 time   0.0030433 control    sound    timestep   9.10E-05       1,       1 x  8.14E-05 y  1.63E-04
 Wall clock    49.497372865676880     
 Average time per cell    7.4927576558062958E-010
 Step time per cell       7.4728480588722351E-010
 Step      36 time   0.0031343 control    sound    timestep   9.10E-05       1,       1 x  8.14E-05 y  1.63E-04
 Wall clock    50.893288850784302     
 Average time per cell    7.4900651935860404E-010
 Step time per cell       7.3951607899087115E-010
 Step      37 time   0.0032253 control    sound    timestep   9.10E-05       1,       1 x  8.14E-05 y  1.63E-04
 Wall clock    52.304678916931152     
 Average time per cell    7.4897340707136202E-010
 Step time per cell       7.4770772092354795E-010
 Step      38 time   0.0033163 control    sound    timestep   9.10E-05       1,       1 x  8.14E-05 y  1.63E-04
 Wall clock    53.723565816879272     
 Average time per cell    7.4904656294325327E-010
 Step time per cell       7.5166857034976907E-010
 Step      39 time   0.0034073 control    sound    timestep   9.10E-05       1,       1 x  8.14E-05 y  1.63E-04
 Wall clock    55.109884977340698     
 Average time per cell    7.4867353109675864E-010
 Step time per cell       7.3446547806573406E-010
 Step      40 time   0.0034982 control    sound    timestep   9.10E-05       1,       1 x  8.14E-05 y  1.63E-04
 Wall clock    56.600313901901245     
 Average time per cell    7.4969813428853944E-010
 Step time per cell       7.8959677315045460E-010
 Step      41 time   0.0035892 control    sound    timestep   9.10E-05       1,       1 x  8.14E-05 y  1.63E-04
 Wall clock    57.951656818389893     
 Average time per cell    7.4887542955132215E-010
 Step time per cell       7.1595460819177486E-010
 Step      42 time   0.0036802 control    sound    timestep   9.10E-05       1,       1 x  8.14E-05 y  1.63E-04
 Wall clock    59.358517885208130     
 Average time per cell    7.4879224824158767E-010
 Step time per cell       7.4531183397791918E-010
 Step      43 time   0.0037712 control    sound    timestep   9.10E-05       1,       1 x  8.14E-05 y  1.63E-04
 Wall clock    60.759236812591553     
 Average time per cell    7.4863725623531927E-010
 Step time per cell       7.4206506421129842E-010
 Step      44 time   0.0038622 control    sound    timestep   9.10E-05       1,       1 x  8.14E-05 y  1.63E-04
 Wall clock    62.093600988388062     
 Average time per cell    7.4769030903792212E-010
 Step time per cell       7.0690791492072292E-010
 Step      45 time   0.0039532 control    sound    timestep   9.10E-05       1,       1 x  8.14E-05 y  1.63E-04
 Wall clock    63.561167001724243     
 Average time per cell    7.4835373444880075E-010
 Step time per cell       7.7748407218475928E-010
 Step      46 time   0.0040442 control    sound    timestep   9.10E-05       1,       1 x  8.14E-05 y  1.63E-04
 Wall clock    64.971992015838623     
 Average time per cell    7.4833478346929024E-010
 Step time per cell       7.4742325119182674E-010
 Step      47 time   0.0041352 control    sound    timestep   9.10E-05       1,       1 x  8.14E-05 y  1.63E-04
 Wall clock    66.342906951904297     
 Average time per cell    7.4786674273948909E-010
 Step time per cell       7.2629139443354991E-010
 Step      48 time   0.0042262 control    sound    timestep   9.10E-05       1,       1 x  8.14E-05 y  1.63E-04
 Wall clock    67.736815929412842     
 Average time per cell    7.4767200957197655E-010
 Step time per cell       7.3845702293814007E-010
 Step      49 time   0.0043173 control    sound    timestep   9.10E-05       1,       1 x  8.14E-05 y  1.63E-04
 Wall clock    69.183323860168457     
 Average time per cell    7.4805395792583177E-010
 Step time per cell       7.6632343532562823E-010
 Step      50 time   0.0044083 control    sound    timestep   9.10E-05       1,       1 x  8.14E-05 y  1.63E-04
 Wall clock    70.657231807708740     
 Average time per cell    7.4871096937082861E-010
 Step time per cell       7.8084680252585614E-010
 Step      51 time   0.0044993 control    sound    timestep   9.10E-05       1,       1 x  8.14E-05 y  1.63E-04
 Wall clock    72.015218973159790     
 Average time per cell    7.4813795996813253E-010
 Step time per cell       7.1947258422571597E-010
 Step      52 time   0.0045903 control    sound    timestep   9.10E-05       1,       1 x  8.14E-05 y  1.63E-04
 Wall clock    73.437268972396851     
 Average time per cell    7.4823971459393679E-010
 Step time per cell       7.5337576769622198E-010
 Step      53 time   0.0046813 control    sound    timestep   9.10E-05       1,       1 x  8.14E-05 y  1.63E-04
 Wall clock    74.786978006362915     
 Average time per cell    7.4761446673278209E-010
 Step time per cell       7.1506027173503147E-010
 Step      54 time   0.0047723 control    sound    timestep   9.10E-05       1,       1 x  8.14E-05 y  1.63E-04
 Wall clock    76.222344875335693     
 Average time per cell    7.4785280497805763E-010
 Step time per cell       7.6042435163496217E-010
 Step      55 time   0.0048633 control    sound    timestep   9.10E-05       1,       1 x  8.14E-05 y  1.63E-04
 Wall clock    77.612025022506714     
 Average time per cell    7.4764237281054406E-010
 Step time per cell       7.3622282393949318E-010
 Step      56 time   0.0049544 control    sound    timestep   9.10E-05       1,       1 x  8.14E-05 y  1.63E-04
 Wall clock    78.969262838363647     
 Average time per cell    7.4713251740557473E-010
 Step time per cell       7.1904019528624810E-010
 Step      57 time   0.0050454 control    sound    timestep   9.10E-05       1,       1 x  8.14E-05 y  1.63E-04
 Wall clock    80.429546833038330     
 Average time per cell    7.4759837324427191E-010
 Step time per cell       7.7362326717573320E-010
 Step      58 time   0.0051364 control    sound    timestep   9.10E-05       1,       1 x  8.14E-05 y  1.63E-04
 Wall clock    81.812352895736694     
 Average time per cell    7.4734041878763005E-010
 Step time per cell       7.3257069743704053E-010
 Step      59 time   0.0052275 control    sound    timestep   9.10E-05       1,       1 x  8.14E-05 y  1.63E-04
 Wall clock    83.183434009552002     
 Average time per cell    7.4698591869476374E-010
 Step time per cell       7.2636503824065185E-010
 Step      60 time   0.0053185 control    sound    timestep   9.10E-05       1,       1 x  8.14E-05 y  1.63E-04
 Wall clock    84.713739871978760     
 Average time per cell    7.4804924039468731E-010
 Step time per cell       8.1072016655525659E-010
 Step      61 time   0.0054095 control    sound    timestep   9.10E-05       1,       1 x  8.14E-05 y  1.63E-04
 Wall clock    86.072233915328979     
 Average time per cell    7.4758541749326241E-010
 Step time per cell       7.1974113780015612E-010
 Step      62 time   0.0055006 control    sound    timestep   9.10E-05       1,       1 x  8.14E-05 y  1.63E-04
 Wall clock    87.421887874603271     
 Average time per cell    7.4706101395838809E-010
 Step time per cell       7.1500721787742810E-010
 Step      63 time   0.0055916 control    sound    timestep   9.11E-05       1,       1 x  8.14E-05 y  1.63E-04
 Wall clock    88.941522836685181     
 Average time per cell    7.4798276888365625E-010
 Step time per cell       8.0507119390757807E-010
 Step      64 time   0.0056827 control    sound    timestep   9.10E-05       1,       1 x  8.14E-05 y  1.63E-04
 Wall clock    90.289361953735352     
 Average time per cell    7.4745352031237008E-010
 Step time per cell       7.1404770096705760E-010
 Step      65 time   0.0057737 control    sound    timestep   9.11E-05       1,       1 x  8.14E-05 y  1.63E-04
 Wall clock    91.716807842254639     
 Average time per cell    7.4758943608483400E-010
 Step time per cell       7.5622602303661150E-010
 Step      66 time   0.0058648 control    sound    timestep   9.11E-05       1,       1 x  8.14E-05 y  1.63E-04
 Wall clock    93.064267873764038     
 Average time per cell    7.4707914180437753E-010
 Step time per cell       7.1385329647455363E-010
 Step      67 time   0.0059558 control    sound    timestep   9.11E-05       1,       1 x  8.14E-05 y  1.63E-04
 Wall clock    94.526741981506348     
 Average time per cell    7.4749358243219772E-010
 Step time per cell       7.7478413610757954E-010
 Step      68 time   0.0060469 control    sound    timestep   9.11E-05       1,       1 x  8.14E-05 y  1.63E-04
 Wall clock    95.897193908691406     
 Average time per cell    7.4717884678226209E-010
 Step time per cell       7.2603433586159050E-010
 Step      69 time   0.0061379 control    sound    timestep   9.11E-05       1,       1 x  8.14E-05 y  1.63E-04
 Wall clock    97.315783977508545     
 Average time per cell    7.4724286441456327E-010
 Step time per cell       7.5154364114698389E-010
 Step      70 time   0.0062290 control    sound    timestep   9.11E-05       1,       1 x  8.14E-05 y  1.63E-04
 Wall clock    98.798220872879028     
 Average time per cell    7.4778829962775087E-010
 Step time per cell       7.8537242289813654E-010
 Step      71 time   0.0063200 control    sound    timestep   9.11E-05       1,       1 x  8.14E-05 y  1.63E-04
 Wall clock    100.10971689224243     
 Average time per cell    7.4704276856676460E-010
 Step time per cell       6.9484132028365919E-010
 Step      72 time   0.0064111 control    sound    timestep   9.11E-05       1,       1 x  8.14E-05 y  1.63E-04
 Wall clock    101.54944801330566     
 Average time per cell    7.4726157728025700E-010
 Step time per cell       7.6273446817746538E-010
 Step      73 time   0.0065022 control    sound    timestep   9.11E-05       1,       1 x  8.14E-05 y  1.63E-04
 Wall clock    102.96312880516052     
 Average time per cell    7.4728532327481068E-010
 Step time per cell       7.4892404376846069E-010
 Step      74 time   0.0065932 control    sound    timestep   9.11E-05       1,       1 x  8.14E-05 y  1.63E-04
 Wall clock    104.33148384094238     
 Average time per cell    7.4698390789534872E-010
 Step time per cell       7.2493068930473078E-010
 Step      75 time   0.0066843 control    sound    timestep   9.11E-05       1,       1 x  8.14E-05 y  1.63E-04
 Wall clock    105.72787594795227     
 Average time per cell    7.4688859125739396E-010
 Step time per cell       7.3977048486995047E-010
 Step      76 time   0.0067754 control    sound    timestep   9.11E-05       1,       1 x  8.14E-05 y  1.63E-04
 Wall clock    107.09604287147522     
 Average time per cell    7.4659901663208023E-010
 Step time per cell       7.2481839197280348E-010
 Step      77 time   0.0068665 control    sound    timestep   9.11E-05       1,       1 x  8.14E-05 y  1.63E-04
 Wall clock    108.55839896202087     
 Average time per cell    7.4696505714474900E-010
 Step time per cell       7.7472211362166688E-010
 Step      78 time   0.0069576 control    sound    timestep   9.11E-05       1,       1 x  8.14E-05 y  1.63E-04
 Wall clock    109.96185898780823     
 Average time per cell    7.4692165741423412E-010
 Step time per cell       7.4351255029291172E-010
 Step      79 time   0.0070486 control    sound    timestep   9.11E-05       1,       1 x  8.14E-05 y  1.63E-04
 Wall clock    111.36616396903992     
 Average time per cell    7.4688502316427918E-010
 Step time per cell       7.4396451863220946E-010
 Step      80 time   0.0071397 control    sound    timestep   9.11E-05       1,       1 x  8.14E-05 y  1.63E-04
 Wall clock    112.88985800743103     
 Average time per cell    7.4763998725302373E-010
 Step time per cell       8.0722808585657423E-010
 Step      81 time   0.0072308 control    sound    timestep   9.11E-05       1,       1 x  8.14E-05 y  1.63E-04
 Wall clock    114.24290180206299     
 Average time per cell    7.4726009108606834E-010
 Step time per cell       7.1685526058394725E-010
 Step      82 time   0.0073219 control    sound    timestep   9.11E-05       1,       1 x  8.14E-05 y  1.63E-04
 Wall clock    115.62793993949890     
 Average time per cell    7.4709618278634515E-010
 Step time per cell       7.3376175654023731E-010
 Step      83 time   0.0074130 control    sound    timestep   9.11E-05       1,       1 x  8.14E-05 y  1.63E-04
 Wall clock    117.03501200675964     
 Average time per cell    7.4707687463951645E-010
 Step time per cell       7.4543486840007570E-010
 Step      84 time   0.0075041 control    sound    timestep   9.11E-05       1,       1 x  8.14E-05 y  1.63E-04
 Wall clock    118.41164684295654     
 Average time per cell    7.4686604733792900E-010
 Step time per cell       7.2931975915303663E-010
 Step      85 time   0.0075952 control    sound    timestep   9.11E-05       1,       1 x  8.14E-05 y  1.63E-04
 Wall clock    119.88528895378113     
 Average time per cell    7.4726484307296058E-010
 Step time per cell       7.8069206210784614E-010
 Step      86 time   0.0076863 control    sound    timestep   9.11E-05       1,       1 x  8.14E-05 y  1.63E-04
 Wall clock    121.19913482666016     
 Average time per cell    7.4666990991501327E-010
 Step time per cell       6.9606838021880124E-010
 Step      87 time   0.0077774 control    sound    timestep   9.11E-05       1,       1 x  8.14E-05 y  1.63E-04
 Wall clock    122.78172183036804     
 First step overhead -0.15587306022644043     
real 124.18
user 2925.95
sys 47.84
