
Clover Version    1.000
       MPI Version
   Task Count    768


Clover Version    1.000
       MPI Version
   Task Count    768

 Output file clover.out opened. All output will go there.
 Step       1 time   0.0000000 control    sound    timestep   9.63E-05       1,       1 x  8.14E-05 y  1.63E-04
 Wall clock    1.3765699863433838     
 Average time per cell    7.2933302261743749E-010
 Step time per cell       7.2933302261743749E-010
 Step       2 time   0.0000963 control    sound    timestep   8.11E-05       1,       1 x  8.14E-05 y  1.63E-04
 Wall clock    3.1274390220642090     
 Average time per cell    8.2848840874147649E-010
 Step time per cell       9.2753086594004551E-010
 Step       3 time   0.0001774 control    sound    timestep   7.40E-05       1,       1 x  8.14E-05 y  1.63E-04
 Wall clock    4.5263381004333496     
 Average time per cell    7.9938007291747014E-010
 Step time per cell       7.4109392597973865E-010
 Step       4 time   0.0002514 control    sound    timestep   7.72E-05       1,       1 x  8.14E-05 y  1.63E-04
 Wall clock    5.9167330265045166     
 Average time per cell    7.8369948950138576E-010
 Step time per cell       7.3658725341374522E-010
 Step       5 time   0.0003286 control    sound    timestep   8.38E-05       1,       1 x  8.14E-05 y  1.63E-04
 Wall clock    7.3606610298156738     
 Average time per cell    7.7996370843417631E-010
 Step time per cell       7.6496285651551763E-010
 Step       6 time   0.0004124 control    sound    timestep   8.71E-05       1,       1 x  8.14E-05 y  1.63E-04
 Wall clock    8.7802131175994873     
 Average time per cell    7.7532071692850744E-010
 Step time per cell       7.5206116889603434E-010
 Step       7 time   0.0004995 control    sound    timestep   8.85E-05       1,       1 x  8.14E-05 y  1.63E-04
 Wall clock    10.219362020492554     
 Average time per cell    7.7348754674612937E-010
 Step time per cell       7.6242233464856529E-010
 Step       8 time   0.0005881 control    sound    timestep   9.16E-05       1,       1 x  8.14E-05 y  1.63E-04
 Wall clock    11.606083154678345     
 Average time per cell    7.6864051518694195E-010
 Step time per cell       7.3464232425774548E-010
 Step       9 time   0.0006796 control    sound    timestep   9.10E-05       1,       1 x  8.14E-05 y  1.63E-04
 Wall clock    12.985131025314331     
 Average time per cell    7.6441888605013787E-010
 Step time per cell       7.3060353618833084E-010
 Step      10 time   0.0007707 control    sound    timestep   9.10E-05       1,       1 x  8.14E-05 y  1.63E-04
 Wall clock    14.484507083892822     
 Average time per cell    7.6741679953960961E-010
 Step time per cell       7.9432387186291939E-010
 Step      11 time   0.0008617 control    sound    timestep   9.08E-05       1,       1 x  8.14E-05 y  1.63E-04
 Wall clock    15.851991176605225     
 Average time per cell    7.6351701257711582E-010
 Step time per cell       7.2450373206973183E-010
 Step      12 time   0.0009525 control    sound    timestep   9.06E-05       1,       1 x  8.14E-05 y  1.63E-04
 Wall clock    17.266327142715454     
 Average time per cell    7.6233577475351111E-010
 Step time per cell       7.4927066230480300E-010
 Step      13 time   0.0010432 control    sound    timestep   9.06E-05       1,       1 x  8.14E-05 y  1.63E-04
 Wall clock    18.665482044219971     
 Average time per cell    7.6071755679122281E-010
 Step time per cell       7.4123275024046759E-010
 Step      14 time   0.0011337 control    sound    timestep   9.07E-05       1,       1 x  8.14E-05 y  1.63E-04
 Wall clock    20.100429058074951     
 Average time per cell    7.6068503735841083E-010
 Step time per cell       7.6021718895289169E-010
 Step      15 time   0.0012244 control    sound    timestep   9.09E-05       1,       1 x  8.14E-05 y  1.63E-04
 Wall clock    21.525518178939819     
 Average time per cell    7.6030866054039778E-010
 Step time per cell       7.5499908942017809E-010
 Step      16 time   0.0013153 control    sound    timestep   9.09E-05       1,       1 x  8.14E-05 y  1.63E-04
 Wall clock    22.901241064071655     
 Average time per cell    7.5834463252198884E-010
 Step time per cell       7.2883343212500521E-010
 Step      17 time   0.0014062 control    sound    timestep   9.09E-05       1,       1 x  8.14E-05 y  1.63E-04
 Wall clock    24.375136137008667     
 Average time per cell    7.5967128407748440E-010
 Step time per cell       7.8083353906145527E-010
 Step      18 time   0.0014971 control    sound    timestep   9.09E-05       1,       1 x  8.14E-05 y  1.63E-04
 Wall clock    25.808952093124390     
 Average time per cell    7.5967082544975483E-010
 Step time per cell       7.5960580640336656E-010
 Step      19 time   0.0015880 control    sound    timestep   9.09E-05       1,       1 x  8.14E-05 y  1.63E-04
 Wall clock    27.229084014892578     
 Average time per cell    7.5928883287342189E-010
 Step time per cell       7.5237696566748333E-010
 Step      20 time   0.0016789 control    sound    timestep   9.09E-05       1,       1 x  8.14E-05 y  1.63E-04
 Wall clock    28.718667984008789     
 Average time per cell    7.6078489049299003E-010
 Step time per cell       7.8917133173995860E-010
 Step      21 time   0.0017699 control    sound    timestep   9.09E-05       1,       1 x  8.14E-05 y  1.63E-04
 Wall clock    30.113862037658691     
 Average time per cell    7.5975705801894907E-010
 Step time per cell       7.3918133441313529E-010
 Step      22 time   0.0018608 control    sound    timestep   9.09E-05       1,       1 x  8.14E-05 y  1.63E-04
 Wall clock    31.515072107315063     
 Average time per cell    7.5896754667771133E-010
 Step time per cell       7.4234321800759065E-010
 Step      23 time   0.0019517 control    sound    timestep   9.09E-05       1,       1 x  8.14E-05 y  1.63E-04
 Wall clock    32.909208059310913     
 Average time per cell    7.5808373187039588E-010
 Step time per cell       7.3859369978082316E-010
 Step      24 time   0.0020427 control    sound    timestep   9.10E-05       1,       1 x  8.14E-05 y  1.63E-04
 Wall clock    34.266407012939453     
 Average time per cell    7.5645815471674455E-010
 Step time per cell       7.1900103648658838E-010
 Step      25 time   0.0021336 control    sound    timestep   9.10E-05       1,       1 x  8.14E-05 y  1.63E-04
 Wall clock    35.698896169662476     
 Average time per cell    7.5655823113467911E-010
 Step time per cell       7.5888793718250887E-010
 Step      26 time   0.0022246 control    sound    timestep   9.10E-05       1,       1 x  8.14E-05 y  1.63E-04
 Wall clock    37.108107089996338     
 Average time per cell    7.5617625346543111E-010
 Step time per cell       7.4656112600577118E-010
 Step      27 time   0.0023156 control    sound    timestep   9.10E-05       1,       1 x  8.14E-05 y  1.63E-04
 Wall clock    38.545142173767090     
 Average time per cell    7.5636856200306680E-010
 Step time per cell       7.6130024556025295E-010
 Step      28 time   0.0024065 control    sound    timestep   9.10E-05       1,       1 x  8.14E-05 y  1.63E-04
 Wall clock    39.909317970275879     
 Average time per cell    7.5516848280838327E-010
 Step time per cell       7.2272036454200533E-010
 Step      29 time   0.0024975 control    sound    timestep   9.10E-05       1,       1 x  8.14E-05 y  1.63E-04
 Wall clock    41.328853130340576     
 Average time per cell    7.5506256239333058E-010
 Step time per cell       7.5202516806408917E-010
 Step      30 time   0.0025884 control    sound    timestep   9.10E-05       1,       1 x  8.14E-05 y  1.63E-04
 Wall clock    42.884251117706299     
 Average time per cell    7.5736312720875031E-010
 Step time per cell       8.2400801046686762E-010
 Step      31 time   0.0026794 control    sound    timestep   9.10E-05       1,       1 x  8.14E-05 y  1.63E-04
 Wall clock    44.255707979202271     
 Average time per cell    7.5637154218889514E-010
 Step time per cell       7.2660655961145591E-010
 Step      32 time   0.0027704 control    sound    timestep   9.10E-05       1,       1 x  8.14E-05 y  1.63E-04
 Wall clock    45.680481195449829     
 Average time per cell    7.5632468189547175E-010
 Step time per cell       7.5481845366690924E-010
 Step      33 time   0.0028614 control    sound    timestep   9.10E-05       1,       1 x  8.14E-05 y  1.63E-04
 Wall clock    47.049611091613770     
 Average time per cell    7.5538730126219994E-010
 Step time per cell       7.2535777285843827E-010
 Step      34 time   0.0029523 control    sound    timestep   9.10E-05       1,       1 x  8.14E-05 y  1.63E-04
 Wall clock    48.488003969192505     
 Average time per cell    7.5558437972586931E-010
 Step time per cell       7.6201975692432223E-010
 Step      35 time   0.0030433 control    sound    timestep   9.10E-05       1,       1 x  8.14E-05 y  1.63E-04
 Wall clock    49.896214008331299     
 Average time per cell    7.5531329818500482E-010
 Step time per cell       7.4604182979480050E-010
 Step      36 time   0.0031343 control    sound    timestep   9.10E-05       1,       1 x  8.14E-05 y  1.63E-04
 Wall clock    51.366233110427856     
 Average time per cell    7.5596693283875575E-010
 Step time per cell       7.7879323928047799E-010
 Step      37 time   0.0032253 control    sound    timestep   9.10E-05       1,       1 x  8.14E-05 y  1.63E-04
 Wall clock    52.719048976898193     
 Average time per cell    7.5490695187133627E-010
 Step time per cell       7.1670734137620048E-010
 Step      38 time   0.0033163 control    sound    timestep   9.10E-05       1,       1 x  8.14E-05 y  1.63E-04
 Wall clock    54.157864093780518     
 Average time per cell    7.5510181312366561E-010
 Step time per cell       7.6222793015606132E-010
 Step      39 time   0.0034073 control    sound    timestep   9.10E-05       1,       1 x  8.14E-05 y  1.63E-04
 Wall clock    55.581644058227539     
 Average time per cell    7.5508242737842818E-010
 Step time per cell       7.5428905195925234E-010
 Step      40 time   0.0034982 control    sound    timestep   9.10E-05       1,       1 x  8.14E-05 y  1.63E-04
 Wall clock    57.123041152954102     
 Average time per cell    7.5662190586929985E-010
 Step time per cell       8.1659474441645821E-010
 Step      41 time   0.0035892 control    sound    timestep   9.10E-05       1,       1 x  8.14E-05 y  1.63E-04
 Wall clock    58.499584197998047     
 Average time per cell    7.5595597520427711E-010
 Step time per cell       7.2930182189641836E-010
 Step      42 time   0.0036802 control    sound    timestep   9.10E-05       1,       1 x  8.14E-05 y  1.63E-04
 Wall clock    59.892616987228394     
 Average time per cell    7.5552976935286237E-010
 Step time per cell       7.3799558069569890E-010
 Step      43 time   0.0037712 control    sound    timestep   9.10E-05       1,       1 x  8.14E-05 y  1.63E-04
 Wall clock    61.315068006515503     
 Average time per cell    7.5548586003251162E-010
 Step time per cell       7.5357749867382354E-010
 Step      44 time   0.0038622 control    sound    timestep   9.10E-05       1,       1 x  8.14E-05 y  1.63E-04
 Wall clock    62.726096153259277     
 Average time per cell    7.5530639987111424E-010
 Step time per cell       7.4752910626961641E-010
 Step      45 time   0.0039532 control    sound    timestep   9.10E-05       1,       1 x  8.14E-05 y  1.63E-04
 Wall clock    64.089316129684448     
 Average time per cell    7.5457203393729468E-010
 Step time per cell       7.2219538398914865E-010
 Step      46 time   0.0040442 control    sound    timestep   9.10E-05       1,       1 x  8.14E-05 y  1.63E-04
 Wall clock    65.546380996704102     
 Average time per cell    7.5495048417796378E-010
 Step time per cell       7.7191872252216048E-010
 Step      47 time   0.0041352 control    sound    timestep   9.10E-05       1,       1 x  8.14E-05 y  1.63E-04
 Wall clock    66.949872970581055     
 Average time per cell    7.5470891653314607E-010
 Step time per cell       7.4353895090300482E-010
 Step      48 time   0.0042262 control    sound    timestep   9.10E-05       1,       1 x  8.14E-05 y  1.63E-04
 Wall clock    68.368209123611450     
 Average time per cell    7.5464126273008906E-010
 Step time per cell       7.5139104814701973E-010
 Step      49 time   0.0043173 control    sound    timestep   9.10E-05       1,       1 x  8.14E-05 y  1.63E-04
 Wall clock    69.798060178756714     
 Average time per cell    7.5470087672854998E-010
 Step time per cell       7.5749615765137913E-010
 Step      50 time   0.0044083 control    sound    timestep   9.10E-05       1,       1 x  8.14E-05 y  1.63E-04
 Wall clock    71.344784975051880     
 Average time per cell    7.5599654489148330E-010
 Step time per cell       8.1944045228333887E-010
 Step      51 time   0.0044993 control    sound    timestep   9.10E-05       1,       1 x  8.14E-05 y  1.63E-04
 Wall clock    72.716732978820801     
 Average time per cell    7.5542571475896235E-010
 Step time per cell       7.2686664983242134E-010
 Step      52 time   0.0045903 control    sound    timestep   9.10E-05       1,       1 x  8.14E-05 y  1.63E-04
 Wall clock    74.148591995239258     
 Average time per cell    7.5548726264471949E-010
 Step time per cell       7.5856102436470485E-010
 Step      53 time   0.0046813 control    sound    timestep   9.10E-05       1,       1 x  8.14E-05 y  1.63E-04
 Wall clock    75.521057128906250     
 Average time per cell    7.5495275190447615E-010
 Step time per cell       7.2712105571150055E-010
 Step      54 time   0.0047723 control    sound    timestep   9.10E-05       1,       1 x  8.14E-05 y  1.63E-04
 Wall clock    76.982856035232544     
 Average time per cell    7.5531453296709010E-010
 Step time per cell       7.7442059086428746E-010
 Step      55 time   0.0048633 control    sound    timestep   9.10E-05       1,       1 x  8.14E-05 y  1.63E-04
 Wall clock    78.360517024993896     
 Average time per cell    7.5485265158637747E-010
 Step time per cell       7.2987505619595237E-010
 Step      56 time   0.0049544 control    sound    timestep   9.10E-05       1,       1 x  8.14E-05 y  1.63E-04
 Wall clock    79.751381158828735     
 Average time per cell    7.5453218163789958E-010
 Step time per cell       7.3685441748239095E-010
 Step      57 time   0.0050454 control    sound    timestep   9.10E-05       1,       1 x  8.14E-05 y  1.63E-04
 Wall clock    81.178555011749268     
 Average time per cell    7.5456045767716518E-010
 Step time per cell       7.5608201970883071E-010
 Step      58 time   0.0051364 control    sound    timestep   9.10E-05       1,       1 x  8.14E-05 y  1.63E-04
 Wall clock    82.583230972290039     
 Average time per cell    7.5438224467546128E-010
 Step time per cell       7.4418810274639525E-010
 Step      59 time   0.0052275 control    sound    timestep   9.10E-05       1,       1 x  8.14E-05 y  1.63E-04
 Wall clock    83.904947042465210     
 Average time per cell    7.5346509429214324E-010
 Step time per cell       7.0023272908454395E-010
 Step      60 time   0.0053185 control    sound    timestep   9.10E-05       1,       1 x  8.14E-05 y  1.63E-04
 Wall clock    85.475530147552490     
 Average time per cell    7.5477609058267534E-010
 Step time per cell       8.3206019654527250E-010
 Step      61 time   0.0054095 control    sound    timestep   9.10E-05       1,       1 x  8.14E-05 y  1.63E-04
 Wall clock    86.848854064941406     
 Average time per cell    7.5433079718624006E-010
 Step time per cell       7.2759790883638843E-010
 Step      62 time   0.0055006 control    sound    timestep   9.10E-05       1,       1 x  8.14E-05 y  1.63E-04
 Wall clock    88.212213039398193     
 Average time per cell    7.5381471298414484E-010
 Step time per cell       7.2228115439227422E-010
 Step      63 time   0.0055916 control    sound    timestep   9.11E-05       1,       1 x  8.14E-05 y  1.63E-04
 Wall clock    89.616557121276855     
 Average time per cell    7.5365969004687263E-010
 Step time per cell       7.4398409803203932E-010
 Step      64 time   0.0056827 control    sound    timestep   9.10E-05       1,       1 x  8.14E-05 y  1.63E-04
 Wall clock    91.099244117736816     
 Average time per cell    7.5415806735337452E-010
 Step time per cell       7.8548699396681812E-010
 Step      65 time   0.0057737 control    sound    timestep   9.11E-05       1,       1 x  8.14E-05 y  1.63E-04
 Wall clock    92.477696180343628     
 Average time per cell    7.5379148450952205E-010
 Step time per cell       7.3028142348145286E-010
 Step      66 time   0.0058648 control    sound    timestep   9.11E-05       1,       1 x  8.14E-05 y  1.63E-04
 Wall clock    93.896124124526978     
 Average time per cell    7.5375691908800227E-010
 Step time per cell       7.5145622860064674E-010
 Step      67 time   0.0059558 control    sound    timestep   9.11E-05       1,       1 x  8.14E-05 y  1.63E-04
 Wall clock    95.304543018341064     
 Average time per cell    7.5364423642973851E-010
 Step time per cell       7.4614831646613306E-010
 Step      68 time   0.0060469 control    sound    timestep   9.11E-05       1,       1 x  8.14E-05 y  1.63E-04
 Wall clock    96.706400156021118     
 Average time per cell    7.5348374232763649E-010
 Step time per cell       7.4265800422937094E-010
 Step      69 time   0.0061379 control    sound    timestep   9.11E-05       1,       1 x  8.14E-05 y  1.63E-04
 Wall clock    98.106048107147217     
 Average time per cell    7.5331093690742595E-010
 Step time per cell       7.4149827216590183E-010
 Step      70 time   0.0062290 control    sound    timestep   9.11E-05       1,       1 x  8.14E-05 y  1.63E-04
 Wall clock    99.748697996139526     
 Average time per cell    7.5498231249112572E-010
 Step time per cell       8.7023459450897969E-010
 Step      71 time   0.0063200 control    sound    timestep   9.11E-05       1,       1 x  8.14E-05 y  1.63E-04
 Wall clock    101.32672715187073     
 Average time per cell    7.5612439162944384E-010
 Step time per cell       8.3605350987959864E-010
 Step      72 time   0.0064111 control    sound    timestep   9.11E-05       1,       1 x  8.14E-05 y  1.63E-04
 Wall clock    102.81662201881409     
 Average time per cell    7.5658620153543457E-010
 Step time per cell       7.8930952440714465E-010
 Step      73 time   0.0065022 control    sound    timestep   9.11E-05       1,       1 x  8.14E-05 y  1.63E-04
 Wall clock    104.22693610191345     
 Average time per cell    7.5645777806780982E-010
 Step time per cell       7.4714762376970607E-010
 Step      74 time   0.0065932 control    sound    timestep   9.11E-05       1,       1 x  8.14E-05 y  1.63E-04
 Wall clock    105.63832211494446     
 Average time per cell    7.5634050021976653E-010
 Step time per cell       7.4771302630930824E-010
 Step      75 time   0.0066843 control    sound    timestep   9.11E-05       1,       1 x  8.14E-05 y  1.63E-04
 Wall clock    107.02816009521484     
 Average time per cell    7.5607412900016813E-010
 Step time per cell       7.3630328895685835E-010
 Step      76 time   0.0067754 control    sound    timestep   9.11E-05       1,       1 x  8.14E-05 y  1.63E-04
 Wall clock    108.46340203285217     
 Average time per cell    7.5613129231561810E-010
 Step time per cell       7.6034969727819163E-010
 Step      77 time   0.0068665 control    sound    timestep   9.11E-05       1,       1 x  8.14E-05 y  1.63E-04
 Wall clock    109.82616615295410     
 Average time per cell    7.5568826788916117E-010
 Step time per cell       7.2197230514979711E-010
 Step      78 time   0.0069576 control    sound    timestep   9.11E-05       1,       1 x  8.14E-05 y  1.63E-04
 Wall clock    111.28010106086731     
 Average time per cell    7.5587588539060570E-010
 Step time per cell       7.7025194716245297E-010
 Step      79 time   0.0070486 control    sound    timestep   9.11E-05       1,       1 x  8.14E-05 y  1.63E-04
 Wall clock    112.73054814338684     
 Average time per cell    7.5603536173520605E-010
 Step time per cell       7.6840933616040275E-010
 Step      80 time   0.0071397 control    sound    timestep   9.11E-05       1,       1 x  8.14E-05 y  1.63E-04
 Wall clock    114.21919608116150     
 Average time per cell    7.5644384543870226E-010
 Step time per cell       7.8865898305795980E-010
 Step      81 time   0.0072308 control    sound    timestep   9.11E-05       1,       1 x  8.14E-05 y  1.63E-04
 Wall clock    115.57767915725708     
 Average time per cell    7.5599083787460927E-010
 Step time per cell       7.1973381131505853E-010
 Step      82 time   0.0073219 control    sound    timestep   9.11E-05       1,       1 x  8.14E-05 y  1.63E-04
 Wall clock    116.96784710884094     
 Average time per cell    7.5575360184982825E-010
 Step time per cell       7.3647129283926912E-010
 Step      83 time   0.0074130 control    sound    timestep   9.11E-05       1,       1 x  8.14E-05 y  1.63E-04
 Wall clock    118.38344502449036     
 Average time per cell    7.5568441102776252E-010
 Step time per cell       7.4994141464736049E-010
 Step      84 time   0.0075041 control    sound    timestep   9.11E-05       1,       1 x  8.14E-05 y  1.63E-04
 Wall clock    119.78859806060791     
 Average time per cell    7.5555098788831544E-010
 Step time per cell       7.4442330818177043E-010
 Step      85 time   0.0075952 control    sound    timestep   9.11E-05       1,       1 x  8.14E-05 y  1.63E-04
 Wall clock    121.18630719184875     
 Average time per cell    7.5537430502604036E-010
 Step time per cell       7.4046991155935554E-010
 Step      86 time   0.0076863 control    sound    timestep   9.11E-05       1,       1 x  8.14E-05 y  1.63E-04
 Wall clock    122.62628316879272     
 Average time per cell    7.5546212386587629E-010
 Step time per cell       7.6286432380988523E-010
 Step      87 time   0.0077774 control    sound    timestep   9.11E-05       1,       1 x  8.14E-05 y  1.63E-04
 Wall clock    124.08434200286865     
 First step overhead -0.37408494949340820     
real 125.48
user 2957.26
sys 47.62
