
Clover Version    1.000
       MPI Version
   Task Count    192


Clover Version    1.000
       MPI Version
   Task Count    192

 Output file clover.out opened. All output will go there.
 Step       1 time   0.0000000 control    sound    timestep   1.93E-04       1,       1 x  1.63E-04 y  3.26E-04
 Wall clock    1.3505220413208008     
 Average time per cell    2.8621292989959732E-009
 Step time per cell       2.8621292989959732E-009
 Step       2 time   0.0001926 control    sound    timestep   1.62E-04       1,       1 x  1.63E-04 y  3.26E-04
 Wall clock    2.8012549877166748     
 Average time per cell    2.9683165949892199E-009
 Step time per cell       3.0741289770554025E-009
 Step       3 time   0.0003548 control    sound    timestep   1.48E-04       1,       1 x  1.63E-04 y  3.26E-04
 Wall clock    4.2832040786743164     
 Average time per cell    3.0257642383394006E-009
 Step time per cell       3.1403821291557204E-009
 Step       4 time   0.0005028 control    sound    timestep   1.54E-04       1,       1 x  1.63E-04 y  3.26E-04
 Wall clock    5.6631391048431396     
 Average time per cell    3.0004390636248800E-009
 Step time per cell       2.9242114073389935E-009
 Step       5 time   0.0006573 control    sound    timestep   1.68E-04       1,       1 x  1.63E-04 y  3.26E-04
 Wall clock    6.9783060550689697     
 Average time per cell    2.9577916696628864E-009
 Step time per cell       2.7869585513447724E-009
 Step       6 time   0.0008248 control    sound    timestep   1.74E-04       1,       1 x  1.63E-04 y  3.26E-04
 Wall clock    8.4286859035491943     
 Average time per cell    2.9771189878778789E-009
 Step time per cell       3.0735054679098539E-009
 Step       7 time   0.0009990 control    sound    timestep   1.77E-04       1,       1 x  1.63E-04 y  3.26E-04
 Wall clock    9.7562079429626465     
 Average time per cell    2.9537285526101993E-009
 Step time per cell       2.8132055578882701E-009
 Step       8 time   0.0011761 control    sound    timestep   1.83E-04       1,       1 x  1.63E-04 y  3.26E-04
 Wall clock    11.167862892150879     
 Average time per cell    2.9584733359418656E-009
 Step time per cell       2.9914599508629180E-009
 Step       9 time   0.0013593 control    sound    timestep   1.82E-04       1,       1 x  1.63E-04 y  3.26E-04
 Wall clock    12.604866027832031     
 Average time per cell    2.9681325907370559E-009
 Step time per cell       3.0451075063966630E-009
 Step      10 time   0.0015413 control    sound    timestep   1.82E-04       1,       1 x  1.63E-04 y  3.26E-04
 Wall clock    14.067533016204834     
 Average time per cell    2.9812988739447774E-009
 Step time per cell       3.0995943234302103E-009
 Step      11 time   0.0017234 control    sound    timestep   1.82E-04       1,       1 x  1.63E-04 y  3.26E-04
 Wall clock    15.428004980087280     
 Average time per cell    2.9723822430094862E-009
 Step time per cell       2.8831396371565965E-009
 Step      12 time   0.0019050 control    sound    timestep   1.81E-04       1,       1 x  1.63E-04 y  3.26E-04
 Wall clock    16.770724058151245     
 Average time per cell    2.9618164447768964E-009
 Step time per cell       2.8453425531754165E-009
 Step      13 time   0.0020863 control    sound    timestep   1.81E-04       1,       1 x  1.63E-04 y  3.26E-04
 Wall clock    18.165280103683472     
 Average time per cell    2.9613266812322032E-009
 Step time per cell       2.9551973865535628E-009
 Step      14 time   0.0022674 control    sound    timestep   1.81E-04       1,       1 x  1.63E-04 y  3.26E-04
 Wall clock    19.564940929412842     
 Average time per cell    2.9616796295851514E-009
 Step time per cell       2.9659673196470572E-009
 Step      15 time   0.0024489 control    sound    timestep   1.82E-04       1,       1 x  1.63E-04 y  3.26E-04
 Wall clock    20.967813968658447     
 Average time per cell    2.9624393560138911E-009
 Step time per cell       2.9728254149732592E-009
 Step      16 time   0.0026306 control    sound    timestep   1.82E-04       1,       1 x  1.63E-04 y  3.26E-04
 Wall clock    22.325797080993652     
 Average time per cell    2.9571582318668436E-009
 Step time per cell       2.8777124801611839E-009
 Step      17 time   0.0028124 control    sound    timestep   1.82E-04       1,       1 x  1.63E-04 y  3.26E-04
 Wall clock    23.735430955886841     
 Average time per cell    2.9589373714330885E-009
 Step time per cell       2.9871368193804909E-009
 Step      18 time   0.0029942 control    sound    timestep   1.82E-04       1,       1 x  1.63E-04 y  3.26E-04
 Wall clock    25.127243995666504     
 Average time per cell    2.9584206470049759E-009
 Step time per cell       2.9493882417834054E-009
 Step      19 time   0.0031760 control    sound    timestep   1.82E-04       1,       1 x  1.63E-04 y  3.26E-04
 Wall clock    26.475656032562256     
 Average time per cell    2.9531173296211485E-009
 Step time per cell       2.8573776944540439E-009
 Step      20 time   0.0033579 control    sound    timestep   1.82E-04       1,       1 x  1.63E-04 y  3.26E-04
 Wall clock    27.969974994659424     
 Average time per cell    2.9638051981035260E-009
 Step time per cell       3.1666311567985555E-009
 Step      21 time   0.0035397 control    sound    timestep   1.82E-04       1,       1 x  1.63E-04 y  3.26E-04
 Wall clock    29.302417039871216     
 Average time per cell    2.9571388930740776E-009
 Step time per cell       2.8237279063129488E-009
 Step      22 time   0.0037216 control    sound    timestep   1.82E-04       1,       1 x  1.63E-04 y  3.26E-04
 Wall clock    30.698107004165649     
 Average time per cell    2.9571713345619788E-009
 Step time per cell       2.9576065369635924E-009
 Step      23 time   0.0039035 control    sound    timestep   1.82E-04       1,       1 x  1.63E-04 y  3.26E-04
 Wall clock    32.085051059722900     
 Average time per cell    2.9563950856271367E-009
 Step time per cell       2.9390104019613419E-009
 Step      24 time   0.0040854 control    sound    timestep   1.82E-04       1,       1 x  1.63E-04 y  3.26E-04
 Wall clock    33.491550922393799     
 Average time per cell    2.9574103640091682E-009
 Step time per cell       2.9805202454250928E-009
 Step      25 time   0.0042673 control    sound    timestep   1.82E-04       1,       1 x  1.63E-04 y  3.26E-04
 Wall clock    34.804694890975952     
 Average time per cell    2.9504305429226306E-009
 Step time per cell       2.7826733154749186E-009
 Step      26 time   0.0044492 control    sound    timestep   1.82E-04       1,       1 x  1.63E-04 y  3.26E-04
 Wall clock    36.268924951553345     
 Average time per cell    2.9563027529882237E-009
 Step time per cell       3.1028366720420309E-009
 Step      27 time   0.0046311 control    sound    timestep   1.82E-04       1,       1 x  1.63E-04 y  3.26E-04
 Wall clock    37.594048976898193     
 Average time per cell    2.9508213134968285E-009
 Step time per cell       2.8080497334788862E-009
 Step      28 time   0.0048130 control    sound    timestep   1.82E-04       1,       1 x  1.63E-04 y  3.26E-04
 Wall clock    39.027159929275513     
 Average time per cell    2.9539047672086681E-009
 Step time per cell       3.0369185171568664E-009
 Step      29 time   0.0049950 control    sound    timestep   1.82E-04       1,       1 x  1.63E-04 y  3.26E-04
 Wall clock    40.350939989089966     
 Average time per cell    2.9487858322180070E-009
 Step time per cell       2.8051949306649880E-009
 Step      30 time   0.0051769 control    sound    timestep   1.82E-04       1,       1 x  1.63E-04 y  3.26E-04
 Wall clock    41.892601013183594     
 Average time per cell    2.9593998247205659E-009
 Step time per cell       3.2669428643809320E-009
 Step      31 time   0.0053588 control    sound    timestep   1.82E-04       1,       1 x  1.63E-04 y  3.26E-04
 Wall clock    43.221781015396118     
 Average time per cell    2.9548030439941595E-009
 Step time per cell       2.8168253468013263E-009
 Step      32 time   0.0055408 control    sound    timestep   1.82E-04       1,       1 x  1.63E-04 y  3.26E-04
 Wall clock    44.568096876144409     
 Average time per cell    2.9516284251308711E-009
 Step time per cell       2.8529398655842265E-009
 Step      33 time   0.0057227 control    sound    timestep   1.82E-04       1,       1 x  1.63E-04 y  3.26E-04
 Wall clock    45.974765062332153     
 Average time per cell    2.9525220634853579E-009
 Step time per cell       2.9808704008852751E-009
 Step      34 time   0.0059047 control    sound    timestep   1.82E-04       1,       1 x  1.63E-04 y  3.26E-04
 Wall clock    47.343044042587280     
 Average time per cell    2.9509702721506803E-009
 Step time per cell       2.8995130681626808E-009
 Step      35 time   0.0060866 control    sound    timestep   1.82E-04       1,       1 x  1.63E-04 y  3.26E-04
 Wall clock    48.782119035720825     
 Average time per cell    2.9537939063009127E-009
 Step time per cell       3.0495473563658179E-009
 Step      36 time   0.0062686 control    sound    timestep   1.82E-04       1,       1 x  1.63E-04 y  3.26E-04
 Wall clock    50.121648073196411     
 Average time per cell    2.9506005224296437E-009
 Step time per cell       2.8386052185346167E-009
 Step      37 time   0.0064506 control    sound    timestep   1.82E-04       1,       1 x  1.63E-04 y  3.26E-04
 Wall clock    51.503784894943237     
 Average time per cell    2.9500202313525248E-009
 Step time per cell       2.9288690307617395E-009
 Step      38 time   0.0066325 control    sound    timestep   1.82E-04       1,       1 x  1.63E-04 y  3.26E-04
 Wall clock    52.873545885086060     
 Average time per cell    2.9487802764873649E-009
 Step time per cell       2.9026159609202296E-009
 Step      39 time   0.0068145 control    sound    timestep   1.82E-04       1,       1 x  1.63E-04 y  3.26E-04
 Wall clock    54.390244007110596     
 Average time per cell    2.9555885340541499E-009
 Step time per cell       3.2140709057178658E-009
 Step      40 time   0.0069965 control    sound    timestep   1.82E-04       1,       1 x  1.63E-04 y  3.26E-04
 Wall clock    55.831073045730591     
 Average time per cell    2.9580366900619184E-009
 Step time per cell       3.0532692107954063E-009
 Step      41 time   0.0071785 control    sound    timestep   1.82E-04       1,       1 x  1.63E-04 y  3.26E-04
 Wall clock    57.196086883544922     
 Average time per cell    2.9564465615055387E-009
 Step time per cell       2.8927762387967151E-009
 Step      42 time   0.0073605 control    sound    timestep   1.82E-04       1,       1 x  1.63E-04 y  3.26E-04
 Wall clock    58.523732900619507     
 Average time per cell    2.9530466120391676E-009
 Step time per cell       2.8134026150736542E-009
 Step      43 time   0.0075424 control    sound    timestep   1.82E-04       1,       1 x  1.63E-04 y  3.26E-04
 Wall clock    59.984555959701538     
 Average time per cell    2.9563684961137373E-009
 Step time per cell       3.0956097260867761E-009
 Step      44 time   0.0077244 control    sound    timestep   1.82E-04       1,       1 x  1.63E-04 y  3.26E-04
 Wall clock    61.346904039382935     
 Average time per cell    2.9547963016867849E-009
 Step time per cell       2.8870307586556820E-009
 Step      45 time   0.0079064 control    sound    timestep   1.82E-04       1,       1 x  1.63E-04 y  3.26E-04
 Wall clock    62.753527879714966     
 Average time per cell    2.9553791507539614E-009
 Step time per cell       2.9807870305376126E-009
 Step      46 time   0.0080884 control    sound    timestep   1.82E-04       1,       1 x  1.63E-04 y  3.26E-04
 Wall clock    64.079380035400391     
 Average time per cell    2.9522154082607138E-009
 Step time per cell       2.8096433703063262E-009
 Step      47 time   0.0082705 control    sound    timestep   1.82E-04       1,       1 x  1.63E-04 y  3.26E-04
 Wall clock    65.516439914703369     
 Average time per cell    2.9542007588191911E-009
 Step time per cell       3.0452959739098634E-009
 Step      48 time   0.0084525 control    sound    timestep   1.82E-04       1,       1 x  1.63E-04 y  3.26E-04
 Wall clock    66.883661985397339     
 Average time per cell    2.9530199362347453E-009
 Step time per cell       2.8972413525075859E-009
 Step      49 time   0.0086345 control    sound    timestep   1.82E-04       1,       1 x  1.63E-04 y  3.26E-04
 Wall clock    68.298741102218628     
 Average time per cell    2.9539571533816689E-009
 Step time per cell       2.9986954864903562E-009
 Step      50 time   0.0088165 control    sound    timestep   1.82E-04       1,       1 x  1.63E-04 y  3.26E-04
 Wall clock    69.746668100357056     
 Average time per cell    2.9562491565431828E-009
 Step time per cell       3.0683329694309375E-009
 Step      51 time   0.0089986 control    sound    timestep   1.82E-04       1,       1 x  1.63E-04 y  3.26E-04
 Wall clock    71.128711938858032     
 Average time per cell    2.9557135396578433E-009
 Step time per cell       2.9288397248213492E-009
 Step      52 time   0.0091806 control    sound    timestep   1.82E-04       1,       1 x  1.63E-04 y  3.26E-04
 Wall clock    72.448177099227905     
 Average time per cell    2.9526481098284235E-009
 Step time per cell       2.7960358137433003E-009
 Step      53 time   0.0093626 control    sound    timestep   1.82E-04       1,       1 x  1.63E-04 y  3.26E-04
 Wall clock    73.909910917282104     
 Average time per cell    2.9553871601545428E-009
 Step time per cell       3.0975616027717477E-009
 Step      54 time   0.0095447 control    sound    timestep   1.82E-04       1,       1 x  1.63E-04 y  3.26E-04
 Wall clock    75.258358001708984     
 Average time per cell    2.9535787292648829E-009
 Step time per cell       2.8574903707420972E-009
 Step      55 time   0.0097267 control    sound    timestep   1.82E-04       1,       1 x  1.63E-04 y  3.26E-04
 Wall clock    76.598433971405029     
 Average time per cell    2.9515135012310695E-009
 Step time per cell       2.8397516871336849E-009
 Step      56 time   0.0099087 control    sound    timestep   1.82E-04       1,       1 x  1.63E-04 y  3.26E-04
 Wall clock    77.996365070343018     
 Average time per cell    2.9517115135171309E-009
 Step time per cell       2.9623480360088351E-009
 Step      57 time   0.0100908 control    sound    timestep   1.82E-04       1,       1 x  1.63E-04 y  3.26E-04
 Wall clock    79.464200973510742     
 Average time per cell    2.9545016585645894E-009
 Step time per cell       3.1104956279806277E-009
 Step      58 time   0.0102728 control    sound    timestep   1.82E-04       1,       1 x  1.63E-04 y  3.26E-04
 Wall clock    80.818449020385742     
 Average time per cell    2.9530451771084192E-009
 Step time per cell       2.8697862338352327E-009
 Step      59 time   0.0104549 control    sound    timestep   1.82E-04       1,       1 x  1.63E-04 y  3.26E-04
 Wall clock    82.128571987152100     
 Average time per cell    2.9500530978255658E-009
 Step time per cell       2.7762962417909877E-009
 Step      60 time   0.0106370 control    sound    timestep   1.82E-04       1,       1 x  1.63E-04 y  3.26E-04
 Wall clock    83.676956892013550     
 Average time per cell    2.9555764689980101E-009
 Step time per cell       3.2812118257020806E-009
 Step      61 time   0.0108190 control    sound    timestep   1.82E-04       1,       1 x  1.63E-04 y  3.26E-04
 Wall clock    85.037072896957397     
 Average time per cell    2.9543778639050745E-009
 Step time per cell       2.8823448398422139E-009
 Step      62 time   0.0110011 control    sound    timestep   1.82E-04       1,       1 x  1.63E-04 y  3.26E-04
 Wall clock    86.379209041595459     
 Average time per cell    2.9526033381525491E-009
 Step time per cell       2.8441238302750411E-009
 Step      63 time   0.0111832 control    sound    timestep   1.82E-04       1,       1 x  1.63E-04 y  3.26E-04
 Wall clock    87.737515926361084     
 Average time per cell    2.9514291190213360E-009
 Step time per cell       2.8783733796444720E-009
 Step      64 time   0.0113653 control    sound    timestep   1.82E-04       1,       1 x  1.63E-04 y  3.26E-04
 Wall clock    89.170209884643555     
 Average time per cell    2.9527548248451138E-009
 Step time per cell       3.0360135699286020E-009
 Step      65 time   0.0115474 control    sound    timestep   1.82E-04       1,       1 x  1.63E-04 y  3.26E-04
 Wall clock    90.511405944824219     
 Average time per cell    2.9510565193640625E-009
 Step time per cell       2.8420638247755251E-009
 Step      66 time   0.0117295 control    sound    timestep   1.82E-04       1,       1 x  1.63E-04 y  3.26E-04
 Wall clock    91.921829938888550     
 Average time per cell    2.9516326036963336E-009
 Step time per cell       2.9888173634794333E-009
 Step      67 time   0.0119116 control    sound    timestep   1.82E-04       1,       1 x  1.63E-04 y  3.26E-04
 Wall clock    93.257966995239258     
 Average time per cell    2.9498417221764983E-009
 Step time per cell       2.8313615985098293E-009
 Step      68 time   0.0120937 control    sound    timestep   1.82E-04       1,       1 x  1.63E-04 y  3.26E-04
 Wall clock    94.648890972137451     
 Average time per cell    2.9498109933484596E-009
 Step time per cell       2.9474959875288833E-009
 Step      69 time   0.0122759 control    sound    timestep   1.82E-04       1,       1 x  1.63E-04 y  3.26E-04
 Wall clock    96.026122093200684     
 Average time per cell    2.9493605908011680E-009
 Step time per cell       2.9184704746714690E-009
 Step      70 time   0.0124580 control    sound    timestep   1.82E-04       1,       1 x  1.63E-04 y  3.26E-04
 Wall clock    97.514755964279175     
 Average time per cell    2.9522958169446424E-009
 Step time per cell       3.1545894469470821E-009
 Step      71 time   0.0126401 control    sound    timestep   1.82E-04       1,       1 x  1.63E-04 y  3.26E-04
 Wall clock    98.818069934844971     
 Average time per cell    2.9496167541063626E-009
 Step time per cell       2.7619570472678689E-009
 Step      72 time   0.0128222 control    sound    timestep   1.82E-04       1,       1 x  1.63E-04 y  3.26E-04
 Wall clock    100.24989604949951     
 Average time per cell    2.9507947865680267E-009
 Step time per cell       3.0341617376608256E-009
 Step      73 time   0.0130043 control    sound    timestep   1.82E-04       1,       1 x  1.63E-04 y  3.26E-04
 Wall clock    101.60147190093994     
 Average time per cell    2.9496107842008436E-009
 Step time per cell       2.8641615143796017E-009
 Step      74 time   0.0131865 control    sound    timestep   1.82E-04       1,       1 x  1.63E-04 y  3.26E-04
 Wall clock    102.96549510955811     
 Average time per cell    2.9488152601212884E-009
 Step time per cell       2.8904999756681112E-009
 Step      75 time   0.0133686 control    sound    timestep   1.82E-04       1,       1 x  1.63E-04 y  3.26E-04
 Wall clock    104.33630394935608     
 Average time per cell    2.9482326917113151E-009
 Step time per cell       2.9048578653601000E-009
 Step      76 time   0.0135508 control    sound    timestep   1.82E-04       1,       1 x  1.63E-04 y  3.26E-04
 Wall clock    105.74176907539368     
 Average time per cell    2.9486318520047840E-009
 Step time per cell       2.9783167418726307E-009
 Step      77 time   0.0137329 control    sound    timestep   1.82E-04       1,       1 x  1.63E-04 y  3.26E-04
 Wall clock    107.13361692428589     
 Average time per cell    2.9486458552495641E-009
 Step time per cell       2.9494135055251214E-009
 Step      78 time   0.0139151 control    sound    timestep   1.82E-04       1,       1 x  1.63E-04 y  3.26E-04
 Wall clock    108.50546193122864     
 Average time per cell    2.9481160180515343E-009
 Step time per cell       2.9070578319887218E-009
 Step      79 time   0.0140973 control    sound    timestep   1.82E-04       1,       1 x  1.63E-04 y  3.26E-04
 Wall clock    109.96396207809448     
 Average time per cell    2.9499242296525892E-009
 Step time per cell       3.0906994652468713E-009
 Step      80 time   0.0142795 control    sound    timestep   1.82E-04       1,       1 x  1.63E-04 y  3.26E-04
 Wall clock    111.39210891723633     
 Average time per cell    2.9508831479082193E-009
 Step time per cell       3.0264512436891285E-009
 Step      81 time   0.0144617 control    sound    timestep   1.82E-04       1,       1 x  1.63E-04 y  3.26E-04
 Wall clock    112.77166604995728     
 Average time per cell    2.9505470927348948E-009
 Step time per cell       2.9235287810378293E-009
 Step      82 time   0.0146438 control    sound    timestep   1.82E-04       1,       1 x  1.63E-04 y  3.26E-04
 Wall clock    114.25627994537354     
 Average time per cell    2.9529344084559686E-009
 Step time per cell       3.1460508075219373E-009
 Step      83 time   0.0148260 control    sound    timestep   1.82E-04       1,       1 x  1.63E-04 y  3.26E-04
 Wall clock    115.56590700149536     
 Average time per cell    2.9507961809777603E-009
 Step time per cell       2.7752220274932267E-009
 Step      84 time   0.0150082 control    sound    timestep   1.82E-04       1,       1 x  1.63E-04 y  3.26E-04
 Wall clock    116.98580408096313     
 Average time per cell    2.9514909189457145E-009
 Step time per cell       3.0089081014415975E-009
 Step      85 time   0.0151904 control    sound    timestep   1.82E-04       1,       1 x  1.63E-04 y  3.26E-04
 Wall clock    118.36301207542419     
 Average time per cell    2.9511049576160754E-009
 Step time per cell       2.9184214630125399E-009
 Step      86 time   0.0153726 control    sound    timestep   1.82E-04       1,       1 x  1.63E-04 y  3.26E-04
 Wall clock    119.76963901519775     
 Average time per cell    2.9514529357633604E-009
 Step time per cell       2.9807915780111216E-009
 Step      87 time   0.0155548 control    sound    timestep   1.82E-04       1,       1 x  1.63E-04 y  3.26E-04
 Wall clock    121.21695303916931     
 First step overhead -0.10003304481506348     
real 122.30
user 2876.44
sys 54.48
