
Clover Version    1.000
       MPI Version
   Task Count    192


Clover Version    1.000
       MPI Version
   Task Count    192

 Output file clover.out opened. All output will go there.
 Step       1 time   0.0000000 control    sound    timestep   1.93E-04       1,       1 x  1.63E-04 y  3.26E-04
 Wall clock    1.3170590400695801     
 Average time per cell    2.7912119549000634E-009
 Step time per cell       2.7912119549000634E-009
 Step       2 time   0.0001926 control    sound    timestep   1.62E-04       1,       1 x  1.63E-04 y  3.26E-04
 Wall clock    2.8818280696868896     
 Average time per cell    3.0536949048433194E-009
 Step time per cell       3.3158706476873096E-009
 Step       3 time   0.0003548 control    sound    timestep   1.48E-04       1,       1 x  1.63E-04 y  3.26E-04
 Wall clock    4.3042409420013428     
 Average time per cell    3.0406252133414251E-009
 Step time per cell       3.0142124766522710E-009
 Step       4 time   0.0005028 control    sound    timestep   1.54E-04       1,       1 x  1.63E-04 y  3.26E-04
 Wall clock    5.6314280033111572     
 Average time per cell    2.9836379174715451E-009
 Step time per cell       2.8123577067162840E-009
 Step       5 time   0.0006573 control    sound    timestep   1.68E-04       1,       1 x  1.63E-04 y  3.26E-04
 Wall clock    7.0336940288543701     
 Average time per cell    2.9812681532348505E-009
 Step time per cell       2.9714818891888072E-009
 Step       6 time   0.0008248 control    sound    timestep   1.74E-04       1,       1 x  1.63E-04 y  3.26E-04
 Wall clock    8.4450750350952148     
 Average time per cell    2.9829078374421916E-009
 Step time per cell       2.9908541263365704E-009
 Step       7 time   0.0009990 control    sound    timestep   1.77E-04       1,       1 x  1.63E-04 y  3.26E-04
 Wall clock    9.8007850646972656     
 Average time per cell    2.9672244434348410E-009
 Step time per cell       2.8728441571325272E-009
 Step       8 time   0.0011761 control    sound    timestep   1.83E-04       1,       1 x  1.63E-04 y  3.26E-04
 Wall clock    11.287002086639404     
 Average time per cell    2.9900344442365976E-009
 Step time per cell       3.1494609073787512E-009
 Step       9 time   0.0013593 control    sound    timestep   1.82E-04       1,       1 x  1.63E-04 y  3.26E-04
 Wall clock    12.661016941070557     
 Average time per cell    2.9813547348847935E-009
 Step time per cell       2.9116947391432608E-009
 Step      10 time   0.0015413 control    sound    timestep   1.82E-04       1,       1 x  1.63E-04 y  3.26E-04
 Wall clock    14.132590055465698     
 Average time per cell    2.9950862578213371E-009
 Step time per cell       3.1184683595913360E-009
 Step      11 time   0.0017234 control    sound    timestep   1.82E-04       1,       1 x  1.63E-04 y  3.26E-04
 Wall clock    15.484748125076294     
 Average time per cell    2.9833144611929488E-009
 Step time per cell       2.8654797764223381E-009
 Step      12 time   0.0019050 control    sound    timestep   1.81E-04       1,       1 x  1.63E-04 y  3.26E-04
 Wall clock    16.865444898605347     
 Average time per cell    2.9785447471416168E-009
 Step time per cell       2.9257671485538594E-009
 Step      13 time   0.0020863 control    sound    timestep   1.81E-04       1,       1 x  1.63E-04 y  3.26E-04
 Wall clock    18.265465021133423     
 Average time per cell    2.9776589517729379E-009
 Step time per cell       2.9667555483885939E-009
 Step      14 time   0.0022674 control    sound    timestep   1.81E-04       1,       1 x  1.63E-04 y  3.26E-04
 Wall clock    19.661188125610352     
 Average time per cell    2.9762492294327191E-009
 Step time per cell       2.9576070422384266E-009
 Step      15 time   0.0024489 control    sound    timestep   1.82E-04       1,       1 x  1.63E-04 y  3.26E-04
 Wall clock    21.046824932098389     
 Average time per cell    2.9736024266134742E-009
 Step time per cell       2.9362632226871535E-009
 Step      16 time   0.0026306 control    sound    timestep   1.82E-04       1,       1 x  1.63E-04 y  3.26E-04
 Wall clock    22.439980983734131     
 Average time per cell    2.9722824340044300E-009
 Step time per cell       2.9521960540377119E-009
 Step      17 time   0.0028124 control    sound    timestep   1.82E-04       1,       1 x  1.63E-04 y  3.26E-04
 Wall clock    23.743479967117310     
 Average time per cell    2.9599407878099467E-009
 Step time per cell       2.7622475802976018E-009
 Step      18 time   0.0029942 control    sound    timestep   1.82E-04       1,       1 x  1.63E-04 y  3.26E-04
 Wall clock    25.195261001586914     
 Average time per cell    2.9664288039957345E-009
 Step time per cell       3.0764557676674383E-009
 Step      19 time   0.0031760 control    sound    timestep   1.82E-04       1,       1 x  1.63E-04 y  3.26E-04
 Wall clock    26.603135108947754     
 Average time per cell    2.9673364548875856E-009
 Step time per cell       2.9834200176992452E-009
 Step      20 time   0.0033579 control    sound    timestep   1.82E-04       1,       1 x  1.63E-04 y  3.26E-04
 Wall clock    28.044176101684570     
 Average time per cell    2.9716678303278361E-009
 Step time per cell       3.0537077893515947E-009
 Step      21 time   0.0035397 control    sound    timestep   1.82E-04       1,       1 x  1.63E-04 y  3.26E-04
 Wall clock    29.424950122833252     
 Average time per cell    2.9695046765800006E-009
 Step time per cell       2.9261440835802610E-009
 Step      22 time   0.0037216 control    sound    timestep   1.82E-04       1,       1 x  1.63E-04 y  3.26E-04
 Wall clock    30.774857997894287     
 Average time per cell    2.9645648145092172E-009
 Step time per cell       2.8606306538373852E-009
 Step      23 time   0.0039035 control    sound    timestep   1.82E-04       1,       1 x  1.63E-04 y  3.26E-04
 Wall clock    32.196161985397339     
 Average time per cell    2.9666331180993912E-009
 Step time per cell       3.0118346532819691E-009
 Step      24 time   0.0040854 control    sound    timestep   1.82E-04       1,       1 x  1.63E-04 y  3.26E-04
 Wall clock    33.530388116836548     
 Average time per cell    2.9608398116815131E-009
 Step time per cell       2.8273290000571351E-009
 Step      25 time   0.0042673 control    sound    timestep   1.82E-04       1,       1 x  1.63E-04 y  3.26E-04
 Wall clock    34.963402032852173     
 Average time per cell    2.9638843140370834E-009
 Step time per cell       3.0367002384284407E-009
 Step      26 time   0.0044492 control    sound    timestep   1.82E-04       1,       1 x  1.63E-04 y  3.26E-04
 Wall clock    36.363255023956299     
 Average time per cell    2.9639916561775779E-009
 Step time per cell       2.9664210564482750E-009
 Step      27 time   0.0046311 control    sound    timestep   1.82E-04       1,       1 x  1.63E-04 y  3.26E-04
 Wall clock    37.679277896881104     
 Average time per cell    2.9575110774476717E-009
 Step time per cell       2.7888654585694893E-009
 Step      28 time   0.0048130 control    sound    timestep   1.82E-04       1,       1 x  1.63E-04 y  3.26E-04
 Wall clock    39.108042001724243     
 Average time per cell    2.9600266049191491E-009
 Step time per cell       3.0276765351623503E-009
 Step      29 time   0.0049950 control    sound    timestep   1.82E-04       1,       1 x  1.63E-04 y  3.26E-04
 Wall clock    40.504462003707886     
 Average time per cell    2.9600049894857507E-009
 Step time per cell       2.9591198350923756E-009
 Step      30 time   0.0051769 control    sound    timestep   1.82E-04       1,       1 x  1.63E-04 y  3.26E-04
 Wall clock    41.939696073532104     
 Average time per cell    2.9627267394971566E-009
 Step time per cell       3.0414220317551451E-009
 Step      31 time   0.0053588 control    sound    timestep   1.82E-04       1,       1 x  1.63E-04 y  3.26E-04
 Wall clock    43.280631065368652     
 Average time per cell    2.9588262541144487E-009
 Step time per cell       2.8417187220636858E-009
 Step      32 time   0.0055408 control    sound    timestep   1.82E-04       1,       1 x  1.63E-04 y  3.26E-04
 Wall clock    44.665900945663452     
 Average time per cell    2.9581057327100604E-009
 Step time per cell       2.9355194581310370E-009
 Step      33 time   0.0057227 control    sound    timestep   1.82E-04       1,       1 x  1.63E-04 y  3.26E-04
 Wall clock    46.115817070007324     
 Average time per cell    2.9615804929127887E-009
 Step time per cell       3.0725206872577677E-009
 Step      34 time   0.0059047 control    sound    timestep   1.82E-04       1,       1 x  1.63E-04 y  3.26E-04
 Wall clock    47.494717121124268     
 Average time per cell    2.9604243061043399E-009
 Step time per cell       2.9221327066706080E-009
 Step      35 time   0.0060866 control    sound    timestep   1.82E-04       1,       1 x  1.63E-04 y  3.26E-04
 Wall clock    48.885927915573120     
 Average time per cell    2.9600796118583751E-009
 Step time per cell       2.9481609292108462E-009
 Step      36 time   0.0062686 control    sound    timestep   1.82E-04       1,       1 x  1.63E-04 y  3.26E-04
 Wall clock    50.277404069900513     
 Average time per cell    2.9597696887063694E-009
 Step time per cell       2.9486424561279515E-009
 Step      37 time   0.0064506 control    sound    timestep   1.82E-04       1,       1 x  1.63E-04 y  3.26E-04
 Wall clock    51.584938049316406     
 Average time per cell    2.9546685003627977E-009
 Step time per cell       2.7708160309379712E-009
 Step      38 time   0.0066325 control    sound    timestep   1.82E-04       1,       1 x  1.63E-04 y  3.26E-04
 Wall clock    52.943536996841431     
 Average time per cell    2.9526837107363603E-009
 Step time per cell       2.8789711197734709E-009
 Step      39 time   0.0068145 control    sound    timestep   1.82E-04       1,       1 x  1.63E-04 y  3.26E-04
 Wall clock    54.402512073516846     
 Average time per cell    2.9562551858970904E-009
 Step time per cell       3.0916766667764429E-009
 Step      40 time   0.0069965 control    sound    timestep   1.82E-04       1,       1 x  1.63E-04 y  3.26E-04
 Wall clock    55.871288061141968     
 Average time per cell    2.9601673582470136E-009
 Step time per cell       3.1124773158808238E-009
 Step      41 time   0.0071785 control    sound    timestep   1.82E-04       1,       1 x  1.63E-04 y  3.26E-04
 Wall clock    57.204350948333740     
 Average time per cell    2.9568737282447370E-009
 Step time per cell       2.8250628424252175E-009
 Step      42 time   0.0073605 control    sound    timestep   1.82E-04       1,       1 x  1.63E-04 y  3.26E-04
 Wall clock    58.566939115524292     
 Average time per cell    2.9552267526457191E-009
 Step time per cell       2.8874102200562547E-009
 Step      43 time   0.0075424 control    sound    timestep   1.82E-04       1,       1 x  1.63E-04 y  3.26E-04
 Wall clock    59.971168041229248     
 Average time per cell    2.9557086659330052E-009
 Step time per cell       2.9756948707573530E-009
 Step      44 time   0.0077244 control    sound    timestep   1.82E-04       1,       1 x  1.63E-04 y  3.26E-04
 Wall clock    61.369352102279663     
 Average time per cell    2.9558775209311122E-009
 Step time per cell       2.9628437106213014E-009
 Step      45 time   0.0079064 control    sound    timestep   1.82E-04       1,       1 x  1.63E-04 y  3.26E-04
 Wall clock    62.789874076843262     
 Average time per cell    2.9570908759243463E-009
 Step time per cell       3.0102031208419553E-009
 Step      46 time   0.0080884 control    sound    timestep   1.82E-04       1,       1 x  1.63E-04 y  3.26E-04
 Wall clock    64.175991058349609     
 Average time per cell    2.9566663962446947E-009
 Step time per cell       2.9372808462034704E-009
 Step      47 time   0.0082705 control    sound    timestep   1.82E-04       1,       1 x  1.63E-04 y  3.26E-04
 Wall clock    65.565012931823730     
 Average time per cell    2.9563909639680347E-009
 Step time per cell       2.9434755156722127E-009
 Step      48 time   0.0084525 control    sound    timestep   1.82E-04       1,       1 x  1.63E-04 y  3.26E-04
 Wall clock    66.947791099548340     
 Average time per cell    2.9558513385078791E-009
 Step time per cell       2.9302110407216887E-009
 Step      49 time   0.0086345 control    sound    timestep   1.82E-04       1,       1 x  1.63E-04 y  3.26E-04
 Wall clock    68.306829929351807     
 Average time per cell    2.9543069994899122E-009
 Step time per cell       2.8799417527301961E-009
 Step      50 time   0.0088165 control    sound    timestep   1.82E-04       1,       1 x  1.63E-04 y  3.26E-04
 Wall clock    69.839082956314087     
 Average time per cell    2.9601662087467655E-009
 Step time per cell       3.2469809715015192E-009
 Step      51 time   0.0089986 control    sound    timestep   1.82E-04       1,       1 x  1.63E-04 y  3.26E-04
 Wall clock    71.198023080825806     
 Average time per cell    2.9585937251016540E-009
 Step time per cell       2.8798255395183029E-009
 Step      52 time   0.0091806 control    sound    timestep   1.82E-04       1,       1 x  1.63E-04 y  3.26E-04
 Wall clock    72.580490112304688     
 Average time per cell    2.9580405680462719E-009
 Step time per cell       2.9295562045364123E-009
 Step      53 time   0.0093626 control    sound    timestep   1.82E-04       1,       1 x  1.63E-04 y  3.26E-04
 Wall clock    73.934468030929565     
 Average time per cell    2.9563691093608596E-009
 Step time per cell       2.8691844515075598E-009
 Step      54 time   0.0095447 control    sound    timestep   1.82E-04       1,       1 x  1.63E-04 y  3.26E-04
 Wall clock    75.380053997039795     
 Average time per cell    2.9583547928515694E-009
 Step time per cell       3.0633267063725120E-009
 Step      55 time   0.0097267 control    sound    timestep   1.82E-04       1,       1 x  1.63E-04 y  3.26E-04
 Wall clock    76.797804117202759     
 Average time per cell    2.9591956906252297E-009
 Step time per cell       3.0043389011148571E-009
 Step      56 time   0.0099087 control    sound    timestep   1.82E-04       1,       1 x  1.63E-04 y  3.26E-04
 Wall clock    78.418114900588989     
 Average time per cell    2.9676723064161098E-009
 Step time per cell       3.4336891177291466E-009
 Step      57 time   0.0100908 control    sound    timestep   1.82E-04       1,       1 x  1.63E-04 y  3.26E-04
 Wall clock    79.978014945983887     
 Average time per cell    2.9736054086214436E-009
 Step time per cell       3.3056742015307667E-009
 Step      58 time   0.0102728 control    sound    timestep   1.82E-04       1,       1 x  1.63E-04 y  3.26E-04
 Wall clock    81.332281112670898     
 Average time per cell    2.9718202142485585E-009
 Step time per cell       2.8698054342789368E-009
 Step      59 time   0.0104549 control    sound    timestep   1.82E-04       1,       1 x  1.63E-04 y  3.26E-04
 Wall clock    82.712784051895142     
 Average time per cell    2.9710379581449670E-009
 Step time per cell       2.9254023401234815E-009
 Step      60 time   0.0106370 control    sound    timestep   1.82E-04       1,       1 x  1.63E-04 y  3.26E-04
 Wall clock    84.214505910873413     
 Average time per cell    2.9745633835571222E-009
 Step time per cell       3.1822987188610974E-009
 Step      61 time   0.0108190 control    sound    timestep   1.82E-04       1,       1 x  1.63E-04 y  3.26E-04
 Wall clock    85.518331050872803     
 Average time per cell    2.9710978471819490E-009
 Step time per cell       2.7630615780556886E-009
 Step      62 time   0.0110011 control    sound    timestep   1.82E-04       1,       1 x  1.63E-04 y  3.26E-04
 Wall clock    86.965878963470459     
 Average time per cell    2.9726568161704791E-009
 Step time per cell       3.0674911815569632E-009
 Step      63 time   0.0111832 control    sound    timestep   1.82E-04       1,       1 x  1.63E-04 y  3.26E-04
 Wall clock    88.271673917770386     
 Average time per cell    2.9693978229828951E-009
 Step time per cell       2.7671537989388322E-009
 Step      64 time   0.0113653 control    sound    timestep   1.82E-04       1,       1 x  1.63E-04 y  3.26E-04
 Wall clock    89.693586111068726     
 Average time per cell    2.9700857437673119E-009
 Step time per cell       3.0131428098280189E-009
 Step      65 time   0.0115474 control    sound    timestep   1.82E-04       1,       1 x  1.63E-04 y  3.26E-04
 Wall clock    91.035600900650024     
 Average time per cell    2.9681475028225507E-009
 Step time per cell       2.8438585609870237E-009
 Step      66 time   0.0117295 control    sound    timestep   1.82E-04       1,       1 x  1.63E-04 y  3.26E-04
 Wall clock    92.452243089675903     
 Average time per cell    2.9686643006320240E-009
 Step time per cell       3.0019802781882594E-009
 Step      67 time   0.0119116 control    sound    timestep   1.82E-04       1,       1 x  1.63E-04 y  3.26E-04
 Wall clock    93.884232044219971     
 Average time per cell    2.9696511050115167E-009
 Step time per cell       3.0345068403726652E-009
 Step      68 time   0.0120937 control    sound    timestep   1.82E-04       1,       1 x  1.63E-04 y  3.26E-04
 Wall clock    95.294883012771606     
 Average time per cell    2.9699438697457034E-009
 Step time per cell       2.9892711002806511E-009
 Step      69 time   0.0122759 control    sound    timestep   1.82E-04       1,       1 x  1.63E-04 y  3.26E-04
 Wall clock    96.697168111801147     
 Average time per cell    2.9699711979852558E-009
 Step time per cell       2.9716557037318124E-009
 Step      70 time   0.0124580 control    sound    timestep   1.82E-04       1,       1 x  1.63E-04 y  3.26E-04
 Wall clock    98.157500982284546     
 Average time per cell    2.9717551634738422E-009
 Step time per cell       3.0945754285009266E-009
 Step      71 time   0.0126401 control    sound    timestep   1.82E-04       1,       1 x  1.63E-04 y  3.26E-04
 Wall clock    99.530327081680298     
 Average time per cell    2.9708768901819069E-009
 Step time per cell       2.9092749779617104E-009
 Step      72 time   0.0128222 control    sound    timestep   1.82E-04       1,       1 x  1.63E-04 y  3.26E-04
 Wall clock    100.91104793548584     
 Average time per cell    2.9702553906701478E-009
 Step time per cell       2.9258621402227114E-009
 Step      73 time   0.0130043 control    sound    timestep   1.82E-04       1,       1 x  1.63E-04 y  3.26E-04
 Wall clock    102.32621312141418     
 Average time per cell    2.9706508782041070E-009
 Step time per cell       2.9989415553346690E-009
 Step      74 time   0.0131865 control    sound    timestep   1.82E-04       1,       1 x  1.63E-04 y  3.26E-04
 Wall clock    103.68914389610291     
 Average time per cell    2.9695397424584153E-009
 Step time per cell       2.8882383655097025E-009
 Step      75 time   0.0133686 control    sound    timestep   1.82E-04       1,       1 x  1.63E-04 y  3.26E-04
 Wall clock    105.00757312774658     
 Average time per cell    2.9672007561506082E-009
 Step time per cell       2.7938590897570570E-009
 Step      76 time   0.0135508 control    sound    timestep   1.82E-04       1,       1 x  1.63E-04 y  3.26E-04
 Wall clock    106.43367290496826     
 Average time per cell    2.9679257383114627E-009
 Step time per cell       3.0220457524087071E-009
 Step      77 time   0.0137329 control    sound    timestep   1.82E-04       1,       1 x  1.63E-04 y  3.26E-04
 Wall clock    107.88323211669922     
 Average time per cell    2.9692775653849907E-009
 Step time per cell       3.0717405429135802E-009
 Step      78 time   0.0139151 control    sound    timestep   1.82E-04       1,       1 x  1.63E-04 y  3.26E-04
 Wall clock    109.22130298614502     
 Average time per cell    2.9675655687268307E-009
 Step time per cell       2.8355553796346713E-009
 Step      79 time   0.0140973 control    sound    timestep   1.82E-04       1,       1 x  1.63E-04 y  3.26E-04
 Wall clock    110.61409211158752     
 Average time per cell    2.9673648011087540E-009
 Step time per cell       2.9514421839849092E-009
 Step      80 time   0.0142795 control    sound    timestep   1.82E-04       1,       1 x  1.63E-04 y  3.26E-04
 Wall clock    112.09880495071411     
 Average time per cell    2.9696041994813841E-009
 Step time per cell       3.1462433172338125E-009
 Step      81 time   0.0144617 control    sound    timestep   1.82E-04       1,       1 x  1.63E-04 y  3.26E-04
 Wall clock    113.47622799873352     
 Average time per cell    2.9689811842263909E-009
 Step time per cell       2.9190318350123965E-009
 Step      82 time   0.0146438 control    sound    timestep   1.82E-04       1,       1 x  1.63E-04 y  3.26E-04
 Wall clock    114.74575209617615     
 Average time per cell    2.9655847341691551E-009
 Step time per cell       2.6902049891456653E-009
 Step      83 time   0.0148260 control    sound    timestep   1.82E-04       1,       1 x  1.63E-04 y  3.26E-04
 Wall clock    116.23001408576965     
 Average time per cell    2.9677531252780505E-009
 Step time per cell       3.1452923899956256E-009
 Step      84 time   0.0150082 control    sound    timestep   1.82E-04       1,       1 x  1.63E-04 y  3.26E-04
 Wall clock    117.54151511192322     
 Average time per cell    2.9655112188814360E-009
 Step time per cell       2.7792000562638149E-009
 Step      85 time   0.0151904 control    sound    timestep   1.82E-04       1,       1 x  1.63E-04 y  3.26E-04
 Wall clock    118.92749691009521     
 Average time per cell    2.9651790671278813E-009
 Step time per cell       2.9370100188922758E-009
 Step      86 time   0.0153726 control    sound    timestep   1.82E-04       1,       1 x  1.63E-04 y  3.26E-04
 Wall clock    120.38932394981384     
 Average time per cell    2.9667236749470102E-009
 Step time per cell       3.0977121746723748E-009
 Step      87 time   0.0155548 control    sound    timestep   1.82E-04       1,       1 x  1.63E-04 y  3.26E-04
 Wall clock    121.89076495170593     
 First step overhead -0.24756503105163574     
real 122.94
user 2888.80
sys 56.63
