
Clover Version    1.000
       MPI Version
   Task Count     24

 Output file clover.out opened. All output will go there.

Clover Version    1.000
       MPI Version
   Task Count     24

 Step       1 time   0.0000000 control    sound    timestep   7.70E-04       1,       1 x  6.51E-04 y  6.51E-04
 Wall clock    1.2895219326019287     
 Average time per cell    2.1862825734489082E-008
 Step time per cell       2.1862825734489082E-008
 Step       2 time   0.0007703 control    sound    timestep   4.70E-04       1,       1 x  6.51E-04 y  6.51E-04
 Wall clock    2.5939588546752930     
 Average time per cell    2.1989261666830215E-008
 Step time per cell       2.2113648204443355E-008
 Step       3 time   0.0012405 control    sound    timestep   5.97E-04       1,       1 x  6.51E-04 y  6.51E-04
 Wall clock    3.8774828910827637     
 Average time per cell    2.1913219825364649E-008
 Step time per cell       2.1758997819334681E-008
 Step       4 time   0.0018380 control    sound    timestep   6.29E-04       1,       1 x  6.51E-04 y  6.51E-04
 Wall clock    5.1556937694549561     
 Average time per cell    2.1852678805266299E-008
 Step time per cell       2.1669038687832654E-008
 Step       5 time   0.0024675 control    sound    timestep   6.93E-04       1,       1 x  6.51E-04 y  6.51E-04
 Wall clock    6.4373288154602051     
 Average time per cell    2.1827965004680056E-008
 Step time per cell       2.1727072534203116E-008
 Step       6 time   0.0031602 control    sound    timestep   6.91E-04       1,       1 x  6.51E-04 y  6.51E-04
 Wall clock    7.7169067859649658     
 Average time per cell    2.1805676455928566E-008
 Step time per cell       2.1692216655032501E-008
 Step       7 time   0.0038513 control    sound    timestep   7.04E-04       1,       1 x  6.51E-04 y  6.51E-04
 Wall clock    8.9931669235229492     
 Average time per cell    2.1781720172998214E-008
 Step time per cell       2.1636046262251006E-008
 Step       8 time   0.0045556 control    sound    timestep   7.41E-04       1,       1 x  6.51E-04 y  6.51E-04
 Wall clock    10.273202896118164     
 Average time per cell    2.1771754998351551E-008
 Step time per cell       2.1699981718686306E-008
 Step       9 time   0.0052964 control    sound    timestep   7.33E-04       1,       1 x  6.51E-04 y  6.51E-04
 Wall clock    11.551342964172363     
 Average time per cell    2.1760432799864147E-008
 Step time per cell       2.1667854323621010E-008
 Step      10 time   0.0060292 control    sound    timestep   7.28E-04       1,       1 x  6.51E-04 y  6.51E-04
 Wall clock    12.882605791091919     
 Average time per cell    2.1841440482401392E-008
 Step time per cell       2.2568359175541748E-008
 Step      11 time   0.0067568 control    sound    timestep   7.22E-04       1,       1 x  6.51E-04 y  6.51E-04
 Wall clock    14.157342910766602     
 Average time per cell    2.1820596884936094E-008
 Step time per cell       2.1611004841462192E-008
 Step      12 time   0.0074792 control    sound    timestep   7.20E-04       1,       1 x  6.51E-04 y  6.51E-04
 Wall clock    15.435944795608521     
 Average time per cell    2.1808687557091213E-008
 Step time per cell       2.1675700231248305E-008
 Step      13 time   0.0081988 control    sound    timestep   7.21E-04       1,       1 x  6.51E-04 y  6.51E-04
 Wall clock    16.715425968170166     
 Average time per cell    2.1799757174200292E-008
 Step time per cell       2.1690539142582566E-008
 Step      14 time   0.0089202 control    sound    timestep   7.24E-04       1,       1 x  6.51E-04 y  6.51E-04
 Wall clock    17.992685794830322     
 Average time per cell    2.1789412477075875E-008
 Step time per cell       2.1652829471147724E-008
 Step      15 time   0.0096444 control    sound    timestep   7.25E-04       1,       1 x  6.51E-04 y  6.51E-04
 Wall clock    19.272656917572021     
 Average time per cell    2.1783511598456512E-008
 Step time per cell       2.1698777143481290E-008
 Step      16 time   0.0103697 control    sound    timestep   7.26E-04       1,       1 x  6.51E-04 y  6.51E-04
 Wall clock    20.550812959671021     
 Average time per cell    2.1776425001007737E-008
 Step time per cell       2.1667906872203781E-008
 Step      17 time   0.0110953 control    sound    timestep   7.26E-04       1,       1 x  6.51E-04 y  6.51E-04
 Wall clock    21.828996896743774     
 Average time per cell    2.1770199940743815E-008
 Step time per cell       2.1668379809448703E-008
 Step      18 time   0.0118213 control    sound    timestep   7.26E-04       1,       1 x  6.51E-04 y  6.51E-04
 Wall clock    23.107420921325684     
 Average time per cell    2.1764892692401728E-008
 Step time per cell       2.1672567527275534E-008
 Step      19 time   0.0125475 control    sound    timestep   7.26E-04       1,       1 x  6.51E-04 y  6.51E-04
 Wall clock    24.386116981506348     
 Average time per cell    2.1760386846447636E-008
 Step time per cell       2.1677078620996327E-008
 Step      20 time   0.0132737 control    sound    timestep   7.26E-04       1,       1 x  6.51E-04 y  6.51E-04
 Wall clock    25.716171979904175     
 Average time per cell    2.1799869096462823E-008
 Step time per cell       2.2548051169400827E-008
 Step      21 time   0.0140001 control    sound    timestep   7.27E-04       1,       1 x  6.51E-04 y  6.51E-04
 Wall clock    26.991232872009277     
 Average time per cell    2.1791192006920932E-008
 Step time per cell       2.1616684130599930E-008
 Step      22 time   0.0147268 control    sound    timestep   7.27E-04       1,       1 x  6.51E-04 y  6.51E-04
 Wall clock    28.270465850830078     
 Average time per cell    2.1786518945274029E-008
 Step time per cell       2.1686298876172967E-008
 Step      23 time   0.0154537 control    sound    timestep   7.27E-04       1,       1 x  6.51E-04 y  6.51E-04
 Wall clock    29.549987792968750     
 Average time per cell    2.1782465243109182E-008
 Step time per cell       2.1691165683377121E-008
 Step      24 time   0.0161807 control    sound    timestep   7.27E-04       1,       1 x  6.51E-04 y  6.51E-04
 Wall clock    30.828294992446899     
 Average time per cell    2.1777891224364456E-008
 Step time per cell       2.1670651525103799E-008
 Step      25 time   0.0169080 control    sound    timestep   7.27E-04       1,       1 x  6.51E-04 y  6.51E-04
 Wall clock    32.108475923538208     
 Average time per cell    2.1774953832694641E-008
 Step time per cell       2.1702459586473803E-008
 Step      26 time   0.0176355 control    sound    timestep   7.28E-04       1,       1 x  6.51E-04 y  6.51E-04
 Wall clock    33.386526823043823     
 Average time per cell    2.1770853432577946E-008
 Step time per cell       2.1666342541316731E-008
 Step      27 time   0.0183631 control    sound    timestep   7.28E-04       1,       1 x  6.51E-04 y  6.51E-04
 Wall clock    34.664589881896973     
 Average time per cell    2.1767064401067394E-008
 Step time per cell       2.1666682086005392E-008
 Step      28 time   0.0190909 control    sound    timestep   7.28E-04       1,       1 x  6.51E-04 y  6.51E-04
 Wall clock    35.942425966262817     
 Average time per cell    2.1763408579909804E-008
 Step time per cell       2.1662700520310966E-008
 Step      29 time   0.0198188 control    sound    timestep   7.28E-04       1,       1 x  6.51E-04 y  6.51E-04
 Wall clock    37.221960783004761     
 Average time per cell    2.1760998010747778E-008
 Step time per cell       2.1691569903244576E-008
 Step      30 time   0.0205468 control    sound    timestep   7.28E-04       1,       1 x  6.51E-04 y  6.51E-04
 Wall clock    38.551647901535034     
 Average time per cell    2.1787091234862736E-008
 Step time per cell       2.2541927238408889E-008
 Step      31 time   0.0212748 control    sound    timestep   7.28E-04       1,       1 x  6.51E-04 y  6.51E-04
 Wall clock    39.827129840850830     
 Average time per cell    2.1781855670478210E-008
 Step time per cell       2.1623891370836646E-008
 Step      32 time   0.0220028 control    sound    timestep   7.28E-04       1,       1 x  6.51E-04 y  6.51E-04
 Wall clock    41.105394840240479     
 Average time per cell    2.1778421847152965E-008
 Step time per cell       2.1669940098137077E-008
 Step      33 time   0.0227308 control    sound    timestep   7.28E-04       1,       1 x  6.51E-04 y  6.51E-04
 Wall clock    42.421305894851685     
 Average time per cell    2.1794537320044771E-008
 Step time per cell       2.2308587277722028E-008
 Step      34 time   0.0234590 control    sound    timestep   7.28E-04       1,       1 x  6.51E-04 y  6.51E-04
 Wall clock    43.700590848922729     
 Average time per cell    2.1791441100337572E-008
 Step time per cell       2.1687232624066786E-008
 Step      35 time   0.0241873 control    sound    timestep   7.28E-04       1,       1 x  6.51E-04 y  6.51E-04
 Wall clock    44.979049921035767     
 Average time per cell    2.1788121745293400E-008
 Step time per cell       2.1673246616652857E-008
 Step      36 time   0.0249157 control    sound    timestep   7.29E-04       1,       1 x  6.51E-04 y  6.51E-04
 Wall clock    46.258119821548462     
 Average time per cell    2.1785274468668459E-008
 Step time per cell       2.1683788670796072E-008
 Step      37 time   0.0256442 control    sound    timestep   7.29E-04       1,       1 x  6.51E-04 y  6.51E-04
 Wall clock    47.538402795791626     
 Average time per cell    2.1783136955830171E-008
 Step time per cell       2.1704048170552899E-008
 Step      38 time   0.0263728 control    sound    timestep   7.29E-04       1,       1 x  6.51E-04 y  6.51E-04
 Wall clock    48.816012859344482     
 Average time per cell    2.1779919388684938E-008
 Step time per cell       2.1658714912417863E-008
 Step      39 time   0.0271016 control    sound    timestep   7.29E-04       1,       1 x  6.51E-04 y  6.51E-04
 Wall clock    50.095382928848267     
 Average time per cell    2.1777631940639862E-008
 Step time per cell       2.1688910136516725E-008
 Step      40 time   0.0278304 control    sound    timestep   7.29E-04       1,       1 x  6.51E-04 y  6.51E-04
 Wall clock    51.425729990005493     
 Average time per cell    2.1797065730627056E-008
 Step time per cell       2.2553051369161241E-008
 Step      41 time   0.0285593 control    sound    timestep   7.29E-04       1,       1 x  6.51E-04 y  6.51E-04
 Wall clock    52.700649976730347     
 Average time per cell    2.1792631475652410E-008
 Step time per cell       2.1614295191183273E-008
 Step      42 time   0.0292882 control    sound    timestep   7.29E-04       1,       1 x  6.51E-04 y  6.51E-04
 Wall clock    53.983583927154541     
 Average time per cell    2.1791643385772923E-008
 Step time per cell       2.1749130812370116E-008
 Step      43 time   0.0300171 control    sound    timestep   7.29E-04       1,       1 x  6.51E-04 y  6.51E-04
 Wall clock    55.262247800827026     
 Average time per cell    2.1789017630811991E-008
 Step time per cell       2.1676702696519594E-008
 Step      44 time   0.0307460 control    sound    timestep   7.29E-04       1,       1 x  6.51E-04 y  6.51E-04
 Wall clock    56.540455818176270     
 Average time per cell    2.1786335576443245E-008
 Step time per cell       2.1669091236415422E-008
 Step      45 time   0.0314750 control    sound    timestep   7.29E-04       1,       1 x  6.51E-04 y  6.51E-04
 Wall clock    57.819638967514038     
 Average time per cell    2.1784140115437088E-008
 Step time per cell       2.1685656166583712E-008
 Step      46 time   0.0322040 control    sound    timestep   7.29E-04       1,       1 x  6.51E-04 y  6.51E-04
 Wall clock    59.101168870925903     
 Average time per cell    2.1782905051899750E-008
 Step time per cell       2.1725362684163782E-008
 Step      47 time   0.0329331 control    sound    timestep   7.29E-04       1,       1 x  6.51E-04 y  6.51E-04
 Wall clock    60.378682851791382     
 Average time per cell    2.1780273889056043E-008
 Step time per cell       2.1656883796418294E-008
 Step      48 time   0.0336623 control    sound    timestep   7.29E-04       1,       1 x  6.51E-04 y  6.51E-04
 Wall clock    61.658105850219727     
 Average time per cell    2.1778426647263891E-008
 Step time per cell       2.1689589225894048E-008
 Step      49 time   0.0343915 control    sound    timestep   7.29E-04       1,       1 x  6.51E-04 y  6.51E-04
 Wall clock    62.936399936676025     
 Average time per cell    2.1776264194713784E-008
 Step time per cell       2.1670481752759467E-008
 Step      50 time   0.0351209 control    sound    timestep   7.29E-04       1,       1 x  6.51E-04 y  6.51E-04
 Wall clock    64.268080949783325     
 Average time per cell    2.1792290903653742E-008
 Step time per cell       2.2575497698400997E-008
 Step      51 time   0.0358503 control    sound    timestep   7.30E-04       1,       1 x  6.51E-04 y  6.51E-04
 Wall clock    65.543374776840210     
 Average time per cell    2.1788944012291672E-008
 Step time per cell       2.1620584852320867E-008
 Step      52 time   0.0365798 control    sound    timestep   7.30E-04       1,       1 x  6.51E-04 y  6.51E-04
 Wall clock    66.822707891464233     
 Average time per cell    2.1787042826942456E-008
 Step time per cell       2.1688081485788441E-008
 Step      53 time   0.0373094 control    sound    timestep   7.30E-04       1,       1 x  6.51E-04 y  6.51E-04
 Wall clock    68.102651834487915     
 Average time per cell    2.1785408782795173E-008
 Step time per cell       2.1698283995242995E-008
 Step      54 time   0.0380391 control    sound    timestep   7.30E-04       1,       1 x  6.51E-04 y  6.51E-04
 Wall clock    69.382079839706421     
 Average time per cell    2.1783673271432390E-008
 Step time per cell       2.1689621563483443E-008
 Step      55 time   0.0387688 control    sound    timestep   7.30E-04       1,       1 x  6.51E-04 y  6.51E-04
 Wall clock    70.661403894424438     
 Average time per cell    2.1781968825962393E-008
 Step time per cell       2.1688028937205674E-008
 Step      56 time   0.0394984 control    sound    timestep   7.30E-04       1,       1 x  6.51E-04 y  6.51E-04
 Wall clock    71.941964864730835     
 Average time per cell    2.1780699734379248E-008
 Step time per cell       2.1708898808962357E-008
 Step      57 time   0.0402281 control    sound    timestep   7.30E-04       1,       1 x  6.51E-04 y  6.51E-04
 Wall clock    73.223383903503418     
 Average time per cell    2.1779730398167964E-008
 Step time per cell       2.1723414344402652E-008
 Step      58 time   0.0409578 control    sound    timestep   7.30E-04       1,       1 x  6.51E-04 y  6.51E-04
 Wall clock    74.504005908966064     
 Average time per cell    2.1778561503374841E-008
 Step time per cell       2.1709901274233642E-008
 Step      59 time   0.0416876 control    sound    timestep   7.30E-04       1,       1 x  6.51E-04 y  6.51E-04
 Wall clock    75.782790899276733     
 Average time per cell    2.1776904348391870E-008
 Step time per cell       2.1678788471035661E-008
 Step      60 time   0.0424174 control    sound    timestep   7.30E-04       1,       1 x  6.51E-04 y  6.51E-04
 Wall clock    77.114385843276978     
 Average time per cell    2.1790224949385176E-008
 Step time per cell       2.2574240574613213E-008
 Step      61 time   0.0431473 control    sound    timestep   7.30E-04       1,       1 x  6.51E-04 y  6.51E-04
 Wall clock    78.390744924545288     
 Average time per cell    2.1787756671327488E-008
 Step time per cell       2.1638572636422598E-008
 Step      62 time   0.0438772 control    sound    timestep   7.30E-04       1,       1 x  6.51E-04 y  6.51E-04
 Wall clock    79.672281980514526     
 Average time per cell    2.1786783958220268E-008
 Step time per cell       2.1725399063951854E-008
 Step      63 time   0.0446072 control    sound    timestep   7.30E-04       1,       1 x  6.51E-04 y  6.51E-04
 Wall clock    80.950078964233398     
 Average time per cell    2.1784835617424265E-008
 Step time per cell       2.1661750603622448E-008
 Step      64 time   0.0453372 control    sound    timestep   7.30E-04       1,       1 x  6.51E-04 y  6.51E-04
 Wall clock    82.229999780654907     
 Average time per cell    2.1783510785806154E-008
 Step time per cell       2.1698081885309270E-008
 Step      65 time   0.0460673 control    sound    timestep   7.30E-04       1,       1 x  6.51E-04 y  6.51E-04
 Wall clock    83.509964942932129     
 Average time per cell    2.1782238285144807E-008
 Step time per cell       2.1698898409441528E-008
 Step      66 time   0.0467975 control    sound    timestep   7.30E-04       1,       1 x  6.51E-04 y  6.51E-04
 Wall clock    84.790107965469360     
 Average time per cell    2.1781050034203671E-008
 Step time per cell       2.1701934100646113E-008
 Step      67 time   0.0475278 control    sound    timestep   7.30E-04       1,       1 x  6.51E-04 y  6.51E-04
 Wall clock    86.070055961608887     
 Average time per cell    2.1779847902417257E-008
 Step time per cell       2.1698421429997932E-008
 Step      68 time   0.0482581 control    sound    timestep   7.30E-04       1,       1 x  6.51E-04 y  6.51E-04
 Wall clock    87.349808931350708     
 Average time per cell    2.1778632502175799E-008
 Step time per cell       2.1695167460064920E-008
 Step      69 time   0.0489885 control    sound    timestep   7.30E-04       1,       1 x  6.51E-04 y  6.51E-04
 Wall clock    88.629293918609619     
 Average time per cell    2.1777386484096268E-008
 Step time per cell       2.1690741252516293E-008
 Step      70 time   0.0497188 control    sound    timestep   7.30E-04       1,       1 x  6.51E-04 y  6.51E-04
 Wall clock    89.964791774749756     
 Average time per cell    2.1789742551470501E-008
 Step time per cell       2.2640431577908909E-008
 Step      71 time   0.0504492 control    sound    timestep   7.30E-04       1,       1 x  6.51E-04 y  6.51E-04
 Wall clock    91.241231918334961     
 Average time per cell    2.1787648069554233E-008
 Step time per cell       2.1639898477587849E-008
 Step      72 time   0.0511795 control    sound    timestep   7.30E-04       1,       1 x  6.51E-04 y  6.51E-04
 Wall clock    92.521506786346436     
 Average time per cell    2.1786514749961766E-008
 Step time per cell       2.1704100719135670E-008
 Step      73 time   0.0519100 control    sound    timestep   7.30E-04       1,       1 x  6.51E-04 y  6.51E-04
 Wall clock    93.803149938583374     
 Average time per cell    2.1785730263484071E-008
 Step time per cell       2.1727209968958050E-008
 Step      74 time   0.0526404 control    sound    timestep   7.30E-04       1,       1 x  6.51E-04 y  6.51E-04
 Wall clock    95.085199832916260     
 Average time per cell    2.1785060168410352E-008
 Step time per cell       2.1734142339684898E-008
 Step      75 time   0.0533709 control    sound    timestep   7.31E-04       1,       1 x  6.51E-04 y  6.51E-04
 Wall clock    96.366196870803833     
 Average time per cell    2.1784169937880641E-008
 Step time per cell       2.1716239441755330E-008
 Step      76 time   0.0541014 control    sound    timestep   7.31E-04       1,       1 x  6.51E-04 y  6.51E-04
 Wall clock    97.647244930267334     
 Average time per cell    2.1783314516450611E-008
 Step time per cell       2.1717124683265058E-008
 Step      77 time   0.0548320 control    sound    timestep   7.31E-04       1,       1 x  6.51E-04 y  6.51E-04
 Wall clock    98.928102970123291     
 Average time per cell    2.1782439474377937E-008
 Step time per cell       2.1713971768298911E-008
 Step      78 time   0.0555626 control    sound    timestep   7.31E-04       1,       1 x  6.51E-04 y  6.51E-04
 Wall clock    100.21031785011292     
 Average time per cell    2.1781881794315547E-008
 Step time per cell       2.1736959752161057E-008
 Step      79 time   0.0562933 control    sound    timestep   7.31E-04       1,       1 x  6.51E-04 y  6.51E-04
 Wall clock    101.53194379806519     
 Average time per cell    2.1789796252043345E-008
 Step time per cell       2.2404613749434552E-008
 Step      80 time   0.0570241 control    sound    timestep   7.31E-04       1,       1 x  6.51E-04 y  6.51E-04
 Wall clock    102.86591291427612     
 Average time per cell    2.1800128706672694E-008
 Step time per cell       2.2614440240431577E-008
 Step      81 time   0.0577549 control    sound    timestep   7.31E-04       1,       1 x  6.51E-04 y  6.51E-04
 Wall clock    104.14241600036621     
 Average time per cell    2.1798177753205938E-008
 Step time per cell       2.1641236445349123E-008
 Step      82 time   0.0584859 control    sound    timestep   7.31E-04       1,       1 x  6.51E-04 y  6.51E-04
 Wall clock    105.42525196075439     
 Average time per cell    2.1797583760569998E-008
 Step time per cell       2.1747235021191753E-008
 Step      83 time   0.0592168 control    sound    timestep   7.31E-04       1,       1 x  6.51E-04 y  6.51E-04
 Wall clock    106.70654392242432     
 Average time per cell    2.1796688692110631E-008
 Step time per cell       2.1721174966336951E-008
 Step      84 time   0.0599477 control    sound    timestep   7.31E-04       1,       1 x  6.51E-04 y  6.51E-04
 Wall clock    107.98843479156494     
 Average time per cell    2.1795935815793990E-008
 Step time per cell       2.1731361306996809E-008
 Step      85 time   0.0606786 control    sound    timestep   7.31E-04       1,       1 x  6.51E-04 y  6.51E-04
 Wall clock    109.27061676979065     
 Average time per cell    2.1795258719209290E-008
 Step time per cell       2.1736397886545295E-008
 Step      86 time   0.0614096 control    sound    timestep   7.31E-04       1,       1 x  6.51E-04 y  6.51E-04
 Wall clock    110.55370378494263     
 Average time per cell    2.1794775789826194E-008
 Step time per cell       2.1751657186541707E-008
 Step      87 time   0.0621405 control    sound    timestep   7.31E-04       1,       1 x  6.51E-04 y  6.51E-04
 Wall clock    111.88615179061890     
 First step overhead  -1.4794111251831055E-002
real 112.28
user 2687.31
sys 5.81
