
Clover Version    1.000
       MPI Version
   Task Count     96


Clover Version    1.000
       MPI Version
   Task Count     96

 Output file clover.out opened. All output will go there.
 Step       1 time   0.0000000 control    sound    timestep   3.85E-04       1,       1 x  3.26E-04 y  3.26E-04
 Wall clock    1.3961291313171387     
 Average time per cell    5.9175666441054394E-009
 Step time per cell       5.9175666441054394E-009
 Step       2 time   0.0003852 control    sound    timestep   2.35E-04       1,       1 x  3.26E-04 y  3.26E-04
 Wall clock    2.8094561100006104     
 Average time per cell    5.9540136337293211E-009
 Step time per cell       5.9897017005520564E-009
 Step       3 time   0.0006203 control    sound    timestep   2.99E-04       1,       1 x  3.26E-04 y  3.26E-04
 Wall clock    4.2369580268859863     
 Average time per cell    5.9861897036036544E-009
 Step time per cell       6.0496475068955783E-009
 Step       4 time   0.0009190 control    sound    timestep   3.15E-04       1,       1 x  3.26E-04 y  3.26E-04
 Wall clock    5.6194911003112793     
 Average time per cell    5.9546270373781830E-009
 Step time per cell       5.8593882891323624E-009
 Step       5 time   0.0012337 control    sound    timestep   3.46E-04       1,       1 x  3.26E-04 y  3.26E-04
 Wall clock    6.9906880855560303     
 Average time per cell    5.9260797166239681E-009
 Step time per cell       5.8114033486668225E-009
 Step       6 time   0.0015801 control    sound    timestep   3.46E-04       1,       1 x  3.26E-04 y  3.26E-04
 Wall clock    8.3849160671234131     
 Average time per cell    5.9233178506945950E-009
 Step time per cell       5.9089405921339577E-009
 Step       7 time   0.0019257 control    sound    timestep   3.52E-04       1,       1 x  3.26E-04 y  3.26E-04
 Wall clock    9.7340281009674072     
 Average time per cell    5.8940270444884568E-009
 Step time per cell       5.7177688480199623E-009
 Step       8 time   0.0022778 control    sound    timestep   3.70E-04       1,       1 x  3.26E-04 y  3.26E-04
 Wall clock    11.073274135589600     
 Average time per cell    5.8668317453541225E-009
 Step time per cell       5.6759856508708452E-009
 Step       9 time   0.0026482 control    sound    timestep   3.66E-04       1,       1 x  3.26E-04 y  3.26E-04
 Wall clock    12.538640022277832     
 Average time per cell    5.9050760256344984E-009
 Step time per cell       6.2104239380763223E-009
 Step      10 time   0.0030146 control    sound    timestep   3.64E-04       1,       1 x  3.26E-04 y  3.26E-04
 Wall clock    13.991196155548096     
 Average time per cell    5.9302419685991480E-009
 Step time per cell       6.1562898028771290E-009
 Step      11 time   0.0033784 control    sound    timestep   3.61E-04       1,       1 x  3.26E-04 y  3.26E-04
 Wall clock    15.353574991226196     
 Average time per cell    5.9160849026867633E-009
 Step time per cell       5.7744131885960492E-009
 Step      12 time   0.0037396 control    sound    timestep   3.60E-04       1,       1 x  3.26E-04 y  3.26E-04
 Wall clock    16.740614175796509     
 Average time per cell    5.9129976964161166E-009
 Step time per cell       5.8784017811477602E-009
 Step      13 time   0.0040994 control    sound    timestep   3.61E-04       1,       1 x  3.26E-04 y  3.26E-04
 Wall clock    18.115632057189941     
 Average time per cell    5.9064659891992361E-009
 Step time per cell       5.8276408607424753E-009
 Step      14 time   0.0044601 control    sound    timestep   3.62E-04       1,       1 x  3.26E-04 y  3.26E-04
 Wall clock    19.469053983688354     
 Average time per cell    5.8943291266572605E-009
 Step time per cell       5.7359860268964746E-009
 Step      15 time   0.0048222 control    sound    timestep   3.63E-04       1,       1 x  3.26E-04 y  3.26E-04
 Wall clock    20.838225126266479     
 Average time per cell    5.8882607710849562E-009
 Step time per cell       5.8027863916423587E-009
 Step      16 time   0.0051849 control    sound    timestep   3.63E-04       1,       1 x  3.26E-04 y  3.26E-04
 Wall clock    22.227262020111084     
 Average time per cell    5.8882135868366785E-009
 Step time per cell       5.8869631579404490E-009
 Step      17 time   0.0055477 control    sound    timestep   3.63E-04       1,       1 x  3.26E-04 y  3.26E-04
 Wall clock    23.602775096893311     
 Average time per cell    5.8848001060967813E-009
 Step time per cell       5.8297134981128491E-009
 Step      18 time   0.0059107 control    sound    timestep   3.63E-04       1,       1 x  3.26E-04 y  3.26E-04
 Wall clock    24.962154150009155     
 Average time per cell    5.8779667395154120E-009
 Step time per cell       5.7612528002613947E-009
 Step      19 time   0.0062737 control    sound    timestep   3.63E-04       1,       1 x  3.26E-04 y  3.26E-04
 Wall clock    26.340250968933105     
 Average time per cell    5.8760282659102557E-009
 Step time per cell       5.8405769070506923E-009
 Step      20 time   0.0066369 control    sound    timestep   3.63E-04       1,       1 x  3.26E-04 y  3.26E-04
 Wall clock    27.805732965469360     
 Average time per cell    5.8928029728930493E-009
 Step time per cell       6.2109666032483799E-009
 Step      21 time   0.0070000 control    sound    timestep   3.63E-04       1,       1 x  3.26E-04 y  3.26E-04
 Wall clock    29.169811010360718     
 Average time per cell    5.8875131375672511E-009
 Step time per cell       5.7815254371639132E-009
 Step      22 time   0.0073634 control    sound    timestep   3.63E-04       1,       1 x  3.26E-04 y  3.26E-04
 Wall clock    30.555939197540283     
 Average time per cell    5.8869524093667010E-009
 Step time per cell       5.8746556735261241E-009
 Step      23 time   0.0077269 control    sound    timestep   3.64E-04       1,       1 x  3.26E-04 y  3.26E-04
 Wall clock    31.885995149612427     
 Average time per cell    5.8761071743458232E-009
 Step time per cell       5.6370340138932482E-009
 Step      24 time   0.0080904 control    sound    timestep   3.64E-04       1,       1 x  3.26E-04 y  3.26E-04
 Wall clock    33.326624155044556     
 Average time per cell    5.8856936128129885E-009
 Step time per cell       6.1055632411605784E-009
 Step      25 time   0.0084540 control    sound    timestep   3.64E-04       1,       1 x  3.26E-04 y  3.26E-04
 Wall clock    34.710636138916016     
 Average time per cell    5.8849141674323212E-009
 Step time per cell       5.8656607709255896E-009
 Step      26 time   0.0088177 control    sound    timestep   3.64E-04       1,       1 x  3.26E-04 y  3.26E-04
 Wall clock    36.085766077041626     
 Average time per cell    5.8827467171826531E-009
 Step time per cell       5.8280733760006519E-009
 Step      27 time   0.0091816 control    sound    timestep   3.64E-04       1,       1 x  3.26E-04 y  3.26E-04
 Wall clock    37.453835964202881     
 Average time per cell    5.8796315078111943E-009
 Step time per cell       5.7981014833785593E-009
 Step      28 time   0.0095455 control    sound    timestep   3.64E-04       1,       1 x  3.26E-04 y  3.26E-04
 Wall clock    38.826907157897949     
 Average time per cell    5.8774958955519466E-009
 Step time per cell       5.8192826044331825E-009
 Step      29 time   0.0099094 control    sound    timestep   3.64E-04       1,       1 x  3.26E-04 y  3.26E-04
 Wall clock    40.206130981445312     
 Average time per cell    5.8764068167157103E-009
 Step time per cell       5.8453790390760531E-009
 Step      30 time   0.0102734 control    sound    timestep   3.64E-04       1,       1 x  3.26E-04 y  3.26E-04
 Wall clock    41.651125192642212     
 Average time per cell    5.8846827178732149E-009
 Step time per cell       6.1241745344078582E-009
 Step      31 time   0.0106374 control    sound    timestep   3.64E-04       1,       1 x  3.26E-04 y  3.26E-04
 Wall clock    43.008193016052246     
 Average time per cell    5.8804027346884134E-009
 Step time per cell       5.7517576755748856E-009
 Step      32 time   0.0110014 control    sound    timestep   3.64E-04       1,       1 x  3.26E-04 y  3.26E-04
 Wall clock    44.398436069488525     
 Average time per cell    5.8807844677883419E-009
 Step time per cell       5.8921007924557974E-009
 Step      33 time   0.0113654 control    sound    timestep   3.64E-04       1,       1 x  3.26E-04 y  3.26E-04
 Wall clock    45.774909973144531     
 Average time per cell    5.8793745423833328E-009
 Step time per cell       5.8337274013966732E-009
 Step      34 time   0.0117295 control    sound    timestep   3.64E-04       1,       1 x  3.26E-04 y  3.26E-04
 Wall clock    47.119355201721191     
 Average time per cell    5.8740547531378744E-009
 Step time per cell       5.6979792538590523E-009
 Step      35 time   0.0120936 control    sound    timestep   3.64E-04       1,       1 x  3.26E-04 y  3.26E-04
 Wall clock    48.527362108230591     
 Average time per cell    5.8767363664209991E-009
 Step time per cell       5.9674069537625961E-009
 Step      36 time   0.0124578 control    sound    timestep   3.64E-04       1,       1 x  3.26E-04 y  3.26E-04
 Wall clock    49.887955188751221     
 Average time per cell    5.8736866125355495E-009
 Step time per cell       5.7664237829158083E-009
 Step      37 time   0.0128221 control    sound    timestep   3.64E-04       1,       1 x  3.26E-04 y  3.26E-04
 Wall clock    51.269739151000977     
 Average time per cell    5.8732292417006134E-009
 Step time per cell       5.8562384058152223E-009
 Step      38 time   0.0131864 control    sound    timestep   3.64E-04       1,       1 x  3.26E-04 y  3.26E-04
 Wall clock    52.634893178939819     
 Average time per cell    5.8709410259112775E-009
 Step time per cell       5.7857343765337845E-009
 Step      39 time   0.0135508 control    sound    timestep   3.64E-04       1,       1 x  3.26E-04 y  3.26E-04
 Wall clock    54.035699129104614     
 Average time per cell    5.8726448351547169E-009
 Step time per cell       5.9367842671539015E-009
 Step      40 time   0.0139152 control    sound    timestep   3.64E-04       1,       1 x  3.26E-04 y  3.26E-04
 Wall clock    55.494946002960205     
 Average time per cell    5.8804560770416478E-009
 Step time per cell       6.1845821619499479E-009
 Step      41 time   0.0142797 control    sound    timestep   3.64E-04       1,       1 x  3.26E-04 y  3.26E-04
 Wall clock    56.852133989334106     
 Average time per cell    5.8773355033620306E-009
 Step time per cell       5.7523043829456180E-009
 Step      42 time   0.0146441 control    sound    timestep   3.64E-04       1,       1 x  3.26E-04 y  3.26E-04
 Wall clock    58.223790168762207     
 Average time per cell    5.8758236283360041E-009
 Step time per cell       5.8133405723815989E-009
 Step      43 time   0.0150085 control    sound    timestep   3.64E-04       1,       1 x  3.26E-04 y  3.26E-04
 Wall clock    59.607491970062256     
 Average time per cell    5.8755694219369672E-009
 Step time per cell       5.8643713095484094E-009
 Step      44 time   0.0153730 control    sound    timestep   3.64E-04       1,       1 x  3.26E-04 y  3.26E-04
 Wall clock    60.992282152175903     
 Average time per cell    5.8754316149023717E-009
 Step time per cell       5.8689753738387181E-009
 Step      45 time   0.0157375 control    sound    timestep   3.65E-04       1,       1 x  3.26E-04 y  3.26E-04
 Wall clock    62.409214973449707     
 Average time per cell    5.8783274496054670E-009
 Step time per cell       6.0052570916013795E-009
 Step      46 time   0.0161020 control    sound    timestep   3.65E-04       1,       1 x  3.26E-04 y  3.26E-04
 Wall clock    63.778534173965454     
 Average time per cell    5.8767101429709332E-009
 Step time per cell       5.8034220273839312E-009
 Step      47 time   0.0164666 control    sound    timestep   3.65E-04       1,       1 x  3.26E-04 y  3.26E-04
 Wall clock    65.187025070190430     
 Average time per cell    5.8786942385220743E-009
 Step time per cell       5.9694411902455615E-009
 Step      48 time   0.0168311 control    sound    timestep   3.65E-04       1,       1 x  3.26E-04 y  3.26E-04
 Wall clock    66.548654079437256     
 Average time per cell    5.8764576099040116E-009
 Step time per cell       5.7707721781399517E-009
 Step      49 time   0.0171958 control    sound    timestep   3.65E-04       1,       1 x  3.26E-04 y  3.26E-04
 Wall clock    67.943571090698242     
 Average time per cell    5.8771917201016868E-009
 Step time per cell       5.9119196925570978E-009
 Step      50 time   0.0175604 control    sound    timestep   3.65E-04       1,       1 x  3.26E-04 y  3.26E-04
 Wall clock    69.418215990066528     
 Average time per cell    5.8846550827082760E-009
 Step time per cell       6.2497747421730308E-009
 Step      51 time   0.0179251 control    sound    timestep   3.65E-04       1,       1 x  3.26E-04 y  3.26E-04
 Wall clock    70.772659063339233     
 Average time per cell    5.8818359261422781E-009
 Step time per cell       5.7406699246106049E-009
 Step      52 time   0.0182899 control    sound    timestep   3.65E-04       1,       1 x  3.26E-04 y  3.26E-04
 Wall clock    72.135336160659790     
 Average time per cell    5.8797963591241256E-009
 Step time per cell       5.7752357760263193E-009
 Step      53 time   0.0186547 control    sound    timestep   3.65E-04       1,       1 x  3.26E-04 y  3.26E-04
 Wall clock    73.519081115722656     
 Average time per cell    5.8795186101343769E-009
 Step time per cell       5.8645289552967165E-009
 Step      54 time   0.0190195 control    sound    timestep   3.65E-04       1,       1 x  3.26E-04 y  3.26E-04
 Wall clock    74.941433191299438     
 Average time per cell    5.8822814871783661E-009
 Step time per cell       6.0280358916821167E-009
 Step      55 time   0.0193844 control    sound    timestep   3.65E-04       1,       1 x  3.26E-04 y  3.26E-04
 Wall clock    76.358473062515259     
 Average time per cell    5.8845345131086297E-009
 Step time per cell       6.0056299844291063E-009
 Step      56 time   0.0197492 control    sound    timestep   3.65E-04       1,       1 x  3.26E-04 y  3.26E-04
 Wall clock    77.723083972930908     
 Average time per cell    5.8827388076881309E-009
 Step time per cell       5.7834879246204060E-009
 Step      57 time   0.0201141 control    sound    timestep   3.65E-04       1,       1 x  3.26E-04 y  3.26E-04
 Wall clock    79.112715005874634     
 Average time per cell    5.8828666200600366E-009
 Step time per cell       5.8894763949663482E-009
 Step      58 time   0.0204789 control    sound    timestep   3.65E-04       1,       1 x  3.26E-04 y  3.26E-04
 Wall clock    80.479528188705444     
 Average time per cell    5.8813225310391717E-009
 Step time per cell       5.7928385407042998E-009
 Step      59 time   0.0208438 control    sound    timestep   3.65E-04       1,       1 x  3.26E-04 y  3.26E-04
 Wall clock    81.863149166107178     
 Average time per cell    5.8810382538493516E-009
 Step time per cell       5.8640206488133924E-009
 Step      60 time   0.0212087 control    sound    timestep   3.65E-04       1,       1 x  3.26E-04 y  3.26E-04
 Wall clock    83.301990985870361     
 Average time per cell    5.8846643932392237E-009
 Step time per cell       6.0981205428510698E-009
 Step      61 time   0.0215736 control    sound    timestep   3.65E-04       1,       1 x  3.26E-04 y  3.26E-04
 Wall clock    84.654321193695068     
 Average time per cell    5.8821604295251193E-009
 Step time per cell       5.7316679481623898E-009
 Step      62 time   0.0219386 control    sound    timestep   3.65E-04       1,       1 x  3.26E-04 y  3.26E-04
 Wall clock    86.035387039184570     
 Average time per cell    5.8817017147915041E-009
 Step time per cell       5.8531693664715728E-009
 Step      63 time   0.0223036 control    sound    timestep   3.65E-04       1,       1 x  3.26E-04 y  3.26E-04
 Wall clock    87.435343980789185     
 Average time per cell    5.8825285291445821E-009
 Step time per cell       5.9332402694659931E-009
 Step      64 time   0.0226686 control    sound    timestep   3.65E-04       1,       1 x  3.26E-04 y  3.26E-04
 Wall clock    88.766340970993042     
 Average time per cell    5.8787624684302702E-009
 Step time per cell       5.6409539360578899E-009
 Step      65 time   0.0230337 control    sound    timestep   3.65E-04       1,       1 x  3.26E-04 y  3.26E-04
 Wall clock    90.164512157440186     
 Average time per cell    5.8794926151008404E-009
 Step time per cell       5.9255772713287219E-009
 Step      66 time   0.0233988 control    sound    timestep   3.65E-04       1,       1 x  3.26E-04 y  3.26E-04
 Wall clock    91.556483983993530     
 Average time per cell    5.8798025101680005E-009
 Step time per cell       5.8994171720567266E-009
 Step      67 time   0.0237639 control    sound    timestep   3.65E-04       1,       1 x  3.26E-04 y  3.26E-04
 Wall clock    92.923793077468872     
 Average time per cell    5.8785429413619207E-009
 Step time per cell       5.7948727771872652E-009
 Step      68 time   0.0241291 control    sound    timestep   3.65E-04       1,       1 x  3.26E-04 y  3.26E-04
 Wall clock    94.334896087646484     
 Average time per cell    5.8800501659896004E-009
 Step time per cell       5.9804955930707771E-009
 Step      69 time   0.0244942 control    sound    timestep   3.65E-04       1,       1 x  3.26E-04 y  3.26E-04
 Wall clock    95.704526185989380     
 Average time per cell    5.8789660925866328E-009
 Step time per cell       5.8047236153571351E-009
 Step      70 time   0.0248594 control    sound    timestep   3.65E-04       1,       1 x  3.26E-04 y  3.26E-04
 Wall clock    97.143329143524170     
 Average time per cell    5.8821014612303336E-009
 Step time per cell       6.0978577999372240E-009
 Step      71 time   0.0252246 control    sound    timestep   3.65E-04       1,       1 x  3.26E-04 y  3.26E-04
 Wall clock    98.512013196945190     
 Average time per cell    5.8809625567073664E-009
 Step time per cell       5.8010826049010377E-009
 Step      72 time   0.0255898 control    sound    timestep   3.65E-04       1,       1 x  3.26E-04 y  3.26E-04
 Wall clock    99.843963146209717     
 Average time per cell    5.8776927963427387E-009
 Step time per cell       5.6450951685999626E-009
 Step      73 time   0.0259550 control    sound    timestep   3.65E-04       1,       1 x  3.26E-04 y  3.26E-04
 Wall clock    101.24578404426575     
 Average time per cell    5.8785694908633147E-009
 Step time per cell       5.9411791476628021E-009
 Step      74 time   0.0263202 control    sound    timestep   3.65E-04       1,       1 x  3.26E-04 y  3.26E-04
 Wall clock    102.63153505325317     
 Average time per cell    5.8785020440621809E-009
 Step time per cell       5.8730266674602815E-009
 Step      75 time   0.0266854 control    sound    timestep   3.65E-04       1,       1 x  3.26E-04 y  3.26E-04
 Wall clock    103.98481416702271     
 Average time per cell    5.8766012780661519E-009
 Step time per cell       5.7354191085323690E-009
 Step      76 time   0.0270507 control    sound    timestep   3.65E-04       1,       1 x  3.26E-04 y  3.26E-04
 Wall clock    105.38569808006287     
 Average time per cell    5.8774054722514270E-009
 Step time per cell       5.9371905081206935E-009
 Step      77 time   0.0274160 control    sound    timestep   3.65E-04       1,       1 x  3.26E-04 y  3.26E-04
 Wall clock    106.77373504638672     
 Average time per cell    5.8774816034923474E-009
 Step time per cell       5.8827885772593112E-009
 Step      78 time   0.0277813 control    sound    timestep   3.65E-04       1,       1 x  3.26E-04 y  3.26E-04
 Wall clock    108.13348197937012     
 Average time per cell    5.8760184904446355E-009
 Step time per cell       5.7629020173206097E-009
 Step      79 time   0.0281467 control    sound    timestep   3.65E-04       1,       1 x  3.26E-04 y  3.26E-04
 Wall clock    109.54482316970825     
 Average time per cell    5.8773605824030976E-009
 Step time per cell       5.9814626891036625E-009
 Step      80 time   0.0285121 control    sound    timestep   3.65E-04       1,       1 x  3.26E-04 y  3.26E-04
 Wall clock    110.97448706626892     
 Average time per cell    5.8796398939699027E-009
 Step time per cell       6.0592012434628689E-009
 Step      81 time   0.0288775 control    sound    timestep   3.65E-04       1,       1 x  3.26E-04 y  3.26E-04
 Wall clock    112.33548402786255     
 Average time per cell    5.8782697359910583E-009
 Step time per cell       5.7684196185113654E-009
 Step      82 time   0.0292429 control    sound    timestep   3.65E-04       1,       1 x  3.26E-04 y  3.26E-04
 Wall clock    113.70906519889832     
 Average time per cell    5.8775834700679163E-009
 Step time per cell       5.8214653917174372E-009
 Step      83 time   0.0296084 control    sound    timestep   3.65E-04       1,       1 x  3.26E-04 y  3.26E-04
 Wall clock    115.10302519798279     
 Average time per cell    5.8779544242022816E-009
 Step time per cell       5.9078603145381848E-009
 Step      84 time   0.0299738 control    sound    timestep   3.65E-04       1,       1 x  3.26E-04 y  3.26E-04
 Wall clock    116.45217108726501     
 Average time per cell    5.8760552727868326E-009
 Step time per cell       5.7180275487351333E-009
 Step      85 time   0.0303393 control    sound    timestep   3.65E-04       1,       1 x  3.26E-04 y  3.26E-04
 Wall clock    117.81367897987366     
 Average time per cell    5.8748172425849099E-009
 Step time per cell       5.7702891353983432E-009
 Step      86 time   0.0307048 control    sound    timestep   3.65E-04       1,       1 x  3.26E-04 y  3.26E-04
 Wall clock    119.20421004295349     
 Average time per cell    5.8750384250884090E-009
 Step time per cell       5.8932750511707528E-009
 Step      87 time   0.0310703 control    sound    timestep   3.66E-04       1,       1 x  3.26E-04 y  3.26E-04
 Wall clock    120.66683006286621     
 First step overhead  -1.7017841339111328E-002
real 121.66
user 2864.17
sys 50.23
