
Clover Version    1.000
       MPI Version
   Task Count    384


Clover Version    1.000
       MPI Version
   Task Count    384

 Output file clover.out opened. All output will go there.
 Step       1 time   0.0000000 control    sound    timestep   1.93E-04       1,       1 x  1.63E-04 y  1.63E-04
 Wall clock    1.2993118762969971     
 Average time per cell    1.3768004060289563E-009
 Step time per cell       1.3768004060289563E-009
 Step       2 time   0.0001926 control    sound    timestep   1.18E-04       1,       1 x  1.63E-04 y  1.63E-04
 Wall clock    2.7565388679504395     
 Average time per cell    1.4604668447443854E-009
 Step time per cell       1.5439933223307080E-009
 Step       3 time   0.0003101 control    sound    timestep   1.49E-04       1,       1 x  1.63E-04 y  1.63E-04
 Wall clock    4.1290159225463867     
 Average time per cell    1.4584209027277582E-009
 Step time per cell       1.4542029526233414E-009
 Step       4 time   0.0004595 control    sound    timestep   1.57E-04       1,       1 x  1.63E-04 y  1.63E-04
 Wall clock    5.5572578907012939     
 Average time per cell    1.4721705888910542E-009
 Step time per cell       1.5132743808660760E-009
 Step       5 time   0.0006169 control    sound    timestep   1.73E-04       1,       1 x  1.63E-04 y  1.63E-04
 Wall clock    6.9900798797607422     
 Average time per cell    1.4813910335457573E-009
 Step time per cell       1.5181288088367889E-009
 Step       6 time   0.0007900 control    sound    timestep   1.73E-04       1,       1 x  1.63E-04 y  1.63E-04
 Wall clock    8.3604779243469238     
 Average time per cell    1.4765135313576105E-009
 Step time per cell       1.4519628166453913E-009
 Step       7 time   0.0009628 control    sound    timestep   1.76E-04       1,       1 x  1.63E-04 y  1.63E-04
 Wall clock    9.7316858768463135     
 Average time per cell    1.4731522025526613E-009
 Step time per cell       1.4528665006865695E-009
 Step       8 time   0.0011389 control    sound    timestep   1.85E-04       1,       1 x  1.63E-04 y  1.63E-04
 Wall clock    11.125597000122070     
 Average time per cell    1.4736383491253946E-009
 Step time per cell       1.4769067193911825E-009
 Step       9 time   0.0013241 control    sound    timestep   1.83E-04       1,       1 x  1.63E-04 y  1.63E-04
 Wall clock    12.536881923675537     
 Average time per cell    1.4760620121514989E-009
 Step time per cell       1.4953073130325518E-009
 Step      10 time   0.0015073 control    sound    timestep   1.82E-04       1,       1 x  1.63E-04 y  1.63E-04
 Wall clock    14.110152959823608     
 Average time per cell    1.4951656087052671E-009
 Step time per cell       1.6669772170037808E-009
 Step      11 time   0.0016892 control    sound    timestep   1.81E-04       1,       1 x  1.63E-04 y  1.63E-04
 Wall clock    15.430703878402710     
 Average time per cell    1.4864511083740379E-009
 Step time per cell       1.3992881678051264E-009
 Step      12 time   0.0018698 control    sound    timestep   1.80E-04       1,       1 x  1.63E-04 y  1.63E-04
 Wall clock    16.873372077941895     
 Average time per cell    1.4899723686944021E-009
 Step time per cell       1.5285523760313581E-009
 Step      13 time   0.0020497 control    sound    timestep   1.80E-04       1,       1 x  1.63E-04 y  1.63E-04
 Wall clock    18.235848903656006     
 Average time per cell    1.4864154476309234E-009
 Step time per cell       1.4436128973708644E-009
 Step      14 time   0.0022300 control    sound    timestep   1.81E-04       1,       1 x  1.63E-04 y  1.63E-04
 Wall clock    19.667669057846069     
 Average time per cell    1.4886151463528338E-009
 Step time per cell       1.5170563630009484E-009
 Step      15 time   0.0024111 control    sound    timestep   1.81E-04       1,       1 x  1.63E-04 y  1.63E-04
 Wall clock    21.052814960479736     
 Average time per cell    1.4872243641379842E-009
 Step time per cell       1.4675033020871020E-009
 Step      16 time   0.0025924 control    sound    timestep   1.81E-04       1,       1 x  1.63E-04 y  1.63E-04
 Wall clock    22.445293903350830     
 Average time per cell    1.4864930777649635E-009
 Step time per cell       1.4753903896133932E-009
 Step      17 time   0.0027738 control    sound    timestep   1.81E-04       1,       1 x  1.63E-04 y  1.63E-04
 Wall clock    23.836287021636963     
 Average time per cell    1.4857552111779608E-009
 Step time per cell       1.4738114057561486E-009
 Step      18 time   0.0029553 control    sound    timestep   1.82E-04       1,       1 x  1.63E-04 y  1.63E-04
 Wall clock    25.247395038604736     
 Average time per cell    1.4862834694123408E-009
 Step time per cell       1.4951630570673540E-009
 Step      19 time   0.0031369 control    sound    timestep   1.82E-04       1,       1 x  1.63E-04 y  1.63E-04
 Wall clock    26.596885919570923     
 Average time per cell    1.4833197074784687E-009
 Step time per cell       1.4298406212118506E-009
 Step      20 time   0.0033184 control    sound    timestep   1.82E-04       1,       1 x  1.63E-04 y  1.63E-04
 Wall clock    28.105500936508179     
 Average time per cell    1.4890830218266476E-009
 Step time per cell       1.5984599283708829E-009
 Step      21 time   0.0035000 control    sound    timestep   1.82E-04       1,       1 x  1.63E-04 y  1.63E-04
 Wall clock    29.473778009414673     
 Average time per cell    1.4872161425946087E-009
 Step time per cell       1.4498477361889349E-009
 Step      22 time   0.0036817 control    sound    timestep   1.82E-04       1,       1 x  1.63E-04 y  1.63E-04
 Wall clock    30.877664089202881     
 Average time per cell    1.4872341006309278E-009
 Step time per cell       1.4874947535443224E-009
 Step      23 time   0.0038634 control    sound    timestep   1.82E-04       1,       1 x  1.63E-04 y  1.63E-04
 Wall clock    32.265889883041382     
 Average time per cell    1.4865290085724072E-009
 Step time per cell       1.4709048122717327E-009
 Step      24 time   0.0040452 control    sound    timestep   1.82E-04       1,       1 x  1.63E-04 y  1.63E-04
 Wall clock    33.652369976043701     
 Average time per cell    1.4858055987200781E-009
 Step time per cell       1.4690484325304473E-009
 Step      25 time   0.0042270 control    sound    timestep   1.82E-04       1,       1 x  1.63E-04 y  1.63E-04
 Wall clock    35.067043066024780     
 Average time per cell    1.4863350366390983E-009
 Step time per cell       1.4989091646889897E-009
 Step      26 time   0.0044089 control    sound    timestep   1.82E-04       1,       1 x  1.63E-04 y  1.63E-04
 Wall clock    36.396885871887207     
 Average time per cell    1.4833664638114671E-009
 Step time per cell       1.4090177400147594E-009
 Step      27 time   0.0045908 control    sound    timestep   1.82E-04       1,       1 x  1.63E-04 y  1.63E-04
 Wall clock    37.845710039138794     
 Average time per cell    1.4852873107195408E-009
 Step time per cell       1.5350767373294931E-009
 Step      28 time   0.0047727 control    sound    timestep   1.82E-04       1,       1 x  1.63E-04 y  1.63E-04
 Wall clock    39.226948022842407     
 Average time per cell    1.4845132079518941E-009
 Step time per cell       1.4634674193479846E-009
 Step      29 time   0.0049547 control    sound    timestep   1.82E-04       1,       1 x  1.63E-04 y  1.63E-04
 Wall clock    40.635986089706421     
 Average time per cell    1.4848082856549677E-009
 Step time per cell       1.4929284791125812E-009
 Step      30 time   0.0051367 control    sound    timestep   1.82E-04       1,       1 x  1.63E-04 y  1.63E-04
 Wall clock    42.102225065231323     
 Average time per cell    1.4871041003061691E-009
 Step time per cell       1.5535639856049480E-009
 Step      31 time   0.0053187 control    sound    timestep   1.82E-04       1,       1 x  1.63E-04 y  1.63E-04
 Wall clock    43.449945926666260     
 Average time per cell    1.4852006265054470E-009
 Step time per cell       1.4280648328066391E-009
 Step      32 time   0.0055007 control    sound    timestep   1.82E-04       1,       1 x  1.63E-04 y  1.63E-04
 Wall clock    44.864398956298828     
 Average time per cell    1.4856258682508875E-009
 Step time per cell       1.4986663801310998E-009
 Step      33 time   0.0056827 control    sound    timestep   1.82E-04       1,       1 x  1.63E-04 y  1.63E-04
 Wall clock    46.243481874465942     
 Average time per cell    1.4848895947769737E-009
 Step time per cell       1.4612146514991763E-009
 Step      34 time   0.0058648 control    sound    timestep   1.82E-04       1,       1 x  1.63E-04 y  1.63E-04
 Wall clock    47.589295864105225     
 Average time per cell    1.4831597778253375E-009
 Step time per cell       1.4259527839991885E-009
 Step      35 time   0.0060468 control    sound    timestep   1.82E-04       1,       1 x  1.63E-04 y  1.63E-04
 Wall clock    49.033372879028320     
 Average time per cell    1.4845037575079395E-009
 Step time per cell       1.5300646636104728E-009
 Step      36 time   0.0062289 control    sound    timestep   1.82E-04       1,       1 x  1.63E-04 y  1.63E-04
 Wall clock    50.445008039474487     
 Average time per cell    1.4848181653751116E-009
 Step time per cell       1.4956867744331249E-009
 Step      37 time   0.0064110 control    sound    timestep   1.82E-04       1,       1 x  1.63E-04 y  1.63E-04
 Wall clock    51.815809011459351     
 Average time per cell    1.4839461332744835E-009
 Step time per cell       1.4524617755442806E-009
 Step      38 time   0.0065932 control    sound    timestep   1.82E-04       1,       1 x  1.63E-04 y  1.63E-04
 Wall clock    53.225171089172363     
 Average time per cell    1.4841952822828115E-009
 Step time per cell       1.4932867189701130E-009
 Step      39 time   0.0067754 control    sound    timestep   1.82E-04       1,       1 x  1.63E-04 y  1.63E-04
 Wall clock    54.616584062576294     
 Average time per cell    1.4839439735134454E-009
 Step time per cell       1.4741961725424819E-009
 Step      40 time   0.0069576 control    sound    timestep   1.82E-04       1,       1 x  1.63E-04 y  1.63E-04
 Wall clock    56.096817016601562     
 Average time per cell    1.4860581561353886E-009
 Step time per cell       1.5683799069342463E-009
 Step      41 time   0.0071398 control    sound    timestep   1.82E-04       1,       1 x  1.63E-04 y  1.63E-04
 Wall clock    57.452765941619873     
 Average time per cell    1.4848571079951929E-009
 Step time per cell       1.4367813289734639E-009
 Step      42 time   0.0073220 control    sound    timestep   1.82E-04       1,       1 x  1.63E-04 y  1.63E-04
 Wall clock    58.863899946212769     
 Average time per cell    1.4851055434447184E-009
 Step time per cell       1.4951504251964960E-009
 Step      43 time   0.0075043 control    sound    timestep   1.82E-04       1,       1 x  1.63E-04 y  1.63E-04
 Wall clock    60.207964897155762     
 Average time per cell    1.4836896580234242E-009
 Step time per cell       1.4241451632794149E-009
 Step      44 time   0.0076865 control    sound    timestep   1.82E-04       1,       1 x  1.63E-04 y  1.63E-04
 Wall clock    61.632289886474609     
 Average time per cell    1.4842710082332200E-009
 Step time per cell       1.5091238007395684E-009
 Step      45 time   0.0078687 control    sound    timestep   1.82E-04       1,       1 x  1.63E-04 y  1.63E-04
 Wall clock    63.035212993621826     
 Average time per cell    1.4843225595361646E-009
 Step time per cell       1.4864657613442331E-009
 Step      46 time   0.0080510 control    sound    timestep   1.82E-04       1,       1 x  1.63E-04 y  1.63E-04
 Wall clock    64.414962053298950     
 Average time per cell    1.4838380411235365E-009
 Step time per cell       1.4619298680271539E-009
 Step      47 time   0.0082333 control    sound    timestep   1.82E-04       1,       1 x  1.63E-04 y  1.63E-04
 Wall clock    65.819150924682617     
 Average time per cell    1.4839251480977894E-009
 Step time per cell       1.4877943815210730E-009
 Step      48 time   0.0084156 control    sound    timestep   1.82E-04       1,       1 x  1.63E-04 y  1.63E-04
 Wall clock    67.198159933090210     
 Average time per cell    1.4834527601376774E-009
 Step time per cell       1.4611264810405878E-009
 Step      49 time   0.0085979 control    sound    timestep   1.82E-04       1,       1 x  1.63E-04 y  1.63E-04
 Wall clock    68.577982902526855     
 Average time per cell    1.4830172554441451E-009
 Step time per cell       1.4620134910122336E-009
 Step      50 time   0.0087802 control    sound    timestep   1.82E-04       1,       1 x  1.63E-04 y  1.63E-04
 Wall clock    70.077430963516235     
 Average time per cell    1.4851343571030561E-009
 Step time per cell       1.5887290929741639E-009
 Step      51 time   0.0089626 control    sound    timestep   1.82E-04       1,       1 x  1.63E-04 y  1.63E-04
 Wall clock    71.428165912628174     
 Average time per cell    1.4840785903894964E-009
 Step time per cell       1.4312713069052229E-009
 Step      52 time   0.0091450 control    sound    timestep   1.82E-04       1,       1 x  1.63E-04 y  1.63E-04
 Wall clock    72.837068080902100     
 Average time per cell    1.4842487416899530E-009
 Step time per cell       1.4927811914983775E-009
 Step      53 time   0.0093274 control    sound    timestep   1.82E-04       1,       1 x  1.63E-04 y  1.63E-04
 Wall clock    74.297260999679565     
 Average time per cell    1.4854379369963553E-009
 Step time per cell       1.5471669535650614E-009
 Step      54 time   0.0095098 control    sound    timestep   1.82E-04       1,       1 x  1.63E-04 y  1.63E-04
 Wall clock    75.646983861923218     
 Average time per cell    1.4844153420311574E-009
 Step time per cell       1.4300854268690778E-009
 Step      55 time   0.0096922 control    sound    timestep   1.82E-04       1,       1 x  1.63E-04 y  1.63E-04
 Wall clock    77.085850954055786     
 Average time per cell    1.4851473982465299E-009
 Step time per cell       1.5245564100041519E-009
 Step      56 time   0.0098746 control    sound    timestep   1.82E-04       1,       1 x  1.63E-04 y  1.63E-04
 Wall clock    78.475003004074097     
 Average time per cell    1.4849125961287457E-009
 Step time per cell       1.4719221831506325E-009
 Step      57 time   0.0100570 control    sound    timestep   1.82E-04       1,       1 x  1.63E-04 y  1.63E-04
 Wall clock    79.864794969558716     
 Average time per cell    1.4846979288015443E-009
 Step time per cell       1.4725388710859181E-009
 Step      58 time   0.0102395 control    sound    timestep   1.82E-04       1,       1 x  1.63E-04 y  1.63E-04
 Wall clock    81.259026050567627     
 Average time per cell    1.4845717647626962E-009
 Step time per cell       1.4772669803480513E-009
 Step      59 time   0.0104219 control    sound    timestep   1.82E-04       1,       1 x  1.63E-04 y  1.63E-04
 Wall clock    82.657207012176514     
 Average time per cell    1.4845208172012680E-009
 Step time per cell       1.4814557087245500E-009
 Step      60 time   0.0106044 control    sound    timestep   1.82E-04       1,       1 x  1.63E-04 y  1.63E-04
 Wall clock    84.126885890960693     
 Average time per cell    1.4857342665453432E-009
 Step time per cell       1.5572259649666699E-009
 Step      61 time   0.0107868 control    sound    timestep   1.82E-04       1,       1 x  1.63E-04 y  1.63E-04
 Wall clock    85.466906070709229     
 Average time per cell    1.4846556142502879E-009
 Step time per cell       1.4199046442323985E-009
 Step      62 time   0.0109693 control    sound    timestep   1.82E-04       1,       1 x  1.63E-04 y  1.63E-04
 Wall clock    86.854973077774048     
 Average time per cell    1.4844329225166561E-009
 Step time per cell       1.4707027023380053E-009
 Step      63 time   0.0111518 control    sound    timestep   1.83E-04       1,       1 x  1.63E-04 y  1.63E-04
 Wall clock    88.263854026794434     
 Average time per cell    1.4845673836399333E-009
 Step time per cell       1.4927832125977147E-009
 Step      64 time   0.0113343 control    sound    timestep   1.83E-04       1,       1 x  1.63E-04 y  1.63E-04
 Wall clock    89.667758941650391     
 Average time per cell    1.4846152554228968E-009
 Step time per cell       1.4874955114565738E-009
 Step      65 time   0.0115168 control    sound    timestep   1.83E-04       1,       1 x  1.63E-04 y  1.63E-04
 Wall clock    91.042968034744263     
 Average time per cell    1.4841938513526632E-009
 Step time per cell       1.4571019669852426E-009
 Step      66 time   0.0116994 control    sound    timestep   1.83E-04       1,       1 x  1.63E-04 y  1.63E-04
 Wall clock    92.395255088806152     
 Average time per cell    1.4834172009427323E-009
 Step time per cell       1.4327919315191038E-009
 Step      67 time   0.0118819 control    sound    timestep   1.83E-04       1,       1 x  1.63E-04 y  1.63E-04
 Wall clock    93.831701040267944     
 Average time per cell    1.4839947487033690E-009
 Step time per cell       1.5219795083491287E-009
 Step      68 time   0.0120645 control    sound    timestep   1.83E-04       1,       1 x  1.63E-04 y  1.63E-04
 Wall clock    95.230438947677612     
 Average time per cell    1.4839677085701564E-009
 Step time per cell       1.4820322273105073E-009
 Step      69 time   0.0122471 control    sound    timestep   1.83E-04       1,       1 x  1.63E-04 y  1.63E-04
 Wall clock    96.575649976730347     
 Average time per cell    1.4831194359588984E-009
 Step time per cell       1.4253360960639030E-009
 Step      70 time   0.0124297 control    sound    timestep   1.83E-04       1,       1 x  1.63E-04 y  1.63E-04
 Wall clock    98.094002962112427     
 Average time per cell    1.4849163685467498E-009
 Step time per cell       1.6087816826863370E-009
 Step      71 time   0.0126123 control    sound    timestep   1.83E-04       1,       1 x  1.63E-04 y  1.63E-04
 Wall clock    99.474555015563965     
 Average time per cell    1.4846060759668837E-009
 Step time per cell       1.4628537630617050E-009
 Step      72 time   0.0127949 control    sound    timestep   1.83E-04       1,       1 x  1.63E-04 y  1.63E-04
 Wall clock    100.86582398414612     
 Average time per cell    1.4844621255684211E-009
 Step time per cell       1.4741325079133579E-009
 Step      73 time   0.0129775 control    sound    timestep   1.83E-04       1,       1 x  1.63E-04 y  1.63E-04
 Wall clock    102.23325490951538     
 Average time per cell    1.4839760957354336E-009
 Step time per cell       1.4488611870749285E-009
 Step      74 time   0.0131601 control    sound    timestep   1.83E-04       1,       1 x  1.63E-04 y  1.63E-04
 Wall clock    103.65173792839050     
 Average time per cell    1.4842342389366004E-009
 Step time per cell       1.5029450474281070E-009
 Step      75 time   0.0133427 control    sound    timestep   1.83E-04       1,       1 x  1.63E-04 y  1.63E-04
 Wall clock    104.98927307128906     
 Average time per cell    1.4833418255740846E-009
 Step time per cell       1.4171706021039022E-009
 Step      76 time   0.0135254 control    sound    timestep   1.83E-04       1,       1 x  1.63E-04 y  1.63E-04
 Wall clock    106.40976595878601     
 Average time per cell    1.4836295440013787E-009
 Step time per cell       1.5050886759127024E-009
 Step      77 time   0.0137080 control    sound    timestep   1.83E-04       1,       1 x  1.63E-04 y  1.63E-04
 Wall clock    107.75415992736816     
 Average time per cell    1.4828625513515523E-009
 Step time per cell       1.4244682865359613E-009
 Step      78 time   0.0138907 control    sound    timestep   1.83E-04       1,       1 x  1.63E-04 y  1.63E-04
 Wall clock    109.17367887496948     
 Average time per cell    1.4831358058496009E-009
 Step time per cell       1.5040387148069891E-009
 Step      79 time   0.0140733 control    sound    timestep   1.83E-04       1,       1 x  1.63E-04 y  1.63E-04
 Wall clock    110.58915805816650     
 Average time per cell    1.4833479565831881E-009
 Step time per cell       1.4997567632235587E-009
 Step      80 time   0.0142560 control    sound    timestep   1.83E-04       1,       1 x  1.63E-04 y  1.63E-04
 Wall clock    112.06641793251038     
 Average time per cell    1.4843731182483881E-009
 Step time per cell       1.5652199181204196E-009
 Step      81 time   0.0144387 control    sound    timestep   1.83E-04       1,       1 x  1.63E-04 y  1.63E-04
 Wall clock    113.38048601150513     
 Average time per cell    1.4832381000113929E-009
 Step time per cell       1.3924058192868768E-009
 Step      82 time   0.0146215 control    sound    timestep   1.83E-04       1,       1 x  1.63E-04 y  1.63E-04
 Wall clock    114.82103109359741     
 Average time per cell    1.4837651536212369E-009
 Step time per cell       1.5263114821411567E-009
 Step      83 time   0.0148042 control    sound    timestep   1.83E-04       1,       1 x  1.63E-04 y  1.63E-04
 Wall clock    116.21971607208252     
 Average time per cell    1.4837450907359004E-009
 Step time per cell       1.4819685626813831E-009
 Step      84 time   0.0149869 control    sound    timestep   1.83E-04       1,       1 x  1.63E-04 y  1.63E-04
 Wall clock    117.61623096466064     
 Average time per cell    1.4836981304696079E-009
 Step time per cell       1.4797104894468147E-009
 Step      85 time   0.0151697 control    sound    timestep   1.83E-04       1,       1 x  1.63E-04 y  1.63E-04
 Wall clock    118.98105001449585     
 Average time per cell    1.4832571442859108E-009
 Step time per cell       1.4460733331765773E-009
 Step      86 time   0.0153524 control    sound    timestep   1.83E-04       1,       1 x  1.63E-04 y  1.63E-04
 Wall clock    120.39825701713562     
 Average time per cell    1.4834719051333437E-009
 Step time per cell       1.5015803001006135E-009
 Step      87 time   0.0155351 control    sound    timestep   1.83E-04       1,       1 x  1.63E-04 y  1.63E-04
 Wall clock    121.85713005065918     
 First step overhead -0.15777301788330078     
real 122.99
user 2903.78
sys 42.19
