Sat Dec 26 08:53:43 2015: Starting Initialization


Mini-Application Name    : CoMD-mpi
Mini-Application Version : 1.1
Platform:
  hostname: test-c16595bc-1016-4b8b-bbe3-01bc27f9c84c.novalocal
  kernel name: 'Linux'
  kernel release: '3.10.0-229.4.2.el7.x86_64'
  processor: 'x86_64'
Build:
  CC: '/usr/lib64/mpich/bin/mpicc'
  compiler version: 'cc (GCC) 4.8.3 20140911 (Red Hat 4.8.3-9)'
  CFLAGS: '-std=c99 -DDOUBLE -DDO_MPI -g -O5   '
  LDFLAGS: ' -lm '
  using MPI: true
  Threading: none
  Double Precision: true
Run Date/Time: 2015-12-26, 08:53:43

Command Line Parameters:
  doeam: 0
  potDir: pots
  potName: Cu_u6.eam
  potType: funcfl
  nx: 576
  ny: 576
  nz: 288
  xproc: 8
  yproc: 8
  zproc: 12
  Lattice constant: -1 Angstroms
  nSteps: 100
  printRate: 10
  Time step: 1 fs
  Initial Temperature: 600 K
  Initial Delta: 0 Angstroms

Simulation data: 
  Total atoms        : 382205952
  Min global bounds  : [   0.0000000000,   0.0000000000,   0.0000000000 ]
  Max global bounds  : [ 2082.2400000000, 2082.2400000000, 1041.1200000000 ]

Decomposition data: 
  Processors         :      8,     8,    12
  Local boxes        :     44,    44,    14 =    27104
  Box size           : [   5.9154545455,   5.9154545455,   6.1971428571 ]
  Box factor         : [   1.0221087768,   1.0221087768,   1.0707806233 ] 
  Max Link Cell Occupancy: 32 of 64

Potential data: 
  Potential type   : Lennard-Jones
  Species name     : Cu
  Atomic number    : 29
  Mass             : 63.55 amu
  Lattice Type     : FCC
  Lattice spacing  : 3.615 Angstroms
  Cutoff           : 5.7875 Angstroms
  Epsilon          : 0.167 eV
  Sigma            : 2.315 Angstroms

Memory data: 
  Intrinsic atom footprint =   88 B/atom 
  Total atom footprint     = -692.000 MB ( 41.77 MB/node)
  Link cell atom footprint = 145.578 MB/node
  Link cell atom footprint = 181.844 MB/node (including halo cell data


Initial energy : -1.166063303630, atom count : 382205952 

Sat Dec 26 08:53:45 2015: Initialization Finished

Sat Dec 26 08:53:45 2015: Starting simulation

#                                                                                         Performance
#  Loop   Time(fs)       Total Energy   Potential Energy     Kinetic Energy  Temperature   (us/atom)     # Atoms
      0       0.00    -1.166063303630    -1.243619295230     0.077555991600     600.0000     0.0000    382205952
     10      10.00    -1.166059648057    -1.233153833965     0.067094185908     519.0638     3.2838    382205952
     20      20.00    -1.166048424452    -1.208173088374     0.042124663922     325.8910     3.3348    382205952
     30      30.00    -1.166037576531    -1.186582597028     0.020545020496     158.9434     3.3690    382205952
     40      40.00    -1.166042094589    -1.183640748616     0.017598654027     136.1493     3.2482    382205952
     50      50.00    -1.166051690711    -1.193738808319     0.027687117608     214.1971     3.3827    382205952
     60      60.00    -1.166054646042    -1.202678133927     0.036623487885     283.3320     3.4126    382205952
     70      70.00    -1.166052132368    -1.204910124428     0.038857992060     300.6189     3.4178    382205952
     80      80.00    -1.166048789533    -1.203623187750     0.037574398217     290.6886     3.4009    382205952
     90      90.00    -1.166047997524    -1.203812115126     0.037764117602     292.1563     3.3424    382205952
    100     100.00    -1.166049788647    -1.206865872056     0.040816083408     315.7674     3.2250    382205952
Sat Dec 26 08:56:32 2015: Ending simulation



Simulation Validation:
  Initial energy  : -1.166063303630
  Final energy    : -1.166049788647
  eFinal/eInitial : 0.999988
  Final atom count : 382205952, no atoms lost


Timings for Rank 0
        Timer        # Calls    Avg/Call (s)   Total (s)    % Loop
___________________________________________________________________
total                      1     168.9745      168.9745      101.60
loop                       1     166.3092      166.3092      100.00
timestep                  10      16.6306      166.3059      100.00
  position               100       0.0099        0.9917        0.60
  velocity               200       0.0078        1.5689        0.94
  redistribute           101       0.3253       32.8572       19.76
    atomHalo             101       0.2899       29.2812       17.61
  force                  101       1.2603      127.2881       76.54
commHalo                 303       0.0914       27.7003       16.66
commReduce                39       0.1466        5.7163        3.44

Timing Statistics Across 768 Ranks:
        Timer        Rank: Min(s)       Rank: Max(s)      Avg(s)    Stdev(s)
_____________________________________________________________________________
total              197:  168.9226     195:  169.0118    168.9932      0.0202
loop                17:  166.3089     229:  166.3093    166.3091      0.0001
timestep            23:  166.3058     491:  166.3067    166.3063      0.0002
  position         495:    0.8600     245:    1.2389      1.0193      0.0573
  velocity         416:    1.4082     117:    2.1652      1.7070      0.1105
  redistribute     242:   26.1822     145:   33.8985     32.0342      0.7424
    atomHalo       242:   22.3982     145:   30.4570     28.4276      0.8020
  force            554:  127.1639     242:  133.0954    127.6861      0.5747
commHalo           242:   20.7303     145:   28.8544     26.7971      0.8577
commReduce          89:    4.1863     446:    7.1771      5.9703      0.5876

---------------------------------------------------
 Average atom update rate:       3.34 us/atom/task
---------------------------------------------------


---------------------------------------------------
 Average all atom update rate:   0.00 us/atom
---------------------------------------------------


---------------------------------------------------
 Average atom rate:            229.82 atoms/us
---------------------------------------------------

Sat Dec 26 08:56:32 2015: CoMD Ending

real 169.33
user 3936.12
sys 119.86
