Sat Dec 26 06:49:10 2015: Starting Initialization


Mini-Application Name    : CoMD-mpi
Mini-Application Version : 1.1
Platform:
  hostname: test-c16595bc-1016-4b8b-bbe3-01bc27f9c84c.novalocal
  kernel name: 'Linux'
  kernel release: '3.10.0-229.4.2.el7.x86_64'
  processor: 'x86_64'
Build:
  CC: '/usr/lib64/mpich/bin/mpicc'
  compiler version: 'cc (GCC) 4.8.3 20140911 (Red Hat 4.8.3-9)'
  CFLAGS: '-std=c99 -DDOUBLE -DDO_MPI -g -O5   '
  LDFLAGS: ' -lm '
  using MPI: true
  Threading: none
  Double Precision: true
Run Date/Time: 2015-12-26, 06:49:10

Command Line Parameters:
  doeam: 0
  potDir: pots
  potName: Cu_u6.eam
  potType: funcfl
  nx: 288
  ny: 144
  nz: 144
  xproc: 4
  yproc: 4
  zproc: 3
  Lattice constant: -1 Angstroms
  nSteps: 100
  printRate: 10
  Time step: 1 fs
  Initial Temperature: 600 K
  Initial Delta: 0 Angstroms

Simulation data: 
  Total atoms        : 23887872
  Min global bounds  : [   0.0000000000,   0.0000000000,   0.0000000000 ]
  Max global bounds  : [ 1041.1200000000, 520.5600000000, 520.5600000000 ]

Decomposition data: 
  Processors         :      4,     4,     3
  Local boxes        :     44,    22,    29 =    28072
  Box size           : [   5.9154545455,   5.9154545455,   5.9834482759 ]
  Box factor         : [   1.0221087768,   1.0221087768,   1.0338571535 ] 
  Max Link Cell Occupancy: 32 of 64

Potential data: 
  Potential type   : Lennard-Jones
  Species name     : Cu
  Atomic number    : 29
  Mass             : 63.55 amu
  Lattice Type     : FCC
  Lattice spacing  : 3.615 Angstroms
  Cutoff           : 5.7875 Angstroms
  Epsilon          : 0.167 eV
  Sigma            : 2.315 Angstroms

Memory data: 
  Intrinsic atom footprint =   88 B/atom 
  Total atom footprint     = 2004.750 MB ( 41.77 MB/node)
  Link cell atom footprint = 150.777 MB/node
  Link cell atom footprint = 183.820 MB/node (including halo cell data


Initial energy : -1.166063303635, atom count : 23887872 

Sat Dec 26 06:49:13 2015: Initialization Finished

Sat Dec 26 06:49:13 2015: Starting simulation

#                                                                                         Performance
#  Loop   Time(fs)       Total Energy   Potential Energy     Kinetic Energy  Temperature   (us/atom)     # Atoms
      0       0.00    -1.166063303635    -1.243619295235     0.077555991600     600.0000     0.0000     23887872
     10      10.00    -1.166059648926    -1.233156469342     0.067096820416     519.0842     2.8522     23887872
     20      20.00    -1.166048432327    -1.208180661376     0.042132229049     325.9495     2.8644     23887872
     30      30.00    -1.166037586321    -1.186587816413     0.020550230092     158.9837     2.8612     23887872
     40      40.00    -1.166042094457    -1.183634412875     0.017592318418     136.1003     2.9156     23887872
     50      50.00    -1.166051686250    -1.193724607851     0.027672921601     214.0873     2.8511     23887872
     60      60.00    -1.166054643092    -1.202667642611     0.036612999519     283.2508     2.8538     23887872
     70      70.00    -1.166052134605    -1.204912539995     0.038860405391     300.6375     2.8540     23887872
     80      80.00    -1.166048796113    -1.203639355020     0.037590558908     290.8136     2.8524     23887872
     90      90.00    -1.166048008331    -1.203833297592     0.037785289261     292.3201     2.8608     23887872
    100     100.00    -1.166049796301    -1.206878414776     0.040828618475     315.8643     2.8732     23887872
Sat Dec 26 06:51:35 2015: Ending simulation



Simulation Validation:
  Initial energy  : -1.166063303635
  Final energy    : -1.166049796301
  eFinal/eInitial : 0.999988
  Final atom count : 23887872, no atoms lost


Timings for Rank 0
        Timer        # Calls    Avg/Call (s)   Total (s)    % Loop
___________________________________________________________________
total                      1     144.6569      144.6569      101.49
loop                       1     142.5269      142.5269      100.00
timestep                  10      14.2525      142.5252      100.00
  position               100       0.0171        1.7148        1.20
  velocity               200       0.0136        2.7177        1.91
  redistribute           101       0.1289       13.0173        9.13
    atomHalo             101       0.0867        8.7606        6.15
  force                  101       1.2507      126.3170       88.63
commHalo                 303       0.0239        7.2377        5.08
commReduce                39       0.0091        0.3530        0.25

Timing Statistics Across 48 Ranks:
        Timer        Rank: Min(s)       Rank: Max(s)      Avg(s)    Stdev(s)
_____________________________________________________________________________
total               18:  144.6439      37:  144.7052    144.6802      0.0251
loop                 1:  142.5269      42:  142.5269    142.5269      0.0000
timestep             0:  142.5252      31:  142.5263    142.5260      0.0003
  position          37:    1.5222       3:    1.7485      1.6294      0.0474
  velocity           3:    2.5722      22:    3.1157      2.9324      0.0993
  redistribute      43:   12.4858       3:   13.0735     12.8060      0.1325
    atomHalo        43:    8.2896       9:    8.8822      8.6118      0.1399
  force              9:  126.2699      43:  126.7968    126.4505      0.0984
commHalo            44:    6.3905      19:    7.4089      7.0966      0.2223
commReduce           8:    0.0540       0:    0.3530      0.2830      0.0522

---------------------------------------------------
 Average atom update rate:       2.86 us/atom/task
---------------------------------------------------


---------------------------------------------------
 Average all atom update rate:   0.06 us/atom
---------------------------------------------------


---------------------------------------------------
 Average atom rate:             16.76 atoms/us
---------------------------------------------------

Sat Dec 26 06:51:35 2015: CoMD Ending

real 144.86
user 3427.46
sys 42.56
