Sat Dec 26 08:05:04 2015: Starting Initialization


Mini-Application Name    : CoMD-mpi
Mini-Application Version : 1.1
Platform:
  hostname: test-c16595bc-1016-4b8b-bbe3-01bc27f9c84c.novalocal
  kernel name: 'Linux'
  kernel release: '3.10.0-229.4.2.el7.x86_64'
  processor: 'x86_64'
Build:
  CC: '/usr/lib64/mpich/bin/mpicc'
  compiler version: 'cc (GCC) 4.8.3 20140911 (Red Hat 4.8.3-9)'
  CFLAGS: '-std=c99 -DDOUBLE -DDO_MPI -g -O5   '
  LDFLAGS: ' -lm '
  using MPI: true
  Threading: none
  Double Precision: true
Run Date/Time: 2015-12-26, 08:05:04

Command Line Parameters:
  doeam: 0
  potDir: pots
  potName: Cu_u6.eam
  potType: funcfl
  nx: 576
  ny: 288
  nz: 288
  xproc: 8
  yproc: 8
  zproc: 6
  Lattice constant: -1 Angstroms
  nSteps: 100
  printRate: 10
  Time step: 1 fs
  Initial Temperature: 600 K
  Initial Delta: 0 Angstroms

Simulation data: 
  Total atoms        : 191102976
  Min global bounds  : [   0.0000000000,   0.0000000000,   0.0000000000 ]
  Max global bounds  : [ 2082.2400000000, 1041.1200000000, 1041.1200000000 ]

Decomposition data: 
  Processors         :      8,     8,     6
  Local boxes        :     44,    22,    29 =    28072
  Box size           : [   5.9154545455,   5.9154545455,   5.9834482759 ]
  Box factor         : [   1.0221087768,   1.0221087768,   1.0338571535 ] 
  Max Link Cell Occupancy: 32 of 64

Potential data: 
  Potential type   : Lennard-Jones
  Species name     : Cu
  Atomic number    : 29
  Mass             : 63.55 amu
  Lattice Type     : FCC
  Lattice spacing  : 3.615 Angstroms
  Cutoff           : 5.7875 Angstroms
  Epsilon          : 0.167 eV
  Sigma            : 2.315 Angstroms

Memory data: 
  Intrinsic atom footprint =   88 B/atom 
  Total atom footprint     = -346.000 MB ( 41.77 MB/node)
  Link cell atom footprint = 150.777 MB/node
  Link cell atom footprint = 183.820 MB/node (including halo cell data


Initial energy : -1.166063303635, atom count : 191102976 

Sat Dec 26 08:05:07 2015: Initialization Finished

Sat Dec 26 08:05:07 2015: Starting simulation

#                                                                                         Performance
#  Loop   Time(fs)       Total Energy   Potential Energy     Kinetic Energy  Temperature   (us/atom)     # Atoms
      0       0.00    -1.166063303635    -1.243619295235     0.077555991600     600.0000     0.0000    191102976
     10      10.00    -1.166059650602    -1.233154651512     0.067095000910     519.0702     3.2653    191102976
     20      20.00    -1.166048429207    -1.208173529549     0.042125100342     325.8944     3.4548    191102976
     30      30.00    -1.166037579478    -1.186579219108     0.020541639630     158.9172     3.5516    191102976
     40      40.00    -1.166042096597    -1.183632459803     0.017590363206     136.0851     3.5976    191102976
     50      50.00    -1.166051690423    -1.193726530690     0.027674840267     214.1021     3.4324    191102976
     60      60.00    -1.166054644204    -1.202665951990     0.036611307786     283.2378     3.4929    191102976
     70      70.00    -1.166052132921    -1.204903766985     0.038851634064     300.5697     3.4892    191102976
     80      80.00    -1.166048794316    -1.203624406040     0.037575611724     290.6979     3.3570    191102976
     90      90.00    -1.166048004903    -1.203815558312     0.037767553409     292.1829     3.5679    191102976
    100     100.00    -1.166049792314    -1.206862591607     0.040812799293     315.7419     3.5375    191102976
Sat Dec 26 08:08:00 2015: Ending simulation



Simulation Validation:
  Initial energy  : -1.166063303635
  Final energy    : -1.166049792314
  eFinal/eInitial : 0.999988
  Final atom count : 191102976, no atoms lost


Timings for Rank 0
        Timer        # Calls    Avg/Call (s)   Total (s)    % Loop
___________________________________________________________________
total                      1     175.6112      175.6112      101.55
loop                       1     172.9224      172.9224      100.00
timestep                  10      17.2919      172.9190      100.00
  position               100       0.0116        1.1629        0.67
  velocity               200       0.0089        1.7875        1.03
  redistribute           101       0.3968       40.0721       23.17
    atomHalo             101       0.3593       36.2861       20.98
  force                  101       1.2436      125.6084       72.64
commHalo                 303       0.1149       34.8023       20.13
commReduce                39       0.1643        6.4059        3.70

Timing Statistics Across 384 Ranks:
        Timer        Rank: Min(s)       Rank: Max(s)      Avg(s)    Stdev(s)
_____________________________________________________________________________
total              100:  175.5427       0:  175.6112    175.5931      0.0193
loop                 3:  172.9224     248:  172.9225    172.9224      0.0000
timestep           243:  172.9086     211:  172.9205    172.9193      0.0007
  position         199:    1.0151     181:    1.3446      1.1427      0.0540
  velocity         133:    1.6422     145:    2.2551      1.9543      0.1164
  redistribute     103:   35.3383     276:   40.9961     39.6685      0.7001
    atomHalo       103:   31.5174     276:   37.2786     35.9444      0.7404
  force            382:  125.3590     103:  131.5058    125.9716      0.7148
commHalo           103:   29.9001     276:   35.8146     34.4403      0.8010
commReduce         243:    4.7474     127:    7.1517      6.3024      0.4014

---------------------------------------------------
 Average atom update rate:       3.47 us/atom/task
---------------------------------------------------


---------------------------------------------------
 Average all atom update rate:   0.01 us/atom
---------------------------------------------------


---------------------------------------------------
 Average atom rate:            110.52 atoms/us
---------------------------------------------------

Sat Dec 26 08:08:00 2015: CoMD Ending

real 175.85
user 4057.85
sys 149.43
