Sat Dec 26 06:21:04 2015: Starting Initialization


Mini-Application Name    : CoMD-mpi
Mini-Application Version : 1.1
Platform:
  hostname: test-c16595bc-1016-4b8b-bbe3-01bc27f9c84c.novalocal
  kernel name: 'Linux'
  kernel release: '3.10.0-229.4.2.el7.x86_64'
  processor: 'x86_64'
Build:
  CC: '/usr/lib64/mpich/bin/mpicc'
  compiler version: 'cc (GCC) 4.8.3 20140911 (Red Hat 4.8.3-9)'
  CFLAGS: '-std=c99 -DDOUBLE -DDO_MPI -g -O5   '
  LDFLAGS: ' -lm '
  using MPI: true
  Threading: none
  Double Precision: true
Run Date/Time: 2015-12-26, 06:21:04

Command Line Parameters:
  doeam: 0
  potDir: pots
  potName: Cu_u6.eam
  potType: funcfl
  nx: 144
  ny: 144
  nz: 144
  xproc: 2
  yproc: 4
  zproc: 3
  Lattice constant: -1 Angstroms
  nSteps: 100
  printRate: 10
  Time step: 1 fs
  Initial Temperature: 600 K
  Initial Delta: 0 Angstroms

Simulation data: 
  Total atoms        : 11943936
  Min global bounds  : [   0.0000000000,   0.0000000000,   0.0000000000 ]
  Max global bounds  : [ 520.5600000000, 520.5600000000, 520.5600000000 ]

Decomposition data: 
  Processors         :      2,     4,     3
  Local boxes        :     44,    22,    29 =    28072
  Box size           : [   5.9154545455,   5.9154545455,   5.9834482759 ]
  Box factor         : [   1.0221087768,   1.0221087768,   1.0338571535 ] 
  Max Link Cell Occupancy: 32 of 64

Potential data: 
  Potential type   : Lennard-Jones
  Species name     : Cu
  Atomic number    : 29
  Mass             : 63.55 amu
  Lattice Type     : FCC
  Lattice spacing  : 3.615 Angstroms
  Cutoff           : 5.7875 Angstroms
  Epsilon          : 0.167 eV
  Sigma            : 2.315 Angstroms

Memory data: 
  Intrinsic atom footprint =   88 B/atom 
  Total atom footprint     = 1002.375 MB ( 41.77 MB/node)
  Link cell atom footprint = 150.777 MB/node
  Link cell atom footprint = 183.820 MB/node (including halo cell data


Initial energy : -1.166063303635, atom count : 11943936 

Sat Dec 26 06:21:06 2015: Initialization Finished

Sat Dec 26 06:21:06 2015: Starting simulation

#                                                                                         Performance
#  Loop   Time(fs)       Total Energy   Potential Energy     Kinetic Energy  Temperature   (us/atom)     # Atoms
      0       0.00    -1.166063303635    -1.243619295235     0.077555991600     600.0000     0.0000     11943936
     10      10.00    -1.166059649406    -1.233156263032     0.067096613625     519.0826     2.7236     11943936
     20      20.00    -1.166048433442    -1.208179712497     0.042131279055     325.9422     2.7527     11943936
     30      30.00    -1.166037586894    -1.186585625849     0.020548038955     158.9667     2.7501     11943936
     40      40.00    -1.166042094066    -1.183631409992     0.017589315927     136.0770     2.7437     11943936
     50      50.00    -1.166051685471    -1.193722569562     0.027670884091     214.0715     2.7439     11943936
     60      60.00    -1.166054642785    -1.202668589764     0.036613946979     283.2582     2.7412     11943936
     70      70.00    -1.166052136306    -1.204917000628     0.038864864322     300.6720     2.7417     11943936
     80      80.00    -1.166048799577    -1.203645039062     0.037596239485     290.8575     2.7415     11943936
     90      90.00    -1.166048009737    -1.203836257034     0.037788247298     292.3430     2.7517     11943936
    100     100.00    -1.166049794039    -1.206876626326     0.040826832287     315.8505     2.7436     11943936
Sat Dec 26 06:23:22 2015: Ending simulation



Simulation Validation:
  Initial energy  : -1.166063303635
  Final energy    : -1.166049794039
  eFinal/eInitial : 0.999988
  Final atom count : 11943936, no atoms lost


Timings for Rank 0
        Timer        # Calls    Avg/Call (s)   Total (s)    % Loop
___________________________________________________________________
total                      1     138.2945      138.2945      101.29
loop                       1     136.5285      136.5285      100.00
timestep                  10      13.6528      136.5277      100.00
  position               100       0.0160        1.5996        1.17
  velocity               200       0.0153        3.0608        2.24
  redistribute           101       0.0658        6.6425        4.87
    atomHalo             101       0.0250        2.5229        1.85
  force                  101       1.2519      126.4408       92.61
commHalo                 303       0.0034        1.0436        0.76
commReduce                39       0.0008        0.0316        0.02

Timing Statistics Across 24 Ranks:
        Timer        Rank: Min(s)       Rank: Max(s)      Avg(s)    Stdev(s)
_____________________________________________________________________________
total               13:  138.2945      22:  138.2945    138.2945      0.0000
loop                 0:  136.5285       7:  136.5285    136.5285      0.0000
timestep             0:  136.5277      15:  136.5281    136.5281      0.0001
  position          13:    1.4599      16:    1.7245      1.6352      0.0691
  velocity          14:    2.7348      13:    3.0955      2.9571      0.0995
  redistribute      13:    6.5292       5:    7.0052      6.7796      0.1292
    atomHalo        13:    2.4078       5:    2.7995      2.6160      0.0930
  force              5:  126.1604      13:  126.6909    126.3524      0.1191
commHalo            13:    0.8532      14:    1.3437      1.0954      0.1107
commReduce          13:    0.0134      14:    0.0826      0.0420      0.0154

---------------------------------------------------
 Average atom update rate:       2.74 us/atom/task
---------------------------------------------------


---------------------------------------------------
 Average all atom update rate:   0.11 us/atom
---------------------------------------------------


---------------------------------------------------
 Average atom rate:              8.75 atoms/us
---------------------------------------------------

Sat Dec 26 06:23:22 2015: CoMD Ending

real 138.33
user 3300.45
sys 17.59
