Sat Dec 26 07:21:10 2015: Starting Initialization


Mini-Application Name    : CoMD-mpi
Mini-Application Version : 1.1
Platform:
  hostname: test-c16595bc-1016-4b8b-bbe3-01bc27f9c84c.novalocal
  kernel name: 'Linux'
  kernel release: '3.10.0-229.4.2.el7.x86_64'
  processor: 'x86_64'
Build:
  CC: '/usr/lib64/mpich/bin/mpicc'
  compiler version: 'cc (GCC) 4.8.3 20140911 (Red Hat 4.8.3-9)'
  CFLAGS: '-std=c99 -DDOUBLE -DDO_MPI -g -O5   '
  LDFLAGS: ' -lm '
  using MPI: true
  Threading: none
  Double Precision: true
Run Date/Time: 2015-12-26, 07:21:10

Command Line Parameters:
  doeam: 0
  potDir: pots
  potName: Cu_u6.eam
  potType: funcfl
  nx: 288
  ny: 288
  nz: 144
  xproc: 4
  yproc: 8
  zproc: 3
  Lattice constant: -1 Angstroms
  nSteps: 100
  printRate: 10
  Time step: 1 fs
  Initial Temperature: 600 K
  Initial Delta: 0 Angstroms

Simulation data: 
  Total atoms        : 47775744
  Min global bounds  : [   0.0000000000,   0.0000000000,   0.0000000000 ]
  Max global bounds  : [ 1041.1200000000, 1041.1200000000, 520.5600000000 ]

Decomposition data: 
  Processors         :      4,     8,     3
  Local boxes        :     44,    22,    29 =    28072
  Box size           : [   5.9154545455,   5.9154545455,   5.9834482759 ]
  Box factor         : [   1.0221087768,   1.0221087768,   1.0338571535 ] 
  Max Link Cell Occupancy: 32 of 64

Potential data: 
  Potential type   : Lennard-Jones
  Species name     : Cu
  Atomic number    : 29
  Mass             : 63.55 amu
  Lattice Type     : FCC
  Lattice spacing  : 3.615 Angstroms
  Cutoff           : 5.7875 Angstroms
  Epsilon          : 0.167 eV
  Sigma            : 2.315 Angstroms

Memory data: 
  Intrinsic atom footprint =   88 B/atom 
  Total atom footprint     = -86.500 MB ( 41.77 MB/node)
  Link cell atom footprint = 150.777 MB/node
  Link cell atom footprint = 183.820 MB/node (including halo cell data


Initial energy : -1.166063303635, atom count : 47775744 

Sat Dec 26 07:21:12 2015: Initialization Finished

Sat Dec 26 07:21:12 2015: Starting simulation

#                                                                                         Performance
#  Loop   Time(fs)       Total Energy   Potential Energy     Kinetic Energy  Temperature   (us/atom)     # Atoms
      0       0.00    -1.166063303635    -1.243619295235     0.077555991600     600.0000     0.0000     47775744
     10      10.00    -1.166059648385    -1.233154418541     0.067094770156     519.0684     2.8304     47775744
     20      20.00    -1.166048429555    -1.208172856271     0.042124426716     325.8891     2.9804     47775744
     30      30.00    -1.166037579552    -1.186574421118     0.020536841566     158.8801     2.8709     47775744
     40      40.00    -1.166042088391    -1.183621357039     0.017579268648     135.9993     2.8471     47775744
     50      50.00    -1.166051681932    -1.193717450331     0.027665768399     214.0320     2.8470     47775744
     60      60.00    -1.166054640360    -1.202668818304     0.036614177944     283.2600     2.8546     47775744
     70      70.00    -1.166052133769    -1.204922091127     0.038869957358     300.7114     3.4868     47775744
     80      80.00    -1.166048799604    -1.203654382409     0.037605582805     290.9298     3.1056     47775744
     90      90.00    -1.166048012593    -1.203846535070     0.037798522478     292.4225     3.1669     47775744
    100     100.00    -1.166049797799    -1.206881718934     0.040831921134     315.8899     3.1955     47775744
Sat Dec 26 07:23:42 2015: Ending simulation



Simulation Validation:
  Initial energy  : -1.166063303635
  Final energy    : -1.166049797799
  eFinal/eInitial : 0.999988
  Final atom count : 47775744, no atoms lost


Timings for Rank 0
        Timer        # Calls    Avg/Call (s)   Total (s)    % Loop
___________________________________________________________________
total                      1     152.1628      152.1628      101.28
loop                       1     150.2337      150.2337      100.00
timestep                  10      15.0221      150.2209       99.99
  position               100       0.0140        1.4029        0.93
  velocity               200       0.0130        2.6000        1.73
  redistribute           101       0.1987       20.0702       13.36
    atomHalo             101       0.1590       16.0590       10.69
  force                  101       1.2497      126.2202       84.02
commHalo                 303       0.0484       14.6546        9.75
commReduce                39       0.0354        1.3803        0.92

Timing Statistics Across 96 Ranks:
        Timer        Rank: Min(s)       Rank: Max(s)      Avg(s)    Stdev(s)
_____________________________________________________________________________
total               56:  152.1628      11:  152.2013    152.1933      0.0116
loop                 0:  150.2337      14:  150.2338    150.2338      0.0000
timestep            26:  150.2101      94:  150.2306    150.2212      0.0021
  position          29:    1.2681      55:    1.5523      1.4055      0.0599
  velocity          87:    2.1932      63:    2.7775      2.5008      0.1141
  redistribute      94:   16.1615       2:   20.6123     19.6717      0.5852
    atomHalo        94:   12.1235       2:   16.5479     15.6606      0.6083
  force              2:  125.8384      94:  130.1042    126.5292      0.6096
commHalo            94:   10.5437      58:   15.0533     14.1546      0.6430
commReduce          26:    0.4742      42:    1.8348      1.5484      0.2082

---------------------------------------------------
 Average atom update rate:       3.02 us/atom/task
---------------------------------------------------


---------------------------------------------------
 Average all atom update rate:   0.03 us/atom
---------------------------------------------------


---------------------------------------------------
 Average atom rate:             31.80 atoms/us
---------------------------------------------------

Sat Dec 26 07:23:42 2015: CoMD Ending

real 152.41
user 3594.58
sys 57.73
