Sat Dec 26 07:13:40 2015: Starting Initialization


Mini-Application Name    : CoMD-mpi
Mini-Application Version : 1.1
Platform:
  hostname: test-c16595bc-1016-4b8b-bbe3-01bc27f9c84c.novalocal
  kernel name: 'Linux'
  kernel release: '3.10.0-229.4.2.el7.x86_64'
  processor: 'x86_64'
Build:
  CC: '/usr/lib64/mpich/bin/mpicc'
  compiler version: 'cc (GCC) 4.8.3 20140911 (Red Hat 4.8.3-9)'
  CFLAGS: '-std=c99 -DDOUBLE -DDO_MPI -g -O5   '
  LDFLAGS: ' -lm '
  using MPI: true
  Threading: none
  Double Precision: true
Run Date/Time: 2015-12-26, 07:13:40

Command Line Parameters:
  doeam: 0
  potDir: pots
  potName: Cu_u6.eam
  potType: funcfl
  nx: 288
  ny: 288
  nz: 144
  xproc: 4
  yproc: 8
  zproc: 3
  Lattice constant: -1 Angstroms
  nSteps: 100
  printRate: 10
  Time step: 1 fs
  Initial Temperature: 600 K
  Initial Delta: 0 Angstroms

Simulation data: 
  Total atoms        : 47775744
  Min global bounds  : [   0.0000000000,   0.0000000000,   0.0000000000 ]
  Max global bounds  : [ 1041.1200000000, 1041.1200000000, 520.5600000000 ]

Decomposition data: 
  Processors         :      4,     8,     3
  Local boxes        :     44,    22,    29 =    28072
  Box size           : [   5.9154545455,   5.9154545455,   5.9834482759 ]
  Box factor         : [   1.0221087768,   1.0221087768,   1.0338571535 ] 
  Max Link Cell Occupancy: 32 of 64

Potential data: 
  Potential type   : Lennard-Jones
  Species name     : Cu
  Atomic number    : 29
  Mass             : 63.55 amu
  Lattice Type     : FCC
  Lattice spacing  : 3.615 Angstroms
  Cutoff           : 5.7875 Angstroms
  Epsilon          : 0.167 eV
  Sigma            : 2.315 Angstroms

Memory data: 
  Intrinsic atom footprint =   88 B/atom 
  Total atom footprint     = -86.500 MB ( 41.77 MB/node)
  Link cell atom footprint = 150.777 MB/node
  Link cell atom footprint = 183.820 MB/node (including halo cell data


Initial energy : -1.166063303635, atom count : 47775744 

Sat Dec 26 07:13:42 2015: Initialization Finished

Sat Dec 26 07:13:42 2015: Starting simulation

#                                                                                         Performance
#  Loop   Time(fs)       Total Energy   Potential Energy     Kinetic Energy  Temperature   (us/atom)     # Atoms
      0       0.00    -1.166063303635    -1.243619295235     0.077555991600     600.0000     0.0000     47775744
     10      10.00    -1.166059648385    -1.233154418541     0.067094770156     519.0684     2.8344     47775744
     20      20.00    -1.166048429555    -1.208172856271     0.042124426716     325.8891     2.8597     47775744
     30      30.00    -1.166037579552    -1.186574421118     0.020536841566     158.8801     2.9471     47775744
     40      40.00    -1.166042088391    -1.183621357039     0.017579268648     135.9993     2.8484     47775744
     50      50.00    -1.166051681932    -1.193717450331     0.027665768399     214.0320     2.9382     47775744
     60      60.00    -1.166054640360    -1.202668818304     0.036614177944     283.2600     2.8558     47775744
     70      70.00    -1.166052133769    -1.204922091127     0.038869957358     300.7114     2.9336     47775744
     80      80.00    -1.166048799604    -1.203654382409     0.037605582805     290.9298     2.9512     47775744
     90      90.00    -1.166048012593    -1.203846535070     0.037798522478     292.4225     3.2724     47775744
    100     100.00    -1.166049797799    -1.206881718934     0.040831921134     315.8899     2.8408     47775744
Sat Dec 26 07:16:08 2015: Ending simulation



Simulation Validation:
  Initial energy  : -1.166063303635
  Final energy    : -1.166049797799
  eFinal/eInitial : 0.999988
  Final atom count : 47775744, no atoms lost


Timings for Rank 0
        Timer        # Calls    Avg/Call (s)   Total (s)    % Loop
___________________________________________________________________
total                      1     147.8275      147.8275      101.44
loop                       1     145.7309      145.7309      100.00
timestep                  10      14.5724      145.7240      100.00
  position               100       0.0146        1.4558        1.00
  velocity               200       0.0112        2.2302        1.53
  redistribute           101       0.1620       16.3641       11.23
    atomHalo             101       0.1223       12.3531        8.48
  force                  101       1.2496      126.2085       86.60
commHalo                 303       0.0359       10.8766        7.46
commReduce                39       0.0255        0.9945        0.68

Timing Statistics Across 96 Ranks:
        Timer        Rank: Min(s)       Rank: Max(s)      Avg(s)    Stdev(s)
_____________________________________________________________________________
total               30:  147.7843      53:  147.8527    147.8337      0.0206
loop                 0:  145.7309      95:  145.7310    145.7310      0.0000
timestep            61:  145.7226      29:  145.7289    145.7247      0.0007
  position          74:    1.2373       3:    1.4980      1.3857      0.0487
  velocity           1:    1.7761      76:    2.8074      2.4418      0.1949
  redistribute       9:   14.4195       2:   17.0135     16.0398      0.3850
    atomHalo        76:   10.3106       2:   12.9511     12.0010      0.4453
  force              2:  125.8968       9:  128.1103    126.4374      0.3718
commHalo            76:    8.3714       2:   11.4846     10.4770      0.4995
commReduce          26:    0.5912       2:    1.0868      0.9524      0.0776

---------------------------------------------------
 Average atom update rate:       2.93 us/atom/task
---------------------------------------------------


---------------------------------------------------
 Average all atom update rate:   0.03 us/atom
---------------------------------------------------


---------------------------------------------------
 Average atom rate:             32.78 atoms/us
---------------------------------------------------

Sat Dec 26 07:16:08 2015: CoMD Ending

real 148.08
user 3497.90
sys 49.80
