Sat Dec 26 08:45:10 2015: Starting Initialization


Mini-Application Name    : CoMD-mpi
Mini-Application Version : 1.1
Platform:
  hostname: test-c16595bc-1016-4b8b-bbe3-01bc27f9c84c.novalocal
  kernel name: 'Linux'
  kernel release: '3.10.0-229.4.2.el7.x86_64'
  processor: 'x86_64'
Build:
  CC: '/usr/lib64/mpich/bin/mpicc'
  compiler version: 'cc (GCC) 4.8.3 20140911 (Red Hat 4.8.3-9)'
  CFLAGS: '-std=c99 -DDOUBLE -DDO_MPI -g -O5   '
  LDFLAGS: ' -lm '
  using MPI: true
  Threading: none
  Double Precision: true
Run Date/Time: 2015-12-26, 08:45:10

Command Line Parameters:
  doeam: 0
  potDir: pots
  potName: Cu_u6.eam
  potType: funcfl
  nx: 576
  ny: 576
  nz: 288
  xproc: 8
  yproc: 8
  zproc: 12
  Lattice constant: -1 Angstroms
  nSteps: 100
  printRate: 10
  Time step: 1 fs
  Initial Temperature: 600 K
  Initial Delta: 0 Angstroms

Simulation data: 
  Total atoms        : 382205952
  Min global bounds  : [   0.0000000000,   0.0000000000,   0.0000000000 ]
  Max global bounds  : [ 2082.2400000000, 2082.2400000000, 1041.1200000000 ]

Decomposition data: 
  Processors         :      8,     8,    12
  Local boxes        :     44,    44,    14 =    27104
  Box size           : [   5.9154545455,   5.9154545455,   6.1971428571 ]
  Box factor         : [   1.0221087768,   1.0221087768,   1.0707806233 ] 
  Max Link Cell Occupancy: 32 of 64

Potential data: 
  Potential type   : Lennard-Jones
  Species name     : Cu
  Atomic number    : 29
  Mass             : 63.55 amu
  Lattice Type     : FCC
  Lattice spacing  : 3.615 Angstroms
  Cutoff           : 5.7875 Angstroms
  Epsilon          : 0.167 eV
  Sigma            : 2.315 Angstroms

Memory data: 
  Intrinsic atom footprint =   88 B/atom 
  Total atom footprint     = -692.000 MB ( 41.77 MB/node)
  Link cell atom footprint = 145.578 MB/node
  Link cell atom footprint = 181.844 MB/node (including halo cell data


Initial energy : -1.166063303630, atom count : 382205952 

Sat Dec 26 08:45:13 2015: Initialization Finished

Sat Dec 26 08:45:13 2015: Starting simulation

#                                                                                         Performance
#  Loop   Time(fs)       Total Energy   Potential Energy     Kinetic Energy  Temperature   (us/atom)     # Atoms
      0       0.00    -1.166063303630    -1.243619295230     0.077555991600     600.0000     0.0000    382205952
     10      10.00    -1.166059648057    -1.233153833965     0.067094185908     519.0638     3.2299    382205952
     20      20.00    -1.166048424452    -1.208173088374     0.042124663922     325.8910     3.3380    382205952
     30      30.00    -1.166037576531    -1.186582597028     0.020545020496     158.9434     3.3736    382205952
     40      40.00    -1.166042094589    -1.183640748616     0.017598654027     136.1493     3.2913    382205952
     50      50.00    -1.166051690711    -1.193738808319     0.027687117608     214.1971     3.5134    382205952
     60      60.00    -1.166054646042    -1.202678133927     0.036623487885     283.3320     3.5138    382205952
     70      70.00    -1.166052132368    -1.204910124428     0.038857992060     300.6189     3.2094    382205952
     80      80.00    -1.166048789533    -1.203623187750     0.037574398217     290.6886     3.5359    382205952
     90      90.00    -1.166047997524    -1.203812115126     0.037764117602     292.1563     3.3826    382205952
    100     100.00    -1.166049788647    -1.206865872056     0.040816083408     315.7674     3.3252    382205952
Sat Dec 26 08:48:01 2015: Ending simulation



Simulation Validation:
  Initial energy  : -1.166063303630
  Final energy    : -1.166049788647
  eFinal/eInitial : 0.999988
  Final atom count : 382205952, no atoms lost


Timings for Rank 0
        Timer        # Calls    Avg/Call (s)   Total (s)    % Loop
___________________________________________________________________
total                      1     170.4595      170.4595      101.59
loop                       1     167.7836      167.7836      100.00
timestep                  10      16.7778      167.7779      100.00
  position               100       0.0103        1.0305        0.61
  velocity               200       0.0080        1.5923        0.95
  redistribute           101       0.3465       34.9923       20.86
    atomHalo             101       0.3114       31.4509       18.74
  force                  101       1.2600      127.2613       75.85
commHalo                 303       0.0986       29.8708       17.80
commReduce                39       0.1279        4.9866        2.97

Timing Statistics Across 768 Ranks:
        Timer        Rank: Min(s)       Rank: Max(s)      Avg(s)    Stdev(s)
_____________________________________________________________________________
total              167:  170.3922       0:  170.4595    170.4410      0.0180
loop                17:  167.7831     288:  167.7836    167.7832      0.0001
timestep           353:  167.7668      33:  167.7807    167.7779      0.0005
  position         160:    0.8827     589:    1.2359      1.0219      0.0559
  velocity          43:    1.4200     493:    2.1242      1.7101      0.1090
  redistribute     761:   29.7082     667:   36.3538     34.5645      0.7744
    atomHalo       761:   25.9049     456:   32.8708     30.9476      0.8343
  force            347:  127.1658     761:  132.7807    127.6928      0.5434
commHalo           761:   24.1828     456:   31.3352     29.3135      0.8889
commReduce         665:    3.3703     158:    6.1400      4.8718      0.5607

---------------------------------------------------
 Average atom update rate:       3.37 us/atom/task
---------------------------------------------------


---------------------------------------------------
 Average all atom update rate:   0.00 us/atom
---------------------------------------------------


---------------------------------------------------
 Average atom rate:            227.80 atoms/us
---------------------------------------------------

Sat Dec 26 08:48:01 2015: CoMD Ending

real 170.78
user 3969.31
sys 120.78
