Sat Dec 26 07:42:27 2015: Starting Initialization


Mini-Application Name    : CoMD-mpi
Mini-Application Version : 1.1
Platform:
  hostname: test-c16595bc-1016-4b8b-bbe3-01bc27f9c84c.novalocal
  kernel name: 'Linux'
  kernel release: '3.10.0-229.4.2.el7.x86_64'
  processor: 'x86_64'
Build:
  CC: '/usr/lib64/mpich/bin/mpicc'
  compiler version: 'cc (GCC) 4.8.3 20140911 (Red Hat 4.8.3-9)'
  CFLAGS: '-std=c99 -DDOUBLE -DDO_MPI -g -O5   '
  LDFLAGS: ' -lm '
  using MPI: true
  Threading: none
  Double Precision: true
Run Date/Time: 2015-12-26, 07:42:27

Command Line Parameters:
  doeam: 0
  potDir: pots
  potName: Cu_u6.eam
  potType: funcfl
  nx: 288
  ny: 288
  nz: 288
  xproc: 4
  yproc: 8
  zproc: 6
  Lattice constant: -1 Angstroms
  nSteps: 100
  printRate: 10
  Time step: 1 fs
  Initial Temperature: 600 K
  Initial Delta: 0 Angstroms

Simulation data: 
  Total atoms        : 95551488
  Min global bounds  : [   0.0000000000,   0.0000000000,   0.0000000000 ]
  Max global bounds  : [ 1041.1200000000, 1041.1200000000, 1041.1200000000 ]

Decomposition data: 
  Processors         :      4,     8,     6
  Local boxes        :     44,    22,    29 =    28072
  Box size           : [   5.9154545455,   5.9154545455,   5.9834482759 ]
  Box factor         : [   1.0221087768,   1.0221087768,   1.0338571535 ] 
  Max Link Cell Occupancy: 32 of 64

Potential data: 
  Potential type   : Lennard-Jones
  Species name     : Cu
  Atomic number    : 29
  Mass             : 63.55 amu
  Lattice Type     : FCC
  Lattice spacing  : 3.615 Angstroms
  Cutoff           : 5.7875 Angstroms
  Epsilon          : 0.167 eV
  Sigma            : 2.315 Angstroms

Memory data: 
  Intrinsic atom footprint =   88 B/atom 
  Total atom footprint     = -173.000 MB ( 41.77 MB/node)
  Link cell atom footprint = 150.777 MB/node
  Link cell atom footprint = 183.820 MB/node (including halo cell data


Initial energy : -1.166063303635, atom count : 95551488 

Sat Dec 26 07:42:30 2015: Initialization Finished

Sat Dec 26 07:42:30 2015: Starting simulation

#                                                                                         Performance
#  Loop   Time(fs)       Total Energy   Potential Energy     Kinetic Energy  Temperature   (us/atom)     # Atoms
      0       0.00    -1.166063303635    -1.243619295235     0.077555991600     600.0000     0.0000     95551488
     10      10.00    -1.166059650944    -1.233155048472     0.067095397528     519.0732     3.2737     95551488
     20      20.00    -1.166048430775    -1.208174729585     0.042126298809     325.9036     3.2735     95551488
     30      30.00    -1.166037581189    -1.186579920198     0.020542339009     158.9226     3.3941     95551488
     40      40.00    -1.166042096032    -1.183631183934     0.017589087902     136.0753     3.4682     95551488
     50      50.00    -1.166051689718    -1.193724708926     0.027673019208     214.0881     3.2292     95551488
     60      60.00    -1.166054644990    -1.202665414756     0.036610769766     283.2336     3.3612     95551488
     70      70.00    -1.166052134677    -1.204904461803     0.038852327126     300.5751     3.2318     95551488
     80      80.00    -1.166048795413    -1.203624981534     0.037576186121     290.7024     3.4585     95551488
     90      90.00    -1.166048005239    -1.203815131967     0.037767126727     292.1796     3.2836     95551488
    100     100.00    -1.166049792301    -1.206861213530     0.040811421230     315.7313     3.1449     95551488
Sat Dec 26 07:45:15 2015: Ending simulation



Simulation Validation:
  Initial energy  : -1.166063303635
  Final energy    : -1.166049792301
  eFinal/eInitial : 0.999988
  Final atom count : 95551488, no atoms lost


Timings for Rank 0
        Timer        # Calls    Avg/Call (s)   Total (s)    % Loop
___________________________________________________________________
total                      1     167.4783      167.4783      101.61
loop                       1     164.8219      164.8219      100.00
timestep                  10      16.4820      164.8201      100.00
  position               100       0.0102        1.0206        0.62
  velocity               200       0.0094        1.8860        1.14
  redistribute           101       0.3506       35.4094       21.48
    atomHalo             101       0.3150       31.8170       19.30
  force                  101       1.2464      125.8872       76.38
commHalo                 303       0.1004       30.4156       18.45
commReduce                39       0.0707        2.7580        1.67

Timing Statistics Across 192 Ranks:
        Timer        Rank: Min(s)       Rank: Max(s)      Avg(s)    Stdev(s)
_____________________________________________________________________________
total               80:  167.4713     156:  167.5034    167.4946      0.0094
loop                 5:  164.8217     186:  164.8219    164.8218      0.0001
timestep             6:  164.8199     121:  164.8206    164.8203      0.0002
  position         140:    0.9591     143:    1.3250      1.0840      0.0502
  velocity         102:    1.5230     183:    2.1663      1.8499      0.1046
  redistribute      63:   31.0264     102:   36.1721     34.8476      0.7779
    atomHalo        63:   27.0964     102:   32.6153     31.1709      0.8452
  force            138:  125.2322      63:  131.1809    125.9176      0.8377
commHalo            63:   25.5604     102:   31.2539     29.6664      0.9058
commReduce          63:    1.9432     154:    3.9346      3.2687      0.3783

---------------------------------------------------
 Average atom update rate:       3.31 us/atom/task
---------------------------------------------------


---------------------------------------------------
 Average all atom update rate:   0.02 us/atom
---------------------------------------------------


---------------------------------------------------
 Average atom rate:             57.97 atoms/us
---------------------------------------------------

Sat Dec 26 07:45:15 2015: CoMD Ending

real 167.75
user 3877.11
sys 132.40
