Sat Dec 26 06:44:20 2015: Starting Initialization


Mini-Application Name    : CoMD-mpi
Mini-Application Version : 1.1
Platform:
  hostname: test-c16595bc-1016-4b8b-bbe3-01bc27f9c84c.novalocal
  kernel name: 'Linux'
  kernel release: '3.10.0-229.4.2.el7.x86_64'
  processor: 'x86_64'
Build:
  CC: '/usr/lib64/mpich/bin/mpicc'
  compiler version: 'cc (GCC) 4.8.3 20140911 (Red Hat 4.8.3-9)'
  CFLAGS: '-std=c99 -DDOUBLE -DDO_MPI -g -O5   '
  LDFLAGS: ' -lm '
  using MPI: true
  Threading: none
  Double Precision: true
Run Date/Time: 2015-12-26, 06:44:20

Command Line Parameters:
  doeam: 0
  potDir: pots
  potName: Cu_u6.eam
  potType: funcfl
  nx: 288
  ny: 144
  nz: 144
  xproc: 4
  yproc: 4
  zproc: 3
  Lattice constant: -1 Angstroms
  nSteps: 100
  printRate: 10
  Time step: 1 fs
  Initial Temperature: 600 K
  Initial Delta: 0 Angstroms

Simulation data: 
  Total atoms        : 23887872
  Min global bounds  : [   0.0000000000,   0.0000000000,   0.0000000000 ]
  Max global bounds  : [ 1041.1200000000, 520.5600000000, 520.5600000000 ]

Decomposition data: 
  Processors         :      4,     4,     3
  Local boxes        :     44,    22,    29 =    28072
  Box size           : [   5.9154545455,   5.9154545455,   5.9834482759 ]
  Box factor         : [   1.0221087768,   1.0221087768,   1.0338571535 ] 
  Max Link Cell Occupancy: 32 of 64

Potential data: 
  Potential type   : Lennard-Jones
  Species name     : Cu
  Atomic number    : 29
  Mass             : 63.55 amu
  Lattice Type     : FCC
  Lattice spacing  : 3.615 Angstroms
  Cutoff           : 5.7875 Angstroms
  Epsilon          : 0.167 eV
  Sigma            : 2.315 Angstroms

Memory data: 
  Intrinsic atom footprint =   88 B/atom 
  Total atom footprint     = 2004.750 MB ( 41.77 MB/node)
  Link cell atom footprint = 150.777 MB/node
  Link cell atom footprint = 183.820 MB/node (including halo cell data


Initial energy : -1.166063303635, atom count : 23887872 

Sat Dec 26 06:44:21 2015: Initialization Finished

Sat Dec 26 06:44:21 2015: Starting simulation

#                                                                                         Performance
#  Loop   Time(fs)       Total Energy   Potential Energy     Kinetic Energy  Temperature   (us/atom)     # Atoms
      0       0.00    -1.166063303635    -1.243619295235     0.077555991600     600.0000     0.0000     23887872
     10      10.00    -1.166059648926    -1.233156469342     0.067096820416     519.0842     2.8391     23887872
     20      20.00    -1.166048432327    -1.208180661376     0.042132229049     325.9495     2.8633     23887872
     30      30.00    -1.166037586321    -1.186587816413     0.020550230092     158.9837     2.8639     23887872
     40      40.00    -1.166042094457    -1.183634412875     0.017592318418     136.1003     2.8554     23887872
     50      50.00    -1.166051686250    -1.193724607851     0.027672921601     214.0873     2.9032     23887872
     60      60.00    -1.166054643092    -1.202667642611     0.036612999519     283.2508     2.9648     23887872
     70      70.00    -1.166052134605    -1.204912539995     0.038860405391     300.6375     2.8703     23887872
     80      80.00    -1.166048796113    -1.203639355020     0.037590558908     290.8136     2.9065     23887872
     90      90.00    -1.166048008331    -1.203833297592     0.037785289261     292.3201     3.0211     23887872
    100     100.00    -1.166049796301    -1.206878414776     0.040828618475     315.8643     2.8907     23887872
Sat Dec 26 06:46:46 2015: Ending simulation



Simulation Validation:
  Initial energy  : -1.166063303635
  Final energy    : -1.166049796301
  eFinal/eInitial : 0.999988
  Final atom count : 23887872, no atoms lost


Timings for Rank 0
        Timer        # Calls    Avg/Call (s)   Total (s)    % Loop
___________________________________________________________________
total                      1     146.2133      146.2133      101.38
loop                       1     144.2161      144.2161      100.00
timestep                  10      14.4215      144.2148      100.00
  position               100       0.0157        1.5672        1.09
  velocity               200       0.0146        2.9217        2.03
  redistribute           101       0.1442       14.5682       10.10
    atomHalo             101       0.1013       10.2307        7.09
  force                  101       1.2504      126.2871       87.57
commHalo                 303       0.0287        8.6910        6.03
commReduce                39       0.0082        0.3209        0.22

Timing Statistics Across 48 Ranks:
        Timer        Rank: Min(s)       Rank: Max(s)      Avg(s)    Stdev(s)
_____________________________________________________________________________
total               35:  146.1765       0:  146.2133    146.1958      0.0174
loop                 0:  144.2161      27:  144.2162    144.2162      0.0000
timestep             0:  144.2148      46:  144.2153    144.2151      0.0001
  position           9:    1.4635      28:    1.9109      1.6119      0.0753
  velocity          10:    2.5513       9:    3.0669      2.8762      0.1148
  redistribute      46:   13.3251      38:   14.7303     14.3132      0.2641
    atomHalo        46:    9.1683      24:   10.4834     10.1155      0.2930
  force              8:  126.2175      46:  127.6845    126.5520      0.2659
commHalo            28:    7.5860      24:    9.0513      8.5906      0.3680
commReduce          32:    0.2003       3:    0.3681      0.2973      0.0443

---------------------------------------------------
 Average atom update rate:       2.90 us/atom/task
---------------------------------------------------


---------------------------------------------------
 Average all atom update rate:   0.06 us/atom
---------------------------------------------------


---------------------------------------------------
 Average atom rate:             16.56 atoms/us
---------------------------------------------------

Sat Dec 26 06:46:46 2015: CoMD Ending

real 146.36
user 3456.50
sys 45.14
