Sat Dec 26 08:33:56 2015: Starting Initialization


Mini-Application Name    : CoMD-mpi
Mini-Application Version : 1.1
Platform:
  hostname: test-c16595bc-1016-4b8b-bbe3-01bc27f9c84c.novalocal
  kernel name: 'Linux'
  kernel release: '3.10.0-229.4.2.el7.x86_64'
  processor: 'x86_64'
Build:
  CC: '/usr/lib64/mpich/bin/mpicc'
  compiler version: 'cc (GCC) 4.8.3 20140911 (Red Hat 4.8.3-9)'
  CFLAGS: '-std=c99 -DDOUBLE -DDO_MPI -g -O5   '
  LDFLAGS: ' -lm '
  using MPI: true
  Threading: none
  Double Precision: true
Run Date/Time: 2015-12-26, 08:33:56

Command Line Parameters:
  doeam: 0
  potDir: pots
  potName: Cu_u6.eam
  potType: funcfl
  nx: 576
  ny: 576
  nz: 288
  xproc: 8
  yproc: 8
  zproc: 12
  Lattice constant: -1 Angstroms
  nSteps: 100
  printRate: 10
  Time step: 1 fs
  Initial Temperature: 600 K
  Initial Delta: 0 Angstroms

Simulation data: 
  Total atoms        : 382205952
  Min global bounds  : [   0.0000000000,   0.0000000000,   0.0000000000 ]
  Max global bounds  : [ 2082.2400000000, 2082.2400000000, 1041.1200000000 ]

Decomposition data: 
  Processors         :      8,     8,    12
  Local boxes        :     44,    44,    14 =    27104
  Box size           : [   5.9154545455,   5.9154545455,   6.1971428571 ]
  Box factor         : [   1.0221087768,   1.0221087768,   1.0707806233 ] 
  Max Link Cell Occupancy: 32 of 64

Potential data: 
  Potential type   : Lennard-Jones
  Species name     : Cu
  Atomic number    : 29
  Mass             : 63.55 amu
  Lattice Type     : FCC
  Lattice spacing  : 3.615 Angstroms
  Cutoff           : 5.7875 Angstroms
  Epsilon          : 0.167 eV
  Sigma            : 2.315 Angstroms

Memory data: 
  Intrinsic atom footprint =   88 B/atom 
  Total atom footprint     = -692.000 MB ( 41.77 MB/node)
  Link cell atom footprint = 145.578 MB/node
  Link cell atom footprint = 181.844 MB/node (including halo cell data


Initial energy : -1.166063303630, atom count : 382205952 

Sat Dec 26 08:33:58 2015: Initialization Finished

Sat Dec 26 08:33:58 2015: Starting simulation

#                                                                                         Performance
#  Loop   Time(fs)       Total Energy   Potential Energy     Kinetic Energy  Temperature   (us/atom)     # Atoms
      0       0.00    -1.166063303630    -1.243619295230     0.077555991600     600.0000     0.0000    382205952
     10      10.00    -1.166059648057    -1.233153833965     0.067094185908     519.0638     3.3826    382205952
     20      20.00    -1.166048424452    -1.208173088374     0.042124663922     325.8910     3.4429    382205952
     30      30.00    -1.166037576531    -1.186582597028     0.020545020496     158.9434     3.2415    382205952
     40      40.00    -1.166042094589    -1.183640748616     0.017598654027     136.1493     3.2384    382205952
     50      50.00    -1.166051690711    -1.193738808319     0.027687117608     214.1971     3.3185    382205952
     60      60.00    -1.166054646042    -1.202678133927     0.036623487885     283.3320     3.3090    382205952
     70      70.00    -1.166052132368    -1.204910124428     0.038857992060     300.6189     3.2912    382205952
     80      80.00    -1.166048789533    -1.203623187750     0.037574398217     290.6886     3.2077    382205952
     90      90.00    -1.166047997524    -1.203812115126     0.037764117602     292.1563     3.4227    382205952
    100     100.00    -1.166049788647    -1.206865872056     0.040816083408     315.7674     3.5988    382205952
Sat Dec 26 08:36:45 2015: Ending simulation



Simulation Validation:
  Initial energy  : -1.166063303630
  Final energy    : -1.166049788647
  eFinal/eInitial : 0.999988
  Final atom count : 382205952, no atoms lost


Timings for Rank 0
        Timer        # Calls    Avg/Call (s)   Total (s)    % Loop
___________________________________________________________________
total                      1     169.0854      169.0854      101.56
loop                       1     166.4888      166.4888      100.00
timestep                  10      16.6484      166.4844      100.00
  position               100       0.0101        1.0094        0.61
  velocity               200       0.0079        1.5713        0.94
  redistribute           101       0.3376       34.0929       20.48
    atomHalo             101       0.3028       30.5813       18.37
  force                  101       1.2612      127.3847       76.51
commHalo                 303       0.0959       29.0532       17.45
commReduce                39       0.1144        4.4616        2.68

Timing Statistics Across 768 Ranks:
        Timer        Rank: Min(s)       Rank: Max(s)      Avg(s)    Stdev(s)
_____________________________________________________________________________
total              733:  169.0579     449:  169.1224    169.1098      0.0159
loop                17:  166.4884     743:  166.4888    166.4886      0.0001
timestep             0:  166.4844     119:  166.4860    166.4852      0.0003
  position         170:    0.8695      69:    1.1892      0.9911      0.0522
  velocity         566:    1.3606      69:    2.1779      1.6549      0.1064
  redistribute      44:   30.7763     392:   35.7671     33.9872      0.6939
    atomHalo        44:   27.0239     392:   32.3917     30.4237      0.7565
  force            336:  127.0815     313:  131.0245    127.6394      0.5224
commHalo            44:   25.2088     392:   30.8684     28.7998      0.8163
commReduce         368:    2.5991     729:    5.3228      4.2760      0.4540

---------------------------------------------------
 Average atom update rate:       3.35 us/atom/task
---------------------------------------------------


---------------------------------------------------
 Average all atom update rate:   0.00 us/atom
---------------------------------------------------


---------------------------------------------------
 Average atom rate:            229.57 atoms/us
---------------------------------------------------

Sat Dec 26 08:36:45 2015: CoMD Ending

real 169.47
user 3937.44
sys 119.83
