Sat Dec 26 07:06:03 2015: Starting Initialization


Mini-Application Name    : CoMD-mpi
Mini-Application Version : 1.1
Platform:
  hostname: test-c16595bc-1016-4b8b-bbe3-01bc27f9c84c.novalocal
  kernel name: 'Linux'
  kernel release: '3.10.0-229.4.2.el7.x86_64'
  processor: 'x86_64'
Build:
  CC: '/usr/lib64/mpich/bin/mpicc'
  compiler version: 'cc (GCC) 4.8.3 20140911 (Red Hat 4.8.3-9)'
  CFLAGS: '-std=c99 -DDOUBLE -DDO_MPI -g -O5   '
  LDFLAGS: ' -lm '
  using MPI: true
  Threading: none
  Double Precision: true
Run Date/Time: 2015-12-26, 07:06:03

Command Line Parameters:
  doeam: 0
  potDir: pots
  potName: Cu_u6.eam
  potType: funcfl
  nx: 288
  ny: 288
  nz: 144
  xproc: 4
  yproc: 8
  zproc: 3
  Lattice constant: -1 Angstroms
  nSteps: 100
  printRate: 10
  Time step: 1 fs
  Initial Temperature: 600 K
  Initial Delta: 0 Angstroms

Simulation data: 
  Total atoms        : 47775744
  Min global bounds  : [   0.0000000000,   0.0000000000,   0.0000000000 ]
  Max global bounds  : [ 1041.1200000000, 1041.1200000000, 520.5600000000 ]

Decomposition data: 
  Processors         :      4,     8,     3
  Local boxes        :     44,    22,    29 =    28072
  Box size           : [   5.9154545455,   5.9154545455,   5.9834482759 ]
  Box factor         : [   1.0221087768,   1.0221087768,   1.0338571535 ] 
  Max Link Cell Occupancy: 32 of 64

Potential data: 
  Potential type   : Lennard-Jones
  Species name     : Cu
  Atomic number    : 29
  Mass             : 63.55 amu
  Lattice Type     : FCC
  Lattice spacing  : 3.615 Angstroms
  Cutoff           : 5.7875 Angstroms
  Epsilon          : 0.167 eV
  Sigma            : 2.315 Angstroms

Memory data: 
  Intrinsic atom footprint =   88 B/atom 
  Total atom footprint     = -86.500 MB ( 41.77 MB/node)
  Link cell atom footprint = 150.777 MB/node
  Link cell atom footprint = 183.820 MB/node (including halo cell data


Initial energy : -1.166063303635, atom count : 47775744 

Sat Dec 26 07:06:05 2015: Initialization Finished

Sat Dec 26 07:06:05 2015: Starting simulation

#                                                                                         Performance
#  Loop   Time(fs)       Total Energy   Potential Energy     Kinetic Energy  Temperature   (us/atom)     # Atoms
      0       0.00    -1.166063303635    -1.243619295235     0.077555991600     600.0000     0.0000     47775744
     10      10.00    -1.166059648385    -1.233154418541     0.067094770156     519.0684     3.0200     47775744
     20      20.00    -1.166048429555    -1.208172856271     0.042124426716     325.8891     2.9758     47775744
     30      30.00    -1.166037579552    -1.186574421118     0.020536841566     158.8801     2.9977     47775744
     40      40.00    -1.166042088391    -1.183621357039     0.017579268648     135.9993     3.2804     47775744
     50      50.00    -1.166051681932    -1.193717450331     0.027665768399     214.0320     2.8518     47775744
     60      60.00    -1.166054640360    -1.202668818304     0.036614177944     283.2600     3.0792     47775744
     70      70.00    -1.166052133769    -1.204922091127     0.038869957358     300.7114     3.9711     47775744
     80      80.00    -1.166048799604    -1.203654382409     0.037605582805     290.9298     3.1627     47775744
     90      90.00    -1.166048012593    -1.203846535070     0.037798522478     292.4225     2.8375     47775744
    100     100.00    -1.166049797799    -1.206881718934     0.040831921134     315.8899     2.9120     47775744
Sat Dec 26 07:08:40 2015: Ending simulation



Simulation Validation:
  Initial energy  : -1.166063303635
  Final energy    : -1.166049797799
  eFinal/eInitial : 0.999988
  Final atom count : 47775744, no atoms lost


Timings for Rank 0
        Timer        # Calls    Avg/Call (s)   Total (s)    % Loop
___________________________________________________________________
total                      1     156.7633      156.7633      101.32
loop                       1     154.7220      154.7220      100.00
timestep                  10      15.4714      154.7145      100.00
  position               100       0.0122        1.2167        0.79
  velocity               200       0.0104        2.0799        1.34
  redistribute           101       0.2401       24.2515       15.67
    atomHalo             101       0.2020       20.4028       13.19
  force                  101       1.2486      126.1067       81.51
commHalo                 303       0.0619       18.7646       12.13
commReduce                39       0.0651        2.5404        1.64

Timing Statistics Across 96 Ranks:
        Timer        Rank: Min(s)       Rank: Max(s)      Avg(s)    Stdev(s)
_____________________________________________________________________________
total               38:  156.7019       0:  156.7633    156.7341      0.0210
loop                 1:  154.7220      14:  154.7222    154.7221      0.0001
timestep            23:  154.7043      31:  154.7210    154.7153      0.0014
  position          75:    1.0994      76:    1.4485      1.2990      0.0669
  velocity           3:    1.9834      28:    2.7432      2.2870      0.1676
  redistribute      55:   20.7618      69:   24.2753     23.6419      0.6098
    atomHalo        95:   16.3861      14:   20.5392     19.7391      0.6846
  force             47:  125.9541      55:  129.3204    126.4474      0.6307
commHalo            95:   14.4718      14:   19.0568     18.2267      0.7236
commReduce          19:    1.8264      10:    2.6867      2.5133      0.1448

---------------------------------------------------
 Average atom update rate:       3.11 us/atom/task
---------------------------------------------------


---------------------------------------------------
 Average all atom update rate:   0.03 us/atom
---------------------------------------------------


---------------------------------------------------
 Average atom rate:             30.88 atoms/us
---------------------------------------------------

Sat Dec 26 07:08:40 2015: CoMD Ending

real 156.93
user 3693.25
sys 67.23
