      creating/filling mesh...0.0746121s, total time: 0.0746121
generating matrix structure...1.91382s, total time: 1.98843
         assembling FE data...3.28639s, total time: 5.27482
      imposing Dirichlet BC...0.51024s, total time: 5.78506
      imposing Dirichlet BC...0.039031s, total time: 5.82409
making matrix indices local...0.936231s, total time: 6.76032
Starting CG solver ... 
Initial Residual = 656.836
Iteration = 20   Residual = 0.0884182
Iteration = 40   Residual = 0.046202
Iteration = 60   Residual = 0.0765588
Iteration = 80   Residual = 0.0232523
Iteration = 100   Residual = 0.0172792
Iteration = 120   Residual = 0.0140157
Iteration = 140   Residual = 0.0118412
Iteration = 160   Residual = 0.0120409
Iteration = 180   Residual = 0.00881928
Iteration = 200   Residual = 0.00776062
Final Resid Norm: 0.00776062
real 62.60
user 1250.89
sys 240.15
