      creating/filling mesh...0.0698419s, total time: 0.0698419
generating matrix structure...1.68349s, total time: 1.75333
         assembling FE data...3.29005s, total time: 5.04338
      imposing Dirichlet BC...0.510446s, total time: 5.55383
      imposing Dirichlet BC...0.0391669s, total time: 5.593
making matrix indices local...0.969519s, total time: 6.56252
Starting CG solver ... 
Initial Residual = 656.836
Iteration = 20   Residual = 0.0884182
Iteration = 40   Residual = 0.046202
Iteration = 60   Residual = 0.0765588
Iteration = 80   Residual = 0.0232523
Iteration = 100   Residual = 0.0172792
Iteration = 120   Residual = 0.0140157
Iteration = 140   Residual = 0.0118412
Iteration = 160   Residual = 0.0120409
Iteration = 180   Residual = 0.00881928
Iteration = 200   Residual = 0.00776062
Final Resid Norm: 0.00776062
real 61.95
user 1227.31
sys 237.98
