      creating/filling mesh...0.106575s, total time: 0.106576
generating matrix structure...1.71828s, total time: 1.82486
         assembling FE data...3.32667s, total time: 5.15153
      imposing Dirichlet BC...0.526879s, total time: 5.67841
      imposing Dirichlet BC...0.0389769s, total time: 5.71739
making matrix indices local...0.890124s, total time: 6.60751
Starting CG solver ... 
Initial Residual = 656.837
Iteration = 20   Residual = 0.0955272
Iteration = 40   Residual = 0.0468263
Iteration = 60   Residual = 0.0306024
Iteration = 80   Residual = 0.0224984
Iteration = 100   Residual = 0.0176423
Iteration = 120   Residual = 0.0144097
Iteration = 140   Residual = 0.0121047
Iteration = 160   Residual = 0.0103792
Iteration = 180   Residual = 0.00903973
Iteration = 200   Residual = 0.00797034
Final Resid Norm: 0.00797034
real 79.78
user 1497.07
sys 377.65
