      creating/filling mesh...0.0760338s, total time: 0.0760338
generating matrix structure...1.51823s, total time: 1.59427
         assembling FE data...3.29198s, total time: 4.88624
      imposing Dirichlet BC...0.511934s, total time: 5.39818
      imposing Dirichlet BC...0.0389829s, total time: 5.43716
making matrix indices local...0.887674s, total time: 6.32484
Starting CG solver ... 
Initial Residual = 328.934
Iteration = 20   Residual = 0.530309
Iteration = 40   Residual = 0.0421271
Iteration = 60   Residual = 0.0260162
Iteration = 80   Residual = 0.0380579
Iteration = 100   Residual = 0.0147196
Iteration = 120   Residual = 0.0115025
Iteration = 140   Residual = 0.010997
Iteration = 160   Residual = 0.00779659
Iteration = 180   Residual = 0.00645927
Iteration = 200   Residual = 0.00546653
Final Resid Norm: 0.00546653
real 28.16
user 670.99
sys 4.13
