      creating/filling mesh...0.0682821s, total time: 0.0682821
generating matrix structure...1.53568s, total time: 1.60396
         assembling FE data...3.28404s, total time: 4.888
      imposing Dirichlet BC...0.510433s, total time: 5.39844
      imposing Dirichlet BC...0.0389411s, total time: 5.43738
making matrix indices local...0.934393s, total time: 6.37177
Starting CG solver ... 
Initial Residual = 328.934
Iteration = 20   Residual = 0.530309
Iteration = 40   Residual = 0.0421271
Iteration = 60   Residual = 0.0260162
Iteration = 80   Residual = 0.0380579
Iteration = 100   Residual = 0.0147196
Iteration = 120   Residual = 0.0115025
Iteration = 140   Residual = 0.010997
Iteration = 160   Residual = 0.00779659
Iteration = 180   Residual = 0.00645927
Iteration = 200   Residual = 0.00546653
Final Resid Norm: 0.00546653
real 28.12
user 670.32
sys 4.10
