      creating/filling mesh...0.071876s, total time: 0.071876
generating matrix structure...1.49861s, total time: 1.57048
         assembling FE data...3.33767s, total time: 4.90816
      imposing Dirichlet BC...0.527258s, total time: 5.43541
      imposing Dirichlet BC...0.0390511s, total time: 5.47447
making matrix indices local...0.804716s, total time: 6.27918
Starting CG solver ... 
Initial Residual = 328.937
Iteration = 20   Residual = 0.0935226
Iteration = 40   Residual = 0.0434758
Iteration = 60   Residual = 0.028646
Iteration = 80   Residual = 0.020005
Iteration = 100   Residual = 0.0153602
Iteration = 120   Residual = 0.0122445
Iteration = 140   Residual = 0.00998511
Iteration = 160   Residual = 0.00891977
Iteration = 180   Residual = 0.00708324
Iteration = 200   Residual = 0.0329312
Final Resid Norm: 0.0329312
real 58.70
user 1252.31
sys 146.61
