      creating/filling mesh...0.0789309s, total time: 0.0789309
generating matrix structure...1.975s, total time: 2.05393
         assembling FE data...3.34532s, total time: 5.39925
      imposing Dirichlet BC...0.510459s, total time: 5.90971
      imposing Dirichlet BC...0.0393548s, total time: 5.94907
making matrix indices local...1.58272s, total time: 7.53179
Starting CG solver ... 
Initial Residual = 928.454
Iteration = 20   Residual = 0.760612
Iteration = 40   Residual = 0.0342417
Iteration = 60   Residual = 0.0221406
Iteration = 80   Residual = 0.0161917
Iteration = 100   Residual = 0.143474
Iteration = 120   Residual = 0.0104745
Iteration = 140   Residual = 0.00874261
Iteration = 160   Residual = 0.00747958
Iteration = 180   Residual = 0.00650307
Iteration = 200   Residual = 0.0057274
Final Resid Norm: 0.0057274
real 69.72
user 1287.71
sys 363.37
