      creating/filling mesh...0.0933709s, total time: 0.0933709
generating matrix structure...2.09947s, total time: 2.19284
         assembling FE data...3.3268s, total time: 5.51964
      imposing Dirichlet BC...0.51017s, total time: 6.02981
      imposing Dirichlet BC...0.039186s, total time: 6.069
making matrix indices local...1.60491s, total time: 7.67391
Starting CG solver ... 
Initial Residual = 928.454
Iteration = 20   Residual = 0.760612
Iteration = 40   Residual = 0.0342417
Iteration = 60   Residual = 0.0221406
Iteration = 80   Residual = 0.0161917
Iteration = 100   Residual = 0.143474
Iteration = 120   Residual = 0.0104745
Iteration = 140   Residual = 0.00874261
Iteration = 160   Residual = 0.00747958
Iteration = 180   Residual = 0.00650307
Iteration = 200   Residual = 0.0057274
Final Resid Norm: 0.0057274
real 67.89
user 1251.69
sys 356.00
