      creating/filling mesh...0.0688341s, total time: 0.0688341
generating matrix structure...1.78447s, total time: 1.8533
         assembling FE data...3.3435s, total time: 5.19681
      imposing Dirichlet BC...0.527698s, total time: 5.7245
      imposing Dirichlet BC...0.038908s, total time: 5.76341
making matrix indices local...0.826159s, total time: 6.58957
Starting CG solver ... 
Initial Residual = 656.837
Iteration = 20   Residual = 0.0955272
Iteration = 40   Residual = 0.0468263
Iteration = 60   Residual = 0.0306024
Iteration = 80   Residual = 0.0224984
Iteration = 100   Residual = 0.0176423
Iteration = 120   Residual = 0.0144097
Iteration = 140   Residual = 0.0121047
Iteration = 160   Residual = 0.0103792
Iteration = 180   Residual = 0.00903973
Iteration = 200   Residual = 0.00797034
Final Resid Norm: 0.00797034
real 79.99
user 1502.68
sys 381.61
