      creating/filling mesh...0.0818629s, total time: 0.0818639
generating matrix structure...2.29235s, total time: 2.37421
         assembling FE data...3.34014s, total time: 5.71435
      imposing Dirichlet BC...0.511075s, total time: 6.22542
      imposing Dirichlet BC...0.0390959s, total time: 6.26452
making matrix indices local...1.57101s, total time: 7.83553
Starting CG solver ... 
Initial Residual = 928.454
Iteration = 20   Residual = 0.760612
Iteration = 40   Residual = 0.0342417
Iteration = 60   Residual = 0.0221406
Iteration = 80   Residual = 0.0161917
Iteration = 100   Residual = 0.143474
Iteration = 120   Residual = 0.0104745
Iteration = 140   Residual = 0.00874261
Iteration = 160   Residual = 0.00747958
Iteration = 180   Residual = 0.00650307
Iteration = 200   Residual = 0.0057274
Final Resid Norm: 0.0057274
real 68.63
user 1271.15
sys 355.86
