      creating/filling mesh...0.0903518s, total time: 0.0903528
generating matrix structure...1.63964s, total time: 1.72999
         assembling FE data...3.2837s, total time: 5.01369
      imposing Dirichlet BC...0.509848s, total time: 5.52354
      imposing Dirichlet BC...0.0390279s, total time: 5.56257
making matrix indices local...0.901393s, total time: 6.46396
Starting CG solver ... 
Initial Residual = 328.934
Iteration = 20   Residual = 0.530309
Iteration = 40   Residual = 0.0421271
Iteration = 60   Residual = 0.0260162
Iteration = 80   Residual = 0.0380579
Iteration = 100   Residual = 0.0147196
Iteration = 120   Residual = 0.0115025
Iteration = 140   Residual = 0.010997
Iteration = 160   Residual = 0.00779659
Iteration = 180   Residual = 0.00645927
Iteration = 200   Residual = 0.00546653
Final Resid Norm: 0.00546653
real 28.38
user 675.25
sys 4.02
