      creating/filling mesh...0.101662s, total time: 0.101662
generating matrix structure...2.23765s, total time: 2.33932
         assembling FE data...3.33542s, total time: 5.67474
      imposing Dirichlet BC...0.510213s, total time: 6.18495
      imposing Dirichlet BC...0.0391469s, total time: 6.2241
making matrix indices local...1.58036s, total time: 7.80446
Starting CG solver ... 
Initial Residual = 928.454
Iteration = 20   Residual = 0.760612
Iteration = 40   Residual = 0.0342417
Iteration = 60   Residual = 0.0221406
Iteration = 80   Residual = 0.0161917
Iteration = 100   Residual = 0.143474
Iteration = 120   Residual = 0.0104745
Iteration = 140   Residual = 0.00874261
Iteration = 160   Residual = 0.00747958
Iteration = 180   Residual = 0.00650307
Iteration = 200   Residual = 0.0057274
Final Resid Norm: 0.0057274
real 68.42
user 1259.11
sys 355.15
