      creating/filling mesh...0.07548s, total time: 0.07548
generating matrix structure...1.91645s, total time: 1.99193
         assembling FE data...3.28754s, total time: 5.27947
      imposing Dirichlet BC...0.510678s, total time: 5.79015
      imposing Dirichlet BC...0.0390489s, total time: 5.8292
making matrix indices local...0.92358s, total time: 6.75278
Starting CG solver ... 
Initial Residual = 656.836
Iteration = 20   Residual = 0.0884182
Iteration = 40   Residual = 0.046202
Iteration = 60   Residual = 0.0765588
Iteration = 80   Residual = 0.0232523
Iteration = 100   Residual = 0.0172792
Iteration = 120   Residual = 0.0140157
Iteration = 140   Residual = 0.0118412
Iteration = 160   Residual = 0.0120409
Iteration = 180   Residual = 0.00881928
Iteration = 200   Residual = 0.00776062
Final Resid Norm: 0.00776062
real 63.97
user 1267.80
sys 244.35
