      creating/filling mesh...0.0890622s, total time: 0.0890622
generating matrix structure...1.69022s, total time: 1.77928
         assembling FE data...3.30066s, total time: 5.07994
      imposing Dirichlet BC...0.509709s, total time: 5.58964
      imposing Dirichlet BC...0.039145s, total time: 5.62879
making matrix indices local...0.877601s, total time: 6.50639
Starting CG solver ... 
Initial Residual = 328.934
Iteration = 20   Residual = 0.530309
Iteration = 40   Residual = 0.0421271
Iteration = 60   Residual = 0.0260162
Iteration = 80   Residual = 0.0380579
Iteration = 100   Residual = 0.0147196
Iteration = 120   Residual = 0.0115025
Iteration = 140   Residual = 0.010997
Iteration = 160   Residual = 0.00779659
Iteration = 180   Residual = 0.00645927
Iteration = 200   Residual = 0.00546653
Final Resid Norm: 0.00546653
real 28.28
user 673.57
sys 4.07
