
Clover Version    1.000
       MPI Version
   Task Count    384


Clover Version    1.000
       MPI Version
   Task Count    384

 Output file clover.out opened. All output will go there.
 Step       1 time   0.0000000 control    sound    timestep   1.93E-04       1,       1 x  1.63E-04 y  1.63E-04
 Wall clock    1.2941639423370361     
 Average time per cell    1.3713454589176562E-009
 Step time per cell       1.3713444483679875E-009
 Step       2 time   0.0001926 control    sound    timestep   1.18E-04       1,       1 x  1.63E-04 y  1.63E-04
 Wall clock    3.0409719944000244     
 Average time per cell    1.6111649377611078E-009
 Step time per cell       1.8508879091112046E-009
 Step       3 time   0.0003101 control    sound    timestep   1.49E-04       1,       1 x  1.63E-04 y  1.63E-04
 Wall clock    4.4440801143646240     
 Average time per cell    1.5697055796745527E-009
 Step time per cell       1.4866426075362446E-009
 Step       4 time   0.0004595 control    sound    timestep   1.57E-04       1,       1 x  1.63E-04 y  1.63E-04
 Wall clock    5.8264179229736328     
 Average time per cell    1.5434736471636117E-009
 Step time per cell       1.4646530467467123E-009
 Step       5 time   0.0006169 control    sound    timestep   1.73E-04       1,       1 x  1.63E-04 y  1.63E-04
 Wall clock    7.2231891155242920     
 Average time per cell    1.5307933204490432E-009
 Step time per cell       1.4799224522398113E-009
 Step       6 time   0.0007900 control    sound    timestep   1.73E-04       1,       1 x  1.63E-04 y  1.63E-04
 Wall clock    8.6139140129089355     
 Average time per cell    1.5212719551561384E-009
 Step time per cell       1.4735370415211137E-009
 Step       7 time   0.0009628 control    sound    timestep   1.76E-04       1,       1 x  1.63E-04 y  1.63E-04
 Wall clock    10.038609027862549     
 Average time per cell    1.5196132702089566E-009
 Step time per cell       1.5095287785192745E-009
 Step       8 time   0.0011389 control    sound    timestep   1.85E-04       1,       1 x  1.63E-04 y  1.63E-04
 Wall clock    11.426418066024780     
 Average time per cell    1.5134835330678065E-009
 Step time per cell       1.4704609283297839E-009
 Step       9 time   0.0013241 control    sound    timestep   1.83E-04       1,       1 x  1.63E-04 y  1.63E-04
 Wall clock    12.815722942352295     
 Average time per cell    1.5088920760863851E-009
 Step time per cell       1.4720482492217948E-009
 Step      10 time   0.0015073 control    sound    timestep   1.82E-04       1,       1 x  1.63E-04 y  1.63E-04
 Wall clock    14.275190114974976     
 Average time per cell    1.5126535749408908E-009
 Step time per cell       1.5464105571380869E-009
 Step      11 time   0.0016892 control    sound    timestep   1.81E-04       1,       1 x  1.63E-04 y  1.63E-04
 Wall clock    15.613086938858032     
 Average time per cell    1.5040202033744227E-009
 Step time per cell       1.4176622345176939E-009
 Step      12 time   0.0018698 control    sound    timestep   1.80E-04       1,       1 x  1.63E-04 y  1.63E-04
 Wall clock    17.011857032775879     
 Average time per cell    1.5022010302345734E-009
 Step time per cell       1.4820468802807025E-009
 Step      13 time   0.0020497 control    sound    timestep   1.80E-04       1,       1 x  1.63E-04 y  1.63E-04
 Wall clock    18.413414001464844     
 Average time per cell    1.5008888897907911E-009
 Step time per cell       1.4850181489439111E-009
 Step      14 time   0.0022300 control    sound    timestep   1.81E-04       1,       1 x  1.63E-04 y  1.63E-04
 Wall clock    19.836628913879395     
 Average time per cell    1.5014034539086020E-009
 Step time per cell       1.5079581316967960E-009
 Step      15 time   0.0024111 control    sound    timestep   1.81E-04       1,       1 x  1.63E-04 y  1.63E-04
 Wall clock    21.159651994705200     
 Average time per cell    1.4947716038107130E-009
 Step time per cell       1.4018395530810166E-009
 Step      16 time   0.0025924 control    sound    timestep   1.81E-04       1,       1 x  1.63E-04 y  1.63E-04
 Wall clock    22.562164068222046     
 Average time per cell    1.4942330829449526E-009
 Step time per cell       1.4860375409221484E-009
 Step      17 time   0.0027738 control    sound    timestep   1.81E-04       1,       1 x  1.63E-04 y  1.63E-04
 Wall clock    23.962636947631836     
 Average time per cell    1.4936308111322837E-009
 Step time per cell       1.4838790068299407E-009
 Step      18 time   0.0029553 control    sound    timestep   1.82E-04       1,       1 x  1.63E-04 y  1.63E-04
 Wall clock    25.363123893737793     
 Average time per cell    1.4930962864992231E-009
 Step time per cell       1.4838855754027867E-009
 Step      19 time   0.0031369 control    sound    timestep   1.82E-04       1,       1 x  1.63E-04 y  1.63E-04
 Wall clock    26.774354934692383     
 Average time per cell    1.4932172303836879E-009
 Step time per cell       1.4952711858818979E-009
 Step      20 time   0.0033184 control    sound    timestep   1.82E-04       1,       1 x  1.63E-04 y  1.63E-04
 Wall clock    28.235457897186279     
 Average time per cell    1.4959683893620320E-009
 Step time per cell       1.5481418813578785E-009
 Step      21 time   0.0035000 control    sound    timestep   1.82E-04       1,       1 x  1.63E-04 y  1.63E-04
 Wall clock    29.610904932022095     
 Average time per cell    1.4941354242971760E-009
 Step time per cell       1.4574134689205998E-009
 Step      22 time   0.0036817 control    sound    timestep   1.82E-04       1,       1 x  1.63E-04 y  1.63E-04
 Wall clock    30.998482942581177     
 Average time per cell    1.4930533853483285E-009
 Step time per cell       1.4702214280583170E-009
 Step      23 time   0.0038634 control    sound    timestep   1.82E-04       1,       1 x  1.63E-04 y  1.63E-04
 Wall clock    32.348870038986206     
 Average time per cell    1.4903520058427437E-009
 Step time per cell       1.4307943274616263E-009
 Step      24 time   0.0040452 control    sound    timestep   1.82E-04       1,       1 x  1.63E-04 y  1.63E-04
 Wall clock    33.730338096618652     
 Average time per cell    1.4892480151131707E-009
 Step time per cell       1.4637291517121613E-009
 Step      25 time   0.0042270 control    sound    timestep   1.82E-04       1,       1 x  1.63E-04 y  1.63E-04
 Wall clock    35.088875055313110     
 Average time per cell    1.4872603969706688E-009
 Step time per cell       1.4394484221864129E-009
 Step      26 time   0.0044089 control    sound    timestep   1.82E-04       1,       1 x  1.63E-04 y  1.63E-04
 Wall clock    36.551628112792969     
 Average time per cell    1.4896730322223633E-009
 Step time per cell       1.5498598157945607E-009
 Step      27 time   0.0045908 control    sound    timestep   1.82E-04       1,       1 x  1.63E-04 y  1.63E-04
 Wall clock    37.935477018356323     
 Average time per cell    1.4888102927171183E-009
 Step time per cell       1.4662603259946789E-009
 Step      28 time   0.0047727 control    sound    timestep   1.82E-04       1,       1 x  1.63E-04 y  1.63E-04
 Wall clock    39.327088117599487     
 Average time per cell    1.4883029316190494E-009
 Step time per cell       1.4745003479927415E-009
 Step      29 time   0.0049547 control    sound    timestep   1.82E-04       1,       1 x  1.63E-04 y  1.63E-04
 Wall clock    40.753899097442627     
 Average time per cell    1.4891167380322946E-009
 Step time per cell       1.5117848306545056E-009
 Step      30 time   0.0051367 control    sound    timestep   1.82E-04       1,       1 x  1.63E-04 y  1.63E-04
 Wall clock    42.197839021682739     
 Average time per cell    1.4904813067712691E-009
 Step time per cell       1.5299691666667867E-009
 Step      31 time   0.0053187 control    sound    timestep   1.82E-04       1,       1 x  1.63E-04 y  1.63E-04
 Wall clock    43.507019042968750     
 Average time per cell    1.4871514926407499E-009
 Step time per cell       1.3872262469602800E-009
 Step      32 time   0.0055007 control    sound    timestep   1.82E-04       1,       1 x  1.63E-04 y  1.63E-04
 Wall clock    44.965925931930542     
 Average time per cell    1.4889878012051364E-009
 Step time per cell       1.5457979114014760E-009
 Step      33 time   0.0056827 control    sound    timestep   1.82E-04       1,       1 x  1.63E-04 y  1.63E-04
 Wall clock    46.358756065368652     
 Average time per cell    1.4885910774439240E-009
 Step time per cell       1.4757738932126408E-009
 Step      34 time   0.0058648 control    sound    timestep   1.82E-04       1,       1 x  1.63E-04 y  1.63E-04
 Wall clock    47.755032062530518     
 Average time per cell    1.4883250835683771E-009
 Step time per cell       1.4794255144402592E-009
 Step      35 time   0.0060468 control    sound    timestep   1.82E-04       1,       1 x  1.63E-04 y  1.63E-04
 Wall clock    49.128870964050293     
 Average time per cell    1.4873949978556041E-009
 Step time per cell       1.4556629442571042E-009
 Step      36 time   0.0062289 control    sound    timestep   1.82E-04       1,       1 x  1.63E-04 y  1.63E-04
 Wall clock    50.528837919235229     
 Average time per cell    1.4872856469576810E-009
 Step time per cell       1.4833396259443059E-009
 Step      37 time   0.0064110 control    sound    timestep   1.82E-04       1,       1 x  1.63E-04 y  1.63E-04
 Wall clock    51.913727045059204     
 Average time per cell    1.4867503949488735E-009
 Step time per cell       1.4673615724960756E-009
 Step      38 time   0.0065932 control    sound    timestep   1.82E-04       1,       1 x  1.63E-04 y  1.63E-04
 Wall clock    53.316513061523438     
 Average time per cell    1.4867423727226100E-009
 Step time per cell       1.4863088735081773E-009
 Step      39 time   0.0067754 control    sound    timestep   1.82E-04       1,       1 x  1.63E-04 y  1.63E-04
 Wall clock    54.715770959854126     
 Average time per cell    1.4866389021874595E-009
 Step time per cell       1.4826031878732870E-009
 Step      40 time   0.0069576 control    sound    timestep   1.82E-04       1,       1 x  1.63E-04 y  1.63E-04
 Wall clock    56.195909976959229     
 Average time per cell    1.4886832231139933E-009
 Step time per cell       1.5683152317554535E-009
 Step      41 time   0.0071398 control    sound    timestep   1.82E-04       1,       1 x  1.63E-04 y  1.63E-04
 Wall clock    57.672950029373169     
 Average time per cell    1.4905477288453733E-009
 Step time per cell       1.5650928414995886E-009
 Step      42 time   0.0073220 control    sound    timestep   1.82E-04       1,       1 x  1.63E-04 y  1.63E-04
 Wall clock    59.065306901931763     
 Average time per cell    1.4901869360588659E-009
 Step time per cell       1.4752569970571333E-009
 Step      43 time   0.0075043 control    sound    timestep   1.82E-04       1,       1 x  1.63E-04 y  1.63E-04
 Wall clock    60.478158950805664     
 Average time per cell    1.4903479817808299E-009
 Step time per cell       1.4969908887805003E-009
 Step      44 time   0.0076865 control    sound    timestep   1.82E-04       1,       1 x  1.63E-04 y  1.63E-04
 Wall clock    61.890893936157227     
 Average time per cell    1.4904988880387996E-009
 Step time per cell       1.4968668438086752E-009
 Step      45 time   0.0078687 control    sound    timestep   1.82E-04       1,       1 x  1.63E-04 y  1.63E-04
 Wall clock    63.267554998397827     
 Average time per cell    1.4897936361430092E-009
 Step time per cell       1.4586693295212980E-009
 Step      46 time   0.0080510 control    sound    timestep   1.82E-04       1,       1 x  1.63E-04 y  1.63E-04
 Wall clock    64.687571048736572     
 Average time per cell    1.4901177560358593E-009
 Step time per cell       1.5045844116280527E-009
 Step      47 time   0.0082333 control    sound    timestep   1.82E-04       1,       1 x  1.63E-04 y  1.63E-04
 Wall clock    66.036017894744873     
 Average time per cell    1.4888145206610333E-009
 Step time per cell       1.4287777755978620E-009
 Step      48 time   0.0084156 control    sound    timestep   1.82E-04       1,       1 x  1.63E-04 y  1.63E-04
 Wall clock    67.444360017776489     
 Average time per cell    1.4888878225789356E-009
 Step time per cell       1.4922162942336097E-009
 Step      49 time   0.0085979 control    sound    timestep   1.82E-04       1,       1 x  1.63E-04 y  1.63E-04
 Wall clock    68.867536067962646     
 Average time per cell    1.4892789202312255E-009
 Step time per cell       1.5079182149848848E-009
 Step      50 time   0.0087802 control    sound    timestep   1.82E-04       1,       1 x  1.63E-04 y  1.63E-04
 Wall clock    70.340517997741699     
 Average time per cell    1.4907098981590631E-009
 Step time per cell       1.5607452041876967E-009
 Step      51 time   0.0089626 control    sound    timestep   1.82E-04       1,       1 x  1.63E-04 y  1.63E-04
 Wall clock    71.699769973754883     
 Average time per cell    1.4897217672376048E-009
 Step time per cell       1.4402601462077452E-009
 Step      52 time   0.0091450 control    sound    timestep   1.82E-04       1,       1 x  1.63E-04 y  1.63E-04
 Wall clock    73.088968992233276     
 Average time per cell    1.4893818918911469E-009
 Step time per cell       1.4719199094138780E-009
 Step      53 time   0.0093274 control    sound    timestep   1.82E-04       1,       1 x  1.63E-04 y  1.63E-04
 Wall clock    74.484714984893799     
 Average time per cell    1.4891857368120117E-009
 Step time per cell       1.4788712279470119E-009
 Step      54 time   0.0095098 control    sound    timestep   1.82E-04       1,       1 x  1.63E-04 y  1.63E-04
 Wall clock    75.882160902023315     
 Average time per cell    1.4890302042318139E-009
 Step time per cell       1.4806513111883154E-009
 Step      55 time   0.0096922 control    sound    timestep   1.82E-04       1,       1 x  1.63E-04 y  1.63E-04
 Wall clock    77.268038034439087     
 Average time per cell    1.4886574414655722E-009
 Step time per cell       1.4684019333799370E-009
 Step      56 time   0.0098746 control    sound    timestep   1.82E-04       1,       1 x  1.63E-04 y  1.63E-04
 Wall clock    78.625758886337280     
 Average time per cell    1.4877652154335386E-009
 Step time per cell       1.4385730335359566E-009
 Step      57 time   0.0100570 control    sound    timestep   1.82E-04       1,       1 x  1.63E-04 y  1.63E-04
 Wall clock    80.050472974777222     
 Average time per cell    1.4881497093999543E-009
 Step time per cell       1.5095583370970822E-009
 Step      58 time   0.0102395 control    sound    timestep   1.82E-04       1,       1 x  1.63E-04 y  1.63E-04
 Wall clock    81.458151102066040     
 Average time per cell    1.4882097043674302E-009
 Step time per cell       1.4915086568281468E-009
 Step      59 time   0.0104219 control    sound    timestep   1.82E-04       1,       1 x  1.63E-04 y  1.63E-04
 Wall clock    82.862627029418945     
 Average time per cell    1.4882101541978750E-009
 Step time per cell       1.4881124520292764E-009
 Step      60 time   0.0106044 control    sound    timestep   1.82E-04       1,       1 x  1.63E-04 y  1.63E-04
 Wall clock    84.324225902557373     
 Average time per cell    1.4892194165575481E-009
 Step time per cell       1.5486441245431908E-009
 Step      61 time   0.0107868 control    sound    timestep   1.82E-04       1,       1 x  1.63E-04 y  1.63E-04
 Wall clock    85.707277059555054     
 Average time per cell    1.4888311267907512E-009
 Step time per cell       1.4655082244037960E-009
 Step      62 time   0.0109693 control    sound    timestep   1.82E-04       1,       1 x  1.63E-04 y  1.63E-04
 Wall clock    87.062678098678589     
 Average time per cell    1.4879827960619121E-009
 Step time per cell       1.4361573145530808E-009
 Step      63 time   0.0111518 control    sound    timestep   1.83E-04       1,       1 x  1.63E-04 y  1.63E-04
 Wall clock    88.494369983673096     
 Average time per cell    1.4884445820102505E-009
 Step time per cell       1.5169588449579249E-009
 Step      64 time   0.0113343 control    sound    timestep   1.83E-04       1,       1 x  1.63E-04 y  1.63E-04
 Wall clock    89.875919103622437     
 Average time per cell    1.4880617311203220E-009
 Step time per cell       1.4638456175614718E-009
 Step      65 time   0.0115168 control    sound    timestep   1.83E-04       1,       1 x  1.63E-04 y  1.63E-04
 Wall clock    91.289385080337524     
 Average time per cell    1.4882109728485095E-009
 Step time per cell       1.4976290508962442E-009
 Step      66 time   0.0116994 control    sound    timestep   1.83E-04       1,       1 x  1.63E-04 y  1.63E-04
 Wall clock    92.651859045028687     
 Average time per cell    1.4875370090662619E-009
 Step time per cell       1.4436394242996661E-009
 Step      67 time   0.0118819 control    sound    timestep   1.83E-04       1,       1 x  1.63E-04 y  1.63E-04
 Wall clock    94.100683927536011     
 Average time per cell    1.4882488460688805E-009
 Step time per cell       1.5351093275563066E-009
 Step      68 time   0.0120645 control    sound    timestep   1.83E-04       1,       1 x  1.63E-04 y  1.63E-04
 Wall clock    95.485630035400391     
 Average time per cell    1.4879443292586693E-009
 Step time per cell       1.4674484797675784E-009
 Step      69 time   0.0122471 control    sound    timestep   1.83E-04       1,       1 x  1.63E-04 y  1.63E-04
 Wall clock    96.861244916915894     
 Average time per cell    1.4875053386859602E-009
 Step time per cell       1.4575418087285168E-009
 Step      70 time   0.0124297 control    sound    timestep   1.83E-04       1,       1 x  1.63E-04 y  1.63E-04
 Wall clock    98.349070072174072     
 Average time per cell    1.4887774947662061E-009
 Step time per cell       1.5764269139455994E-009
 Step      71 time   0.0126123 control    sound    timestep   1.83E-04       1,       1 x  1.63E-04 y  1.63E-04
 Wall clock    99.736692905426025     
 Average time per cell    1.4885183478435406E-009
 Step time per cell       1.4703371359953761E-009
 Step      72 time   0.0127949 control    sound    timestep   1.83E-04       1,       1 x  1.63E-04 y  1.63E-04
 Wall clock    101.10627603530884     
 Average time per cell    1.4880009055918947E-009
 Step time per cell       1.4511839354882897E-009
 Step      73 time   0.0129775 control    sound    timestep   1.83E-04       1,       1 x  1.63E-04 y  1.63E-04
 Wall clock    102.48086190223694     
 Average time per cell    1.4875702575241876E-009
 Step time per cell       1.4564536993728122E-009
 Step      74 time   0.0131601 control    sound    timestep   1.83E-04       1,       1 x  1.63E-04 y  1.63E-04
 Wall clock    103.92343711853027     
 Average time per cell    1.4881248176066406E-009
 Step time per cell       1.5284803743674678E-009
 Step      75 time   0.0133427 control    sound    timestep   1.83E-04       1,       1 x  1.63E-04 y  1.63E-04
 Wall clock    105.40364909172058     
 Average time per cell    1.4891963406558649E-009
 Step time per cell       1.5683629802272966E-009
 Step      76 time   0.0135254 control    sound    timestep   1.83E-04       1,       1 x  1.63E-04 y  1.63E-04
 Wall clock    106.79547595977783     
 Average time per cell    1.4890073469476787E-009
 Step time per cell       1.4747375745274541E-009
 Step      77 time   0.0137080 control    sound    timestep   1.83E-04       1,       1 x  1.63E-04 y  1.63E-04
 Wall clock    108.19370007514954     
 Average time per cell    1.4889112981043446E-009
 Step time per cell       1.4815077520324848E-009
 Step      78 time   0.0138907 control    sound    timestep   1.83E-04       1,       1 x  1.63E-04 y  1.63E-04
 Wall clock    109.61794710159302     
 Average time per cell    1.4891712360109429E-009
 Step time per cell       1.5090699889697135E-009
 Step      79 time   0.0140733 control    sound    timestep   1.83E-04       1,       1 x  1.63E-04 y  1.63E-04
 Wall clock    110.98715806007385     
 Average time per cell    1.4886863866781061E-009
 Step time per cell       1.4507549571539533E-009
 Step      80 time   0.0142560 control    sound    timestep   1.83E-04       1,       1 x  1.63E-04 y  1.63E-04
 Wall clock    112.49260711669922     
 Average time per cell    1.4900181971218747E-009
 Step time per cell       1.5951167774296160E-009
 Step      81 time   0.0144387 control    sound    timestep   1.83E-04       1,       1 x  1.63E-04 y  1.63E-04
 Wall clock    113.86974191665649     
 Average time per cell    1.4896385223830383E-009
 Step time per cell       1.4592031523837553E-009
 Step      82 time   0.0146215 control    sound    timestep   1.83E-04       1,       1 x  1.63E-04 y  1.63E-04
 Wall clock    115.22994208335876     
 Average time per cell    1.4890492716243759E-009
 Step time per cell       1.4412128419078524E-009
 Step      83 time   0.0148042 control    sound    timestep   1.83E-04       1,       1 x  1.63E-04 y  1.63E-04
 Wall clock    116.66931295394897     
 Average time per cell    1.4894849702402161E-009
 Step time per cell       1.5250978119891241E-009
 Step      84 time   0.0149869 control    sound    timestep   1.83E-04       1,       1 x  1.63E-04 y  1.63E-04
 Wall clock    118.02243900299072     
 Average time per cell    1.4888223391107872E-009
 Step time per cell       1.4337370480966960E-009
 Step      85 time   0.0151697 control    sound    timestep   1.83E-04       1,       1 x  1.63E-04 y  1.63E-04
 Wall clock    119.43683791160583     
 Average time per cell    1.4889391470467292E-009
 Step time per cell       1.4986292424307773E-009
 Step      86 time   0.0153524 control    sound    timestep   1.83E-04       1,       1 x  1.63E-04 y  1.63E-04
 Wall clock    120.84141993522644     
 Average time per cell    1.4889322810114686E-009
 Step time per cell       1.4882066857858768E-009
 Step      87 time   0.0155351 control    sound    timestep   1.83E-04       1,       1 x  1.63E-04 y  1.63E-04
 Wall clock    122.31713891029358     
 First step overhead -0.45255398750305176     
real 123.52
user 2915.84
sys 44.03
