
Clover Version    1.000
       MPI Version
   Task Count     96


Clover Version    1.000
       MPI Version
   Task Count     96

 Output file clover.out opened. All output will go there.
 Step       1 time   0.0000000 control    sound    timestep   3.85E-04       1,       1 x  3.26E-04 y  3.26E-04
 Wall clock    1.3868799209594727     
 Average time per cell    5.8783633802603519E-009
 Step time per cell       5.8783633802603519E-009
 Step       2 time   0.0003852 control    sound    timestep   2.35E-04       1,       1 x  3.26E-04 y  3.26E-04
 Wall clock    2.7464239597320557     
 Average time per cell    5.8204310941315881E-009
 Step time per cell       5.7616640939765297E-009
 Step       3 time   0.0006203 control    sound    timestep   2.99E-04       1,       1 x  3.26E-04 y  3.26E-04
 Wall clock    4.1674940586090088     
 Average time per cell    5.8880474777348959E-009
 Step time per cell       6.0224030878291362E-009
 Step       4 time   0.0009190 control    sound    timestep   3.15E-04       1,       1 x  3.26E-04 y  3.26E-04
 Wall clock    5.5832500457763672     
 Average time per cell    5.9162246341454899E-009
 Step time per cell       6.0001841322648233E-009
 Step       5 time   0.0012337 control    sound    timestep   3.46E-04       1,       1 x  3.26E-04 y  3.26E-04
 Wall clock    6.9685189723968506     
 Average time per cell    5.9072867265462665E-009
 Step time per cell       5.8710136525203576E-009
 Step       6 time   0.0015801 control    sound    timestep   3.46E-04       1,       1 x  3.26E-04 y  3.26E-04
 Wall clock    8.3307418823242188     
 Average time per cell    5.8850478294684927E-009
 Step time per cell       5.7733147211062413E-009
 Step       7 time   0.0019257 control    sound    timestep   3.52E-04       1,       1 x  3.26E-04 y  3.26E-04
 Wall clock    9.7225668430328369     
 Average time per cell    5.8870871668212146E-009
 Step time per cell       5.8988401481959347E-009
 Step       8 time   0.0022778 control    sound    timestep   3.70E-04       1,       1 x  3.26E-04 y  3.26E-04
 Wall clock    11.095739841461182     
 Average time per cell    5.8787345046261588E-009
 Step time per cell       5.8197100669430151E-009
 Step       9 time   0.0026482 control    sound    timestep   3.66E-04       1,       1 x  3.26E-04 y  3.26E-04
 Wall clock    12.491688013076782     
 Average time per cell    5.8829639637684682E-009
 Step time per cell       5.9161549062183538E-009
 Step      10 time   0.0030146 control    sound    timestep   3.64E-04       1,       1 x  3.26E-04 y  3.26E-04
 Wall clock    13.927581071853638     
 Average time per cell    5.9032783812856195E-009
 Step time per cell       6.0855533471719048E-009
 Step      11 time   0.0033784 control    sound    timestep   3.61E-04       1,       1 x  3.26E-04 y  3.26E-04
 Wall clock    15.280062913894653     
 Average time per cell    5.8877590117385759E-009
 Step time per cell       5.7323490586390512E-009
 Step      12 time   0.0037396 control    sound    timestep   3.60E-04       1,       1 x  3.26E-04 y  3.26E-04
 Wall clock    16.658374071121216     
 Average time per cell    5.8839494461911579E-009
 Step time per cell       5.8414378953683707E-009
 Step      13 time   0.0040994 control    sound    timestep   3.61E-04       1,       1 x  3.26E-04 y  3.26E-04
 Wall clock    17.993828058242798     
 Average time per cell    5.8667527087098465E-009
 Step time per cell       5.6598875946494646E-009
 Step      14 time   0.0044601 control    sound    timestep   3.62E-04       1,       1 x  3.26E-04 y  3.26E-04
 Wall clock    19.369389057159424     
 Average time per cell    5.8641551962835597E-009
 Step time per cell       5.8298751860598310E-009
 Step      15 time   0.0048222 control    sound    timestep   3.63E-04       1,       1 x  3.26E-04 y  3.26E-04
 Wall clock    20.742934942245483     
 Average time per cell    5.8613346077941568E-009
 Step time per cell       5.8213087565187983E-009
 Step      16 time   0.0051849 control    sound    timestep   3.63E-04       1,       1 x  3.26E-04 y  3.26E-04
 Wall clock    22.140171051025391     
 Average time per cell    5.8651423589455793E-009
 Step time per cell       5.9217412247865773E-009
 Step      17 time   0.0055477 control    sound    timestep   3.63E-04       1,       1 x  3.26E-04 y  3.26E-04
 Wall clock    23.526860952377319     
 Average time per cell    5.8658726891355130E-009
 Step time per cell       5.8770031804063665E-009
 Step      18 time   0.0059107 control    sound    timestep   3.63E-04       1,       1 x  3.26E-04 y  3.26E-04
 Wall clock    24.900707960128784     
 Average time per cell    5.8634976893598732E-009
 Step time per cell       5.8225840702006183E-009
 Step      19 time   0.0062737 control    sound    timestep   3.63E-04       1,       1 x  3.26E-04 y  3.26E-04
 Wall clock    26.243592977523804     
 Average time per cell    5.8544656357623103E-009
 Step time per cell       5.6912914361520152E-009
 Step      20 time   0.0066369 control    sound    timestep   3.63E-04       1,       1 x  3.26E-04 y  3.26E-04
 Wall clock    27.733468055725098     
 Average time per cell    5.8774880421373790E-009
 Step time per cell       6.3144014145816780E-009
 Step      21 time   0.0070000 control    sound    timestep   3.63E-04       1,       1 x  3.26E-04 y  3.26E-04
 Wall clock    29.053973913192749     
 Average time per cell    5.8641330604336756E-009
 Step time per cell       5.5967585568497375E-009
 Step      22 time   0.0073634 control    sound    timestep   3.63E-04       1,       1 x  3.26E-04 y  3.26E-04
 Wall clock    30.467450857162476     
 Average time per cell    5.8699041149182708E-009
 Step time per cell       5.9905616783200657E-009
 Step      23 time   0.0077269 control    sound    timestep   3.64E-04       1,       1 x  3.26E-04 y  3.26E-04
 Wall clock    31.801317930221558     
 Average time per cell    5.8605024421105057E-009
 Step time per cell       5.6532028085914340E-009
 Step      24 time   0.0080904 control    sound    timestep   3.64E-04       1,       1 x  3.26E-04 y  3.26E-04
 Wall clock    33.164032936096191     
 Average time per cell    5.8569789702973883E-009
 Step time per cell       5.7753156094501416E-009
 Step      25 time   0.0084540 control    sound    timestep   3.64E-04       1,       1 x  3.26E-04 y  3.26E-04
 Wall clock    34.533143043518066     
 Average time per cell    5.8548216151797936E-009
 Step time per cell       5.8025105115828209E-009
 Step      26 time   0.0088177 control    sound    timestep   3.64E-04       1,       1 x  3.26E-04 y  3.26E-04
 Wall clock    36.049735069274902     
 Average time per cell    5.8768728972337024E-009
 Step time per cell       6.4276506842967743E-009
 Step      27 time   0.0091816 control    sound    timestep   3.64E-04       1,       1 x  3.26E-04 y  3.26E-04
 Wall clock    37.441251993179321     
 Average time per cell    5.8776560329200713E-009
 Step time per cell       5.8974546846002338E-009
 Step      28 time   0.0095455 control    sound    timestep   3.64E-04       1,       1 x  3.26E-04 y  3.26E-04
 Wall clock    38.798514842987061     
 Average time per cell    5.8731979556291156E-009
 Step time per cell       5.7523175200913099E-009
 Step      29 time   0.0099094 control    sound    timestep   3.64E-04       1,       1 x  3.26E-04 y  3.26E-04
 Wall clock    40.188253879547119     
 Average time per cell    5.8737939534310995E-009
 Step time per cell       5.8899341739662404E-009
 Step      30 time   0.0102734 control    sound    timestep   3.64E-04       1,       1 x  3.26E-04 y  3.26E-04
 Wall clock    41.634871959686279     
 Average time per cell    5.8823863784911940E-009
 Step time per cell       6.1310573882009424E-009
 Step      31 time   0.0106374 control    sound    timestep   3.64E-04       1,       1 x  3.26E-04 y  3.26E-04
 Wall clock    42.984433889389038     
 Average time per cell    5.8771542086842630E-009
 Step time per cell       5.7199182871651526E-009
 Step      32 time   0.0110014 control    sound    timestep   3.64E-04       1,       1 x  3.26E-04 y  3.26E-04
 Wall clock    44.342455863952637     
 Average time per cell    5.8733696227540754E-009
 Step time per cell       5.7554956987991721E-009
 Step      33 time   0.0113654 control    sound    timestep   3.64E-04       1,       1 x  3.26E-04 y  3.26E-04
 Wall clock    45.730217933654785     
 Average time per cell    5.8736342527928705E-009
 Step time per cell       5.8815971391999891E-009
 Step      34 time   0.0117295 control    sound    timestep   3.64E-04       1,       1 x  3.26E-04 y  3.26E-04
 Wall clock    47.120651006698608     
 Average time per cell    5.8742162924746107E-009
 Step time per cell       5.8929152954887188E-009
 Step      35 time   0.0120936 control    sound    timestep   3.64E-04       1,       1 x  3.26E-04 y  3.26E-04
 Wall clock    48.495869874954224     
 Average time per cell    5.8729226097172596E-009
 Step time per cell       5.8284119101396452E-009
 Step      36 time   0.0124578 control    sound    timestep   3.64E-04       1,       1 x  3.26E-04 y  3.26E-04
 Wall clock    49.893156051635742     
 Average time per cell    5.8742989494930950E-009
 Step time per cell       5.9219403030712985E-009
 Step      37 time   0.0128221 control    sound    timestep   3.64E-04       1,       1 x  3.26E-04 y  3.26E-04
 Wall clock    51.244395971298218     
 Average time per cell    5.8703260417512337E-009
 Step time per cell       5.7268779427330526E-009
 Step      38 time   0.0131864 control    sound    timestep   3.64E-04       1,       1 x  3.26E-04 y  3.26E-04
 Wall clock    52.678540945053101     
 Average time per cell    5.8758095350938204E-009
 Step time per cell       6.0781733029418519E-009
 Step      39 time   0.0135508 control    sound    timestep   3.64E-04       1,       1 x  3.26E-04 y  3.26E-04
 Wall clock    54.118731975555420     
 Average time per cell    5.8816689141379920E-009
 Step time per cell       6.1037493045053756E-009
 Step      40 time   0.0139152 control    sound    timestep   3.64E-04       1,       1 x  3.26E-04 y  3.26E-04
 Wall clock    55.548307895660400     
 Average time per cell    5.8861105066575369E-009
 Step time per cell       6.0589081840589644E-009
 Step      41 time   0.0142797 control    sound    timestep   3.64E-04       1,       1 x  3.26E-04 y  3.26E-04
 Wall clock    56.884995937347412     
 Average time per cell    5.8807327495200109E-009
 Step time per cell       5.6653809426481730E-009
 Step      42 time   0.0146441 control    sound    timestep   3.64E-04       1,       1 x  3.26E-04 y  3.26E-04
 Wall clock    58.273778915405273     
 Average time per cell    5.8808683885246632E-009
 Step time per cell       5.8858737853976591E-009
 Step      43 time   0.0150085 control    sound    timestep   3.64E-04       1,       1 x  3.26E-04 y  3.26E-04
 Wall clock    59.658027887344360     
 Average time per cell    5.8805507972721583E-009
 Step time per cell       5.8666773838922377E-009
 Step      44 time   0.0153730 control    sound    timestep   3.64E-04       1,       1 x  3.26E-04 y  3.26E-04
 Wall clock    61.049787998199463     
 Average time per cell    5.8809711955484198E-009
 Step time per cell       5.8985056562556162E-009
 Step      45 time   0.0157375 control    sound    timestep   3.65E-04       1,       1 x  3.26E-04 y  3.26E-04
 Wall clock    62.407079935073853     
 Average time per cell    5.8781263502214085E-009
 Step time per cell       5.7523640053760670E-009
 Step      46 time   0.0161020 control    sound    timestep   3.65E-04       1,       1 x  3.26E-04 y  3.26E-04
 Wall clock    63.821451902389526     
 Average time per cell    5.8806646874459606E-009
 Step time per cell       5.9943724611204948E-009
 Step      47 time   0.0164666 control    sound    timestep   3.65E-04       1,       1 x  3.26E-04 y  3.26E-04
 Wall clock    65.191475868225098     
 Average time per cell    5.8790956202500340E-009
 Step time per cell       5.8063758640653559E-009
 Step      48 time   0.0168311 control    sound    timestep   3.65E-04       1,       1 x  3.26E-04 y  3.26E-04
 Wall clock    66.573143005371094     
 Average time per cell    5.8786200598761855E-009
 Step time per cell       5.8557300993318982E-009
 Step      49 time   0.0171958 control    sound    timestep   3.65E-04       1,       1 x  3.26E-04 y  3.26E-04
 Wall clock    67.966246843338013     
 Average time per cell    5.8791531970085105E-009
 Step time per cell       5.9041970719893776E-009
 Step      50 time   0.0175604 control    sound    timestep   3.65E-04       1,       1 x  3.26E-04 y  3.26E-04
 Wall clock    69.414838075637817     
 Average time per cell    5.8843687333541714E-009
 Step time per cell       6.1394035179142116E-009
 Step      51 time   0.0179251 control    sound    timestep   3.65E-04       1,       1 x  3.26E-04 y  3.26E-04
 Wall clock    70.763447999954224     
 Average time per cell    5.8810704050462368E-009
 Step time per cell       5.7158700251925942E-009
 Step      52 time   0.0182899 control    sound    timestep   3.65E-04       1,       1 x  3.26E-04 y  3.26E-04
 Wall clock    72.185497999191284     
 Average time per cell    5.8838850819507244E-009
 Step time per cell       6.0268232320797523E-009
 Step      53 time   0.0186547 control    sound    timestep   3.65E-04       1,       1 x  3.26E-04 y  3.26E-04
 Wall clock    73.537828922271729     
 Average time per cell    5.8810179226370860E-009
 Step time per cell       5.7313748887584853E-009
 Step      54 time   0.0190195 control    sound    timestep   3.65E-04       1,       1 x  3.26E-04 y  3.26E-04
 Wall clock    74.903615951538086     
 Average time per cell    5.8793131472378080E-009
 Step time per cell       5.7884759977847961E-009
 Step      55 time   0.0193844 control    sound    timestep   3.65E-04       1,       1 x  3.26E-04 y  3.26E-04
 Wall clock    76.322725057601929     
 Average time per cell    5.8817796077228835E-009
 Step time per cell       6.0144551146853093E-009
 Step      56 time   0.0197492 control    sound    timestep   3.65E-04       1,       1 x  3.26E-04 y  3.26E-04
 Wall clock    77.692870855331421     
 Average time per cell    5.8804520240156552E-009
 Step time per cell       5.8069397507804550E-009
 Step      57 time   0.0201141 control    sound    timestep   3.65E-04       1,       1 x  3.26E-04 y  3.26E-04
 Wall clock    79.085662841796875     
 Average time per cell    5.8808550057064948E-009
 Step time per cell       5.9028873996188241E-009
 Step      58 time   0.0204789 control    sound    timestep   3.65E-04       1,       1 x  3.26E-04 y  3.26E-04
 Wall clock    80.452358007431030     
 Average time per cell    5.8793369751730027E-009
 Step time per cell       5.7923807617044076E-009
 Step      59 time   0.0208438 control    sound    timestep   3.65E-04       1,       1 x  3.26E-04 y  3.26E-04
 Wall clock    81.769237995147705     
 Average time per cell    5.8742916872378494E-009
 Step time per cell       5.5811475855686393E-009
 Step      60 time   0.0212087 control    sound    timestep   3.65E-04       1,       1 x  3.26E-04 y  3.26E-04
 Wall clock    83.300303936004639     
 Average time per cell    5.8845452157483021E-009
 Step time per cell       6.4889526482956068E-009
 Step      61 time   0.0215736 control    sound    timestep   3.65E-04       1,       1 x  3.26E-04 y  3.26E-04
 Wall clock    84.671545028686523     
 Average time per cell    5.8833572185277697E-009
 Step time per cell       5.8118136318322893E-009
 Step      62 time   0.0219386 control    sound    timestep   3.65E-04       1,       1 x  3.26E-04 y  3.26E-04
 Wall clock    86.080364942550659     
 Average time per cell    5.8847765729453427E-009
 Step time per cell       5.9708408015366227E-009
 Step      63 time   0.0223036 control    sound    timestep   3.65E-04       1,       1 x  3.26E-04 y  3.26E-04
 Wall clock    87.483250856399536     
 Average time per cell    5.8857516372115214E-009
 Step time per cell       5.9456760936882348E-009
 Step      64 time   0.0226686 control    sound    timestep   3.65E-04       1,       1 x  3.26E-04 y  3.26E-04
 Wall clock    88.831363916397095     
 Average time per cell    5.8830687679447793E-009
 Step time per cell       5.7135477820540673E-009
 Step      65 time   0.0230337 control    sound    timestep   3.65E-04       1,       1 x  3.26E-04 y  3.26E-04
 Wall clock    90.241280078887939     
 Average time per cell    5.8844985361270703E-009
 Step time per cell       5.9753589691050970E-009
 Step      66 time   0.0233988 control    sound    timestep   3.65E-04       1,       1 x  3.26E-04 y  3.26E-04
 Wall clock    91.593999862670898     
 Average time per cell    5.8822117983802578E-009
 Step time per cell       5.7330321902150492E-009
 Step      67 time   0.0237639 control    sound    timestep   3.65E-04       1,       1 x  3.26E-04 y  3.26E-04
 Wall clock    92.980021953582764     
 Average time per cell    5.8821000912783522E-009
 Step time per cell       5.8741503986918057E-009
 Step      68 time   0.0241291 control    sound    timestep   3.65E-04       1,       1 x  3.26E-04 y  3.26E-04
 Wall clock    94.405641078948975     
 Average time per cell    5.8844598183568923E-009
 Step time per cell       6.0420320045927333E-009
 Step      69 time   0.0244942 control    sound    timestep   3.65E-04       1,       1 x  3.26E-04 y  3.26E-04
 Wall clock    95.812942028045654     
 Average time per cell    5.8856258931702480E-009
 Step time per cell       5.9644450326838218E-009
 Step      70 time   0.0248594 control    sound    timestep   3.65E-04       1,       1 x  3.26E-04 y  3.26E-04
 Wall clock    97.274404048919678     
 Average time per cell    5.8900381450907193E-009
 Step time per cell       6.1939499573782084E-009
 Step      71 time   0.0252246 control    sound    timestep   3.65E-04       1,       1 x  3.26E-04 y  3.26E-04
 Wall clock    98.631536960601807     
 Average time per cell    5.8880978771204822E-009
 Step time per cell       5.7520840831178553E-009
 Step      72 time   0.0255898 control    sound    timestep   3.65E-04       1,       1 x  3.26E-04 y  3.26E-04
 Wall clock    99.996191978454590     
 Average time per cell    5.8866543227333840E-009
 Step time per cell       5.7835556314482047E-009
 Step      73 time   0.0259550 control    sound    timestep   3.65E-04       1,       1 x  3.26E-04 y  3.26E-04
 Wall clock    101.38035893440247     
 Average time per cell    5.8863832270189666E-009
 Step time per cell       5.8663297548062273E-009
 Step      74 time   0.0263202 control    sound    timestep   3.65E-04       1,       1 x  3.26E-04 y  3.26E-04
 Wall clock    102.76689100265503     
 Average time per cell    5.8862549264956537E-009
 Step time per cell       5.8763463231217532E-009
 Step      75 time   0.0266854 control    sound    timestep   3.65E-04       1,       1 x  3.26E-04 y  3.26E-04
 Wall clock    104.12445402145386     
 Average time per cell    5.8844928894864599E-009
 Step time per cell       5.7535554434353899E-009
 Step      76 time   0.0270507 control    sound    timestep   3.65E-04       1,       1 x  3.26E-04 y  3.26E-04
 Wall clock    105.51405405998230     
 Average time per cell    5.8845639401699256E-009
 Step time per cell       5.8893288547147273E-009
 Step      77 time   0.0274160 control    sound    timestep   3.65E-04       1,       1 x  3.26E-04 y  3.26E-04
 Wall clock    106.81150794029236     
 Average time per cell    5.8795608553696423E-009
 Step time per cell       5.4987847559257517E-009
 Step      78 time   0.0277813 control    sound    timestep   3.65E-04       1,       1 x  3.26E-04 y  3.26E-04
 Wall clock    108.25439786911011     
 Average time per cell    5.8825891103016405E-009
 Step time per cell       6.1152776551251818E-009
 Step      79 time   0.0281467 control    sound    timestep   3.65E-04       1,       1 x  3.26E-04 y  3.26E-04
 Wall clock    109.63855099678040     
 Average time per cell    5.8823893205978240E-009
 Step time per cell       5.8662499213824051E-009
 Step      80 time   0.0285121 control    sound    timestep   3.65E-04       1,       1 x  3.26E-04 y  3.26E-04
 Wall clock    111.09986400604248     
 Average time per cell    5.8862826032661058E-009
 Step time per cell       6.1933183638353106E-009
 Step      81 time   0.0288775 control    sound    timestep   3.65E-04       1,       1 x  3.26E-04 y  3.26E-04
 Wall clock    112.43147802352905     
 Average time per cell    5.8832928914476485E-009
 Step time per cell       5.6439380892293731E-009
 Step      82 time   0.0292429 control    sound    timestep   3.65E-04       1,       1 x  3.26E-04 y  3.26E-04
 Wall clock    113.80355191230774     
 Average time per cell    5.8824674566164377E-009
 Step time per cell       5.8150898338580087E-009
 Step      83 time   0.0296084 control    sound    timestep   3.65E-04       1,       1 x  3.26E-04 y  3.26E-04
 Wall clock    115.20674705505371     
 Average time per cell    5.8832511776768994E-009
 Step time per cell       5.9469948610058054E-009
 Step      84 time   0.0299738 control    sound    timestep   3.65E-04       1,       1 x  3.26E-04 y  3.26E-04
 Wall clock    116.55983185768127     
 Average time per cell    5.8814877231376527E-009
 Step time per cell       5.7346217848438153E-009
 Step      85 time   0.0303393 control    sound    timestep   3.65E-04       1,       1 x  3.26E-04 y  3.26E-04
 Wall clock    117.96530699729919     
 Average time per cell    5.8823782227609267E-009
 Step time per cell       5.9566415681426102E-009
 Step      86 time   0.0307048 control    sound    timestep   3.65E-04       1,       1 x  3.26E-04 y  3.26E-04
 Wall clock    119.31093788146973     
 Average time per cell    5.8802985593746360E-009
 Step time per cell       5.7028996201956437E-009
 Step      87 time   0.0310703 control    sound    timestep   3.66E-04       1,       1 x  3.26E-04 y  3.26E-04
 Wall clock    120.78547692298889     
 First step overhead   2.7531862258911133E-002
real 121.80
user 2863.57
sys 52.75
