
Clover Version    1.000
       MPI Version
   Task Count    192

 Output file clover.out opened. All output will go there.

Clover Version    1.000
       MPI Version
   Task Count    192

 Step       1 time   0.0000000 control    sound    timestep   1.93E-04       1,       1 x  1.63E-04 y  3.26E-04
 Wall clock    1.4445950984954834     
 Average time per cell    3.0614960956477766E-009
 Step time per cell       3.0614960956477766E-009
 Step       2 time   0.0001926 control    sound    timestep   1.62E-04       1,       1 x  1.63E-04 y  3.26E-04
 Wall clock    2.8507201671600342     
 Average time per cell    3.0207317852020626E-009
 Step time per cell       2.9797896180146686E-009
 Step       3 time   0.0003548 control    sound    timestep   1.48E-04       1,       1 x  1.63E-04 y  3.26E-04
 Wall clock    4.2022521495819092     
 Average time per cell    2.9685777378660903E-009
 Step time per cell       2.8638310646379572E-009
 Step       4 time   0.0005028 control    sound    timestep   1.54E-04       1,       1 x  1.63E-04 y  3.26E-04
 Wall clock    5.6221032142639160     
 Average time per cell    2.9786974664602896E-009
 Step time per cell       3.0087832985575209E-009
 Step       5 time   0.0006573 control    sound    timestep   1.68E-04       1,       1 x  1.63E-04 y  3.26E-04
 Wall clock    6.9317250251770020     
 Average time per cell    2.9380480555118994E-009
 Step time per cell       2.7752008059501855E-009
 Step       6 time   0.0008248 control    sound    timestep   1.74E-04       1,       1 x  1.63E-04 y  3.26E-04
 Wall clock    8.3951392173767090     
 Average time per cell    2.9652698719507534E-009
 Step time per cell       3.1011050951848220E-009
 Step       7 time   0.0009990 control    sound    timestep   1.77E-04       1,       1 x  1.63E-04 y  3.26E-04
 Wall clock    9.7255291938781738     
 Average time per cell    2.9444404462415220E-009
 Step time per cell       2.8192350024861905E-009
 Step       8 time   0.0011761 control    sound    timestep   1.83E-04       1,       1 x  1.63E-04 y  3.26E-04
 Wall clock    11.103977203369141     
 Average time per cell    2.9415494080037912E-009
 Step time per cell       2.9210433341278176E-009
 Step       9 time   0.0013593 control    sound    timestep   1.82E-04       1,       1 x  1.63E-04 y  3.26E-04
 Wall clock    12.508896112442017     
 Average time per cell    2.9455340614888736E-009
 Step time per cell       2.9771273249126452E-009
 Step      10 time   0.0015413 control    sound    timestep   1.82E-04       1,       1 x  1.63E-04 y  3.26E-04
 Wall clock    13.998941183090210     
 Average time per cell    2.9667623695988569E-009
 Step time per cell       3.1575624840722109E-009
 Step      11 time   0.0017234 control    sound    timestep   1.82E-04       1,       1 x  1.63E-04 y  3.26E-04
 Wall clock    15.293856143951416     
 Average time per cell    2.9465369299592715E-009
 Step time per cell       2.7442274586064741E-009
 Step      12 time   0.0019050 control    sound    timestep   1.81E-04       1,       1 x  1.63E-04 y  3.26E-04
 Wall clock    16.723796129226685     
 Average time per cell    2.9535286743069904E-009
 Step time per cell       3.0301346972313090E-009
 Step      13 time   0.0020863 control    sound    timestep   1.81E-04       1,       1 x  1.63E-04 y  3.26E-04
 Wall clock    18.086316108703613     
 Average time per cell    2.9484538720128660E-009
 Step time per cell       2.8872849118973440E-009
 Step      14 time   0.0022674 control    sound    timestep   1.81E-04       1,       1 x  1.63E-04 y  3.26E-04
 Wall clock    19.479041099548340     
 Average time per cell    2.9486763817239699E-009
 Step time per cell       2.9512870646107736E-009
 Step      15 time   0.0024489 control    sound    timestep   1.82E-04       1,       1 x  1.63E-04 y  3.26E-04
 Wall clock    20.817088127136230     
 Average time per cell    2.9411440428467121E-009
 Step time per cell       2.8354472508201274E-009
 Step      16 time   0.0026306 control    sound    timestep   1.82E-04       1,       1 x  1.63E-04 y  3.26E-04
 Wall clock    22.161868095397949     
 Average time per cell    2.9354450564116836E-009
 Step time per cell       2.8496929694988970E-009
 Step      17 time   0.0028124 control    sound    timestep   1.82E-04       1,       1 x  1.63E-04 y  3.26E-04
 Wall clock    23.649371147155762     
 Average time per cell    2.9482088708760085E-009
 Step time per cell       3.1521691804906976E-009
 Step      18 time   0.0029942 control    sound    timestep   1.82E-04       1,       1 x  1.63E-04 y  3.26E-04
 Wall clock    25.036972045898438     
 Average time per cell    2.9477922470067387E-009
 Step time per cell       2.9404509405139833E-009
 Step      19 time   0.0031760 control    sound    timestep   1.82E-04       1,       1 x  1.63E-04 y  3.26E-04
 Wall clock    26.347989082336426     
 Average time per cell    2.9388772487457928E-009
 Step time per cell       2.7781334210885690E-009
 Step      20 time   0.0033579 control    sound    timestep   1.82E-04       1,       1 x  1.63E-04 y  3.26E-04
 Wall clock    27.879828214645386     
 Average time per cell    2.9542529015695135E-009
 Step time per cell       3.2461442363758880E-009
 Step      21 time   0.0035397 control    sound    timestep   1.82E-04       1,       1 x  1.63E-04 y  3.26E-04
 Wall clock    29.189577102661133     
 Average time per cell    2.9457513216473949E-009
 Step time per cell       2.7756222051620068E-009
 Step      22 time   0.0037216 control    sound    timestep   1.82E-04       1,       1 x  1.63E-04 y  3.26E-04
 Wall clock    30.631777048110962     
 Average time per cell    2.9507817208753414E-009
 Step time per cell       3.0561487720761863E-009
 Step      23 time   0.0039035 control    sound    timestep   1.82E-04       1,       1 x  1.63E-04 y  3.26E-04
 Wall clock    32.008045196533203     
 Average time per cell    2.9492995770342179E-009
 Step time per cell       2.9164337118143320E-009
 Step      24 time   0.0040854 control    sound    timestep   1.82E-04       1,       1 x  1.63E-04 y  3.26E-04
 Wall clock    33.380883216857910     
 Average time per cell    2.9476380539697992E-009
 Step time per cell       2.9091456276041249E-009
 Step      25 time   0.0042673 control    sound    timestep   1.82E-04       1,       1 x  1.63E-04 y  3.26E-04
 Wall clock    34.788129091262817     
 Average time per cell    2.9490262426811065E-009
 Step time per cell       2.9820780077392961E-009
 Step      26 time   0.0044492 control    sound    timestep   1.82E-04       1,       1 x  1.63E-04 y  3.26E-04
 Wall clock    36.088186025619507     
 Average time per cell    2.9415706101131854E-009
 Step time per cell       2.7549488853158740E-009
 Step      27 time   0.0046311 control    sound    timestep   1.82E-04       1,       1 x  1.63E-04 y  3.26E-04
 Wall clock    37.567908048629761     
 Average time per cell    2.9487694672501930E-009
 Step time per cell       3.1356957050674181E-009
 Step      28 time   0.0048130 control    sound    timestep   1.82E-04       1,       1 x  1.63E-04 y  3.26E-04
 Wall clock    39.009422063827515     
 Average time per cell    2.9525622158828247E-009
 Step time per cell       3.0547077282487103E-009
 Step      29 time   0.0049950 control    sound    timestep   1.82E-04       1,       1 x  1.63E-04 y  3.26E-04
 Wall clock    40.368064165115356     
 Average time per cell    2.9500372411731820E-009
 Step time per cell       2.8790939015582100E-009
 Step      30 time   0.0051769 control    sound    timestep   1.82E-04       1,       1 x  1.63E-04 y  3.26E-04
 Wall clock    41.861157178878784     
 Average time per cell    2.9571785523364302E-009
 Step time per cell       3.1640204017296331E-009
 Step      31 time   0.0053588 control    sound    timestep   1.82E-04       1,       1 x  1.63E-04 y  3.26E-04
 Wall clock    43.187599182128906     
 Average time per cell    2.9524662456805669E-009
 Step time per cell       2.8109530426768793E-009
 Step      32 time   0.0055408 control    sound    timestep   1.82E-04       1,       1 x  1.63E-04 y  3.26E-04
 Wall clock    44.578349113464355     
 Average time per cell    2.9523074039793249E-009
 Step time per cell       2.9471225894263219E-009
 Step      33 time   0.0057227 control    sound    timestep   1.82E-04       1,       1 x  1.63E-04 y  3.26E-04
 Wall clock    46.004100084304810     
 Average time per cell    2.9544059730494340E-009
 Step time per cell       3.0213141144486142E-009
 Step      34 time   0.0059047 control    sound    timestep   1.82E-04       1,       1 x  1.63E-04 y  3.26E-04
 Wall clock    47.365075111389160     
 Average time per cell    2.9523435051231858E-009
 Step time per cell       2.8840253839411567E-009
 Step      35 time   0.0060866 control    sound    timestep   1.82E-04       1,       1 x  1.63E-04 y  3.26E-04
 Wall clock    48.757545232772827     
 Average time per cell    2.9523059440959645E-009
 Step time per cell       2.9507873477996329E-009
 Step      36 time   0.0062686 control    sound    timestep   1.82E-04       1,       1 x  1.63E-04 y  3.26E-04
 Wall clock    50.152699232101440     
 Average time per cell    2.9524284664260863E-009
 Step time per cell       2.9564817951823999E-009
 Step      37 time   0.0064506 control    sound    timestep   1.82E-04       1,       1 x  1.63E-04 y  3.26E-04
 Wall clock    51.539699077606201     
 Average time per cell    2.9520773144516472E-009
 Step time per cell       2.9391604685871344E-009
 Step      38 time   0.0066325 control    sound    timestep   1.82E-04       1,       1 x  1.63E-04 y  3.26E-04
 Wall clock    52.906353235244751     
 Average time per cell    2.9506099564426687E-009
 Step time per cell       2.8960549671966065E-009
 Step      39 time   0.0068145 control    sound    timestep   1.82E-04       1,       1 x  1.63E-04 y  3.26E-04
 Wall clock    54.228721141815186     
 Average time per cell    2.9468113142168521E-009
 Step time per cell       2.8021769240796050E-009
 Step      40 time   0.0069965 control    sound    timestep   1.82E-04       1,       1 x  1.63E-04 y  3.26E-04
 Wall clock    55.769642114639282     
 Average time per cell    2.9547819622166572E-009
 Step time per cell       3.2653871231660661E-009
 Step      41 time   0.0071785 control    sound    timestep   1.82E-04       1,       1 x  1.63E-04 y  3.26E-04
 Wall clock    57.106708049774170     
 Average time per cell    2.9518265995436137E-009
 Step time per cell       2.8335610598636170E-009
 Step      42 time   0.0073605 control    sound    timestep   1.82E-04       1,       1 x  1.63E-04 y  3.26E-04
 Wall clock    58.511386156082153     
 Average time per cell    2.9524236081684532E-009
 Step time per cell       2.9766422610716997E-009
 Step      43 time   0.0075424 control    sound    timestep   1.82E-04       1,       1 x  1.63E-04 y  3.26E-04
 Wall clock    59.846705198287964     
 Average time per cell    2.9495744531857177E-009
 Step time per cell       2.8296578117685083E-009
 Step      44 time   0.0077244 control    sound    timestep   1.82E-04       1,       1 x  1.63E-04 y  3.26E-04
 Wall clock    61.258718013763428     
 Average time per cell    2.9505487891767209E-009
 Step time per cell       2.9921804727766560E-009
 Step      45 time   0.0079064 control    sound    timestep   1.82E-04       1,       1 x  1.63E-04 y  3.26E-04
 Wall clock    62.649844169616699     
 Average time per cell    2.9504961635267800E-009
 Step time per cell       2.9479113234426931E-009
 Step      46 time   0.0080884 control    sound    timestep   1.82E-04       1,       1 x  1.63E-04 y  3.26E-04
 Wall clock    64.021188020706177     
 Average time per cell    2.9495344309740564E-009
 Step time per cell       2.9060149447306886E-009
 Step      47 time   0.0082705 control    sound    timestep   1.82E-04       1,       1 x  1.63E-04 y  3.26E-04
 Wall clock    65.517469167709351     
 Average time per cell    2.9542471688502494E-009
 Step time per cell       3.1707870423108238E-009
 Step      48 time   0.0084525 control    sound    timestep   1.82E-04       1,       1 x  1.63E-04 y  3.26E-04
 Wall clock    66.965134143829346     
 Average time per cell    2.9566170614661704E-009
 Step time per cell       3.0677412925999508E-009
 Step      49 time   0.0086345 control    sound    timestep   1.82E-04       1,       1 x  1.63E-04 y  3.26E-04
 Wall clock    68.658136129379272     
 Average time per cell    2.9695011809030852E-009
 Step time per cell       3.5877080032757171E-009
 Step      50 time   0.0088165 control    sound    timestep   1.82E-04       1,       1 x  1.63E-04 y  3.26E-04
 Wall clock    70.149639129638672     
 Average time per cell    2.9733292952490351E-009
 Step time per cell       3.1606588082569133E-009
 Step      51 time   0.0089986 control    sound    timestep   1.82E-04       1,       1 x  1.63E-04 y  3.26E-04
 Wall clock    71.462201118469238     
 Average time per cell    2.9695714945769979E-009
 Step time per cell       2.7815879851308030E-009
 Step      52 time   0.0091806 control    sound    timestep   1.82E-04       1,       1 x  1.63E-04 y  3.26E-04
 Wall clock    72.868918180465698     
 Average time per cell    2.9697955441460933E-009
 Step time per cell       2.9809441710110856E-009
 Step      53 time   0.0093626 control    sound    timestep   1.82E-04       1,       1 x  1.63E-04 y  3.26E-04
 Wall clock    74.218392133712769     
 Average time per cell    2.9677221963475692E-009
 Step time per cell       2.8596261674667607E-009
 Step      54 time   0.0095447 control    sound    timestep   1.82E-04       1,       1 x  1.63E-04 y  3.26E-04
 Wall clock    75.665996074676514     
 Average time per cell    2.9695768346384824E-009
 Step time per cell       3.0676291215867321E-009
 Step      55 time   0.0097267 control    sound    timestep   1.82E-04       1,       1 x  1.63E-04 y  3.26E-04
 Wall clock    77.049357175827026     
 Average time per cell    2.9688886074423367E-009
 Step time per cell       2.9314848385790054E-009
 Step      56 time   0.0099087 control    sound    timestep   1.82E-04       1,       1 x  1.63E-04 y  3.26E-04
 Wall clock    78.469589233398438     
 Average time per cell    2.9696203123349401E-009
 Step time per cell       3.0096119492858029E-009
 Step      57 time   0.0100908 control    sound    timestep   1.82E-04       1,       1 x  1.63E-04 y  3.26E-04
 Wall clock    79.858600139617920     
 Average time per cell    2.9691655320588763E-009
 Step time per cell       2.9434689470993667E-009
 Step      58 time   0.0102728 control    sound    timestep   1.82E-04       1,       1 x  1.63E-04 y  3.26E-04
 Wall clock    81.233867168426514     
 Average time per cell    2.9682242429457959E-009
 Step time per cell       2.9143292421293963E-009
 Step      59 time   0.0104549 control    sound    timestep   1.82E-04       1,       1 x  1.63E-04 y  3.26E-04
 Wall clock    82.598093032836914     
 Average time per cell    2.9669182640132045E-009
 Step time per cell       2.8909193537805955E-009
 Step      60 time   0.0106370 control    sound    timestep   1.82E-04       1,       1 x  1.63E-04 y  3.26E-04
 Wall clock    84.088865041732788     
 Average time per cell    2.9701255883722938E-009
 Step time per cell       3.1591202463864142E-009
 Step      61 time   0.0108190 control    sound    timestep   1.82E-04       1,       1 x  1.63E-04 y  3.26E-04
 Wall clock    85.401151180267334     
 Average time per cell    2.9670267567267126E-009
 Step time per cell       2.7809801395051179E-009
 Step      62 time   0.0110011 control    sound    timestep   1.82E-04       1,       1 x  1.63E-04 y  3.26E-04
 Wall clock    86.768747091293335     
 Average time per cell    2.9659184791296045E-009
 Step time per cell       2.8980720243352052E-009
 Step      63 time   0.0111832 control    sound    timestep   1.82E-04       1,       1 x  1.63E-04 y  3.26E-04
 Wall clock    88.156400203704834     
 Average time per cell    2.9655200952770373E-009
 Step time per cell       2.9405787750470660E-009
 Step      64 time   0.0113653 control    sound    timestep   1.82E-04       1,       1 x  1.63E-04 y  3.26E-04
 Wall clock    89.616883039474487     
 Average time per cell    2.9675458219142255E-009
 Step time per cell       3.0949164890140915E-009
 Step      65 time   0.0115474 control    sound    timestep   1.82E-04       1,       1 x  1.63E-04 y  3.26E-04
 Wall clock    91.015645027160645     
 Average time per cell    2.9674968565316698E-009
 Step time per cell       2.9641382247468252E-009
 Step      66 time   0.0117295 control    sound    timestep   1.82E-04       1,       1 x  1.63E-04 y  3.26E-04
 Wall clock    92.361757040023804     
 Average time per cell    2.9657587712870318E-009
 Step time per cell       2.8525053292267129E-009
 Step      67 time   0.0119116 control    sound    timestep   1.82E-04       1,       1 x  1.63E-04 y  3.26E-04
 Wall clock    93.763417005538940     
 Average time per cell    2.9658296058597513E-009
 Step time per cell       2.9702419447453898E-009
 Step      68 time   0.0120937 control    sound    timestep   1.82E-04       1,       1 x  1.63E-04 y  3.26E-04
 Wall clock    95.131335020065308     
 Average time per cell    2.9648467612442722E-009
 Step time per cell       2.8987374712920023E-009
 Step      69 time   0.0122759 control    sound    timestep   1.82E-04       1,       1 x  1.63E-04 y  3.26E-04
 Wall clock    96.588727235794067     
 Average time per cell    2.9666405287969614E-009
 Step time per cell       3.0883368001215988E-009
 Step      70 time   0.0124580 control    sound    timestep   1.82E-04       1,       1 x  1.63E-04 y  3.26E-04
 Wall clock    98.030124187469482     
 Average time per cell    2.9678987832287221E-009
 Step time per cell       3.0545404822785510E-009
 Step      71 time   0.0126401 control    sound    timestep   1.82E-04       1,       1 x  1.63E-04 y  3.26E-04
 Wall clock    99.422373056411743     
 Average time per cell    2.9676545746497854E-009
 Step time per cell       2.9504351712401127E-009
 Step      72 time   0.0128222 control    sound    timestep   1.82E-04       1,       1 x  1.63E-04 y  3.26E-04
 Wall clock    100.80902123451233     
 Average time per cell    2.9672522967100831E-009
 Step time per cell       2.9385440332892660E-009
 Step      73 time   0.0130043 control    sound    timestep   1.82E-04       1,       1 x  1.63E-04 y  3.26E-04
 Wall clock    102.14111208915710     
 Average time per cell    2.9652771765175359E-009
 Step time per cell       2.8228189168860101E-009
 Step      74 time   0.0131865 control    sound    timestep   1.82E-04       1,       1 x  1.63E-04 y  3.26E-04
 Wall clock    103.57901906967163     
 Average time per cell    2.9663858920510219E-009
 Step time per cell       3.0470654463796460E-009
 Step      75 time   0.0133686 control    sound    timestep   1.82E-04       1,       1 x  1.63E-04 y  3.26E-04
 Wall clock    104.89862108230591     
 Average time per cell    2.9641220963741135E-009
 Step time per cell       2.7963571685379269E-009
 Step      76 time   0.0135508 control    sound    timestep   1.82E-04       1,       1 x  1.63E-04 y  3.26E-04
 Wall clock    106.31437420845032     
 Average time per cell    2.9645990686374888E-009
 Step time per cell       3.0001238984469740E-009
 Step      77 time   0.0137329 control    sound    timestep   1.82E-04       1,       1 x  1.63E-04 y  3.26E-04
 Wall clock    107.75312209129333     
 Average time per cell    2.9656965382699386E-009
 Step time per cell       3.0488712986375000E-009
 Step      78 time   0.0139151 control    sound    timestep   1.82E-04       1,       1 x  1.63E-04 y  3.26E-04
 Wall clock    109.12803816795349     
 Average time per cell    2.9650315441760171E-009
 Step time per cell       2.9136001305434749E-009
 Step      79 time   0.0140973 control    sound    timestep   1.82E-04       1,       1 x  1.63E-04 y  3.26E-04
 Wall clock    110.51810121536255     
 Average time per cell    2.9647897222806644E-009
 Step time per cell       2.9456694190028227E-009
 Step      80 time   0.0142795 control    sound    timestep   1.82E-04       1,       1 x  1.63E-04 y  3.26E-04
 Wall clock    111.97559404373169     
 Average time per cell    2.9663402251066550E-009
 Step time per cell       3.0886268278764976E-009
 Step      81 time   0.0144617 control    sound    timestep   1.82E-04       1,       1 x  1.63E-04 y  3.26E-04
 Wall clock    113.33703017234802     
 Average time per cell    2.9653392256002339E-009
 Step time per cell       2.8851465887985090E-009
 Step      82 time   0.0146438 control    sound    timestep   1.82E-04       1,       1 x  1.63E-04 y  3.26E-04
 Wall clock    114.70675802230835     
 Average time per cell    2.9645769388645541E-009
 Step time per cell       2.9025836233308331E-009
 Step      83 time   0.0148260 control    sound    timestep   1.82E-04       1,       1 x  1.63E-04 y  3.26E-04
 Wall clock    116.09585618972778     
 Average time per cell    2.9643276114949653E-009
 Step time per cell       2.9435881919602656E-009
 Step      84 time   0.0150082 control    sound    timestep   1.82E-04       1,       1 x  1.63E-04 y  3.26E-04
 Wall clock    117.47085213661194     
 Average time per cell    2.9637284288106631E-009
 Step time per cell       2.9137547446427764E-009
 Step      85 time   0.0151904 control    sound    timestep   1.82E-04       1,       1 x  1.63E-04 y  3.26E-04
 Wall clock    118.85036301612854     
 Average time per cell    2.9632559138311384E-009
 Step time per cell       2.9232978704385458E-009
 Step      86 time   0.0153726 control    sound    timestep   1.82E-04       1,       1 x  1.63E-04 y  3.26E-04
 Wall clock    120.33438014984131     
 Average time per cell    2.9653697087744118E-009
 Step time per cell       3.1447603355950884E-009
 Step      87 time   0.0155548 control    sound    timestep   1.82E-04       1,       1 x  1.63E-04 y  3.26E-04
 Wall clock    121.77287721633911     
 First step overhead   3.8554906845092773E-002
real 122.80
user 2885.45
sys 56.30
