
Clover Version    1.000
       MPI Version
   Task Count     24


Clover Version    1.000
       MPI Version
   Task Count     24

 Output file clover.out opened. All output will go there.
 Step       1 time   0.0000000 control    sound    timestep   7.70E-04       1,       1 x  6.51E-04 y  6.51E-04
 Wall clock    1.2789030075073242     
 Average time per cell    2.1682790247723460E-008
 Step time per cell       2.1682806416518159E-008
 Step       2 time   0.0007703 control    sound    timestep   4.70E-04       1,       1 x  6.51E-04 y  6.51E-04
 Wall clock    2.5595829486846924     
 Average time per cell    2.1697853501084157E-008
 Step time per cell       2.1710782473544693E-008
 Step       3 time   0.0012405 control    sound    timestep   5.97E-04       1,       1 x  6.51E-04 y  6.51E-04
 Wall clock    3.8417038917541504     
 Average time per cell    2.1711018268467375E-008
 Step time per cell       2.1733329857751315E-008
 Step       4 time   0.0018380 control    sound    timestep   6.29E-04       1,       1 x  6.51E-04 y  6.51E-04
 Wall clock    5.1250870227813721     
 Average time per cell    2.1722950502104746E-008
 Step time per cell       2.1756778652262356E-008
 Step       5 time   0.0024675 control    sound    timestep   6.93E-04       1,       1 x  6.51E-04 y  6.51E-04
 Wall clock    6.4057619571685791     
 Average time per cell    2.1720926775338334E-008
 Step time per cell       2.1710560152617593E-008
 Step       6 time   0.0031602 control    sound    timestep   6.91E-04       1,       1 x  6.51E-04 y  6.51E-04
 Wall clock    7.6899659633636475     
 Average time per cell    2.1729549728290835E-008
 Step time per cell       2.1770408946192927E-008
 Step       7 time   0.0038513 control    sound    timestep   7.04E-04       1,       1 x  6.51E-04 y  6.51E-04
 Wall clock    8.9712789058685303     
 Average time per cell    2.1728706737381539E-008
 Step time per cell       2.1721324527687911E-008
 Step       8 time   0.0045556 control    sound    timestep   7.41E-04       1,       1 x  6.51E-04 y  6.51E-04
 Wall clock    10.252024888992310     
 Average time per cell    2.1726872950643558E-008
 Step time per cell       2.1711829403001400E-008
 Step       9 time   0.0052964 control    sound    timestep   7.33E-04       1,       1 x  6.51E-04 y  6.51E-04
 Wall clock    11.528760910034180     
 Average time per cell    2.1717892701013220E-008
 Step time per cell       2.1643948760659745E-008
 Step      10 time   0.0060292 control    sound    timestep   7.28E-04       1,       1 x  6.51E-04 y  6.51E-04
 Wall clock    12.863049030303955     
 Average time per cell    2.1808283539333691E-008
 Step time per cell       2.2619630423529693E-008
 Step      11 time   0.0067568 control    sound    timestep   7.22E-04       1,       1 x  6.51E-04 y  6.51E-04
 Wall clock    14.146049976348877     
 Average time per cell    2.1803191177443498E-008
 Step time per cell       2.1751301473058346E-008
 Step      12 time   0.0074792 control    sound    timestep   7.20E-04       1,       1 x  6.51E-04 y  6.51E-04
 Wall clock    15.425390958786011     
 Average time per cell    2.1793776559880590E-008
 Step time per cell       2.1687790447483874E-008
 Step      13 time   0.0081988 control    sound    timestep   7.21E-04       1,       1 x  6.51E-04 y  6.51E-04
 Wall clock    16.706497907638550     
 Average time per cell    2.1788113465449080E-008
 Step time per cell       2.1718102895344298E-008
 Step      14 time   0.0089202 control    sound    timestep   7.24E-04       1,       1 x  6.51E-04 y  6.51E-04
 Wall clock    17.986383914947510     
 Average time per cell    2.1781780805978331E-008
 Step time per cell       2.1697604905865672E-008
 Step      15 time   0.0096444 control    sound    timestep   7.25E-04       1,       1 x  6.51E-04 y  6.51E-04
 Wall clock    19.269686937332153     
 Average time per cell    2.1780154687197258E-008
 Step time per cell       2.1755064760024349E-008
 Step      16 time   0.0103697 control    sound    timestep   7.26E-04       1,       1 x  6.51E-04 y  6.51E-04
 Wall clock    20.549664020538330     
 Average time per cell    2.1775207541294447E-008
 Step time per cell       2.1699015633203089E-008
 Step      17 time   0.0110953 control    sound    timestep   7.26E-04       1,       1 x  6.51E-04 y  6.51E-04
 Wall clock    21.829972028732300     
 Average time per cell    2.1771172446189632E-008
 Step time per cell       2.1704626204963360E-008
 Step      18 time   0.0118213 control    sound    timestep   7.26E-04       1,       1 x  6.51E-04 y  6.51E-04
 Wall clock    23.110749959945679     
 Average time per cell    2.1768028315740212E-008
 Step time per cell       2.1712629758338961E-008
 Step      19 time   0.0125475 control    sound    timestep   7.26E-04       1,       1 x  6.51E-04 y  6.51E-04
 Wall clock    24.390656948089600     
 Average time per cell    2.1764437980508726E-008
 Step time per cell       2.1697794889203377E-008
 Step      20 time   0.0132737 control    sound    timestep   7.26E-04       1,       1 x  6.51E-04 y  6.51E-04
 Wall clock    25.723479032516479     
 Average time per cell    2.1806063361711696E-008
 Step time per cell       2.2595061939985801E-008
 Step      21 time   0.0140001 control    sound    timestep   7.27E-04       1,       1 x  6.51E-04 y  6.51E-04
 Wall clock    27.002016067504883     
 Average time per cell    2.1799897747952000E-008
 Step time per cell       2.1675518332307953E-008
 Step      22 time   0.0147268 control    sound    timestep   7.27E-04       1,       1 x  6.51E-04 y  6.51E-04
 Wall clock    28.282902002334595     
 Average time per cell    2.1796102814595074E-008
 Step time per cell       2.1714359819371667E-008
 Step      23 time   0.0154537 control    sound    timestep   7.27E-04       1,       1 x  6.51E-04 y  6.51E-04
 Wall clock    29.562479972839355     
 Average time per cell    2.1791673723185334E-008
 Step time per cell       2.1692063051482871E-008
 Step      24 time   0.0161807 control    sound    timestep   7.27E-04       1,       1 x  6.51E-04 y  6.51E-04
 Wall clock    30.846574068069458     
 Average time per cell    2.1790804028030296E-008
 Step time per cell       2.1768969923464788E-008
 Step      25 time   0.0169080 control    sound    timestep   7.27E-04       1,       1 x  6.51E-04 y  6.51E-04
 Wall clock    32.126602888107300     
 Average time per cell    2.1787246967303669E-008
 Step time per cell       2.1700337432169667E-008
 Step      26 time   0.0176355 control    sound    timestep   7.28E-04       1,       1 x  6.51E-04 y  6.51E-04
 Wall clock    33.408551931381226     
 Average time per cell    2.1785215675406971E-008
 Step time per cell       2.1732650768373988E-008
 Step      27 time   0.0183631 control    sound    timestep   7.28E-04       1,       1 x  6.51E-04 y  6.51E-04
 Wall clock    34.688237905502319     
 Average time per cell    2.1781913792175995E-008
 Step time per cell       2.1694504539482296E-008
 Step      28 time   0.0190909 control    sound    timestep   7.28E-04       1,       1 x  6.51E-04 y  6.51E-04
 Wall clock    35.971230983734131     
 Average time per cell    2.1780850234097758E-008
 Step time per cell       2.1750096897853333E-008
 Step      29 time   0.0198188 control    sound    timestep   7.28E-04       1,       1 x  6.51E-04 y  6.51E-04
 Wall clock    37.251199960708618     
 Average time per cell    2.1778092050783951E-008
 Step time per cell       2.1698862029653456E-008
 Step      30 time   0.0205468 control    sound    timestep   7.28E-04       1,       1 x  6.51E-04 y  6.51E-04
 Wall clock    38.584181070327759     
 Average time per cell    2.1805477040793953E-008
 Step time per cell       2.2597370035428969E-008
 Step      31 time   0.0212748 control    sound    timestep   7.28E-04       1,       1 x  6.51E-04 y  6.51E-04
 Wall clock    39.872679948806763     
 Average time per cell    2.1806767480122425E-008
 Step time per cell       2.1844429688321219E-008
 Step      32 time   0.0220028 control    sound    timestep   7.28E-04       1,       1 x  6.51E-04 y  6.51E-04
 Wall clock    41.179727077484131     
 Average time per cell    2.1817804483564235E-008
 Step time per cell       2.2158088136671318E-008
 Step      33 time   0.0227308 control    sound    timestep   7.28E-04       1,       1 x  6.51E-04 y  6.51E-04
 Wall clock    42.460141897201538     
 Average time per cell    2.1814489857684069E-008
 Step time per cell       2.1706473489757628E-008
 Step      34 time   0.0234590 control    sound    timestep   7.28E-04       1,       1 x  6.51E-04 y  6.51E-04
 Wall clock    43.740647077560425     
 Average time per cell    2.1811415268423255E-008
 Step time per cell       2.1707952934472512E-008
 Step      35 time   0.0241873 control    sound    timestep   7.28E-04       1,       1 x  6.51E-04 y  6.51E-04
 Wall clock    45.023275852203369     
 Average time per cell    2.1809545051794323E-008
 Step time per cell       2.1744009346649463E-008
 Step      36 time   0.0249157 control    sound    timestep   7.29E-04       1,       1 x  6.51E-04 y  6.51E-04
 Wall clock    46.303303003311157     
 Average time per cell    2.1806553500757644E-008
 Step time per cell       2.1699573456620178E-008
 Step      37 time   0.0256442 control    sound    timestep   7.29E-04       1,       1 x  6.51E-04 y  6.51E-04
 Wall clock    47.583706855773926     
 Average time per cell    2.1803896267990674E-008
 Step time per cell       2.1706081396486195E-008
 Step      38 time   0.0263728 control    sound    timestep   7.29E-04       1,       1 x  6.51E-04 y  6.51E-04
 Wall clock    48.868113040924072     
 Average time per cell    2.1803164584031165E-008
 Step time per cell       2.1774091389185437E-008
 Step      39 time   0.0271016 control    sound    timestep   7.29E-04       1,       1 x  6.51E-04 y  6.51E-04
 Wall clock    50.147440910339355     
 Average time per cell    2.1800262759972969E-008
 Step time per cell       2.1687976388622903E-008
 Step      40 time   0.0278304 control    sound    timestep   7.29E-04       1,       1 x  6.51E-04 y  6.51E-04
 Wall clock    51.477547883987427     
 Average time per cell    2.1819029017125204E-008
 Step time per cell       2.2548726216579477E-008
 Step      41 time   0.0285593 control    sound    timestep   7.29E-04       1,       1 x  6.51E-04 y  6.51E-04
 Wall clock    52.757667064666748     
 Average time per cell    2.1816209028979769E-008
 Step time per cell       2.1702475755268502E-008
 Step      42 time   0.0292882 control    sound    timestep   7.29E-04       1,       1 x  6.51E-04 y  6.51E-04
 Wall clock    54.039881944656372     
 Average time per cell    2.1814369300421001E-008
 Step time per cell       2.1737093144717317E-008
 Step      43 time   0.0300171 control    sound    timestep   7.29E-04       1,       1 x  6.51E-04 y  6.51E-04
 Wall clock    55.319792032241821     
 Average time per cell    2.1811706397967600E-008
 Step time per cell       2.1697948492753010E-008
 Step      44 time   0.0307460 control    sound    timestep   7.29E-04       1,       1 x  6.51E-04 y  6.51E-04
 Wall clock    56.601327896118164     
 Average time per cell    2.1809790985461213E-008
 Step time per cell       2.1725378852958481E-008
 Step      45 time   0.0314750 control    sound    timestep   7.29E-04       1,       1 x  6.51E-04 y  6.51E-04
 Wall clock    57.881577968597412     
 Average time per cell    2.1807476267345066E-008
 Step time per cell       2.1703474178341114E-008
 Step      46 time   0.0322040 control    sound    timestep   7.29E-04       1,       1 x  6.51E-04 y  6.51E-04
 Wall clock    59.164999961853027     
 Average time per cell    2.1806431263302801E-008
 Step time per cell       2.1757797286328341E-008
 Step      47 time   0.0329331 control    sound    timestep   7.29E-04       1,       1 x  6.51E-04 y  6.51E-04
 Wall clock    60.446667909622192     
 Average time per cell    2.1804797994418742E-008
 Step time per cell       2.1727412078891777E-008
 Step      48 time   0.0336623 control    sound    timestep   7.29E-04       1,       1 x  6.51E-04 y  6.51E-04
 Wall clock    61.725966930389404     
 Average time per cell    2.1802396043279224E-008
 Step time per cell       2.1687535788967379E-008
 Step      49 time   0.0343915 control    sound    timestep   7.29E-04       1,       1 x  6.51E-04 y  6.51E-04
 Wall clock    63.011244058609009     
 Average time per cell    2.1802160581769188E-008
 Step time per cell       2.1788942427115721E-008
 Step      50 time   0.0351209 control    sound    timestep   7.29E-04       1,       1 x  6.51E-04 y  6.51E-04
 Wall clock    64.342025041580200     
 Average time per cell    2.1817364176968112E-008
 Step time per cell       2.2560222229609886E-008
 Step      51 time   0.0358503 control    sound    timestep   7.30E-04       1,       1 x  6.51E-04 y  6.51E-04
 Wall clock    65.623581886291504     
 Average time per cell    2.1815607702148539E-008
 Step time per cell       2.1726817875686620E-008
 Step      52 time   0.0365798 control    sound    timestep   7.30E-04       1,       1 x  6.51E-04 y  6.51E-04
 Wall clock    66.905807018280029     
 Average time per cell    2.1814136674108269E-008
 Step time per cell       2.1737400351816580E-008
 Step      53 time   0.0373094 control    sound    timestep   7.30E-04       1,       1 x  6.51E-04 y  6.51E-04
 Wall clock    68.186213970184326     
 Average time per cell    2.1812139537558351E-008
 Step time per cell       2.1706271379823900E-008
 Step      54 time   0.0380391 control    sound    timestep   7.30E-04       1,       1 x  6.51E-04 y  6.51E-04
 Wall clock    69.468601942062378     
 Average time per cell    2.1810838343635960E-008
 Step time per cell       2.1739825671021309E-008
 Step      55 time   0.0387688 control    sound    timestep   7.30E-04       1,       1 x  6.51E-04 y  6.51E-04
 Wall clock    70.749050855636597     
 Average time per cell    2.1808986734914021E-008
 Step time per cell       2.1707253634101816E-008
 Step      56 time   0.0394984 control    sound    timestep   7.30E-04       1,       1 x  6.51E-04 y  6.51E-04
 Wall clock    72.031790971755981     
 Average time per cell    2.1807894925240404E-008
 Step time per cell       2.1745775787470242E-008
 Step      57 time   0.0402281 control    sound    timestep   7.30E-04       1,       1 x  6.51E-04 y  6.51E-04
 Wall clock    73.312134027481079     
 Average time per cell    2.1806128437564569E-008
 Step time per cell       2.1704917243267927E-008
 Step      58 time   0.0409578 control    sound    timestep   7.30E-04       1,       1 x  6.51E-04 y  6.51E-04
 Wall clock    74.596165895462036     
 Average time per cell    2.1805501154599841E-008
 Step time per cell       2.1767728968471703E-008
 Step      59 time   0.0416876 control    sound    timestep   7.30E-04       1,       1 x  6.51E-04 y  6.51E-04
 Wall clock    75.877588987350464     
 Average time per cell    2.1804145478889900E-008
 Step time per cell       2.1723515399369514E-008
 Step      60 time   0.0424174 control    sound    timestep   7.30E-04       1,       1 x  6.51E-04 y  6.51E-04
 Wall clock    77.210407972335815     
 Average time per cell    2.1817357938508159E-008
 Step time per cell       2.2595199374740735E-008
 Step      61 time   0.0431473 control    sound    timestep   7.30E-04       1,       1 x  6.51E-04 y  6.51E-04
 Wall clock    78.491930007934570     
 Average time per cell    2.1815879837879555E-008
 Step time per cell       2.1726175166097366E-008
 Step      62 time   0.0438772 control    sound    timestep   7.30E-04       1,       1 x  6.51E-04 y  6.51E-04
 Wall clock    79.775035858154297     
 Average time per cell    2.1814882519945341E-008
 Step time per cell       2.1752033111018440E-008
 Step      63 time   0.0446072 control    sound    timestep   7.30E-04       1,       1 x  6.51E-04 y  6.51E-04
 Wall clock    81.056236028671265     
 Average time per cell    2.1813404016961333E-008
 Step time per cell       2.1719800618787606E-008
 Step      64 time   0.0453372 control    sound    timestep   7.30E-04       1,       1 x  6.51E-04 y  6.51E-04
 Wall clock    82.339196920394897     
 Average time per cell    2.1812438149027001E-008
 Step time per cell       2.1749401639681311E-008
 Step      65 time   0.0460673 control    sound    timestep   7.30E-04       1,       1 x  6.51E-04 y  6.51E-04
 Wall clock    83.621067047119141     
 Average time per cell    2.1811217491507020E-008
 Step time per cell       2.1731143028268385E-008
 Step      66 time   0.0467975 control    sound    timestep   7.30E-04       1,       1 x  6.51E-04 y  6.51E-04
 Wall clock    84.902878046035767     
 Average time per cell    2.1810018634741110E-008
 Step time per cell       2.1730144605195769E-008
 Step      67 time   0.0475278 control    sound    timestep   7.30E-04       1,       1 x  6.51E-04 y  6.51E-04
 Wall clock    86.184997081756592     
 Average time per cell    2.1808933512814292E-008
 Step time per cell       2.1735334788293889E-008
 Step      68 time   0.0482581 control    sound    timestep   7.30E-04       1,       1 x  6.51E-04 y  6.51E-04
 Wall clock    87.468762874603271     
 Average time per cell    2.1808290886624222E-008
 Step time per cell       2.1763238085744282E-008
 Step      69 time   0.0489885 control    sound    timestep   7.30E-04       1,       1 x  6.51E-04 y  6.51E-04
 Wall clock    88.749577045440674     
 Average time per cell    2.1806941634822404E-008
 Step time per cell       2.1713256299133516E-008
 Step      70 time   0.0497188 control    sound    timestep   7.30E-04       1,       1 x  6.51E-04 y  6.51E-04
 Wall clock    90.081670045852661     
 Average time per cell    2.1818050819482387E-008
 Step time per cell       2.2583129369498541E-008
 Step      71 time   0.0504492 control    sound    timestep   7.30E-04       1,       1 x  6.51E-04 y  6.51E-04
 Wall clock    91.362914085388184     
 Average time per cell    2.1816704760003886E-008
 Step time per cell       2.1721397287264051E-008
 Step      72 time   0.0511795 control    sound    timestep   7.30E-04       1,       1 x  6.51E-04 y  6.51E-04
 Wall clock    92.646615028381348     
 Average time per cell    2.1815974630751750E-008
 Step time per cell       2.1762001172949871E-008
 Step      73 time   0.0519100 control    sound    timestep   7.30E-04       1,       1 x  6.51E-04 y  6.51E-04
 Wall clock    93.929652929306030     
 Average time per cell    2.1815110513883043E-008
 Step time per cell       2.1751164038303412E-008
 Step      74 time   0.0526404 control    sound    timestep   7.30E-04       1,       1 x  6.51E-04 y  6.51E-04
 Wall clock    95.213485956192017     
 Average time per cell    2.1814451923586188E-008
 Step time per cell       2.1764204171227500E-008
 Step      75 time   0.0533709 control    sound    timestep   7.31E-04       1,       1 x  6.51E-04 y  6.51E-04
 Wall clock    96.494857072830200     
 Average time per cell    2.1813254365783737E-008
 Step time per cell       2.1722771634813397E-008
 Step      76 time   0.0541014 control    sound    timestep   7.31E-04       1,       1 x  6.51E-04 y  6.51E-04
 Wall clock    97.779072046279907     
 Average time per cell    2.1812722735104904E-008
 Step time per cell       2.1770853588047128E-008
 Step      77 time   0.0548320 control    sound    timestep   7.31E-04       1,       1 x  6.51E-04 y  6.51E-04
 Wall clock    99.060625076293945     
 Average time per cell    2.1811618794207322E-008
 Step time per cell       2.1725653722468349E-008
 Step      78 time   0.0555626 control    sound    timestep   7.31E-04       1,       1 x  6.51E-04 y  6.51E-04
 Wall clock    100.38016796112061     
 Average time per cell    2.1818800697678917E-008
 Step time per cell       2.2369927642608270E-008
 Step      79 time   0.0562933 control    sound    timestep   7.31E-04       1,       1 x  6.51E-04 y  6.51E-04
 Wall clock    101.66388487815857     
 Average time per cell    2.1818112160760974E-008
 Step time per cell       2.1762304337850461E-008
 Step      80 time   0.0570241 control    sound    timestep   7.31E-04       1,       1 x  6.51E-04 y  6.51E-04
 Wall clock    102.99557089805603     
 Average time per cell    2.1827606815350010E-008
 Step time per cell       2.2575647259751957E-008
 Step      81 time   0.0577549 control    sound    timestep   7.31E-04       1,       1 x  6.51E-04 y  6.51E-04
 Wall clock    104.27744793891907     
 Average time per cell    2.1826441455086303E-008
 Step time per cell       2.1732448658440264E-008
 Step      82 time   0.0584859 control    sound    timestep   7.31E-04       1,       1 x  6.51E-04 y  6.51E-04
 Wall clock    105.56049704551697     
 Average time per cell    2.1825546852983712E-008
 Step time per cell       2.1750844704608123E-008
 Step      83 time   0.0592168 control    sound    timestep   7.31E-04       1,       1 x  6.51E-04 y  6.51E-04
 Wall clock    106.84387707710266     
 Average time per cell    2.1824741404808413E-008
 Step time per cell       2.1756730145878262E-008
 Step      84 time   0.0599477 control    sound    timestep   7.31E-04       1,       1 x  6.51E-04 y  6.51E-04
 Wall clock    108.12921905517578     
 Average time per cell    2.1824351125076492E-008
 Step time per cell       2.1790078284943270E-008
 Step      85 time   0.0606786 control    sound    timestep   7.31E-04       1,       1 x  6.51E-04 y  6.51E-04
 Wall clock    109.41078591346741     
 Average time per cell    2.1823217038116935E-008
 Step time per cell       2.1726106448719899E-008
 Step      86 time   0.0614096 control    sound    timestep   7.31E-04       1,       1 x  6.51E-04 y  6.51E-04
 Wall clock    110.69461393356323     
 Average time per cell    2.1822555095182360E-008
 Step time per cell       2.1764050567677866E-008
 Step      87 time   0.0621405 control    sound    timestep   7.31E-04       1,       1 x  6.51E-04 y  6.51E-04
 Wall clock    112.02573204040527     
 First step overhead  -1.6510486602783203E-003
real 112.54
user 2693.16
sys 5.99
