
Clover Version    1.000
       MPI Version
   Task Count    192


Clover Version    1.000
       MPI Version
   Task Count    192

 Output file clover.out opened. All output will go there.
 Step       1 time   0.0000000 control    sound    timestep   1.93E-04       1,       1 x  1.63E-04 y  3.26E-04
 Wall clock    1.3492100238800049     
 Average time per cell    2.8593487715827197E-009
 Step time per cell       2.8593487715827197E-009
 Step       2 time   0.0001926 control    sound    timestep   1.62E-04       1,       1 x  1.63E-04 y  3.26E-04
 Wall clock    2.8491008281707764     
 Average time per cell    3.0190158718647176E-009
 Step time per cell       3.1783080582196513E-009
 Step       3 time   0.0003548 control    sound    timestep   1.48E-04       1,       1 x  1.63E-04 y  3.26E-04
 Wall clock    4.2271690368652344     
 Average time per cell    2.9861796604193469E-009
 Step time per cell       2.9200343002836841E-009
 Step       4 time   0.0005028 control    sound    timestep   1.54E-04       1,       1 x  1.63E-04 y  3.26E-04
 Wall clock    5.6409559249877930     
 Average time per cell    2.9886859920225104E-009
 Step time per cell       2.9958998008320729E-009
 Step       5 time   0.0006573 control    sound    timestep   1.68E-04       1,       1 x  1.63E-04 y  3.26E-04
 Wall clock    6.9994208812713623     
 Average time per cell    2.9667412996382661E-009
 Step time per cell       2.8786891764159209E-009
 Step       6 time   0.0008248 control    sound    timestep   1.74E-04       1,       1 x  1.63E-04 y  3.26E-04
 Wall clock    8.3735668659210205     
 Average time per cell    2.9576502432367609E-009
 Step time per cell       2.9119003860008284E-009
 Step       7 time   0.0009990 control    sound    timestep   1.77E-04       1,       1 x  1.63E-04 y  3.26E-04
 Wall clock    9.8340628147125244     
 Average time per cell    2.9772994070847902E-009
 Step time per cell       3.0949447844048135E-009
 Step       8 time   0.0011761 control    sound    timestep   1.83E-04       1,       1 x  1.63E-04 y  3.26E-04
 Wall clock    11.149454832077026     
 Average time per cell    2.9535968653565051E-009
 Step time per cell       2.7875007112419958E-009
 Step       9 time   0.0013593 control    sound    timestep   1.82E-04       1,       1 x  1.63E-04 y  3.26E-04
 Wall clock    12.553380012512207     
 Average time per cell    2.9560089140791261E-009
 Step time per cell       2.9749915281879817E-009
 Step      10 time   0.0015413 control    sound    timestep   1.82E-04       1,       1 x  1.63E-04 y  3.26E-04
 Wall clock    14.069577932357788     
 Average time per cell    2.9817322481701719E-009
 Step time per cell       3.2129860806485845E-009
 Step      11 time   0.0017234 control    sound    timestep   1.82E-04       1,       1 x  1.63E-04 y  3.26E-04
 Wall clock    15.375882863998413     
 Average time per cell    2.9623403190840928E-009
 Step time per cell       2.7683699954650365E-009
 Step      12 time   0.0019050 control    sound    timestep   1.81E-04       1,       1 x  1.63E-04 y  3.26E-04
 Wall clock    16.794781923294067     
 Average time per cell    2.9660652166462062E-009
 Step time per cell       3.0067531042732299E-009
 Step      13 time   0.0020863 control    sound    timestep   1.81E-04       1,       1 x  1.63E-04 y  3.26E-04
 Wall clock    18.206517934799194     
 Average time per cell    2.9680493240355133E-009
 Step time per cell       2.9916085016642077E-009
 Step      14 time   0.0022674 control    sound    timestep   1.81E-04       1,       1 x  1.63E-04 y  3.26E-04
 Wall clock    19.568097829818726     
 Average time per cell    2.9621575113052376E-009
 Step time per cell       2.8852607809110648E-009
 Step      15 time   0.0024489 control    sound    timestep   1.82E-04       1,       1 x  1.63E-04 y  3.26E-04
 Wall clock    20.954779863357544     
 Average time per cell    2.9605978313527347E-009
 Step time per cell       2.9384970427296747E-009
 Step      16 time   0.0026306 control    sound    timestep   1.82E-04       1,       1 x  1.63E-04 y  3.26E-04
 Wall clock    22.326318025588989     
 Average time per cell    2.9572272334614051E-009
 Step time per cell       2.9064095643762915E-009
 Step      17 time   0.0028124 control    sound    timestep   1.82E-04       1,       1 x  1.63E-04 y  3.26E-04
 Wall clock    23.777509927749634     
 Average time per cell    2.9641830753188828E-009
 Step time per cell       3.0752138021246839E-009
 Step      18 time   0.0029942 control    sound    timestep   1.82E-04       1,       1 x  1.63E-04 y  3.26E-04
 Wall clock    25.125336885452271     
 Average time per cell    2.9581961084827694E-009
 Step time per cell       2.8561503818814851E-009
 Step      19 time   0.0031760 control    sound    timestep   1.82E-04       1,       1 x  1.63E-04 y  3.26E-04
 Wall clock    26.525595903396606     
 Average time per cell    2.9586876655485594E-009
 Step time per cell       2.9672385911302020E-009
 Step      20 time   0.0033579 control    sound    timestep   1.82E-04       1,       1 x  1.63E-04 y  3.26E-04
 Wall clock    28.042263984680176     
 Average time per cell    2.9714652151192746E-009
 Step time per cell       3.2139925881185464E-009
 Step      21 time   0.0035397 control    sound    timestep   1.82E-04       1,       1 x  1.63E-04 y  3.26E-04
 Wall clock    29.387923955917358     
 Average time per cell    2.9657680729373908E-009
 Step time per cell       2.8517747018162887E-009
 Step      22 time   0.0037216 control    sound    timestep   1.82E-04       1,       1 x  1.63E-04 y  3.26E-04
 Wall clock    30.726282835006714     
 Average time per cell    2.9598855331697093E-009
 Step time per cell       2.8360934973332203E-009
 Step      23 time   0.0039035 control    sound    timestep   1.82E-04       1,       1 x  1.63E-04 y  3.26E-04
 Wall clock    32.151412010192871     
 Average time per cell    2.9625097459242882E-009
 Step time per cell       3.0199453249224463E-009
 Step      24 time   0.0040854 control    sound    timestep   1.82E-04       1,       1 x  1.63E-04 y  3.26E-04
 Wall clock    33.507831811904907     
 Average time per cell    2.9588480182846307E-009
 Step time per cell       2.8743529077878014E-009
 Step      25 time   0.0042673 control    sound    timestep   1.82E-04       1,       1 x  1.63E-04 y  3.26E-04
 Wall clock    34.897523880004883     
 Average time per cell    2.9582997538252839E-009
 Step time per cell       2.9448741164136056E-009
 Step      26 time   0.0044492 control    sound    timestep   1.82E-04       1,       1 x  1.63E-04 y  3.26E-04
 Wall clock    36.266930818557739     
 Average time per cell    2.9561402099607532E-009
 Step time per cell       2.9019035234038408E-009
 Step      27 time   0.0046311 control    sound    timestep   1.82E-04       1,       1 x  1.63E-04 y  3.26E-04
 Wall clock    37.611956834793091     
 Average time per cell    2.9522269319442537E-009
 Step time per cell       2.8501896546610320E-009
 Step      28 time   0.0048130 control    sound    timestep   1.82E-04       1,       1 x  1.63E-04 y  3.26E-04
 Wall clock    39.098023891448975     
 Average time per cell    2.9592683498026055E-009
 Step time per cell       3.1490981200477107E-009
 Step      29 time   0.0049950 control    sound    timestep   1.82E-04       1,       1 x  1.63E-04 y  3.26E-04
 Wall clock    40.429021835327148     
 Average time per cell    2.9544919357685036E-009
 Step time per cell       2.8204875788004653E-009
 Step      30 time   0.0051769 control    sound    timestep   1.82E-04       1,       1 x  1.63E-04 y  3.26E-04
 Wall clock    41.954293966293335     
 Average time per cell    2.9637579717490113E-009
 Step time per cell       3.2321971351242002E-009
 Step      31 time   0.0053588 control    sound    timestep   1.82E-04       1,       1 x  1.63E-04 y  3.26E-04
 Wall clock    43.271080017089844     
 Average time per cell    2.9581733086350035E-009
 Step time per cell       2.7905803613571656E-009
 Step      32 time   0.0055408 control    sound    timestep   1.82E-04       1,       1 x  1.63E-04 y  3.26E-04
 Wall clock    44.666172981262207     
 Average time per cell    2.9581237489158715E-009
 Step time per cell       2.9563246547089269E-009
 Step      33 time   0.0057227 control    sound    timestep   1.82E-04       1,       1 x  1.63E-04 y  3.26E-04
 Wall clock    46.050580978393555     
 Average time per cell    2.9573909989683591E-009
 Step time per cell       2.9336888474063016E-009
 Step      34 time   0.0059047 control    sound    timestep   1.82E-04       1,       1 x  1.63E-04 y  3.26E-04
 Wall clock    47.420435905456543     
 Average time per cell    2.9557942350210891E-009
 Step time per cell       2.9028428293208387E-009
 Step      35 time   0.0060866 control    sound    timestep   1.82E-04       1,       1 x  1.63E-04 y  3.26E-04
 Wall clock    48.825574874877930     
 Average time per cell    2.9564251899645323E-009
 Step time per cell       2.9776128940284253E-009
 Step      36 time   0.0062686 control    sound    timestep   1.82E-04       1,       1 x  1.63E-04 y  3.26E-04
 Wall clock    50.222942829132080     
 Average time per cell    2.9565636216347355E-009
 Step time per cell       2.9611859038899030E-009
 Step      37 time   0.0064506 control    sound    timestep   1.82E-04       1,       1 x  1.63E-04 y  3.26E-04
 Wall clock    51.624145030975342     
 Average time per cell    2.9569141875358870E-009
 Step time per cell       2.9692864700336939E-009
 Step      38 time   0.0066325 control    sound    timestep   1.82E-04       1,       1 x  1.63E-04 y  3.26E-04
 Wall clock    53.035831928253174     
 Average time per cell    2.9578310385505037E-009
 Step time per cell       2.9915003728496633E-009
 Step      39 time   0.0068145 control    sound    timestep   1.82E-04       1,       1 x  1.63E-04 y  3.26E-04
 Wall clock    54.431164979934692     
 Average time per cell    2.9578121967769251E-009
 Step time per cell       2.9567950655796772E-009
 Step      40 time   0.0069965 control    sound    timestep   1.82E-04       1,       1 x  1.63E-04 y  3.26E-04
 Wall clock    55.931687831878662     
 Average time per cell    2.9633674532508143E-009
 Step time per cell       3.1797602180934822E-009
 Step      41 time   0.0071785 control    sound    timestep   1.82E-04       1,       1 x  1.63E-04 y  3.26E-04
 Wall clock    57.327126979827881     
 Average time per cell    2.9632199801637747E-009
 Step time per cell       2.9572230333643449E-009
 Step      42 time   0.0073605 control    sound    timestep   1.82E-04       1,       1 x  1.63E-04 y  3.26E-04
 Wall clock    58.674955844879150     
 Average time per cell    2.9606771643138639E-009
 Step time per cell       2.8561892880437275E-009
 Step      43 time   0.0075424 control    sound    timestep   1.82E-04       1,       1 x  1.63E-04 y  3.26E-04
 Wall clock    60.143471002578735     
 Average time per cell    2.9642007025676174E-009
 Step time per cell       3.1119432403809496E-009
 Step      44 time   0.0077244 control    sound    timestep   1.82E-04       1,       1 x  1.63E-04 y  3.26E-04
 Wall clock    61.453117847442627     
 Average time per cell    2.9599121289996249E-009
 Step time per cell       2.7752705338773216E-009
 Step      45 time   0.0079064 control    sound    timestep   1.82E-04       1,       1 x  1.63E-04 y  3.26E-04
 Wall clock    62.887861967086792     
 Average time per cell    2.9617056183561535E-009
 Step time per cell       3.0403624704275797E-009
 Step      46 time   0.0080884 control    sound    timestep   1.82E-04       1,       1 x  1.63E-04 y  3.26E-04
 Wall clock    64.276245832443237     
 Average time per cell    2.9612852563002600E-009
 Step time per cell       2.9421208738414054E-009
 Step      47 time   0.0082705 control    sound    timestep   1.82E-04       1,       1 x  1.63E-04 y  3.26E-04
 Wall clock    65.631639003753662     
 Average time per cell    2.9593951991265507E-009
 Step time per cell       2.8721812365499013E-009
 Step      48 time   0.0084525 control    sound    timestep   1.82E-04       1,       1 x  1.63E-04 y  3.26E-04
 Wall clock    66.994841814041138     
 Average time per cell    2.9579287023032657E-009
 Step time per cell       2.8887709251850738E-009
 Step      49 time   0.0086345 control    sound    timestep   1.82E-04       1,       1 x  1.63E-04 y  3.26E-04
 Wall clock    68.365257024765015     
 Average time per cell    2.9568340026771139E-009
 Step time per cell       2.9040145616616225E-009
 Step      50 time   0.0088165 control    sound    timestep   1.82E-04       1,       1 x  1.63E-04 y  3.26E-04
 Wall clock    69.916354894638062     
 Average time per cell    2.9634414204338099E-009
 Step time per cell       3.2869466950715933E-009
 Step      51 time   0.0089986 control    sound    timestep   1.82E-04       1,       1 x  1.63E-04 y  3.26E-04
 Wall clock    71.256484031677246     
 Average time per cell    2.9610230369683079E-009
 Step time per cell       2.8400508098356012E-009
 Step      52 time   0.0091806 control    sound    timestep   1.82E-04       1,       1 x  1.63E-04 y  3.26E-04
 Wall clock    72.631217002868652     
 Average time per cell    2.9601079583318274E-009
 Step time per cell       2.9131297196727246E-009
 Step      53 time   0.0093626 control    sound    timestep   1.82E-04       1,       1 x  1.63E-04 y  3.26E-04
 Wall clock    73.989079952239990     
 Average time per cell    2.9585528404603712E-009
 Step time per cell       2.8774431686744921E-009
 Step      54 time   0.0095447 control    sound    timestep   1.82E-04       1,       1 x  1.63E-04 y  3.26E-04
 Wall clock    75.376339912414551     
 Average time per cell    2.9582090304188101E-009
 Step time per cell       2.9397455768452751E-009
 Step      55 time   0.0097267 control    sound    timestep   1.82E-04       1,       1 x  1.63E-04 y  3.26E-04
 Wall clock    76.774973869323730     
 Average time per cell    2.9583159887650511E-009
 Step time per cell       2.9638330387468966E-009
 Step      56 time   0.0099087 control    sound    timestep   1.82E-04       1,       1 x  1.63E-04 y  3.26E-04
 Wall clock    78.200755834579468     
 Average time per cell    2.9594465223410572E-009
 Step time per cell       3.0213611050082059E-009
 Step      57 time   0.0100908 control    sound    timestep   1.82E-04       1,       1 x  1.63E-04 y  3.26E-04
 Wall clock    79.580498933792114     
 Average time per cell    2.9588256499006821E-009
 Step time per cell       2.9237662602099591E-009
 Step      58 time   0.0102728 control    sound    timestep   1.82E-04       1,       1 x  1.63E-04 y  3.26E-04
 Wall clock    80.936319828033447     
 Average time per cell    2.9573520875263378E-009
 Step time per cell       2.8730988156490234E-009
 Step      59 time   0.0104549 control    sound    timestep   1.82E-04       1,       1 x  1.63E-04 y  3.26E-04
 Wall clock    82.303962945938110     
 Average time per cell    2.9563531299432336E-009
 Step time per cell       2.8981821742490866E-009
 Step      60 time   0.0106370 control    sound    timestep   1.82E-04       1,       1 x  1.63E-04 y  3.26E-04
 Wall clock    83.834031820297241     
 Average time per cell    2.9611245551037697E-009
 Step time per cell       3.2423890338072345E-009
 Step      61 time   0.0108190 control    sound    timestep   1.82E-04       1,       1 x  1.63E-04 y  3.26E-04
 Wall clock    85.166097879409790     
 Average time per cell    2.9588604800048782E-009
 Step time per cell       2.8229523094422700E-009
 Step      62 time   0.0110011 control    sound    timestep   1.82E-04       1,       1 x  1.63E-04 y  3.26E-04
 Wall clock    86.535132884979248     
 Average time per cell    2.9579331074984441E-009
 Step time per cell       2.9011067049901208E-009
 Step      63 time   0.0111832 control    sound    timestep   1.82E-04       1,       1 x  1.63E-04 y  3.26E-04
 Wall clock    87.873307943344116     
 Average time per cell    2.9559970681913441E-009
 Step time per cell       2.8357185834061561E-009
 Step      64 time   0.0113653 control    sound    timestep   1.82E-04       1,       1 x  1.63E-04 y  3.26E-04
 Wall clock    89.280203819274902     
 Average time per cell    2.9563971300679745E-009
 Step time per cell       2.9813473803288719E-009
 Step      65 time   0.0115474 control    sound    timestep   1.82E-04       1,       1 x  1.63E-04 y  3.26E-04
 Wall clock    90.722852945327759     
 Average time per cell    2.9579505902584683E-009
 Step time per cell       3.0571047520627163E-009
 Step      66 time   0.0117295 control    sound    timestep   1.82E-04       1,       1 x  1.63E-04 y  3.26E-04
 Wall clock    92.091503858566284     
 Average time per cell    2.9570808750552773E-009
 Step time per cell       2.9002992758048800E-009
 Step      67 time   0.0119116 control    sound    timestep   1.82E-04       1,       1 x  1.63E-04 y  3.26E-04
 Wall clock    93.491338968276978     
 Average time per cell    2.9572235084735176E-009
 Step time per cell       2.9663614340178256E-009
 Step      68 time   0.0120937 control    sound    timestep   1.82E-04       1,       1 x  1.63E-04 y  3.26E-04
 Wall clock    94.870883941650391     
 Average time per cell    2.9567295879055593E-009
 Step time per cell       2.9233721458391908E-009
 Step      69 time   0.0122759 control    sound    timestep   1.82E-04       1,       1 x  1.63E-04 y  3.26E-04
 Wall clock    96.282899856567383     
 Average time per cell    2.9572473012020393E-009
 Step time per cell       2.9921890624488394E-009
 Step      70 time   0.0124580 control    sound    timestep   1.82E-04       1,       1 x  1.63E-04 y  3.26E-04
 Wall clock    97.796893835067749     
 Average time per cell    2.9608376468194553E-009
 Step time per cell       3.2083319941496787E-009
 Step      71 time   0.0126401 control    sound    timestep   1.82E-04       1,       1 x  1.63E-04 y  3.26E-04
 Wall clock    99.124802827835083     
 Average time per cell    2.9587724123862265E-009
 Step time per cell       2.8141382952324220E-009
 Step      72 time   0.0128222 control    sound    timestep   1.82E-04       1,       1 x  1.63E-04 y  3.26E-04
 Wall clock    100.50604891777039     
 Average time per cell    2.9583344906280183E-009
 Step time per cell       2.9269813239807263E-009
 Step      73 time   0.0130043 control    sound    timestep   1.82E-04       1,       1 x  1.63E-04 y  3.26E-04
 Wall clock    101.89583396911621     
 Average time per cell    2.9581564628658036E-009
 Step time per cell       2.9450863318440195E-009
 Step      74 time   0.0131865 control    sound    timestep   1.82E-04       1,       1 x  1.63E-04 y  3.26E-04
 Wall clock    103.27259898185730     
 Average time per cell    2.9576103674930797E-009
 Step time per cell       2.9174932731418974E-009
 Step      75 time   0.0133686 control    sound    timestep   1.82E-04       1,       1 x  1.63E-04 y  3.26E-04
 Wall clock    104.65160202980042     
 Average time per cell    2.9571420748618913E-009
 Step time per cell       2.9222403302103178E-009
 Step      76 time   0.0135508 control    sound    timestep   1.82E-04       1,       1 x  1.63E-04 y  3.26E-04
 Wall clock    106.07130289077759     
 Average time per cell    2.9578209729439358E-009
 Step time per cell       3.0084821547562672E-009
 Step      77 time   0.0137329 control    sound    timestep   1.82E-04       1,       1 x  1.63E-04 y  3.26E-04
 Wall clock    107.40854883193970     
 Average time per cell    2.9562128249202715E-009
 Step time per cell       2.8337348744066226E-009
 Step      78 time   0.0139151 control    sound    timestep   1.82E-04       1,       1 x  1.63E-04 y  3.26E-04
 Wall clock    108.85733890533447     
 Average time per cell    2.9576765887848530E-009
 Step time per cell       3.0701317478411105E-009
 Step      79 time   0.0140973 control    sound    timestep   1.82E-04       1,       1 x  1.63E-04 y  3.26E-04
 Wall clock    110.22573184967041     
 Average time per cell    2.9569465392999452E-009
 Step time per cell       2.8997525684341476E-009
 Step      80 time   0.0142795 control    sound    timestep   1.82E-04       1,       1 x  1.63E-04 y  3.26E-04
 Wall clock    111.71995782852173     
 Average time per cell    2.9595681780847370E-009
 Step time per cell       3.1664108569707928E-009
 Step      81 time   0.0144617 control    sound    timestep   1.82E-04       1,       1 x  1.63E-04 y  3.26E-04
 Wall clock    113.05542898178101     
 Average time per cell    2.9579714389633840E-009
 Step time per cell       2.8301661182518324E-009
 Step      82 time   0.0146438 control    sound    timestep   1.82E-04       1,       1 x  1.63E-04 y  3.26E-04
 Wall clock    114.44936490058899     
 Average time per cell    2.9579246567669014E-009
 Step time per cell       2.9538725559379804E-009
 Step      83 time   0.0148260 control    sound    timestep   1.82E-04       1,       1 x  1.63E-04 y  3.26E-04
 Wall clock    115.81040596961975     
 Average time per cell    2.9570390828864099E-009
 Step time per cell       2.8841592817722508E-009
 Step      84 time   0.0150082 control    sound    timestep   1.82E-04       1,       1 x  1.63E-04 y  3.26E-04
 Wall clock    117.17113900184631     
 Average time per cell    2.9561668224901450E-009
 Step time per cell       2.8835190985571696E-009
 Step      85 time   0.0151904 control    sound    timestep   1.82E-04       1,       1 x  1.63E-04 y  3.26E-04
 Wall clock    118.59538793563843     
 Average time per cell    2.9568987063648107E-009
 Step time per cell       3.0181374515652554E-009
 Step      86 time   0.0153726 control    sound    timestep   1.82E-04       1,       1 x  1.63E-04 y  3.26E-04
 Wall clock    120.04704689979553     
 Average time per cell    2.9582890281331147E-009
 Step time per cell       3.0761652346377053E-009
 Step      87 time   0.0155548 control    sound    timestep   1.82E-04       1,       1 x  1.63E-04 y  3.26E-04
 Wall clock    121.50035190582275     
 First step overhead -0.15050506591796875     
real 122.50
user 2876.12
sys 59.47
