
Clover Version    1.000
       MPI Version
   Task Count     24

 Output file clover.out opened. All output will go there.

Clover Version    1.000
       MPI Version
   Task Count     24

 Step       1 time   0.0000000 control    sound    timestep   7.70E-04       1,       1 x  6.51E-04 y  6.51E-04
 Wall clock    1.2925059795379639     
 Average time per cell    2.1913417893099701E-008
 Step time per cell       2.1913417893099701E-008
 Step       2 time   0.0007703 control    sound    timestep   4.70E-04       1,       1 x  6.51E-04 y  6.51E-04
 Wall clock    2.6031999588012695     
 Average time per cell    2.2067599477142924E-008
 Step time per cell       2.2219727624259476E-008
 Step       3 time   0.0012405 control    sound    timestep   5.97E-04       1,       1 x  6.51E-04 y  6.51E-04
 Wall clock    3.8863179683685303     
 Average time per cell    2.1963150410792203E-008
 Step time per cell       2.1750622383681023E-008
 Step       4 time   0.0018380 control    sound    timestep   6.29E-04       1,       1 x  6.51E-04 y  6.51E-04
 Wall clock    5.1638450622558594     
 Average time per cell    2.1887228487887317E-008
 Step time per cell       2.1657461830828752E-008
 Step       5 time   0.0024675 control    sound    timestep   6.93E-04       1,       1 x  6.51E-04 y  6.51E-04
 Wall clock    6.4418210983276367     
 Average time per cell    2.1843197626165218E-008
 Step time per cell       2.1664903518588591E-008
 Step       6 time   0.0031602 control    sound    timestep   6.91E-04       1,       1 x  6.51E-04 y  6.51E-04
 Wall clock    7.7229471206665039     
 Average time per cell    2.1822744639831838E-008
 Step time per cell       2.1718426271238260E-008
 Step       7 time   0.0038513 control    sound    timestep   7.04E-04       1,       1 x  6.51E-04 y  6.51E-04
 Wall clock    8.9998631477355957     
 Average time per cell    2.1797938628994402E-008
 Step time per cell       2.1647069338036493E-008
 Step       8 time   0.0045556 control    sound    timestep   7.41E-04       1,       1 x  6.51E-04 y  6.51E-04
 Wall clock    10.278054952621460     
 Average time per cell    2.1782037846504764E-008
 Step time per cell       2.1668784029316159E-008
 Step       9 time   0.0052964 control    sound    timestep   7.33E-04       1,       1 x  6.51E-04 y  6.51E-04
 Wall clock    11.554782152175903     
 Average time per cell    2.1766911546073072E-008
 Step time per cell       2.1643847705692880E-008
 Step      10 time   0.0060292 control    sound    timestep   7.28E-04       1,       1 x  6.51E-04 y  6.51E-04
 Wall clock    12.885378122329712     
 Average time per cell    2.1846140751020155E-008
 Step time per cell       2.2556931879888805E-008
 Step      11 time   0.0067568 control    sound    timestep   7.22E-04       1,       1 x  6.51E-04 y  6.51E-04
 Wall clock    14.159153938293457     
 Average time per cell    2.1823388206857173E-008
 Step time per cell       2.1594811793571958E-008
 Step      12 time   0.0074792 control    sound    timestep   7.20E-04       1,       1 x  6.51E-04 y  6.51E-04
 Wall clock    15.438826084136963     
 Average time per cell    2.1812758388006371E-008
 Step time per cell       2.1694063939826769E-008
 Step      13 time   0.0081988 control    sound    timestep   7.21E-04       1,       1 x  6.51E-04 y  6.51E-04
 Wall clock    16.714390039443970     
 Average time per cell    2.1798406147027914E-008
 Step time per cell       2.1624178366942537E-008
 Step      14 time   0.0089202 control    sound    timestep   7.24E-04       1,       1 x  6.51E-04 y  6.51E-04
 Wall clock    17.993263006210327     
 Average time per cell    2.1790111488718096E-008
 Step time per cell       2.1680381097313430E-008
 Step      15 time   0.0096444 control    sound    timestep   7.25E-04       1,       1 x  6.51E-04 y  6.51E-04
 Wall clock    19.271302938461304     
 Average time per cell    2.1781981222038328E-008
 Step time per cell       2.1666087882800235E-008
 Step      16 time   0.0103697 control    sound    timestep   7.26E-04       1,       1 x  6.51E-04 y  6.51E-04
 Wall clock    20.548628091812134     
 Average time per cell    2.1774109831716890E-008
 Step time per cell       2.1654187649902370E-008
 Step      17 time   0.0110953 control    sound    timestep   7.26E-04       1,       1 x  6.51E-04 y  6.51E-04
 Wall clock    21.825756072998047     
 Average time per cell    2.1766967846238925E-008
 Step time per cell       2.1650966017558757E-008
 Step      18 time   0.0118213 control    sound    timestep   7.26E-04       1,       1 x  6.51E-04 y  6.51E-04
 Wall clock    23.103530168533325     
 Average time per cell    2.1761227990170066E-008
 Step time per cell       2.1661685928443654E-008
 Step      19 time   0.0125475 control    sound    timestep   7.26E-04       1,       1 x  6.51E-04 y  6.51E-04
 Wall clock    24.380362987518311     
 Average time per cell    2.1755252403141767E-008
 Step time per cell       2.1645642441904380E-008
 Step      20 time   0.0132737 control    sound    timestep   7.26E-04       1,       1 x  6.51E-04 y  6.51E-04
 Wall clock    25.782473087310791     
 Average time per cell    2.1856073241603252E-008
 Step time per cell       2.3769700621616924E-008
 Step      21 time   0.0140001 control    sound    timestep   7.27E-04       1,       1 x  6.51E-04 y  6.51E-04
 Wall clock    27.054940938949585     
 Average time per cell    2.1842626290255419E-008
 Step time per cell       2.1572688840226168E-008
 Step      22 time   0.0147268 control    sound    timestep   7.27E-04       1,       1 x  6.51E-04 y  6.51E-04
 Wall clock    28.333415031433105     
 Average time per cell    2.1835030473985079E-008
 Step time per cell       2.1673634667725613E-008
 Step      23 time   0.0154537 control    sound    timestep   7.27E-04       1,       1 x  6.51E-04 y  6.51E-04
 Wall clock    29.611042022705078     
 Average time per cell    2.1827470731656044E-008
 Step time per cell       2.1658799798590029E-008
 Step      24 time   0.0161807 control    sound    timestep   7.27E-04       1,       1 x  6.51E-04 y  6.51E-04
 Wall clock    30.886711120605469     
 Average time per cell    2.1819157862207955E-008
 Step time per cell       2.1625993314147410E-008
 Step      25 time   0.0169080 control    sound    timestep   7.27E-04       1,       1 x  6.51E-04 y  6.51E-04
 Wall clock    32.165796995162964     
 Average time per cell    2.1813827172283911E-008
 Step time per cell       2.1684010991723172E-008
 Step      26 time   0.0176355 control    sound    timestep   7.28E-04       1,       1 x  6.51E-04 y  6.51E-04
 Wall clock    33.442172050476074     
 Average time per cell    2.1807138850856731E-008
 Step time per cell       2.1638047150594908E-008
 Step      27 time   0.0183631 control    sound    timestep   7.28E-04       1,       1 x  6.51E-04 y  6.51E-04
 Wall clock    34.718377113342285     
 Average time per cell    2.1800839216659159E-008
 Step time per cell       2.1635148894145256E-008
 Step      28 time   0.0190909 control    sound    timestep   7.28E-04       1,       1 x  6.51E-04 y  6.51E-04
 Wall clock    35.997765064239502     
 Average time per cell    2.1796916818915172E-008
 Step time per cell       2.1689334567377552E-008
 Step      29 time   0.0198188 control    sound    timestep   7.28E-04       1,       1 x  6.51E-04 y  6.51E-04
 Wall clock    37.274906158447266     
 Average time per cell    2.1791951356177356E-008
 Step time per cell       2.1651054945929596E-008
 Step      30 time   0.0205468 control    sound    timestep   7.28E-04       1,       1 x  6.51E-04 y  6.51E-04
 Wall clock    38.603652000427246     
 Average time per cell    2.1816480848765761E-008
 Step time per cell       2.2525548249379630E-008
 Step      31 time   0.0212748 control    sound    timestep   7.28E-04       1,       1 x  6.51E-04 y  6.51E-04
 Wall clock    39.876916170120239     
 Average time per cell    2.1809084311930468E-008
 Step time per cell       2.1586169572805779E-008
 Step      32 time   0.0220028 control    sound    timestep   7.28E-04       1,       1 x  6.51E-04 y  6.51E-04
 Wall clock    41.154958009719849     
 Average time per cell    2.1804681359248610E-008
 Step time per cell       2.1666277866137937E-008
 Step      33 time   0.0227308 control    sound    timestep   7.28E-04       1,       1 x  6.51E-04 y  6.51E-04
 Wall clock    42.432425975799561     
 Average time per cell    2.1800250416662330E-008
 Step time per cell       2.1656459365557466E-008
 Step      34 time   0.0234590 control    sound    timestep   7.28E-04       1,       1 x  6.51E-04 y  6.51E-04
 Wall clock    43.711096048355103     
 Average time per cell    2.1796679552043394E-008
 Step time per cell       2.1676771413897061E-008
 Step      35 time   0.0241873 control    sound    timestep   7.28E-04       1,       1 x  6.51E-04 y  6.51E-04
 Wall clock    44.988636970520020     
 Average time per cell    2.1792765769604888E-008
 Step time per cell       2.1657918599278978E-008
 Step      36 time   0.0249157 control    sound    timestep   7.29E-04       1,       1 x  6.51E-04 y  6.51E-04
 Wall clock    46.267158031463623     
 Average time per cell    2.1789531016156053E-008
 Step time per cell       2.1674143984758604E-008
 Step      37 time   0.0256442 control    sound    timestep   7.29E-04       1,       1 x  6.51E-04 y  6.51E-04
 Wall clock    47.544743061065674     
 Average time per cell    2.1786042204191040E-008
 Step time per cell       2.1658630026245696E-008
 Step      38 time   0.0263728 control    sound    timestep   7.29E-04       1,       1 x  6.51E-04 y  6.51E-04
 Wall clock    48.824728012084961     
 Average time per cell    2.1783807771062555E-008
 Step time per cell       2.1699217743136817E-008
 Step      39 time   0.0271016 control    sound    timestep   7.29E-04       1,       1 x  6.51E-04 y  6.51E-04
 Wall clock    50.102182149887085     
 Average time per cell    2.1780587720686034E-008
 Step time per cell       2.1656257255623739E-008
 Step      40 time   0.0278304 control    sound    timestep   7.29E-04       1,       1 x  6.51E-04 y  6.51E-04
 Wall clock    51.431456089019775     
 Average time per cell    2.1799492767766221E-008
 Step time per cell       2.2534958487893971E-008
 Step      41 time   0.0285593 control    sound    timestep   7.29E-04       1,       1 x  6.51E-04 y  6.51E-04
 Wall clock    52.705347061157227     
 Average time per cell    2.1794573801410635E-008
 Step time per cell       2.1596933947876097E-008
 Step      42 time   0.0292882 control    sound    timestep   7.29E-04       1,       1 x  6.51E-04 y  6.51E-04
 Wall clock    53.984451055526733     
 Average time per cell    2.1791993420929574E-008
 Step time per cell       2.1684180764067505E-008
 Step      43 time   0.0300171 control    sound    timestep   7.29E-04       1,       1 x  6.51E-04 y  6.51E-04
 Wall clock    55.261677026748657     
 Average time per cell    2.1788792583750901E-008
 Step time per cell       2.1652441420074965E-008
 Step      44 time   0.0307460 control    sound    timestep   7.29E-04       1,       1 x  6.51E-04 y  6.51E-04
 Wall clock    56.540750026702881     
 Average time per cell    2.1786448941742435E-008
 Step time per cell       2.1683618898451743E-008
 Step      45 time   0.0314750 control    sound    timestep   7.29E-04       1,       1 x  6.51E-04 y  6.51E-04
 Wall clock    57.817404985427856     
 Average time per cell    2.1783298439846408E-008
 Step time per cell       2.1642978632977852E-008
 Step      46 time   0.0322040 control    sound    timestep   7.29E-04       1,       1 x  6.51E-04 y  6.51E-04
 Wall clock    59.098765134811401     
 Average time per cell    2.1782019107398949E-008
 Step time per cell       2.1722702917435930E-008
 Step      47 time   0.0329331 control    sound    timestep   7.29E-04       1,       1 x  6.51E-04 y  6.51E-04
 Wall clock    60.378452062606812     
 Average time per cell    2.1780190636964192E-008
 Step time per cell       2.1693845661098345E-008
 Step      48 time   0.0336623 control    sound    timestep   7.29E-04       1,       1 x  6.51E-04 y  6.51E-04
 Wall clock    61.656024932861328     
 Average time per cell    2.1777691640804901E-008
 Step time per cell       2.1658290481557035E-008
 Step      49 time   0.0343915 control    sound    timestep   7.29E-04       1,       1 x  6.51E-04 y  6.51E-04
 Wall clock    62.933851957321167     
 Average time per cell    2.1775382582933478E-008
 Step time per cell       2.1662462030589166E-008
 Step      50 time   0.0351209 control    sound    timestep   7.29E-04       1,       1 x  6.51E-04 y  6.51E-04
 Wall clock    64.263123035430908     
 Average time per cell    2.1790609753224999E-008
 Step time per cell       2.2534635112000009E-008
 Step      51 time   0.0358503 control    sound    timestep   7.30E-04       1,       1 x  6.51E-04 y  6.51E-04
 Wall clock    65.537498950958252     
 Average time per cell    2.1786990679226296E-008
 Step time per cell       2.1605256834946988E-008
 Step      52 time   0.0365798 control    sound    timestep   7.30E-04       1,       1 x  6.51E-04 y  6.51E-04
 Wall clock    66.815904140472412     
 Average time per cell    2.1784824514950616E-008
 Step time per cell       2.1672434134719273E-008
 Step      53 time   0.0373094 control    sound    timestep   7.30E-04       1,       1 x  6.51E-04 y  6.51E-04
 Wall clock    68.093004941940308     
 Average time per cell    2.1782322831044806E-008
 Step time per cell       2.1650339476764201E-008
 Step      54 time   0.0380391 control    sound    timestep   7.30E-04       1,       1 x  6.51E-04 y  6.51E-04
 Wall clock    69.372113943099976     
 Average time per cell    2.1780544310236165E-008
 Step time per cell       2.1684196932862204E-008
 Step      55 time   0.0387688 control    sound    timestep   7.30E-04       1,       1 x  6.51E-04 y  6.51E-04
 Wall clock    70.649574041366577     
 Average time per cell    2.1778322174801784E-008
 Step time per cell       2.1656427027968068E-008
 Step      56 time   0.0394984 control    sound    timestep   7.30E-04       1,       1 x  6.51E-04 y  6.51E-04
 Wall clock    71.931488990783691     
 Average time per cell    2.1777528124244232E-008
 Step time per cell       2.1731785737857636E-008
 Step      57 time   0.0402281 control    sound    timestep   7.30E-04       1,       1 x  6.51E-04 y  6.51E-04
 Wall clock    73.208750009536743     
 Average time per cell    2.1775377659353140E-008
 Step time per cell       2.1652679909796764E-008
 Step      58 time   0.0409578 control    sound    timestep   7.30E-04       1,       1 x  6.51E-04 y  6.51E-04
 Wall clock    74.487594127655029     
 Average time per cell    2.1773764110478962E-008
 Step time per cell       2.1679924328863207E-008
 Step      59 time   0.0416876 control    sound    timestep   7.30E-04       1,       1 x  6.51E-04 y  6.51E-04
 Wall clock    75.765820980072021     
 Average time per cell    2.1772027881018004E-008
 Step time per cell       2.1669446949898783E-008
 Step      60 time   0.0424174 control    sound    timestep   7.30E-04       1,       1 x  6.51E-04 y  6.51E-04
 Wall clock    77.096421003341675     
 Average time per cell    2.1785148621549726E-008
 Step time per cell       2.2557255255782771E-008
 Step      61 time   0.0431473 control    sound    timestep   7.30E-04       1,       1 x  6.51E-04 y  6.51E-04
 Wall clock    78.371147155761719     
 Average time per cell    2.1782309709215206E-008
 Step time per cell       2.1611057390044960E-008
 Step      62 time   0.0438772 control    sound    timestep   7.30E-04       1,       1 x  6.51E-04 y  6.51E-04
 Wall clock    79.649804115295410     
 Average time per cell    2.1780637273561597E-008
 Step time per cell       2.1676686527724894E-008
 Step      63 time   0.0446072 control    sound    timestep   7.30E-04       1,       1 x  6.51E-04 y  6.51E-04
 Wall clock    80.929177999496460     
 Average time per cell    2.1779210865887692E-008
 Step time per cell       2.1688910136516725E-008
 Step      64 time   0.0453372 control    sound    timestep   7.30E-04       1,       1 x  6.51E-04 y  6.51E-04
 Wall clock    82.208014965057373     
 Average time per cell    2.1777686798587739E-008
 Step time per cell       2.1679653501552012E-008
 Step      65 time   0.0460673 control    sound    timestep   7.30E-04       1,       1 x  6.51E-04 y  6.51E-04
 Wall clock    83.486624002456665     
 Average time per cell    2.1776150174251893E-008
 Step time per cell       2.1675752779831076E-008
 Step      66 time   0.0467975 control    sound    timestep   7.30E-04       1,       1 x  6.51E-04 y  6.51E-04
 Wall clock    84.792974948883057     
 Average time per cell    2.1781786510553087E-008
 Step time per cell       2.2146163650581407E-008
 Step      67 time   0.0475278 control    sound    timestep   7.30E-04       1,       1 x  6.51E-04 y  6.51E-04
 Wall clock    86.075575113296509     
 Average time per cell    2.1781244512224974E-008
 Step time per cell       2.1743233244503951E-008
 Step      68 time   0.0482581 control    sound    timestep   7.30E-04       1,       1 x  6.51E-04 y  6.51E-04
 Wall clock    87.355555057525635     
 Average time per cell    2.1780065164385436E-008
 Step time per cell       2.1699031801997788E-008
 Step      69 time   0.0489885 control    sound    timestep   7.30E-04       1,       1 x  6.51E-04 y  6.51E-04
 Wall clock    88.634240150451660     
 Average time per cell    2.1778601838497748E-008
 Step time per cell       2.1677046283406928E-008
 Step      70 time   0.0497188 control    sound    timestep   7.30E-04       1,       1 x  6.51E-04 y  6.51E-04
 Wall clock    89.966793060302734     
 Average time per cell    2.1790227268837274E-008
 Step time per cell       2.2590502339880914E-008
 Step      71 time   0.0504492 control    sound    timestep   7.30E-04       1,       1 x  6.51E-04 y  6.51E-04
 Wall clock    91.242203950881958     
 Average time per cell    2.1787880182849953E-008
 Step time per cell       2.1622533192081997E-008
 Step      72 time   0.0511795 control    sound    timestep   7.30E-04       1,       1 x  6.51E-04 y  6.51E-04
 Wall clock    92.522277116775513     
 Average time per cell    2.1786696143627288E-008
 Step time per cell       2.1700729525441096E-008
 Step      73 time   0.0519100 control    sound    timestep   7.30E-04       1,       1 x  6.51E-04 y  6.51E-04
 Wall clock    93.800560951232910     
 Average time per cell    2.1785128972588086E-008
 Step time per cell       2.1670311980415134E-008
 Step      74 time   0.0526404 control    sound    timestep   7.30E-04       1,       1 x  6.51E-04 y  6.51E-04
 Wall clock    95.081141948699951     
 Average time per cell    2.1784130462715206E-008
 Step time per cell       2.1709052412511986E-008
 Step      75 time   0.0533709 control    sound    timestep   7.31E-04       1,       1 x  6.51E-04 y  6.51E-04
 Wall clock    96.359907150268555     
 Average time per cell    2.1782748107970866E-008
 Step time per cell       2.1678638909684701E-008
 Step      76 time   0.0541014 control    sound    timestep   7.31E-04       1,       1 x  6.51E-04 y  6.51E-04
 Wall clock    97.638662099838257     
 Average time per cell    2.1781399843949492E-008
 Step time per cell       2.1678198310029177E-008
 Step      77 time   0.0548320 control    sound    timestep   7.31E-04       1,       1 x  6.51E-04 y  6.51E-04
 Wall clock    98.918125152587891     
 Average time per cell    2.1780242513150279E-008
 Step time per cell       2.1690522973787866E-008
 Step      78 time   0.0555626 control    sound    timestep   7.31E-04       1,       1 x  6.51E-04 y  6.51E-04
 Wall clock    100.19704508781433     
 Average time per cell    2.1778996804569241E-008
 Step time per cell       2.1681367393790020E-008
 Step      79 time   0.0562933 control    sound    timestep   7.31E-04       1,       1 x  6.51E-04 y  6.51E-04
 Wall clock    101.47829914093018     
 Average time per cell    2.1778283558547517E-008
 Step time per cell       2.1720685860297333E-008
 Step      80 time   0.0570241 control    sound    timestep   7.31E-04       1,       1 x  6.51E-04 y  6.51E-04
 Wall clock    102.80979609489441     
 Average time per cell    2.1788236002369861E-008
 Step time per cell       2.2572546893368578E-008
 Step      81 time   0.0577549 control    sound    timestep   7.31E-04       1,       1 x  6.51E-04 y  6.51E-04
 Wall clock    104.08569097518921     
 Average time per cell    2.1786304568106614E-008
 Step time per cell       2.1630722686596630E-008
 Step      82 time   0.0584859 control    sound    timestep   7.31E-04       1,       1 x  6.51E-04 y  6.51E-04
 Wall clock    105.36490607261658     
 Average time per cell    2.1785106725639319E-008
 Step time per cell       2.1686213990000801E-008
 Step      83 time   0.0592168 control    sound    timestep   7.31E-04       1,       1 x  6.51E-04 y  6.51E-04
 Wall clock    106.64435315132141     
 Average time per cell    2.1783985133102685E-008
 Step time per cell       2.1690215766688603E-008
 Step      84 time   0.0599477 control    sound    timestep   7.31E-04       1,       1 x  6.51E-04 y  6.51E-04
 Wall clock    107.92527294158936     
 Average time per cell    2.1783187491117075E-008
 Step time per cell       2.1715018697755618E-008
 Step      85 time   0.0606786 control    sound    timestep   7.31E-04       1,       1 x  6.51E-04 y  6.51E-04
 Wall clock    109.20404911041260     
 Average time per cell    2.1781981047668976E-008
 Step time per cell       2.1678655078479400E-008
 Step      86 time   0.0614096 control    sound    timestep   7.31E-04       1,       1 x  6.51E-04 y  6.51E-04
 Wall clock    110.48502898216248     
 Average time per cell    2.1781237103398143E-008
 Step time per cell       2.1716053500616302E-008
 Step      87 time   0.0621405 control    sound    timestep   7.31E-04       1,       1 x  6.51E-04 y  6.51E-04
 Wall clock    111.81498193740845     
 First step overhead  -1.8066883087158203E-002
real 112.23
user 2686.09
sys 5.89
