
Clover Version    1.000
       MPI Version
   Task Count    192

 Output file clover.out opened. All output will go there.

Clover Version    1.000
       MPI Version
   Task Count    192

 Step       1 time   0.0000000 control    sound    timestep   1.93E-04       1,       1 x  1.63E-04 y  3.26E-04
 Wall clock    1.4580919742584229     
 Average time per cell    3.0900997040185355E-009
 Step time per cell       3.0900997040185355E-009
 Step       2 time   0.0001926 control    sound    timestep   1.62E-04       1,       1 x  1.63E-04 y  3.26E-04
 Wall clock    2.9036700725555420     
 Average time per cell    3.0768395239041033E-009
 Step time per cell       3.0633226641738371E-009
 Step       3 time   0.0003548 control    sound    timestep   1.48E-04       1,       1 x  1.63E-04 y  3.26E-04
 Wall clock    4.2430241107940674     
 Average time per cell    2.9973800876716806E-009
 Step time per cell       2.8381792718492864E-009
 Step       4 time   0.0005028 control    sound    timestep   1.54E-04       1,       1 x  1.63E-04 y  3.26E-04
 Wall clock    5.6538000106811523     
 Average time per cell    2.9954910334911094E-009
 Step time per cell       2.9895252535223132E-009
 Step       5 time   0.0006573 control    sound    timestep   1.68E-04       1,       1 x  1.63E-04 y  3.26E-04
 Wall clock    7.0818479061126709     
 Average time per cell    3.0016784270022376E-009
 Step time per cell       3.0261334258183422E-009
 Step       6 time   0.0008248 control    sound    timestep   1.74E-04       1,       1 x  1.63E-04 y  3.26E-04
 Wall clock    8.4551610946655273     
 Average time per cell    2.9864703618740247E-009
 Step time per cell       2.9101435454019035E-009
 Step       7 time   0.0009990 control    sound    timestep   1.77E-04       1,       1 x  1.63E-04 y  3.26E-04
 Wall clock    9.8660681247711182     
 Average time per cell    2.9869891347646314E-009
 Step time per cell       2.9897925439096675E-009
 Step       8 time   0.0011761 control    sound    timestep   1.83E-04       1,       1 x  1.63E-04 y  3.26E-04
 Wall clock    11.200756072998047     
 Average time per cell    2.9671870530971014E-009
 Step time per cell       2.8283228756562393E-009
 Step       9 time   0.0013593 control    sound    timestep   1.82E-04       1,       1 x  1.63E-04 y  3.26E-04
 Wall clock    12.584628105163574     
 Average time per cell    2.9633670630663585E-009
 Step time per cell       2.9325297469363756E-009
 Step      10 time   0.0015413 control    sound    timestep   1.82E-04       1,       1 x  1.63E-04 y  3.26E-04
 Wall clock    14.111424922943115     
 Average time per cell    2.9906007815346431E-009
 Step time per cell       3.2354415048353581E-009
 Step      11 time   0.0017234 control    sound    timestep   1.82E-04       1,       1 x  1.63E-04 y  3.26E-04
 Wall clock    15.450510978698730     
 Average time per cell    2.9767182819672268E-009
 Step time per cell       2.8378336638626126E-009
 Step      12 time   0.0019050 control    sound    timestep   1.81E-04       1,       1 x  1.63E-04 y  3.26E-04
 Wall clock    16.850095033645630     
 Average time per cell    2.9758338634430267E-009
 Step time per cell       2.9658485800609925E-009
 Step      13 time   0.0020863 control    sound    timestep   1.81E-04       1,       1 x  1.63E-04 y  3.26E-04
 Wall clock    18.281724929809570     
 Average time per cell    2.9803096624210668E-009
 Step time per cell       3.0337464017470161E-009
 Step      14 time   0.0022674 control    sound    timestep   1.81E-04       1,       1 x  1.63E-04 y  3.26E-04
 Wall clock    19.596451044082642     
 Average time per cell    2.9664495322942946E-009
 Step time per cell       2.7860344036728038E-009
 Step      15 time   0.0024489 control    sound    timestep   1.82E-04       1,       1 x  1.63E-04 y  3.26E-04
 Wall clock    21.058788061141968     
 Average time per cell    2.9752926383042468E-009
 Step time per cell       3.0988207476588689E-009
 Step      16 time   0.0026306 control    sound    timestep   1.82E-04       1,       1 x  1.63E-04 y  3.26E-04
 Wall clock    22.405544042587280     
 Average time per cell    2.9677210970172989E-009
 Step time per cell       2.8538640132561946E-009
 Step      17 time   0.0028124 control    sound    timestep   1.82E-04       1,       1 x  1.63E-04 y  3.26E-04
 Wall clock    23.795839071273804     
 Average time per cell    2.9664680470078667E-009
 Step time per cell       2.9461418509729105E-009
 Step      18 time   0.0029942 control    sound    timestep   1.82E-04       1,       1 x  1.63E-04 y  3.26E-04
 Wall clock    25.209597110748291     
 Average time per cell    2.9681167026505990E-009
 Step time per cell       2.9958851478618777E-009
 Step      19 time   0.0031760 control    sound    timestep   1.82E-04       1,       1 x  1.63E-04 y  3.26E-04
 Wall clock    26.617718935012817     
 Average time per cell    2.9689631473265550E-009
 Step time per cell       2.9838772914243032E-009
 Step      20 time   0.0033579 control    sound    timestep   1.82E-04       1,       1 x  1.63E-04 y  3.26E-04
 Wall clock    28.055958032608032     
 Average time per cell    2.9729162886522117E-009
 Step time per cell       3.0477945579655674E-009
 Step      21 time   0.0035397 control    sound    timestep   1.82E-04       1,       1 x  1.63E-04 y  3.26E-04
 Wall clock    29.392197132110596     
 Average time per cell    2.9661993129781285E-009
 Step time per cell       2.8317430810097398E-009
 Step      22 time   0.0037216 control    sound    timestep   1.82E-04       1,       1 x  1.63E-04 y  3.26E-04
 Wall clock    30.770252943038940     
 Average time per cell    2.9641212061717235E-009
 Step time per cell       2.9202121570253641E-009
 Step      23 time   0.0039035 control    sound    timestep   1.82E-04       1,       1 x  1.63E-04 y  3.26E-04
 Wall clock    32.147228956222534     
 Average time per cell    2.9621243090995875E-009
 Step time per cell       2.9178828400391568E-009
 Step      24 time   0.0040854 control    sound    timestep   1.82E-04       1,       1 x  1.63E-04 y  3.26E-04
 Wall clock    33.559341907501221     
 Average time per cell    2.9633965233962817E-009
 Step time per cell       2.9923967304057443E-009
 Step      25 time   0.0042673 control    sound    timestep   1.82E-04       1,       1 x  1.63E-04 y  3.26E-04
 Wall clock    34.935876131057739     
 Average time per cell    2.9615509144302148E-009
 Step time per cell       2.9170102304002893E-009
 Step      26 time   0.0044492 control    sound    timestep   1.82E-04       1,       1 x  1.63E-04 y  3.26E-04
 Wall clock    36.304793119430542     
 Average time per cell    2.9592263897814744E-009
 Step time per cell       2.9008252669074054E-009
 Step      27 time   0.0046311 control    sound    timestep   1.82E-04       1,       1 x  1.63E-04 y  3.26E-04
 Wall clock    37.706474065780640     
 Average time per cell    2.9596457513393701E-009
 Step time per cell       2.9702778192586266E-009
 Step      28 time   0.0048130 control    sound    timestep   1.82E-04       1,       1 x  1.63E-04 y  3.26E-04
 Wall clock    39.103899002075195     
 Average time per cell    2.9597130277478655E-009
 Step time per cell       2.9612733164362403E-009
 Step      29 time   0.0049950 control    sound    timestep   1.82E-04       1,       1 x  1.63E-04 y  3.26E-04
 Wall clock    40.508562088012695     
 Average time per cell    2.9603046174625012E-009
 Step time per cell       2.9765765753432384E-009
 Step      30 time   0.0051769 control    sound    timestep   1.82E-04       1,       1 x  1.63E-04 y  3.26E-04
 Wall clock    41.993010044097900     
 Average time per cell    2.9664929738996929E-009
 Step time per cell       3.1456779146942105E-009
 Step      31 time   0.0053588 control    sound    timestep   1.82E-04       1,       1 x  1.63E-04 y  3.26E-04
 Wall clock    43.318753004074097     
 Average time per cell    2.9614324128122978E-009
 Step time per cell       2.8095008828030484E-009
 Step      32 time   0.0055408 control    sound    timestep   1.82E-04       1,       1 x  1.63E-04 y  3.26E-04
 Wall clock    44.692752122879028     
 Average time per cell    2.9598840159097664E-009
 Step time per cell       2.9116315797889707E-009
 Step      33 time   0.0057227 control    sound    timestep   1.82E-04       1,       1 x  1.63E-04 y  3.26E-04
 Wall clock    46.121521949768066     
 Average time per cell    2.9619468631017451E-009
 Step time per cell       3.0276871459338711E-009
 Step      34 time   0.0059047 control    sound    timestep   1.82E-04       1,       1 x  1.63E-04 y  3.26E-04
 Wall clock    47.497216939926147     
 Average time per cell    2.9605801239466291E-009
 Step time per cell       2.9151937673709150E-009
 Step      35 time   0.0060866 control    sound    timestep   1.82E-04       1,       1 x  1.63E-04 y  3.26E-04
 Wall clock    48.859862089157104     
 Average time per cell    2.9585013065130511E-009
 Step time per cell       2.8875481600860236E-009
 Step      36 time   0.0062686 control    sound    timestep   1.82E-04       1,       1 x  1.63E-04 y  3.26E-04
 Wall clock    50.328937053680420     
 Average time per cell    2.9628033728470283E-009
 Step time per cell       3.1131174990959050E-009
 Step      37 time   0.0064506 control    sound    timestep   1.82E-04       1,       1 x  1.63E-04 y  3.26E-04
 Wall clock    51.719576120376587     
 Average time per cell    2.9623802643496186E-009
 Step time per cell       2.9469174478435890E-009
 Step      38 time   0.0066325 control    sound    timestep   1.82E-04       1,       1 x  1.63E-04 y  3.26E-04
 Wall clock    53.063600063323975     
 Average time per cell    2.9593796793242770E-009
 Step time per cell       2.8481124698171497E-009
 Step      39 time   0.0068145 control    sound    timestep   1.82E-04       1,       1 x  1.63E-04 y  3.26E-04
 Wall clock    54.493964910507202     
 Average time per cell    2.9612247711848508E-009
 Step time per cell       3.0310522763304308E-009
 Step      40 time   0.0069965 control    sound    timestep   1.82E-04       1,       1 x  1.63E-04 y  3.26E-04
 Wall clock    55.918096065521240     
 Average time per cell    2.9626473355569437E-009
 Step time per cell       3.0179343310818594E-009
 Step      41 time   0.0071785 control    sound    timestep   1.82E-04       1,       1 x  1.63E-04 y  3.26E-04
 Wall clock    57.291625976562500     
 Average time per cell    2.9613849452032953E-009
 Step time per cell       2.9107306747593812E-009
 Step      42 time   0.0073605 control    sound    timestep   1.82E-04       1,       1 x  1.63E-04 y  3.26E-04
 Wall clock    58.676012992858887     
 Average time per cell    2.9607305068999442E-009
 Step time per cell       2.9336378146480356E-009
 Step      43 time   0.0075424 control    sound    timestep   1.82E-04       1,       1 x  1.63E-04 y  3.26E-04
 Wall clock    60.023332118988037     
 Average time per cell    2.9582795982946370E-009
 Step time per cell       2.8550786939578961E-009
 Step      44 time   0.0077244 control    sound    timestep   1.82E-04       1,       1 x  1.63E-04 y  3.26E-04
 Wall clock    61.406762123107910     
 Average time per cell    2.9576793884078858E-009
 Step time per cell       2.9316182311352653E-009
 Step      45 time   0.0079064 control    sound    timestep   1.82E-04       1,       1 x  1.63E-04 y  3.26E-04
 Wall clock    62.831856012344360     
 Average time per cell    2.9590680163510338E-009
 Step time per cell       3.0198922710648428E-009
 Step      46 time   0.0080884 control    sound    timestep   1.82E-04       1,       1 x  1.63E-04 y  3.26E-04
 Wall clock    64.236997127532959     
 Average time per cell    2.9594770204632966E-009
 Step time per cell       2.9776149151277627E-009
 Step      47 time   0.0082705 control    sound    timestep   1.82E-04       1,       1 x  1.63E-04 y  3.26E-04
 Wall clock    65.659383058547974     
 Average time per cell    2.9606462058636808E-009
 Step time per cell       3.0141811496125432E-009
 Step      48 time   0.0084525 control    sound    timestep   1.82E-04       1,       1 x  1.63E-04 y  3.26E-04
 Wall clock    67.044270038604736     
 Average time per cell    2.9601110369454814E-009
 Step time per cell       2.9346973759756010E-009
 Step      49 time   0.0086345 control    sound    timestep   1.82E-04       1,       1 x  1.63E-04 y  3.26E-04
 Wall clock    68.359933137893677     
 Average time per cell    2.9566037417169027E-009
 Step time per cell       2.7880777351027872E-009
 Step      50 time   0.0088165 control    sound    timestep   1.82E-04       1,       1 x  1.63E-04 y  3.26E-04
 Wall clock    69.867605924606323     
 Average time per cell    2.9613751697373422E-009
 Step time per cell       3.1949255369707114E-009
 Step      51 time   0.0089986 control    sound    timestep   1.82E-04       1,       1 x  1.63E-04 y  3.26E-04
 Wall clock    71.250154018402100     
 Average time per cell    2.9607599968339716E-009
 Step time per cell       2.9299457714336717E-009
 Step      52 time   0.0091806 control    sound    timestep   1.82E-04       1,       1 x  1.63E-04 y  3.26E-04
 Wall clock    72.585194110870361     
 Average time per cell    2.9582322809786008E-009
 Step time per cell       2.8290388500964683E-009
 Step      53 time   0.0093626 control    sound    timestep   1.82E-04       1,       1 x  1.63E-04 y  3.26E-04
 Wall clock    73.980315923690796     
 Average time per cell    2.9582023989955653E-009
 Step time per cell       2.9563711399936840E-009
 Step      54 time   0.0095447 control    sound    timestep   1.82E-04       1,       1 x  1.63E-04 y  3.26E-04
 Wall clock    75.397670030593872     
 Average time per cell    2.9590461491790378E-009
 Step time per cell       3.0035062081879004E-009
 Step      55 time   0.0097267 control    sound    timestep   1.82E-04       1,       1 x  1.63E-04 y  3.26E-04
 Wall clock    76.864041090011597     
 Average time per cell    2.9617479532419684E-009
 Step time per cell       3.1074164831402920E-009
 Step      56 time   0.0099087 control    sound    timestep   1.82E-04       1,       1 x  1.63E-04 y  3.26E-04
 Wall clock    78.211750984191895     
 Average time per cell    2.9598626251898832E-009
 Step time per cell       2.8559831359113255E-009
 Step      57 time   0.0100908 control    sound    timestep   1.82E-04       1,       1 x  1.63E-04 y  3.26E-04
 Wall clock    79.643094062805176     
 Average time per cell    2.9611529546520232E-009
 Step time per cell       3.0331719042603962E-009
 Step      58 time   0.0102728 control    sound    timestep   1.82E-04       1,       1 x  1.63E-04 y  3.26E-04
 Wall clock    81.023095130920410     
 Average time per cell    2.9605227916513059E-009
 Step time per cell       2.9243407576965790E-009
 Step      59 time   0.0104549 control    sound    timestep   1.82E-04       1,       1 x  1.63E-04 y  3.26E-04
 Wall clock    82.351543903350830     
 Average time per cell    2.9580622349162858E-009
 Step time per cell       2.8150937699441178E-009
 Step      60 time   0.0106370 control    sound    timestep   1.82E-04       1,       1 x  1.63E-04 y  3.26E-04
 Wall clock    83.895092010498047     
 Average time per cell    2.9632812786278211E-009
 Step time per cell       3.2709229142508572E-009
 Step      61 time   0.0108190 control    sound    timestep   1.82E-04       1,       1 x  1.63E-04 y  3.26E-04
 Wall clock    85.222314119338989     
 Average time per cell    2.9608135577529808E-009
 Step time per cell       2.8126886617327626E-009
 Step      62 time   0.0110011 control    sound    timestep   1.82E-04       1,       1 x  1.63E-04 y  3.26E-04
 Wall clock    86.632899045944214     
 Average time per cell    2.9612749382054665E-009
 Step time per cell       2.9891629714661072E-009
 Step      63 time   0.0111832 control    sound    timestep   1.82E-04       1,       1 x  1.63E-04 y  3.26E-04
 Wall clock    88.018620967864990     
 Average time per cell    2.9608852974444258E-009
 Step time per cell       2.9364840277897504E-009
 Step      64 time   0.0113653 control    sound    timestep   1.82E-04       1,       1 x  1.63E-04 y  3.26E-04
 Wall clock    89.410088062286377     
 Average time per cell    2.9606980768272074E-009
 Step time per cell       2.9486379086544425E-009
 Step      65 time   0.0115474 control    sound    timestep   1.82E-04       1,       1 x  1.63E-04 y  3.26E-04
 Wall clock    90.842097043991089     
 Average time per cell    2.9618384546782367E-009
 Step time per cell       3.0345492834587479E-009
 Step      66 time   0.0117295 control    sound    timestep   1.82E-04       1,       1 x  1.63E-04 y  3.26E-04
 Wall clock    92.153466939926147     
 Average time per cell    2.9590705248619539E-009
 Step time per cell       2.7790045149029336E-009
 Step      67 time   0.0119116 control    sound    timestep   1.82E-04       1,       1 x  1.63E-04 y  3.26E-04
 Wall clock    93.563880920410156     
 Average time per cell    2.9595180821588039E-009
 Step time per cell       2.9888299953502915E-009
 Step      68 time   0.0120937 control    sound    timestep   1.82E-04       1,       1 x  1.63E-04 y  3.26E-04
 Wall clock    94.990365982055664     
 Average time per cell    2.9604533445462889E-009
 Step time per cell       3.0228653081899716E-009
 Step      69 time   0.0122759 control    sound    timestep   1.82E-04       1,       1 x  1.63E-04 y  3.26E-04
 Wall clock    96.386245012283325     
 Average time per cell    2.9604214596796982E-009
 Step time per cell       2.9580031777085323E-009
 Step      70 time   0.0124580 control    sound    timestep   1.82E-04       1,       1 x  1.63E-04 y  3.26E-04
 Wall clock    97.816956043243408     
 Average time per cell    2.9614450376977894E-009
 Step time per cell       3.0318874956315591E-009
 Step      71 time   0.0126401 control    sound    timestep   1.82E-04       1,       1 x  1.63E-04 y  3.26E-04
 Wall clock    99.121205091476440     
 Average time per cell    2.9586650236925667E-009
 Step time per cell       2.7639200399991954E-009
 Step      72 time   0.0128222 control    sound    timestep   1.82E-04       1,       1 x  1.63E-04 y  3.26E-04
 Wall clock    100.58934497833252     
 Average time per cell    2.9607862595667815E-009
 Step time per cell       3.1111145896526673E-009
 Step      73 time   0.0130043 control    sound    timestep   1.82E-04       1,       1 x  1.63E-04 y  3.26E-04
 Wall clock    101.97680401802063     
 Average time per cell    2.9605071190617945E-009
 Step time per cell       2.9401503019875642E-009
 Step      74 time   0.0131865 control    sound    timestep   1.82E-04       1,       1 x  1.63E-04 y  3.26E-04
 Wall clock    103.34028005599976     
 Average time per cell    2.9595486768659459E-009
 Step time per cell       2.8893706864134097E-009
 Step      75 time   0.0133686 control    sound    timestep   1.82E-04       1,       1 x  1.63E-04 y  3.26E-04
 Wall clock    104.74309611320496     
 Average time per cell    2.9597274247121445E-009
 Step time per cell       2.9727193072580527E-009
 Step      76 time   0.0135508 control    sound    timestep   1.82E-04       1,       1 x  1.63E-04 y  3.26E-04
 Wall clock    106.13667893409729     
 Average time per cell    2.9596439978978032E-009
 Step time per cell       2.9531924560109877E-009
 Step      77 time   0.0137329 control    sound    timestep   1.82E-04       1,       1 x  1.63E-04 y  3.26E-04
 Wall clock    107.51491403579712     
 Average time per cell    2.9591403216902033E-009
 Step time per cell       2.9206850942702860E-009
 Step      78 time   0.0139151 control    sound    timestep   1.82E-04       1,       1 x  1.63E-04 y  3.26E-04
 Wall clock    108.88872504234314     
 Average time per cell    2.9585293566696498E-009
 Step time per cell       2.9112349390440308E-009
 Step      79 time   0.0140973 control    sound    timestep   1.82E-04       1,       1 x  1.63E-04 y  3.26E-04
 Wall clock    110.20991110801697     
 Average time per cell    2.9565221276267698E-009
 Step time per cell       2.7997101723384629E-009
 Step      80 time   0.0142795 control    sound    timestep   1.82E-04       1,       1 x  1.63E-04 y  3.26E-04
 Wall clock    111.75521206855774     
 Average time per cell    2.9605020965088140E-009
 Step time per cell       3.2746548741771323E-009
 Step      81 time   0.0144617 control    sound    timestep   1.82E-04       1,       1 x  1.63E-04 y  3.26E-04
 Wall clock    113.12592601776123     
 Average time per cell    2.9598159166752388E-009
 Step time per cell       2.9048558442607626E-009
 Step      82 time   0.0146438 control    sound    timestep   1.82E-04       1,       1 x  1.63E-04 y  3.26E-04
 Wall clock    114.51833510398865     
 Average time per cell    2.9597071801159415E-009
 Step time per cell       2.9507277253691830E-009
 Step      83 time   0.0148260 control    sound    timestep   1.82E-04       1,       1 x  1.63E-04 y  3.26E-04
 Wall clock    115.90655708312988     
 Average time per cell    2.9594941524298763E-009
 Step time per cell       2.9417525284871872E-009
 Step      84 time   0.0150082 control    sound    timestep   1.82E-04       1,       1 x  1.63E-04 y  3.26E-04
 Wall clock    117.27631497383118     
 Average time per cell    2.9588203574950397E-009
 Step time per cell       2.9027746172182055E-009
 Step      85 time   0.0151904 control    sound    timestep   1.82E-04       1,       1 x  1.63E-04 y  3.26E-04
 Wall clock    118.62959504127502     
 Average time per cell    2.9577515805630909E-009
 Step time per cell       2.8677115753655219E-009
 Step      86 time   0.0153726 control    sound    timestep   1.82E-04       1,       1 x  1.63E-04 y  3.26E-04
 Wall clock    120.03946590423584     
 Average time per cell    2.9581022115760587E-009
 Step time per cell       2.9876345150922942E-009
 Step      87 time   0.0155548 control    sound    timestep   1.82E-04       1,       1 x  1.63E-04 y  3.26E-04
 Wall clock    121.49546313285828     
 First step overhead   1.2634992599487305E-002
real 122.60
user 2883.41
sys 54.80
