
Clover Version    1.000
       MPI Version
   Task Count    768

 Output file clover.out opened. All output will go there.

Clover Version    1.000
       MPI Version
   Task Count    768

 Step       1 time   0.0000000 control    sound    timestep   9.63E-05       1,       1 x  8.14E-05 y  1.63E-04
 Wall clock    1.4317440986633301     
 Average time per cell    7.5856531920079664E-010
 Step time per cell       7.5856531920079664E-010
 Step       2 time   0.0000963 control    sound    timestep   8.11E-05       1,       1 x  8.14E-05 y  1.63E-04
 Wall clock    3.0352520942687988     
 Average time per cell    8.0406721281178757E-010
 Step time per cell       8.4944253507678194E-010
 Step       3 time   0.0001774 control    sound    timestep   7.40E-05       1,       1 x  8.14E-05 y  1.63E-04
 Wall clock    4.4198460578918457     
 Average time per cell    7.8057290145941938E-010
 Step time per cell       7.3350962439791247E-010
 Step       4 time   0.0002514 control    sound    timestep   7.72E-05       1,       1 x  8.14E-05 y  1.63E-04
 Wall clock    5.8113241195678711     
 Average time per cell    7.6973757738111697E-010
 Step time per cell       7.3715316122818164E-010
 Step       5 time   0.0003286 control    sound    timestep   8.38E-05       1,       1 x  8.14E-05 y  1.63E-04
 Wall clock    7.2142469882965088     
 Average time per cell    7.6444911832772451E-010
 Step time per cell       7.4322264885672158E-010
 Step       6 time   0.0004124 control    sound    timestep   8.71E-05       1,       1 x  8.14E-05 y  1.63E-04
 Wall clock    8.6213660240173340     
 Average time per cell    7.6129401383729638E-010
 Step time per cell       7.4545381620636256E-010
 Step       7 time   0.0004995 control    sound    timestep   8.85E-05       1,       1 x  8.14E-05 y  1.63E-04
 Wall clock    10.075406074523926     
 Average time per cell    7.6259174608230024E-010
 Step time per cell       7.7031396964836553E-010
 Step       8 time   0.0005881 control    sound    timestep   9.16E-05       1,       1 x  8.14E-05 y  1.63E-04
 Wall clock    11.456557989120483     
 Average time per cell    7.5873785476687772E-010
 Step time per cell       7.3169025603824090E-010
 Step       9 time   0.0006796 control    sound    timestep   9.10E-05       1,       1 x  8.14E-05 y  1.63E-04
 Wall clock    12.804407119750977     
 Average time per cell    7.5377988931579216E-010
 Step time per cell       7.1405414322119513E-010
 Step      10 time   0.0007707 control    sound    timestep   9.10E-05       1,       1 x  8.14E-05 y  1.63E-04
 Wall clock    14.346235036849976     
 Average time per cell    7.6009088287618299E-010
 Step time per cell       8.1682729715895319E-010
 Step      11 time   0.0008617 control    sound    timestep   9.08E-05       1,       1 x  8.14E-05 y  1.63E-04
 Wall clock    15.639540195465088     
 Average time per cell    7.5328423256657759E-010
 Step time per cell       6.8520332913774633E-010
 Step      12 time   0.0009525 control    sound    timestep   9.06E-05       1,       1 x  8.14E-05 y  1.63E-04
 Wall clock    17.087121009826660     
 Average time per cell    7.5442353927765338E-010
 Step time per cell       7.6689136423940206E-010
 Step      13 time   0.0010432 control    sound    timestep   9.06E-05       1,       1 x  8.14E-05 y  1.63E-04
 Wall clock    18.475696086883545     
 Average time per cell    7.5298277076018348E-010
 Step time per cell       7.3562672595370612E-010
 Step      14 time   0.0011337 control    sound    timestep   9.07E-05       1,       1 x  8.14E-05 y  1.63E-04
 Wall clock    19.803928136825562     
 Average time per cell    7.4946419158911184E-010
 Step time per cell       7.0364586059036409E-010
 Step      15 time   0.0012244 control    sound    timestep   9.09E-05       1,       1 x  8.14E-05 y  1.63E-04
 Wall clock    21.208070039749146     
 Average time per cell    7.4909598879457922E-010
 Step time per cell       7.4387445339299221E-010
 Step      16 time   0.0013153 control    sound    timestep   9.09E-05       1,       1 x  8.14E-05 y  1.63E-04
 Wall clock    22.703335046768188     
 Average time per cell    7.5179123371071914E-010
 Step time per cell       7.9214828474505343E-010
 Step      17 time   0.0014062 control    sound    timestep   9.09E-05       1,       1 x  8.14E-05 y  1.63E-04
 Wall clock    24.095453023910522     
 Average time per cell    7.5095472846656137E-010
 Step time per cell       7.3751342218505064E-010
 Step      18 time   0.0014971 control    sound    timestep   9.09E-05       1,       1 x  8.14E-05 y  1.63E-04
 Wall clock    25.469501018524170     
 Average time per cell    7.4967928929164583E-010
 Step time per cell       7.2794174836114201E-010
 Step      19 time   0.0015880 control    sound    timestep   9.09E-05       1,       1 x  8.14E-05 y  1.63E-04
 Wall clock    26.848212003707886     
 Average time per cell    7.4866813536158456E-010
 Step time per cell       7.3040104729847775E-010
 Step      20 time   0.0016789 control    sound    timestep   9.09E-05       1,       1 x  8.14E-05 y  1.63E-04
 Wall clock    28.382699012756348     
 Average time per cell    7.5188475218763211E-010
 Step time per cell       8.1293150186765064E-010
 Step      21 time   0.0017699 control    sound    timestep   9.09E-05       1,       1 x  8.14E-05 y  1.63E-04
 Wall clock    29.723147153854370     
 Average time per cell    7.4989952495752492E-010
 Step time per cell       7.1017906419809957E-010
 Step      22 time   0.0018608 control    sound    timestep   9.09E-05       1,       1 x  8.14E-05 y  1.63E-04
 Wall clock    31.086985111236572     
 Average time per cell    7.4865806250226790E-010
 Step time per cell       7.2252318103791263E-010
 Step      23 time   0.0019517 control    sound    timestep   9.09E-05       1,       1 x  8.14E-05 y  1.63E-04
 Wall clock    32.601647138595581     
 Average time per cell    7.5099887798594008E-010
 Step time per cell       8.0241951157707567E-010
 Step      24 time   0.0020427 control    sound    timestep   9.10E-05       1,       1 x  8.14E-05 y  1.63E-04
 Wall clock    33.923716068267822     
 Average time per cell    7.4889297989270912E-010
 Step time per cell       7.0039264856960570E-010
 Step      25 time   0.0021336 control    sound    timestep   9.10E-05       1,       1 x  8.14E-05 y  1.63E-04
 Wall clock    35.374057054519653     
 Average time per cell    7.4967399288854928E-010
 Step time per cell       7.6835211378541622E-010
 Step      26 time   0.0022246 control    sound    timestep   9.10E-05       1,       1 x  8.14E-05 y  1.63E-04
 Wall clock    36.737877130508423     
 Average time per cell    7.4863183458663307E-010
 Step time per cell       7.2251206499155771E-010
 Step      27 time   0.0023156 control    sound    timestep   9.10E-05       1,       1 x  8.14E-05 y  1.63E-04
 Wall clock    38.185590028762817     
 Average time per cell    7.4931309603394434E-010
 Step time per cell       7.6695326040660597E-010
 Step      28 time   0.0024065 control    sound    timestep   9.10E-05       1,       1 x  8.14E-05 y  1.63E-04
 Wall clock    39.548924207687378     
 Average time per cell    7.4834907258668363E-010
 Step time per cell       7.2225260636413517E-010
 Step      29 time   0.0024975 control    sound    timestep   9.10E-05       1,       1 x  8.14E-05 y  1.63E-04
 Wall clock    40.996473073959351     
 Average time per cell    7.4899010409723025E-010
 Step time per cell       7.6686167934288577E-010
 Step      30 time   0.0025884 control    sound    timestep   9.10E-05       1,       1 x  8.14E-05 y  1.63E-04
 Wall clock    42.482029199600220     
 Average time per cell    7.5025963252739055E-010
 Step time per cell       7.8700812385553335E-010
 Step      31 time   0.0026794 control    sound    timestep   9.10E-05       1,       1 x  8.14E-05 y  1.63E-04
 Wall clock    43.827477216720581     
 Average time per cell    7.4905267696176515E-010
 Step time per cell       7.1283024125376773E-010
 Step      32 time   0.0027704 control    sound    timestep   9.10E-05       1,       1 x  8.14E-05 y  1.63E-04
 Wall clock    45.221318006515503     
 Average time per cell    7.4872238779259230E-010
 Step time per cell       7.3841773781977181E-010
 Step      33 time   0.0028614 control    sound    timestep   9.10E-05       1,       1 x  8.14E-05 y  1.63E-04
 Wall clock    46.638727188110352     
 Average time per cell    7.4879050958213343E-010
 Step time per cell       7.5089878413968515E-010
 Step      34 time   0.0029523 control    sound    timestep   9.10E-05       1,       1 x  8.14E-05 y  1.63E-04
 Wall clock    48.005800008773804     
 Average time per cell    7.4807023704089062E-010
 Step time per cell       7.2423404162691444E-010
 Step      35 time   0.0030433 control    sound    timestep   9.10E-05       1,       1 x  8.14E-05 y  1.63E-04
 Wall clock    49.400106191635132     
 Average time per cell    7.4780337305879031E-010
 Step time per cell       7.3865685913511296E-010
 Step      36 time   0.0031343 control    sound    timestep   9.10E-05       1,       1 x  8.14E-05 y  1.63E-04
 Wall clock    50.783343076705933     
 Average time per cell    7.4738842582564201E-010
 Step time per cell       7.3279794479377512E-010
 Step      37 time   0.0032253 control    sound    timestep   9.10E-05       1,       1 x  8.14E-05 y  1.63E-04
 Wall clock    52.225192070007324     
 Average time per cell    7.4783520039863880E-010
 Step time per cell       7.6384379907621120E-010
 Step      38 time   0.0033163 control    sound    timestep   9.10E-05       1,       1 x  8.14E-05 y  1.63E-04
 Wall clock    53.608594179153442     
 Average time per cell    7.4744355858631917E-010
 Step time per cell       7.3287916772339183E-010
 Step      39 time   0.0034073 control    sound    timestep   9.10E-05       1,       1 x  8.14E-05 y  1.63E-04
 Wall clock    54.995728015899658     
 Average time per cell    7.4712269687787971E-010
 Step time per cell       7.3486477150355414E-010
 Step      40 time   0.0034982 control    sound    timestep   9.10E-05       1,       1 x  8.14E-05 y  1.63E-04
 Wall clock    56.521341085433960     
 Average time per cell    7.4865210169466285E-010
 Step time per cell       8.0823206695236473E-010
 Step      41 time   0.0035892 control    sound    timestep   9.10E-05       1,       1 x  8.14E-05 y  1.63E-04
 Wall clock    57.836419105529785     
 Average time per cell    7.4738627986248641E-010
 Step time per cell       6.9673963783619309E-010
 Step      42 time   0.0036802 control    sound    timestep   9.10E-05       1,       1 x  8.14E-05 y  1.63E-04
 Wall clock    59.234042167663574     
 Average time per cell    7.4722201947388287E-010
 Step time per cell       7.4042582633006125E-010
 Step      43 time   0.0037712 control    sound    timestep   9.10E-05       1,       1 x  8.14E-05 y  1.63E-04
 Wall clock    60.661224126815796     
 Average time per cell    7.4742960531663271E-010
 Step time per cell       7.5608037756561922E-010
 Step      44 time   0.0038622 control    sound    timestep   9.10E-05       1,       1 x  8.14E-05 y  1.63E-04
 Wall clock    62.093290090560913     
 Average time per cell    7.4768656541074060E-010
 Step time per cell       7.5868026922560403E-010
 Step      45 time   0.0039532 control    sound    timestep   9.10E-05       1,       1 x  8.14E-05 y  1.63E-04
 Wall clock    63.545611143112183     
 Average time per cell    7.4817058354969000E-010
 Step time per cell       7.6939790637374653E-010
 Step      46 time   0.0040442 control    sound    timestep   9.10E-05       1,       1 x  8.14E-05 y  1.63E-04
 Wall clock    64.948278188705444     
 Average time per cell    7.4806165221469348E-010
 Step time per cell       7.4310100394035949E-010
 Step      47 time   0.0041352 control    sound    timestep   9.10E-05       1,       1 x  8.14E-05 y  1.63E-04
 Wall clock    66.321360111236572     
 Average time per cell    7.4762385067631531E-010
 Step time per cell       7.2741297824702790E-010
 Step      48 time   0.0042262 control    sound    timestep   9.10E-05       1,       1 x  8.14E-05 y  1.63E-04
 Wall clock    67.790336132049561     
 Average time per cell    7.4826276006576711E-010
 Step time per cell       7.7822366822349267E-010
 Step      49 time   0.0043173 control    sound    timestep   9.10E-05       1,       1 x  8.14E-05 y  1.63E-04
 Wall clock    69.120734214782715     
 Average time per cell    7.4737719899978457E-010
 Step time per cell       7.0483060375813187E-010
 Step      50 time   0.0044083 control    sound    timestep   9.10E-05       1,       1 x  8.14E-05 y  1.63E-04
 Wall clock    70.662490129470825     
 Average time per cell    7.4876668855318307E-010
 Step time per cell       8.1678396984191043E-010
 Step      51 time   0.0044993 control    sound    timestep   9.10E-05       1,       1 x  8.14E-05 y  1.63E-04
 Wall clock    71.997877120971680     
 Average time per cell    7.4795780224448644E-010
 Step time per cell       7.0749858120204105E-010
 Step      52 time   0.0045903 control    sound    timestep   9.10E-05       1,       1 x  8.14E-05 y  1.63E-04
 Wall clock    73.330807209014893     
 Average time per cell    7.4715499398051051E-010
 Step time per cell       7.0614823420732542E-010
 Step      53 time   0.0046813 control    sound    timestep   9.10E-05       1,       1 x  8.14E-05 y  1.63E-04
 Wall clock    74.810485124588013     
 Average time per cell    7.4784945766468977E-010
 Step time per cell       7.8389487296388124E-010
 Step      54 time   0.0047723 control    sound    timestep   9.10E-05       1,       1 x  8.14E-05 y  1.63E-04
 Wall clock    76.144643068313599     
 Average time per cell    7.4709043648324974E-010
 Step time per cell       7.0680408094227055E-010
 Step      55 time   0.0048633 control    sound    timestep   9.10E-05       1,       1 x  8.14E-05 y  1.63E-04
 Wall clock    77.540278196334839     
 Average time per cell    7.4695123033171792E-010
 Step time per cell       7.3936146489156978E-010
 Step      56 time   0.0049544 control    sound    timestep   9.10E-05       1,       1 x  8.14E-05 y  1.63E-04
 Wall clock    78.984769105911255     
 Average time per cell    7.4727922305144257E-010
 Step time per cell       7.6524416827952440E-010
 Step      57 time   0.0050454 control    sound    timestep   9.10E-05       1,       1 x  8.14E-05 y  1.63E-04
 Wall clock    80.346575021743774     
 Average time per cell    7.4682714434156898E-010
 Step time per cell       7.2144820882790049E-010
 Step      58 time   0.0051364 control    sound    timestep   9.10E-05       1,       1 x  8.14E-05 y  1.63E-04
 Wall clock    81.599837064743042     
 Average time per cell    7.4539912673927396E-010
 Step time per cell       6.6393163756907197E-010
 Step      59 time   0.0052275 control    sound    timestep   9.10E-05       1,       1 x  8.14E-05 y  1.63E-04
 Wall clock    83.339659214019775     
 Average time per cell    7.4838881855423868E-010
 Step time per cell       9.2175165870382142E-010
 Step      60 time   0.0053185 control    sound    timestep   9.10E-05       1,       1 x  8.14E-05 y  1.63E-04
 Wall clock    84.876824140548706     
 Average time per cell    7.4948932630528972E-010
 Step time per cell       8.1435890327459973E-010
 Step      61 time   0.0054095 control    sound    timestep   9.10E-05       1,       1 x  8.14E-05 y  1.63E-04
 Wall clock    86.189066171646118     
 Average time per cell    7.4860017088285660E-010
 Step time per cell       6.9523707679763901E-010
 Step      62 time   0.0055006 control    sound    timestep   9.10E-05       1,       1 x  8.14E-05 y  1.63E-04
 Wall clock    87.647952079772949     
 Average time per cell    7.4899283856707187E-010
 Step time per cell       7.7287887102607377E-010
 Step      63 time   0.0055916 control    sound    timestep   9.11E-05       1,       1 x  8.14E-05 y  1.63E-04
 Wall clock    88.961297035217285     
 Average time per cell    7.4814906646097179E-010
 Step time per cell       6.9577582608973091E-010
 Step      64 time   0.0056827 control    sound    timestep   9.10E-05       1,       1 x  8.14E-05 y  1.63E-04
 Wall clock    90.439103126525879     
 Average time per cell    7.4869314106409647E-010
 Step time per cell       7.8289354456097094E-010
 Step      65 time   0.0057737 control    sound    timestep   9.11E-05       1,       1 x  8.14E-05 y  1.63E-04
 Wall clock    91.775678157806396     
 Average time per cell    7.4806929170825662E-010
 Step time per cell       7.0807509978799825E-010
 Step      66 time   0.0058648 control    sound    timestep   9.11E-05       1,       1 x  8.14E-05 y  1.63E-04
 Wall clock    93.210193157196045     
 Average time per cell    7.4825056600406947E-010
 Step time per cell       7.5995078279649738E-010
 Step      67 time   0.0059558 control    sound    timestep   9.11E-05       1,       1 x  8.14E-05 y  1.63E-04
 Wall clock    94.602306127548218     
 Average time per cell    7.4809112459904094E-010
 Step time per cell       7.3749283223555218E-010
 Step      68 time   0.0060469 control    sound    timestep   9.11E-05       1,       1 x  8.14E-05 y  1.63E-04
 Wall clock    95.998128175735474     
 Average time per cell    7.4796527176694524E-010
 Step time per cell       7.3946845683773670E-010
 Step      69 time   0.0061379 control    sound    timestep   9.11E-05       1,       1 x  8.14E-05 y  1.63E-04
 Wall clock    97.406359195709229     
 Average time per cell    7.4793834959411953E-010
 Step time per cell       7.4604044028900619E-010
 Step      70 time   0.0062290 control    sound    timestep   9.11E-05       1,       1 x  8.14E-05 y  1.63E-04
 Wall clock    98.985604047775269     
 Average time per cell    7.4920657360572864E-010
 Step time per cell       8.3664303929253942E-010
 Step      71 time   0.0063200 control    sound    timestep   9.11E-05       1,       1 x  8.14E-05 y  1.63E-04
 Wall clock    100.31406116485596     
 Average time per cell    7.4856763464263506E-010
 Step time per cell       7.0382813848684442E-010
 Step      72 time   0.0064111 control    sound    timestep   9.11E-05       1,       1 x  8.14E-05 y  1.63E-04
 Wall clock    101.70894217491150     
 Average time per cell    7.4843523071806743E-010
 Step time per cell       7.3896406623437848E-010
 Step      73 time   0.0065022 control    sound    timestep   9.11E-05       1,       1 x  8.14E-05 y  1.63E-04
 Wall clock    103.10168099403381     
 Average time per cell    7.4829090671476754E-010
 Step time per cell       7.3783288219904842E-010
 Step      74 time   0.0065932 control    sound    timestep   9.11E-05       1,       1 x  8.14E-05 y  1.63E-04
 Wall clock    104.54339909553528     
 Average time per cell    7.4850116116531814E-010
 Step time per cell       7.6378240818384153E-010
 Step      75 time   0.0066843 control    sound    timestep   9.11E-05       1,       1 x  8.14E-05 y  1.63E-04
 Wall clock    105.95390701293945     
 Average time per cell    7.4848533215656599E-010
 Step time per cell       7.4725107879203282E-010
 Step      76 time   0.0067754 control    sound    timestep   9.11E-05       1,       1 x  8.14E-05 y  1.63E-04
 Wall clock    107.37047004699707     
 Average time per cell    7.4851213175648888E-010
 Step time per cell       7.5045641602223949E-010
 Step      77 time   0.0068665 control    sound    timestep   9.11E-05       1,       1 x  8.14E-05 y  1.63E-04
 Wall clock    108.79206109046936     
 Average time per cell    7.4857283182453360E-010
 Step time per cell       7.5311921439909692E-010
 Step      78 time   0.0069576 control    sound    timestep   9.11E-05       1,       1 x  8.14E-05 y  1.63E-04
 Wall clock    110.16689419746399     
 Average time per cell    7.4831436976044260E-010
 Step time per cell       7.2834495767892806E-010
 Step      79 time   0.0070486 control    sound    timestep   9.11E-05       1,       1 x  8.14E-05 y  1.63E-04
 Wall clock    111.60921406745911     
 Average time per cell    7.4851505576949987E-010
 Step time per cell       7.6409921550495912E-010
 Step      80 time   0.0071397 control    sound    timestep   9.11E-05       1,       1 x  8.14E-05 y  1.63E-04
 Wall clock    113.13567614555359     
 Average time per cell    7.4926797645326185E-010
 Step time per cell       8.0867557193818763E-010
 Step      81 time   0.0072308 control    sound    timestep   9.11E-05       1,       1 x  8.14E-05 y  1.63E-04
 Wall clock    114.44878506660461     
 Average time per cell    7.4860676860027428E-010
 Step time per cell       6.9569485579753138E-010
 Step      82 time   0.0073219 control    sound    timestep   9.11E-05       1,       1 x  8.14E-05 y  1.63E-04
 Wall clock    115.84448814392090     
 Average time per cell    7.4849534580003864E-010
 Step time per cell       7.3940807649503563E-010
 Step      83 time   0.0074130 control    sound    timestep   9.11E-05       1,       1 x  8.14E-05 y  1.63E-04
 Wall clock    117.27171301841736     
 Average time per cell    7.4858782293593780E-010
 Step time per cell       7.5610374652670641E-010
 Step      84 time   0.0075041 control    sound    timestep   9.11E-05       1,       1 x  8.14E-05 y  1.63E-04
 Wall clock    118.65112519264221     
 Average time per cell    7.4837652585268154E-010
 Step time per cell       7.3077204534557596E-010
 Step      85 time   0.0075952 control    sound    timestep   9.11E-05       1,       1 x  8.14E-05 y  1.63E-04
 Wall clock    120.07858300209045     
 Average time per cell    7.4846967685980239E-010
 Step time per cell       7.5621654913346796E-010
 Step      86 time   0.0076863 control    sound    timestep   9.11E-05       1,       1 x  8.14E-05 y  1.63E-04
 Wall clock    121.54192519187927     
 Average time per cell    7.4878173399266819E-010
 Step time per cell       7.7524140983263756E-010
 Step      87 time   0.0077774 control    sound    timestep   9.11E-05       1,       1 x  8.14E-05 y  1.63E-04
 Wall clock    123.07379007339478     
 First step overhead -0.17152595520019531     
real 124.48
user 2932.20
sys 48.30
