Sat Dec 26 18:18:27 2015: Starting Initialization


Mini-Application Name    : CoMD-mpi
Mini-Application Version : 1.1
Platform:
  hostname: test-c16595bc-1016-4b8b-bbe3-01bc27f9c84c.novalocal
  kernel name: 'Linux'
  kernel release: '3.10.0-229.4.2.el7.x86_64'
  processor: 'x86_64'
Build:
  CC: '/usr/lib64/mpich/bin/mpicc'
  compiler version: 'cc (GCC) 4.8.3 20140911 (Red Hat 4.8.3-9)'
  CFLAGS: '-std=c99 -DDOUBLE -DDO_MPI -g -O5   '
  LDFLAGS: ' -lm '
  using MPI: true
  Threading: none
  Double Precision: true
Run Date/Time: 2015-12-26, 18:18:27

Command Line Parameters:
  doeam: 0
  potDir: pots
  potName: Cu_u6.eam
  potType: funcfl
  nx: 288
  ny: 288
  nz: 144
  xproc: 4
  yproc: 8
  zproc: 3
  Lattice constant: -1 Angstroms
  nSteps: 100
  printRate: 10
  Time step: 1 fs
  Initial Temperature: 600 K
  Initial Delta: 0 Angstroms

Simulation data: 
  Total atoms        : 47775744
  Min global bounds  : [   0.0000000000,   0.0000000000,   0.0000000000 ]
  Max global bounds  : [ 1041.1200000000, 1041.1200000000, 520.5600000000 ]

Decomposition data: 
  Processors         :      4,     8,     3
  Local boxes        :     44,    22,    29 =    28072
  Box size           : [   5.9154545455,   5.9154545455,   5.9834482759 ]
  Box factor         : [   1.0221087768,   1.0221087768,   1.0338571535 ] 
  Max Link Cell Occupancy: 32 of 64

Potential data: 
  Potential type   : Lennard-Jones
  Species name     : Cu
  Atomic number    : 29
  Mass             : 63.55 amu
  Lattice Type     : FCC
  Lattice spacing  : 3.615 Angstroms
  Cutoff           : 5.7875 Angstroms
  Epsilon          : 0.167 eV
  Sigma            : 2.315 Angstroms

Memory data: 
  Intrinsic atom footprint =   88 B/atom 
  Total atom footprint     = -86.500 MB ( 41.77 MB/node)
  Link cell atom footprint = 150.777 MB/node
  Link cell atom footprint = 183.820 MB/node (including halo cell data


Initial energy : -1.166063303635, atom count : 47775744 

Sat Dec 26 18:18:29 2015: Initialization Finished

Sat Dec 26 18:18:29 2015: Starting simulation

#                                                                                         Performance
#  Loop   Time(fs)       Total Energy   Potential Energy     Kinetic Energy  Temperature   (us/atom)     # Atoms
      0       0.00    -1.166063303635    -1.243619295235     0.077555991600     600.0000     0.0000     47775744
     10      10.00    -1.166059648385    -1.233154418541     0.067094770156     519.0684     2.8752     47775744
     20      20.00    -1.166048429555    -1.208172856271     0.042124426716     325.8891     2.9256     47775744
     30      30.00    -1.166037579552    -1.186574421118     0.020536841566     158.8801     2.8706     47775744
     40      40.00    -1.166042088391    -1.183621357039     0.017579268648     135.9993     2.8978     47775744
     50      50.00    -1.166051681932    -1.193717450331     0.027665768399     214.0320     2.9643     47775744
     60      60.00    -1.166054640360    -1.202668818304     0.036614177944     283.2600     2.9729     47775744
     70      70.00    -1.166052133769    -1.204922091127     0.038869957358     300.7114     2.8440     47775744
     80      80.00    -1.166048799604    -1.203654382409     0.037605582805     290.9298     2.9111     47775744
     90      90.00    -1.166048012593    -1.203846535070     0.037798522478     292.4225     2.8645     47775744
    100     100.00    -1.166049797799    -1.206881718934     0.040831921134     315.8899     2.8511     47775744
Sat Dec 26 18:20:54 2015: Ending simulation



Simulation Validation:
  Initial energy  : -1.166063303635
  Final energy    : -1.166049797799
  eFinal/eInitial : 0.999988
  Final atom count : 47775744, no atoms lost


Timings for Rank 0
        Timer        # Calls    Avg/Call (s)   Total (s)    % Loop
___________________________________________________________________
total                      1     146.4732      146.4732      101.57
loop                       1     144.2115      144.2115      100.00
timestep                  10      14.4209      144.2092      100.00
  position               100       0.0152        1.5214        1.05
  velocity               200       0.0135        2.6957        1.87
  redistribute           101       0.1440       14.5445       10.09
    atomHalo             101       0.1032       10.4252        7.23
  force                  101       1.2530      126.5578       87.76
commHalo                 303       0.0296        8.9645        6.22
commReduce                39       0.0146        0.5675        0.39

Timing Statistics Across 96 Ranks:
        Timer        Rank: Min(s)       Rank: Max(s)      Avg(s)    Stdev(s)
_____________________________________________________________________________
total               30:  146.4163       0:  146.4732    146.4481      0.0170
loop                 1:  144.2115      60:  144.2116    144.2115      0.0000
timestep             0:  144.2092      63:  144.2105    144.2101      0.0004
  position          73:    1.1969      60:    1.6256      1.4885      0.0723
  velocity          26:    2.2164      69:    2.8379      2.6334      0.1383
  redistribute      58:   12.9571       1:   15.2393     14.6626      0.2510
    atomHalo        58:    8.8752       1:   11.0626     10.5254      0.2679
  force              2:  126.0674      58:  128.6144    126.4775      0.2694
commHalo            58:    7.4082       1:    9.5595      9.0159      0.2990
commReduce          30:    0.3144      38:    0.8087      0.6337      0.0805

---------------------------------------------------
 Average atom update rate:       2.90 us/atom/task
---------------------------------------------------


---------------------------------------------------
 Average all atom update rate:   0.03 us/atom
---------------------------------------------------


---------------------------------------------------
 Average atom rate:             33.13 atoms/us
---------------------------------------------------

Sat Dec 26 18:20:54 2015: CoMD Ending

real 146.71
user 3469.45
sys 44.78
