Sat Dec 26 19:02:07 2015: Starting Initialization


Mini-Application Name    : CoMD-mpi
Mini-Application Version : 1.1
Platform:
  hostname: test-c16595bc-1016-4b8b-bbe3-01bc27f9c84c.novalocal
  kernel name: 'Linux'
  kernel release: '3.10.0-229.4.2.el7.x86_64'
  processor: 'x86_64'
Build:
  CC: '/usr/lib64/mpich/bin/mpicc'
  compiler version: 'cc (GCC) 4.8.3 20140911 (Red Hat 4.8.3-9)'
  CFLAGS: '-std=c99 -DDOUBLE -DDO_MPI -g -O5   '
  LDFLAGS: ' -lm '
  using MPI: true
  Threading: none
  Double Precision: true
Run Date/Time: 2015-12-26, 19:02:07

Command Line Parameters:
  doeam: 0
  potDir: pots
  potName: Cu_u6.eam
  potType: funcfl
  nx: 576
  ny: 288
  nz: 288
  xproc: 8
  yproc: 8
  zproc: 6
  Lattice constant: -1 Angstroms
  nSteps: 100
  printRate: 10
  Time step: 1 fs
  Initial Temperature: 600 K
  Initial Delta: 0 Angstroms

Simulation data: 
  Total atoms        : 191102976
  Min global bounds  : [   0.0000000000,   0.0000000000,   0.0000000000 ]
  Max global bounds  : [ 2082.2400000000, 1041.1200000000, 1041.1200000000 ]

Decomposition data: 
  Processors         :      8,     8,     6
  Local boxes        :     44,    22,    29 =    28072
  Box size           : [   5.9154545455,   5.9154545455,   5.9834482759 ]
  Box factor         : [   1.0221087768,   1.0221087768,   1.0338571535 ] 
  Max Link Cell Occupancy: 32 of 64

Potential data: 
  Potential type   : Lennard-Jones
  Species name     : Cu
  Atomic number    : 29
  Mass             : 63.55 amu
  Lattice Type     : FCC
  Lattice spacing  : 3.615 Angstroms
  Cutoff           : 5.7875 Angstroms
  Epsilon          : 0.167 eV
  Sigma            : 2.315 Angstroms

Memory data: 
  Intrinsic atom footprint =   88 B/atom 
  Total atom footprint     = -346.000 MB ( 41.77 MB/node)
  Link cell atom footprint = 150.777 MB/node
  Link cell atom footprint = 183.820 MB/node (including halo cell data


Initial energy : -1.166063303635, atom count : 191102976 

Sat Dec 26 19:02:10 2015: Initialization Finished

Sat Dec 26 19:02:10 2015: Starting simulation

#                                                                                         Performance
#  Loop   Time(fs)       Total Energy   Potential Energy     Kinetic Energy  Temperature   (us/atom)     # Atoms
      0       0.00    -1.166063303635    -1.243619295235     0.077555991600     600.0000     0.0000    191102976
     10      10.00    -1.166059650602    -1.233154651512     0.067095000910     519.0702     3.4457    191102976
     20      20.00    -1.166048429207    -1.208173529549     0.042125100342     325.8944     3.3630    191102976
     30      30.00    -1.166037579478    -1.186579219108     0.020541639630     158.9172     3.3045    191102976
     40      40.00    -1.166042096597    -1.183632459803     0.017590363206     136.0851     3.2721    191102976
     50      50.00    -1.166051690423    -1.193726530690     0.027674840267     214.1021     3.2387    191102976
     60      60.00    -1.166054644204    -1.202665951990     0.036611307786     283.2378     3.5332    191102976
     70      70.00    -1.166052132921    -1.204903766985     0.038851634064     300.5697     3.8623    191102976
     80      80.00    -1.166048794316    -1.203624406040     0.037575611724     290.6979     3.6987    191102976
     90      90.00    -1.166048004903    -1.203815558312     0.037767553409     292.1829     3.4078    191102976
    100     100.00    -1.166049792314    -1.206862591607     0.040812799293     315.7419     3.3472    191102976
Sat Dec 26 19:05:01 2015: Ending simulation



Simulation Validation:
  Initial energy  : -1.166063303635
  Final energy    : -1.166049792314
  eFinal/eInitial : 0.999988
  Final atom count : 191102976, no atoms lost


Timings for Rank 0
        Timer        # Calls    Avg/Call (s)   Total (s)    % Loop
___________________________________________________________________
total                      1     173.9961      173.9961      101.41
loop                       1     171.5799      171.5799      100.00
timestep                  10      17.1561      171.5609       99.99
  position               100       0.0130        1.2966        0.76
  velocity               200       0.0101        2.0188        1.18
  redistribute           101       0.3856       38.9498       22.70
    atomHalo             101       0.3473       35.0740       20.44
  force                  101       1.2441      125.6526       73.23
commHalo                 303       0.1110       33.6333       19.60
commReduce                39       0.1427        5.5639        3.24

Timing Statistics Across 384 Ranks:
        Timer        Rank: Min(s)       Rank: Max(s)      Avg(s)    Stdev(s)
_____________________________________________________________________________
total              164:  173.9836      34:  174.0391    174.0309      0.0164
loop                10:  171.5798     305:  171.5800    171.5799      0.0000
timestep            83:  171.5498     339:  171.5696    171.5611      0.0011
  position          36:    0.9911     378:    1.3112      1.1588      0.0622
  velocity          77:    1.6556       2:    2.2860      1.9798      0.1266
  redistribute     342:   33.0608      37:   40.2283     38.0652      0.7889
    atomHalo       342:   29.2389      37:   36.5441     34.3032      0.8406
  force            253:  125.3818     342:  131.2607    125.9751      0.6532
commHalo           342:   27.6783      37:   35.1154     32.7903      0.8880
commReduce         101:    4.6895     219:    7.8375      6.3152      0.5403

---------------------------------------------------
 Average atom update rate:       3.45 us/atom/task
---------------------------------------------------


---------------------------------------------------
 Average all atom update rate:   0.01 us/atom
---------------------------------------------------


---------------------------------------------------
 Average atom rate:            111.39 atoms/us
---------------------------------------------------

Sat Dec 26 19:05:01 2015: CoMD Ending

real 174.29
user 4022.94
sys 146.21
