Sat Dec 26 18:53:34 2015: Starting Initialization


Mini-Application Name    : CoMD-mpi
Mini-Application Version : 1.1
Platform:
  hostname: test-c16595bc-1016-4b8b-bbe3-01bc27f9c84c.novalocal
  kernel name: 'Linux'
  kernel release: '3.10.0-229.4.2.el7.x86_64'
  processor: 'x86_64'
Build:
  CC: '/usr/lib64/mpich/bin/mpicc'
  compiler version: 'cc (GCC) 4.8.3 20140911 (Red Hat 4.8.3-9)'
  CFLAGS: '-std=c99 -DDOUBLE -DDO_MPI -g -O5   '
  LDFLAGS: ' -lm '
  using MPI: true
  Threading: none
  Double Precision: true
Run Date/Time: 2015-12-26, 18:53:34

Command Line Parameters:
  doeam: 0
  potDir: pots
  potName: Cu_u6.eam
  potType: funcfl
  nx: 288
  ny: 288
  nz: 288
  xproc: 4
  yproc: 8
  zproc: 6
  Lattice constant: -1 Angstroms
  nSteps: 100
  printRate: 10
  Time step: 1 fs
  Initial Temperature: 600 K
  Initial Delta: 0 Angstroms

Simulation data: 
  Total atoms        : 95551488
  Min global bounds  : [   0.0000000000,   0.0000000000,   0.0000000000 ]
  Max global bounds  : [ 1041.1200000000, 1041.1200000000, 1041.1200000000 ]

Decomposition data: 
  Processors         :      4,     8,     6
  Local boxes        :     44,    22,    29 =    28072
  Box size           : [   5.9154545455,   5.9154545455,   5.9834482759 ]
  Box factor         : [   1.0221087768,   1.0221087768,   1.0338571535 ] 
  Max Link Cell Occupancy: 32 of 64

Potential data: 
  Potential type   : Lennard-Jones
  Species name     : Cu
  Atomic number    : 29
  Mass             : 63.55 amu
  Lattice Type     : FCC
  Lattice spacing  : 3.615 Angstroms
  Cutoff           : 5.7875 Angstroms
  Epsilon          : 0.167 eV
  Sigma            : 2.315 Angstroms

Memory data: 
  Intrinsic atom footprint =   88 B/atom 
  Total atom footprint     = -173.000 MB ( 41.77 MB/node)
  Link cell atom footprint = 150.777 MB/node
  Link cell atom footprint = 183.820 MB/node (including halo cell data


Initial energy : -1.166063303635, atom count : 95551488 

Sat Dec 26 18:53:36 2015: Initialization Finished

Sat Dec 26 18:53:36 2015: Starting simulation

#                                                                                         Performance
#  Loop   Time(fs)       Total Energy   Potential Energy     Kinetic Energy  Temperature   (us/atom)     # Atoms
      0       0.00    -1.166063303635    -1.243619295235     0.077555991600     600.0000     0.0000     95551488
     10      10.00    -1.166059650944    -1.233155048472     0.067095397528     519.0732     3.3310     95551488
     20      20.00    -1.166048430775    -1.208174729585     0.042126298809     325.9036     3.2778     95551488
     30      30.00    -1.166037581189    -1.186579920198     0.020542339009     158.9226     3.3829     95551488
     40      40.00    -1.166042096032    -1.183631183934     0.017589087902     136.0753     3.4067     95551488
     50      50.00    -1.166051689718    -1.193724708926     0.027673019208     214.0881     3.2867     95551488
     60      60.00    -1.166054644990    -1.202665414756     0.036610769766     283.2336     3.2269     95551488
     70      70.00    -1.166052134677    -1.204904461803     0.038852327126     300.5751     3.3265     95551488
     80      80.00    -1.166048795413    -1.203624981534     0.037576186121     290.7024     3.4407     95551488
     90      90.00    -1.166048005239    -1.203815131967     0.037767126727     292.1796     3.2818     95551488
    100     100.00    -1.166049792301    -1.206861213530     0.040811421230     315.7313     3.2342     95551488
Sat Dec 26 18:56:21 2015: Ending simulation



Simulation Validation:
  Initial energy  : -1.166063303635
  Final energy    : -1.166049792301
  eFinal/eInitial : 0.999988
  Final atom count : 95551488, no atoms lost


Timings for Rank 0
        Timer        # Calls    Avg/Call (s)   Total (s)    % Loop
___________________________________________________________________
total                      1     167.5971      167.5971      101.44
loop                       1     165.2133      165.2133      100.00
timestep                  10      16.5201      165.2011       99.99
  position               100       0.0100        0.9975        0.60
  velocity               200       0.0092        1.8382        1.11
  redistribute           101       0.3436       34.7076       21.01
    atomHalo             101       0.3074       31.0463       18.79
  force                  101       1.2422      125.4670       75.94
commHalo                 303       0.0972       29.4565       17.83
commReduce                39       0.1035        4.0363        2.44

Timing Statistics Across 192 Ranks:
        Timer        Rank: Min(s)       Rank: Max(s)      Avg(s)    Stdev(s)
_____________________________________________________________________________
total               46:  167.5466      56:  167.5971    167.5851      0.0154
loop                 5:  165.2131     184:  165.2133    165.2132      0.0001
timestep           139:  165.1912     187:  165.2119    165.2012      0.0011
  position         134:    0.9744      29:    1.2112      1.1027      0.0535
  velocity         184:    1.4687      69:    2.2728      1.8671      0.1432
  redistribute      38:   29.7744     106:   35.2899     34.0949      0.8077
    atomHalo        38:   25.9069     171:   31.6815     30.3863      0.8587
  force             96:  125.1782      38:  131.1729    125.8693      0.8634
commHalo            38:   24.1339     171:   30.3017     28.8697      0.9398
commReduce         135:    2.5427     120:    5.2072      4.1032      0.4861

---------------------------------------------------
 Average atom update rate:       3.32 us/atom/task
---------------------------------------------------


---------------------------------------------------
 Average all atom update rate:   0.02 us/atom
---------------------------------------------------


---------------------------------------------------
 Average atom rate:             57.84 atoms/us
---------------------------------------------------

Sat Dec 26 18:56:21 2015: CoMD Ending

real 167.80
user 3891.05
sys 129.65
