      creating/filling mesh...0.068819s, total time: 0.06882
generating matrix structure...1.88485s, total time: 1.95367
         assembling FE data...3.3317s, total time: 5.28537
      imposing Dirichlet BC...0.509177s, total time: 5.79454
      imposing Dirichlet BC...0.0391622s, total time: 5.83371
making matrix indices local...1.56833s, total time: 7.40203
Starting CG solver ... 
Initial Residual = 464.73
Iteration = 20   Residual = 0.0662119
Iteration = 40   Residual = 0.0318145
Iteration = 60   Residual = 0.020377
Iteration = 80   Residual = 0.0146777
Iteration = 100   Residual = 0.011273
Iteration = 120   Residual = 0.00905943
Iteration = 140   Residual = 0.00854794
Iteration = 160   Residual = 0.0256261
Iteration = 180   Residual = 0.0539459
Iteration = 200   Residual = 0.016156
Final Resid Norm: 0.016156
real 59.66
user 1220.45
sys 195.73
