      creating/filling mesh...0.0936689s, total time: 0.0936689
generating matrix structure...1.68809s, total time: 1.78176
         assembling FE data...3.28816s, total time: 5.06992
      imposing Dirichlet BC...0.509516s, total time: 5.57943
      imposing Dirichlet BC...0.0390401s, total time: 5.61847
making matrix indices local...0.925692s, total time: 6.54416
Starting CG solver ... 
Initial Residual = 328.934
Iteration = 20   Residual = 0.530309
Iteration = 40   Residual = 0.0421271
Iteration = 60   Residual = 0.0260162
Iteration = 80   Residual = 0.0380579
Iteration = 100   Residual = 0.0147196
Iteration = 120   Residual = 0.0115025
Iteration = 140   Residual = 0.010997
Iteration = 160   Residual = 0.00779659
Iteration = 180   Residual = 0.00645927
Iteration = 200   Residual = 0.00546653
Final Resid Norm: 0.00546653
real 28.31
user 674.31
sys 4.21
