      creating/filling mesh...0.090256s, total time: 0.090256
generating matrix structure...1.79395s, total time: 1.88421
         assembling FE data...3.29635s, total time: 5.18056
      imposing Dirichlet BC...0.51052s, total time: 5.69108
      imposing Dirichlet BC...0.0390279s, total time: 5.73011
making matrix indices local...1.05092s, total time: 6.78103
Starting CG solver ... 
Initial Residual = 656.836
Iteration = 20   Residual = 0.0884182
Iteration = 40   Residual = 0.046202
Iteration = 60   Residual = 0.0765588
Iteration = 80   Residual = 0.0232523
Iteration = 100   Residual = 0.0172792
Iteration = 120   Residual = 0.0140157
Iteration = 140   Residual = 0.0118412
Iteration = 160   Residual = 0.0120409
Iteration = 180   Residual = 0.00881928
Iteration = 200   Residual = 0.00776062
Final Resid Norm: 0.00776062
real 62.93
user 1250.13
sys 238.35
