      creating/filling mesh...0.0685389s, total time: 0.0685389
generating matrix structure...1.59826s, total time: 1.6668
         assembling FE data...3.29477s, total time: 4.96157
      imposing Dirichlet BC...0.509392s, total time: 5.47096
      imposing Dirichlet BC...0.039022s, total time: 5.50998
making matrix indices local...0.888933s, total time: 6.39892
Starting CG solver ... 
Initial Residual = 328.934
Iteration = 20   Residual = 0.530309
Iteration = 40   Residual = 0.0421271
Iteration = 60   Residual = 0.0260162
Iteration = 80   Residual = 0.0380579
Iteration = 100   Residual = 0.0147196
Iteration = 120   Residual = 0.0115025
Iteration = 140   Residual = 0.010997
Iteration = 160   Residual = 0.00779659
Iteration = 180   Residual = 0.00645927
Iteration = 200   Residual = 0.00546653
Final Resid Norm: 0.00546653
real 28.11
user 670.01
sys 4.16
