      creating/filling mesh...0.159429s, total time: 0.159429
generating matrix structure...1.69793s, total time: 1.85736
         assembling FE data...3.29838s, total time: 5.15574
      imposing Dirichlet BC...0.510673s, total time: 5.66641
      imposing Dirichlet BC...0.038981s, total time: 5.70539
making matrix indices local...0.881151s, total time: 6.58655
Starting CG solver ... 
Initial Residual = 328.934
Iteration = 20   Residual = 0.530309
Iteration = 40   Residual = 0.0421271
Iteration = 60   Residual = 0.0260162
Iteration = 80   Residual = 0.0380579
Iteration = 100   Residual = 0.0147196
Iteration = 120   Residual = 0.0115025
Iteration = 140   Residual = 0.010997
Iteration = 160   Residual = 0.00779659
Iteration = 180   Residual = 0.00645927
Iteration = 200   Residual = 0.00546653
Final Resid Norm: 0.00546653
real 28.47
user 676.94
sys 4.26
