      creating/filling mesh...0.100458s, total time: 0.100459
generating matrix structure...1.86813s, total time: 1.96859
         assembling FE data...3.33592s, total time: 5.3045
      imposing Dirichlet BC...0.509352s, total time: 5.81385
      imposing Dirichlet BC...0.039197s, total time: 5.85305
making matrix indices local...1.55999s, total time: 7.41304
Starting CG solver ... 
Initial Residual = 464.73
Iteration = 20   Residual = 0.0662119
Iteration = 40   Residual = 0.0318145
Iteration = 60   Residual = 0.020377
Iteration = 80   Residual = 0.0146777
Iteration = 100   Residual = 0.011273
Iteration = 120   Residual = 0.00905943
Iteration = 140   Residual = 0.00854794
Iteration = 160   Residual = 0.0256261
Iteration = 180   Residual = 0.0539459
Iteration = 200   Residual = 0.016156
Final Resid Norm: 0.016156
real 61.15
user 1247.95
sys 200.11
