      creating/filling mesh...0.071574s, total time: 0.071574
generating matrix structure...1.94964s, total time: 2.02121
         assembling FE data...3.33017s, total time: 5.35138
      imposing Dirichlet BC...0.509206s, total time: 5.86059
      imposing Dirichlet BC...0.039407s, total time: 5.9
making matrix indices local...1.58413s, total time: 7.48412
Starting CG solver ... 
Initial Residual = 928.454
Iteration = 20   Residual = 0.760612
Iteration = 40   Residual = 0.0342417
Iteration = 60   Residual = 0.0221406
Iteration = 80   Residual = 0.0161917
Iteration = 100   Residual = 0.143474
Iteration = 120   Residual = 0.0104745
Iteration = 140   Residual = 0.00874261
Iteration = 160   Residual = 0.00747958
Iteration = 180   Residual = 0.00650307
Iteration = 200   Residual = 0.0057274
Final Resid Norm: 0.0057274
real 67.93
user 1248.21
sys 356.85
