      creating/filling mesh...0.098057s, total time: 0.098057
generating matrix structure...1.72529s, total time: 1.82335
         assembling FE data...3.36183s, total time: 5.18518
      imposing Dirichlet BC...0.509538s, total time: 5.69472
      imposing Dirichlet BC...0.0391388s, total time: 5.73386
making matrix indices local...1.55359s, total time: 7.28745
Starting CG solver ... 
Initial Residual = 464.73
Iteration = 20   Residual = 0.0662119
Iteration = 40   Residual = 0.0318145
Iteration = 60   Residual = 0.020377
Iteration = 80   Residual = 0.0146777
Iteration = 100   Residual = 0.011273
Iteration = 120   Residual = 0.00905943
Iteration = 140   Residual = 0.00854794
Iteration = 160   Residual = 0.0256261
Iteration = 180   Residual = 0.0539459
Iteration = 200   Residual = 0.016156
Final Resid Norm: 0.016156
real 60.87
user 1236.58
sys 199.93
