      creating/filling mesh...0.0656211s, total time: 0.0656211
generating matrix structure...1.46911s, total time: 1.53473
         assembling FE data...3.32488s, total time: 4.85961
      imposing Dirichlet BC...0.527565s, total time: 5.38718
      imposing Dirichlet BC...0.0390038s, total time: 5.42618
making matrix indices local...0.842142s, total time: 6.26832
Starting CG solver ... 
Initial Residual = 328.937
Iteration = 20   Residual = 0.0935226
Iteration = 40   Residual = 0.0434758
Iteration = 60   Residual = 0.028646
Iteration = 80   Residual = 0.020005
Iteration = 100   Residual = 0.0153602
Iteration = 120   Residual = 0.0122445
Iteration = 140   Residual = 0.00998511
Iteration = 160   Residual = 0.00891977
Iteration = 180   Residual = 0.00708324
Iteration = 200   Residual = 0.0329312
Final Resid Norm: 0.0329312
real 57.70
user 1222.53
sys 144.96
