      creating/filling mesh...0.0847111s, total time: 0.0847111
generating matrix structure...1.80118s, total time: 1.88589
         assembling FE data...3.32798s, total time: 5.21387
      imposing Dirichlet BC...0.528144s, total time: 5.74201
      imposing Dirichlet BC...0.038976s, total time: 5.78099
making matrix indices local...0.855113s, total time: 6.6361
Starting CG solver ... 
Initial Residual = 656.837
Iteration = 20   Residual = 0.0955272
Iteration = 40   Residual = 0.0468263
Iteration = 60   Residual = 0.0306024
Iteration = 80   Residual = 0.0224984
Iteration = 100   Residual = 0.0176423
Iteration = 120   Residual = 0.0144097
Iteration = 140   Residual = 0.0121047
Iteration = 160   Residual = 0.0103792
Iteration = 180   Residual = 0.00903973
Iteration = 200   Residual = 0.00797034
Final Resid Norm: 0.00797034
real 79.42
user 1502.09
sys 370.59
