      creating/filling mesh...0.120755s, total time: 0.120756
generating matrix structure...1.59382s, total time: 1.71458
         assembling FE data...3.32112s, total time: 5.0357
      imposing Dirichlet BC...0.527091s, total time: 5.56279
      imposing Dirichlet BC...0.0390072s, total time: 5.6018
making matrix indices local...0.839305s, total time: 6.4411
Starting CG solver ... 
Initial Residual = 328.937
Iteration = 20   Residual = 0.0935226
Iteration = 40   Residual = 0.0434758
Iteration = 60   Residual = 0.028646
Iteration = 80   Residual = 0.020005
Iteration = 100   Residual = 0.0153602
Iteration = 120   Residual = 0.0122445
Iteration = 140   Residual = 0.00998511
Iteration = 160   Residual = 0.00891977
Iteration = 180   Residual = 0.00708324
Iteration = 200   Residual = 0.0329312
Final Resid Norm: 0.0329312
real 58.01
user 1235.18
sys 149.60
