      creating/filling mesh...0.0816309s, total time: 0.0816319
generating matrix structure...2.01721s, total time: 2.09884
         assembling FE data...3.32437s, total time: 5.42321
      imposing Dirichlet BC...0.510452s, total time: 5.93366
      imposing Dirichlet BC...0.039149s, total time: 5.97281
making matrix indices local...1.58841s, total time: 7.56122
Starting CG solver ... 
Initial Residual = 928.454
Iteration = 20   Residual = 0.760612
Iteration = 40   Residual = 0.0342417
Iteration = 60   Residual = 0.0221406
Iteration = 80   Residual = 0.0161917
Iteration = 100   Residual = 0.143474
Iteration = 120   Residual = 0.0104745
Iteration = 140   Residual = 0.00874261
Iteration = 160   Residual = 0.00747958
Iteration = 180   Residual = 0.00650307
Iteration = 200   Residual = 0.0057274
Final Resid Norm: 0.0057274
real 68.70
user 1261.63
sys 360.94
