      creating/filling mesh...0.0905211s, total time: 0.0905211
generating matrix structure...1.83347s, total time: 1.92399
         assembling FE data...3.30101s, total time: 5.225
      imposing Dirichlet BC...0.510772s, total time: 5.73577
      imposing Dirichlet BC...0.039072s, total time: 5.77484
making matrix indices local...0.912404s, total time: 6.68725
Starting CG solver ... 
Initial Residual = 656.836
Iteration = 20   Residual = 0.0884182
Iteration = 40   Residual = 0.046202
Iteration = 60   Residual = 0.0765588
Iteration = 80   Residual = 0.0232523
Iteration = 100   Residual = 0.0172792
Iteration = 120   Residual = 0.0140157
Iteration = 140   Residual = 0.0118412
Iteration = 160   Residual = 0.0120409
Iteration = 180   Residual = 0.00881928
Iteration = 200   Residual = 0.00776062
Final Resid Norm: 0.00776062
real 63.84
user 1263.03
sys 247.54
