Mon Dec 28 17:05:41 2015: Starting Initialization


Mini-Application Name    : CoMD-mpi
Mini-Application Version : 1.1
Platform:
  hostname: test-c16595bc-1016-4b8b-bbe3-01bc27f9c84c.novalocal
  kernel name: 'Linux'
  kernel release: '3.10.0-229.4.2.el7.x86_64'
  processor: 'x86_64'
Build:
  CC: '/usr/lib64/mpich/bin/mpicc'
  compiler version: 'cc (GCC) 4.8.3 20140911 (Red Hat 4.8.3-9)'
  CFLAGS: '-std=c99 -DDOUBLE -DDO_MPI -g -O5   '
  LDFLAGS: ' -lm '
  using MPI: true
  Threading: none
  Double Precision: true
Run Date/Time: 2015-12-28, 17:05:41

Command Line Parameters:
  doeam: 0
  potDir: pots
  potName: Cu_u6.eam
  potType: funcfl
  nx: 288
  ny: 288
  nz: 288
  xproc: 4
  yproc: 8
  zproc: 6
  Lattice constant: -1 Angstroms
  nSteps: 100
  printRate: 10
  Time step: 1 fs
  Initial Temperature: 600 K
  Initial Delta: 0 Angstroms

Simulation data: 
  Total atoms        : 95551488
  Min global bounds  : [   0.0000000000,   0.0000000000,   0.0000000000 ]
  Max global bounds  : [ 1041.1200000000, 1041.1200000000, 1041.1200000000 ]

Decomposition data: 
  Processors         :      4,     8,     6
  Local boxes        :     44,    22,    29 =    28072
  Box size           : [   5.9154545455,   5.9154545455,   5.9834482759 ]
  Box factor         : [   1.0221087768,   1.0221087768,   1.0338571535 ] 
  Max Link Cell Occupancy: 32 of 64

Potential data: 
  Potential type   : Lennard-Jones
  Species name     : Cu
  Atomic number    : 29
  Mass             : 63.55 amu
  Lattice Type     : FCC
  Lattice spacing  : 3.615 Angstroms
  Cutoff           : 5.7875 Angstroms
  Epsilon          : 0.167 eV
  Sigma            : 2.315 Angstroms

Memory data: 
  Intrinsic atom footprint =   88 B/atom 
  Total atom footprint     = -173.000 MB ( 41.77 MB/node)
  Link cell atom footprint = 150.777 MB/node
  Link cell atom footprint = 183.820 MB/node (including halo cell data


Initial energy : -1.166063303635, atom count : 95551488 

Mon Dec 28 17:05:43 2015: Initialization Finished

Mon Dec 28 17:05:43 2015: Starting simulation

#                                                                                         Performance
#  Loop   Time(fs)       Total Energy   Potential Energy     Kinetic Energy  Temperature   (us/atom)     # Atoms
      0       0.00    -1.166063303635    -1.243619295235     0.077555991600     600.0000     0.0000     95551488
     10      10.00    -1.166059650944    -1.233155048472     0.067095397528     519.0732     3.2256     95551488
     20      20.00    -1.166048430775    -1.208174729585     0.042126298809     325.9036     3.2002     95551488
     30      30.00    -1.166037581189    -1.186579920198     0.020542339009     158.9226     3.1688     95551488
     40      40.00    -1.166042096032    -1.183631183934     0.017589087902     136.0753     3.2161     95551488
     50      50.00    -1.166051689718    -1.193724708926     0.027673019208     214.0881     3.2898     95551488
     60      60.00    -1.166054644990    -1.202665414756     0.036610769766     283.2336     3.4610     95551488
     70      70.00    -1.166052134677    -1.204904461803     0.038852327126     300.5751     3.4254     95551488
     80      80.00    -1.166048795413    -1.203624981534     0.037576186121     290.7024     3.3938     95551488
     90      90.00    -1.166048005239    -1.203815131967     0.037767126727     292.1796     3.3200     95551488
    100     100.00    -1.166049792301    -1.206861213530     0.040811421230     315.7313     3.3430     95551488
Mon Dec 28 17:08:28 2015: Ending simulation



Simulation Validation:
  Initial energy  : -1.166063303635
  Final energy    : -1.166049792301
  eFinal/eInitial : 0.999988
  Final atom count : 95551488, no atoms lost


Timings for Rank 0
        Timer        # Calls    Avg/Call (s)   Total (s)    % Loop
___________________________________________________________________
total                      1     166.6688      166.6688      101.35
loop                       1     164.4484      164.4484      100.00
timestep                  10      16.4446      164.4465      100.00
  position               100       0.0111        1.1101        0.68
  velocity               200       0.0089        1.7862        1.09
  redistribute           101       0.3531       35.6671       21.69
    atomHalo             101       0.3148       31.7944       19.33
  force                  101       1.2373      124.9706       75.99
commHalo                 303       0.1005       30.4597       18.52
commReduce                39       0.0662        2.5802        1.57

Timing Statistics Across 192 Ranks:
        Timer        Rank: Min(s)       Rank: Max(s)      Avg(s)    Stdev(s)
_____________________________________________________________________________
total               17:  166.6287      96:  166.6688    166.6578      0.0131
loop                 5:  164.4483     105:  164.4485    164.4484      0.0000
timestep             0:  164.4465     121:  164.4472    164.4470      0.0001
  position         152:    0.9955     120:    1.7828      1.1727      0.0911
  velocity          16:    1.5988     120:    2.5904      1.9575      0.1586
  redistribute      42:   30.1291     160:   36.1319     34.6445      0.9972
    atomHalo        42:   25.9597     160:   32.3731     30.7033      1.1244
  force            184:  124.5765      42:  130.5874    125.4002      1.0583
commHalo           120:   24.3256     160:   31.2733     29.5469      1.1955
commReduce          32:    2.1088     114:    3.7988      2.9354      0.3091

---------------------------------------------------
 Average atom update rate:       3.30 us/atom/task
---------------------------------------------------


---------------------------------------------------
 Average all atom update rate:   0.02 us/atom
---------------------------------------------------


---------------------------------------------------
 Average atom rate:             58.10 atoms/us
---------------------------------------------------

Mon Dec 28 17:08:28 2015: CoMD Ending

real 166.88
user 3882.42
sys 114.36
