Mon Dec 28 16:17:21 2015: Starting Initialization


Mini-Application Name    : CoMD-mpi
Mini-Application Version : 1.1
Platform:
  hostname: test-c16595bc-1016-4b8b-bbe3-01bc27f9c84c.novalocal
  kernel name: 'Linux'
  kernel release: '3.10.0-229.4.2.el7.x86_64'
  processor: 'x86_64'
Build:
  CC: '/usr/lib64/mpich/bin/mpicc'
  compiler version: 'cc (GCC) 4.8.3 20140911 (Red Hat 4.8.3-9)'
  CFLAGS: '-std=c99 -DDOUBLE -DDO_MPI -g -O5   '
  LDFLAGS: ' -lm '
  using MPI: true
  Threading: none
  Double Precision: true
Run Date/Time: 2015-12-28, 16:17:21

Command Line Parameters:
  doeam: 0
  potDir: pots
  potName: Cu_u6.eam
  potType: funcfl
  nx: 288
  ny: 144
  nz: 144
  xproc: 4
  yproc: 4
  zproc: 3
  Lattice constant: -1 Angstroms
  nSteps: 100
  printRate: 10
  Time step: 1 fs
  Initial Temperature: 600 K
  Initial Delta: 0 Angstroms

Simulation data: 
  Total atoms        : 23887872
  Min global bounds  : [   0.0000000000,   0.0000000000,   0.0000000000 ]
  Max global bounds  : [ 1041.1200000000, 520.5600000000, 520.5600000000 ]

Decomposition data: 
  Processors         :      4,     4,     3
  Local boxes        :     44,    22,    29 =    28072
  Box size           : [   5.9154545455,   5.9154545455,   5.9834482759 ]
  Box factor         : [   1.0221087768,   1.0221087768,   1.0338571535 ] 
  Max Link Cell Occupancy: 32 of 64

Potential data: 
  Potential type   : Lennard-Jones
  Species name     : Cu
  Atomic number    : 29
  Mass             : 63.55 amu
  Lattice Type     : FCC
  Lattice spacing  : 3.615 Angstroms
  Cutoff           : 5.7875 Angstroms
  Epsilon          : 0.167 eV
  Sigma            : 2.315 Angstroms

Memory data: 
  Intrinsic atom footprint =   88 B/atom 
  Total atom footprint     = 2004.750 MB ( 41.77 MB/node)
  Link cell atom footprint = 150.777 MB/node
  Link cell atom footprint = 183.820 MB/node (including halo cell data


Initial energy : -1.166063303635, atom count : 23887872 

Mon Dec 28 16:17:23 2015: Initialization Finished

Mon Dec 28 16:17:23 2015: Starting simulation

#                                                                                         Performance
#  Loop   Time(fs)       Total Energy   Potential Energy     Kinetic Energy  Temperature   (us/atom)     # Atoms
      0       0.00    -1.166063303635    -1.243619295235     0.077555991600     600.0000     0.0000     23887872
     10      10.00    -1.166059648926    -1.233156469342     0.067096820416     519.0842     2.8450     23887872
     20      20.00    -1.166048432327    -1.208180661376     0.042132229049     325.9495     2.9146     23887872
     30      30.00    -1.166037586321    -1.186587816413     0.020550230092     158.9837     2.8820     23887872
     40      40.00    -1.166042094457    -1.183634412875     0.017592318418     136.1003     2.8723     23887872
     50      50.00    -1.166051686250    -1.193724607851     0.027672921601     214.0873     2.8693     23887872
     60      60.00    -1.166054643092    -1.202667642611     0.036612999519     283.2508     2.9240     23887872
     70      70.00    -1.166052134605    -1.204912539995     0.038860405391     300.6375     2.9266     23887872
     80      80.00    -1.166048796113    -1.203639355020     0.037590558908     290.8136     2.8695     23887872
     90      90.00    -1.166048008331    -1.203833297592     0.037785289261     292.3201     2.8718     23887872
    100     100.00    -1.166049796301    -1.206878414776     0.040828618475     315.8643     2.9156     23887872
Mon Dec 28 16:19:47 2015: Ending simulation



Simulation Validation:
  Initial energy  : -1.166063303635
  Final energy    : -1.166049796301
  eFinal/eInitial : 0.999988
  Final atom count : 23887872, no atoms lost


Timings for Rank 0
        Timer        # Calls    Avg/Call (s)   Total (s)    % Loop
___________________________________________________________________
total                      1     145.8287      145.8287      101.42
loop                       1     143.7801      143.7801      100.00
timestep                  10      14.3779      143.7791      100.00
  position               100       0.0169        1.6894        1.18
  velocity               200       0.0142        2.8306        1.97
  redistribute           101       0.1426       14.3999       10.02
    atomHalo             101       0.1008       10.1767        7.08
  force                  101       1.2435      125.5923       87.35
commHalo                 303       0.0297        8.9984        6.26
commReduce                39       0.0189        0.7358        0.51

Timing Statistics Across 48 Ranks:
        Timer        Rank: Min(s)       Rank: Max(s)      Avg(s)    Stdev(s)
_____________________________________________________________________________
total               43:  145.7870       4:  145.8287    145.8141      0.0150
loop                 0:  143.7801      15:  143.7802    143.7801      0.0000
timestep             1:  143.7788      30:  143.7795    143.7791      0.0003
  position           1:    0.9536      43:    2.2635      1.5862      0.2214
  velocity          19:    1.9494      45:    4.8547      2.8937      0.5228
  redistribute      43:    9.5774      19:   16.0795     14.2497      1.1646
    atomHalo        43:    3.8668      19:   12.3237      9.9777      1.5787
  force             41:  124.9439      43:  128.2586    125.8436      0.6083
commHalo            45:    2.1241      19:   11.2030      8.7640      1.6803
commReduce          45:    0.2434      31:    0.9408      0.6880      0.1430

---------------------------------------------------
 Average atom update rate:       2.89 us/atom/task
---------------------------------------------------


---------------------------------------------------
 Average all atom update rate:   0.06 us/atom
---------------------------------------------------


---------------------------------------------------
 Average atom rate:             16.61 atoms/us
---------------------------------------------------

Mon Dec 28 16:19:47 2015: CoMD Ending

real 145.97
user 3464.99
sys 32.39
