Mon Dec 28 17:48:03 2015: Starting Initialization


Mini-Application Name    : CoMD-mpi
Mini-Application Version : 1.1
Platform:
  hostname: test-c16595bc-1016-4b8b-bbe3-01bc27f9c84c.novalocal
  kernel name: 'Linux'
  kernel release: '3.10.0-229.4.2.el7.x86_64'
  processor: 'x86_64'
Build:
  CC: '/usr/lib64/mpich/bin/mpicc'
  compiler version: 'cc (GCC) 4.8.3 20140911 (Red Hat 4.8.3-9)'
  CFLAGS: '-std=c99 -DDOUBLE -DDO_MPI -g -O5   '
  LDFLAGS: ' -lm '
  using MPI: true
  Threading: none
  Double Precision: true
Run Date/Time: 2015-12-28, 17:48:03

Command Line Parameters:
  doeam: 0
  potDir: pots
  potName: Cu_u6.eam
  potType: funcfl
  nx: 576
  ny: 576
  nz: 288
  xproc: 8
  yproc: 8
  zproc: 12
  Lattice constant: -1 Angstroms
  nSteps: 100
  printRate: 10
  Time step: 1 fs
  Initial Temperature: 600 K
  Initial Delta: 0 Angstroms

Simulation data: 
  Total atoms        : 382205952
  Min global bounds  : [   0.0000000000,   0.0000000000,   0.0000000000 ]
  Max global bounds  : [ 2082.2400000000, 2082.2400000000, 1041.1200000000 ]

Decomposition data: 
  Processors         :      8,     8,    12
  Local boxes        :     44,    44,    14 =    27104
  Box size           : [   5.9154545455,   5.9154545455,   6.1971428571 ]
  Box factor         : [   1.0221087768,   1.0221087768,   1.0707806233 ] 
  Max Link Cell Occupancy: 32 of 64

Potential data: 
  Potential type   : Lennard-Jones
  Species name     : Cu
  Atomic number    : 29
  Mass             : 63.55 amu
  Lattice Type     : FCC
  Lattice spacing  : 3.615 Angstroms
  Cutoff           : 5.7875 Angstroms
  Epsilon          : 0.167 eV
  Sigma            : 2.315 Angstroms

Memory data: 
  Intrinsic atom footprint =   88 B/atom 
  Total atom footprint     = -692.000 MB ( 41.77 MB/node)
  Link cell atom footprint = 145.578 MB/node
  Link cell atom footprint = 181.844 MB/node (including halo cell data


Initial energy : -1.166063303630, atom count : 382205952 

Mon Dec 28 17:48:06 2015: Initialization Finished

Mon Dec 28 17:48:06 2015: Starting simulation

#                                                                                         Performance
#  Loop   Time(fs)       Total Energy   Potential Energy     Kinetic Energy  Temperature   (us/atom)     # Atoms
      0       0.00    -1.166063303630    -1.243619295230     0.077555991600     600.0000     0.0000    382205952
     10      10.00    -1.166059648057    -1.233153833965     0.067094185908     519.0638     3.2222    382205952
     20      20.00    -1.166048424452    -1.208173088374     0.042124663922     325.8910     3.2957    382205952
     30      30.00    -1.166037576531    -1.186582597028     0.020545020496     158.9434     3.3482    382205952
     40      40.00    -1.166042094589    -1.183640748616     0.017598654027     136.1493     3.2187    382205952
     50      50.00    -1.166051690711    -1.193738808319     0.027687117608     214.1971     3.1803    382205952
     60      60.00    -1.166054646042    -1.202678133927     0.036623487885     283.3320     3.2816    382205952
     70      70.00    -1.166052132368    -1.204910124428     0.038857992060     300.6189     3.4025    382205952
     80      80.00    -1.166048789533    -1.203623187750     0.037574398217     290.6886     3.2150    382205952
     90      90.00    -1.166047997524    -1.203812115126     0.037764117602     292.1563     3.3330    382205952
    100     100.00    -1.166049788647    -1.206865872056     0.040816083408     315.7674     3.4972    382205952
Mon Dec 28 17:50:50 2015: Ending simulation



Simulation Validation:
  Initial energy  : -1.166063303630
  Final energy    : -1.166049788647
  eFinal/eInitial : 0.999988
  Final atom count : 382205952, no atoms lost


Timings for Rank 0
        Timer        # Calls    Avg/Call (s)   Total (s)    % Loop
___________________________________________________________________
total                      1     166.8756      166.8756      101.63
loop                       1     164.2046      164.2046      100.00
timestep                  10      16.4201      164.2013      100.00
  position               100       0.0096        0.9581        0.58
  velocity               200       0.0082        1.6433        1.00
  redistribute           101       0.3318       33.5102       20.41
    atomHalo             101       0.2949       29.7842       18.14
  force                  101       1.2557      126.8284       77.24
commHalo                 303       0.0940       28.4932       17.35
commReduce                39       0.0865        3.3748        2.06

Timing Statistics Across 768 Ranks:
        Timer        Rank: Min(s)       Rank: Max(s)      Avg(s)    Stdev(s)
_____________________________________________________________________________
total              144:  166.8218     583:  166.8923    166.8798      0.0154
loop                17:  164.2045     246:  164.2047    164.2046      0.0000
timestep             0:  164.2013     508:  164.2022    164.2019      0.0002
  position         193:    0.7123     684:    1.4961      0.9828      0.0787
  velocity         193:    1.2160     535:    2.6639      1.6707      0.1547
  redistribute     713:   27.8641     193:   34.5379     32.6798      0.8944
    atomHalo       535:   23.2195     193:   31.1923     29.0067      1.0434
  force            193:  126.2769      65:  131.5909    127.1075      0.7905
commHalo           535:   21.2137     193:   29.9622     27.6841      1.1514
commReduce          65:    2.4437     573:    4.8081      3.8840      0.3990

---------------------------------------------------
 Average atom update rate:       3.30 us/atom/task
---------------------------------------------------


---------------------------------------------------
 Average all atom update rate:   0.00 us/atom
---------------------------------------------------


---------------------------------------------------
 Average atom rate:            232.77 atoms/us
---------------------------------------------------

Mon Dec 28 17:50:50 2015: CoMD Ending

real 167.22
user 3906.61
sys 98.72
