Mon Dec 28 17:00:04 2015: Starting Initialization


Mini-Application Name    : CoMD-mpi
Mini-Application Version : 1.1
Platform:
  hostname: test-c16595bc-1016-4b8b-bbe3-01bc27f9c84c.novalocal
  kernel name: 'Linux'
  kernel release: '3.10.0-229.4.2.el7.x86_64'
  processor: 'x86_64'
Build:
  CC: '/usr/lib64/mpich/bin/mpicc'
  compiler version: 'cc (GCC) 4.8.3 20140911 (Red Hat 4.8.3-9)'
  CFLAGS: '-std=c99 -DDOUBLE -DDO_MPI -g -O5   '
  LDFLAGS: ' -lm '
  using MPI: true
  Threading: none
  Double Precision: true
Run Date/Time: 2015-12-28, 17:00:04

Command Line Parameters:
  doeam: 0
  potDir: pots
  potName: Cu_u6.eam
  potType: funcfl
  nx: 288
  ny: 288
  nz: 288
  xproc: 4
  yproc: 8
  zproc: 6
  Lattice constant: -1 Angstroms
  nSteps: 100
  printRate: 10
  Time step: 1 fs
  Initial Temperature: 600 K
  Initial Delta: 0 Angstroms

Simulation data: 
  Total atoms        : 95551488
  Min global bounds  : [   0.0000000000,   0.0000000000,   0.0000000000 ]
  Max global bounds  : [ 1041.1200000000, 1041.1200000000, 1041.1200000000 ]

Decomposition data: 
  Processors         :      4,     8,     6
  Local boxes        :     44,    22,    29 =    28072
  Box size           : [   5.9154545455,   5.9154545455,   5.9834482759 ]
  Box factor         : [   1.0221087768,   1.0221087768,   1.0338571535 ] 
  Max Link Cell Occupancy: 32 of 64

Potential data: 
  Potential type   : Lennard-Jones
  Species name     : Cu
  Atomic number    : 29
  Mass             : 63.55 amu
  Lattice Type     : FCC
  Lattice spacing  : 3.615 Angstroms
  Cutoff           : 5.7875 Angstroms
  Epsilon          : 0.167 eV
  Sigma            : 2.315 Angstroms

Memory data: 
  Intrinsic atom footprint =   88 B/atom 
  Total atom footprint     = -173.000 MB ( 41.77 MB/node)
  Link cell atom footprint = 150.777 MB/node
  Link cell atom footprint = 183.820 MB/node (including halo cell data


Initial energy : -1.166063303635, atom count : 95551488 

Mon Dec 28 17:00:06 2015: Initialization Finished

Mon Dec 28 17:00:06 2015: Starting simulation

#                                                                                         Performance
#  Loop   Time(fs)       Total Energy   Potential Energy     Kinetic Energy  Temperature   (us/atom)     # Atoms
      0       0.00    -1.166063303635    -1.243619295235     0.077555991600     600.0000     0.0000     95551488
     10      10.00    -1.166059650944    -1.233155048472     0.067095397528     519.0732     3.2749     95551488
     20      20.00    -1.166048430775    -1.208174729585     0.042126298809     325.9036     3.3741     95551488
     30      30.00    -1.166037581189    -1.186579920198     0.020542339009     158.9226     3.3801     95551488
     40      40.00    -1.166042096032    -1.183631183934     0.017589087902     136.0753     3.4154     95551488
     50      50.00    -1.166051689718    -1.193724708926     0.027673019208     214.0881     3.2692     95551488
     60      60.00    -1.166054644990    -1.202665414756     0.036610769766     283.2336     3.2208     95551488
     70      70.00    -1.166052134677    -1.204904461803     0.038852327126     300.5751     3.2262     95551488
     80      80.00    -1.166048795413    -1.203624981534     0.037576186121     290.7024     3.4380     95551488
     90      90.00    -1.166048005239    -1.203815131967     0.037767126727     292.1796     3.2202     95551488
    100     100.00    -1.166049792301    -1.206861213530     0.040811421230     315.7313     3.8418     95551488
Mon Dec 28 17:02:54 2015: Ending simulation



Simulation Validation:
  Initial energy  : -1.166063303635
  Final energy    : -1.166049792301
  eFinal/eInitial : 0.999988
  Final atom count : 95551488, no atoms lost


Timings for Rank 0
        Timer        # Calls    Avg/Call (s)   Total (s)    % Loop
___________________________________________________________________
total                      1     169.7400      169.7400      101.33
loop                       1     167.5181      167.5181      100.00
timestep                  10      16.7516      167.5164      100.00
  position               100       0.0095        0.9501        0.57
  velocity               200       0.0082        1.6367        0.98
  redistribute           101       0.3845       38.8344       23.18
    atomHalo             101       0.3479       35.1330       20.97
  force                  101       1.2381      125.0448       74.65
commHalo                 303       0.1112       33.6913       20.11
commReduce                39       0.0694        2.7061        1.62

Timing Statistics Across 192 Ranks:
        Timer        Rank: Min(s)       Rank: Max(s)      Avg(s)    Stdev(s)
_____________________________________________________________________________
total                9:  169.6979      68:  169.7450    169.7289      0.0159
loop                 5:  167.5181     191:  167.5182    167.5181      0.0000
timestep             0:  167.5164     123:  167.5170    167.5167      0.0001
  position         168:    0.9012     149:    1.8045      1.1156      0.1073
  velocity         160:    1.4538     149:    3.4354      1.8661      0.2260
  redistribute     149:   33.0944      88:   39.4543     37.8085      1.2268
    atomHalo       149:   27.4494     160:   35.8081     33.9505      1.4368
  force             88:  124.5004      70:  129.7542    125.4394      1.0704
commHalo           149:   25.6763     160:   34.7172     32.7891      1.5271
commReduce          39:    2.0286      98:    4.1761      2.9506      0.4584

---------------------------------------------------
 Average atom update rate:       3.37 us/atom/task
---------------------------------------------------


---------------------------------------------------
 Average all atom update rate:   0.02 us/atom
---------------------------------------------------


---------------------------------------------------
 Average atom rate:             57.04 atoms/us
---------------------------------------------------

Mon Dec 28 17:02:54 2015: CoMD Ending

real 169.97
user 3945.24
sys 122.47
