Mon Dec 28 17:42:22 2015: Starting Initialization


Mini-Application Name    : CoMD-mpi
Mini-Application Version : 1.1
Platform:
  hostname: test-c16595bc-1016-4b8b-bbe3-01bc27f9c84c.novalocal
  kernel name: 'Linux'
  kernel release: '3.10.0-229.4.2.el7.x86_64'
  processor: 'x86_64'
Build:
  CC: '/usr/lib64/mpich/bin/mpicc'
  compiler version: 'cc (GCC) 4.8.3 20140911 (Red Hat 4.8.3-9)'
  CFLAGS: '-std=c99 -DDOUBLE -DDO_MPI -g -O5   '
  LDFLAGS: ' -lm '
  using MPI: true
  Threading: none
  Double Precision: true
Run Date/Time: 2015-12-28, 17:42:22

Command Line Parameters:
  doeam: 0
  potDir: pots
  potName: Cu_u6.eam
  potType: funcfl
  nx: 576
  ny: 288
  nz: 288
  xproc: 8
  yproc: 8
  zproc: 6
  Lattice constant: -1 Angstroms
  nSteps: 100
  printRate: 10
  Time step: 1 fs
  Initial Temperature: 600 K
  Initial Delta: 0 Angstroms

Simulation data: 
  Total atoms        : 191102976
  Min global bounds  : [   0.0000000000,   0.0000000000,   0.0000000000 ]
  Max global bounds  : [ 2082.2400000000, 1041.1200000000, 1041.1200000000 ]

Decomposition data: 
  Processors         :      8,     8,     6
  Local boxes        :     44,    22,    29 =    28072
  Box size           : [   5.9154545455,   5.9154545455,   5.9834482759 ]
  Box factor         : [   1.0221087768,   1.0221087768,   1.0338571535 ] 
  Max Link Cell Occupancy: 32 of 64

Potential data: 
  Potential type   : Lennard-Jones
  Species name     : Cu
  Atomic number    : 29
  Mass             : 63.55 amu
  Lattice Type     : FCC
  Lattice spacing  : 3.615 Angstroms
  Cutoff           : 5.7875 Angstroms
  Epsilon          : 0.167 eV
  Sigma            : 2.315 Angstroms

Memory data: 
  Intrinsic atom footprint =   88 B/atom 
  Total atom footprint     = -346.000 MB ( 41.77 MB/node)
  Link cell atom footprint = 150.777 MB/node
  Link cell atom footprint = 183.820 MB/node (including halo cell data


Initial energy : -1.166063303635, atom count : 191102976 

Mon Dec 28 17:42:25 2015: Initialization Finished

Mon Dec 28 17:42:25 2015: Starting simulation

#                                                                                         Performance
#  Loop   Time(fs)       Total Energy   Potential Energy     Kinetic Energy  Temperature   (us/atom)     # Atoms
      0       0.00    -1.166063303635    -1.243619295235     0.077555991600     600.0000     0.0000    191102976
     10      10.00    -1.166059650602    -1.233154651512     0.067095000910     519.0702     3.3305    191102976
     20      20.00    -1.166048429207    -1.208173529549     0.042125100342     325.8944     3.5917    191102976
     30      30.00    -1.166037579478    -1.186579219108     0.020541639630     158.9172     3.3760    191102976
     40      40.00    -1.166042096597    -1.183632459803     0.017590363206     136.0851     3.2228    191102976
     50      50.00    -1.166051690423    -1.193726530690     0.027674840267     214.1021     3.4541    191102976
     60      60.00    -1.166054644204    -1.202665951990     0.036611307786     283.2378     3.3893    191102976
     70      70.00    -1.166052132921    -1.204903766985     0.038851634064     300.5697     3.3757    191102976
     80      80.00    -1.166048794316    -1.203624406040     0.037575611724     290.6979     3.5995    191102976
     90      90.00    -1.166048004903    -1.203815558312     0.037767553409     292.1829     3.4498    191102976
    100     100.00    -1.166049792314    -1.206862591607     0.040812799293     315.7419     3.2919    191102976
Mon Dec 28 17:45:14 2015: Ending simulation



Simulation Validation:
  Initial energy  : -1.166063303635
  Final energy    : -1.166049792314
  eFinal/eInitial : 0.999988
  Final atom count : 191102976, no atoms lost


Timings for Rank 0
        Timer        # Calls    Avg/Call (s)   Total (s)    % Loop
___________________________________________________________________
total                      1     172.2448      172.2448      101.55
loop                       1     169.6122      169.6122      100.00
timestep                  10      16.9610      169.6101      100.00
  position               100       0.0122        1.2226        0.72
  velocity               200       0.0107        2.1350        1.26
  redistribute           101       0.3763       38.0107       22.41
    atomHalo             101       0.3376       34.0994       20.10
  force                  101       1.2423      125.4734       73.98
commHalo                 303       0.1087       32.9345       19.42
commReduce                39       0.1242        4.8457        2.86

Timing Statistics Across 384 Ranks:
        Timer        Rank: Min(s)       Rank: Max(s)      Avg(s)    Stdev(s)
_____________________________________________________________________________
total              268:  172.2043      50:  172.2454    172.2399      0.0096
loop                 6:  169.6121     248:  169.6122    169.6121      0.0000
timestep             0:  169.6101     376:  169.6107    169.6104      0.0001
  position         264:    0.9032     340:    1.7955      1.1237      0.0881
  velocity          44:    1.4278     145:    2.9409      1.9437      0.1702
  redistribute      22:   31.5948     204:   40.1320     38.0522      0.9276
    atomHalo        22:   27.7468     204:   36.6192     34.2790      1.0551
  force             12:  124.3197      22:  132.3323    125.3849      0.9258
commHalo            22:   26.5750     204:   35.5327     33.0990      1.1407
commReduce         135:    3.7735     363:    6.0842      5.1929      0.4048

---------------------------------------------------
 Average atom update rate:       3.41 us/atom/task
---------------------------------------------------


---------------------------------------------------
 Average all atom update rate:   0.01 us/atom
---------------------------------------------------


---------------------------------------------------
 Average atom rate:            112.67 atoms/us
---------------------------------------------------

Mon Dec 28 17:45:14 2015: CoMD Ending

real 172.51
user 4006.14
sys 126.37
