Mon Dec 28 16:57:15 2015: Starting Initialization


Mini-Application Name    : CoMD-mpi
Mini-Application Version : 1.1
Platform:
  hostname: test-c16595bc-1016-4b8b-bbe3-01bc27f9c84c.novalocal
  kernel name: 'Linux'
  kernel release: '3.10.0-229.4.2.el7.x86_64'
  processor: 'x86_64'
Build:
  CC: '/usr/lib64/mpich/bin/mpicc'
  compiler version: 'cc (GCC) 4.8.3 20140911 (Red Hat 4.8.3-9)'
  CFLAGS: '-std=c99 -DDOUBLE -DDO_MPI -g -O5   '
  LDFLAGS: ' -lm '
  using MPI: true
  Threading: none
  Double Precision: true
Run Date/Time: 2015-12-28, 16:57:15

Command Line Parameters:
  doeam: 0
  potDir: pots
  potName: Cu_u6.eam
  potType: funcfl
  nx: 288
  ny: 288
  nz: 288
  xproc: 4
  yproc: 8
  zproc: 6
  Lattice constant: -1 Angstroms
  nSteps: 100
  printRate: 10
  Time step: 1 fs
  Initial Temperature: 600 K
  Initial Delta: 0 Angstroms

Simulation data: 
  Total atoms        : 95551488
  Min global bounds  : [   0.0000000000,   0.0000000000,   0.0000000000 ]
  Max global bounds  : [ 1041.1200000000, 1041.1200000000, 1041.1200000000 ]

Decomposition data: 
  Processors         :      4,     8,     6
  Local boxes        :     44,    22,    29 =    28072
  Box size           : [   5.9154545455,   5.9154545455,   5.9834482759 ]
  Box factor         : [   1.0221087768,   1.0221087768,   1.0338571535 ] 
  Max Link Cell Occupancy: 32 of 64

Potential data: 
  Potential type   : Lennard-Jones
  Species name     : Cu
  Atomic number    : 29
  Mass             : 63.55 amu
  Lattice Type     : FCC
  Lattice spacing  : 3.615 Angstroms
  Cutoff           : 5.7875 Angstroms
  Epsilon          : 0.167 eV
  Sigma            : 2.315 Angstroms

Memory data: 
  Intrinsic atom footprint =   88 B/atom 
  Total atom footprint     = -173.000 MB ( 41.77 MB/node)
  Link cell atom footprint = 150.777 MB/node
  Link cell atom footprint = 183.820 MB/node (including halo cell data


Initial energy : -1.166063303635, atom count : 95551488 

Mon Dec 28 16:57:17 2015: Initialization Finished

Mon Dec 28 16:57:17 2015: Starting simulation

#                                                                                         Performance
#  Loop   Time(fs)       Total Energy   Potential Energy     Kinetic Energy  Temperature   (us/atom)     # Atoms
      0       0.00    -1.166063303635    -1.243619295235     0.077555991600     600.0000     0.0000     95551488
     10      10.00    -1.166059650944    -1.233155048472     0.067095397528     519.0732     3.4204     95551488
     20      20.00    -1.166048430775    -1.208174729585     0.042126298809     325.9036     3.3925     95551488
     30      30.00    -1.166037581189    -1.186579920198     0.020542339009     158.9226     3.3878     95551488
     40      40.00    -1.166042096032    -1.183631183934     0.017589087902     136.0753     3.3369     95551488
     50      50.00    -1.166051689718    -1.193724708926     0.027673019208     214.0881     3.3975     95551488
     60      60.00    -1.166054644990    -1.202665414756     0.036610769766     283.2336     3.4150     95551488
     70      70.00    -1.166052134677    -1.204904461803     0.038852327126     300.5751     3.5180     95551488
     80      80.00    -1.166048795413    -1.203624981534     0.037576186121     290.7024     3.2937     95551488
     90      90.00    -1.166048005239    -1.203815131967     0.037767126727     292.1796     3.1879     95551488
    100     100.00    -1.166049792301    -1.206861213530     0.040811421230     315.7313     3.1376     95551488
Mon Dec 28 17:00:04 2015: Ending simulation



Simulation Validation:
  Initial energy  : -1.166063303635
  Final energy    : -1.166049792301
  eFinal/eInitial : 0.999988
  Final atom count : 95551488, no atoms lost


Timings for Rank 0
        Timer        # Calls    Avg/Call (s)   Total (s)    % Loop
___________________________________________________________________
total                      1     169.2393      169.2393      101.55
loop                       1     166.6552      166.6552      100.00
timestep                  10      16.6653      166.6533      100.00
  position               100       0.0104        1.0377        0.62
  velocity               200       0.0097        1.9319        1.16
  redistribute           101       0.3521       35.5580       21.34
    atomHalo             101       0.3120       31.5112       18.91
  force                  101       1.2567      126.9220       76.16
commHalo                 303       0.0991       30.0139       18.01
commReduce                39       0.0839        3.2703        1.96

Timing Statistics Across 192 Ranks:
        Timer        Rank: Min(s)       Rank: Max(s)      Avg(s)    Stdev(s)
_____________________________________________________________________________
total              180:  169.2332      25:  169.2892    169.2691      0.0203
loop                 5:  166.6550     120:  166.6552    166.6551      0.0001
timestep             6:  166.6533     121:  166.6539    166.6536      0.0002
  position         154:    0.9272      93:    1.8612      1.1009      0.0981
  velocity          13:    1.5788      93:    3.7904      1.8312      0.2018
  redistribute      63:   30.4117      67:   38.0388     36.6390      1.2081
    atomHalo        93:   25.5772     160:   34.3369     32.7974      1.3856
  force              4:  124.5085      63:  133.8875    125.3492      1.2536
commHalo            93:   23.7728     160:   33.2616     31.6454      1.4736
commReduce          63:    1.6216      50:    5.3446      3.8059      0.5070

---------------------------------------------------
 Average atom update rate:       3.35 us/atom/task
---------------------------------------------------


---------------------------------------------------
 Average all atom update rate:   0.02 us/atom
---------------------------------------------------


---------------------------------------------------
 Average atom rate:             57.34 atoms/us
---------------------------------------------------

Mon Dec 28 17:00:04 2015: CoMD Ending

real 169.52
user 3938.94
sys 122.47
