Mon Dec 28 16:39:22 2015: Starting Initialization


Mini-Application Name    : CoMD-mpi
Mini-Application Version : 1.1
Platform:
  hostname: test-c16595bc-1016-4b8b-bbe3-01bc27f9c84c.novalocal
  kernel name: 'Linux'
  kernel release: '3.10.0-229.4.2.el7.x86_64'
  processor: 'x86_64'
Build:
  CC: '/usr/lib64/mpich/bin/mpicc'
  compiler version: 'cc (GCC) 4.8.3 20140911 (Red Hat 4.8.3-9)'
  CFLAGS: '-std=c99 -DDOUBLE -DDO_MPI -g -O5   '
  LDFLAGS: ' -lm '
  using MPI: true
  Threading: none
  Double Precision: true
Run Date/Time: 2015-12-28, 16:39:22

Command Line Parameters:
  doeam: 0
  potDir: pots
  potName: Cu_u6.eam
  potType: funcfl
  nx: 288
  ny: 288
  nz: 144
  xproc: 4
  yproc: 8
  zproc: 3
  Lattice constant: -1 Angstroms
  nSteps: 100
  printRate: 10
  Time step: 1 fs
  Initial Temperature: 600 K
  Initial Delta: 0 Angstroms

Simulation data: 
  Total atoms        : 47775744
  Min global bounds  : [   0.0000000000,   0.0000000000,   0.0000000000 ]
  Max global bounds  : [ 1041.1200000000, 1041.1200000000, 520.5600000000 ]

Decomposition data: 
  Processors         :      4,     8,     3
  Local boxes        :     44,    22,    29 =    28072
  Box size           : [   5.9154545455,   5.9154545455,   5.9834482759 ]
  Box factor         : [   1.0221087768,   1.0221087768,   1.0338571535 ] 
  Max Link Cell Occupancy: 32 of 64

Potential data: 
  Potential type   : Lennard-Jones
  Species name     : Cu
  Atomic number    : 29
  Mass             : 63.55 amu
  Lattice Type     : FCC
  Lattice spacing  : 3.615 Angstroms
  Cutoff           : 5.7875 Angstroms
  Epsilon          : 0.167 eV
  Sigma            : 2.315 Angstroms

Memory data: 
  Intrinsic atom footprint =   88 B/atom 
  Total atom footprint     = -86.500 MB ( 41.77 MB/node)
  Link cell atom footprint = 150.777 MB/node
  Link cell atom footprint = 183.820 MB/node (including halo cell data


Initial energy : -1.166063303635, atom count : 47775744 

Mon Dec 28 16:39:24 2015: Initialization Finished

Mon Dec 28 16:39:24 2015: Starting simulation

#                                                                                         Performance
#  Loop   Time(fs)       Total Energy   Potential Energy     Kinetic Energy  Temperature   (us/atom)     # Atoms
      0       0.00    -1.166063303635    -1.243619295235     0.077555991600     600.0000     0.0000     47775744
     10      10.00    -1.166059648385    -1.233154418541     0.067094770156     519.0684     2.8483     47775744
     20      20.00    -1.166048429555    -1.208172856271     0.042124426716     325.8891     3.0213     47775744
     30      30.00    -1.166037579552    -1.186574421118     0.020536841566     158.8801     3.0588     47775744
     40      40.00    -1.166042088391    -1.183621357039     0.017579268648     135.9993     3.0252     47775744
     50      50.00    -1.166051681932    -1.193717450331     0.027665768399     214.0320     2.9487     47775744
     60      60.00    -1.166054640360    -1.202668818304     0.036614177944     283.2600     2.8936     47775744
     70      70.00    -1.166052133769    -1.204922091127     0.038869957358     300.7114     2.9752     47775744
     80      80.00    -1.166048799604    -1.203654382409     0.037605582805     290.9298     2.8072     47775744
     90      90.00    -1.166048012593    -1.203846535070     0.037798522478     292.4225     2.8460     47775744
    100     100.00    -1.166049797799    -1.206881718934     0.040831921134     315.8899     2.9883     47775744
Mon Dec 28 16:41:50 2015: Ending simulation



Simulation Validation:
  Initial energy  : -1.166063303635
  Final energy    : -1.166049797799
  eFinal/eInitial : 0.999988
  Final atom count : 47775744, no atoms lost


Timings for Rank 0
        Timer        # Calls    Avg/Call (s)   Total (s)    % Loop
___________________________________________________________________
total                      1     148.4142      148.4142      101.39
loop                       1     146.3778      146.3778      100.00
timestep                  10      14.6376      146.3760      100.00
  position               100       0.0139        1.3864        0.95
  velocity               200       0.0123        2.4597        1.68
  redistribute           101       0.1748       17.6565       12.06
    atomHalo             101       0.1350       13.6396        9.32
  force                  101       1.2399      125.2307       85.55
commHalo                 303       0.0412       12.4713        8.52
commReduce                39       0.0282        1.0984        0.75

Timing Statistics Across 96 Ranks:
        Timer        Rank: Min(s)       Rank: Max(s)      Avg(s)    Stdev(s)
_____________________________________________________________________________
total               29:  148.3621      84:  148.4142    148.3985      0.0176
loop                 0:  146.3778      47:  146.3778    146.3778      0.0000
timestep             0:  146.3760      30:  146.3766    146.3764      0.0001
  position           2:    1.0369      17:    1.5161      1.3260      0.0749
  velocity          19:    1.9792       5:    2.7096      2.3911      0.1639
  redistribute      14:   14.7994      26:   18.4867     17.5842      0.5051
    atomHalo        14:   10.8569      26:   14.5635     13.5745      0.5840
  force             70:  125.1526      14:  129.0672    125.6010      0.5633
commHalo            14:    9.6629      26:   13.3935     12.3824      0.6252
commReduce          18:    0.4711      29:    1.1573      0.9324      0.1428

---------------------------------------------------
 Average atom update rate:       2.94 us/atom/task
---------------------------------------------------


---------------------------------------------------
 Average all atom update rate:   0.03 us/atom
---------------------------------------------------


---------------------------------------------------
 Average atom rate:             32.64 atoms/us
---------------------------------------------------

Mon Dec 28 16:41:50 2015: CoMD Ending

real 148.58
user 3521.11
sys 39.34
