Mon Dec 28 16:51:43 2015: Starting Initialization


Mini-Application Name    : CoMD-mpi
Mini-Application Version : 1.1
Platform:
  hostname: test-c16595bc-1016-4b8b-bbe3-01bc27f9c84c.novalocal
  kernel name: 'Linux'
  kernel release: '3.10.0-229.4.2.el7.x86_64'
  processor: 'x86_64'
Build:
  CC: '/usr/lib64/mpich/bin/mpicc'
  compiler version: 'cc (GCC) 4.8.3 20140911 (Red Hat 4.8.3-9)'
  CFLAGS: '-std=c99 -DDOUBLE -DDO_MPI -g -O5   '
  LDFLAGS: ' -lm '
  using MPI: true
  Threading: none
  Double Precision: true
Run Date/Time: 2015-12-28, 16:51:43

Command Line Parameters:
  doeam: 0
  potDir: pots
  potName: Cu_u6.eam
  potType: funcfl
  nx: 288
  ny: 288
  nz: 288
  xproc: 4
  yproc: 8
  zproc: 6
  Lattice constant: -1 Angstroms
  nSteps: 100
  printRate: 10
  Time step: 1 fs
  Initial Temperature: 600 K
  Initial Delta: 0 Angstroms

Simulation data: 
  Total atoms        : 95551488
  Min global bounds  : [   0.0000000000,   0.0000000000,   0.0000000000 ]
  Max global bounds  : [ 1041.1200000000, 1041.1200000000, 1041.1200000000 ]

Decomposition data: 
  Processors         :      4,     8,     6
  Local boxes        :     44,    22,    29 =    28072
  Box size           : [   5.9154545455,   5.9154545455,   5.9834482759 ]
  Box factor         : [   1.0221087768,   1.0221087768,   1.0338571535 ] 
  Max Link Cell Occupancy: 32 of 64

Potential data: 
  Potential type   : Lennard-Jones
  Species name     : Cu
  Atomic number    : 29
  Mass             : 63.55 amu
  Lattice Type     : FCC
  Lattice spacing  : 3.615 Angstroms
  Cutoff           : 5.7875 Angstroms
  Epsilon          : 0.167 eV
  Sigma            : 2.315 Angstroms

Memory data: 
  Intrinsic atom footprint =   88 B/atom 
  Total atom footprint     = -173.000 MB ( 41.77 MB/node)
  Link cell atom footprint = 150.777 MB/node
  Link cell atom footprint = 183.820 MB/node (including halo cell data


Initial energy : -1.166063303635, atom count : 95551488 

Mon Dec 28 16:51:45 2015: Initialization Finished

Mon Dec 28 16:51:45 2015: Starting simulation

#                                                                                         Performance
#  Loop   Time(fs)       Total Energy   Potential Energy     Kinetic Energy  Temperature   (us/atom)     # Atoms
      0       0.00    -1.166063303635    -1.243619295235     0.077555991600     600.0000     0.0000     95551488
     10      10.00    -1.166059650944    -1.233155048472     0.067095397528     519.0732     3.2455     95551488
     20      20.00    -1.166048430775    -1.208174729585     0.042126298809     325.9036     3.2357     95551488
     30      30.00    -1.166037581189    -1.186579920198     0.020542339009     158.9226     3.1687     95551488
     40      40.00    -1.166042096032    -1.183631183934     0.017589087902     136.0753     3.3462     95551488
     50      50.00    -1.166051689718    -1.193724708926     0.027673019208     214.0881     3.2088     95551488
     60      60.00    -1.166054644990    -1.202665414756     0.036610769766     283.2336     3.1700     95551488
     70      70.00    -1.166052134677    -1.204904461803     0.038852327126     300.5751     3.2370     95551488
     80      80.00    -1.166048795413    -1.203624981534     0.037576186121     290.7024     3.4352     95551488
     90      90.00    -1.166048005239    -1.203815131967     0.037767126727     292.1796     3.1904     95551488
    100     100.00    -1.166049792301    -1.206861213530     0.040811421230     315.7313     3.3558     95551488
Mon Dec 28 16:54:28 2015: Ending simulation



Simulation Validation:
  Initial energy  : -1.166063303635
  Final energy    : -1.166049792301
  eFinal/eInitial : 0.999988
  Final atom count : 95551488, no atoms lost


Timings for Rank 0
        Timer        # Calls    Avg/Call (s)   Total (s)    % Loop
___________________________________________________________________
total                      1     164.7548      164.7548      101.57
loop                       1     162.2153      162.2153      100.00
timestep                  10      16.2205      162.2054       99.99
  position               100       0.0111        1.1134        0.69
  velocity               200       0.0104        2.0761        1.28
  redistribute           101       0.3189       32.2129       19.86
    atomHalo             101       0.2810       28.3852       17.50
  force                  101       1.2433      125.5697       77.41
commHalo                 303       0.0899       27.2269       16.78
commReduce                39       0.0825        3.2184        1.98

Timing Statistics Across 192 Ranks:
        Timer        Rank: Min(s)       Rank: Max(s)      Avg(s)    Stdev(s)
_____________________________________________________________________________
total              108:  164.6891      72:  164.7548    164.7413      0.0178
loop                 3:  162.2152     121:  162.2153    162.2152      0.0000
timestep           158:  162.1947     142:  162.2139    162.2057      0.0010
  position          74:    1.0072     111:    1.4689      1.1337      0.0602
  velocity          10:    1.6270     111:    2.3834      1.8896      0.1153
  redistribute     111:   28.5226      10:   33.4043     32.2598      0.7222
    atomHalo       111:   23.7973      10:   29.7378     28.4208      0.8326
  force              1:  124.5300     167:  129.1696    125.3033      0.7810
commHalo           111:   22.1441      10:   28.6608     27.2701      0.9234
commReduce         167:    2.4968     185:    3.9485      3.6035      0.2157

---------------------------------------------------
 Average atom update rate:       3.26 us/atom/task
---------------------------------------------------


---------------------------------------------------
 Average all atom update rate:   0.02 us/atom
---------------------------------------------------


---------------------------------------------------
 Average atom rate:             58.91 atoms/us
---------------------------------------------------

Mon Dec 28 16:54:28 2015: CoMD Ending

real 164.99
user 3842.27
sys 109.57
