Mon Dec 28 17:45:15 2015: Starting Initialization


Mini-Application Name    : CoMD-mpi
Mini-Application Version : 1.1
Platform:
  hostname: test-c16595bc-1016-4b8b-bbe3-01bc27f9c84c.novalocal
  kernel name: 'Linux'
  kernel release: '3.10.0-229.4.2.el7.x86_64'
  processor: 'x86_64'
Build:
  CC: '/usr/lib64/mpich/bin/mpicc'
  compiler version: 'cc (GCC) 4.8.3 20140911 (Red Hat 4.8.3-9)'
  CFLAGS: '-std=c99 -DDOUBLE -DDO_MPI -g -O5   '
  LDFLAGS: ' -lm '
  using MPI: true
  Threading: none
  Double Precision: true
Run Date/Time: 2015-12-28, 17:45:15

Command Line Parameters:
  doeam: 0
  potDir: pots
  potName: Cu_u6.eam
  potType: funcfl
  nx: 576
  ny: 288
  nz: 288
  xproc: 8
  yproc: 8
  zproc: 6
  Lattice constant: -1 Angstroms
  nSteps: 100
  printRate: 10
  Time step: 1 fs
  Initial Temperature: 600 K
  Initial Delta: 0 Angstroms

Simulation data: 
  Total atoms        : 191102976
  Min global bounds  : [   0.0000000000,   0.0000000000,   0.0000000000 ]
  Max global bounds  : [ 2082.2400000000, 1041.1200000000, 1041.1200000000 ]

Decomposition data: 
  Processors         :      8,     8,     6
  Local boxes        :     44,    22,    29 =    28072
  Box size           : [   5.9154545455,   5.9154545455,   5.9834482759 ]
  Box factor         : [   1.0221087768,   1.0221087768,   1.0338571535 ] 
  Max Link Cell Occupancy: 32 of 64

Potential data: 
  Potential type   : Lennard-Jones
  Species name     : Cu
  Atomic number    : 29
  Mass             : 63.55 amu
  Lattice Type     : FCC
  Lattice spacing  : 3.615 Angstroms
  Cutoff           : 5.7875 Angstroms
  Epsilon          : 0.167 eV
  Sigma            : 2.315 Angstroms

Memory data: 
  Intrinsic atom footprint =   88 B/atom 
  Total atom footprint     = -346.000 MB ( 41.77 MB/node)
  Link cell atom footprint = 150.777 MB/node
  Link cell atom footprint = 183.820 MB/node (including halo cell data


Initial energy : -1.166063303635, atom count : 191102976 

Mon Dec 28 17:45:17 2015: Initialization Finished

Mon Dec 28 17:45:17 2015: Starting simulation

#                                                                                         Performance
#  Loop   Time(fs)       Total Energy   Potential Energy     Kinetic Energy  Temperature   (us/atom)     # Atoms
      0       0.00    -1.166063303635    -1.243619295235     0.077555991600     600.0000     0.0000    191102976
     10      10.00    -1.166059650602    -1.233154651512     0.067095000910     519.0702     3.2409    191102976
     20      20.00    -1.166048429207    -1.208173529549     0.042125100342     325.8944     3.3835    191102976
     30      30.00    -1.166037579478    -1.186579219108     0.020541639630     158.9172     3.3824    191102976
     40      40.00    -1.166042096597    -1.183632459803     0.017590363206     136.0851     3.3337    191102976
     50      50.00    -1.166051690423    -1.193726530690     0.027674840267     214.1021     3.3436    191102976
     60      60.00    -1.166054644204    -1.202665951990     0.036611307786     283.2378     3.3767    191102976
     70      70.00    -1.166052132921    -1.204903766985     0.038851634064     300.5697     3.4258    191102976
     80      80.00    -1.166048794316    -1.203624406040     0.037575611724     290.6979     3.3044    191102976
     90      90.00    -1.166048004903    -1.203815558312     0.037767553409     292.1829     3.3438    191102976
    100     100.00    -1.166049792314    -1.206862591607     0.040812799293     315.7419     3.1677    191102976
Mon Dec 28 17:48:03 2015: Ending simulation



Simulation Validation:
  Initial energy  : -1.166063303635
  Final energy    : -1.166049792314
  eFinal/eInitial : 0.999988
  Final atom count : 191102976, no atoms lost


Timings for Rank 0
        Timer        # Calls    Avg/Call (s)   Total (s)    % Loop
___________________________________________________________________
total                      1     168.2942      168.2942      101.54
loop                       1     165.7371      165.7371      100.00
timestep                  10      16.5735      165.7347      100.00
  position               100       0.0122        1.2215        0.74
  velocity               200       0.0086        1.7263        1.04
  redistribute           101       0.3567       36.0259       21.74
    atomHalo             101       0.3188       32.1966       19.43
  force                  101       1.2372      124.9551       75.39
commHalo                 303       0.1026       31.0875       18.76
commReduce                39       0.0972        3.7916        2.29

Timing Statistics Across 384 Ranks:
        Timer        Rank: Min(s)       Rank: Max(s)      Avg(s)    Stdev(s)
_____________________________________________________________________________
total              177:  168.2723     133:  168.3215    168.3029      0.0140
loop                 5:  165.7370     216:  165.7371    165.7370      0.0000
timestep             0:  165.7347     249:  165.7355    165.7352      0.0002
  position          97:    0.9642     360:    1.4874      1.1364      0.0678
  velocity           8:    1.5889     325:    2.4278      1.9610      0.1349
  redistribute     311:   31.2792       8:   36.2840     34.9966      0.7592
    atomHalo       311:   26.7398       8:   32.6757     31.2102      0.8657
  force            197:  124.6012     311:  129.9875    125.3767      0.7685
commHalo           311:   25.0966       8:   31.6001     30.0359      0.9435
commReduce           7:    2.9471     107:    4.9462      4.2658      0.3123

---------------------------------------------------
 Average atom update rate:       3.33 us/atom/task
---------------------------------------------------


---------------------------------------------------
 Average all atom update rate:   0.01 us/atom
---------------------------------------------------


---------------------------------------------------
 Average atom rate:            115.31 atoms/us
---------------------------------------------------

Mon Dec 28 17:48:03 2015: CoMD Ending

real 168.57
user 3919.63
sys 118.88
