Mon Dec 28 18:02:00 2015: Starting Initialization


Mini-Application Name    : CoMD-mpi
Mini-Application Version : 1.1
Platform:
  hostname: test-c16595bc-1016-4b8b-bbe3-01bc27f9c84c.novalocal
  kernel name: 'Linux'
  kernel release: '3.10.0-229.4.2.el7.x86_64'
  processor: 'x86_64'
Build:
  CC: '/usr/lib64/mpich/bin/mpicc'
  compiler version: 'cc (GCC) 4.8.3 20140911 (Red Hat 4.8.3-9)'
  CFLAGS: '-std=c99 -DDOUBLE -DDO_MPI -g -O5   '
  LDFLAGS: ' -lm '
  using MPI: true
  Threading: none
  Double Precision: true
Run Date/Time: 2015-12-28, 18:02:00

Command Line Parameters:
  doeam: 0
  potDir: pots
  potName: Cu_u6.eam
  potType: funcfl
  nx: 576
  ny: 576
  nz: 288
  xproc: 8
  yproc: 8
  zproc: 12
  Lattice constant: -1 Angstroms
  nSteps: 100
  printRate: 10
  Time step: 1 fs
  Initial Temperature: 600 K
  Initial Delta: 0 Angstroms

Simulation data: 
  Total atoms        : 382205952
  Min global bounds  : [   0.0000000000,   0.0000000000,   0.0000000000 ]
  Max global bounds  : [ 2082.2400000000, 2082.2400000000, 1041.1200000000 ]

Decomposition data: 
  Processors         :      8,     8,    12
  Local boxes        :     44,    44,    14 =    27104
  Box size           : [   5.9154545455,   5.9154545455,   6.1971428571 ]
  Box factor         : [   1.0221087768,   1.0221087768,   1.0707806233 ] 
  Max Link Cell Occupancy: 32 of 64

Potential data: 
  Potential type   : Lennard-Jones
  Species name     : Cu
  Atomic number    : 29
  Mass             : 63.55 amu
  Lattice Type     : FCC
  Lattice spacing  : 3.615 Angstroms
  Cutoff           : 5.7875 Angstroms
  Epsilon          : 0.167 eV
  Sigma            : 2.315 Angstroms

Memory data: 
  Intrinsic atom footprint =   88 B/atom 
  Total atom footprint     = -692.000 MB ( 41.77 MB/node)
  Link cell atom footprint = 145.578 MB/node
  Link cell atom footprint = 181.844 MB/node (including halo cell data


Initial energy : -1.166063303630, atom count : 382205952 

Mon Dec 28 18:02:02 2015: Initialization Finished

Mon Dec 28 18:02:02 2015: Starting simulation

#                                                                                         Performance
#  Loop   Time(fs)       Total Energy   Potential Energy     Kinetic Energy  Temperature   (us/atom)     # Atoms
      0       0.00    -1.166063303630    -1.243619295230     0.077555991600     600.0000     0.0000    382205952
     10      10.00    -1.166059648057    -1.233153833965     0.067094185908     519.0638     3.2199    382205952
     20      20.00    -1.166048424452    -1.208173088374     0.042124663922     325.8910     3.1956    382205952
     30      30.00    -1.166037576531    -1.186582597028     0.020545020496     158.9434     3.3602    382205952
     40      40.00    -1.166042094589    -1.183640748616     0.017598654027     136.1493     3.2441    382205952
     50      50.00    -1.166051690711    -1.193738808319     0.027687117608     214.1971     3.1643    382205952
     60      60.00    -1.166054646042    -1.202678133927     0.036623487885     283.3320     3.1898    382205952
     70      70.00    -1.166052132368    -1.204910124428     0.038857992060     300.6189     3.1313    382205952
     80      80.00    -1.166048789533    -1.203623187750     0.037574398217     290.6886     3.2270    382205952
     90      90.00    -1.166047997524    -1.203812115126     0.037764117602     292.1563     3.2938    382205952
    100     100.00    -1.166049788647    -1.206865872056     0.040816083408     315.7674     3.3314    382205952
Mon Dec 28 18:04:43 2015: Ending simulation



Simulation Validation:
  Initial energy  : -1.166063303630
  Final energy    : -1.166049788647
  eFinal/eInitial : 0.999988
  Final atom count : 382205952, no atoms lost


Timings for Rank 0
        Timer        # Calls    Avg/Call (s)   Total (s)    % Loop
___________________________________________________________________
total                      1     163.4239      163.4239      101.48
loop                       1     161.0340      161.0340      100.00
timestep                  10      16.1031      161.0312      100.00
  position               100       0.0094        0.9357        0.58
  velocity               200       0.0076        1.5143        0.94
  redistribute           101       0.3159       31.9096       19.82
    atomHalo             101       0.2799       28.2695       17.55
  force                  101       1.2549      126.7404       78.70
commHalo                 303       0.0891       27.0110       16.77
commReduce                39       0.0442        1.7232        1.07

Timing Statistics Across 768 Ranks:
        Timer        Rank: Min(s)       Rank: Max(s)      Avg(s)    Stdev(s)
_____________________________________________________________________________
total               84:  163.3657       2:  163.4377    163.4195      0.0196
loop                17:  161.0336     480:  161.0340    161.0338      0.0001
timestep            23:  161.0303     488:  161.0319    161.0311      0.0004
  position          44:    0.7329     155:    1.5332      0.9635      0.0810
  velocity          44:    1.2102     155:    2.6986      1.6368      0.1652
  redistribute     658:   25.2848      44:   32.3520     30.2164      0.9262
    atomHalo       359:   20.2305      44:   28.9876     26.5816      1.0742
  force             44:  126.4065     658:  131.8479    127.0782      0.7691
commHalo           359:   18.1863      44:   27.7438     25.2657      1.1732
commReduce          32:    1.6634     507:    3.8757      2.9295      0.4407

---------------------------------------------------
 Average atom update rate:       3.24 us/atom/task
---------------------------------------------------


---------------------------------------------------
 Average all atom update rate:   0.00 us/atom
---------------------------------------------------


---------------------------------------------------
 Average atom rate:            237.35 atoms/us
---------------------------------------------------

Mon Dec 28 18:04:43 2015: CoMD Ending

real 163.75
user 3827.40
sys 93.60
