Mon Dec 28 17:28:16 2015: Starting Initialization


Mini-Application Name    : CoMD-mpi
Mini-Application Version : 1.1
Platform:
  hostname: test-c16595bc-1016-4b8b-bbe3-01bc27f9c84c.novalocal
  kernel name: 'Linux'
  kernel release: '3.10.0-229.4.2.el7.x86_64'
  processor: 'x86_64'
Build:
  CC: '/usr/lib64/mpich/bin/mpicc'
  compiler version: 'cc (GCC) 4.8.3 20140911 (Red Hat 4.8.3-9)'
  CFLAGS: '-std=c99 -DDOUBLE -DDO_MPI -g -O5   '
  LDFLAGS: ' -lm '
  using MPI: true
  Threading: none
  Double Precision: true
Run Date/Time: 2015-12-28, 17:28:16

Command Line Parameters:
  doeam: 0
  potDir: pots
  potName: Cu_u6.eam
  potType: funcfl
  nx: 576
  ny: 288
  nz: 288
  xproc: 8
  yproc: 8
  zproc: 6
  Lattice constant: -1 Angstroms
  nSteps: 100
  printRate: 10
  Time step: 1 fs
  Initial Temperature: 600 K
  Initial Delta: 0 Angstroms

Simulation data: 
  Total atoms        : 191102976
  Min global bounds  : [   0.0000000000,   0.0000000000,   0.0000000000 ]
  Max global bounds  : [ 2082.2400000000, 1041.1200000000, 1041.1200000000 ]

Decomposition data: 
  Processors         :      8,     8,     6
  Local boxes        :     44,    22,    29 =    28072
  Box size           : [   5.9154545455,   5.9154545455,   5.9834482759 ]
  Box factor         : [   1.0221087768,   1.0221087768,   1.0338571535 ] 
  Max Link Cell Occupancy: 32 of 64

Potential data: 
  Potential type   : Lennard-Jones
  Species name     : Cu
  Atomic number    : 29
  Mass             : 63.55 amu
  Lattice Type     : FCC
  Lattice spacing  : 3.615 Angstroms
  Cutoff           : 5.7875 Angstroms
  Epsilon          : 0.167 eV
  Sigma            : 2.315 Angstroms

Memory data: 
  Intrinsic atom footprint =   88 B/atom 
  Total atom footprint     = -346.000 MB ( 41.77 MB/node)
  Link cell atom footprint = 150.777 MB/node
  Link cell atom footprint = 183.820 MB/node (including halo cell data


Initial energy : -1.166063303635, atom count : 191102976 

Mon Dec 28 17:28:18 2015: Initialization Finished

Mon Dec 28 17:28:18 2015: Starting simulation

#                                                                                         Performance
#  Loop   Time(fs)       Total Energy   Potential Energy     Kinetic Energy  Temperature   (us/atom)     # Atoms
      0       0.00    -1.166063303635    -1.243619295235     0.077555991600     600.0000     0.0000    191102976
     10      10.00    -1.166059650602    -1.233154651512     0.067095000910     519.0702     3.2442    191102976
     20      20.00    -1.166048429207    -1.208173529549     0.042125100342     325.8944     3.3161    191102976
     30      30.00    -1.166037579478    -1.186579219108     0.020541639630     158.9172     3.3345    191102976
     40      40.00    -1.166042096597    -1.183632459803     0.017590363206     136.0851     3.3469    191102976
     50      50.00    -1.166051690423    -1.193726530690     0.027674840267     214.1021     3.4467    191102976
     60      60.00    -1.166054644204    -1.202665951990     0.036611307786     283.2378     3.2155    191102976
     70      70.00    -1.166052132921    -1.204903766985     0.038851634064     300.5697     3.4260    191102976
     80      80.00    -1.166048794316    -1.203624406040     0.037575611724     290.6979     3.3013    191102976
     90      90.00    -1.166048004903    -1.203815558312     0.037767553409     292.1829     3.2784    191102976
    100     100.00    -1.166049792314    -1.206862591607     0.040812799293     315.7419     3.2215    191102976
Mon Dec 28 17:31:03 2015: Ending simulation



Simulation Validation:
  Initial energy  : -1.166063303635
  Final energy    : -1.166049792314
  eFinal/eInitial : 0.999988
  Final atom count : 191102976, no atoms lost


Timings for Rank 0
        Timer        # Calls    Avg/Call (s)   Total (s)    % Loop
___________________________________________________________________
total                      1     167.6239      167.6239      101.66
loop                       1     164.8840      164.8840      100.00
timestep                  10      16.4882      164.8820      100.00
  position               100       0.0116        1.1619        0.70
  velocity               200       0.0099        1.9736        1.20
  redistribute           101       0.3376       34.1014       20.68
    atomHalo             101       0.2991       30.2075       18.32
  force                  101       1.2428      125.5277       76.13
commHalo                 303       0.0959       29.0489       17.62
commReduce                39       0.1112        4.3374        2.63

Timing Statistics Across 384 Ranks:
        Timer        Rank: Min(s)       Rank: Max(s)      Avg(s)    Stdev(s)
_____________________________________________________________________________
total              187:  167.6101      35:  167.6489    167.6385      0.0112
loop                 6:  164.8839     272:  164.8878    164.8840      0.0002
timestep             7:  164.8817     272:  164.8861    164.8821      0.0003
  position         205:    0.9158     109:    1.6779      1.1121      0.0869
  velocity         205:    1.5096     109:    2.9215      1.9148      0.1766
  redistribute     109:   29.6031      46:   35.4164     33.9820      0.8790
    atomHalo       109:   24.4129      46:   31.8445     30.1828      1.0707
  force              4:  124.6579     295:  131.3633    125.4056      0.8499
commHalo           109:   22.6200      46:   30.7317     28.9867      1.1866
commReduce         295:    2.9599     331:    5.4308      4.6902      0.3175

---------------------------------------------------
 Average atom update rate:       3.31 us/atom/task
---------------------------------------------------


---------------------------------------------------
 Average all atom update rate:   0.01 us/atom
---------------------------------------------------


---------------------------------------------------
 Average atom rate:            115.90 atoms/us
---------------------------------------------------

Mon Dec 28 17:31:03 2015: CoMD Ending

real 167.95
user 3897.04
sys 115.46
