Mon Dec 28 17:08:28 2015: Starting Initialization


Mini-Application Name    : CoMD-mpi
Mini-Application Version : 1.1
Platform:
  hostname: test-c16595bc-1016-4b8b-bbe3-01bc27f9c84c.novalocal
  kernel name: 'Linux'
  kernel release: '3.10.0-229.4.2.el7.x86_64'
  processor: 'x86_64'
Build:
  CC: '/usr/lib64/mpich/bin/mpicc'
  compiler version: 'cc (GCC) 4.8.3 20140911 (Red Hat 4.8.3-9)'
  CFLAGS: '-std=c99 -DDOUBLE -DDO_MPI -g -O5   '
  LDFLAGS: ' -lm '
  using MPI: true
  Threading: none
  Double Precision: true
Run Date/Time: 2015-12-28, 17:08:28

Command Line Parameters:
  doeam: 0
  potDir: pots
  potName: Cu_u6.eam
  potType: funcfl
  nx: 288
  ny: 288
  nz: 288
  xproc: 4
  yproc: 8
  zproc: 6
  Lattice constant: -1 Angstroms
  nSteps: 100
  printRate: 10
  Time step: 1 fs
  Initial Temperature: 600 K
  Initial Delta: 0 Angstroms

Simulation data: 
  Total atoms        : 95551488
  Min global bounds  : [   0.0000000000,   0.0000000000,   0.0000000000 ]
  Max global bounds  : [ 1041.1200000000, 1041.1200000000, 1041.1200000000 ]

Decomposition data: 
  Processors         :      4,     8,     6
  Local boxes        :     44,    22,    29 =    28072
  Box size           : [   5.9154545455,   5.9154545455,   5.9834482759 ]
  Box factor         : [   1.0221087768,   1.0221087768,   1.0338571535 ] 
  Max Link Cell Occupancy: 32 of 64

Potential data: 
  Potential type   : Lennard-Jones
  Species name     : Cu
  Atomic number    : 29
  Mass             : 63.55 amu
  Lattice Type     : FCC
  Lattice spacing  : 3.615 Angstroms
  Cutoff           : 5.7875 Angstroms
  Epsilon          : 0.167 eV
  Sigma            : 2.315 Angstroms

Memory data: 
  Intrinsic atom footprint =   88 B/atom 
  Total atom footprint     = -173.000 MB ( 41.77 MB/node)
  Link cell atom footprint = 150.777 MB/node
  Link cell atom footprint = 183.820 MB/node (including halo cell data


Initial energy : -1.166063303635, atom count : 95551488 

Mon Dec 28 17:08:30 2015: Initialization Finished

Mon Dec 28 17:08:30 2015: Starting simulation

#                                                                                         Performance
#  Loop   Time(fs)       Total Energy   Potential Energy     Kinetic Energy  Temperature   (us/atom)     # Atoms
      0       0.00    -1.166063303635    -1.243619295235     0.077555991600     600.0000     0.0000     95551488
     10      10.00    -1.166059650944    -1.233155048472     0.067095397528     519.0732     3.2963     95551488
     20      20.00    -1.166048430775    -1.208174729585     0.042126298809     325.9036     3.2888     95551488
     30      30.00    -1.166037581189    -1.186579920198     0.020542339009     158.9226     3.2394     95551488
     40      40.00    -1.166042096032    -1.183631183934     0.017589087902     136.0753     3.5287     95551488
     50      50.00    -1.166051689718    -1.193724708926     0.027673019208     214.0881     3.1962     95551488
     60      60.00    -1.166054644990    -1.202665414756     0.036610769766     283.2336     3.1225     95551488
     70      70.00    -1.166052134677    -1.204904461803     0.038852327126     300.5751     3.8601     95551488
     80      80.00    -1.166048795413    -1.203624981534     0.037576186121     290.7024     3.3216     95551488
     90      90.00    -1.166048005239    -1.203815131967     0.037767126727     292.1796     3.1698     95551488
    100     100.00    -1.166049792301    -1.206861213530     0.040811421230     315.7313     3.1411     95551488
Mon Dec 28 17:11:15 2015: Ending simulation



Simulation Validation:
  Initial energy  : -1.166063303635
  Final energy    : -1.166049792301
  eFinal/eInitial : 0.999988
  Final atom count : 95551488, no atoms lost


Timings for Rank 0
        Timer        # Calls    Avg/Call (s)   Total (s)    % Loop
___________________________________________________________________
total                      1     167.4726      167.4726      101.46
loop                       1     165.0563      165.0563      100.00
timestep                  10      16.5048      165.0479       99.99
  position               100       0.0104        1.0378        0.63
  velocity               200       0.0093        1.8519        1.12
  redistribute           101       0.3501       35.3629       21.42
    atomHalo             101       0.3128       31.5882       19.14
  force                  101       1.2366      124.8990       75.67
commHalo                 303       0.1004       30.4279       18.43
commReduce                39       0.0975        3.8036        2.30

Timing Statistics Across 192 Ranks:
        Timer        Rank: Min(s)       Rank: Max(s)      Avg(s)    Stdev(s)
_____________________________________________________________________________
total              117:  167.4563      72:  167.4727    167.4704      0.0044
loop                 5:  165.0561      57:  165.0563    165.0562      0.0000
timestep            72:  165.0402     104:  165.0548    165.0483      0.0008
  position           0:    1.0378      28:    1.2983      1.1658      0.0539
  velocity         120:    1.6542      36:    2.2460      1.9556      0.1193
  redistribute      78:   30.4389      43:   35.8414     34.4512      0.8351
    atomHalo        78:   26.4503      43:   31.9755     30.5497      0.8774
  force              1:  124.5693      86:  129.3864    125.3971      0.8243
commHalo            78:   25.3314      43:   30.8611     29.4047      0.9199
commReduce         154:    2.9629     174:    4.7698      3.9826      0.4190

---------------------------------------------------
 Average atom update rate:       3.32 us/atom/task
---------------------------------------------------


---------------------------------------------------
 Average all atom update rate:   0.02 us/atom
---------------------------------------------------


---------------------------------------------------
 Average atom rate:             57.89 atoms/us
---------------------------------------------------

Mon Dec 28 17:11:15 2015: CoMD Ending

real 167.68
user 3878.74
sys 114.67
