Mon Dec 28 18:13:08 2015: Starting Initialization


Mini-Application Name    : CoMD-mpi
Mini-Application Version : 1.1
Platform:
  hostname: test-c16595bc-1016-4b8b-bbe3-01bc27f9c84c.novalocal
  kernel name: 'Linux'
  kernel release: '3.10.0-229.4.2.el7.x86_64'
  processor: 'x86_64'
Build:
  CC: '/usr/lib64/mpich/bin/mpicc'
  compiler version: 'cc (GCC) 4.8.3 20140911 (Red Hat 4.8.3-9)'
  CFLAGS: '-std=c99 -DDOUBLE -DDO_MPI -g -O5   '
  LDFLAGS: ' -lm '
  using MPI: true
  Threading: none
  Double Precision: true
Run Date/Time: 2015-12-28, 18:13:08

Command Line Parameters:
  doeam: 0
  potDir: pots
  potName: Cu_u6.eam
  potType: funcfl
  nx: 576
  ny: 576
  nz: 288
  xproc: 8
  yproc: 8
  zproc: 12
  Lattice constant: -1 Angstroms
  nSteps: 100
  printRate: 10
  Time step: 1 fs
  Initial Temperature: 600 K
  Initial Delta: 0 Angstroms

Simulation data: 
  Total atoms        : 382205952
  Min global bounds  : [   0.0000000000,   0.0000000000,   0.0000000000 ]
  Max global bounds  : [ 2082.2400000000, 2082.2400000000, 1041.1200000000 ]

Decomposition data: 
  Processors         :      8,     8,    12
  Local boxes        :     44,    44,    14 =    27104
  Box size           : [   5.9154545455,   5.9154545455,   6.1971428571 ]
  Box factor         : [   1.0221087768,   1.0221087768,   1.0707806233 ] 
  Max Link Cell Occupancy: 32 of 64

Potential data: 
  Potential type   : Lennard-Jones
  Species name     : Cu
  Atomic number    : 29
  Mass             : 63.55 amu
  Lattice Type     : FCC
  Lattice spacing  : 3.615 Angstroms
  Cutoff           : 5.7875 Angstroms
  Epsilon          : 0.167 eV
  Sigma            : 2.315 Angstroms

Memory data: 
  Intrinsic atom footprint =   88 B/atom 
  Total atom footprint     = -692.000 MB ( 41.77 MB/node)
  Link cell atom footprint = 145.578 MB/node
  Link cell atom footprint = 181.844 MB/node (including halo cell data


Initial energy : -1.166063303630, atom count : 382205952 

Mon Dec 28 18:13:11 2015: Initialization Finished

Mon Dec 28 18:13:11 2015: Starting simulation

#                                                                                         Performance
#  Loop   Time(fs)       Total Energy   Potential Energy     Kinetic Energy  Temperature   (us/atom)     # Atoms
      0       0.00    -1.166063303630    -1.243619295230     0.077555991600     600.0000     0.0000    382205952
     10      10.00    -1.166059648057    -1.233153833965     0.067094185908     519.0638     3.1528    382205952
     20      20.00    -1.166048424452    -1.208173088374     0.042124663922     325.8910     3.3924    382205952
     30      30.00    -1.166037576531    -1.186582597028     0.020545020496     158.9434     3.3747    382205952
     40      40.00    -1.166042094589    -1.183640748616     0.017598654027     136.1493     3.2586    382205952
     50      50.00    -1.166051690711    -1.193738808319     0.027687117608     214.1971     3.1907    382205952
     60      60.00    -1.166054646042    -1.202678133927     0.036623487885     283.3320     3.3020    382205952
     70      70.00    -1.166052132368    -1.204910124428     0.038857992060     300.6189     3.4093    382205952
     80      80.00    -1.166048789533    -1.203623187750     0.037574398217     290.6886     3.4767    382205952
     90      90.00    -1.166047997524    -1.203812115126     0.037764117602     292.1563     3.4049    382205952
    100     100.00    -1.166049788647    -1.206865872056     0.040816083408     315.7674     3.2220    382205952
Mon Dec 28 18:15:56 2015: Ending simulation



Simulation Validation:
  Initial energy  : -1.166063303630
  Final energy    : -1.166049788647
  eFinal/eInitial : 0.999988
  Final atom count : 382205952, no atoms lost


Timings for Rank 0
        Timer        # Calls    Avg/Call (s)   Total (s)    % Loop
___________________________________________________________________
total                      1     167.8133      167.8133      101.61
loop                       1     165.1508      165.1508      100.00
timestep                  10      16.5146      165.1456      100.00
  position               100       0.0110        1.1019        0.67
  velocity               200       0.0106        2.1245        1.29
  redistribute           101       0.3269       33.0127       19.99
    atomHalo             101       0.2877       29.0535       17.59
  force                  101       1.2637      127.6291       77.28
commHalo                 303       0.0906       27.4618       16.63
commReduce                39       0.0863        3.3666        2.04

Timing Statistics Across 768 Ranks:
        Timer        Rank: Min(s)       Rank: Max(s)      Avg(s)    Stdev(s)
_____________________________________________________________________________
total              559:  167.7602     677:  167.8140    167.8009      0.0161
loop                23:  165.1506     745:  165.1510    165.1508      0.0001
timestep           432:  165.1449     496:  165.1481    165.1460      0.0003
  position         614:    0.6866     354:    1.4950      0.9669      0.0759
  velocity         198:    1.1405     354:    2.8756      1.6454      0.1568
  redistribute     354:   27.2143     119:   35.5859     33.2383      0.9901
    atomHalo       354:   21.9149     119:   32.0789     29.5915      1.1128
  force            646:  126.3340      71:  132.5877    127.1004      0.7958
commHalo           354:   19.6454     646:   30.8431     28.2757      1.1928
commReduce          71:    2.2846     442:    5.5775      4.2844      0.6307

---------------------------------------------------
 Average atom update rate:       3.32 us/atom/task
---------------------------------------------------


---------------------------------------------------
 Average all atom update rate:   0.00 us/atom
---------------------------------------------------


---------------------------------------------------
 Average atom rate:            231.44 atoms/us
---------------------------------------------------

Mon Dec 28 18:15:56 2015: CoMD Ending

real 168.13
user 3922.90
sys 103.76
