Mon Dec 28 16:10:10 2015: Starting Initialization


Mini-Application Name    : CoMD-mpi
Mini-Application Version : 1.1
Platform:
  hostname: test-c16595bc-1016-4b8b-bbe3-01bc27f9c84c.novalocal
  kernel name: 'Linux'
  kernel release: '3.10.0-229.4.2.el7.x86_64'
  processor: 'x86_64'
Build:
  CC: '/usr/lib64/mpich/bin/mpicc'
  compiler version: 'cc (GCC) 4.8.3 20140911 (Red Hat 4.8.3-9)'
  CFLAGS: '-std=c99 -DDOUBLE -DDO_MPI -g -O5   '
  LDFLAGS: ' -lm '
  using MPI: true
  Threading: none
  Double Precision: true
Run Date/Time: 2015-12-28, 16:10:10

Command Line Parameters:
  doeam: 0
  potDir: pots
  potName: Cu_u6.eam
  potType: funcfl
  nx: 288
  ny: 144
  nz: 144
  xproc: 4
  yproc: 4
  zproc: 3
  Lattice constant: -1 Angstroms
  nSteps: 100
  printRate: 10
  Time step: 1 fs
  Initial Temperature: 600 K
  Initial Delta: 0 Angstroms

Simulation data: 
  Total atoms        : 23887872
  Min global bounds  : [   0.0000000000,   0.0000000000,   0.0000000000 ]
  Max global bounds  : [ 1041.1200000000, 520.5600000000, 520.5600000000 ]

Decomposition data: 
  Processors         :      4,     4,     3
  Local boxes        :     44,    22,    29 =    28072
  Box size           : [   5.9154545455,   5.9154545455,   5.9834482759 ]
  Box factor         : [   1.0221087768,   1.0221087768,   1.0338571535 ] 
  Max Link Cell Occupancy: 32 of 64

Potential data: 
  Potential type   : Lennard-Jones
  Species name     : Cu
  Atomic number    : 29
  Mass             : 63.55 amu
  Lattice Type     : FCC
  Lattice spacing  : 3.615 Angstroms
  Cutoff           : 5.7875 Angstroms
  Epsilon          : 0.167 eV
  Sigma            : 2.315 Angstroms

Memory data: 
  Intrinsic atom footprint =   88 B/atom 
  Total atom footprint     = 2004.750 MB ( 41.77 MB/node)
  Link cell atom footprint = 150.777 MB/node
  Link cell atom footprint = 183.820 MB/node (including halo cell data


Initial energy : -1.166063303635, atom count : 23887872 

Mon Dec 28 16:10:12 2015: Initialization Finished

Mon Dec 28 16:10:12 2015: Starting simulation

#                                                                                         Performance
#  Loop   Time(fs)       Total Energy   Potential Energy     Kinetic Energy  Temperature   (us/atom)     # Atoms
      0       0.00    -1.166063303635    -1.243619295235     0.077555991600     600.0000     0.0000     23887872
     10      10.00    -1.166059648926    -1.233156469342     0.067096820416     519.0842     2.8097     23887872
     20      20.00    -1.166048432327    -1.208180661376     0.042132229049     325.9495     2.8453     23887872
     30      30.00    -1.166037586321    -1.186587816413     0.020550230092     158.9837     2.8432     23887872
     40      40.00    -1.166042094457    -1.183634412875     0.017592318418     136.1003     2.8994     23887872
     50      50.00    -1.166051686250    -1.193724607851     0.027672921601     214.0873     2.8375     23887872
     60      60.00    -1.166054643092    -1.202667642611     0.036612999519     283.2508     2.9002     23887872
     70      70.00    -1.166052134605    -1.204912539995     0.038860405391     300.6375     2.8366     23887872
     80      80.00    -1.166048796113    -1.203639355020     0.037590558908     290.8136     2.8387     23887872
     90      90.00    -1.166048008331    -1.203833297592     0.037785289261     292.3201     2.8374     23887872
    100     100.00    -1.166049796301    -1.206878414776     0.040828618475     315.8643     2.9448     23887872
Mon Dec 28 16:12:34 2015: Ending simulation



Simulation Validation:
  Initial energy  : -1.166063303635
  Final energy    : -1.166049796301
  eFinal/eInitial : 0.999988
  Final atom count : 23887872, no atoms lost


Timings for Rank 0
        Timer        # Calls    Avg/Call (s)   Total (s)    % Loop
___________________________________________________________________
total                      1     144.2890      144.2890      101.40
loop                       1     142.2971      142.2971      100.00
timestep                  10      14.2295      142.2954      100.00
  position               100       0.0160        1.6049        1.13
  velocity               200       0.0164        3.2884        2.31
  redistribute           101       0.1241       12.5312        8.81
    atomHalo             101       0.0782        7.9026        5.55
  force                  101       1.2480      126.0522       88.58
commHalo                 303       0.0216        6.5303        4.59
commReduce                39       0.0070        0.2746        0.19

Timing Statistics Across 48 Ranks:
        Timer        Rank: Min(s)       Rank: Max(s)      Avg(s)    Stdev(s)
_____________________________________________________________________________
total               10:  144.2650      11:  144.3235    144.3049      0.0190
loop                 0:  142.2971      23:  142.2972    142.2971      0.0001
timestep             0:  142.2954      15:  142.2966    142.2962      0.0004
  position          32:    1.0001      14:    1.8622      1.5553      0.2110
  velocity           6:    2.0785       0:    3.2884      2.8390      0.3067
  redistribute      32:   11.5149       6:   14.6088     13.0843      0.7643
    atomHalo        32:    6.1732       6:   10.8424      8.8357      1.0985
  force              6:  125.0720      32:  128.3700    125.8702      0.5575
commHalo            32:    4.2668       6:    9.6786      7.5781      1.1371
commReduce          32:    0.0090       6:    0.6040      0.3897      0.1179

---------------------------------------------------
 Average atom update rate:       2.86 us/atom/task
---------------------------------------------------


---------------------------------------------------
 Average all atom update rate:   0.06 us/atom
---------------------------------------------------


---------------------------------------------------
 Average atom rate:             16.79 atoms/us
---------------------------------------------------

Mon Dec 28 16:12:34 2015: CoMD Ending

real 144.46
user 3431.23
sys 28.84
