Mon Dec 28 17:25:23 2015: Starting Initialization


Mini-Application Name    : CoMD-mpi
Mini-Application Version : 1.1
Platform:
  hostname: test-c16595bc-1016-4b8b-bbe3-01bc27f9c84c.novalocal
  kernel name: 'Linux'
  kernel release: '3.10.0-229.4.2.el7.x86_64'
  processor: 'x86_64'
Build:
  CC: '/usr/lib64/mpich/bin/mpicc'
  compiler version: 'cc (GCC) 4.8.3 20140911 (Red Hat 4.8.3-9)'
  CFLAGS: '-std=c99 -DDOUBLE -DDO_MPI -g -O5   '
  LDFLAGS: ' -lm '
  using MPI: true
  Threading: none
  Double Precision: true
Run Date/Time: 2015-12-28, 17:25:23

Command Line Parameters:
  doeam: 0
  potDir: pots
  potName: Cu_u6.eam
  potType: funcfl
  nx: 576
  ny: 288
  nz: 288
  xproc: 8
  yproc: 8
  zproc: 6
  Lattice constant: -1 Angstroms
  nSteps: 100
  printRate: 10
  Time step: 1 fs
  Initial Temperature: 600 K
  Initial Delta: 0 Angstroms

Simulation data: 
  Total atoms        : 191102976
  Min global bounds  : [   0.0000000000,   0.0000000000,   0.0000000000 ]
  Max global bounds  : [ 2082.2400000000, 1041.1200000000, 1041.1200000000 ]

Decomposition data: 
  Processors         :      8,     8,     6
  Local boxes        :     44,    22,    29 =    28072
  Box size           : [   5.9154545455,   5.9154545455,   5.9834482759 ]
  Box factor         : [   1.0221087768,   1.0221087768,   1.0338571535 ] 
  Max Link Cell Occupancy: 32 of 64

Potential data: 
  Potential type   : Lennard-Jones
  Species name     : Cu
  Atomic number    : 29
  Mass             : 63.55 amu
  Lattice Type     : FCC
  Lattice spacing  : 3.615 Angstroms
  Cutoff           : 5.7875 Angstroms
  Epsilon          : 0.167 eV
  Sigma            : 2.315 Angstroms

Memory data: 
  Intrinsic atom footprint =   88 B/atom 
  Total atom footprint     = -346.000 MB ( 41.77 MB/node)
  Link cell atom footprint = 150.777 MB/node
  Link cell atom footprint = 183.820 MB/node (including halo cell data


Initial energy : -1.166063303635, atom count : 191102976 

Mon Dec 28 17:25:25 2015: Initialization Finished

Mon Dec 28 17:25:25 2015: Starting simulation

#                                                                                         Performance
#  Loop   Time(fs)       Total Energy   Potential Energy     Kinetic Energy  Temperature   (us/atom)     # Atoms
      0       0.00    -1.166063303635    -1.243619295235     0.077555991600     600.0000     0.0000    191102976
     10      10.00    -1.166059650602    -1.233154651512     0.067095000910     519.0702     3.3387    191102976
     20      20.00    -1.166048429207    -1.208173529549     0.042125100342     325.8944     3.3416    191102976
     30      30.00    -1.166037579478    -1.186579219108     0.020541639630     158.9172     3.3572    191102976
     40      40.00    -1.166042096597    -1.183632459803     0.017590363206     136.0851     3.4501    191102976
     50      50.00    -1.166051690423    -1.193726530690     0.027674840267     214.1021     3.4247    191102976
     60      60.00    -1.166054644204    -1.202665951990     0.036611307786     283.2378     3.5514    191102976
     70      70.00    -1.166052132921    -1.204903766985     0.038851634064     300.5697     3.6953    191102976
     80      80.00    -1.166048794316    -1.203624406040     0.037575611724     290.6979     3.4250    191102976
     90      90.00    -1.166048004903    -1.203815558312     0.037767553409     292.1829     3.2592    191102976
    100     100.00    -1.166049792314    -1.206862591607     0.040812799293     315.7419     3.3261    191102976
Mon Dec 28 17:28:15 2015: Ending simulation



Simulation Validation:
  Initial energy  : -1.166063303635
  Final energy    : -1.166049792314
  eFinal/eInitial : 0.999988
  Final atom count : 191102976, no atoms lost


Timings for Rank 0
        Timer        # Calls    Avg/Call (s)   Total (s)    % Loop
___________________________________________________________________
total                      1     172.6384      172.6384      101.52
loop                       1     170.0510      170.0510      100.00
timestep                  10      17.0049      170.0486      100.00
  position               100       0.0121        1.2112        0.71
  velocity               200       0.0098        1.9650        1.16
  redistribute           101       0.3726       37.6294       22.13
    atomHalo             101       0.3341       33.7470       19.85
  force                  101       1.2412      125.3637       73.72
commHalo                 303       0.1075       32.5846       19.16
commReduce                39       0.1509        5.8848        3.46

Timing Statistics Across 384 Ranks:
        Timer        Rank: Min(s)       Rank: Max(s)      Avg(s)    Stdev(s)
_____________________________________________________________________________
total              189:  172.5894      50:  172.6511    172.6453      0.0119
loop                 5:  170.0509     114:  170.0510    170.0510      0.0000
timestep             6:  170.0486     377:  170.0495    170.0491      0.0002
  position         173:    0.8754      68:    1.7017      1.1219      0.0968
  velocity          13:    1.3114      68:    2.6430      1.9402      0.1778
  redistribute     370:   32.6291     261:   39.0734     37.7271      0.9343
    atomHalo       370:   28.7604     109:   35.5104     33.9461      1.0832
  force             13:  124.5896      39:  132.0177    125.4027      0.9282
commHalo            68:   26.9644     109:   34.3763     32.7639      1.1689
commReduce         199:    4.2030     315:    6.5155      5.8624      0.3781

---------------------------------------------------
 Average atom update rate:       3.42 us/atom/task
---------------------------------------------------


---------------------------------------------------
 Average all atom update rate:   0.01 us/atom
---------------------------------------------------


---------------------------------------------------
 Average atom rate:            112.38 atoms/us
---------------------------------------------------

Mon Dec 28 17:28:15 2015: CoMD Ending

real 172.88
user 4011.06
sys 130.69
