Mon Dec 28 16:36:56 2015: Starting Initialization


Mini-Application Name    : CoMD-mpi
Mini-Application Version : 1.1
Platform:
  hostname: test-c16595bc-1016-4b8b-bbe3-01bc27f9c84c.novalocal
  kernel name: 'Linux'
  kernel release: '3.10.0-229.4.2.el7.x86_64'
  processor: 'x86_64'
Build:
  CC: '/usr/lib64/mpich/bin/mpicc'
  compiler version: 'cc (GCC) 4.8.3 20140911 (Red Hat 4.8.3-9)'
  CFLAGS: '-std=c99 -DDOUBLE -DDO_MPI -g -O5   '
  LDFLAGS: ' -lm '
  using MPI: true
  Threading: none
  Double Precision: true
Run Date/Time: 2015-12-28, 16:36:56

Command Line Parameters:
  doeam: 0
  potDir: pots
  potName: Cu_u6.eam
  potType: funcfl
  nx: 288
  ny: 288
  nz: 144
  xproc: 4
  yproc: 8
  zproc: 3
  Lattice constant: -1 Angstroms
  nSteps: 100
  printRate: 10
  Time step: 1 fs
  Initial Temperature: 600 K
  Initial Delta: 0 Angstroms

Simulation data: 
  Total atoms        : 47775744
  Min global bounds  : [   0.0000000000,   0.0000000000,   0.0000000000 ]
  Max global bounds  : [ 1041.1200000000, 1041.1200000000, 520.5600000000 ]

Decomposition data: 
  Processors         :      4,     8,     3
  Local boxes        :     44,    22,    29 =    28072
  Box size           : [   5.9154545455,   5.9154545455,   5.9834482759 ]
  Box factor         : [   1.0221087768,   1.0221087768,   1.0338571535 ] 
  Max Link Cell Occupancy: 32 of 64

Potential data: 
  Potential type   : Lennard-Jones
  Species name     : Cu
  Atomic number    : 29
  Mass             : 63.55 amu
  Lattice Type     : FCC
  Lattice spacing  : 3.615 Angstroms
  Cutoff           : 5.7875 Angstroms
  Epsilon          : 0.167 eV
  Sigma            : 2.315 Angstroms

Memory data: 
  Intrinsic atom footprint =   88 B/atom 
  Total atom footprint     = -86.500 MB ( 41.77 MB/node)
  Link cell atom footprint = 150.777 MB/node
  Link cell atom footprint = 183.820 MB/node (including halo cell data


Initial energy : -1.166063303635, atom count : 47775744 

Mon Dec 28 16:36:59 2015: Initialization Finished

Mon Dec 28 16:36:59 2015: Starting simulation

#                                                                                         Performance
#  Loop   Time(fs)       Total Energy   Potential Energy     Kinetic Energy  Temperature   (us/atom)     # Atoms
      0       0.00    -1.166063303635    -1.243619295235     0.077555991600     600.0000     0.0000     47775744
     10      10.00    -1.166059648385    -1.233154418541     0.067094770156     519.0684     2.7910     47775744
     20      20.00    -1.166048429555    -1.208172856271     0.042124426716     325.8891     2.9470     47775744
     30      30.00    -1.166037579552    -1.186574421118     0.020536841566     158.8801     2.8171     47775744
     40      40.00    -1.166042088391    -1.183621357039     0.017579268648     135.9993     2.9834     47775744
     50      50.00    -1.166051681932    -1.193717450331     0.027665768399     214.0320     2.8584     47775744
     60      60.00    -1.166054640360    -1.202668818304     0.036614177944     283.2600     2.8087     47775744
     70      70.00    -1.166052133769    -1.204922091127     0.038869957358     300.7114     2.8167     47775744
     80      80.00    -1.166048799604    -1.203654382409     0.037605582805     290.9298     2.9160     47775744
     90      90.00    -1.166048012593    -1.203846535070     0.037798522478     292.4225     2.9707     47775744
    100     100.00    -1.166049797799    -1.206881718934     0.040831921134     315.8899     2.8130     47775744
Mon Dec 28 16:39:22 2015: Ending simulation



Simulation Validation:
  Initial energy  : -1.166063303635
  Final energy    : -1.166049797799
  eFinal/eInitial : 0.999988
  Final atom count : 47775744, no atoms lost


Timings for Rank 0
        Timer        # Calls    Avg/Call (s)   Total (s)    % Loop
___________________________________________________________________
total                      1     145.1402      145.1402      101.54
loop                       1     142.9412      142.9412      100.00
timestep                  10      14.2940      142.9396      100.00
  position               100       0.0141        1.4139        0.99
  velocity               200       0.0150        2.9946        2.09
  redistribute           101       0.1406       14.2056        9.94
    atomHalo             101       0.0937        9.4606        6.62
  force                  101       1.2406      125.2964       87.66
commHalo                 303       0.0271        8.1963        5.73
commReduce                39       0.0175        0.6831        0.48

Timing Statistics Across 96 Ranks:
        Timer        Rank: Min(s)       Rank: Max(s)      Avg(s)    Stdev(s)
_____________________________________________________________________________
total               50:  145.1050       0:  145.1402    145.1333      0.0111
loop                 2:  142.9412      95:  142.9413    142.9412      0.0000
timestep             1:  142.9394      94:  142.9404    142.9398      0.0003
  position          24:    0.9026      73:    1.4673      1.1312      0.1276
  velocity          21:    1.4232       0:    2.9946      2.0307      0.3345
  redistribute      73:   11.2635      65:   16.2499     15.2420      0.6408
    atomHalo        73:    6.7751      65:   12.5693     11.4337      0.8059
  force             65:  124.6866      73:  128.4931    125.2126      0.5449
commHalo            73:    4.7657      29:   11.3722     10.1966      0.8557
commReduce           5:    0.4599      21:    1.5063      0.9850      0.3252

---------------------------------------------------
 Average atom update rate:       2.87 us/atom/task
---------------------------------------------------


---------------------------------------------------
 Average all atom update rate:   0.03 us/atom
---------------------------------------------------


---------------------------------------------------
 Average atom rate:             33.42 atoms/us
---------------------------------------------------

Mon Dec 28 16:39:22 2015: CoMD Ending

real 145.30
user 3447.72
sys 34.40
