      creating/filling mesh...0.0816059s, total time: 0.0816059
generating matrix structure...2.09759s, total time: 2.17919
         assembling FE data...3.32958s, total time: 5.50877
      imposing Dirichlet BC...0.508627s, total time: 6.0174
      imposing Dirichlet BC...0.0391102s, total time: 6.05651
making matrix indices local...0.994317s, total time: 7.05083
Starting CG solver ... 
Initial Residual = 928.454
Iteration = 20   Residual = 0.760612
Iteration = 40   Residual = 0.0342417
Iteration = 60   Residual = 0.0221406
Iteration = 80   Residual = 0.0161917
Iteration = 100   Residual = 0.143474
Iteration = 120   Residual = 0.0104745
Iteration = 140   Residual = 0.00874261
Iteration = 160   Residual = 0.00747958
Iteration = 180   Residual = 0.00650307
Iteration = 200   Residual = 0.0057274
Final Resid Norm: 0.0057274
real 67.21
user 1246.36
sys 354.47
