      creating/filling mesh...0.0657561s, total time: 0.0657561
generating matrix structure...1.89639s, total time: 1.96215
         assembling FE data...3.32128s, total time: 5.28343
      imposing Dirichlet BC...0.526871s, total time: 5.8103
      imposing Dirichlet BC...0.038909s, total time: 5.84921
making matrix indices local...0.848402s, total time: 6.69761
Starting CG solver ... 
Initial Residual = 656.837
Iteration = 20   Residual = 0.0955272
Iteration = 40   Residual = 0.0468263
Iteration = 60   Residual = 0.0306024
Iteration = 80   Residual = 0.0224984
Iteration = 100   Residual = 0.0176423
Iteration = 120   Residual = 0.0144097
Iteration = 140   Residual = 0.0121047
Iteration = 160   Residual = 0.0103792
Iteration = 180   Residual = 0.00903973
Iteration = 200   Residual = 0.00797034
Final Resid Norm: 0.00797034
real 79.56
user 1502.82
sys 373.00
