      creating/filling mesh...0.072144s, total time: 0.072144
generating matrix structure...1.80736s, total time: 1.8795
         assembling FE data...3.32011s, total time: 5.19961
      imposing Dirichlet BC...0.50781s, total time: 5.70742
      imposing Dirichlet BC...0.039151s, total time: 5.74657
making matrix indices local...0.949784s, total time: 6.69635
Starting CG solver ... 
Initial Residual = 464.73
Iteration = 20   Residual = 0.0662119
Iteration = 40   Residual = 0.0318145
Iteration = 60   Residual = 0.020377
Iteration = 80   Residual = 0.0146777
Iteration = 100   Residual = 0.011273
Iteration = 120   Residual = 0.00905943
Iteration = 140   Residual = 0.00854794
Iteration = 160   Residual = 0.0256261
Iteration = 180   Residual = 0.0539459
Iteration = 200   Residual = 0.016156
Final Resid Norm: 0.016156
real 59.75
user 1225.17
sys 194.71
