      creating/filling mesh...0.0786369s, total time: 0.0786369
generating matrix structure...1.85456s, total time: 1.9332
         assembling FE data...3.29169s, total time: 5.22488
      imposing Dirichlet BC...0.509319s, total time: 5.7342
      imposing Dirichlet BC...0.0391688s, total time: 5.77337
making matrix indices local...0.93047s, total time: 6.70384
Starting CG solver ... 
Initial Residual = 656.836
Iteration = 20   Residual = 0.0884182
Iteration = 40   Residual = 0.046202
Iteration = 60   Residual = 0.0765588
Iteration = 80   Residual = 0.0232523
Iteration = 100   Residual = 0.0172792
Iteration = 120   Residual = 0.0140157
Iteration = 140   Residual = 0.0118412
Iteration = 160   Residual = 0.0120409
Iteration = 180   Residual = 0.00881928
Iteration = 200   Residual = 0.00776062
Final Resid Norm: 0.00776062
real 63.94
user 1276.44
sys 247.78
