      creating/filling mesh...0.0664809s, total time: 0.0664821
generating matrix structure...1.52934s, total time: 1.59582
         assembling FE data...3.27938s, total time: 4.87521
      imposing Dirichlet BC...0.508688s, total time: 5.3839
      imposing Dirichlet BC...0.0391958s, total time: 5.42309
making matrix indices local...0.896026s, total time: 6.31912
Starting CG solver ... 
Initial Residual = 328.934
Iteration = 20   Residual = 0.530309
Iteration = 40   Residual = 0.0421271
Iteration = 60   Residual = 0.0260162
Iteration = 80   Residual = 0.0380579
Iteration = 100   Residual = 0.0147196
Iteration = 120   Residual = 0.0115025
Iteration = 140   Residual = 0.010997
Iteration = 160   Residual = 0.00779659
Iteration = 180   Residual = 0.00645927
Iteration = 200   Residual = 0.00546653
Final Resid Norm: 0.00546653
real 28.00
user 668.14
sys 3.43
