      creating/filling mesh...0.065115s, total time: 0.065115
generating matrix structure...1.82443s, total time: 1.88954
         assembling FE data...3.32331s, total time: 5.21285
      imposing Dirichlet BC...0.527975s, total time: 5.74083
      imposing Dirichlet BC...0.0389209s, total time: 5.77975
making matrix indices local...0.849145s, total time: 6.62889
Starting CG solver ... 
Initial Residual = 656.837
Iteration = 20   Residual = 0.0955272
Iteration = 40   Residual = 0.0468263
Iteration = 60   Residual = 0.0306024
Iteration = 80   Residual = 0.0224984
Iteration = 100   Residual = 0.0176423
Iteration = 120   Residual = 0.0144097
Iteration = 140   Residual = 0.0121047
Iteration = 160   Residual = 0.0103792
Iteration = 180   Residual = 0.00903973
Iteration = 200   Residual = 0.00797034
Final Resid Norm: 0.00797034
real 79.13
user 1495.23
sys 372.98
