      creating/filling mesh...0.105021s, total time: 0.105021
generating matrix structure...1.61787s, total time: 1.72289
         assembling FE data...3.28032s, total time: 5.00321
      imposing Dirichlet BC...0.50853s, total time: 5.51174
      imposing Dirichlet BC...0.039171s, total time: 5.55091
making matrix indices local...0.897541s, total time: 6.44845
Starting CG solver ... 
Initial Residual = 328.934
Iteration = 20   Residual = 0.530309
Iteration = 40   Residual = 0.0421271
Iteration = 60   Residual = 0.0260162
Iteration = 80   Residual = 0.0380579
Iteration = 100   Residual = 0.0147196
Iteration = 120   Residual = 0.0115025
Iteration = 140   Residual = 0.010997
Iteration = 160   Residual = 0.00779659
Iteration = 180   Residual = 0.00645927
Iteration = 200   Residual = 0.00546653
Final Resid Norm: 0.00546653
real 29.68
user 706.09
sys 3.64
