      creating/filling mesh...0.0793059s, total time: 0.0793068
generating matrix structure...2.05507s, total time: 2.13438
         assembling FE data...3.38503s, total time: 5.5194
      imposing Dirichlet BC...0.508458s, total time: 6.02786
      imposing Dirichlet BC...0.0394182s, total time: 6.06728
making matrix indices local...0.913015s, total time: 6.98029
Starting CG solver ... 
Initial Residual = 928.454
Iteration = 20   Residual = 0.760612
Iteration = 40   Residual = 0.0342417
Iteration = 60   Residual = 0.0221406
Iteration = 80   Residual = 0.0161917
Iteration = 100   Residual = 0.143474
Iteration = 120   Residual = 0.0104745
Iteration = 140   Residual = 0.00874261
Iteration = 160   Residual = 0.00747958
Iteration = 180   Residual = 0.00650307
Iteration = 200   Residual = 0.0057274
Final Resid Norm: 0.0057274
real 68.01
user 1256.01
sys 354.48
