      creating/filling mesh...0.067559s, total time: 0.067559
generating matrix structure...1.81392s, total time: 1.88148
         assembling FE data...3.31424s, total time: 5.19572
      imposing Dirichlet BC...0.526725s, total time: 5.72245
      imposing Dirichlet BC...0.0388782s, total time: 5.76133
making matrix indices local...0.832181s, total time: 6.59351
Starting CG solver ... 
Initial Residual = 656.837
Iteration = 20   Residual = 0.0955272
Iteration = 40   Residual = 0.0468263
Iteration = 60   Residual = 0.0306024
Iteration = 80   Residual = 0.0224984
Iteration = 100   Residual = 0.0176423
Iteration = 120   Residual = 0.0144097
Iteration = 140   Residual = 0.0121047
Iteration = 160   Residual = 0.0103792
Iteration = 180   Residual = 0.00903973
Iteration = 200   Residual = 0.00797034
Final Resid Norm: 0.00797034
real 80.25
user 1509.91
sys 385.10
