      creating/filling mesh...0.0684409s, total time: 0.0684409
generating matrix structure...1.66326s, total time: 1.7317
         assembling FE data...3.29186s, total time: 5.02356
      imposing Dirichlet BC...0.509092s, total time: 5.53265
      imposing Dirichlet BC...0.0391729s, total time: 5.57182
making matrix indices local...0.935199s, total time: 6.50702
Starting CG solver ... 
Initial Residual = 656.836
Iteration = 20   Residual = 0.0884182
Iteration = 40   Residual = 0.046202
Iteration = 60   Residual = 0.0765588
Iteration = 80   Residual = 0.0232523
Iteration = 100   Residual = 0.0172792
Iteration = 120   Residual = 0.0140157
Iteration = 140   Residual = 0.0118412
Iteration = 160   Residual = 0.0120409
Iteration = 180   Residual = 0.00881928
Iteration = 200   Residual = 0.00776062
Final Resid Norm: 0.00776062
real 62.57
user 1241.40
sys 244.99
