      creating/filling mesh...0.070195s, total time: 0.070195
generating matrix structure...2.19528s, total time: 2.26547
         assembling FE data...3.34355s, total time: 5.60903
      imposing Dirichlet BC...0.508438s, total time: 6.11747
      imposing Dirichlet BC...0.039191s, total time: 6.15666
making matrix indices local...0.923922s, total time: 7.08058
Starting CG solver ... 
Initial Residual = 928.454
Iteration = 20   Residual = 0.760612
Iteration = 40   Residual = 0.0342417
Iteration = 60   Residual = 0.0221406
Iteration = 80   Residual = 0.0161917
Iteration = 100   Residual = 0.143474
Iteration = 120   Residual = 0.0104745
Iteration = 140   Residual = 0.00874261
Iteration = 160   Residual = 0.00747958
Iteration = 180   Residual = 0.00650307
Iteration = 200   Residual = 0.0057274
Final Resid Norm: 0.0057274
real 68.10
user 1247.52
sys 359.96
