      creating/filling mesh...0.108834s, total time: 0.108834
generating matrix structure...1.49598s, total time: 1.60481
         assembling FE data...3.32647s, total time: 4.93128
      imposing Dirichlet BC...0.526658s, total time: 5.45794
      imposing Dirichlet BC...0.0388911s, total time: 5.49683
making matrix indices local...0.812344s, total time: 6.30918
Starting CG solver ... 
Initial Residual = 328.937
Iteration = 20   Residual = 0.0935226
Iteration = 40   Residual = 0.0434758
Iteration = 60   Residual = 0.028646
Iteration = 80   Residual = 0.020005
Iteration = 100   Residual = 0.0153602
Iteration = 120   Residual = 0.0122445
Iteration = 140   Residual = 0.00998511
Iteration = 160   Residual = 0.00891977
Iteration = 180   Residual = 0.00708324
Iteration = 200   Residual = 0.0329312
Final Resid Norm: 0.0329312
real 58.07
user 1222.68
sys 152.97
