      creating/filling mesh...0.0752568s, total time: 0.0752568
generating matrix structure...1.6965s, total time: 1.77175
         assembling FE data...3.31669s, total time: 5.08845
      imposing Dirichlet BC...0.52694s, total time: 5.61539
      imposing Dirichlet BC...0.0389171s, total time: 5.6543
making matrix indices local...0.82922s, total time: 6.48352
Starting CG solver ... 
Initial Residual = 656.837
Iteration = 20   Residual = 0.0955272
Iteration = 40   Residual = 0.0468263
Iteration = 60   Residual = 0.0306024
Iteration = 80   Residual = 0.0224984
Iteration = 100   Residual = 0.0176423
Iteration = 120   Residual = 0.0144097
Iteration = 140   Residual = 0.0121047
Iteration = 160   Residual = 0.0103792
Iteration = 180   Residual = 0.00903973
Iteration = 200   Residual = 0.00797034
Final Resid Norm: 0.00797034
real 80.09
user 1507.93
sys 376.84
