      creating/filling mesh...0.064687s, total time: 0.064687
generating matrix structure...1.75956s, total time: 1.82425
         assembling FE data...3.31517s, total time: 5.13942
      imposing Dirichlet BC...0.527573s, total time: 5.66699
      imposing Dirichlet BC...0.0390439s, total time: 5.70603
making matrix indices local...0.829596s, total time: 6.53563
Starting CG solver ... 
Initial Residual = 656.837
Iteration = 20   Residual = 0.0955272
Iteration = 40   Residual = 0.0468263
Iteration = 60   Residual = 0.0306024
Iteration = 80   Residual = 0.0224984
Iteration = 100   Residual = 0.0176423
Iteration = 120   Residual = 0.0144097
Iteration = 140   Residual = 0.0121047
Iteration = 160   Residual = 0.0103792
Iteration = 180   Residual = 0.00903973
Iteration = 200   Residual = 0.00797034
Final Resid Norm: 0.00797034
real 79.42
user 1491.98
sys 382.57
