Mon Dec 31 20:43:30 2007: Starting Initialization


Mini-Application Name    : CoMD-mpi
Mini-Application Version : 1.1
Platform:
  hostname: localhost.localdomain
  kernel name: 'Linux'
  kernel release: '3.10.0-229.el7.x86_64'
  processor: 'x86_64'
Build:
  CC: '/usr/lib64/mpich/bin/mpicc'
  compiler version: 'cc (GCC) 4.8.5 20150623 (Red Hat 4.8.5-4)'
  CFLAGS: '-std=c99 -DDOUBLE -DDO_MPI -g -O5   '
  LDFLAGS: ' -lm '
  using MPI: true
  Threading: none
  Double Precision: true
Run Date/Time: 2007-12-31, 20:43:30

Command Line Parameters:
  doeam: 0
  potDir: pots
  potName: Cu_u6.eam
  potType: funcfl
  nx: 288
  ny: 288
  nz: 144
  xproc: 4
  yproc: 8
  zproc: 3
  Lattice constant: -1 Angstroms
  nSteps: 100
  printRate: 10
  Time step: 1 fs
  Initial Temperature: 600 K
  Initial Delta: 0 Angstroms

Simulation data: 
  Total atoms        : 47775744
  Min global bounds  : [   0.0000000000,   0.0000000000,   0.0000000000 ]
  Max global bounds  : [ 1041.1200000000, 1041.1200000000, 520.5600000000 ]

Decomposition data: 
  Processors         :      4,     8,     3
  Local boxes        :     44,    22,    29 =    28072
  Box size           : [   5.9154545455,   5.9154545455,   5.9834482759 ]
  Box factor         : [   1.0221087768,   1.0221087768,   1.0338571535 ] 
  Max Link Cell Occupancy: 32 of 64

Potential data: 
  Potential type   : Lennard-Jones
  Species name     : Cu
  Atomic number    : 29
  Mass             : 63.55 amu
  Lattice Type     : FCC
  Lattice spacing  : 3.615 Angstroms
  Cutoff           : 5.7875 Angstroms
  Epsilon          : 0.167 eV
  Sigma            : 2.315 Angstroms

Memory data: 
  Intrinsic atom footprint =   88 B/atom 
  Total atom footprint     = -86.500 MB ( 41.77 MB/node)
  Link cell atom footprint = 150.777 MB/node
  Link cell atom footprint = 183.820 MB/node (including halo cell data


Initial energy : -1.166063303635, atom count : 47775744 

Mon Dec 31 20:43:34 2007: Initialization Finished

Mon Dec 31 20:43:34 2007: Starting simulation

#                                                                                         Performance
#  Loop   Time(fs)       Total Energy   Potential Energy     Kinetic Energy  Temperature   (us/atom)     # Atoms
      0       0.00    -1.166063303635    -1.243619295235     0.077555991600     600.0000     0.0000     47775744
     10      10.00    -1.166059648385    -1.233154418541     0.067094770156     519.0684     3.3932     47775744
     20      20.00    -1.166048429555    -1.208172856271     0.042124426716     325.8891     3.4244     47775744
     30      30.00    -1.166037579552    -1.186574421118     0.020536841566     158.8801     3.3738     47775744
     40      40.00    -1.166042088391    -1.183621357039     0.017579268648     135.9993     3.3382     47775744
     50      50.00    -1.166051681932    -1.193717450331     0.027665768399     214.0320     3.3549     47775744
     60      60.00    -1.166054640360    -1.202668818304     0.036614177944     283.2600     3.4342     47775744
     70      70.00    -1.166052133769    -1.204922091127     0.038869957358     300.7114     3.4413     47775744
     80      80.00    -1.166048799604    -1.203654382409     0.037605582805     290.9298     3.3383     47775744
     90      90.00    -1.166048012593    -1.203846535070     0.037798522478     292.4225     3.3122     47775744
    100     100.00    -1.166049797799    -1.206881718934     0.040831921134     315.8899     3.4281     47775744
Mon Dec 31 20:46:23 2007: Ending simulation



Simulation Validation:
  Initial energy  : -1.166063303635
  Final energy    : -1.166049797799
  eFinal/eInitial : 0.999988
  Final atom count : 47775744, no atoms lost


Timings for Rank 0
        Timer        # Calls    Avg/Call (s)   Total (s)    % Loop
___________________________________________________________________
total                      1     173.1146      173.1146      102.73
loop                       1     168.5096      168.5096      100.00
timestep                  10      16.8402      168.4025       99.94
  position               100       0.0135        1.3523        0.80
  velocity               200       0.0119        2.3813        1.41
  redistribute           101       0.3349       33.8281       20.07
    atomHalo             101       0.2918       29.4754       17.49
  force                  101       1.2834      129.6274       76.93
commHalo                 303       0.0919       27.8591       16.53
commReduce                39       0.0688        2.6823        1.59

Timing Statistics Across 96 Ranks:
        Timer        Rank: Min(s)       Rank: Max(s)      Avg(s)    Stdev(s)
_____________________________________________________________________________
total               94:  172.0440      88:  174.1100    173.1101      0.5812
loop                94:  168.1890      49:  168.5280    168.5006      0.0538
timestep            94:  168.0827      30:  168.4081    168.2574      0.1334
  position          37:    1.1259       3:    3.9430      2.4923      1.1093
  velocity          44:    1.7032      84:    7.5980      4.5462      2.2078
  redistribute      65:   22.2321      20:   33.9573     28.1447      4.9647
    atomHalo        39:   11.5130      20:   29.6063     20.6586      8.0001
  force             28:  129.4110      73:  136.3380    132.7966      2.3871
commHalo            92:    8.1550      16:   27.9715     18.1527      8.7169
commReduce          72:    1.2105      87:    4.5450      3.0454      0.9456

---------------------------------------------------
 Average atom update rate:       3.38 us/atom/task
---------------------------------------------------


---------------------------------------------------
 Average all atom update rate:   0.04 us/atom
---------------------------------------------------


---------------------------------------------------
 Average atom rate:             28.39 atoms/us
---------------------------------------------------

Mon Dec 31 20:46:24 2007: CoMD Ending

real 177.63
user 4121.31
sys 75.40
