      creating/filling mesh...1.229s, total time: 1.229
generating matrix structure...2.479s, total time: 3.708
         assembling FE data...3.418s, total time: 7.126
      imposing Dirichlet BC...0.55s, total time: 7.676
      imposing Dirichlet BC...0.046s, total time: 7.722
making matrix indices local...3.254s, total time: 10.976
Starting CG solver ... 
Initial Residual = 464.73
Iteration = 20   Residual = 0.0662119
Iteration = 40   Residual = 0.0318145
Iteration = 60   Residual = 0.020377
Iteration = 80   Residual = 0.0146777
Iteration = 100   Residual = 0.011273
Iteration = 120   Residual = 0.00905943
Iteration = 140   Residual = 0.00854794
Iteration = 160   Residual = 0.0256261
Iteration = 180   Residual = 0.0539459
Iteration = 200   Residual = 0.016156
Final Resid Norm: 0.016156
real 95.33
user 2068.53
sys 148.21
