      creating/filling mesh...1.498s, total time: 1.498
generating matrix structure...6.471s, total time: 7.969
         assembling FE data...3.377s, total time: 11.346
      imposing Dirichlet BC...0.564s, total time: 11.91
      imposing Dirichlet BC...0.046s, total time: 11.956
making matrix indices local...4.143s, total time: 16.099
Starting CG solver ... 
Initial Residual = 656.836
Iteration = 20   Residual = 0.0884182
Iteration = 40   Residual = 0.046202
Iteration = 60   Residual = 0.0765588
Iteration = 80   Residual = 0.0232523
Iteration = 100   Residual = 0.0172792
Iteration = 120   Residual = 0.0140157
Iteration = 140   Residual = 0.0118412
Iteration = 160   Residual = 0.0120409
Iteration = 180   Residual = 0.00881928
Iteration = 200   Residual = 0.00776062
Final Resid Norm: 0.00776062
real 106.51
user 2185.50
sys 271.51
